[2024-05-24T08:24:03.277+0000] {local_task_job_runner.py:120} INFO - ::group::Pre task execution logs
[2024-05-24T08:24:03.292+0000] {taskinstance.py:2076} INFO - Dependencies all met for dep_context=non-requeueable deps ti=<TaskInstance: our_first_dag.first_task scheduled__2024-05-14T00:00:00+00:00 [queued]>
[2024-05-24T08:24:03.296+0000] {taskinstance.py:2076} INFO - Dependencies all met for dep_context=requeueable deps ti=<TaskInstance: our_first_dag.first_task scheduled__2024-05-14T00:00:00+00:00 [queued]>
[2024-05-24T08:24:03.297+0000] {taskinstance.py:2306} INFO - Starting attempt 1 of 6
[2024-05-24T08:24:03.312+0000] {taskinstance.py:2330} INFO - Executing <Task(BashOperator): first_task> on 2024-05-14 00:00:00+00:00
[2024-05-24T08:24:03.316+0000] {standard_task_runner.py:90} INFO - Running: ['***', 'tasks', 'run', 'our_first_dag', 'first_task', 'scheduled__2024-05-14T00:00:00+00:00', '--job-id', '4', '--raw', '--subdir', 'DAGS_FOLDER/our_first_dag.py', '--cfg-path', '/tmp/tmpdlejs6q0']
[2024-05-24T08:24:03.318+0000] {standard_task_runner.py:91} INFO - Job 4: Subtask first_task
[2024-05-24T08:24:03.318+0000] {logging_mixin.py:188} WARNING - /home/***/.local/lib/python3.12/site-packages/***/task/task_runner/standard_task_runner.py:61 DeprecationWarning: This process (pid=947) is multi-threaded, use of fork() may lead to deadlocks in the child.
[2024-05-24T08:24:03.319+0000] {standard_task_runner.py:63} INFO - Started process 951 to run task
[2024-05-24T08:24:03.347+0000] {task_command.py:426} INFO - Running <TaskInstance: our_first_dag.first_task scheduled__2024-05-14T00:00:00+00:00 [running]> on host 6bbd6353fbe6
[2024-05-24T08:24:03.402+0000] {taskinstance.py:2648} INFO - Exporting env vars: AIRFLOW_CTX_DAG_OWNER='gauti' AIRFLOW_CTX_DAG_ID='our_first_dag' AIRFLOW_CTX_TASK_ID='first_task' AIRFLOW_CTX_EXECUTION_DATE='2024-05-14T00:00:00+00:00' AIRFLOW_CTX_TRY_NUMBER='1' AIRFLOW_CTX_DAG_RUN_ID='scheduled__2024-05-14T00:00:00+00:00'
[2024-05-24T08:24:03.403+0000] {taskinstance.py:430} INFO - ::endgroup::
[2024-05-24T08:24:03.411+0000] {subprocess.py:63} INFO - Tmp dir root location: /tmp
[2024-05-24T08:24:03.412+0000] {subprocess.py:75} INFO - Running command: ['/usr/bin/bash', '-c', 'echo hello everyone, this is our first task!!!']
[2024-05-24T08:24:03.417+0000] {subprocess.py:86} INFO - Output:
[2024-05-24T08:24:03.418+0000] {subprocess.py:93} INFO - hello everyone, this is our first task!!!
[2024-05-24T08:24:03.419+0000] {subprocess.py:97} INFO - Command exited with return code 0
[2024-05-24T08:24:03.419+0000] {taskinstance.py:441} INFO - ::group::Post task execution logs
[2024-05-24T08:24:03.435+0000] {taskinstance.py:1206} INFO - Marking task as SUCCESS. dag_id=our_first_dag, task_id=first_task, run_id=scheduled__2024-05-14T00:00:00+00:00, execution_date=20240514T000000, start_date=20240524T082403, end_date=20240524T082403
[2024-05-24T08:24:03.458+0000] {local_task_job_runner.py:240} INFO - Task exited with return code 0
[2024-05-24T08:24:03.466+0000] {local_task_job_runner.py:222} INFO - ::endgroup::
