[2024-05-26T00:10:24.838+0000] {processor.py:161} INFO - Started process (PID=9594) to work on /opt/airflow/dags/create_dag_python_operator_2.py
[2024-05-26T00:10:24.839+0000] {processor.py:830} INFO - Processing file /opt/airflow/dags/create_dag_python_operator_2.py for tasks to queue
[2024-05-26T00:10:24.839+0000] {logging_mixin.py:188} INFO - [2024-05-26T00:10:24.839+0000] {dagbag.py:545} INFO - Filling up the DagBag from /opt/airflow/dags/create_dag_python_operator_2.py
[2024-05-26T00:10:24.847+0000] {processor.py:840} INFO - DAG(s) 'dag_python_operator_v05' retrieved from /opt/airflow/dags/create_dag_python_operator_2.py
[2024-05-26T00:10:24.861+0000] {logging_mixin.py:188} INFO - [2024-05-26T00:10:24.860+0000] {dag.py:3096} INFO - Sync 1 DAGs
[2024-05-26T00:10:24.870+0000] {logging_mixin.py:188} INFO - [2024-05-26T00:10:24.869+0000] {dag.py:3954} INFO - Setting next_dagrun for dag_python_operator_v05 to 2024-05-22 00:00:00+00:00, run_after=2024-05-23 00:00:00+00:00
[2024-05-26T00:10:24.876+0000] {processor.py:183} INFO - Processing /opt/airflow/dags/create_dag_python_operator_2.py took 0.042 seconds
[2024-05-26T00:25:55.313+0000] {processor.py:161} INFO - Started process (PID=9615) to work on /opt/airflow/dags/create_dag_python_operator_2.py
[2024-05-26T00:25:55.314+0000] {processor.py:830} INFO - Processing file /opt/airflow/dags/create_dag_python_operator_2.py for tasks to queue
[2024-05-26T00:25:55.314+0000] {logging_mixin.py:188} INFO - [2024-05-26T00:25:55.314+0000] {dagbag.py:545} INFO - Filling up the DagBag from /opt/airflow/dags/create_dag_python_operator_2.py
[2024-05-26T00:25:55.323+0000] {processor.py:840} INFO - DAG(s) 'dag_python_operator_v05' retrieved from /opt/airflow/dags/create_dag_python_operator_2.py
[2024-05-26T00:25:55.338+0000] {logging_mixin.py:188} INFO - [2024-05-26T00:25:55.337+0000] {dag.py:3096} INFO - Sync 1 DAGs
[2024-05-26T00:25:55.348+0000] {logging_mixin.py:188} INFO - [2024-05-26T00:25:55.348+0000] {dag.py:3954} INFO - Setting next_dagrun for dag_python_operator_v05 to 2024-05-22 00:00:00+00:00, run_after=2024-05-23 00:00:00+00:00
[2024-05-26T00:25:55.355+0000] {processor.py:183} INFO - Processing /opt/airflow/dags/create_dag_python_operator_2.py took 0.048 seconds
[2024-05-26T00:39:00.954+0000] {processor.py:161} INFO - Started process (PID=9635) to work on /opt/airflow/dags/create_dag_python_operator_2.py
[2024-05-26T00:39:00.954+0000] {processor.py:830} INFO - Processing file /opt/airflow/dags/create_dag_python_operator_2.py for tasks to queue
[2024-05-26T00:39:00.955+0000] {logging_mixin.py:188} INFO - [2024-05-26T00:39:00.955+0000] {dagbag.py:545} INFO - Filling up the DagBag from /opt/airflow/dags/create_dag_python_operator_2.py
[2024-05-26T00:39:00.964+0000] {processor.py:840} INFO - DAG(s) 'dag_python_operator_v05' retrieved from /opt/airflow/dags/create_dag_python_operator_2.py
[2024-05-26T00:39:00.978+0000] {logging_mixin.py:188} INFO - [2024-05-26T00:39:00.978+0000] {dag.py:3096} INFO - Sync 1 DAGs
[2024-05-26T00:39:00.988+0000] {logging_mixin.py:188} INFO - [2024-05-26T00:39:00.987+0000] {dag.py:3954} INFO - Setting next_dagrun for dag_python_operator_v05 to 2024-05-22 00:00:00+00:00, run_after=2024-05-23 00:00:00+00:00
[2024-05-26T00:39:00.995+0000] {processor.py:183} INFO - Processing /opt/airflow/dags/create_dag_python_operator_2.py took 0.046 seconds
[2024-05-26T00:54:31.442+0000] {processor.py:161} INFO - Started process (PID=9656) to work on /opt/airflow/dags/create_dag_python_operator_2.py
[2024-05-26T00:54:31.443+0000] {processor.py:830} INFO - Processing file /opt/airflow/dags/create_dag_python_operator_2.py for tasks to queue
[2024-05-26T00:54:31.443+0000] {logging_mixin.py:188} INFO - [2024-05-26T00:54:31.443+0000] {dagbag.py:545} INFO - Filling up the DagBag from /opt/airflow/dags/create_dag_python_operator_2.py
[2024-05-26T00:54:31.451+0000] {processor.py:840} INFO - DAG(s) 'dag_python_operator_v05' retrieved from /opt/airflow/dags/create_dag_python_operator_2.py
[2024-05-26T00:54:31.465+0000] {logging_mixin.py:188} INFO - [2024-05-26T00:54:31.465+0000] {dag.py:3096} INFO - Sync 1 DAGs
[2024-05-26T00:54:31.474+0000] {logging_mixin.py:188} INFO - [2024-05-26T00:54:31.474+0000] {dag.py:3954} INFO - Setting next_dagrun for dag_python_operator_v05 to 2024-05-22 00:00:00+00:00, run_after=2024-05-23 00:00:00+00:00
[2024-05-26T00:54:31.481+0000] {processor.py:183} INFO - Processing /opt/airflow/dags/create_dag_python_operator_2.py took 0.045 seconds
[2024-05-26T01:16:39.466+0000] {processor.py:161} INFO - Started process (PID=9677) to work on /opt/airflow/dags/create_dag_python_operator_2.py
[2024-05-26T01:16:39.467+0000] {processor.py:830} INFO - Processing file /opt/airflow/dags/create_dag_python_operator_2.py for tasks to queue
[2024-05-26T01:16:39.468+0000] {logging_mixin.py:188} INFO - [2024-05-26T01:16:39.467+0000] {dagbag.py:545} INFO - Filling up the DagBag from /opt/airflow/dags/create_dag_python_operator_2.py
[2024-05-26T01:16:39.476+0000] {processor.py:840} INFO - DAG(s) 'dag_python_operator_v05' retrieved from /opt/airflow/dags/create_dag_python_operator_2.py
[2024-05-26T01:16:39.491+0000] {logging_mixin.py:188} INFO - [2024-05-26T01:16:39.491+0000] {dag.py:3096} INFO - Sync 1 DAGs
[2024-05-26T01:16:39.501+0000] {logging_mixin.py:188} INFO - [2024-05-26T01:16:39.501+0000] {dag.py:3954} INFO - Setting next_dagrun for dag_python_operator_v05 to 2024-05-22 00:00:00+00:00, run_after=2024-05-23 00:00:00+00:00
[2024-05-26T01:16:39.507+0000] {processor.py:183} INFO - Processing /opt/airflow/dags/create_dag_python_operator_2.py took 0.046 seconds
[2024-05-26T01:32:08.968+0000] {processor.py:161} INFO - Started process (PID=9698) to work on /opt/airflow/dags/create_dag_python_operator_2.py
[2024-05-26T01:32:08.968+0000] {processor.py:830} INFO - Processing file /opt/airflow/dags/create_dag_python_operator_2.py for tasks to queue
[2024-05-26T01:32:08.968+0000] {logging_mixin.py:188} INFO - [2024-05-26T01:32:08.968+0000] {dagbag.py:545} INFO - Filling up the DagBag from /opt/airflow/dags/create_dag_python_operator_2.py
[2024-05-26T01:32:08.975+0000] {processor.py:840} INFO - DAG(s) 'dag_python_operator_v05' retrieved from /opt/airflow/dags/create_dag_python_operator_2.py
[2024-05-26T01:32:08.987+0000] {logging_mixin.py:188} INFO - [2024-05-26T01:32:08.987+0000] {dag.py:3096} INFO - Sync 1 DAGs
[2024-05-26T01:32:09.240+0000] {logging_mixin.py:188} INFO - [2024-05-26T01:32:09.240+0000] {dag.py:3954} INFO - Setting next_dagrun for dag_python_operator_v05 to 2024-05-22 00:00:00+00:00, run_after=2024-05-23 00:00:00+00:00
[2024-05-26T01:32:09.342+0000] {processor.py:183} INFO - Processing /opt/airflow/dags/create_dag_python_operator_2.py took 0.378 seconds
[2024-05-26T01:55:10.357+0000] {processor.py:161} INFO - Started process (PID=9719) to work on /opt/airflow/dags/create_dag_python_operator_2.py
[2024-05-26T01:55:10.358+0000] {processor.py:830} INFO - Processing file /opt/airflow/dags/create_dag_python_operator_2.py for tasks to queue
[2024-05-26T01:55:10.358+0000] {logging_mixin.py:188} INFO - [2024-05-26T01:55:10.358+0000] {dagbag.py:545} INFO - Filling up the DagBag from /opt/airflow/dags/create_dag_python_operator_2.py
[2024-05-26T01:55:10.367+0000] {processor.py:840} INFO - DAG(s) 'dag_python_operator_v05' retrieved from /opt/airflow/dags/create_dag_python_operator_2.py
[2024-05-26T01:55:10.382+0000] {logging_mixin.py:188} INFO - [2024-05-26T01:55:10.382+0000] {dag.py:3096} INFO - Sync 1 DAGs
[2024-05-26T01:55:10.391+0000] {logging_mixin.py:188} INFO - [2024-05-26T01:55:10.391+0000] {dag.py:3954} INFO - Setting next_dagrun for dag_python_operator_v05 to 2024-05-22 00:00:00+00:00, run_after=2024-05-23 00:00:00+00:00
[2024-05-26T01:55:10.399+0000] {processor.py:183} INFO - Processing /opt/airflow/dags/create_dag_python_operator_2.py took 0.048 seconds
[2024-05-26T02:25:40.998+0000] {processor.py:161} INFO - Started process (PID=9740) to work on /opt/airflow/dags/create_dag_python_operator_2.py
[2024-05-26T02:25:40.998+0000] {processor.py:830} INFO - Processing file /opt/airflow/dags/create_dag_python_operator_2.py for tasks to queue
[2024-05-26T02:25:40.999+0000] {logging_mixin.py:188} INFO - [2024-05-26T02:25:40.999+0000] {dagbag.py:545} INFO - Filling up the DagBag from /opt/airflow/dags/create_dag_python_operator_2.py
[2024-05-26T02:25:41.007+0000] {processor.py:840} INFO - DAG(s) 'dag_python_operator_v05' retrieved from /opt/airflow/dags/create_dag_python_operator_2.py
[2024-05-26T02:25:41.021+0000] {logging_mixin.py:188} INFO - [2024-05-26T02:25:41.021+0000] {dag.py:3096} INFO - Sync 1 DAGs
[2024-05-26T02:25:41.030+0000] {logging_mixin.py:188} INFO - [2024-05-26T02:25:41.030+0000] {dag.py:3954} INFO - Setting next_dagrun for dag_python_operator_v05 to 2024-05-22 00:00:00+00:00, run_after=2024-05-23 00:00:00+00:00
[2024-05-26T02:25:41.037+0000] {processor.py:183} INFO - Processing /opt/airflow/dags/create_dag_python_operator_2.py took 0.044 seconds
[2024-05-26T02:35:06.460+0000] {processor.py:161} INFO - Started process (PID=9760) to work on /opt/airflow/dags/create_dag_python_operator_2.py
[2024-05-26T02:35:06.461+0000] {processor.py:830} INFO - Processing file /opt/airflow/dags/create_dag_python_operator_2.py for tasks to queue
[2024-05-26T02:35:06.462+0000] {logging_mixin.py:188} INFO - [2024-05-26T02:35:06.462+0000] {dagbag.py:545} INFO - Filling up the DagBag from /opt/airflow/dags/create_dag_python_operator_2.py
[2024-05-26T02:35:06.473+0000] {processor.py:840} INFO - DAG(s) 'dag_python_operator_v05' retrieved from /opt/airflow/dags/create_dag_python_operator_2.py
[2024-05-26T02:35:06.489+0000] {logging_mixin.py:188} INFO - [2024-05-26T02:35:06.489+0000] {dag.py:3096} INFO - Sync 1 DAGs
[2024-05-26T02:35:06.499+0000] {logging_mixin.py:188} INFO - [2024-05-26T02:35:06.499+0000] {dag.py:3954} INFO - Setting next_dagrun for dag_python_operator_v05 to 2024-05-22 00:00:00+00:00, run_after=2024-05-23 00:00:00+00:00
[2024-05-26T02:35:06.506+0000] {processor.py:183} INFO - Processing /opt/airflow/dags/create_dag_python_operator_2.py took 0.053 seconds
[2024-05-26T02:52:50.495+0000] {processor.py:161} INFO - Started process (PID=9781) to work on /opt/airflow/dags/create_dag_python_operator_2.py
[2024-05-26T02:52:50.496+0000] {processor.py:830} INFO - Processing file /opt/airflow/dags/create_dag_python_operator_2.py for tasks to queue
[2024-05-26T02:52:50.497+0000] {logging_mixin.py:188} INFO - [2024-05-26T02:52:50.496+0000] {dagbag.py:545} INFO - Filling up the DagBag from /opt/airflow/dags/create_dag_python_operator_2.py
[2024-05-26T02:52:50.504+0000] {processor.py:840} INFO - DAG(s) 'dag_python_operator_v05' retrieved from /opt/airflow/dags/create_dag_python_operator_2.py
[2024-05-26T02:52:50.519+0000] {logging_mixin.py:188} INFO - [2024-05-26T02:52:50.519+0000] {dag.py:3096} INFO - Sync 1 DAGs
[2024-05-26T02:52:50.529+0000] {logging_mixin.py:188} INFO - [2024-05-26T02:52:50.528+0000] {dag.py:3954} INFO - Setting next_dagrun for dag_python_operator_v05 to 2024-05-22 00:00:00+00:00, run_after=2024-05-23 00:00:00+00:00
[2024-05-26T02:52:50.536+0000] {processor.py:183} INFO - Processing /opt/airflow/dags/create_dag_python_operator_2.py took 0.047 seconds
[2024-05-26T03:08:19.980+0000] {processor.py:161} INFO - Started process (PID=9801) to work on /opt/airflow/dags/create_dag_python_operator_2.py
[2024-05-26T03:08:19.981+0000] {processor.py:830} INFO - Processing file /opt/airflow/dags/create_dag_python_operator_2.py for tasks to queue
[2024-05-26T03:08:19.981+0000] {logging_mixin.py:188} INFO - [2024-05-26T03:08:19.981+0000] {dagbag.py:545} INFO - Filling up the DagBag from /opt/airflow/dags/create_dag_python_operator_2.py
[2024-05-26T03:08:19.988+0000] {processor.py:840} INFO - DAG(s) 'dag_python_operator_v05' retrieved from /opt/airflow/dags/create_dag_python_operator_2.py
[2024-05-26T03:08:20.001+0000] {logging_mixin.py:188} INFO - [2024-05-26T03:08:20.000+0000] {dag.py:3096} INFO - Sync 1 DAGs
[2024-05-26T03:08:20.009+0000] {logging_mixin.py:188} INFO - [2024-05-26T03:08:20.009+0000] {dag.py:3954} INFO - Setting next_dagrun for dag_python_operator_v05 to 2024-05-22 00:00:00+00:00, run_after=2024-05-23 00:00:00+00:00
[2024-05-26T03:08:20.015+0000] {processor.py:183} INFO - Processing /opt/airflow/dags/create_dag_python_operator_2.py took 0.039 seconds
[2024-05-26T03:23:50.452+0000] {processor.py:161} INFO - Started process (PID=9822) to work on /opt/airflow/dags/create_dag_python_operator_2.py
[2024-05-26T03:23:50.452+0000] {processor.py:830} INFO - Processing file /opt/airflow/dags/create_dag_python_operator_2.py for tasks to queue
[2024-05-26T03:23:50.453+0000] {logging_mixin.py:188} INFO - [2024-05-26T03:23:50.453+0000] {dagbag.py:545} INFO - Filling up the DagBag from /opt/airflow/dags/create_dag_python_operator_2.py
[2024-05-26T03:23:50.458+0000] {processor.py:840} INFO - DAG(s) 'dag_python_operator_v05' retrieved from /opt/airflow/dags/create_dag_python_operator_2.py
[2024-05-26T03:23:50.469+0000] {logging_mixin.py:188} INFO - [2024-05-26T03:23:50.469+0000] {dag.py:3096} INFO - Sync 1 DAGs
[2024-05-26T03:23:50.477+0000] {logging_mixin.py:188} INFO - [2024-05-26T03:23:50.477+0000] {dag.py:3954} INFO - Setting next_dagrun for dag_python_operator_v05 to 2024-05-22 00:00:00+00:00, run_after=2024-05-23 00:00:00+00:00
[2024-05-26T03:23:50.484+0000] {processor.py:183} INFO - Processing /opt/airflow/dags/create_dag_python_operator_2.py took 0.035 seconds
[2024-05-26T03:39:20.665+0000] {processor.py:161} INFO - Started process (PID=9843) to work on /opt/airflow/dags/create_dag_python_operator_2.py
[2024-05-26T03:39:20.666+0000] {processor.py:830} INFO - Processing file /opt/airflow/dags/create_dag_python_operator_2.py for tasks to queue
[2024-05-26T03:39:20.666+0000] {logging_mixin.py:188} INFO - [2024-05-26T03:39:20.666+0000] {dagbag.py:545} INFO - Filling up the DagBag from /opt/airflow/dags/create_dag_python_operator_2.py
[2024-05-26T03:39:20.672+0000] {processor.py:840} INFO - DAG(s) 'dag_python_operator_v05' retrieved from /opt/airflow/dags/create_dag_python_operator_2.py
[2024-05-26T03:39:20.682+0000] {logging_mixin.py:188} INFO - [2024-05-26T03:39:20.682+0000] {dag.py:3096} INFO - Sync 1 DAGs
[2024-05-26T03:39:20.691+0000] {logging_mixin.py:188} INFO - [2024-05-26T03:39:20.691+0000] {dag.py:3954} INFO - Setting next_dagrun for dag_python_operator_v05 to 2024-05-22 00:00:00+00:00, run_after=2024-05-23 00:00:00+00:00
[2024-05-26T03:39:20.697+0000] {processor.py:183} INFO - Processing /opt/airflow/dags/create_dag_python_operator_2.py took 0.034 seconds
[2024-05-26T03:54:51.081+0000] {processor.py:161} INFO - Started process (PID=9864) to work on /opt/airflow/dags/create_dag_python_operator_2.py
[2024-05-26T03:54:51.082+0000] {processor.py:830} INFO - Processing file /opt/airflow/dags/create_dag_python_operator_2.py for tasks to queue
[2024-05-26T03:54:51.083+0000] {logging_mixin.py:188} INFO - [2024-05-26T03:54:51.082+0000] {dagbag.py:545} INFO - Filling up the DagBag from /opt/airflow/dags/create_dag_python_operator_2.py
[2024-05-26T03:54:51.091+0000] {processor.py:840} INFO - DAG(s) 'dag_python_operator_v05' retrieved from /opt/airflow/dags/create_dag_python_operator_2.py
[2024-05-26T03:54:51.106+0000] {logging_mixin.py:188} INFO - [2024-05-26T03:54:51.106+0000] {dag.py:3096} INFO - Sync 1 DAGs
[2024-05-26T03:54:51.116+0000] {logging_mixin.py:188} INFO - [2024-05-26T03:54:51.116+0000] {dag.py:3954} INFO - Setting next_dagrun for dag_python_operator_v05 to 2024-05-22 00:00:00+00:00, run_after=2024-05-23 00:00:00+00:00
[2024-05-26T03:54:51.122+0000] {processor.py:183} INFO - Processing /opt/airflow/dags/create_dag_python_operator_2.py took 0.047 seconds
[2024-05-26T04:25:21.422+0000] {processor.py:161} INFO - Started process (PID=9885) to work on /opt/airflow/dags/create_dag_python_operator_2.py
[2024-05-26T04:25:21.422+0000] {processor.py:830} INFO - Processing file /opt/airflow/dags/create_dag_python_operator_2.py for tasks to queue
[2024-05-26T04:25:21.423+0000] {logging_mixin.py:188} INFO - [2024-05-26T04:25:21.423+0000] {dagbag.py:545} INFO - Filling up the DagBag from /opt/airflow/dags/create_dag_python_operator_2.py
[2024-05-26T04:25:21.431+0000] {processor.py:840} INFO - DAG(s) 'dag_python_operator_v05' retrieved from /opt/airflow/dags/create_dag_python_operator_2.py
[2024-05-26T04:25:21.445+0000] {logging_mixin.py:188} INFO - [2024-05-26T04:25:21.445+0000] {dag.py:3096} INFO - Sync 1 DAGs
[2024-05-26T04:25:21.454+0000] {logging_mixin.py:188} INFO - [2024-05-26T04:25:21.454+0000] {dag.py:3954} INFO - Setting next_dagrun for dag_python_operator_v05 to 2024-05-22 00:00:00+00:00, run_after=2024-05-23 00:00:00+00:00
[2024-05-26T04:25:21.461+0000] {processor.py:183} INFO - Processing /opt/airflow/dags/create_dag_python_operator_2.py took 0.045 seconds
[2024-05-26T04:36:19.502+0000] {processor.py:161} INFO - Started process (PID=9906) to work on /opt/airflow/dags/create_dag_python_operator_2.py
[2024-05-26T04:36:19.503+0000] {processor.py:830} INFO - Processing file /opt/airflow/dags/create_dag_python_operator_2.py for tasks to queue
[2024-05-26T04:36:19.504+0000] {logging_mixin.py:188} INFO - [2024-05-26T04:36:19.504+0000] {dagbag.py:545} INFO - Filling up the DagBag from /opt/airflow/dags/create_dag_python_operator_2.py
[2024-05-26T04:36:19.512+0000] {processor.py:840} INFO - DAG(s) 'dag_python_operator_v05' retrieved from /opt/airflow/dags/create_dag_python_operator_2.py
[2024-05-26T04:36:19.527+0000] {logging_mixin.py:188} INFO - [2024-05-26T04:36:19.527+0000] {dag.py:3096} INFO - Sync 1 DAGs
[2024-05-26T04:36:19.537+0000] {logging_mixin.py:188} INFO - [2024-05-26T04:36:19.536+0000] {dag.py:3954} INFO - Setting next_dagrun for dag_python_operator_v05 to 2024-05-22 00:00:00+00:00, run_after=2024-05-23 00:00:00+00:00
[2024-05-26T04:36:19.544+0000] {processor.py:183} INFO - Processing /opt/airflow/dags/create_dag_python_operator_2.py took 0.047 seconds
[2024-05-26T05:06:48.931+0000] {processor.py:161} INFO - Started process (PID=9927) to work on /opt/airflow/dags/create_dag_python_operator_2.py
[2024-05-26T05:06:48.932+0000] {processor.py:830} INFO - Processing file /opt/airflow/dags/create_dag_python_operator_2.py for tasks to queue
[2024-05-26T05:06:48.932+0000] {logging_mixin.py:188} INFO - [2024-05-26T05:06:48.932+0000] {dagbag.py:545} INFO - Filling up the DagBag from /opt/airflow/dags/create_dag_python_operator_2.py
[2024-05-26T05:06:48.938+0000] {processor.py:840} INFO - DAG(s) 'dag_python_operator_v05' retrieved from /opt/airflow/dags/create_dag_python_operator_2.py
[2024-05-26T05:06:48.950+0000] {logging_mixin.py:188} INFO - [2024-05-26T05:06:48.950+0000] {dag.py:3096} INFO - Sync 1 DAGs
[2024-05-26T05:06:48.958+0000] {logging_mixin.py:188} INFO - [2024-05-26T05:06:48.958+0000] {dag.py:3954} INFO - Setting next_dagrun for dag_python_operator_v05 to 2024-05-22 00:00:00+00:00, run_after=2024-05-23 00:00:00+00:00
[2024-05-26T05:06:48.965+0000] {processor.py:183} INFO - Processing /opt/airflow/dags/create_dag_python_operator_2.py took 0.037 seconds
[2024-05-26T05:22:19.608+0000] {processor.py:161} INFO - Started process (PID=9948) to work on /opt/airflow/dags/create_dag_python_operator_2.py
[2024-05-26T05:22:19.609+0000] {processor.py:830} INFO - Processing file /opt/airflow/dags/create_dag_python_operator_2.py for tasks to queue
[2024-05-26T05:22:19.609+0000] {logging_mixin.py:188} INFO - [2024-05-26T05:22:19.609+0000] {dagbag.py:545} INFO - Filling up the DagBag from /opt/airflow/dags/create_dag_python_operator_2.py
[2024-05-26T05:22:19.618+0000] {processor.py:840} INFO - DAG(s) 'dag_python_operator_v05' retrieved from /opt/airflow/dags/create_dag_python_operator_2.py
[2024-05-26T05:22:19.631+0000] {logging_mixin.py:188} INFO - [2024-05-26T05:22:19.631+0000] {dag.py:3096} INFO - Sync 1 DAGs
[2024-05-26T05:22:19.641+0000] {logging_mixin.py:188} INFO - [2024-05-26T05:22:19.640+0000] {dag.py:3954} INFO - Setting next_dagrun for dag_python_operator_v05 to 2024-05-22 00:00:00+00:00, run_after=2024-05-23 00:00:00+00:00
[2024-05-26T05:22:19.649+0000] {processor.py:183} INFO - Processing /opt/airflow/dags/create_dag_python_operator_2.py took 0.045 seconds
[2024-05-26T05:37:26.674+0000] {processor.py:161} INFO - Started process (PID=9969) to work on /opt/airflow/dags/create_dag_python_operator_2.py
[2024-05-26T05:37:26.675+0000] {processor.py:830} INFO - Processing file /opt/airflow/dags/create_dag_python_operator_2.py for tasks to queue
[2024-05-26T05:37:26.675+0000] {logging_mixin.py:188} INFO - [2024-05-26T05:37:26.675+0000] {dagbag.py:545} INFO - Filling up the DagBag from /opt/airflow/dags/create_dag_python_operator_2.py
[2024-05-26T05:37:26.684+0000] {processor.py:840} INFO - DAG(s) 'dag_python_operator_v05' retrieved from /opt/airflow/dags/create_dag_python_operator_2.py
[2024-05-26T05:37:26.697+0000] {logging_mixin.py:188} INFO - [2024-05-26T05:37:26.697+0000] {dag.py:3096} INFO - Sync 1 DAGs
[2024-05-26T05:37:26.707+0000] {logging_mixin.py:188} INFO - [2024-05-26T05:37:26.707+0000] {dag.py:3954} INFO - Setting next_dagrun for dag_python_operator_v05 to 2024-05-22 00:00:00+00:00, run_after=2024-05-23 00:00:00+00:00
[2024-05-26T05:37:26.714+0000] {processor.py:183} INFO - Processing /opt/airflow/dags/create_dag_python_operator_2.py took 0.046 seconds
[2024-05-26T05:52:57.200+0000] {processor.py:161} INFO - Started process (PID=9990) to work on /opt/airflow/dags/create_dag_python_operator_2.py
[2024-05-26T05:52:57.201+0000] {processor.py:830} INFO - Processing file /opt/airflow/dags/create_dag_python_operator_2.py for tasks to queue
[2024-05-26T05:52:57.201+0000] {logging_mixin.py:188} INFO - [2024-05-26T05:52:57.201+0000] {dagbag.py:545} INFO - Filling up the DagBag from /opt/airflow/dags/create_dag_python_operator_2.py
[2024-05-26T05:52:57.210+0000] {processor.py:840} INFO - DAG(s) 'dag_python_operator_v05' retrieved from /opt/airflow/dags/create_dag_python_operator_2.py
[2024-05-26T05:52:57.225+0000] {logging_mixin.py:188} INFO - [2024-05-26T05:52:57.224+0000] {dag.py:3096} INFO - Sync 1 DAGs
[2024-05-26T05:52:57.234+0000] {logging_mixin.py:188} INFO - [2024-05-26T05:52:57.234+0000] {dag.py:3954} INFO - Setting next_dagrun for dag_python_operator_v05 to 2024-05-22 00:00:00+00:00, run_after=2024-05-23 00:00:00+00:00
[2024-05-26T05:52:57.241+0000] {processor.py:183} INFO - Processing /opt/airflow/dags/create_dag_python_operator_2.py took 0.048 seconds
[2024-05-26T06:00:45.730+0000] {processor.py:161} INFO - Started process (PID=10011) to work on /opt/airflow/dags/create_dag_python_operator_2.py
[2024-05-26T06:00:45.731+0000] {processor.py:830} INFO - Processing file /opt/airflow/dags/create_dag_python_operator_2.py for tasks to queue
[2024-05-26T06:00:45.732+0000] {logging_mixin.py:188} INFO - [2024-05-26T06:00:45.732+0000] {dagbag.py:545} INFO - Filling up the DagBag from /opt/airflow/dags/create_dag_python_operator_2.py
[2024-05-26T06:00:45.743+0000] {processor.py:840} INFO - DAG(s) 'dag_python_operator_v05' retrieved from /opt/airflow/dags/create_dag_python_operator_2.py
[2024-05-26T06:00:45.758+0000] {logging_mixin.py:188} INFO - [2024-05-26T06:00:45.758+0000] {dag.py:3096} INFO - Sync 1 DAGs
[2024-05-26T06:00:45.769+0000] {logging_mixin.py:188} INFO - [2024-05-26T06:00:45.769+0000] {dag.py:3954} INFO - Setting next_dagrun for dag_python_operator_v05 to 2024-05-22 00:00:00+00:00, run_after=2024-05-23 00:00:00+00:00
[2024-05-26T06:00:45.776+0000] {processor.py:183} INFO - Processing /opt/airflow/dags/create_dag_python_operator_2.py took 0.053 seconds
[2024-05-26T06:16:27.658+0000] {processor.py:161} INFO - Started process (PID=10032) to work on /opt/airflow/dags/create_dag_python_operator_2.py
[2024-05-26T06:16:27.658+0000] {processor.py:830} INFO - Processing file /opt/airflow/dags/create_dag_python_operator_2.py for tasks to queue
[2024-05-26T06:16:27.659+0000] {logging_mixin.py:188} INFO - [2024-05-26T06:16:27.659+0000] {dagbag.py:545} INFO - Filling up the DagBag from /opt/airflow/dags/create_dag_python_operator_2.py
[2024-05-26T06:16:27.664+0000] {processor.py:840} INFO - DAG(s) 'dag_python_operator_v05' retrieved from /opt/airflow/dags/create_dag_python_operator_2.py
[2024-05-26T06:16:27.676+0000] {logging_mixin.py:188} INFO - [2024-05-26T06:16:27.676+0000] {dag.py:3096} INFO - Sync 1 DAGs
[2024-05-26T06:16:27.685+0000] {logging_mixin.py:188} INFO - [2024-05-26T06:16:27.685+0000] {dag.py:3954} INFO - Setting next_dagrun for dag_python_operator_v05 to 2024-05-22 00:00:00+00:00, run_after=2024-05-23 00:00:00+00:00
[2024-05-26T06:16:27.692+0000] {processor.py:183} INFO - Processing /opt/airflow/dags/create_dag_python_operator_2.py took 0.037 seconds
[2024-05-26T06:31:57.085+0000] {processor.py:161} INFO - Started process (PID=10053) to work on /opt/airflow/dags/create_dag_python_operator_2.py
[2024-05-26T06:31:57.086+0000] {processor.py:830} INFO - Processing file /opt/airflow/dags/create_dag_python_operator_2.py for tasks to queue
[2024-05-26T06:31:57.087+0000] {logging_mixin.py:188} INFO - [2024-05-26T06:31:57.087+0000] {dagbag.py:545} INFO - Filling up the DagBag from /opt/airflow/dags/create_dag_python_operator_2.py
[2024-05-26T06:31:57.097+0000] {processor.py:840} INFO - DAG(s) 'dag_python_operator_v05' retrieved from /opt/airflow/dags/create_dag_python_operator_2.py
[2024-05-26T06:31:57.113+0000] {logging_mixin.py:188} INFO - [2024-05-26T06:31:57.113+0000] {dag.py:3096} INFO - Sync 1 DAGs
[2024-05-26T06:31:57.123+0000] {logging_mixin.py:188} INFO - [2024-05-26T06:31:57.122+0000] {dag.py:3954} INFO - Setting next_dagrun for dag_python_operator_v05 to 2024-05-22 00:00:00+00:00, run_after=2024-05-23 00:00:00+00:00
[2024-05-26T06:31:57.130+0000] {processor.py:183} INFO - Processing /opt/airflow/dags/create_dag_python_operator_2.py took 0.051 seconds
[2024-05-26T06:49:56.670+0000] {processor.py:161} INFO - Started process (PID=10074) to work on /opt/airflow/dags/create_dag_python_operator_2.py
[2024-05-26T06:49:56.671+0000] {processor.py:830} INFO - Processing file /opt/airflow/dags/create_dag_python_operator_2.py for tasks to queue
[2024-05-26T06:49:56.671+0000] {logging_mixin.py:188} INFO - [2024-05-26T06:49:56.671+0000] {dagbag.py:545} INFO - Filling up the DagBag from /opt/airflow/dags/create_dag_python_operator_2.py
[2024-05-26T06:49:56.679+0000] {processor.py:840} INFO - DAG(s) 'dag_python_operator_v05' retrieved from /opt/airflow/dags/create_dag_python_operator_2.py
[2024-05-26T06:49:56.693+0000] {logging_mixin.py:188} INFO - [2024-05-26T06:49:56.693+0000] {dag.py:3096} INFO - Sync 1 DAGs
[2024-05-26T06:49:56.703+0000] {logging_mixin.py:188} INFO - [2024-05-26T06:49:56.703+0000] {dag.py:3954} INFO - Setting next_dagrun for dag_python_operator_v05 to 2024-05-22 00:00:00+00:00, run_after=2024-05-23 00:00:00+00:00
[2024-05-26T06:49:56.710+0000] {processor.py:183} INFO - Processing /opt/airflow/dags/create_dag_python_operator_2.py took 0.045 seconds
[2024-05-26T07:05:26.222+0000] {processor.py:161} INFO - Started process (PID=10094) to work on /opt/airflow/dags/create_dag_python_operator_2.py
[2024-05-26T07:05:26.223+0000] {processor.py:830} INFO - Processing file /opt/airflow/dags/create_dag_python_operator_2.py for tasks to queue
[2024-05-26T07:05:26.224+0000] {logging_mixin.py:188} INFO - [2024-05-26T07:05:26.223+0000] {dagbag.py:545} INFO - Filling up the DagBag from /opt/airflow/dags/create_dag_python_operator_2.py
[2024-05-26T07:05:26.232+0000] {processor.py:840} INFO - DAG(s) 'dag_python_operator_v05' retrieved from /opt/airflow/dags/create_dag_python_operator_2.py
[2024-05-26T07:05:26.247+0000] {logging_mixin.py:188} INFO - [2024-05-26T07:05:26.247+0000] {dag.py:3096} INFO - Sync 1 DAGs
[2024-05-26T07:05:26.257+0000] {logging_mixin.py:188} INFO - [2024-05-26T07:05:26.257+0000] {dag.py:3954} INFO - Setting next_dagrun for dag_python_operator_v05 to 2024-05-22 00:00:00+00:00, run_after=2024-05-23 00:00:00+00:00
[2024-05-26T07:05:26.264+0000] {processor.py:183} INFO - Processing /opt/airflow/dags/create_dag_python_operator_2.py took 0.049 seconds
[2024-05-26T07:20:55.912+0000] {processor.py:161} INFO - Started process (PID=10115) to work on /opt/airflow/dags/create_dag_python_operator_2.py
[2024-05-26T07:20:55.913+0000] {processor.py:830} INFO - Processing file /opt/airflow/dags/create_dag_python_operator_2.py for tasks to queue
[2024-05-26T07:20:55.913+0000] {logging_mixin.py:188} INFO - [2024-05-26T07:20:55.913+0000] {dagbag.py:545} INFO - Filling up the DagBag from /opt/airflow/dags/create_dag_python_operator_2.py
[2024-05-26T07:20:55.922+0000] {processor.py:840} INFO - DAG(s) 'dag_python_operator_v05' retrieved from /opt/airflow/dags/create_dag_python_operator_2.py
[2024-05-26T07:20:55.938+0000] {logging_mixin.py:188} INFO - [2024-05-26T07:20:55.938+0000] {dag.py:3096} INFO - Sync 1 DAGs
[2024-05-26T07:20:55.948+0000] {logging_mixin.py:188} INFO - [2024-05-26T07:20:55.947+0000] {dag.py:3954} INFO - Setting next_dagrun for dag_python_operator_v05 to 2024-05-22 00:00:00+00:00, run_after=2024-05-23 00:00:00+00:00
[2024-05-26T07:20:55.955+0000] {processor.py:183} INFO - Processing /opt/airflow/dags/create_dag_python_operator_2.py took 0.049 seconds
[2024-05-26T07:36:26.546+0000] {processor.py:161} INFO - Started process (PID=10136) to work on /opt/airflow/dags/create_dag_python_operator_2.py
[2024-05-26T07:36:26.547+0000] {processor.py:830} INFO - Processing file /opt/airflow/dags/create_dag_python_operator_2.py for tasks to queue
[2024-05-26T07:36:26.548+0000] {logging_mixin.py:188} INFO - [2024-05-26T07:36:26.548+0000] {dagbag.py:545} INFO - Filling up the DagBag from /opt/airflow/dags/create_dag_python_operator_2.py
[2024-05-26T07:36:26.556+0000] {processor.py:840} INFO - DAG(s) 'dag_python_operator_v05' retrieved from /opt/airflow/dags/create_dag_python_operator_2.py
[2024-05-26T07:36:26.570+0000] {logging_mixin.py:188} INFO - [2024-05-26T07:36:26.570+0000] {dag.py:3096} INFO - Sync 1 DAGs
[2024-05-26T07:36:26.580+0000] {logging_mixin.py:188} INFO - [2024-05-26T07:36:26.580+0000] {dag.py:3954} INFO - Setting next_dagrun for dag_python_operator_v05 to 2024-05-22 00:00:00+00:00, run_after=2024-05-23 00:00:00+00:00
[2024-05-26T07:36:26.587+0000] {processor.py:183} INFO - Processing /opt/airflow/dags/create_dag_python_operator_2.py took 0.045 seconds
[2024-05-26T07:51:55.891+0000] {processor.py:161} INFO - Started process (PID=10157) to work on /opt/airflow/dags/create_dag_python_operator_2.py
[2024-05-26T07:51:55.892+0000] {processor.py:830} INFO - Processing file /opt/airflow/dags/create_dag_python_operator_2.py for tasks to queue
[2024-05-26T07:51:55.892+0000] {logging_mixin.py:188} INFO - [2024-05-26T07:51:55.892+0000] {dagbag.py:545} INFO - Filling up the DagBag from /opt/airflow/dags/create_dag_python_operator_2.py
[2024-05-26T07:51:55.901+0000] {processor.py:840} INFO - DAG(s) 'dag_python_operator_v05' retrieved from /opt/airflow/dags/create_dag_python_operator_2.py
[2024-05-26T07:51:55.914+0000] {logging_mixin.py:188} INFO - [2024-05-26T07:51:55.914+0000] {dag.py:3096} INFO - Sync 1 DAGs
[2024-05-26T07:51:55.924+0000] {logging_mixin.py:188} INFO - [2024-05-26T07:51:55.924+0000] {dag.py:3954} INFO - Setting next_dagrun for dag_python_operator_v05 to 2024-05-22 00:00:00+00:00, run_after=2024-05-23 00:00:00+00:00
[2024-05-26T07:51:55.931+0000] {processor.py:183} INFO - Processing /opt/airflow/dags/create_dag_python_operator_2.py took 0.045 seconds
[2024-05-26T08:16:57.309+0000] {processor.py:161} INFO - Started process (PID=10178) to work on /opt/airflow/dags/create_dag_python_operator_2.py
[2024-05-26T08:16:57.310+0000] {processor.py:830} INFO - Processing file /opt/airflow/dags/create_dag_python_operator_2.py for tasks to queue
[2024-05-26T08:16:57.310+0000] {logging_mixin.py:188} INFO - [2024-05-26T08:16:57.310+0000] {dagbag.py:545} INFO - Filling up the DagBag from /opt/airflow/dags/create_dag_python_operator_2.py
[2024-05-26T08:16:57.319+0000] {processor.py:840} INFO - DAG(s) 'dag_python_operator_v05' retrieved from /opt/airflow/dags/create_dag_python_operator_2.py
[2024-05-26T08:16:57.334+0000] {logging_mixin.py:188} INFO - [2024-05-26T08:16:57.334+0000] {dag.py:3096} INFO - Sync 1 DAGs
[2024-05-26T08:16:57.344+0000] {logging_mixin.py:188} INFO - [2024-05-26T08:16:57.343+0000] {dag.py:3954} INFO - Setting next_dagrun for dag_python_operator_v05 to 2024-05-22 00:00:00+00:00, run_after=2024-05-23 00:00:00+00:00
[2024-05-26T08:16:57.351+0000] {processor.py:183} INFO - Processing /opt/airflow/dags/create_dag_python_operator_2.py took 0.048 seconds
[2024-05-26T08:18:11.046+0000] {processor.py:161} INFO - Started process (PID=10199) to work on /opt/airflow/dags/create_dag_python_operator_2.py
[2024-05-26T08:18:11.047+0000] {processor.py:830} INFO - Processing file /opt/airflow/dags/create_dag_python_operator_2.py for tasks to queue
[2024-05-26T08:18:11.048+0000] {logging_mixin.py:188} INFO - [2024-05-26T08:18:11.048+0000] {dagbag.py:545} INFO - Filling up the DagBag from /opt/airflow/dags/create_dag_python_operator_2.py
[2024-05-26T08:18:11.060+0000] {processor.py:840} INFO - DAG(s) 'dag_python_operator_v05' retrieved from /opt/airflow/dags/create_dag_python_operator_2.py
[2024-05-26T08:18:11.077+0000] {logging_mixin.py:188} INFO - [2024-05-26T08:18:11.077+0000] {dag.py:3096} INFO - Sync 1 DAGs
[2024-05-26T08:18:11.088+0000] {logging_mixin.py:188} INFO - [2024-05-26T08:18:11.087+0000] {dag.py:3954} INFO - Setting next_dagrun for dag_python_operator_v05 to 2024-05-22 00:00:00+00:00, run_after=2024-05-23 00:00:00+00:00
[2024-05-26T08:18:11.095+0000] {processor.py:183} INFO - Processing /opt/airflow/dags/create_dag_python_operator_2.py took 0.058 seconds
[2024-05-26T08:33:41.525+0000] {processor.py:161} INFO - Started process (PID=10219) to work on /opt/airflow/dags/create_dag_python_operator_2.py
[2024-05-26T08:33:41.526+0000] {processor.py:830} INFO - Processing file /opt/airflow/dags/create_dag_python_operator_2.py for tasks to queue
[2024-05-26T08:33:41.528+0000] {logging_mixin.py:188} INFO - [2024-05-26T08:33:41.527+0000] {dagbag.py:545} INFO - Filling up the DagBag from /opt/airflow/dags/create_dag_python_operator_2.py
[2024-05-26T08:33:41.536+0000] {processor.py:840} INFO - DAG(s) 'dag_python_operator_v05' retrieved from /opt/airflow/dags/create_dag_python_operator_2.py
[2024-05-26T08:33:41.550+0000] {logging_mixin.py:188} INFO - [2024-05-26T08:33:41.550+0000] {dag.py:3096} INFO - Sync 1 DAGs
[2024-05-26T08:33:41.560+0000] {logging_mixin.py:188} INFO - [2024-05-26T08:33:41.559+0000] {dag.py:3954} INFO - Setting next_dagrun for dag_python_operator_v05 to 2024-05-22 00:00:00+00:00, run_after=2024-05-23 00:00:00+00:00
[2024-05-26T08:33:41.566+0000] {processor.py:183} INFO - Processing /opt/airflow/dags/create_dag_python_operator_2.py took 0.047 seconds
[2024-05-26T08:49:10.997+0000] {processor.py:161} INFO - Started process (PID=10240) to work on /opt/airflow/dags/create_dag_python_operator_2.py
[2024-05-26T08:49:10.997+0000] {processor.py:830} INFO - Processing file /opt/airflow/dags/create_dag_python_operator_2.py for tasks to queue
[2024-05-26T08:49:10.998+0000] {logging_mixin.py:188} INFO - [2024-05-26T08:49:10.998+0000] {dagbag.py:545} INFO - Filling up the DagBag from /opt/airflow/dags/create_dag_python_operator_2.py
[2024-05-26T08:49:11.006+0000] {processor.py:840} INFO - DAG(s) 'dag_python_operator_v05' retrieved from /opt/airflow/dags/create_dag_python_operator_2.py
[2024-05-26T08:49:11.019+0000] {logging_mixin.py:188} INFO - [2024-05-26T08:49:11.019+0000] {dag.py:3096} INFO - Sync 1 DAGs
[2024-05-26T08:49:11.028+0000] {logging_mixin.py:188} INFO - [2024-05-26T08:49:11.028+0000] {dag.py:3954} INFO - Setting next_dagrun for dag_python_operator_v05 to 2024-05-22 00:00:00+00:00, run_after=2024-05-23 00:00:00+00:00
[2024-05-26T08:49:11.035+0000] {processor.py:183} INFO - Processing /opt/airflow/dags/create_dag_python_operator_2.py took 0.043 seconds
[2024-05-26T09:04:41.463+0000] {processor.py:161} INFO - Started process (PID=10260) to work on /opt/airflow/dags/create_dag_python_operator_2.py
[2024-05-26T09:04:41.463+0000] {processor.py:830} INFO - Processing file /opt/airflow/dags/create_dag_python_operator_2.py for tasks to queue
[2024-05-26T09:04:41.464+0000] {logging_mixin.py:188} INFO - [2024-05-26T09:04:41.464+0000] {dagbag.py:545} INFO - Filling up the DagBag from /opt/airflow/dags/create_dag_python_operator_2.py
[2024-05-26T09:04:41.472+0000] {processor.py:840} INFO - DAG(s) 'dag_python_operator_v05' retrieved from /opt/airflow/dags/create_dag_python_operator_2.py
[2024-05-26T09:04:41.486+0000] {logging_mixin.py:188} INFO - [2024-05-26T09:04:41.486+0000] {dag.py:3096} INFO - Sync 1 DAGs
[2024-05-26T09:04:41.496+0000] {logging_mixin.py:188} INFO - [2024-05-26T09:04:41.496+0000] {dag.py:3954} INFO - Setting next_dagrun for dag_python_operator_v05 to 2024-05-22 00:00:00+00:00, run_after=2024-05-23 00:00:00+00:00
[2024-05-26T09:04:41.503+0000] {processor.py:183} INFO - Processing /opt/airflow/dags/create_dag_python_operator_2.py took 0.045 seconds
[2024-05-26T09:29:28.312+0000] {processor.py:161} INFO - Started process (PID=10281) to work on /opt/airflow/dags/create_dag_python_operator_2.py
[2024-05-26T09:29:28.313+0000] {processor.py:830} INFO - Processing file /opt/airflow/dags/create_dag_python_operator_2.py for tasks to queue
[2024-05-26T09:29:28.313+0000] {logging_mixin.py:188} INFO - [2024-05-26T09:29:28.313+0000] {dagbag.py:545} INFO - Filling up the DagBag from /opt/airflow/dags/create_dag_python_operator_2.py
[2024-05-26T09:29:28.319+0000] {processor.py:840} INFO - DAG(s) 'dag_python_operator_v05' retrieved from /opt/airflow/dags/create_dag_python_operator_2.py
[2024-05-26T09:29:28.329+0000] {logging_mixin.py:188} INFO - [2024-05-26T09:29:28.329+0000] {dag.py:3096} INFO - Sync 1 DAGs
[2024-05-26T09:29:28.337+0000] {logging_mixin.py:188} INFO - [2024-05-26T09:29:28.337+0000] {dag.py:3954} INFO - Setting next_dagrun for dag_python_operator_v05 to 2024-05-22 00:00:00+00:00, run_after=2024-05-23 00:00:00+00:00
[2024-05-26T09:29:28.344+0000] {processor.py:183} INFO - Processing /opt/airflow/dags/create_dag_python_operator_2.py took 0.035 seconds
[2024-05-26T09:40:05.738+0000] {processor.py:161} INFO - Started process (PID=10302) to work on /opt/airflow/dags/create_dag_python_operator_2.py
[2024-05-26T09:40:05.739+0000] {processor.py:830} INFO - Processing file /opt/airflow/dags/create_dag_python_operator_2.py for tasks to queue
[2024-05-26T09:40:05.739+0000] {logging_mixin.py:188} INFO - [2024-05-26T09:40:05.739+0000] {dagbag.py:545} INFO - Filling up the DagBag from /opt/airflow/dags/create_dag_python_operator_2.py
[2024-05-26T09:40:05.747+0000] {processor.py:840} INFO - DAG(s) 'dag_python_operator_v05' retrieved from /opt/airflow/dags/create_dag_python_operator_2.py
[2024-05-26T09:40:05.761+0000] {logging_mixin.py:188} INFO - [2024-05-26T09:40:05.761+0000] {dag.py:3096} INFO - Sync 1 DAGs
[2024-05-26T09:40:05.770+0000] {logging_mixin.py:188} INFO - [2024-05-26T09:40:05.770+0000] {dag.py:3954} INFO - Setting next_dagrun for dag_python_operator_v05 to 2024-05-22 00:00:00+00:00, run_after=2024-05-23 00:00:00+00:00
[2024-05-26T09:40:05.777+0000] {processor.py:183} INFO - Processing /opt/airflow/dags/create_dag_python_operator_2.py took 0.044 seconds
[2024-05-26T09:50:38.211+0000] {processor.py:161} INFO - Started process (PID=10323) to work on /opt/airflow/dags/create_dag_python_operator_2.py
[2024-05-26T09:50:38.211+0000] {processor.py:830} INFO - Processing file /opt/airflow/dags/create_dag_python_operator_2.py for tasks to queue
[2024-05-26T09:50:38.212+0000] {logging_mixin.py:188} INFO - [2024-05-26T09:50:38.212+0000] {dagbag.py:545} INFO - Filling up the DagBag from /opt/airflow/dags/create_dag_python_operator_2.py
[2024-05-26T09:50:38.220+0000] {processor.py:840} INFO - DAG(s) 'dag_python_operator_v05' retrieved from /opt/airflow/dags/create_dag_python_operator_2.py
[2024-05-26T09:50:38.235+0000] {logging_mixin.py:188} INFO - [2024-05-26T09:50:38.235+0000] {dag.py:3096} INFO - Sync 1 DAGs
[2024-05-26T09:50:38.245+0000] {logging_mixin.py:188} INFO - [2024-05-26T09:50:38.245+0000] {dag.py:3954} INFO - Setting next_dagrun for dag_python_operator_v05 to 2024-05-22 00:00:00+00:00, run_after=2024-05-23 00:00:00+00:00
[2024-05-26T09:50:38.252+0000] {processor.py:183} INFO - Processing /opt/airflow/dags/create_dag_python_operator_2.py took 0.048 seconds
[2024-05-26T10:01:12.769+0000] {processor.py:161} INFO - Started process (PID=10344) to work on /opt/airflow/dags/create_dag_python_operator_2.py
[2024-05-26T10:01:12.770+0000] {processor.py:830} INFO - Processing file /opt/airflow/dags/create_dag_python_operator_2.py for tasks to queue
[2024-05-26T10:01:12.771+0000] {logging_mixin.py:188} INFO - [2024-05-26T10:01:12.771+0000] {dagbag.py:545} INFO - Filling up the DagBag from /opt/airflow/dags/create_dag_python_operator_2.py
[2024-05-26T10:01:12.778+0000] {processor.py:840} INFO - DAG(s) 'dag_python_operator_v05' retrieved from /opt/airflow/dags/create_dag_python_operator_2.py
[2024-05-26T10:01:12.795+0000] {logging_mixin.py:188} INFO - [2024-05-26T10:01:12.794+0000] {dag.py:3096} INFO - Sync 1 DAGs
[2024-05-26T10:01:12.805+0000] {logging_mixin.py:188} INFO - [2024-05-26T10:01:12.805+0000] {dag.py:3954} INFO - Setting next_dagrun for dag_python_operator_v05 to 2024-05-22 00:00:00+00:00, run_after=2024-05-23 00:00:00+00:00
[2024-05-26T10:01:12.815+0000] {processor.py:183} INFO - Processing /opt/airflow/dags/create_dag_python_operator_2.py took 0.050 seconds
[2024-05-26T10:09:02.206+0000] {processor.py:161} INFO - Started process (PID=10365) to work on /opt/airflow/dags/create_dag_python_operator_2.py
[2024-05-26T10:09:02.207+0000] {processor.py:830} INFO - Processing file /opt/airflow/dags/create_dag_python_operator_2.py for tasks to queue
[2024-05-26T10:09:02.207+0000] {logging_mixin.py:188} INFO - [2024-05-26T10:09:02.207+0000] {dagbag.py:545} INFO - Filling up the DagBag from /opt/airflow/dags/create_dag_python_operator_2.py
[2024-05-26T10:09:02.218+0000] {processor.py:840} INFO - DAG(s) 'dag_python_operator_v05' retrieved from /opt/airflow/dags/create_dag_python_operator_2.py
[2024-05-26T10:09:02.233+0000] {logging_mixin.py:188} INFO - [2024-05-26T10:09:02.233+0000] {dag.py:3096} INFO - Sync 1 DAGs
[2024-05-26T10:09:02.243+0000] {logging_mixin.py:188} INFO - [2024-05-26T10:09:02.243+0000] {dag.py:3954} INFO - Setting next_dagrun for dag_python_operator_v05 to 2024-05-22 00:00:00+00:00, run_after=2024-05-23 00:00:00+00:00
[2024-05-26T10:09:02.249+0000] {processor.py:183} INFO - Processing /opt/airflow/dags/create_dag_python_operator_2.py took 0.048 seconds
[2024-05-26T10:19:38.289+0000] {processor.py:161} INFO - Started process (PID=10387) to work on /opt/airflow/dags/create_dag_python_operator_2.py
[2024-05-26T10:19:38.290+0000] {processor.py:830} INFO - Processing file /opt/airflow/dags/create_dag_python_operator_2.py for tasks to queue
[2024-05-26T10:19:38.291+0000] {logging_mixin.py:188} INFO - [2024-05-26T10:19:38.291+0000] {dagbag.py:545} INFO - Filling up the DagBag from /opt/airflow/dags/create_dag_python_operator_2.py
[2024-05-26T10:19:38.303+0000] {processor.py:840} INFO - DAG(s) 'dag_python_operator_v05' retrieved from /opt/airflow/dags/create_dag_python_operator_2.py
[2024-05-26T10:19:38.324+0000] {logging_mixin.py:188} INFO - [2024-05-26T10:19:38.323+0000] {dag.py:3096} INFO - Sync 1 DAGs
[2024-05-26T10:19:38.336+0000] {logging_mixin.py:188} INFO - [2024-05-26T10:19:38.335+0000] {dag.py:3954} INFO - Setting next_dagrun for dag_python_operator_v05 to 2024-05-22 00:00:00+00:00, run_after=2024-05-23 00:00:00+00:00
[2024-05-26T10:19:38.383+0000] {processor.py:183} INFO - Processing /opt/airflow/dags/create_dag_python_operator_2.py took 0.100 seconds
[2024-05-26T10:41:56.800+0000] {processor.py:161} INFO - Started process (PID=10408) to work on /opt/airflow/dags/create_dag_python_operator_2.py
[2024-05-26T10:41:56.801+0000] {processor.py:830} INFO - Processing file /opt/airflow/dags/create_dag_python_operator_2.py for tasks to queue
[2024-05-26T10:41:56.801+0000] {logging_mixin.py:188} INFO - [2024-05-26T10:41:56.801+0000] {dagbag.py:545} INFO - Filling up the DagBag from /opt/airflow/dags/create_dag_python_operator_2.py
[2024-05-26T10:41:56.806+0000] {processor.py:840} INFO - DAG(s) 'dag_python_operator_v05' retrieved from /opt/airflow/dags/create_dag_python_operator_2.py
[2024-05-26T10:41:56.817+0000] {logging_mixin.py:188} INFO - [2024-05-26T10:41:56.817+0000] {dag.py:3096} INFO - Sync 1 DAGs
[2024-05-26T10:41:56.826+0000] {logging_mixin.py:188} INFO - [2024-05-26T10:41:56.825+0000] {dag.py:3954} INFO - Setting next_dagrun for dag_python_operator_v05 to 2024-05-22 00:00:00+00:00, run_after=2024-05-23 00:00:00+00:00
[2024-05-26T10:41:56.832+0000] {processor.py:183} INFO - Processing /opt/airflow/dags/create_dag_python_operator_2.py took 0.035 seconds
[2024-05-26T10:57:26.156+0000] {processor.py:161} INFO - Started process (PID=10428) to work on /opt/airflow/dags/create_dag_python_operator_2.py
[2024-05-26T10:57:26.157+0000] {processor.py:830} INFO - Processing file /opt/airflow/dags/create_dag_python_operator_2.py for tasks to queue
[2024-05-26T10:57:26.158+0000] {logging_mixin.py:188} INFO - [2024-05-26T10:57:26.157+0000] {dagbag.py:545} INFO - Filling up the DagBag from /opt/airflow/dags/create_dag_python_operator_2.py
[2024-05-26T10:57:26.165+0000] {processor.py:840} INFO - DAG(s) 'dag_python_operator_v05' retrieved from /opt/airflow/dags/create_dag_python_operator_2.py
[2024-05-26T10:57:26.178+0000] {logging_mixin.py:188} INFO - [2024-05-26T10:57:26.178+0000] {dag.py:3096} INFO - Sync 1 DAGs
[2024-05-26T10:57:26.189+0000] {logging_mixin.py:188} INFO - [2024-05-26T10:57:26.189+0000] {dag.py:3954} INFO - Setting next_dagrun for dag_python_operator_v05 to 2024-05-22 00:00:00+00:00, run_after=2024-05-23 00:00:00+00:00
[2024-05-26T10:57:26.197+0000] {processor.py:183} INFO - Processing /opt/airflow/dags/create_dag_python_operator_2.py took 0.045 seconds
[2024-05-26T11:12:56.577+0000] {processor.py:161} INFO - Started process (PID=10449) to work on /opt/airflow/dags/create_dag_python_operator_2.py
[2024-05-26T11:12:56.578+0000] {processor.py:830} INFO - Processing file /opt/airflow/dags/create_dag_python_operator_2.py for tasks to queue
[2024-05-26T11:12:56.578+0000] {logging_mixin.py:188} INFO - [2024-05-26T11:12:56.578+0000] {dagbag.py:545} INFO - Filling up the DagBag from /opt/airflow/dags/create_dag_python_operator_2.py
[2024-05-26T11:12:56.583+0000] {processor.py:840} INFO - DAG(s) 'dag_python_operator_v05' retrieved from /opt/airflow/dags/create_dag_python_operator_2.py
[2024-05-26T11:12:56.594+0000] {logging_mixin.py:188} INFO - [2024-05-26T11:12:56.594+0000] {dag.py:3096} INFO - Sync 1 DAGs
[2024-05-26T11:12:56.602+0000] {logging_mixin.py:188} INFO - [2024-05-26T11:12:56.602+0000] {dag.py:3954} INFO - Setting next_dagrun for dag_python_operator_v05 to 2024-05-22 00:00:00+00:00, run_after=2024-05-23 00:00:00+00:00
[2024-05-26T11:12:56.608+0000] {processor.py:183} INFO - Processing /opt/airflow/dags/create_dag_python_operator_2.py took 0.034 seconds
[2024-05-26T11:43:27.057+0000] {processor.py:161} INFO - Started process (PID=10470) to work on /opt/airflow/dags/create_dag_python_operator_2.py
[2024-05-26T11:43:27.058+0000] {processor.py:830} INFO - Processing file /opt/airflow/dags/create_dag_python_operator_2.py for tasks to queue
[2024-05-26T11:43:27.059+0000] {logging_mixin.py:188} INFO - [2024-05-26T11:43:27.058+0000] {dagbag.py:545} INFO - Filling up the DagBag from /opt/airflow/dags/create_dag_python_operator_2.py
[2024-05-26T11:43:27.065+0000] {processor.py:840} INFO - DAG(s) 'dag_python_operator_v05' retrieved from /opt/airflow/dags/create_dag_python_operator_2.py
[2024-05-26T11:43:27.078+0000] {logging_mixin.py:188} INFO - [2024-05-26T11:43:27.078+0000] {dag.py:3096} INFO - Sync 1 DAGs
[2024-05-26T11:43:27.086+0000] {logging_mixin.py:188} INFO - [2024-05-26T11:43:27.086+0000] {dag.py:3954} INFO - Setting next_dagrun for dag_python_operator_v05 to 2024-05-22 00:00:00+00:00, run_after=2024-05-23 00:00:00+00:00
[2024-05-26T11:43:27.093+0000] {processor.py:183} INFO - Processing /opt/airflow/dags/create_dag_python_operator_2.py took 0.039 seconds
[2024-05-26T11:58:56.396+0000] {processor.py:161} INFO - Started process (PID=10491) to work on /opt/airflow/dags/create_dag_python_operator_2.py
[2024-05-26T11:58:56.397+0000] {processor.py:830} INFO - Processing file /opt/airflow/dags/create_dag_python_operator_2.py for tasks to queue
[2024-05-26T11:58:56.398+0000] {logging_mixin.py:188} INFO - [2024-05-26T11:58:56.398+0000] {dagbag.py:545} INFO - Filling up the DagBag from /opt/airflow/dags/create_dag_python_operator_2.py
[2024-05-26T11:58:56.407+0000] {processor.py:840} INFO - DAG(s) 'dag_python_operator_v05' retrieved from /opt/airflow/dags/create_dag_python_operator_2.py
[2024-05-26T11:58:56.422+0000] {logging_mixin.py:188} INFO - [2024-05-26T11:58:56.422+0000] {dag.py:3096} INFO - Sync 1 DAGs
[2024-05-26T11:58:56.432+0000] {logging_mixin.py:188} INFO - [2024-05-26T11:58:56.432+0000] {dag.py:3954} INFO - Setting next_dagrun for dag_python_operator_v05 to 2024-05-22 00:00:00+00:00, run_after=2024-05-23 00:00:00+00:00
[2024-05-26T11:58:56.439+0000] {processor.py:183} INFO - Processing /opt/airflow/dags/create_dag_python_operator_2.py took 0.048 seconds
[2024-05-26T12:14:26.942+0000] {processor.py:161} INFO - Started process (PID=10512) to work on /opt/airflow/dags/create_dag_python_operator_2.py
[2024-05-26T12:14:26.942+0000] {processor.py:830} INFO - Processing file /opt/airflow/dags/create_dag_python_operator_2.py for tasks to queue
[2024-05-26T12:14:26.943+0000] {logging_mixin.py:188} INFO - [2024-05-26T12:14:26.943+0000] {dagbag.py:545} INFO - Filling up the DagBag from /opt/airflow/dags/create_dag_python_operator_2.py
[2024-05-26T12:14:26.951+0000] {processor.py:840} INFO - DAG(s) 'dag_python_operator_v05' retrieved from /opt/airflow/dags/create_dag_python_operator_2.py
[2024-05-26T12:14:26.964+0000] {logging_mixin.py:188} INFO - [2024-05-26T12:14:26.964+0000] {dag.py:3096} INFO - Sync 1 DAGs
[2024-05-26T12:14:26.973+0000] {logging_mixin.py:188} INFO - [2024-05-26T12:14:26.973+0000] {dag.py:3954} INFO - Setting next_dagrun for dag_python_operator_v05 to 2024-05-22 00:00:00+00:00, run_after=2024-05-23 00:00:00+00:00
[2024-05-26T12:14:26.981+0000] {processor.py:183} INFO - Processing /opt/airflow/dags/create_dag_python_operator_2.py took 0.043 seconds
[2024-05-26T12:29:56.456+0000] {processor.py:161} INFO - Started process (PID=10533) to work on /opt/airflow/dags/create_dag_python_operator_2.py
[2024-05-26T12:29:56.457+0000] {processor.py:830} INFO - Processing file /opt/airflow/dags/create_dag_python_operator_2.py for tasks to queue
[2024-05-26T12:29:56.458+0000] {logging_mixin.py:188} INFO - [2024-05-26T12:29:56.458+0000] {dagbag.py:545} INFO - Filling up the DagBag from /opt/airflow/dags/create_dag_python_operator_2.py
[2024-05-26T12:29:56.467+0000] {processor.py:840} INFO - DAG(s) 'dag_python_operator_v05' retrieved from /opt/airflow/dags/create_dag_python_operator_2.py
[2024-05-26T12:29:56.481+0000] {logging_mixin.py:188} INFO - [2024-05-26T12:29:56.481+0000] {dag.py:3096} INFO - Sync 1 DAGs
[2024-05-26T12:29:56.492+0000] {logging_mixin.py:188} INFO - [2024-05-26T12:29:56.491+0000] {dag.py:3954} INFO - Setting next_dagrun for dag_python_operator_v05 to 2024-05-22 00:00:00+00:00, run_after=2024-05-23 00:00:00+00:00
[2024-05-26T12:29:56.499+0000] {processor.py:183} INFO - Processing /opt/airflow/dags/create_dag_python_operator_2.py took 0.049 seconds
[2024-05-26T12:43:12.360+0000] {processor.py:161} INFO - Started process (PID=10554) to work on /opt/airflow/dags/create_dag_python_operator_2.py
[2024-05-26T12:43:12.360+0000] {processor.py:830} INFO - Processing file /opt/airflow/dags/create_dag_python_operator_2.py for tasks to queue
[2024-05-26T12:43:12.361+0000] {logging_mixin.py:188} INFO - [2024-05-26T12:43:12.360+0000] {dagbag.py:545} INFO - Filling up the DagBag from /opt/airflow/dags/create_dag_python_operator_2.py
[2024-05-26T12:43:12.366+0000] {processor.py:840} INFO - DAG(s) 'dag_python_operator_v05' retrieved from /opt/airflow/dags/create_dag_python_operator_2.py
[2024-05-26T12:43:12.377+0000] {logging_mixin.py:188} INFO - [2024-05-26T12:43:12.377+0000] {dag.py:3096} INFO - Sync 1 DAGs
[2024-05-26T12:43:12.385+0000] {logging_mixin.py:188} INFO - [2024-05-26T12:43:12.385+0000] {dag.py:3954} INFO - Setting next_dagrun for dag_python_operator_v05 to 2024-05-22 00:00:00+00:00, run_after=2024-05-23 00:00:00+00:00
[2024-05-26T12:43:12.392+0000] {processor.py:183} INFO - Processing /opt/airflow/dags/create_dag_python_operator_2.py took 0.035 seconds
[2024-05-26T12:58:43.086+0000] {processor.py:161} INFO - Started process (PID=10575) to work on /opt/airflow/dags/create_dag_python_operator_2.py
[2024-05-26T12:58:43.086+0000] {processor.py:830} INFO - Processing file /opt/airflow/dags/create_dag_python_operator_2.py for tasks to queue
[2024-05-26T12:58:43.087+0000] {logging_mixin.py:188} INFO - [2024-05-26T12:58:43.087+0000] {dagbag.py:545} INFO - Filling up the DagBag from /opt/airflow/dags/create_dag_python_operator_2.py
[2024-05-26T12:58:43.095+0000] {processor.py:840} INFO - DAG(s) 'dag_python_operator_v05' retrieved from /opt/airflow/dags/create_dag_python_operator_2.py
[2024-05-26T12:58:43.107+0000] {logging_mixin.py:188} INFO - [2024-05-26T12:58:43.107+0000] {dag.py:3096} INFO - Sync 1 DAGs
[2024-05-26T12:58:43.116+0000] {logging_mixin.py:188} INFO - [2024-05-26T12:58:43.116+0000] {dag.py:3954} INFO - Setting next_dagrun for dag_python_operator_v05 to 2024-05-22 00:00:00+00:00, run_after=2024-05-23 00:00:00+00:00
[2024-05-26T12:58:43.122+0000] {processor.py:183} INFO - Processing /opt/airflow/dags/create_dag_python_operator_2.py took 0.041 seconds
[2024-05-26T13:14:13.522+0000] {processor.py:161} INFO - Started process (PID=10596) to work on /opt/airflow/dags/create_dag_python_operator_2.py
[2024-05-26T13:14:13.523+0000] {processor.py:830} INFO - Processing file /opt/airflow/dags/create_dag_python_operator_2.py for tasks to queue
[2024-05-26T13:14:13.524+0000] {logging_mixin.py:188} INFO - [2024-05-26T13:14:13.524+0000] {dagbag.py:545} INFO - Filling up the DagBag from /opt/airflow/dags/create_dag_python_operator_2.py
[2024-05-26T13:14:13.533+0000] {processor.py:840} INFO - DAG(s) 'dag_python_operator_v05' retrieved from /opt/airflow/dags/create_dag_python_operator_2.py
[2024-05-26T13:14:13.547+0000] {logging_mixin.py:188} INFO - [2024-05-26T13:14:13.547+0000] {dag.py:3096} INFO - Sync 1 DAGs
[2024-05-26T13:14:13.557+0000] {logging_mixin.py:188} INFO - [2024-05-26T13:14:13.557+0000] {dag.py:3954} INFO - Setting next_dagrun for dag_python_operator_v05 to 2024-05-22 00:00:00+00:00, run_after=2024-05-23 00:00:00+00:00
[2024-05-26T13:14:13.564+0000] {processor.py:183} INFO - Processing /opt/airflow/dags/create_dag_python_operator_2.py took 0.047 seconds
[2024-05-26T13:29:43.255+0000] {processor.py:161} INFO - Started process (PID=10617) to work on /opt/airflow/dags/create_dag_python_operator_2.py
[2024-05-26T13:29:43.255+0000] {processor.py:830} INFO - Processing file /opt/airflow/dags/create_dag_python_operator_2.py for tasks to queue
[2024-05-26T13:29:43.256+0000] {logging_mixin.py:188} INFO - [2024-05-26T13:29:43.256+0000] {dagbag.py:545} INFO - Filling up the DagBag from /opt/airflow/dags/create_dag_python_operator_2.py
[2024-05-26T13:29:43.265+0000] {processor.py:840} INFO - DAG(s) 'dag_python_operator_v05' retrieved from /opt/airflow/dags/create_dag_python_operator_2.py
[2024-05-26T13:29:43.279+0000] {logging_mixin.py:188} INFO - [2024-05-26T13:29:43.279+0000] {dag.py:3096} INFO - Sync 1 DAGs
[2024-05-26T13:29:43.289+0000] {logging_mixin.py:188} INFO - [2024-05-26T13:29:43.289+0000] {dag.py:3954} INFO - Setting next_dagrun for dag_python_operator_v05 to 2024-05-22 00:00:00+00:00, run_after=2024-05-23 00:00:00+00:00
[2024-05-26T13:29:43.297+0000] {processor.py:183} INFO - Processing /opt/airflow/dags/create_dag_python_operator_2.py took 0.046 seconds
[2024-05-26T13:59:22.773+0000] {processor.py:161} INFO - Started process (PID=10638) to work on /opt/airflow/dags/create_dag_python_operator_2.py
[2024-05-26T13:59:22.774+0000] {processor.py:830} INFO - Processing file /opt/airflow/dags/create_dag_python_operator_2.py for tasks to queue
[2024-05-26T13:59:22.775+0000] {logging_mixin.py:188} INFO - [2024-05-26T13:59:22.775+0000] {dagbag.py:545} INFO - Filling up the DagBag from /opt/airflow/dags/create_dag_python_operator_2.py
[2024-05-26T13:59:22.784+0000] {processor.py:840} INFO - DAG(s) 'dag_python_operator_v05' retrieved from /opt/airflow/dags/create_dag_python_operator_2.py
[2024-05-26T13:59:22.801+0000] {logging_mixin.py:188} INFO - [2024-05-26T13:59:22.800+0000] {dag.py:3096} INFO - Sync 1 DAGs
[2024-05-26T13:59:22.811+0000] {logging_mixin.py:188} INFO - [2024-05-26T13:59:22.811+0000] {dag.py:3954} INFO - Setting next_dagrun for dag_python_operator_v05 to 2024-05-22 00:00:00+00:00, run_after=2024-05-23 00:00:00+00:00
[2024-05-26T13:59:22.820+0000] {processor.py:183} INFO - Processing /opt/airflow/dags/create_dag_python_operator_2.py took 0.052 seconds
[2024-05-26T14:14:53.275+0000] {processor.py:161} INFO - Started process (PID=10659) to work on /opt/airflow/dags/create_dag_python_operator_2.py
[2024-05-26T14:14:53.276+0000] {processor.py:830} INFO - Processing file /opt/airflow/dags/create_dag_python_operator_2.py for tasks to queue
[2024-05-26T14:14:53.277+0000] {logging_mixin.py:188} INFO - [2024-05-26T14:14:53.276+0000] {dagbag.py:545} INFO - Filling up the DagBag from /opt/airflow/dags/create_dag_python_operator_2.py
[2024-05-26T14:14:53.287+0000] {processor.py:840} INFO - DAG(s) 'dag_python_operator_v05' retrieved from /opt/airflow/dags/create_dag_python_operator_2.py
[2024-05-26T14:14:53.303+0000] {logging_mixin.py:188} INFO - [2024-05-26T14:14:53.303+0000] {dag.py:3096} INFO - Sync 1 DAGs
[2024-05-26T14:14:53.313+0000] {logging_mixin.py:188} INFO - [2024-05-26T14:14:53.313+0000] {dag.py:3954} INFO - Setting next_dagrun for dag_python_operator_v05 to 2024-05-22 00:00:00+00:00, run_after=2024-05-23 00:00:00+00:00
[2024-05-26T14:14:53.320+0000] {processor.py:183} INFO - Processing /opt/airflow/dags/create_dag_python_operator_2.py took 0.052 seconds
[2024-05-26T14:30:22.827+0000] {processor.py:161} INFO - Started process (PID=10680) to work on /opt/airflow/dags/create_dag_python_operator_2.py
[2024-05-26T14:30:22.828+0000] {processor.py:830} INFO - Processing file /opt/airflow/dags/create_dag_python_operator_2.py for tasks to queue
[2024-05-26T14:30:22.828+0000] {logging_mixin.py:188} INFO - [2024-05-26T14:30:22.828+0000] {dagbag.py:545} INFO - Filling up the DagBag from /opt/airflow/dags/create_dag_python_operator_2.py
[2024-05-26T14:30:22.836+0000] {processor.py:840} INFO - DAG(s) 'dag_python_operator_v05' retrieved from /opt/airflow/dags/create_dag_python_operator_2.py
[2024-05-26T14:30:22.851+0000] {logging_mixin.py:188} INFO - [2024-05-26T14:30:22.850+0000] {dag.py:3096} INFO - Sync 1 DAGs
[2024-05-26T14:30:22.860+0000] {logging_mixin.py:188} INFO - [2024-05-26T14:30:22.860+0000] {dag.py:3954} INFO - Setting next_dagrun for dag_python_operator_v05 to 2024-05-22 00:00:00+00:00, run_after=2024-05-23 00:00:00+00:00
[2024-05-26T14:30:22.867+0000] {processor.py:183} INFO - Processing /opt/airflow/dags/create_dag_python_operator_2.py took 0.045 seconds
[2024-05-26T15:00:28.051+0000] {processor.py:161} INFO - Started process (PID=10701) to work on /opt/airflow/dags/create_dag_python_operator_2.py
[2024-05-26T15:00:28.052+0000] {processor.py:830} INFO - Processing file /opt/airflow/dags/create_dag_python_operator_2.py for tasks to queue
[2024-05-26T15:00:28.052+0000] {logging_mixin.py:188} INFO - [2024-05-26T15:00:28.052+0000] {dagbag.py:545} INFO - Filling up the DagBag from /opt/airflow/dags/create_dag_python_operator_2.py
[2024-05-26T15:00:28.060+0000] {processor.py:840} INFO - DAG(s) 'dag_python_operator_v05' retrieved from /opt/airflow/dags/create_dag_python_operator_2.py
[2024-05-26T15:00:28.074+0000] {logging_mixin.py:188} INFO - [2024-05-26T15:00:28.074+0000] {dag.py:3096} INFO - Sync 1 DAGs
[2024-05-26T15:00:28.083+0000] {logging_mixin.py:188} INFO - [2024-05-26T15:00:28.083+0000] {dag.py:3954} INFO - Setting next_dagrun for dag_python_operator_v05 to 2024-05-22 00:00:00+00:00, run_after=2024-05-23 00:00:00+00:00
[2024-05-26T15:00:28.089+0000] {processor.py:183} INFO - Processing /opt/airflow/dags/create_dag_python_operator_2.py took 0.042 seconds
[2024-05-26T15:15:57.463+0000] {processor.py:161} INFO - Started process (PID=10722) to work on /opt/airflow/dags/create_dag_python_operator_2.py
[2024-05-26T15:15:57.464+0000] {processor.py:830} INFO - Processing file /opt/airflow/dags/create_dag_python_operator_2.py for tasks to queue
[2024-05-26T15:15:57.465+0000] {logging_mixin.py:188} INFO - [2024-05-26T15:15:57.465+0000] {dagbag.py:545} INFO - Filling up the DagBag from /opt/airflow/dags/create_dag_python_operator_2.py
[2024-05-26T15:15:57.473+0000] {processor.py:840} INFO - DAG(s) 'dag_python_operator_v05' retrieved from /opt/airflow/dags/create_dag_python_operator_2.py
[2024-05-26T15:15:57.487+0000] {logging_mixin.py:188} INFO - [2024-05-26T15:15:57.487+0000] {dag.py:3096} INFO - Sync 1 DAGs
[2024-05-26T15:15:57.496+0000] {logging_mixin.py:188} INFO - [2024-05-26T15:15:57.496+0000] {dag.py:3954} INFO - Setting next_dagrun for dag_python_operator_v05 to 2024-05-22 00:00:00+00:00, run_after=2024-05-23 00:00:00+00:00
[2024-05-26T15:15:57.503+0000] {processor.py:183} INFO - Processing /opt/airflow/dags/create_dag_python_operator_2.py took 0.045 seconds
[2024-05-26T15:25:23.026+0000] {processor.py:161} INFO - Started process (PID=10743) to work on /opt/airflow/dags/create_dag_python_operator_2.py
[2024-05-26T15:25:23.027+0000] {processor.py:830} INFO - Processing file /opt/airflow/dags/create_dag_python_operator_2.py for tasks to queue
[2024-05-26T15:25:23.028+0000] {logging_mixin.py:188} INFO - [2024-05-26T15:25:23.028+0000] {dagbag.py:545} INFO - Filling up the DagBag from /opt/airflow/dags/create_dag_python_operator_2.py
[2024-05-26T15:25:23.036+0000] {processor.py:840} INFO - DAG(s) 'dag_python_operator_v05' retrieved from /opt/airflow/dags/create_dag_python_operator_2.py
[2024-05-26T15:25:23.051+0000] {logging_mixin.py:188} INFO - [2024-05-26T15:25:23.051+0000] {dag.py:3096} INFO - Sync 1 DAGs
[2024-05-26T15:25:23.060+0000] {logging_mixin.py:188} INFO - [2024-05-26T15:25:23.060+0000] {dag.py:3954} INFO - Setting next_dagrun for dag_python_operator_v05 to 2024-05-22 00:00:00+00:00, run_after=2024-05-23 00:00:00+00:00
[2024-05-26T15:25:23.068+0000] {processor.py:183} INFO - Processing /opt/airflow/dags/create_dag_python_operator_2.py took 0.048 seconds
[2024-05-26T15:46:03.175+0000] {processor.py:161} INFO - Started process (PID=10764) to work on /opt/airflow/dags/create_dag_python_operator_2.py
[2024-05-26T15:46:03.176+0000] {processor.py:830} INFO - Processing file /opt/airflow/dags/create_dag_python_operator_2.py for tasks to queue
[2024-05-26T15:46:03.177+0000] {logging_mixin.py:188} INFO - [2024-05-26T15:46:03.177+0000] {dagbag.py:545} INFO - Filling up the DagBag from /opt/airflow/dags/create_dag_python_operator_2.py
[2024-05-26T15:46:03.185+0000] {processor.py:840} INFO - DAG(s) 'dag_python_operator_v05' retrieved from /opt/airflow/dags/create_dag_python_operator_2.py
[2024-05-26T15:46:03.199+0000] {logging_mixin.py:188} INFO - [2024-05-26T15:46:03.199+0000] {dag.py:3096} INFO - Sync 1 DAGs
[2024-05-26T15:46:03.210+0000] {logging_mixin.py:188} INFO - [2024-05-26T15:46:03.209+0000] {dag.py:3954} INFO - Setting next_dagrun for dag_python_operator_v05 to 2024-05-22 00:00:00+00:00, run_after=2024-05-23 00:00:00+00:00
[2024-05-26T15:46:03.217+0000] {processor.py:183} INFO - Processing /opt/airflow/dags/create_dag_python_operator_2.py took 0.046 seconds
[2024-05-26T16:01:33.597+0000] {processor.py:161} INFO - Started process (PID=10785) to work on /opt/airflow/dags/create_dag_python_operator_2.py
[2024-05-26T16:01:33.598+0000] {processor.py:830} INFO - Processing file /opt/airflow/dags/create_dag_python_operator_2.py for tasks to queue
[2024-05-26T16:01:33.600+0000] {logging_mixin.py:188} INFO - [2024-05-26T16:01:33.600+0000] {dagbag.py:545} INFO - Filling up the DagBag from /opt/airflow/dags/create_dag_python_operator_2.py
[2024-05-26T16:01:33.629+0000] {processor.py:840} INFO - DAG(s) 'dag_python_operator_v05' retrieved from /opt/airflow/dags/create_dag_python_operator_2.py
[2024-05-26T16:01:33.713+0000] {logging_mixin.py:188} INFO - [2024-05-26T16:01:33.712+0000] {dag.py:3096} INFO - Sync 1 DAGs
[2024-05-26T16:01:33.752+0000] {logging_mixin.py:188} INFO - [2024-05-26T16:01:33.751+0000] {dag.py:3954} INFO - Setting next_dagrun for dag_python_operator_v05 to 2024-05-22 00:00:00+00:00, run_after=2024-05-23 00:00:00+00:00
[2024-05-26T16:01:33.780+0000] {processor.py:183} INFO - Processing /opt/airflow/dags/create_dag_python_operator_2.py took 0.190 seconds
[2024-05-26T16:15:24.512+0000] {processor.py:161} INFO - Started process (PID=10806) to work on /opt/airflow/dags/create_dag_python_operator_2.py
[2024-05-26T16:15:24.513+0000] {processor.py:830} INFO - Processing file /opt/airflow/dags/create_dag_python_operator_2.py for tasks to queue
[2024-05-26T16:15:24.513+0000] {logging_mixin.py:188} INFO - [2024-05-26T16:15:24.513+0000] {dagbag.py:545} INFO - Filling up the DagBag from /opt/airflow/dags/create_dag_python_operator_2.py
[2024-05-26T16:15:24.524+0000] {processor.py:840} INFO - DAG(s) 'dag_python_operator_v05' retrieved from /opt/airflow/dags/create_dag_python_operator_2.py
[2024-05-26T16:15:24.540+0000] {logging_mixin.py:188} INFO - [2024-05-26T16:15:24.539+0000] {dag.py:3096} INFO - Sync 1 DAGs
[2024-05-26T16:15:24.550+0000] {logging_mixin.py:188} INFO - [2024-05-26T16:15:24.550+0000] {dag.py:3954} INFO - Setting next_dagrun for dag_python_operator_v05 to 2024-05-22 00:00:00+00:00, run_after=2024-05-23 00:00:00+00:00
[2024-05-26T16:15:24.557+0000] {processor.py:183} INFO - Processing /opt/airflow/dags/create_dag_python_operator_2.py took 0.050 seconds
[2024-05-26T16:15:55.043+0000] {processor.py:161} INFO - Started process (PID=10827) to work on /opt/airflow/dags/create_dag_python_operator_2.py
[2024-05-26T16:15:55.044+0000] {processor.py:830} INFO - Processing file /opt/airflow/dags/create_dag_python_operator_2.py for tasks to queue
[2024-05-26T16:15:55.045+0000] {logging_mixin.py:188} INFO - [2024-05-26T16:15:55.044+0000] {dagbag.py:545} INFO - Filling up the DagBag from /opt/airflow/dags/create_dag_python_operator_2.py
[2024-05-26T16:15:55.055+0000] {processor.py:840} INFO - DAG(s) 'dag_python_operator_v05' retrieved from /opt/airflow/dags/create_dag_python_operator_2.py
[2024-05-26T16:15:55.071+0000] {logging_mixin.py:188} INFO - [2024-05-26T16:15:55.071+0000] {dag.py:3096} INFO - Sync 1 DAGs
[2024-05-26T16:15:55.081+0000] {logging_mixin.py:188} INFO - [2024-05-26T16:15:55.081+0000] {dag.py:3954} INFO - Setting next_dagrun for dag_python_operator_v05 to 2024-05-22 00:00:00+00:00, run_after=2024-05-23 00:00:00+00:00
[2024-05-26T16:15:55.089+0000] {processor.py:183} INFO - Processing /opt/airflow/dags/create_dag_python_operator_2.py took 0.053 seconds
[2024-05-26T16:40:28.479+0000] {processor.py:161} INFO - Started process (PID=10848) to work on /opt/airflow/dags/create_dag_python_operator_2.py
[2024-05-26T16:40:28.480+0000] {processor.py:830} INFO - Processing file /opt/airflow/dags/create_dag_python_operator_2.py for tasks to queue
[2024-05-26T16:40:28.481+0000] {logging_mixin.py:188} INFO - [2024-05-26T16:40:28.481+0000] {dagbag.py:545} INFO - Filling up the DagBag from /opt/airflow/dags/create_dag_python_operator_2.py
[2024-05-26T16:40:28.489+0000] {processor.py:840} INFO - DAG(s) 'dag_python_operator_v05' retrieved from /opt/airflow/dags/create_dag_python_operator_2.py
[2024-05-26T16:40:28.502+0000] {logging_mixin.py:188} INFO - [2024-05-26T16:40:28.502+0000] {dag.py:3096} INFO - Sync 1 DAGs
[2024-05-26T16:40:28.511+0000] {logging_mixin.py:188} INFO - [2024-05-26T16:40:28.511+0000] {dag.py:3954} INFO - Setting next_dagrun for dag_python_operator_v05 to 2024-05-22 00:00:00+00:00, run_after=2024-05-23 00:00:00+00:00
[2024-05-26T16:40:28.518+0000] {processor.py:183} INFO - Processing /opt/airflow/dags/create_dag_python_operator_2.py took 0.043 seconds
[2024-05-26T16:49:46.628+0000] {processor.py:161} INFO - Started process (PID=10868) to work on /opt/airflow/dags/create_dag_python_operator_2.py
[2024-05-26T16:49:46.628+0000] {processor.py:830} INFO - Processing file /opt/airflow/dags/create_dag_python_operator_2.py for tasks to queue
[2024-05-26T16:49:46.629+0000] {logging_mixin.py:188} INFO - [2024-05-26T16:49:46.629+0000] {dagbag.py:545} INFO - Filling up the DagBag from /opt/airflow/dags/create_dag_python_operator_2.py
[2024-05-26T16:49:46.637+0000] {processor.py:840} INFO - DAG(s) 'dag_python_operator_v05' retrieved from /opt/airflow/dags/create_dag_python_operator_2.py
[2024-05-26T16:49:46.651+0000] {logging_mixin.py:188} INFO - [2024-05-26T16:49:46.651+0000] {dag.py:3096} INFO - Sync 1 DAGs
[2024-05-26T16:49:46.660+0000] {logging_mixin.py:188} INFO - [2024-05-26T16:49:46.660+0000] {dag.py:3954} INFO - Setting next_dagrun for dag_python_operator_v05 to 2024-05-22 00:00:00+00:00, run_after=2024-05-23 00:00:00+00:00
[2024-05-26T16:49:46.667+0000] {processor.py:183} INFO - Processing /opt/airflow/dags/create_dag_python_operator_2.py took 0.045 seconds
[2024-05-26T17:20:16.233+0000] {processor.py:161} INFO - Started process (PID=10889) to work on /opt/airflow/dags/create_dag_python_operator_2.py
[2024-05-26T17:20:16.234+0000] {processor.py:830} INFO - Processing file /opt/airflow/dags/create_dag_python_operator_2.py for tasks to queue
[2024-05-26T17:20:16.235+0000] {logging_mixin.py:188} INFO - [2024-05-26T17:20:16.234+0000] {dagbag.py:545} INFO - Filling up the DagBag from /opt/airflow/dags/create_dag_python_operator_2.py
[2024-05-26T17:20:16.244+0000] {processor.py:840} INFO - DAG(s) 'dag_python_operator_v05' retrieved from /opt/airflow/dags/create_dag_python_operator_2.py
[2024-05-26T17:20:16.258+0000] {logging_mixin.py:188} INFO - [2024-05-26T17:20:16.258+0000] {dag.py:3096} INFO - Sync 1 DAGs
[2024-05-26T17:20:16.268+0000] {logging_mixin.py:188} INFO - [2024-05-26T17:20:16.267+0000] {dag.py:3954} INFO - Setting next_dagrun for dag_python_operator_v05 to 2024-05-22 00:00:00+00:00, run_after=2024-05-23 00:00:00+00:00
[2024-05-26T17:20:16.274+0000] {processor.py:183} INFO - Processing /opt/airflow/dags/create_dag_python_operator_2.py took 0.044 seconds
[2024-05-26T17:25:39.205+0000] {processor.py:161} INFO - Started process (PID=10909) to work on /opt/airflow/dags/create_dag_python_operator_2.py
[2024-05-26T17:25:39.205+0000] {processor.py:830} INFO - Processing file /opt/airflow/dags/create_dag_python_operator_2.py for tasks to queue
[2024-05-26T17:25:39.206+0000] {logging_mixin.py:188} INFO - [2024-05-26T17:25:39.206+0000] {dagbag.py:545} INFO - Filling up the DagBag from /opt/airflow/dags/create_dag_python_operator_2.py
[2024-05-26T17:25:39.214+0000] {processor.py:840} INFO - DAG(s) 'dag_python_operator_v05' retrieved from /opt/airflow/dags/create_dag_python_operator_2.py
[2024-05-26T17:25:39.229+0000] {logging_mixin.py:188} INFO - [2024-05-26T17:25:39.229+0000] {dag.py:3096} INFO - Sync 1 DAGs
[2024-05-26T17:25:39.238+0000] {logging_mixin.py:188} INFO - [2024-05-26T17:25:39.238+0000] {dag.py:3954} INFO - Setting next_dagrun for dag_python_operator_v05 to 2024-05-22 00:00:00+00:00, run_after=2024-05-23 00:00:00+00:00
[2024-05-26T17:25:39.245+0000] {processor.py:183} INFO - Processing /opt/airflow/dags/create_dag_python_operator_2.py took 0.045 seconds
[2024-05-26T17:42:37.210+0000] {processor.py:161} INFO - Started process (PID=10930) to work on /opt/airflow/dags/create_dag_python_operator_2.py
[2024-05-26T17:42:37.211+0000] {processor.py:830} INFO - Processing file /opt/airflow/dags/create_dag_python_operator_2.py for tasks to queue
[2024-05-26T17:42:37.211+0000] {logging_mixin.py:188} INFO - [2024-05-26T17:42:37.211+0000] {dagbag.py:545} INFO - Filling up the DagBag from /opt/airflow/dags/create_dag_python_operator_2.py
[2024-05-26T17:42:37.220+0000] {processor.py:840} INFO - DAG(s) 'dag_python_operator_v05' retrieved from /opt/airflow/dags/create_dag_python_operator_2.py
[2024-05-26T17:42:37.234+0000] {logging_mixin.py:188} INFO - [2024-05-26T17:42:37.234+0000] {dag.py:3096} INFO - Sync 1 DAGs
[2024-05-26T17:42:37.243+0000] {logging_mixin.py:188} INFO - [2024-05-26T17:42:37.243+0000] {dag.py:3954} INFO - Setting next_dagrun for dag_python_operator_v05 to 2024-05-22 00:00:00+00:00, run_after=2024-05-23 00:00:00+00:00
[2024-05-26T17:42:37.250+0000] {processor.py:183} INFO - Processing /opt/airflow/dags/create_dag_python_operator_2.py took 0.045 seconds
[2024-05-26T18:50:46.277+0000] {processor.py:161} INFO - Started process (PID=10951) to work on /opt/airflow/dags/create_dag_python_operator_2.py
[2024-05-26T18:50:46.278+0000] {processor.py:830} INFO - Processing file /opt/airflow/dags/create_dag_python_operator_2.py for tasks to queue
[2024-05-26T18:50:46.279+0000] {logging_mixin.py:188} INFO - [2024-05-26T18:50:46.279+0000] {dagbag.py:545} INFO - Filling up the DagBag from /opt/airflow/dags/create_dag_python_operator_2.py
[2024-05-26T18:50:46.288+0000] {processor.py:840} INFO - DAG(s) 'dag_python_operator_v05' retrieved from /opt/airflow/dags/create_dag_python_operator_2.py
[2024-05-26T18:50:46.303+0000] {logging_mixin.py:188} INFO - [2024-05-26T18:50:46.303+0000] {dag.py:3096} INFO - Sync 1 DAGs
[2024-05-26T18:50:46.313+0000] {logging_mixin.py:188} INFO - [2024-05-26T18:50:46.312+0000] {dag.py:3954} INFO - Setting next_dagrun for dag_python_operator_v05 to 2024-05-22 00:00:00+00:00, run_after=2024-05-23 00:00:00+00:00
[2024-05-26T18:50:46.320+0000] {processor.py:183} INFO - Processing /opt/airflow/dags/create_dag_python_operator_2.py took 0.048 seconds
[2024-05-26T19:51:52.423+0000] {processor.py:161} INFO - Started process (PID=10972) to work on /opt/airflow/dags/create_dag_python_operator_2.py
[2024-05-26T19:51:52.423+0000] {processor.py:830} INFO - Processing file /opt/airflow/dags/create_dag_python_operator_2.py for tasks to queue
[2024-05-26T19:51:52.424+0000] {logging_mixin.py:188} INFO - [2024-05-26T19:51:52.424+0000] {dagbag.py:545} INFO - Filling up the DagBag from /opt/airflow/dags/create_dag_python_operator_2.py
[2024-05-26T19:51:52.432+0000] {processor.py:840} INFO - DAG(s) 'dag_python_operator_v05' retrieved from /opt/airflow/dags/create_dag_python_operator_2.py
[2024-05-26T19:51:52.446+0000] {logging_mixin.py:188} INFO - [2024-05-26T19:51:52.446+0000] {dag.py:3096} INFO - Sync 1 DAGs
[2024-05-26T19:51:52.456+0000] {logging_mixin.py:188} INFO - [2024-05-26T19:51:52.456+0000] {dag.py:3954} INFO - Setting next_dagrun for dag_python_operator_v05 to 2024-05-22 00:00:00+00:00, run_after=2024-05-23 00:00:00+00:00
[2024-05-26T19:51:52.463+0000] {processor.py:183} INFO - Processing /opt/airflow/dags/create_dag_python_operator_2.py took 0.046 seconds
[2024-05-26T21:09:27.030+0000] {processor.py:161} INFO - Started process (PID=10993) to work on /opt/airflow/dags/create_dag_python_operator_2.py
[2024-05-26T21:09:27.030+0000] {processor.py:830} INFO - Processing file /opt/airflow/dags/create_dag_python_operator_2.py for tasks to queue
[2024-05-26T21:09:27.031+0000] {logging_mixin.py:188} INFO - [2024-05-26T21:09:27.031+0000] {dagbag.py:545} INFO - Filling up the DagBag from /opt/airflow/dags/create_dag_python_operator_2.py
[2024-05-26T21:09:27.039+0000] {processor.py:840} INFO - DAG(s) 'dag_python_operator_v05' retrieved from /opt/airflow/dags/create_dag_python_operator_2.py
[2024-05-26T21:09:27.055+0000] {logging_mixin.py:188} INFO - [2024-05-26T21:09:27.055+0000] {dag.py:3096} INFO - Sync 1 DAGs
[2024-05-26T21:09:27.068+0000] {logging_mixin.py:188} INFO - [2024-05-26T21:09:27.068+0000] {dag.py:3954} INFO - Setting next_dagrun for dag_python_operator_v05 to 2024-05-22 00:00:00+00:00, run_after=2024-05-23 00:00:00+00:00
[2024-05-26T21:09:27.078+0000] {processor.py:183} INFO - Processing /opt/airflow/dags/create_dag_python_operator_2.py took 0.052 seconds
[2024-05-26T22:42:31.760+0000] {processor.py:161} INFO - Started process (PID=11014) to work on /opt/airflow/dags/create_dag_python_operator_2.py
[2024-05-26T22:42:31.761+0000] {processor.py:830} INFO - Processing file /opt/airflow/dags/create_dag_python_operator_2.py for tasks to queue
[2024-05-26T22:42:31.762+0000] {logging_mixin.py:188} INFO - [2024-05-26T22:42:31.761+0000] {dagbag.py:545} INFO - Filling up the DagBag from /opt/airflow/dags/create_dag_python_operator_2.py
[2024-05-26T22:42:31.770+0000] {processor.py:840} INFO - DAG(s) 'dag_python_operator_v05' retrieved from /opt/airflow/dags/create_dag_python_operator_2.py
[2024-05-26T22:42:31.784+0000] {logging_mixin.py:188} INFO - [2024-05-26T22:42:31.784+0000] {dag.py:3096} INFO - Sync 1 DAGs
[2024-05-26T22:42:31.793+0000] {logging_mixin.py:188} INFO - [2024-05-26T22:42:31.793+0000] {dag.py:3954} INFO - Setting next_dagrun for dag_python_operator_v05 to 2024-05-22 00:00:00+00:00, run_after=2024-05-23 00:00:00+00:00
[2024-05-26T22:42:31.800+0000] {processor.py:183} INFO - Processing /opt/airflow/dags/create_dag_python_operator_2.py took 0.044 seconds
[2024-05-26T23:55:46.085+0000] {processor.py:161} INFO - Started process (PID=11035) to work on /opt/airflow/dags/create_dag_python_operator_2.py
[2024-05-26T23:55:46.086+0000] {processor.py:830} INFO - Processing file /opt/airflow/dags/create_dag_python_operator_2.py for tasks to queue
[2024-05-26T23:55:46.086+0000] {logging_mixin.py:188} INFO - [2024-05-26T23:55:46.086+0000] {dagbag.py:545} INFO - Filling up the DagBag from /opt/airflow/dags/create_dag_python_operator_2.py
[2024-05-26T23:55:46.091+0000] {processor.py:840} INFO - DAG(s) 'dag_python_operator_v05' retrieved from /opt/airflow/dags/create_dag_python_operator_2.py
[2024-05-26T23:55:46.104+0000] {logging_mixin.py:188} INFO - [2024-05-26T23:55:46.104+0000] {dag.py:3096} INFO - Sync 1 DAGs
[2024-05-26T23:55:46.113+0000] {logging_mixin.py:188} INFO - [2024-05-26T23:55:46.113+0000] {dag.py:3954} INFO - Setting next_dagrun for dag_python_operator_v05 to 2024-05-22 00:00:00+00:00, run_after=2024-05-23 00:00:00+00:00
[2024-05-26T23:55:46.120+0000] {processor.py:183} INFO - Processing /opt/airflow/dags/create_dag_python_operator_2.py took 0.038 seconds
