[2024-05-26T00:10:24.839+0000] {processor.py:161} INFO - Started process (PID=9597) to work on /opt/airflow/dags/create_dag_with_python_operator.py
[2024-05-26T00:10:24.839+0000] {processor.py:830} INFO - Processing file /opt/airflow/dags/create_dag_with_python_operator.py for tasks to queue
[2024-05-26T00:10:24.840+0000] {logging_mixin.py:188} INFO - [2024-05-26T00:10:24.840+0000] {dagbag.py:545} INFO - Filling up the DagBag from /opt/airflow/dags/create_dag_with_python_operator.py
[2024-05-26T00:10:24.847+0000] {processor.py:840} INFO - DAG(s) 'dag_python_operator_v03' retrieved from /opt/airflow/dags/create_dag_with_python_operator.py
[2024-05-26T00:10:24.861+0000] {logging_mixin.py:188} INFO - [2024-05-26T00:10:24.860+0000] {dag.py:3096} INFO - Sync 1 DAGs
[2024-05-26T00:10:24.870+0000] {logging_mixin.py:188} INFO - [2024-05-26T00:10:24.870+0000] {dag.py:3954} INFO - Setting next_dagrun for dag_python_operator_v03 to 2024-05-25 00:00:00+00:00, run_after=2024-05-26 00:00:00+00:00
[2024-05-26T00:10:24.876+0000] {processor.py:183} INFO - Processing /opt/airflow/dags/create_dag_with_python_operator.py took 0.041 seconds
[2024-05-26T00:25:55.315+0000] {processor.py:161} INFO - Started process (PID=9618) to work on /opt/airflow/dags/create_dag_with_python_operator.py
[2024-05-26T00:25:55.316+0000] {processor.py:830} INFO - Processing file /opt/airflow/dags/create_dag_with_python_operator.py for tasks to queue
[2024-05-26T00:25:55.316+0000] {logging_mixin.py:188} INFO - [2024-05-26T00:25:55.316+0000] {dagbag.py:545} INFO - Filling up the DagBag from /opt/airflow/dags/create_dag_with_python_operator.py
[2024-05-26T00:25:55.324+0000] {processor.py:840} INFO - DAG(s) 'dag_python_operator_v03' retrieved from /opt/airflow/dags/create_dag_with_python_operator.py
[2024-05-26T00:25:55.338+0000] {logging_mixin.py:188} INFO - [2024-05-26T00:25:55.337+0000] {dag.py:3096} INFO - Sync 1 DAGs
[2024-05-26T00:25:55.348+0000] {logging_mixin.py:188} INFO - [2024-05-26T00:25:55.348+0000] {dag.py:3954} INFO - Setting next_dagrun for dag_python_operator_v03 to 2024-05-25 00:00:00+00:00, run_after=2024-05-26 00:00:00+00:00
[2024-05-26T00:25:55.355+0000] {processor.py:183} INFO - Processing /opt/airflow/dags/create_dag_with_python_operator.py took 0.044 seconds
[2024-05-26T00:39:00.956+0000] {processor.py:161} INFO - Started process (PID=9638) to work on /opt/airflow/dags/create_dag_with_python_operator.py
[2024-05-26T00:39:00.956+0000] {processor.py:830} INFO - Processing file /opt/airflow/dags/create_dag_with_python_operator.py for tasks to queue
[2024-05-26T00:39:00.957+0000] {logging_mixin.py:188} INFO - [2024-05-26T00:39:00.957+0000] {dagbag.py:545} INFO - Filling up the DagBag from /opt/airflow/dags/create_dag_with_python_operator.py
[2024-05-26T00:39:00.964+0000] {processor.py:840} INFO - DAG(s) 'dag_python_operator_v03' retrieved from /opt/airflow/dags/create_dag_with_python_operator.py
[2024-05-26T00:39:00.978+0000] {logging_mixin.py:188} INFO - [2024-05-26T00:39:00.978+0000] {dag.py:3096} INFO - Sync 1 DAGs
[2024-05-26T00:39:00.988+0000] {logging_mixin.py:188} INFO - [2024-05-26T00:39:00.988+0000] {dag.py:3954} INFO - Setting next_dagrun for dag_python_operator_v03 to 2024-05-25 00:00:00+00:00, run_after=2024-05-26 00:00:00+00:00
[2024-05-26T00:39:00.995+0000] {processor.py:183} INFO - Processing /opt/airflow/dags/create_dag_with_python_operator.py took 0.043 seconds
[2024-05-26T00:54:31.444+0000] {processor.py:161} INFO - Started process (PID=9659) to work on /opt/airflow/dags/create_dag_with_python_operator.py
[2024-05-26T00:54:31.444+0000] {processor.py:830} INFO - Processing file /opt/airflow/dags/create_dag_with_python_operator.py for tasks to queue
[2024-05-26T00:54:31.445+0000] {logging_mixin.py:188} INFO - [2024-05-26T00:54:31.445+0000] {dagbag.py:545} INFO - Filling up the DagBag from /opt/airflow/dags/create_dag_with_python_operator.py
[2024-05-26T00:54:31.452+0000] {processor.py:840} INFO - DAG(s) 'dag_python_operator_v03' retrieved from /opt/airflow/dags/create_dag_with_python_operator.py
[2024-05-26T00:54:31.465+0000] {logging_mixin.py:188} INFO - [2024-05-26T00:54:31.465+0000] {dag.py:3096} INFO - Sync 1 DAGs
[2024-05-26T00:54:31.474+0000] {logging_mixin.py:188} INFO - [2024-05-26T00:54:31.474+0000] {dag.py:3954} INFO - Setting next_dagrun for dag_python_operator_v03 to 2024-05-25 00:00:00+00:00, run_after=2024-05-26 00:00:00+00:00
[2024-05-26T00:54:31.482+0000] {processor.py:183} INFO - Processing /opt/airflow/dags/create_dag_with_python_operator.py took 0.042 seconds
[2024-05-26T01:16:39.468+0000] {processor.py:161} INFO - Started process (PID=9680) to work on /opt/airflow/dags/create_dag_with_python_operator.py
[2024-05-26T01:16:39.469+0000] {processor.py:830} INFO - Processing file /opt/airflow/dags/create_dag_with_python_operator.py for tasks to queue
[2024-05-26T01:16:39.470+0000] {logging_mixin.py:188} INFO - [2024-05-26T01:16:39.470+0000] {dagbag.py:545} INFO - Filling up the DagBag from /opt/airflow/dags/create_dag_with_python_operator.py
[2024-05-26T01:16:39.477+0000] {processor.py:840} INFO - DAG(s) 'dag_python_operator_v03' retrieved from /opt/airflow/dags/create_dag_with_python_operator.py
[2024-05-26T01:16:39.491+0000] {logging_mixin.py:188} INFO - [2024-05-26T01:16:39.491+0000] {dag.py:3096} INFO - Sync 1 DAGs
[2024-05-26T01:16:39.501+0000] {logging_mixin.py:188} INFO - [2024-05-26T01:16:39.501+0000] {dag.py:3954} INFO - Setting next_dagrun for dag_python_operator_v03 to 2024-05-25 00:00:00+00:00, run_after=2024-05-26 00:00:00+00:00
[2024-05-26T01:16:39.507+0000] {processor.py:183} INFO - Processing /opt/airflow/dags/create_dag_with_python_operator.py took 0.043 seconds
[2024-05-26T01:32:08.970+0000] {processor.py:161} INFO - Started process (PID=9701) to work on /opt/airflow/dags/create_dag_with_python_operator.py
[2024-05-26T01:32:08.970+0000] {processor.py:830} INFO - Processing file /opt/airflow/dags/create_dag_with_python_operator.py for tasks to queue
[2024-05-26T01:32:08.970+0000] {logging_mixin.py:188} INFO - [2024-05-26T01:32:08.970+0000] {dagbag.py:545} INFO - Filling up the DagBag from /opt/airflow/dags/create_dag_with_python_operator.py
[2024-05-26T01:32:08.976+0000] {processor.py:840} INFO - DAG(s) 'dag_python_operator_v03' retrieved from /opt/airflow/dags/create_dag_with_python_operator.py
[2024-05-26T01:32:08.987+0000] {logging_mixin.py:188} INFO - [2024-05-26T01:32:08.987+0000] {dag.py:3096} INFO - Sync 1 DAGs
[2024-05-26T01:32:09.241+0000] {logging_mixin.py:188} INFO - [2024-05-26T01:32:09.240+0000] {dag.py:3954} INFO - Setting next_dagrun for dag_python_operator_v03 to 2024-05-25 00:00:00+00:00, run_after=2024-05-26 00:00:00+00:00
[2024-05-26T01:32:09.342+0000] {processor.py:183} INFO - Processing /opt/airflow/dags/create_dag_with_python_operator.py took 0.376 seconds
[2024-05-26T01:55:10.359+0000] {processor.py:161} INFO - Started process (PID=9722) to work on /opt/airflow/dags/create_dag_with_python_operator.py
[2024-05-26T01:55:10.360+0000] {processor.py:830} INFO - Processing file /opt/airflow/dags/create_dag_with_python_operator.py for tasks to queue
[2024-05-26T01:55:10.360+0000] {logging_mixin.py:188} INFO - [2024-05-26T01:55:10.360+0000] {dagbag.py:545} INFO - Filling up the DagBag from /opt/airflow/dags/create_dag_with_python_operator.py
[2024-05-26T01:55:10.368+0000] {processor.py:840} INFO - DAG(s) 'dag_python_operator_v03' retrieved from /opt/airflow/dags/create_dag_with_python_operator.py
[2024-05-26T01:55:10.382+0000] {logging_mixin.py:188} INFO - [2024-05-26T01:55:10.382+0000] {dag.py:3096} INFO - Sync 1 DAGs
[2024-05-26T01:55:10.392+0000] {logging_mixin.py:188} INFO - [2024-05-26T01:55:10.391+0000] {dag.py:3954} INFO - Setting next_dagrun for dag_python_operator_v03 to 2024-05-25 00:00:00+00:00, run_after=2024-05-26 00:00:00+00:00
[2024-05-26T01:55:10.399+0000] {processor.py:183} INFO - Processing /opt/airflow/dags/create_dag_with_python_operator.py took 0.044 seconds
[2024-05-26T02:25:41.000+0000] {processor.py:161} INFO - Started process (PID=9743) to work on /opt/airflow/dags/create_dag_with_python_operator.py
[2024-05-26T02:25:41.000+0000] {processor.py:830} INFO - Processing file /opt/airflow/dags/create_dag_with_python_operator.py for tasks to queue
[2024-05-26T02:25:41.001+0000] {logging_mixin.py:188} INFO - [2024-05-26T02:25:41.001+0000] {dagbag.py:545} INFO - Filling up the DagBag from /opt/airflow/dags/create_dag_with_python_operator.py
[2024-05-26T02:25:41.008+0000] {processor.py:840} INFO - DAG(s) 'dag_python_operator_v03' retrieved from /opt/airflow/dags/create_dag_with_python_operator.py
[2024-05-26T02:25:41.021+0000] {logging_mixin.py:188} INFO - [2024-05-26T02:25:41.021+0000] {dag.py:3096} INFO - Sync 1 DAGs
[2024-05-26T02:25:41.031+0000] {logging_mixin.py:188} INFO - [2024-05-26T02:25:41.030+0000] {dag.py:3954} INFO - Setting next_dagrun for dag_python_operator_v03 to 2024-05-25 00:00:00+00:00, run_after=2024-05-26 00:00:00+00:00
[2024-05-26T02:25:41.037+0000] {processor.py:183} INFO - Processing /opt/airflow/dags/create_dag_with_python_operator.py took 0.041 seconds
[2024-05-26T02:35:06.461+0000] {processor.py:161} INFO - Started process (PID=9763) to work on /opt/airflow/dags/create_dag_with_python_operator.py
[2024-05-26T02:35:06.461+0000] {processor.py:830} INFO - Processing file /opt/airflow/dags/create_dag_with_python_operator.py for tasks to queue
[2024-05-26T02:35:06.462+0000] {logging_mixin.py:188} INFO - [2024-05-26T02:35:06.462+0000] {dagbag.py:545} INFO - Filling up the DagBag from /opt/airflow/dags/create_dag_with_python_operator.py
[2024-05-26T02:35:06.473+0000] {processor.py:840} INFO - DAG(s) 'dag_python_operator_v03' retrieved from /opt/airflow/dags/create_dag_with_python_operator.py
[2024-05-26T02:35:06.489+0000] {logging_mixin.py:188} INFO - [2024-05-26T02:35:06.489+0000] {dag.py:3096} INFO - Sync 1 DAGs
[2024-05-26T02:35:06.499+0000] {logging_mixin.py:188} INFO - [2024-05-26T02:35:06.499+0000] {dag.py:3954} INFO - Setting next_dagrun for dag_python_operator_v03 to 2024-05-25 00:00:00+00:00, run_after=2024-05-26 00:00:00+00:00
[2024-05-26T02:35:06.506+0000] {processor.py:183} INFO - Processing /opt/airflow/dags/create_dag_with_python_operator.py took 0.051 seconds
[2024-05-26T02:52:50.497+0000] {processor.py:161} INFO - Started process (PID=9784) to work on /opt/airflow/dags/create_dag_with_python_operator.py
[2024-05-26T02:52:50.498+0000] {processor.py:830} INFO - Processing file /opt/airflow/dags/create_dag_with_python_operator.py for tasks to queue
[2024-05-26T02:52:50.498+0000] {logging_mixin.py:188} INFO - [2024-05-26T02:52:50.498+0000] {dagbag.py:545} INFO - Filling up the DagBag from /opt/airflow/dags/create_dag_with_python_operator.py
[2024-05-26T02:52:50.505+0000] {processor.py:840} INFO - DAG(s) 'dag_python_operator_v03' retrieved from /opt/airflow/dags/create_dag_with_python_operator.py
[2024-05-26T02:52:50.519+0000] {logging_mixin.py:188} INFO - [2024-05-26T02:52:50.519+0000] {dag.py:3096} INFO - Sync 1 DAGs
[2024-05-26T02:52:50.529+0000] {logging_mixin.py:188} INFO - [2024-05-26T02:52:50.529+0000] {dag.py:3954} INFO - Setting next_dagrun for dag_python_operator_v03 to 2024-05-25 00:00:00+00:00, run_after=2024-05-26 00:00:00+00:00
[2024-05-26T02:52:50.536+0000] {processor.py:183} INFO - Processing /opt/airflow/dags/create_dag_with_python_operator.py took 0.044 seconds
[2024-05-26T03:08:19.982+0000] {processor.py:161} INFO - Started process (PID=9804) to work on /opt/airflow/dags/create_dag_with_python_operator.py
[2024-05-26T03:08:19.983+0000] {processor.py:830} INFO - Processing file /opt/airflow/dags/create_dag_with_python_operator.py for tasks to queue
[2024-05-26T03:08:19.983+0000] {logging_mixin.py:188} INFO - [2024-05-26T03:08:19.983+0000] {dagbag.py:545} INFO - Filling up the DagBag from /opt/airflow/dags/create_dag_with_python_operator.py
[2024-05-26T03:08:19.989+0000] {processor.py:840} INFO - DAG(s) 'dag_python_operator_v03' retrieved from /opt/airflow/dags/create_dag_with_python_operator.py
[2024-05-26T03:08:20.001+0000] {logging_mixin.py:188} INFO - [2024-05-26T03:08:20.000+0000] {dag.py:3096} INFO - Sync 1 DAGs
[2024-05-26T03:08:20.009+0000] {logging_mixin.py:188} INFO - [2024-05-26T03:08:20.009+0000] {dag.py:3954} INFO - Setting next_dagrun for dag_python_operator_v03 to 2024-05-25 00:00:00+00:00, run_after=2024-05-26 00:00:00+00:00
[2024-05-26T03:08:20.015+0000] {processor.py:183} INFO - Processing /opt/airflow/dags/create_dag_with_python_operator.py took 0.036 seconds
[2024-05-26T03:23:50.454+0000] {processor.py:161} INFO - Started process (PID=9825) to work on /opt/airflow/dags/create_dag_with_python_operator.py
[2024-05-26T03:23:50.454+0000] {processor.py:830} INFO - Processing file /opt/airflow/dags/create_dag_with_python_operator.py for tasks to queue
[2024-05-26T03:23:50.455+0000] {logging_mixin.py:188} INFO - [2024-05-26T03:23:50.454+0000] {dagbag.py:545} INFO - Filling up the DagBag from /opt/airflow/dags/create_dag_with_python_operator.py
[2024-05-26T03:23:50.459+0000] {processor.py:840} INFO - DAG(s) 'dag_python_operator_v03' retrieved from /opt/airflow/dags/create_dag_with_python_operator.py
[2024-05-26T03:23:50.469+0000] {logging_mixin.py:188} INFO - [2024-05-26T03:23:50.469+0000] {dag.py:3096} INFO - Sync 1 DAGs
[2024-05-26T03:23:50.477+0000] {logging_mixin.py:188} INFO - [2024-05-26T03:23:50.477+0000] {dag.py:3954} INFO - Setting next_dagrun for dag_python_operator_v03 to 2024-05-25 00:00:00+00:00, run_after=2024-05-26 00:00:00+00:00
[2024-05-26T03:23:50.484+0000] {processor.py:183} INFO - Processing /opt/airflow/dags/create_dag_with_python_operator.py took 0.032 seconds
[2024-05-26T03:39:20.667+0000] {processor.py:161} INFO - Started process (PID=9846) to work on /opt/airflow/dags/create_dag_with_python_operator.py
[2024-05-26T03:39:20.667+0000] {processor.py:830} INFO - Processing file /opt/airflow/dags/create_dag_with_python_operator.py for tasks to queue
[2024-05-26T03:39:20.667+0000] {logging_mixin.py:188} INFO - [2024-05-26T03:39:20.667+0000] {dagbag.py:545} INFO - Filling up the DagBag from /opt/airflow/dags/create_dag_with_python_operator.py
[2024-05-26T03:39:20.672+0000] {processor.py:840} INFO - DAG(s) 'dag_python_operator_v03' retrieved from /opt/airflow/dags/create_dag_with_python_operator.py
[2024-05-26T03:39:20.682+0000] {logging_mixin.py:188} INFO - [2024-05-26T03:39:20.682+0000] {dag.py:3096} INFO - Sync 1 DAGs
[2024-05-26T03:39:20.691+0000] {logging_mixin.py:188} INFO - [2024-05-26T03:39:20.691+0000] {dag.py:3954} INFO - Setting next_dagrun for dag_python_operator_v03 to 2024-05-25 00:00:00+00:00, run_after=2024-05-26 00:00:00+00:00
[2024-05-26T03:39:20.697+0000] {processor.py:183} INFO - Processing /opt/airflow/dags/create_dag_with_python_operator.py took 0.033 seconds
[2024-05-26T03:54:51.083+0000] {processor.py:161} INFO - Started process (PID=9867) to work on /opt/airflow/dags/create_dag_with_python_operator.py
[2024-05-26T03:54:51.084+0000] {processor.py:830} INFO - Processing file /opt/airflow/dags/create_dag_with_python_operator.py for tasks to queue
[2024-05-26T03:54:51.085+0000] {logging_mixin.py:188} INFO - [2024-05-26T03:54:51.085+0000] {dagbag.py:545} INFO - Filling up the DagBag from /opt/airflow/dags/create_dag_with_python_operator.py
[2024-05-26T03:54:51.092+0000] {processor.py:840} INFO - DAG(s) 'dag_python_operator_v03' retrieved from /opt/airflow/dags/create_dag_with_python_operator.py
[2024-05-26T03:54:51.106+0000] {logging_mixin.py:188} INFO - [2024-05-26T03:54:51.106+0000] {dag.py:3096} INFO - Sync 1 DAGs
[2024-05-26T03:54:51.116+0000] {logging_mixin.py:188} INFO - [2024-05-26T03:54:51.116+0000] {dag.py:3954} INFO - Setting next_dagrun for dag_python_operator_v03 to 2024-05-25 00:00:00+00:00, run_after=2024-05-26 00:00:00+00:00
[2024-05-26T03:54:51.122+0000] {processor.py:183} INFO - Processing /opt/airflow/dags/create_dag_with_python_operator.py took 0.043 seconds
[2024-05-26T04:25:21.424+0000] {processor.py:161} INFO - Started process (PID=9888) to work on /opt/airflow/dags/create_dag_with_python_operator.py
[2024-05-26T04:25:21.424+0000] {processor.py:830} INFO - Processing file /opt/airflow/dags/create_dag_with_python_operator.py for tasks to queue
[2024-05-26T04:25:21.425+0000] {logging_mixin.py:188} INFO - [2024-05-26T04:25:21.425+0000] {dagbag.py:545} INFO - Filling up the DagBag from /opt/airflow/dags/create_dag_with_python_operator.py
[2024-05-26T04:25:21.431+0000] {processor.py:840} INFO - DAG(s) 'dag_python_operator_v03' retrieved from /opt/airflow/dags/create_dag_with_python_operator.py
[2024-05-26T04:25:21.445+0000] {logging_mixin.py:188} INFO - [2024-05-26T04:25:21.445+0000] {dag.py:3096} INFO - Sync 1 DAGs
[2024-05-26T04:25:21.454+0000] {logging_mixin.py:188} INFO - [2024-05-26T04:25:21.454+0000] {dag.py:3954} INFO - Setting next_dagrun for dag_python_operator_v03 to 2024-05-25 00:00:00+00:00, run_after=2024-05-26 00:00:00+00:00
[2024-05-26T04:25:21.461+0000] {processor.py:183} INFO - Processing /opt/airflow/dags/create_dag_with_python_operator.py took 0.042 seconds
[2024-05-26T04:36:19.504+0000] {processor.py:161} INFO - Started process (PID=9909) to work on /opt/airflow/dags/create_dag_with_python_operator.py
[2024-05-26T04:36:19.505+0000] {processor.py:830} INFO - Processing file /opt/airflow/dags/create_dag_with_python_operator.py for tasks to queue
[2024-05-26T04:36:19.506+0000] {logging_mixin.py:188} INFO - [2024-05-26T04:36:19.506+0000] {dagbag.py:545} INFO - Filling up the DagBag from /opt/airflow/dags/create_dag_with_python_operator.py
[2024-05-26T04:36:19.513+0000] {processor.py:840} INFO - DAG(s) 'dag_python_operator_v03' retrieved from /opt/airflow/dags/create_dag_with_python_operator.py
[2024-05-26T04:36:19.527+0000] {logging_mixin.py:188} INFO - [2024-05-26T04:36:19.527+0000] {dag.py:3096} INFO - Sync 1 DAGs
[2024-05-26T04:36:19.537+0000] {logging_mixin.py:188} INFO - [2024-05-26T04:36:19.537+0000] {dag.py:3954} INFO - Setting next_dagrun for dag_python_operator_v03 to 2024-05-25 00:00:00+00:00, run_after=2024-05-26 00:00:00+00:00
[2024-05-26T04:36:19.544+0000] {processor.py:183} INFO - Processing /opt/airflow/dags/create_dag_with_python_operator.py took 0.043 seconds
[2024-05-26T05:06:48.934+0000] {processor.py:161} INFO - Started process (PID=9930) to work on /opt/airflow/dags/create_dag_with_python_operator.py
[2024-05-26T05:06:48.934+0000] {processor.py:830} INFO - Processing file /opt/airflow/dags/create_dag_with_python_operator.py for tasks to queue
[2024-05-26T05:06:48.935+0000] {logging_mixin.py:188} INFO - [2024-05-26T05:06:48.934+0000] {dagbag.py:545} INFO - Filling up the DagBag from /opt/airflow/dags/create_dag_with_python_operator.py
[2024-05-26T05:06:48.940+0000] {processor.py:840} INFO - DAG(s) 'dag_python_operator_v03' retrieved from /opt/airflow/dags/create_dag_with_python_operator.py
[2024-05-26T05:06:48.950+0000] {logging_mixin.py:188} INFO - [2024-05-26T05:06:48.950+0000] {dag.py:3096} INFO - Sync 1 DAGs
[2024-05-26T05:06:48.959+0000] {logging_mixin.py:188} INFO - [2024-05-26T05:06:48.958+0000] {dag.py:3954} INFO - Setting next_dagrun for dag_python_operator_v03 to 2024-05-25 00:00:00+00:00, run_after=2024-05-26 00:00:00+00:00
[2024-05-26T05:06:48.965+0000] {processor.py:183} INFO - Processing /opt/airflow/dags/create_dag_with_python_operator.py took 0.034 seconds
[2024-05-26T05:22:19.610+0000] {processor.py:161} INFO - Started process (PID=9951) to work on /opt/airflow/dags/create_dag_with_python_operator.py
[2024-05-26T05:22:19.611+0000] {processor.py:830} INFO - Processing file /opt/airflow/dags/create_dag_with_python_operator.py for tasks to queue
[2024-05-26T05:22:19.611+0000] {logging_mixin.py:188} INFO - [2024-05-26T05:22:19.611+0000] {dagbag.py:545} INFO - Filling up the DagBag from /opt/airflow/dags/create_dag_with_python_operator.py
[2024-05-26T05:22:19.618+0000] {processor.py:840} INFO - DAG(s) 'dag_python_operator_v03' retrieved from /opt/airflow/dags/create_dag_with_python_operator.py
[2024-05-26T05:22:19.631+0000] {logging_mixin.py:188} INFO - [2024-05-26T05:22:19.631+0000] {dag.py:3096} INFO - Sync 1 DAGs
[2024-05-26T05:22:19.641+0000] {logging_mixin.py:188} INFO - [2024-05-26T05:22:19.641+0000] {dag.py:3954} INFO - Setting next_dagrun for dag_python_operator_v03 to 2024-05-25 00:00:00+00:00, run_after=2024-05-26 00:00:00+00:00
[2024-05-26T05:22:19.649+0000] {processor.py:183} INFO - Processing /opt/airflow/dags/create_dag_with_python_operator.py took 0.043 seconds
[2024-05-26T05:37:26.676+0000] {processor.py:161} INFO - Started process (PID=9972) to work on /opt/airflow/dags/create_dag_with_python_operator.py
[2024-05-26T05:37:26.677+0000] {processor.py:830} INFO - Processing file /opt/airflow/dags/create_dag_with_python_operator.py for tasks to queue
[2024-05-26T05:37:26.677+0000] {logging_mixin.py:188} INFO - [2024-05-26T05:37:26.677+0000] {dagbag.py:545} INFO - Filling up the DagBag from /opt/airflow/dags/create_dag_with_python_operator.py
[2024-05-26T05:37:26.684+0000] {processor.py:840} INFO - DAG(s) 'dag_python_operator_v03' retrieved from /opt/airflow/dags/create_dag_with_python_operator.py
[2024-05-26T05:37:26.697+0000] {logging_mixin.py:188} INFO - [2024-05-26T05:37:26.697+0000] {dag.py:3096} INFO - Sync 1 DAGs
[2024-05-26T05:37:26.708+0000] {logging_mixin.py:188} INFO - [2024-05-26T05:37:26.708+0000] {dag.py:3954} INFO - Setting next_dagrun for dag_python_operator_v03 to 2024-05-25 00:00:00+00:00, run_after=2024-05-26 00:00:00+00:00
[2024-05-26T05:37:26.714+0000] {processor.py:183} INFO - Processing /opt/airflow/dags/create_dag_with_python_operator.py took 0.043 seconds
[2024-05-26T05:52:57.200+0000] {processor.py:161} INFO - Started process (PID=9993) to work on /opt/airflow/dags/create_dag_with_python_operator.py
[2024-05-26T05:52:57.201+0000] {processor.py:830} INFO - Processing file /opt/airflow/dags/create_dag_with_python_operator.py for tasks to queue
[2024-05-26T05:52:57.202+0000] {logging_mixin.py:188} INFO - [2024-05-26T05:52:57.201+0000] {dagbag.py:545} INFO - Filling up the DagBag from /opt/airflow/dags/create_dag_with_python_operator.py
[2024-05-26T05:52:57.209+0000] {processor.py:840} INFO - DAG(s) 'dag_python_operator_v03' retrieved from /opt/airflow/dags/create_dag_with_python_operator.py
[2024-05-26T05:52:57.225+0000] {logging_mixin.py:188} INFO - [2024-05-26T05:52:57.224+0000] {dag.py:3096} INFO - Sync 1 DAGs
[2024-05-26T05:52:57.235+0000] {logging_mixin.py:188} INFO - [2024-05-26T05:52:57.234+0000] {dag.py:3954} INFO - Setting next_dagrun for dag_python_operator_v03 to 2024-05-25 00:00:00+00:00, run_after=2024-05-26 00:00:00+00:00
[2024-05-26T05:52:57.242+0000] {processor.py:183} INFO - Processing /opt/airflow/dags/create_dag_with_python_operator.py took 0.047 seconds
[2024-05-26T06:00:45.731+0000] {processor.py:161} INFO - Started process (PID=10014) to work on /opt/airflow/dags/create_dag_with_python_operator.py
[2024-05-26T06:00:45.732+0000] {processor.py:830} INFO - Processing file /opt/airflow/dags/create_dag_with_python_operator.py for tasks to queue
[2024-05-26T06:00:45.732+0000] {logging_mixin.py:188} INFO - [2024-05-26T06:00:45.732+0000] {dagbag.py:545} INFO - Filling up the DagBag from /opt/airflow/dags/create_dag_with_python_operator.py
[2024-05-26T06:00:45.742+0000] {processor.py:840} INFO - DAG(s) 'dag_python_operator_v03' retrieved from /opt/airflow/dags/create_dag_with_python_operator.py
[2024-05-26T06:00:45.758+0000] {logging_mixin.py:188} INFO - [2024-05-26T06:00:45.758+0000] {dag.py:3096} INFO - Sync 1 DAGs
[2024-05-26T06:00:45.769+0000] {logging_mixin.py:188} INFO - [2024-05-26T06:00:45.769+0000] {dag.py:3954} INFO - Setting next_dagrun for dag_python_operator_v03 to 2024-05-25 00:00:00+00:00, run_after=2024-05-26 00:00:00+00:00
[2024-05-26T06:00:45.776+0000] {processor.py:183} INFO - Processing /opt/airflow/dags/create_dag_with_python_operator.py took 0.051 seconds
[2024-05-26T06:16:27.658+0000] {processor.py:161} INFO - Started process (PID=10035) to work on /opt/airflow/dags/create_dag_with_python_operator.py
[2024-05-26T06:16:27.658+0000] {processor.py:830} INFO - Processing file /opt/airflow/dags/create_dag_with_python_operator.py for tasks to queue
[2024-05-26T06:16:27.659+0000] {logging_mixin.py:188} INFO - [2024-05-26T06:16:27.659+0000] {dagbag.py:545} INFO - Filling up the DagBag from /opt/airflow/dags/create_dag_with_python_operator.py
[2024-05-26T06:16:27.664+0000] {processor.py:840} INFO - DAG(s) 'dag_python_operator_v03' retrieved from /opt/airflow/dags/create_dag_with_python_operator.py
[2024-05-26T06:16:27.676+0000] {logging_mixin.py:188} INFO - [2024-05-26T06:16:27.676+0000] {dag.py:3096} INFO - Sync 1 DAGs
[2024-05-26T06:16:27.685+0000] {logging_mixin.py:188} INFO - [2024-05-26T06:16:27.685+0000] {dag.py:3954} INFO - Setting next_dagrun for dag_python_operator_v03 to 2024-05-25 00:00:00+00:00, run_after=2024-05-26 00:00:00+00:00
[2024-05-26T06:16:27.692+0000] {processor.py:183} INFO - Processing /opt/airflow/dags/create_dag_with_python_operator.py took 0.037 seconds
[2024-05-26T06:31:57.088+0000] {processor.py:161} INFO - Started process (PID=10056) to work on /opt/airflow/dags/create_dag_with_python_operator.py
[2024-05-26T06:31:57.089+0000] {processor.py:830} INFO - Processing file /opt/airflow/dags/create_dag_with_python_operator.py for tasks to queue
[2024-05-26T06:31:57.090+0000] {logging_mixin.py:188} INFO - [2024-05-26T06:31:57.089+0000] {dagbag.py:545} INFO - Filling up the DagBag from /opt/airflow/dags/create_dag_with_python_operator.py
[2024-05-26T06:31:57.097+0000] {processor.py:840} INFO - DAG(s) 'dag_python_operator_v03' retrieved from /opt/airflow/dags/create_dag_with_python_operator.py
[2024-05-26T06:31:57.113+0000] {logging_mixin.py:188} INFO - [2024-05-26T06:31:57.113+0000] {dag.py:3096} INFO - Sync 1 DAGs
[2024-05-26T06:31:57.123+0000] {logging_mixin.py:188} INFO - [2024-05-26T06:31:57.122+0000] {dag.py:3954} INFO - Setting next_dagrun for dag_python_operator_v03 to 2024-05-25 00:00:00+00:00, run_after=2024-05-26 00:00:00+00:00
[2024-05-26T06:31:57.130+0000] {processor.py:183} INFO - Processing /opt/airflow/dags/create_dag_with_python_operator.py took 0.047 seconds
[2024-05-26T06:49:56.672+0000] {processor.py:161} INFO - Started process (PID=10077) to work on /opt/airflow/dags/create_dag_with_python_operator.py
[2024-05-26T06:49:56.672+0000] {processor.py:830} INFO - Processing file /opt/airflow/dags/create_dag_with_python_operator.py for tasks to queue
[2024-05-26T06:49:56.673+0000] {logging_mixin.py:188} INFO - [2024-05-26T06:49:56.673+0000] {dagbag.py:545} INFO - Filling up the DagBag from /opt/airflow/dags/create_dag_with_python_operator.py
[2024-05-26T06:49:56.680+0000] {processor.py:840} INFO - DAG(s) 'dag_python_operator_v03' retrieved from /opt/airflow/dags/create_dag_with_python_operator.py
[2024-05-26T06:49:56.693+0000] {logging_mixin.py:188} INFO - [2024-05-26T06:49:56.693+0000] {dag.py:3096} INFO - Sync 1 DAGs
[2024-05-26T06:49:56.703+0000] {logging_mixin.py:188} INFO - [2024-05-26T06:49:56.703+0000] {dag.py:3954} INFO - Setting next_dagrun for dag_python_operator_v03 to 2024-05-25 00:00:00+00:00, run_after=2024-05-26 00:00:00+00:00
[2024-05-26T06:49:56.710+0000] {processor.py:183} INFO - Processing /opt/airflow/dags/create_dag_with_python_operator.py took 0.042 seconds
[2024-05-26T07:05:26.224+0000] {processor.py:161} INFO - Started process (PID=10097) to work on /opt/airflow/dags/create_dag_with_python_operator.py
[2024-05-26T07:05:26.225+0000] {processor.py:830} INFO - Processing file /opt/airflow/dags/create_dag_with_python_operator.py for tasks to queue
[2024-05-26T07:05:26.226+0000] {logging_mixin.py:188} INFO - [2024-05-26T07:05:26.226+0000] {dagbag.py:545} INFO - Filling up the DagBag from /opt/airflow/dags/create_dag_with_python_operator.py
[2024-05-26T07:05:26.233+0000] {processor.py:840} INFO - DAG(s) 'dag_python_operator_v03' retrieved from /opt/airflow/dags/create_dag_with_python_operator.py
[2024-05-26T07:05:26.247+0000] {logging_mixin.py:188} INFO - [2024-05-26T07:05:26.247+0000] {dag.py:3096} INFO - Sync 1 DAGs
[2024-05-26T07:05:26.257+0000] {logging_mixin.py:188} INFO - [2024-05-26T07:05:26.257+0000] {dag.py:3954} INFO - Setting next_dagrun for dag_python_operator_v03 to 2024-05-25 00:00:00+00:00, run_after=2024-05-26 00:00:00+00:00
[2024-05-26T07:05:26.264+0000] {processor.py:183} INFO - Processing /opt/airflow/dags/create_dag_with_python_operator.py took 0.044 seconds
[2024-05-26T07:20:55.913+0000] {processor.py:161} INFO - Started process (PID=10118) to work on /opt/airflow/dags/create_dag_with_python_operator.py
[2024-05-26T07:20:55.914+0000] {processor.py:830} INFO - Processing file /opt/airflow/dags/create_dag_with_python_operator.py for tasks to queue
[2024-05-26T07:20:55.915+0000] {logging_mixin.py:188} INFO - [2024-05-26T07:20:55.915+0000] {dagbag.py:545} INFO - Filling up the DagBag from /opt/airflow/dags/create_dag_with_python_operator.py
[2024-05-26T07:20:55.922+0000] {processor.py:840} INFO - DAG(s) 'dag_python_operator_v03' retrieved from /opt/airflow/dags/create_dag_with_python_operator.py
[2024-05-26T07:20:55.938+0000] {logging_mixin.py:188} INFO - [2024-05-26T07:20:55.938+0000] {dag.py:3096} INFO - Sync 1 DAGs
[2024-05-26T07:20:55.948+0000] {logging_mixin.py:188} INFO - [2024-05-26T07:20:55.948+0000] {dag.py:3954} INFO - Setting next_dagrun for dag_python_operator_v03 to 2024-05-25 00:00:00+00:00, run_after=2024-05-26 00:00:00+00:00
[2024-05-26T07:20:55.955+0000] {processor.py:183} INFO - Processing /opt/airflow/dags/create_dag_with_python_operator.py took 0.046 seconds
[2024-05-26T07:36:26.548+0000] {processor.py:161} INFO - Started process (PID=10139) to work on /opt/airflow/dags/create_dag_with_python_operator.py
[2024-05-26T07:36:26.549+0000] {processor.py:830} INFO - Processing file /opt/airflow/dags/create_dag_with_python_operator.py for tasks to queue
[2024-05-26T07:36:26.550+0000] {logging_mixin.py:188} INFO - [2024-05-26T07:36:26.550+0000] {dagbag.py:545} INFO - Filling up the DagBag from /opt/airflow/dags/create_dag_with_python_operator.py
[2024-05-26T07:36:26.557+0000] {processor.py:840} INFO - DAG(s) 'dag_python_operator_v03' retrieved from /opt/airflow/dags/create_dag_with_python_operator.py
[2024-05-26T07:36:26.570+0000] {logging_mixin.py:188} INFO - [2024-05-26T07:36:26.570+0000] {dag.py:3096} INFO - Sync 1 DAGs
[2024-05-26T07:36:26.580+0000] {logging_mixin.py:188} INFO - [2024-05-26T07:36:26.580+0000] {dag.py:3954} INFO - Setting next_dagrun for dag_python_operator_v03 to 2024-05-25 00:00:00+00:00, run_after=2024-05-26 00:00:00+00:00
[2024-05-26T07:36:26.587+0000] {processor.py:183} INFO - Processing /opt/airflow/dags/create_dag_with_python_operator.py took 0.042 seconds
[2024-05-26T07:51:55.893+0000] {processor.py:161} INFO - Started process (PID=10160) to work on /opt/airflow/dags/create_dag_with_python_operator.py
[2024-05-26T07:51:55.893+0000] {processor.py:830} INFO - Processing file /opt/airflow/dags/create_dag_with_python_operator.py for tasks to queue
[2024-05-26T07:51:55.894+0000] {logging_mixin.py:188} INFO - [2024-05-26T07:51:55.894+0000] {dagbag.py:545} INFO - Filling up the DagBag from /opt/airflow/dags/create_dag_with_python_operator.py
[2024-05-26T07:51:55.901+0000] {processor.py:840} INFO - DAG(s) 'dag_python_operator_v03' retrieved from /opt/airflow/dags/create_dag_with_python_operator.py
[2024-05-26T07:51:55.914+0000] {logging_mixin.py:188} INFO - [2024-05-26T07:51:55.914+0000] {dag.py:3096} INFO - Sync 1 DAGs
[2024-05-26T07:51:55.924+0000] {logging_mixin.py:188} INFO - [2024-05-26T07:51:55.924+0000] {dag.py:3954} INFO - Setting next_dagrun for dag_python_operator_v03 to 2024-05-25 00:00:00+00:00, run_after=2024-05-26 00:00:00+00:00
[2024-05-26T07:51:55.931+0000] {processor.py:183} INFO - Processing /opt/airflow/dags/create_dag_with_python_operator.py took 0.042 seconds
[2024-05-26T08:16:57.311+0000] {processor.py:161} INFO - Started process (PID=10181) to work on /opt/airflow/dags/create_dag_with_python_operator.py
[2024-05-26T08:16:57.312+0000] {processor.py:830} INFO - Processing file /opt/airflow/dags/create_dag_with_python_operator.py for tasks to queue
[2024-05-26T08:16:57.313+0000] {logging_mixin.py:188} INFO - [2024-05-26T08:16:57.312+0000] {dagbag.py:545} INFO - Filling up the DagBag from /opt/airflow/dags/create_dag_with_python_operator.py
[2024-05-26T08:16:57.320+0000] {processor.py:840} INFO - DAG(s) 'dag_python_operator_v03' retrieved from /opt/airflow/dags/create_dag_with_python_operator.py
[2024-05-26T08:16:57.334+0000] {logging_mixin.py:188} INFO - [2024-05-26T08:16:57.334+0000] {dag.py:3096} INFO - Sync 1 DAGs
[2024-05-26T08:16:57.344+0000] {logging_mixin.py:188} INFO - [2024-05-26T08:16:57.344+0000] {dag.py:3954} INFO - Setting next_dagrun for dag_python_operator_v03 to 2024-05-25 00:00:00+00:00, run_after=2024-05-26 00:00:00+00:00
[2024-05-26T08:16:57.351+0000] {processor.py:183} INFO - Processing /opt/airflow/dags/create_dag_with_python_operator.py took 0.044 seconds
[2024-05-26T08:18:11.049+0000] {processor.py:161} INFO - Started process (PID=10202) to work on /opt/airflow/dags/create_dag_with_python_operator.py
[2024-05-26T08:18:11.050+0000] {processor.py:830} INFO - Processing file /opt/airflow/dags/create_dag_with_python_operator.py for tasks to queue
[2024-05-26T08:18:11.051+0000] {logging_mixin.py:188} INFO - [2024-05-26T08:18:11.050+0000] {dagbag.py:545} INFO - Filling up the DagBag from /opt/airflow/dags/create_dag_with_python_operator.py
[2024-05-26T08:18:11.060+0000] {processor.py:840} INFO - DAG(s) 'dag_python_operator_v03' retrieved from /opt/airflow/dags/create_dag_with_python_operator.py
[2024-05-26T08:18:11.077+0000] {logging_mixin.py:188} INFO - [2024-05-26T08:18:11.077+0000] {dag.py:3096} INFO - Sync 1 DAGs
[2024-05-26T08:18:11.088+0000] {logging_mixin.py:188} INFO - [2024-05-26T08:18:11.088+0000] {dag.py:3954} INFO - Setting next_dagrun for dag_python_operator_v03 to 2024-05-25 00:00:00+00:00, run_after=2024-05-26 00:00:00+00:00
[2024-05-26T08:18:11.095+0000] {processor.py:183} INFO - Processing /opt/airflow/dags/create_dag_with_python_operator.py took 0.052 seconds
[2024-05-26T08:33:41.527+0000] {processor.py:161} INFO - Started process (PID=10222) to work on /opt/airflow/dags/create_dag_with_python_operator.py
[2024-05-26T08:33:41.528+0000] {processor.py:830} INFO - Processing file /opt/airflow/dags/create_dag_with_python_operator.py for tasks to queue
[2024-05-26T08:33:41.528+0000] {logging_mixin.py:188} INFO - [2024-05-26T08:33:41.528+0000] {dagbag.py:545} INFO - Filling up the DagBag from /opt/airflow/dags/create_dag_with_python_operator.py
[2024-05-26T08:33:41.536+0000] {processor.py:840} INFO - DAG(s) 'dag_python_operator_v03' retrieved from /opt/airflow/dags/create_dag_with_python_operator.py
[2024-05-26T08:33:41.550+0000] {logging_mixin.py:188} INFO - [2024-05-26T08:33:41.550+0000] {dag.py:3096} INFO - Sync 1 DAGs
[2024-05-26T08:33:41.560+0000] {logging_mixin.py:188} INFO - [2024-05-26T08:33:41.560+0000] {dag.py:3954} INFO - Setting next_dagrun for dag_python_operator_v03 to 2024-05-25 00:00:00+00:00, run_after=2024-05-26 00:00:00+00:00
[2024-05-26T08:33:41.566+0000] {processor.py:183} INFO - Processing /opt/airflow/dags/create_dag_with_python_operator.py took 0.045 seconds
[2024-05-26T08:49:10.999+0000] {processor.py:161} INFO - Started process (PID=10243) to work on /opt/airflow/dags/create_dag_with_python_operator.py
[2024-05-26T08:49:11.000+0000] {processor.py:830} INFO - Processing file /opt/airflow/dags/create_dag_with_python_operator.py for tasks to queue
[2024-05-26T08:49:11.000+0000] {logging_mixin.py:188} INFO - [2024-05-26T08:49:11.000+0000] {dagbag.py:545} INFO - Filling up the DagBag from /opt/airflow/dags/create_dag_with_python_operator.py
[2024-05-26T08:49:11.006+0000] {processor.py:840} INFO - DAG(s) 'dag_python_operator_v03' retrieved from /opt/airflow/dags/create_dag_with_python_operator.py
[2024-05-26T08:49:11.019+0000] {logging_mixin.py:188} INFO - [2024-05-26T08:49:11.019+0000] {dag.py:3096} INFO - Sync 1 DAGs
[2024-05-26T08:49:11.029+0000] {logging_mixin.py:188} INFO - [2024-05-26T08:49:11.028+0000] {dag.py:3954} INFO - Setting next_dagrun for dag_python_operator_v03 to 2024-05-25 00:00:00+00:00, run_after=2024-05-26 00:00:00+00:00
[2024-05-26T08:49:11.034+0000] {processor.py:183} INFO - Processing /opt/airflow/dags/create_dag_with_python_operator.py took 0.039 seconds
[2024-05-26T09:04:41.465+0000] {processor.py:161} INFO - Started process (PID=10263) to work on /opt/airflow/dags/create_dag_with_python_operator.py
[2024-05-26T09:04:41.466+0000] {processor.py:830} INFO - Processing file /opt/airflow/dags/create_dag_with_python_operator.py for tasks to queue
[2024-05-26T09:04:41.466+0000] {logging_mixin.py:188} INFO - [2024-05-26T09:04:41.466+0000] {dagbag.py:545} INFO - Filling up the DagBag from /opt/airflow/dags/create_dag_with_python_operator.py
[2024-05-26T09:04:41.473+0000] {processor.py:840} INFO - DAG(s) 'dag_python_operator_v03' retrieved from /opt/airflow/dags/create_dag_with_python_operator.py
[2024-05-26T09:04:41.486+0000] {logging_mixin.py:188} INFO - [2024-05-26T09:04:41.486+0000] {dag.py:3096} INFO - Sync 1 DAGs
[2024-05-26T09:04:41.496+0000] {logging_mixin.py:188} INFO - [2024-05-26T09:04:41.496+0000] {dag.py:3954} INFO - Setting next_dagrun for dag_python_operator_v03 to 2024-05-25 00:00:00+00:00, run_after=2024-05-26 00:00:00+00:00
[2024-05-26T09:04:41.503+0000] {processor.py:183} INFO - Processing /opt/airflow/dags/create_dag_with_python_operator.py took 0.042 seconds
[2024-05-26T09:29:28.313+0000] {processor.py:161} INFO - Started process (PID=10284) to work on /opt/airflow/dags/create_dag_with_python_operator.py
[2024-05-26T09:29:28.314+0000] {processor.py:830} INFO - Processing file /opt/airflow/dags/create_dag_with_python_operator.py for tasks to queue
[2024-05-26T09:29:28.314+0000] {logging_mixin.py:188} INFO - [2024-05-26T09:29:28.314+0000] {dagbag.py:545} INFO - Filling up the DagBag from /opt/airflow/dags/create_dag_with_python_operator.py
[2024-05-26T09:29:28.319+0000] {processor.py:840} INFO - DAG(s) 'dag_python_operator_v03' retrieved from /opt/airflow/dags/create_dag_with_python_operator.py
[2024-05-26T09:29:28.329+0000] {logging_mixin.py:188} INFO - [2024-05-26T09:29:28.329+0000] {dag.py:3096} INFO - Sync 1 DAGs
[2024-05-26T09:29:28.337+0000] {logging_mixin.py:188} INFO - [2024-05-26T09:29:28.337+0000] {dag.py:3954} INFO - Setting next_dagrun for dag_python_operator_v03 to 2024-05-25 00:00:00+00:00, run_after=2024-05-26 00:00:00+00:00
[2024-05-26T09:29:28.344+0000] {processor.py:183} INFO - Processing /opt/airflow/dags/create_dag_with_python_operator.py took 0.033 seconds
[2024-05-26T09:40:05.740+0000] {processor.py:161} INFO - Started process (PID=10305) to work on /opt/airflow/dags/create_dag_with_python_operator.py
[2024-05-26T09:40:05.740+0000] {processor.py:830} INFO - Processing file /opt/airflow/dags/create_dag_with_python_operator.py for tasks to queue
[2024-05-26T09:40:05.741+0000] {logging_mixin.py:188} INFO - [2024-05-26T09:40:05.741+0000] {dagbag.py:545} INFO - Filling up the DagBag from /opt/airflow/dags/create_dag_with_python_operator.py
[2024-05-26T09:40:05.748+0000] {processor.py:840} INFO - DAG(s) 'dag_python_operator_v03' retrieved from /opt/airflow/dags/create_dag_with_python_operator.py
[2024-05-26T09:40:05.761+0000] {logging_mixin.py:188} INFO - [2024-05-26T09:40:05.761+0000] {dag.py:3096} INFO - Sync 1 DAGs
[2024-05-26T09:40:05.771+0000] {logging_mixin.py:188} INFO - [2024-05-26T09:40:05.770+0000] {dag.py:3954} INFO - Setting next_dagrun for dag_python_operator_v03 to 2024-05-25 00:00:00+00:00, run_after=2024-05-26 00:00:00+00:00
[2024-05-26T09:40:05.777+0000] {processor.py:183} INFO - Processing /opt/airflow/dags/create_dag_with_python_operator.py took 0.041 seconds
[2024-05-26T09:50:38.213+0000] {processor.py:161} INFO - Started process (PID=10326) to work on /opt/airflow/dags/create_dag_with_python_operator.py
[2024-05-26T09:50:38.214+0000] {processor.py:830} INFO - Processing file /opt/airflow/dags/create_dag_with_python_operator.py for tasks to queue
[2024-05-26T09:50:38.214+0000] {logging_mixin.py:188} INFO - [2024-05-26T09:50:38.214+0000] {dagbag.py:545} INFO - Filling up the DagBag from /opt/airflow/dags/create_dag_with_python_operator.py
[2024-05-26T09:50:38.222+0000] {processor.py:840} INFO - DAG(s) 'dag_python_operator_v03' retrieved from /opt/airflow/dags/create_dag_with_python_operator.py
[2024-05-26T09:50:38.235+0000] {logging_mixin.py:188} INFO - [2024-05-26T09:50:38.235+0000] {dag.py:3096} INFO - Sync 1 DAGs
[2024-05-26T09:50:38.245+0000] {logging_mixin.py:188} INFO - [2024-05-26T09:50:38.245+0000] {dag.py:3954} INFO - Setting next_dagrun for dag_python_operator_v03 to 2024-05-25 00:00:00+00:00, run_after=2024-05-26 00:00:00+00:00
[2024-05-26T09:50:38.253+0000] {processor.py:183} INFO - Processing /opt/airflow/dags/create_dag_with_python_operator.py took 0.044 seconds
[2024-05-26T10:01:12.772+0000] {processor.py:161} INFO - Started process (PID=10347) to work on /opt/airflow/dags/create_dag_with_python_operator.py
[2024-05-26T10:01:12.772+0000] {processor.py:830} INFO - Processing file /opt/airflow/dags/create_dag_with_python_operator.py for tasks to queue
[2024-05-26T10:01:12.773+0000] {logging_mixin.py:188} INFO - [2024-05-26T10:01:12.772+0000] {dagbag.py:545} INFO - Filling up the DagBag from /opt/airflow/dags/create_dag_with_python_operator.py
[2024-05-26T10:01:12.778+0000] {processor.py:840} INFO - DAG(s) 'dag_python_operator_v03' retrieved from /opt/airflow/dags/create_dag_with_python_operator.py
[2024-05-26T10:01:12.795+0000] {logging_mixin.py:188} INFO - [2024-05-26T10:01:12.794+0000] {dag.py:3096} INFO - Sync 1 DAGs
[2024-05-26T10:01:12.806+0000] {logging_mixin.py:188} INFO - [2024-05-26T10:01:12.805+0000] {dag.py:3954} INFO - Setting next_dagrun for dag_python_operator_v03 to 2024-05-25 00:00:00+00:00, run_after=2024-05-26 00:00:00+00:00
[2024-05-26T10:01:12.814+0000] {processor.py:183} INFO - Processing /opt/airflow/dags/create_dag_with_python_operator.py took 0.046 seconds
[2024-05-26T10:09:02.208+0000] {processor.py:161} INFO - Started process (PID=10368) to work on /opt/airflow/dags/create_dag_with_python_operator.py
[2024-05-26T10:09:02.208+0000] {processor.py:830} INFO - Processing file /opt/airflow/dags/create_dag_with_python_operator.py for tasks to queue
[2024-05-26T10:09:02.209+0000] {logging_mixin.py:188} INFO - [2024-05-26T10:09:02.209+0000] {dagbag.py:545} INFO - Filling up the DagBag from /opt/airflow/dags/create_dag_with_python_operator.py
[2024-05-26T10:09:02.218+0000] {processor.py:840} INFO - DAG(s) 'dag_python_operator_v03' retrieved from /opt/airflow/dags/create_dag_with_python_operator.py
[2024-05-26T10:09:02.233+0000] {logging_mixin.py:188} INFO - [2024-05-26T10:09:02.233+0000] {dag.py:3096} INFO - Sync 1 DAGs
[2024-05-26T10:09:02.243+0000] {logging_mixin.py:188} INFO - [2024-05-26T10:09:02.243+0000] {dag.py:3954} INFO - Setting next_dagrun for dag_python_operator_v03 to 2024-05-25 00:00:00+00:00, run_after=2024-05-26 00:00:00+00:00
[2024-05-26T10:09:02.249+0000] {processor.py:183} INFO - Processing /opt/airflow/dags/create_dag_with_python_operator.py took 0.046 seconds
[2024-05-26T10:19:38.291+0000] {processor.py:161} INFO - Started process (PID=10390) to work on /opt/airflow/dags/create_dag_with_python_operator.py
[2024-05-26T10:19:38.292+0000] {processor.py:830} INFO - Processing file /opt/airflow/dags/create_dag_with_python_operator.py for tasks to queue
[2024-05-26T10:19:38.293+0000] {logging_mixin.py:188} INFO - [2024-05-26T10:19:38.293+0000] {dagbag.py:545} INFO - Filling up the DagBag from /opt/airflow/dags/create_dag_with_python_operator.py
[2024-05-26T10:19:38.304+0000] {processor.py:840} INFO - DAG(s) 'dag_python_operator_v03' retrieved from /opt/airflow/dags/create_dag_with_python_operator.py
[2024-05-26T10:19:38.324+0000] {logging_mixin.py:188} INFO - [2024-05-26T10:19:38.323+0000] {dag.py:3096} INFO - Sync 1 DAGs
[2024-05-26T10:19:38.336+0000] {logging_mixin.py:188} INFO - [2024-05-26T10:19:38.336+0000] {dag.py:3954} INFO - Setting next_dagrun for dag_python_operator_v03 to 2024-05-25 00:00:00+00:00, run_after=2024-05-26 00:00:00+00:00
[2024-05-26T10:19:38.383+0000] {processor.py:183} INFO - Processing /opt/airflow/dags/create_dag_with_python_operator.py took 0.096 seconds
[2024-05-26T10:41:56.802+0000] {processor.py:161} INFO - Started process (PID=10411) to work on /opt/airflow/dags/create_dag_with_python_operator.py
[2024-05-26T10:41:56.802+0000] {processor.py:830} INFO - Processing file /opt/airflow/dags/create_dag_with_python_operator.py for tasks to queue
[2024-05-26T10:41:56.802+0000] {logging_mixin.py:188} INFO - [2024-05-26T10:41:56.802+0000] {dagbag.py:545} INFO - Filling up the DagBag from /opt/airflow/dags/create_dag_with_python_operator.py
[2024-05-26T10:41:56.807+0000] {processor.py:840} INFO - DAG(s) 'dag_python_operator_v03' retrieved from /opt/airflow/dags/create_dag_with_python_operator.py
[2024-05-26T10:41:56.817+0000] {logging_mixin.py:188} INFO - [2024-05-26T10:41:56.817+0000] {dag.py:3096} INFO - Sync 1 DAGs
[2024-05-26T10:41:56.826+0000] {logging_mixin.py:188} INFO - [2024-05-26T10:41:56.825+0000] {dag.py:3954} INFO - Setting next_dagrun for dag_python_operator_v03 to 2024-05-25 00:00:00+00:00, run_after=2024-05-26 00:00:00+00:00
[2024-05-26T10:41:56.832+0000] {processor.py:183} INFO - Processing /opt/airflow/dags/create_dag_with_python_operator.py took 0.033 seconds
[2024-05-26T10:57:26.158+0000] {processor.py:161} INFO - Started process (PID=10431) to work on /opt/airflow/dags/create_dag_with_python_operator.py
[2024-05-26T10:57:26.159+0000] {processor.py:830} INFO - Processing file /opt/airflow/dags/create_dag_with_python_operator.py for tasks to queue
[2024-05-26T10:57:26.160+0000] {logging_mixin.py:188} INFO - [2024-05-26T10:57:26.160+0000] {dagbag.py:545} INFO - Filling up the DagBag from /opt/airflow/dags/create_dag_with_python_operator.py
[2024-05-26T10:57:26.166+0000] {processor.py:840} INFO - DAG(s) 'dag_python_operator_v03' retrieved from /opt/airflow/dags/create_dag_with_python_operator.py
[2024-05-26T10:57:26.178+0000] {logging_mixin.py:188} INFO - [2024-05-26T10:57:26.178+0000] {dag.py:3096} INFO - Sync 1 DAGs
[2024-05-26T10:57:26.189+0000] {logging_mixin.py:188} INFO - [2024-05-26T10:57:26.189+0000] {dag.py:3954} INFO - Setting next_dagrun for dag_python_operator_v03 to 2024-05-25 00:00:00+00:00, run_after=2024-05-26 00:00:00+00:00
[2024-05-26T10:57:26.197+0000] {processor.py:183} INFO - Processing /opt/airflow/dags/create_dag_with_python_operator.py took 0.042 seconds
[2024-05-26T11:12:56.578+0000] {processor.py:161} INFO - Started process (PID=10452) to work on /opt/airflow/dags/create_dag_with_python_operator.py
[2024-05-26T11:12:56.579+0000] {processor.py:830} INFO - Processing file /opt/airflow/dags/create_dag_with_python_operator.py for tasks to queue
[2024-05-26T11:12:56.579+0000] {logging_mixin.py:188} INFO - [2024-05-26T11:12:56.579+0000] {dagbag.py:545} INFO - Filling up the DagBag from /opt/airflow/dags/create_dag_with_python_operator.py
[2024-05-26T11:12:56.583+0000] {processor.py:840} INFO - DAG(s) 'dag_python_operator_v03' retrieved from /opt/airflow/dags/create_dag_with_python_operator.py
[2024-05-26T11:12:56.594+0000] {logging_mixin.py:188} INFO - [2024-05-26T11:12:56.594+0000] {dag.py:3096} INFO - Sync 1 DAGs
[2024-05-26T11:12:56.602+0000] {logging_mixin.py:188} INFO - [2024-05-26T11:12:56.602+0000] {dag.py:3954} INFO - Setting next_dagrun for dag_python_operator_v03 to 2024-05-25 00:00:00+00:00, run_after=2024-05-26 00:00:00+00:00
[2024-05-26T11:12:56.608+0000] {processor.py:183} INFO - Processing /opt/airflow/dags/create_dag_with_python_operator.py took 0.032 seconds
[2024-05-26T11:43:27.059+0000] {processor.py:161} INFO - Started process (PID=10473) to work on /opt/airflow/dags/create_dag_with_python_operator.py
[2024-05-26T11:43:27.060+0000] {processor.py:830} INFO - Processing file /opt/airflow/dags/create_dag_with_python_operator.py for tasks to queue
[2024-05-26T11:43:27.060+0000] {logging_mixin.py:188} INFO - [2024-05-26T11:43:27.060+0000] {dagbag.py:545} INFO - Filling up the DagBag from /opt/airflow/dags/create_dag_with_python_operator.py
[2024-05-26T11:43:27.066+0000] {processor.py:840} INFO - DAG(s) 'dag_python_operator_v03' retrieved from /opt/airflow/dags/create_dag_with_python_operator.py
[2024-05-26T11:43:27.078+0000] {logging_mixin.py:188} INFO - [2024-05-26T11:43:27.078+0000] {dag.py:3096} INFO - Sync 1 DAGs
[2024-05-26T11:43:27.086+0000] {logging_mixin.py:188} INFO - [2024-05-26T11:43:27.086+0000] {dag.py:3954} INFO - Setting next_dagrun for dag_python_operator_v03 to 2024-05-25 00:00:00+00:00, run_after=2024-05-26 00:00:00+00:00
[2024-05-26T11:43:27.093+0000] {processor.py:183} INFO - Processing /opt/airflow/dags/create_dag_with_python_operator.py took 0.037 seconds
[2024-05-26T11:58:56.399+0000] {processor.py:161} INFO - Started process (PID=10494) to work on /opt/airflow/dags/create_dag_with_python_operator.py
[2024-05-26T11:58:56.400+0000] {processor.py:830} INFO - Processing file /opt/airflow/dags/create_dag_with_python_operator.py for tasks to queue
[2024-05-26T11:58:56.401+0000] {logging_mixin.py:188} INFO - [2024-05-26T11:58:56.400+0000] {dagbag.py:545} INFO - Filling up the DagBag from /opt/airflow/dags/create_dag_with_python_operator.py
[2024-05-26T11:58:56.408+0000] {processor.py:840} INFO - DAG(s) 'dag_python_operator_v03' retrieved from /opt/airflow/dags/create_dag_with_python_operator.py
[2024-05-26T11:58:56.422+0000] {logging_mixin.py:188} INFO - [2024-05-26T11:58:56.422+0000] {dag.py:3096} INFO - Sync 1 DAGs
[2024-05-26T11:58:56.432+0000] {logging_mixin.py:188} INFO - [2024-05-26T11:58:56.432+0000] {dag.py:3954} INFO - Setting next_dagrun for dag_python_operator_v03 to 2024-05-25 00:00:00+00:00, run_after=2024-05-26 00:00:00+00:00
[2024-05-26T11:58:56.439+0000] {processor.py:183} INFO - Processing /opt/airflow/dags/create_dag_with_python_operator.py took 0.044 seconds
[2024-05-26T12:14:26.944+0000] {processor.py:161} INFO - Started process (PID=10515) to work on /opt/airflow/dags/create_dag_with_python_operator.py
[2024-05-26T12:14:26.944+0000] {processor.py:830} INFO - Processing file /opt/airflow/dags/create_dag_with_python_operator.py for tasks to queue
[2024-05-26T12:14:26.945+0000] {logging_mixin.py:188} INFO - [2024-05-26T12:14:26.945+0000] {dagbag.py:545} INFO - Filling up the DagBag from /opt/airflow/dags/create_dag_with_python_operator.py
[2024-05-26T12:14:26.952+0000] {processor.py:840} INFO - DAG(s) 'dag_python_operator_v03' retrieved from /opt/airflow/dags/create_dag_with_python_operator.py
[2024-05-26T12:14:26.964+0000] {logging_mixin.py:188} INFO - [2024-05-26T12:14:26.964+0000] {dag.py:3096} INFO - Sync 1 DAGs
[2024-05-26T12:14:26.973+0000] {logging_mixin.py:188} INFO - [2024-05-26T12:14:26.973+0000] {dag.py:3954} INFO - Setting next_dagrun for dag_python_operator_v03 to 2024-05-25 00:00:00+00:00, run_after=2024-05-26 00:00:00+00:00
[2024-05-26T12:14:26.981+0000] {processor.py:183} INFO - Processing /opt/airflow/dags/create_dag_with_python_operator.py took 0.041 seconds
[2024-05-26T12:29:56.459+0000] {processor.py:161} INFO - Started process (PID=10536) to work on /opt/airflow/dags/create_dag_with_python_operator.py
[2024-05-26T12:29:56.459+0000] {processor.py:830} INFO - Processing file /opt/airflow/dags/create_dag_with_python_operator.py for tasks to queue
[2024-05-26T12:29:56.460+0000] {logging_mixin.py:188} INFO - [2024-05-26T12:29:56.460+0000] {dagbag.py:545} INFO - Filling up the DagBag from /opt/airflow/dags/create_dag_with_python_operator.py
[2024-05-26T12:29:56.467+0000] {processor.py:840} INFO - DAG(s) 'dag_python_operator_v03' retrieved from /opt/airflow/dags/create_dag_with_python_operator.py
[2024-05-26T12:29:56.481+0000] {logging_mixin.py:188} INFO - [2024-05-26T12:29:56.481+0000] {dag.py:3096} INFO - Sync 1 DAGs
[2024-05-26T12:29:56.492+0000] {logging_mixin.py:188} INFO - [2024-05-26T12:29:56.492+0000] {dag.py:3954} INFO - Setting next_dagrun for dag_python_operator_v03 to 2024-05-25 00:00:00+00:00, run_after=2024-05-26 00:00:00+00:00
[2024-05-26T12:29:56.499+0000] {processor.py:183} INFO - Processing /opt/airflow/dags/create_dag_with_python_operator.py took 0.045 seconds
[2024-05-26T12:43:12.361+0000] {processor.py:161} INFO - Started process (PID=10557) to work on /opt/airflow/dags/create_dag_with_python_operator.py
[2024-05-26T12:43:12.362+0000] {processor.py:830} INFO - Processing file /opt/airflow/dags/create_dag_with_python_operator.py for tasks to queue
[2024-05-26T12:43:12.362+0000] {logging_mixin.py:188} INFO - [2024-05-26T12:43:12.362+0000] {dagbag.py:545} INFO - Filling up the DagBag from /opt/airflow/dags/create_dag_with_python_operator.py
[2024-05-26T12:43:12.366+0000] {processor.py:840} INFO - DAG(s) 'dag_python_operator_v03' retrieved from /opt/airflow/dags/create_dag_with_python_operator.py
[2024-05-26T12:43:12.377+0000] {logging_mixin.py:188} INFO - [2024-05-26T12:43:12.377+0000] {dag.py:3096} INFO - Sync 1 DAGs
[2024-05-26T12:43:12.385+0000] {logging_mixin.py:188} INFO - [2024-05-26T12:43:12.385+0000] {dag.py:3954} INFO - Setting next_dagrun for dag_python_operator_v03 to 2024-05-25 00:00:00+00:00, run_after=2024-05-26 00:00:00+00:00
[2024-05-26T12:43:12.392+0000] {processor.py:183} INFO - Processing /opt/airflow/dags/create_dag_with_python_operator.py took 0.033 seconds
[2024-05-26T12:58:43.087+0000] {processor.py:161} INFO - Started process (PID=10578) to work on /opt/airflow/dags/create_dag_with_python_operator.py
[2024-05-26T12:58:43.088+0000] {processor.py:830} INFO - Processing file /opt/airflow/dags/create_dag_with_python_operator.py for tasks to queue
[2024-05-26T12:58:43.089+0000] {logging_mixin.py:188} INFO - [2024-05-26T12:58:43.088+0000] {dagbag.py:545} INFO - Filling up the DagBag from /opt/airflow/dags/create_dag_with_python_operator.py
[2024-05-26T12:58:43.095+0000] {processor.py:840} INFO - DAG(s) 'dag_python_operator_v03' retrieved from /opt/airflow/dags/create_dag_with_python_operator.py
[2024-05-26T12:58:43.107+0000] {logging_mixin.py:188} INFO - [2024-05-26T12:58:43.107+0000] {dag.py:3096} INFO - Sync 1 DAGs
[2024-05-26T12:58:43.116+0000] {logging_mixin.py:188} INFO - [2024-05-26T12:58:43.116+0000] {dag.py:3954} INFO - Setting next_dagrun for dag_python_operator_v03 to 2024-05-25 00:00:00+00:00, run_after=2024-05-26 00:00:00+00:00
[2024-05-26T12:58:43.122+0000] {processor.py:183} INFO - Processing /opt/airflow/dags/create_dag_with_python_operator.py took 0.038 seconds
[2024-05-26T13:14:13.524+0000] {processor.py:161} INFO - Started process (PID=10599) to work on /opt/airflow/dags/create_dag_with_python_operator.py
[2024-05-26T13:14:13.525+0000] {processor.py:830} INFO - Processing file /opt/airflow/dags/create_dag_with_python_operator.py for tasks to queue
[2024-05-26T13:14:13.526+0000] {logging_mixin.py:188} INFO - [2024-05-26T13:14:13.525+0000] {dagbag.py:545} INFO - Filling up the DagBag from /opt/airflow/dags/create_dag_with_python_operator.py
[2024-05-26T13:14:13.533+0000] {processor.py:840} INFO - DAG(s) 'dag_python_operator_v03' retrieved from /opt/airflow/dags/create_dag_with_python_operator.py
[2024-05-26T13:14:13.547+0000] {logging_mixin.py:188} INFO - [2024-05-26T13:14:13.547+0000] {dag.py:3096} INFO - Sync 1 DAGs
[2024-05-26T13:14:13.557+0000] {logging_mixin.py:188} INFO - [2024-05-26T13:14:13.557+0000] {dag.py:3954} INFO - Setting next_dagrun for dag_python_operator_v03 to 2024-05-25 00:00:00+00:00, run_after=2024-05-26 00:00:00+00:00
[2024-05-26T13:14:13.564+0000] {processor.py:183} INFO - Processing /opt/airflow/dags/create_dag_with_python_operator.py took 0.044 seconds
[2024-05-26T13:29:43.256+0000] {processor.py:161} INFO - Started process (PID=10620) to work on /opt/airflow/dags/create_dag_with_python_operator.py
[2024-05-26T13:29:43.257+0000] {processor.py:830} INFO - Processing file /opt/airflow/dags/create_dag_with_python_operator.py for tasks to queue
[2024-05-26T13:29:43.258+0000] {logging_mixin.py:188} INFO - [2024-05-26T13:29:43.257+0000] {dagbag.py:545} INFO - Filling up the DagBag from /opt/airflow/dags/create_dag_with_python_operator.py
[2024-05-26T13:29:43.266+0000] {processor.py:840} INFO - DAG(s) 'dag_python_operator_v03' retrieved from /opt/airflow/dags/create_dag_with_python_operator.py
[2024-05-26T13:29:43.279+0000] {logging_mixin.py:188} INFO - [2024-05-26T13:29:43.279+0000] {dag.py:3096} INFO - Sync 1 DAGs
[2024-05-26T13:29:43.289+0000] {logging_mixin.py:188} INFO - [2024-05-26T13:29:43.289+0000] {dag.py:3954} INFO - Setting next_dagrun for dag_python_operator_v03 to 2024-05-25 00:00:00+00:00, run_after=2024-05-26 00:00:00+00:00
[2024-05-26T13:29:43.297+0000] {processor.py:183} INFO - Processing /opt/airflow/dags/create_dag_with_python_operator.py took 0.044 seconds
[2024-05-26T13:59:22.777+0000] {processor.py:161} INFO - Started process (PID=10641) to work on /opt/airflow/dags/create_dag_with_python_operator.py
[2024-05-26T13:59:22.778+0000] {processor.py:830} INFO - Processing file /opt/airflow/dags/create_dag_with_python_operator.py for tasks to queue
[2024-05-26T13:59:22.779+0000] {logging_mixin.py:188} INFO - [2024-05-26T13:59:22.779+0000] {dagbag.py:545} INFO - Filling up the DagBag from /opt/airflow/dags/create_dag_with_python_operator.py
[2024-05-26T13:59:22.787+0000] {processor.py:840} INFO - DAG(s) 'dag_python_operator_v03' retrieved from /opt/airflow/dags/create_dag_with_python_operator.py
[2024-05-26T13:59:22.801+0000] {logging_mixin.py:188} INFO - [2024-05-26T13:59:22.801+0000] {dag.py:3096} INFO - Sync 1 DAGs
[2024-05-26T13:59:22.811+0000] {logging_mixin.py:188} INFO - [2024-05-26T13:59:22.811+0000] {dag.py:3954} INFO - Setting next_dagrun for dag_python_operator_v03 to 2024-05-25 00:00:00+00:00, run_after=2024-05-26 00:00:00+00:00
[2024-05-26T13:59:22.820+0000] {processor.py:183} INFO - Processing /opt/airflow/dags/create_dag_with_python_operator.py took 0.047 seconds
[2024-05-26T14:14:53.277+0000] {processor.py:161} INFO - Started process (PID=10662) to work on /opt/airflow/dags/create_dag_with_python_operator.py
[2024-05-26T14:14:53.278+0000] {processor.py:830} INFO - Processing file /opt/airflow/dags/create_dag_with_python_operator.py for tasks to queue
[2024-05-26T14:14:53.278+0000] {logging_mixin.py:188} INFO - [2024-05-26T14:14:53.278+0000] {dagbag.py:545} INFO - Filling up the DagBag from /opt/airflow/dags/create_dag_with_python_operator.py
[2024-05-26T14:14:53.287+0000] {processor.py:840} INFO - DAG(s) 'dag_python_operator_v03' retrieved from /opt/airflow/dags/create_dag_with_python_operator.py
[2024-05-26T14:14:53.303+0000] {logging_mixin.py:188} INFO - [2024-05-26T14:14:53.303+0000] {dag.py:3096} INFO - Sync 1 DAGs
[2024-05-26T14:14:53.313+0000] {logging_mixin.py:188} INFO - [2024-05-26T14:14:53.313+0000] {dag.py:3954} INFO - Setting next_dagrun for dag_python_operator_v03 to 2024-05-25 00:00:00+00:00, run_after=2024-05-26 00:00:00+00:00
[2024-05-26T14:14:53.320+0000] {processor.py:183} INFO - Processing /opt/airflow/dags/create_dag_with_python_operator.py took 0.048 seconds
[2024-05-26T14:30:22.829+0000] {processor.py:161} INFO - Started process (PID=10683) to work on /opt/airflow/dags/create_dag_with_python_operator.py
[2024-05-26T14:30:22.829+0000] {processor.py:830} INFO - Processing file /opt/airflow/dags/create_dag_with_python_operator.py for tasks to queue
[2024-05-26T14:30:22.830+0000] {logging_mixin.py:188} INFO - [2024-05-26T14:30:22.830+0000] {dagbag.py:545} INFO - Filling up the DagBag from /opt/airflow/dags/create_dag_with_python_operator.py
[2024-05-26T14:30:22.837+0000] {processor.py:840} INFO - DAG(s) 'dag_python_operator_v03' retrieved from /opt/airflow/dags/create_dag_with_python_operator.py
[2024-05-26T14:30:22.851+0000] {logging_mixin.py:188} INFO - [2024-05-26T14:30:22.850+0000] {dag.py:3096} INFO - Sync 1 DAGs
[2024-05-26T14:30:22.860+0000] {logging_mixin.py:188} INFO - [2024-05-26T14:30:22.860+0000] {dag.py:3954} INFO - Setting next_dagrun for dag_python_operator_v03 to 2024-05-25 00:00:00+00:00, run_after=2024-05-26 00:00:00+00:00
[2024-05-26T14:30:22.867+0000] {processor.py:183} INFO - Processing /opt/airflow/dags/create_dag_with_python_operator.py took 0.042 seconds
[2024-05-26T15:00:28.052+0000] {processor.py:161} INFO - Started process (PID=10704) to work on /opt/airflow/dags/create_dag_with_python_operator.py
[2024-05-26T15:00:28.053+0000] {processor.py:830} INFO - Processing file /opt/airflow/dags/create_dag_with_python_operator.py for tasks to queue
[2024-05-26T15:00:28.053+0000] {logging_mixin.py:188} INFO - [2024-05-26T15:00:28.053+0000] {dagbag.py:545} INFO - Filling up the DagBag from /opt/airflow/dags/create_dag_with_python_operator.py
[2024-05-26T15:00:28.060+0000] {processor.py:840} INFO - DAG(s) 'dag_python_operator_v03' retrieved from /opt/airflow/dags/create_dag_with_python_operator.py
[2024-05-26T15:00:28.074+0000] {logging_mixin.py:188} INFO - [2024-05-26T15:00:28.074+0000] {dag.py:3096} INFO - Sync 1 DAGs
[2024-05-26T15:00:28.083+0000] {logging_mixin.py:188} INFO - [2024-05-26T15:00:28.083+0000] {dag.py:3954} INFO - Setting next_dagrun for dag_python_operator_v03 to 2024-05-25 00:00:00+00:00, run_after=2024-05-26 00:00:00+00:00
[2024-05-26T15:00:28.089+0000] {processor.py:183} INFO - Processing /opt/airflow/dags/create_dag_with_python_operator.py took 0.041 seconds
[2024-05-26T15:15:57.465+0000] {processor.py:161} INFO - Started process (PID=10725) to work on /opt/airflow/dags/create_dag_with_python_operator.py
[2024-05-26T15:15:57.466+0000] {processor.py:830} INFO - Processing file /opt/airflow/dags/create_dag_with_python_operator.py for tasks to queue
[2024-05-26T15:15:57.467+0000] {logging_mixin.py:188} INFO - [2024-05-26T15:15:57.467+0000] {dagbag.py:545} INFO - Filling up the DagBag from /opt/airflow/dags/create_dag_with_python_operator.py
[2024-05-26T15:15:57.474+0000] {processor.py:840} INFO - DAG(s) 'dag_python_operator_v03' retrieved from /opt/airflow/dags/create_dag_with_python_operator.py
[2024-05-26T15:15:57.487+0000] {logging_mixin.py:188} INFO - [2024-05-26T15:15:57.487+0000] {dag.py:3096} INFO - Sync 1 DAGs
[2024-05-26T15:15:57.497+0000] {logging_mixin.py:188} INFO - [2024-05-26T15:15:57.496+0000] {dag.py:3954} INFO - Setting next_dagrun for dag_python_operator_v03 to 2024-05-25 00:00:00+00:00, run_after=2024-05-26 00:00:00+00:00
[2024-05-26T15:15:57.503+0000] {processor.py:183} INFO - Processing /opt/airflow/dags/create_dag_with_python_operator.py took 0.042 seconds
[2024-05-26T15:25:23.028+0000] {processor.py:161} INFO - Started process (PID=10746) to work on /opt/airflow/dags/create_dag_with_python_operator.py
[2024-05-26T15:25:23.029+0000] {processor.py:830} INFO - Processing file /opt/airflow/dags/create_dag_with_python_operator.py for tasks to queue
[2024-05-26T15:25:23.030+0000] {logging_mixin.py:188} INFO - [2024-05-26T15:25:23.029+0000] {dagbag.py:545} INFO - Filling up the DagBag from /opt/airflow/dags/create_dag_with_python_operator.py
[2024-05-26T15:25:23.037+0000] {processor.py:840} INFO - DAG(s) 'dag_python_operator_v03' retrieved from /opt/airflow/dags/create_dag_with_python_operator.py
[2024-05-26T15:25:23.051+0000] {logging_mixin.py:188} INFO - [2024-05-26T15:25:23.051+0000] {dag.py:3096} INFO - Sync 1 DAGs
[2024-05-26T15:25:23.061+0000] {logging_mixin.py:188} INFO - [2024-05-26T15:25:23.060+0000] {dag.py:3954} INFO - Setting next_dagrun for dag_python_operator_v03 to 2024-05-25 00:00:00+00:00, run_after=2024-05-26 00:00:00+00:00
[2024-05-26T15:25:23.068+0000] {processor.py:183} INFO - Processing /opt/airflow/dags/create_dag_with_python_operator.py took 0.045 seconds
[2024-05-26T15:46:03.177+0000] {processor.py:161} INFO - Started process (PID=10767) to work on /opt/airflow/dags/create_dag_with_python_operator.py
[2024-05-26T15:46:03.178+0000] {processor.py:830} INFO - Processing file /opt/airflow/dags/create_dag_with_python_operator.py for tasks to queue
[2024-05-26T15:46:03.179+0000] {logging_mixin.py:188} INFO - [2024-05-26T15:46:03.178+0000] {dagbag.py:545} INFO - Filling up the DagBag from /opt/airflow/dags/create_dag_with_python_operator.py
[2024-05-26T15:46:03.185+0000] {processor.py:840} INFO - DAG(s) 'dag_python_operator_v03' retrieved from /opt/airflow/dags/create_dag_with_python_operator.py
[2024-05-26T15:46:03.199+0000] {logging_mixin.py:188} INFO - [2024-05-26T15:46:03.199+0000] {dag.py:3096} INFO - Sync 1 DAGs
[2024-05-26T15:46:03.210+0000] {logging_mixin.py:188} INFO - [2024-05-26T15:46:03.210+0000] {dag.py:3954} INFO - Setting next_dagrun for dag_python_operator_v03 to 2024-05-25 00:00:00+00:00, run_after=2024-05-26 00:00:00+00:00
[2024-05-26T15:46:03.217+0000] {processor.py:183} INFO - Processing /opt/airflow/dags/create_dag_with_python_operator.py took 0.044 seconds
[2024-05-26T16:01:33.603+0000] {processor.py:161} INFO - Started process (PID=10788) to work on /opt/airflow/dags/create_dag_with_python_operator.py
[2024-05-26T16:01:33.606+0000] {processor.py:830} INFO - Processing file /opt/airflow/dags/create_dag_with_python_operator.py for tasks to queue
[2024-05-26T16:01:33.607+0000] {logging_mixin.py:188} INFO - [2024-05-26T16:01:33.607+0000] {dagbag.py:545} INFO - Filling up the DagBag from /opt/airflow/dags/create_dag_with_python_operator.py
[2024-05-26T16:01:33.630+0000] {processor.py:840} INFO - DAG(s) 'dag_python_operator_v03' retrieved from /opt/airflow/dags/create_dag_with_python_operator.py
[2024-05-26T16:01:33.710+0000] {logging_mixin.py:188} INFO - [2024-05-26T16:01:33.709+0000] {dag.py:3096} INFO - Sync 1 DAGs
[2024-05-26T16:01:33.755+0000] {logging_mixin.py:188} INFO - [2024-05-26T16:01:33.755+0000] {dag.py:3954} INFO - Setting next_dagrun for dag_python_operator_v03 to 2024-05-25 00:00:00+00:00, run_after=2024-05-26 00:00:00+00:00
[2024-05-26T16:01:33.780+0000] {processor.py:183} INFO - Processing /opt/airflow/dags/create_dag_with_python_operator.py took 0.184 seconds
[2024-05-26T16:15:24.513+0000] {processor.py:161} INFO - Started process (PID=10809) to work on /opt/airflow/dags/create_dag_with_python_operator.py
[2024-05-26T16:15:24.514+0000] {processor.py:830} INFO - Processing file /opt/airflow/dags/create_dag_with_python_operator.py for tasks to queue
[2024-05-26T16:15:24.515+0000] {logging_mixin.py:188} INFO - [2024-05-26T16:15:24.515+0000] {dagbag.py:545} INFO - Filling up the DagBag from /opt/airflow/dags/create_dag_with_python_operator.py
[2024-05-26T16:15:24.524+0000] {processor.py:840} INFO - DAG(s) 'dag_python_operator_v03' retrieved from /opt/airflow/dags/create_dag_with_python_operator.py
[2024-05-26T16:15:24.540+0000] {logging_mixin.py:188} INFO - [2024-05-26T16:15:24.540+0000] {dag.py:3096} INFO - Sync 1 DAGs
[2024-05-26T16:15:24.550+0000] {logging_mixin.py:188} INFO - [2024-05-26T16:15:24.550+0000] {dag.py:3954} INFO - Setting next_dagrun for dag_python_operator_v03 to 2024-05-25 00:00:00+00:00, run_after=2024-05-26 00:00:00+00:00
[2024-05-26T16:15:24.557+0000] {processor.py:183} INFO - Processing /opt/airflow/dags/create_dag_with_python_operator.py took 0.048 seconds
[2024-05-26T16:15:55.047+0000] {processor.py:161} INFO - Started process (PID=10830) to work on /opt/airflow/dags/create_dag_with_python_operator.py
[2024-05-26T16:15:55.047+0000] {processor.py:830} INFO - Processing file /opt/airflow/dags/create_dag_with_python_operator.py for tasks to queue
[2024-05-26T16:15:55.048+0000] {logging_mixin.py:188} INFO - [2024-05-26T16:15:55.048+0000] {dagbag.py:545} INFO - Filling up the DagBag from /opt/airflow/dags/create_dag_with_python_operator.py
[2024-05-26T16:15:55.057+0000] {processor.py:840} INFO - DAG(s) 'dag_python_operator_v03' retrieved from /opt/airflow/dags/create_dag_with_python_operator.py
[2024-05-26T16:15:55.071+0000] {logging_mixin.py:188} INFO - [2024-05-26T16:15:55.071+0000] {dag.py:3096} INFO - Sync 1 DAGs
[2024-05-26T16:15:55.081+0000] {logging_mixin.py:188} INFO - [2024-05-26T16:15:55.081+0000] {dag.py:3954} INFO - Setting next_dagrun for dag_python_operator_v03 to 2024-05-25 00:00:00+00:00, run_after=2024-05-26 00:00:00+00:00
[2024-05-26T16:15:55.089+0000] {processor.py:183} INFO - Processing /opt/airflow/dags/create_dag_with_python_operator.py took 0.047 seconds
[2024-05-26T16:40:28.481+0000] {processor.py:161} INFO - Started process (PID=10851) to work on /opt/airflow/dags/create_dag_with_python_operator.py
[2024-05-26T16:40:28.482+0000] {processor.py:830} INFO - Processing file /opt/airflow/dags/create_dag_with_python_operator.py for tasks to queue
[2024-05-26T16:40:28.483+0000] {logging_mixin.py:188} INFO - [2024-05-26T16:40:28.482+0000] {dagbag.py:545} INFO - Filling up the DagBag from /opt/airflow/dags/create_dag_with_python_operator.py
[2024-05-26T16:40:28.490+0000] {processor.py:840} INFO - DAG(s) 'dag_python_operator_v03' retrieved from /opt/airflow/dags/create_dag_with_python_operator.py
[2024-05-26T16:40:28.502+0000] {logging_mixin.py:188} INFO - [2024-05-26T16:40:28.502+0000] {dag.py:3096} INFO - Sync 1 DAGs
[2024-05-26T16:40:28.511+0000] {logging_mixin.py:188} INFO - [2024-05-26T16:40:28.511+0000] {dag.py:3954} INFO - Setting next_dagrun for dag_python_operator_v03 to 2024-05-25 00:00:00+00:00, run_after=2024-05-26 00:00:00+00:00
[2024-05-26T16:40:28.518+0000] {processor.py:183} INFO - Processing /opt/airflow/dags/create_dag_with_python_operator.py took 0.040 seconds
[2024-05-26T16:49:46.629+0000] {processor.py:161} INFO - Started process (PID=10871) to work on /opt/airflow/dags/create_dag_with_python_operator.py
[2024-05-26T16:49:46.630+0000] {processor.py:830} INFO - Processing file /opt/airflow/dags/create_dag_with_python_operator.py for tasks to queue
[2024-05-26T16:49:46.631+0000] {logging_mixin.py:188} INFO - [2024-05-26T16:49:46.630+0000] {dagbag.py:545} INFO - Filling up the DagBag from /opt/airflow/dags/create_dag_with_python_operator.py
[2024-05-26T16:49:46.637+0000] {processor.py:840} INFO - DAG(s) 'dag_python_operator_v03' retrieved from /opt/airflow/dags/create_dag_with_python_operator.py
[2024-05-26T16:49:46.651+0000] {logging_mixin.py:188} INFO - [2024-05-26T16:49:46.651+0000] {dag.py:3096} INFO - Sync 1 DAGs
[2024-05-26T16:49:46.660+0000] {logging_mixin.py:188} INFO - [2024-05-26T16:49:46.660+0000] {dag.py:3954} INFO - Setting next_dagrun for dag_python_operator_v03 to 2024-05-25 00:00:00+00:00, run_after=2024-05-26 00:00:00+00:00
[2024-05-26T16:49:46.667+0000] {processor.py:183} INFO - Processing /opt/airflow/dags/create_dag_with_python_operator.py took 0.043 seconds
[2024-05-26T17:20:16.235+0000] {processor.py:161} INFO - Started process (PID=10892) to work on /opt/airflow/dags/create_dag_with_python_operator.py
[2024-05-26T17:20:16.235+0000] {processor.py:830} INFO - Processing file /opt/airflow/dags/create_dag_with_python_operator.py for tasks to queue
[2024-05-26T17:20:16.236+0000] {logging_mixin.py:188} INFO - [2024-05-26T17:20:16.235+0000] {dagbag.py:545} INFO - Filling up the DagBag from /opt/airflow/dags/create_dag_with_python_operator.py
[2024-05-26T17:20:16.244+0000] {processor.py:840} INFO - DAG(s) 'dag_python_operator_v03' retrieved from /opt/airflow/dags/create_dag_with_python_operator.py
[2024-05-26T17:20:16.258+0000] {logging_mixin.py:188} INFO - [2024-05-26T17:20:16.258+0000] {dag.py:3096} INFO - Sync 1 DAGs
[2024-05-26T17:20:16.268+0000] {logging_mixin.py:188} INFO - [2024-05-26T17:20:16.268+0000] {dag.py:3954} INFO - Setting next_dagrun for dag_python_operator_v03 to 2024-05-25 00:00:00+00:00, run_after=2024-05-26 00:00:00+00:00
[2024-05-26T17:20:16.274+0000] {processor.py:183} INFO - Processing /opt/airflow/dags/create_dag_with_python_operator.py took 0.042 seconds
[2024-05-26T17:25:39.207+0000] {processor.py:161} INFO - Started process (PID=10912) to work on /opt/airflow/dags/create_dag_with_python_operator.py
[2024-05-26T17:25:39.207+0000] {processor.py:830} INFO - Processing file /opt/airflow/dags/create_dag_with_python_operator.py for tasks to queue
[2024-05-26T17:25:39.208+0000] {logging_mixin.py:188} INFO - [2024-05-26T17:25:39.208+0000] {dagbag.py:545} INFO - Filling up the DagBag from /opt/airflow/dags/create_dag_with_python_operator.py
[2024-05-26T17:25:39.215+0000] {processor.py:840} INFO - DAG(s) 'dag_python_operator_v03' retrieved from /opt/airflow/dags/create_dag_with_python_operator.py
[2024-05-26T17:25:39.229+0000] {logging_mixin.py:188} INFO - [2024-05-26T17:25:39.229+0000] {dag.py:3096} INFO - Sync 1 DAGs
[2024-05-26T17:25:39.238+0000] {logging_mixin.py:188} INFO - [2024-05-26T17:25:39.238+0000] {dag.py:3954} INFO - Setting next_dagrun for dag_python_operator_v03 to 2024-05-25 00:00:00+00:00, run_after=2024-05-26 00:00:00+00:00
[2024-05-26T17:25:39.245+0000] {processor.py:183} INFO - Processing /opt/airflow/dags/create_dag_with_python_operator.py took 0.042 seconds
[2024-05-26T17:42:37.211+0000] {processor.py:161} INFO - Started process (PID=10933) to work on /opt/airflow/dags/create_dag_with_python_operator.py
[2024-05-26T17:42:37.212+0000] {processor.py:830} INFO - Processing file /opt/airflow/dags/create_dag_with_python_operator.py for tasks to queue
[2024-05-26T17:42:37.212+0000] {logging_mixin.py:188} INFO - [2024-05-26T17:42:37.212+0000] {dagbag.py:545} INFO - Filling up the DagBag from /opt/airflow/dags/create_dag_with_python_operator.py
[2024-05-26T17:42:37.220+0000] {processor.py:840} INFO - DAG(s) 'dag_python_operator_v03' retrieved from /opt/airflow/dags/create_dag_with_python_operator.py
[2024-05-26T17:42:37.234+0000] {logging_mixin.py:188} INFO - [2024-05-26T17:42:37.234+0000] {dag.py:3096} INFO - Sync 1 DAGs
[2024-05-26T17:42:37.244+0000] {logging_mixin.py:188} INFO - [2024-05-26T17:42:37.244+0000] {dag.py:3954} INFO - Setting next_dagrun for dag_python_operator_v03 to 2024-05-25 00:00:00+00:00, run_after=2024-05-26 00:00:00+00:00
[2024-05-26T17:42:37.249+0000] {processor.py:183} INFO - Processing /opt/airflow/dags/create_dag_with_python_operator.py took 0.043 seconds
[2024-05-26T18:50:46.279+0000] {processor.py:161} INFO - Started process (PID=10954) to work on /opt/airflow/dags/create_dag_with_python_operator.py
[2024-05-26T18:50:46.279+0000] {processor.py:830} INFO - Processing file /opt/airflow/dags/create_dag_with_python_operator.py for tasks to queue
[2024-05-26T18:50:46.280+0000] {logging_mixin.py:188} INFO - [2024-05-26T18:50:46.280+0000] {dagbag.py:545} INFO - Filling up the DagBag from /opt/airflow/dags/create_dag_with_python_operator.py
[2024-05-26T18:50:46.288+0000] {processor.py:840} INFO - DAG(s) 'dag_python_operator_v03' retrieved from /opt/airflow/dags/create_dag_with_python_operator.py
[2024-05-26T18:50:46.303+0000] {logging_mixin.py:188} INFO - [2024-05-26T18:50:46.303+0000] {dag.py:3096} INFO - Sync 1 DAGs
[2024-05-26T18:50:46.313+0000] {logging_mixin.py:188} INFO - [2024-05-26T18:50:46.313+0000] {dag.py:3954} INFO - Setting next_dagrun for dag_python_operator_v03 to 2024-05-25 00:00:00+00:00, run_after=2024-05-26 00:00:00+00:00
[2024-05-26T18:50:46.319+0000] {processor.py:183} INFO - Processing /opt/airflow/dags/create_dag_with_python_operator.py took 0.045 seconds
[2024-05-26T19:51:52.424+0000] {processor.py:161} INFO - Started process (PID=10975) to work on /opt/airflow/dags/create_dag_with_python_operator.py
[2024-05-26T19:51:52.425+0000] {processor.py:830} INFO - Processing file /opt/airflow/dags/create_dag_with_python_operator.py for tasks to queue
[2024-05-26T19:51:52.426+0000] {logging_mixin.py:188} INFO - [2024-05-26T19:51:52.425+0000] {dagbag.py:545} INFO - Filling up the DagBag from /opt/airflow/dags/create_dag_with_python_operator.py
[2024-05-26T19:51:52.433+0000] {processor.py:840} INFO - DAG(s) 'dag_python_operator_v03' retrieved from /opt/airflow/dags/create_dag_with_python_operator.py
[2024-05-26T19:51:52.446+0000] {logging_mixin.py:188} INFO - [2024-05-26T19:51:52.446+0000] {dag.py:3096} INFO - Sync 1 DAGs
[2024-05-26T19:51:52.456+0000] {logging_mixin.py:188} INFO - [2024-05-26T19:51:52.456+0000] {dag.py:3954} INFO - Setting next_dagrun for dag_python_operator_v03 to 2024-05-25 00:00:00+00:00, run_after=2024-05-26 00:00:00+00:00
[2024-05-26T19:51:52.463+0000] {processor.py:183} INFO - Processing /opt/airflow/dags/create_dag_with_python_operator.py took 0.043 seconds
[2024-05-26T21:09:27.031+0000] {processor.py:161} INFO - Started process (PID=10996) to work on /opt/airflow/dags/create_dag_with_python_operator.py
[2024-05-26T21:09:27.031+0000] {processor.py:830} INFO - Processing file /opt/airflow/dags/create_dag_with_python_operator.py for tasks to queue
[2024-05-26T21:09:27.032+0000] {logging_mixin.py:188} INFO - [2024-05-26T21:09:27.032+0000] {dagbag.py:545} INFO - Filling up the DagBag from /opt/airflow/dags/create_dag_with_python_operator.py
[2024-05-26T21:09:27.038+0000] {processor.py:840} INFO - DAG(s) 'dag_python_operator_v03' retrieved from /opt/airflow/dags/create_dag_with_python_operator.py
[2024-05-26T21:09:27.055+0000] {logging_mixin.py:188} INFO - [2024-05-26T21:09:27.055+0000] {dag.py:3096} INFO - Sync 1 DAGs
[2024-05-26T21:09:27.068+0000] {logging_mixin.py:188} INFO - [2024-05-26T21:09:27.068+0000] {dag.py:3954} INFO - Setting next_dagrun for dag_python_operator_v03 to 2024-05-25 00:00:00+00:00, run_after=2024-05-26 00:00:00+00:00
[2024-05-26T21:09:27.078+0000] {processor.py:183} INFO - Processing /opt/airflow/dags/create_dag_with_python_operator.py took 0.050 seconds
[2024-05-26T22:42:31.762+0000] {processor.py:161} INFO - Started process (PID=11017) to work on /opt/airflow/dags/create_dag_with_python_operator.py
[2024-05-26T22:42:31.762+0000] {processor.py:830} INFO - Processing file /opt/airflow/dags/create_dag_with_python_operator.py for tasks to queue
[2024-05-26T22:42:31.763+0000] {logging_mixin.py:188} INFO - [2024-05-26T22:42:31.763+0000] {dagbag.py:545} INFO - Filling up the DagBag from /opt/airflow/dags/create_dag_with_python_operator.py
[2024-05-26T22:42:31.770+0000] {processor.py:840} INFO - DAG(s) 'dag_python_operator_v03' retrieved from /opt/airflow/dags/create_dag_with_python_operator.py
[2024-05-26T22:42:31.784+0000] {logging_mixin.py:188} INFO - [2024-05-26T22:42:31.784+0000] {dag.py:3096} INFO - Sync 1 DAGs
[2024-05-26T22:42:31.793+0000] {logging_mixin.py:188} INFO - [2024-05-26T22:42:31.793+0000] {dag.py:3954} INFO - Setting next_dagrun for dag_python_operator_v03 to 2024-05-25 00:00:00+00:00, run_after=2024-05-26 00:00:00+00:00
[2024-05-26T22:42:31.800+0000] {processor.py:183} INFO - Processing /opt/airflow/dags/create_dag_with_python_operator.py took 0.042 seconds
[2024-05-26T23:55:46.086+0000] {processor.py:161} INFO - Started process (PID=11038) to work on /opt/airflow/dags/create_dag_with_python_operator.py
[2024-05-26T23:55:46.087+0000] {processor.py:830} INFO - Processing file /opt/airflow/dags/create_dag_with_python_operator.py for tasks to queue
[2024-05-26T23:55:46.087+0000] {logging_mixin.py:188} INFO - [2024-05-26T23:55:46.087+0000] {dagbag.py:545} INFO - Filling up the DagBag from /opt/airflow/dags/create_dag_with_python_operator.py
[2024-05-26T23:55:46.092+0000] {processor.py:840} INFO - DAG(s) 'dag_python_operator_v03' retrieved from /opt/airflow/dags/create_dag_with_python_operator.py
[2024-05-26T23:55:46.104+0000] {logging_mixin.py:188} INFO - [2024-05-26T23:55:46.104+0000] {dag.py:3096} INFO - Sync 1 DAGs
[2024-05-26T23:55:46.114+0000] {logging_mixin.py:188} INFO - [2024-05-26T23:55:46.113+0000] {dag.py:3954} INFO - Setting next_dagrun for dag_python_operator_v03 to 2024-05-25 00:00:00+00:00, run_after=2024-05-26 00:00:00+00:00
[2024-05-26T23:55:46.120+0000] {processor.py:183} INFO - Processing /opt/airflow/dags/create_dag_with_python_operator.py took 0.036 seconds
