[2024-05-26T00:10:24.887+0000] {processor.py:161} INFO - Started process (PID=9604) to work on /opt/airflow/dags/our_first_dag.py
[2024-05-26T00:10:24.887+0000] {processor.py:830} INFO - Processing file /opt/airflow/dags/our_first_dag.py for tasks to queue
[2024-05-26T00:10:24.888+0000] {logging_mixin.py:188} INFO - [2024-05-26T00:10:24.888+0000] {dagbag.py:545} INFO - Filling up the DagBag from /opt/airflow/dags/our_first_dag.py
[2024-05-26T00:10:24.893+0000] {processor.py:840} INFO - DAG(s) 'our_first_dag_v5' retrieved from /opt/airflow/dags/our_first_dag.py
[2024-05-26T00:10:24.902+0000] {logging_mixin.py:188} INFO - [2024-05-26T00:10:24.902+0000] {dag.py:3096} INFO - Sync 1 DAGs
[2024-05-26T00:10:24.909+0000] {logging_mixin.py:188} INFO - [2024-05-26T00:10:24.909+0000] {dag.py:3954} INFO - Setting next_dagrun for our_first_dag_v5 to 2024-05-24 00:00:00+00:00, run_after=2024-05-25 00:00:00+00:00
[2024-05-26T00:10:24.914+0000] {processor.py:183} INFO - Processing /opt/airflow/dags/our_first_dag.py took 0.030 seconds
[2024-05-26T00:25:55.365+0000] {processor.py:161} INFO - Started process (PID=9625) to work on /opt/airflow/dags/our_first_dag.py
[2024-05-26T00:25:55.366+0000] {processor.py:830} INFO - Processing file /opt/airflow/dags/our_first_dag.py for tasks to queue
[2024-05-26T00:25:55.366+0000] {logging_mixin.py:188} INFO - [2024-05-26T00:25:55.366+0000] {dagbag.py:545} INFO - Filling up the DagBag from /opt/airflow/dags/our_first_dag.py
[2024-05-26T00:25:55.371+0000] {processor.py:840} INFO - DAG(s) 'our_first_dag_v5' retrieved from /opt/airflow/dags/our_first_dag.py
[2024-05-26T00:25:55.380+0000] {logging_mixin.py:188} INFO - [2024-05-26T00:25:55.380+0000] {dag.py:3096} INFO - Sync 1 DAGs
[2024-05-26T00:25:55.388+0000] {logging_mixin.py:188} INFO - [2024-05-26T00:25:55.388+0000] {dag.py:3954} INFO - Setting next_dagrun for our_first_dag_v5 to 2024-05-24 00:00:00+00:00, run_after=2024-05-25 00:00:00+00:00
[2024-05-26T00:25:55.394+0000] {processor.py:183} INFO - Processing /opt/airflow/dags/our_first_dag.py took 0.031 seconds
[2024-05-26T00:39:01.004+0000] {processor.py:161} INFO - Started process (PID=9645) to work on /opt/airflow/dags/our_first_dag.py
[2024-05-26T00:39:01.005+0000] {processor.py:830} INFO - Processing file /opt/airflow/dags/our_first_dag.py for tasks to queue
[2024-05-26T00:39:01.005+0000] {logging_mixin.py:188} INFO - [2024-05-26T00:39:01.005+0000] {dagbag.py:545} INFO - Filling up the DagBag from /opt/airflow/dags/our_first_dag.py
[2024-05-26T00:39:01.010+0000] {processor.py:840} INFO - DAG(s) 'our_first_dag_v5' retrieved from /opt/airflow/dags/our_first_dag.py
[2024-05-26T00:39:01.020+0000] {logging_mixin.py:188} INFO - [2024-05-26T00:39:01.020+0000] {dag.py:3096} INFO - Sync 1 DAGs
[2024-05-26T00:39:01.028+0000] {logging_mixin.py:188} INFO - [2024-05-26T00:39:01.028+0000] {dag.py:3954} INFO - Setting next_dagrun for our_first_dag_v5 to 2024-05-24 00:00:00+00:00, run_after=2024-05-25 00:00:00+00:00
[2024-05-26T00:39:01.033+0000] {processor.py:183} INFO - Processing /opt/airflow/dags/our_first_dag.py took 0.031 seconds
[2024-05-26T00:54:31.492+0000] {processor.py:161} INFO - Started process (PID=9666) to work on /opt/airflow/dags/our_first_dag.py
[2024-05-26T00:54:31.492+0000] {processor.py:830} INFO - Processing file /opt/airflow/dags/our_first_dag.py for tasks to queue
[2024-05-26T00:54:31.493+0000] {logging_mixin.py:188} INFO - [2024-05-26T00:54:31.493+0000] {dagbag.py:545} INFO - Filling up the DagBag from /opt/airflow/dags/our_first_dag.py
[2024-05-26T00:54:31.497+0000] {processor.py:840} INFO - DAG(s) 'our_first_dag_v5' retrieved from /opt/airflow/dags/our_first_dag.py
[2024-05-26T00:54:31.507+0000] {logging_mixin.py:188} INFO - [2024-05-26T00:54:31.507+0000] {dag.py:3096} INFO - Sync 1 DAGs
[2024-05-26T00:54:31.515+0000] {logging_mixin.py:188} INFO - [2024-05-26T00:54:31.515+0000] {dag.py:3954} INFO - Setting next_dagrun for our_first_dag_v5 to 2024-05-24 00:00:00+00:00, run_after=2024-05-25 00:00:00+00:00
[2024-05-26T00:54:31.520+0000] {processor.py:183} INFO - Processing /opt/airflow/dags/our_first_dag.py took 0.031 seconds
[2024-05-26T01:16:39.517+0000] {processor.py:161} INFO - Started process (PID=9687) to work on /opt/airflow/dags/our_first_dag.py
[2024-05-26T01:16:39.518+0000] {processor.py:830} INFO - Processing file /opt/airflow/dags/our_first_dag.py for tasks to queue
[2024-05-26T01:16:39.518+0000] {logging_mixin.py:188} INFO - [2024-05-26T01:16:39.518+0000] {dagbag.py:545} INFO - Filling up the DagBag from /opt/airflow/dags/our_first_dag.py
[2024-05-26T01:16:39.523+0000] {processor.py:840} INFO - DAG(s) 'our_first_dag_v5' retrieved from /opt/airflow/dags/our_first_dag.py
[2024-05-26T01:16:39.532+0000] {logging_mixin.py:188} INFO - [2024-05-26T01:16:39.532+0000] {dag.py:3096} INFO - Sync 1 DAGs
[2024-05-26T01:16:39.540+0000] {logging_mixin.py:188} INFO - [2024-05-26T01:16:39.540+0000] {dag.py:3954} INFO - Setting next_dagrun for our_first_dag_v5 to 2024-05-24 00:00:00+00:00, run_after=2024-05-25 00:00:00+00:00
[2024-05-26T01:16:39.545+0000] {processor.py:183} INFO - Processing /opt/airflow/dags/our_first_dag.py took 0.030 seconds
[2024-05-26T01:32:09.356+0000] {processor.py:161} INFO - Started process (PID=9708) to work on /opt/airflow/dags/our_first_dag.py
[2024-05-26T01:32:09.356+0000] {processor.py:830} INFO - Processing file /opt/airflow/dags/our_first_dag.py for tasks to queue
[2024-05-26T01:32:09.357+0000] {logging_mixin.py:188} INFO - [2024-05-26T01:32:09.357+0000] {dagbag.py:545} INFO - Filling up the DagBag from /opt/airflow/dags/our_first_dag.py
[2024-05-26T01:32:09.363+0000] {processor.py:840} INFO - DAG(s) 'our_first_dag_v5' retrieved from /opt/airflow/dags/our_first_dag.py
[2024-05-26T01:32:09.375+0000] {logging_mixin.py:188} INFO - [2024-05-26T01:32:09.375+0000] {dag.py:3096} INFO - Sync 1 DAGs
[2024-05-26T01:32:09.383+0000] {logging_mixin.py:188} INFO - [2024-05-26T01:32:09.383+0000] {dag.py:3954} INFO - Setting next_dagrun for our_first_dag_v5 to 2024-05-24 00:00:00+00:00, run_after=2024-05-25 00:00:00+00:00
[2024-05-26T01:32:09.389+0000] {processor.py:183} INFO - Processing /opt/airflow/dags/our_first_dag.py took 0.036 seconds
[2024-05-26T01:55:10.409+0000] {processor.py:161} INFO - Started process (PID=9729) to work on /opt/airflow/dags/our_first_dag.py
[2024-05-26T01:55:10.410+0000] {processor.py:830} INFO - Processing file /opt/airflow/dags/our_first_dag.py for tasks to queue
[2024-05-26T01:55:10.410+0000] {logging_mixin.py:188} INFO - [2024-05-26T01:55:10.410+0000] {dagbag.py:545} INFO - Filling up the DagBag from /opt/airflow/dags/our_first_dag.py
[2024-05-26T01:55:10.414+0000] {processor.py:840} INFO - DAG(s) 'our_first_dag_v5' retrieved from /opt/airflow/dags/our_first_dag.py
[2024-05-26T01:55:10.424+0000] {logging_mixin.py:188} INFO - [2024-05-26T01:55:10.424+0000] {dag.py:3096} INFO - Sync 1 DAGs
[2024-05-26T01:55:10.432+0000] {logging_mixin.py:188} INFO - [2024-05-26T01:55:10.431+0000] {dag.py:3954} INFO - Setting next_dagrun for our_first_dag_v5 to 2024-05-24 00:00:00+00:00, run_after=2024-05-25 00:00:00+00:00
[2024-05-26T01:55:10.438+0000] {processor.py:183} INFO - Processing /opt/airflow/dags/our_first_dag.py took 0.031 seconds
[2024-05-26T02:25:41.049+0000] {processor.py:161} INFO - Started process (PID=9750) to work on /opt/airflow/dags/our_first_dag.py
[2024-05-26T02:25:41.049+0000] {processor.py:830} INFO - Processing file /opt/airflow/dags/our_first_dag.py for tasks to queue
[2024-05-26T02:25:41.050+0000] {logging_mixin.py:188} INFO - [2024-05-26T02:25:41.050+0000] {dagbag.py:545} INFO - Filling up the DagBag from /opt/airflow/dags/our_first_dag.py
[2024-05-26T02:25:41.055+0000] {processor.py:840} INFO - DAG(s) 'our_first_dag_v5' retrieved from /opt/airflow/dags/our_first_dag.py
[2024-05-26T02:25:41.065+0000] {logging_mixin.py:188} INFO - [2024-05-26T02:25:41.064+0000] {dag.py:3096} INFO - Sync 1 DAGs
[2024-05-26T02:25:41.072+0000] {logging_mixin.py:188} INFO - [2024-05-26T02:25:41.072+0000] {dag.py:3954} INFO - Setting next_dagrun for our_first_dag_v5 to 2024-05-24 00:00:00+00:00, run_after=2024-05-25 00:00:00+00:00
[2024-05-26T02:25:41.078+0000] {processor.py:183} INFO - Processing /opt/airflow/dags/our_first_dag.py took 0.032 seconds
[2024-05-26T02:35:06.517+0000] {processor.py:161} INFO - Started process (PID=9770) to work on /opt/airflow/dags/our_first_dag.py
[2024-05-26T02:35:06.517+0000] {processor.py:830} INFO - Processing file /opt/airflow/dags/our_first_dag.py for tasks to queue
[2024-05-26T02:35:06.518+0000] {logging_mixin.py:188} INFO - [2024-05-26T02:35:06.517+0000] {dagbag.py:545} INFO - Filling up the DagBag from /opt/airflow/dags/our_first_dag.py
[2024-05-26T02:35:06.522+0000] {processor.py:840} INFO - DAG(s) 'our_first_dag_v5' retrieved from /opt/airflow/dags/our_first_dag.py
[2024-05-26T02:35:06.532+0000] {logging_mixin.py:188} INFO - [2024-05-26T02:35:06.532+0000] {dag.py:3096} INFO - Sync 1 DAGs
[2024-05-26T02:35:06.540+0000] {logging_mixin.py:188} INFO - [2024-05-26T02:35:06.540+0000] {dag.py:3954} INFO - Setting next_dagrun for our_first_dag_v5 to 2024-05-24 00:00:00+00:00, run_after=2024-05-25 00:00:00+00:00
[2024-05-26T02:35:06.545+0000] {processor.py:183} INFO - Processing /opt/airflow/dags/our_first_dag.py took 0.031 seconds
[2024-05-26T02:52:50.547+0000] {processor.py:161} INFO - Started process (PID=9791) to work on /opt/airflow/dags/our_first_dag.py
[2024-05-26T02:52:50.547+0000] {processor.py:830} INFO - Processing file /opt/airflow/dags/our_first_dag.py for tasks to queue
[2024-05-26T02:52:50.548+0000] {logging_mixin.py:188} INFO - [2024-05-26T02:52:50.548+0000] {dagbag.py:545} INFO - Filling up the DagBag from /opt/airflow/dags/our_first_dag.py
[2024-05-26T02:52:50.552+0000] {processor.py:840} INFO - DAG(s) 'our_first_dag_v5' retrieved from /opt/airflow/dags/our_first_dag.py
[2024-05-26T02:52:50.562+0000] {logging_mixin.py:188} INFO - [2024-05-26T02:52:50.562+0000] {dag.py:3096} INFO - Sync 1 DAGs
[2024-05-26T02:52:50.569+0000] {logging_mixin.py:188} INFO - [2024-05-26T02:52:50.569+0000] {dag.py:3954} INFO - Setting next_dagrun for our_first_dag_v5 to 2024-05-24 00:00:00+00:00, run_after=2024-05-25 00:00:00+00:00
[2024-05-26T02:52:50.575+0000] {processor.py:183} INFO - Processing /opt/airflow/dags/our_first_dag.py took 0.031 seconds
[2024-05-26T03:08:20.025+0000] {processor.py:161} INFO - Started process (PID=9811) to work on /opt/airflow/dags/our_first_dag.py
[2024-05-26T03:08:20.026+0000] {processor.py:830} INFO - Processing file /opt/airflow/dags/our_first_dag.py for tasks to queue
[2024-05-26T03:08:20.026+0000] {logging_mixin.py:188} INFO - [2024-05-26T03:08:20.026+0000] {dagbag.py:545} INFO - Filling up the DagBag from /opt/airflow/dags/our_first_dag.py
[2024-05-26T03:08:20.030+0000] {processor.py:840} INFO - DAG(s) 'our_first_dag_v5' retrieved from /opt/airflow/dags/our_first_dag.py
[2024-05-26T03:08:20.040+0000] {logging_mixin.py:188} INFO - [2024-05-26T03:08:20.040+0000] {dag.py:3096} INFO - Sync 1 DAGs
[2024-05-26T03:08:20.048+0000] {logging_mixin.py:188} INFO - [2024-05-26T03:08:20.047+0000] {dag.py:3954} INFO - Setting next_dagrun for our_first_dag_v5 to 2024-05-24 00:00:00+00:00, run_after=2024-05-25 00:00:00+00:00
[2024-05-26T03:08:20.053+0000] {processor.py:183} INFO - Processing /opt/airflow/dags/our_first_dag.py took 0.030 seconds
[2024-05-26T03:23:50.493+0000] {processor.py:161} INFO - Started process (PID=9832) to work on /opt/airflow/dags/our_first_dag.py
[2024-05-26T03:23:50.494+0000] {processor.py:830} INFO - Processing file /opt/airflow/dags/our_first_dag.py for tasks to queue
[2024-05-26T03:23:50.494+0000] {logging_mixin.py:188} INFO - [2024-05-26T03:23:50.494+0000] {dagbag.py:545} INFO - Filling up the DagBag from /opt/airflow/dags/our_first_dag.py
[2024-05-26T03:23:50.499+0000] {processor.py:840} INFO - DAG(s) 'our_first_dag_v5' retrieved from /opt/airflow/dags/our_first_dag.py
[2024-05-26T03:23:50.508+0000] {logging_mixin.py:188} INFO - [2024-05-26T03:23:50.508+0000] {dag.py:3096} INFO - Sync 1 DAGs
[2024-05-26T03:23:50.516+0000] {logging_mixin.py:188} INFO - [2024-05-26T03:23:50.516+0000] {dag.py:3954} INFO - Setting next_dagrun for our_first_dag_v5 to 2024-05-24 00:00:00+00:00, run_after=2024-05-25 00:00:00+00:00
[2024-05-26T03:23:50.521+0000] {processor.py:183} INFO - Processing /opt/airflow/dags/our_first_dag.py took 0.030 seconds
[2024-05-26T03:39:20.707+0000] {processor.py:161} INFO - Started process (PID=9853) to work on /opt/airflow/dags/our_first_dag.py
[2024-05-26T03:39:20.708+0000] {processor.py:830} INFO - Processing file /opt/airflow/dags/our_first_dag.py for tasks to queue
[2024-05-26T03:39:20.708+0000] {logging_mixin.py:188} INFO - [2024-05-26T03:39:20.708+0000] {dagbag.py:545} INFO - Filling up the DagBag from /opt/airflow/dags/our_first_dag.py
[2024-05-26T03:39:20.713+0000] {processor.py:840} INFO - DAG(s) 'our_first_dag_v5' retrieved from /opt/airflow/dags/our_first_dag.py
[2024-05-26T03:39:20.723+0000] {logging_mixin.py:188} INFO - [2024-05-26T03:39:20.723+0000] {dag.py:3096} INFO - Sync 1 DAGs
[2024-05-26T03:39:20.732+0000] {logging_mixin.py:188} INFO - [2024-05-26T03:39:20.731+0000] {dag.py:3954} INFO - Setting next_dagrun for our_first_dag_v5 to 2024-05-24 00:00:00+00:00, run_after=2024-05-25 00:00:00+00:00
[2024-05-26T03:39:20.737+0000] {processor.py:183} INFO - Processing /opt/airflow/dags/our_first_dag.py took 0.032 seconds
[2024-05-26T03:54:51.132+0000] {processor.py:161} INFO - Started process (PID=9874) to work on /opt/airflow/dags/our_first_dag.py
[2024-05-26T03:54:51.133+0000] {processor.py:830} INFO - Processing file /opt/airflow/dags/our_first_dag.py for tasks to queue
[2024-05-26T03:54:51.133+0000] {logging_mixin.py:188} INFO - [2024-05-26T03:54:51.133+0000] {dagbag.py:545} INFO - Filling up the DagBag from /opt/airflow/dags/our_first_dag.py
[2024-05-26T03:54:51.138+0000] {processor.py:840} INFO - DAG(s) 'our_first_dag_v5' retrieved from /opt/airflow/dags/our_first_dag.py
[2024-05-26T03:54:51.148+0000] {logging_mixin.py:188} INFO - [2024-05-26T03:54:51.148+0000] {dag.py:3096} INFO - Sync 1 DAGs
[2024-05-26T03:54:51.156+0000] {logging_mixin.py:188} INFO - [2024-05-26T03:54:51.156+0000] {dag.py:3954} INFO - Setting next_dagrun for our_first_dag_v5 to 2024-05-24 00:00:00+00:00, run_after=2024-05-25 00:00:00+00:00
[2024-05-26T03:54:51.161+0000] {processor.py:183} INFO - Processing /opt/airflow/dags/our_first_dag.py took 0.031 seconds
[2024-05-26T04:25:21.471+0000] {processor.py:161} INFO - Started process (PID=9895) to work on /opt/airflow/dags/our_first_dag.py
[2024-05-26T04:25:21.472+0000] {processor.py:830} INFO - Processing file /opt/airflow/dags/our_first_dag.py for tasks to queue
[2024-05-26T04:25:21.472+0000] {logging_mixin.py:188} INFO - [2024-05-26T04:25:21.472+0000] {dagbag.py:545} INFO - Filling up the DagBag from /opt/airflow/dags/our_first_dag.py
[2024-05-26T04:25:21.477+0000] {processor.py:840} INFO - DAG(s) 'our_first_dag_v5' retrieved from /opt/airflow/dags/our_first_dag.py
[2024-05-26T04:25:21.486+0000] {logging_mixin.py:188} INFO - [2024-05-26T04:25:21.486+0000] {dag.py:3096} INFO - Sync 1 DAGs
[2024-05-26T04:25:21.493+0000] {logging_mixin.py:188} INFO - [2024-05-26T04:25:21.493+0000] {dag.py:3954} INFO - Setting next_dagrun for our_first_dag_v5 to 2024-05-24 00:00:00+00:00, run_after=2024-05-25 00:00:00+00:00
[2024-05-26T04:25:21.499+0000] {processor.py:183} INFO - Processing /opt/airflow/dags/our_first_dag.py took 0.030 seconds
[2024-05-26T04:36:19.554+0000] {processor.py:161} INFO - Started process (PID=9916) to work on /opt/airflow/dags/our_first_dag.py
[2024-05-26T04:36:19.555+0000] {processor.py:830} INFO - Processing file /opt/airflow/dags/our_first_dag.py for tasks to queue
[2024-05-26T04:36:19.555+0000] {logging_mixin.py:188} INFO - [2024-05-26T04:36:19.555+0000] {dagbag.py:545} INFO - Filling up the DagBag from /opt/airflow/dags/our_first_dag.py
[2024-05-26T04:36:19.560+0000] {processor.py:840} INFO - DAG(s) 'our_first_dag_v5' retrieved from /opt/airflow/dags/our_first_dag.py
[2024-05-26T04:36:19.569+0000] {logging_mixin.py:188} INFO - [2024-05-26T04:36:19.569+0000] {dag.py:3096} INFO - Sync 1 DAGs
[2024-05-26T04:36:19.577+0000] {logging_mixin.py:188} INFO - [2024-05-26T04:36:19.577+0000] {dag.py:3954} INFO - Setting next_dagrun for our_first_dag_v5 to 2024-05-24 00:00:00+00:00, run_after=2024-05-25 00:00:00+00:00
[2024-05-26T04:36:19.582+0000] {processor.py:183} INFO - Processing /opt/airflow/dags/our_first_dag.py took 0.030 seconds
[2024-05-26T05:06:48.975+0000] {processor.py:161} INFO - Started process (PID=9937) to work on /opt/airflow/dags/our_first_dag.py
[2024-05-26T05:06:48.976+0000] {processor.py:830} INFO - Processing file /opt/airflow/dags/our_first_dag.py for tasks to queue
[2024-05-26T05:06:48.976+0000] {logging_mixin.py:188} INFO - [2024-05-26T05:06:48.976+0000] {dagbag.py:545} INFO - Filling up the DagBag from /opt/airflow/dags/our_first_dag.py
[2024-05-26T05:06:48.981+0000] {processor.py:840} INFO - DAG(s) 'our_first_dag_v5' retrieved from /opt/airflow/dags/our_first_dag.py
[2024-05-26T05:06:48.992+0000] {logging_mixin.py:188} INFO - [2024-05-26T05:06:48.992+0000] {dag.py:3096} INFO - Sync 1 DAGs
[2024-05-26T05:06:49.001+0000] {logging_mixin.py:188} INFO - [2024-05-26T05:06:49.001+0000] {dag.py:3954} INFO - Setting next_dagrun for our_first_dag_v5 to 2024-05-24 00:00:00+00:00, run_after=2024-05-25 00:00:00+00:00
[2024-05-26T05:06:49.007+0000] {processor.py:183} INFO - Processing /opt/airflow/dags/our_first_dag.py took 0.034 seconds
[2024-05-26T05:22:19.658+0000] {processor.py:161} INFO - Started process (PID=9958) to work on /opt/airflow/dags/our_first_dag.py
[2024-05-26T05:22:19.659+0000] {processor.py:830} INFO - Processing file /opt/airflow/dags/our_first_dag.py for tasks to queue
[2024-05-26T05:22:19.659+0000] {logging_mixin.py:188} INFO - [2024-05-26T05:22:19.659+0000] {dagbag.py:545} INFO - Filling up the DagBag from /opt/airflow/dags/our_first_dag.py
[2024-05-26T05:22:19.664+0000] {processor.py:840} INFO - DAG(s) 'our_first_dag_v5' retrieved from /opt/airflow/dags/our_first_dag.py
[2024-05-26T05:22:19.674+0000] {logging_mixin.py:188} INFO - [2024-05-26T05:22:19.674+0000] {dag.py:3096} INFO - Sync 1 DAGs
[2024-05-26T05:22:19.682+0000] {logging_mixin.py:188} INFO - [2024-05-26T05:22:19.682+0000] {dag.py:3954} INFO - Setting next_dagrun for our_first_dag_v5 to 2024-05-24 00:00:00+00:00, run_after=2024-05-25 00:00:00+00:00
[2024-05-26T05:22:19.688+0000] {processor.py:183} INFO - Processing /opt/airflow/dags/our_first_dag.py took 0.032 seconds
[2024-05-26T05:37:26.724+0000] {processor.py:161} INFO - Started process (PID=9979) to work on /opt/airflow/dags/our_first_dag.py
[2024-05-26T05:37:26.725+0000] {processor.py:830} INFO - Processing file /opt/airflow/dags/our_first_dag.py for tasks to queue
[2024-05-26T05:37:26.725+0000] {logging_mixin.py:188} INFO - [2024-05-26T05:37:26.725+0000] {dagbag.py:545} INFO - Filling up the DagBag from /opt/airflow/dags/our_first_dag.py
[2024-05-26T05:37:26.730+0000] {processor.py:840} INFO - DAG(s) 'our_first_dag_v5' retrieved from /opt/airflow/dags/our_first_dag.py
[2024-05-26T05:37:26.740+0000] {logging_mixin.py:188} INFO - [2024-05-26T05:37:26.740+0000] {dag.py:3096} INFO - Sync 1 DAGs
[2024-05-26T05:37:26.748+0000] {logging_mixin.py:188} INFO - [2024-05-26T05:37:26.747+0000] {dag.py:3954} INFO - Setting next_dagrun for our_first_dag_v5 to 2024-05-24 00:00:00+00:00, run_after=2024-05-25 00:00:00+00:00
[2024-05-26T05:37:26.753+0000] {processor.py:183} INFO - Processing /opt/airflow/dags/our_first_dag.py took 0.031 seconds
[2024-05-26T05:52:57.251+0000] {processor.py:161} INFO - Started process (PID=10000) to work on /opt/airflow/dags/our_first_dag.py
[2024-05-26T05:52:57.252+0000] {processor.py:830} INFO - Processing file /opt/airflow/dags/our_first_dag.py for tasks to queue
[2024-05-26T05:52:57.252+0000] {logging_mixin.py:188} INFO - [2024-05-26T05:52:57.252+0000] {dagbag.py:545} INFO - Filling up the DagBag from /opt/airflow/dags/our_first_dag.py
[2024-05-26T05:52:57.257+0000] {processor.py:840} INFO - DAG(s) 'our_first_dag_v5' retrieved from /opt/airflow/dags/our_first_dag.py
[2024-05-26T05:52:57.266+0000] {logging_mixin.py:188} INFO - [2024-05-26T05:52:57.266+0000] {dag.py:3096} INFO - Sync 1 DAGs
[2024-05-26T05:52:57.274+0000] {logging_mixin.py:188} INFO - [2024-05-26T05:52:57.274+0000] {dag.py:3954} INFO - Setting next_dagrun for our_first_dag_v5 to 2024-05-24 00:00:00+00:00, run_after=2024-05-25 00:00:00+00:00
[2024-05-26T05:52:57.279+0000] {processor.py:183} INFO - Processing /opt/airflow/dags/our_first_dag.py took 0.031 seconds
[2024-05-26T06:00:45.786+0000] {processor.py:161} INFO - Started process (PID=10021) to work on /opt/airflow/dags/our_first_dag.py
[2024-05-26T06:00:45.786+0000] {processor.py:830} INFO - Processing file /opt/airflow/dags/our_first_dag.py for tasks to queue
[2024-05-26T06:00:45.787+0000] {logging_mixin.py:188} INFO - [2024-05-26T06:00:45.787+0000] {dagbag.py:545} INFO - Filling up the DagBag from /opt/airflow/dags/our_first_dag.py
[2024-05-26T06:00:45.792+0000] {processor.py:840} INFO - DAG(s) 'our_first_dag_v5' retrieved from /opt/airflow/dags/our_first_dag.py
[2024-05-26T06:00:45.801+0000] {logging_mixin.py:188} INFO - [2024-05-26T06:00:45.801+0000] {dag.py:3096} INFO - Sync 1 DAGs
[2024-05-26T06:00:45.809+0000] {logging_mixin.py:188} INFO - [2024-05-26T06:00:45.809+0000] {dag.py:3954} INFO - Setting next_dagrun for our_first_dag_v5 to 2024-05-24 00:00:00+00:00, run_after=2024-05-25 00:00:00+00:00
[2024-05-26T06:00:45.815+0000] {processor.py:183} INFO - Processing /opt/airflow/dags/our_first_dag.py took 0.031 seconds
[2024-05-26T06:16:27.702+0000] {processor.py:161} INFO - Started process (PID=10042) to work on /opt/airflow/dags/our_first_dag.py
[2024-05-26T06:16:27.703+0000] {processor.py:830} INFO - Processing file /opt/airflow/dags/our_first_dag.py for tasks to queue
[2024-05-26T06:16:27.703+0000] {logging_mixin.py:188} INFO - [2024-05-26T06:16:27.703+0000] {dagbag.py:545} INFO - Filling up the DagBag from /opt/airflow/dags/our_first_dag.py
[2024-05-26T06:16:27.708+0000] {processor.py:840} INFO - DAG(s) 'our_first_dag_v5' retrieved from /opt/airflow/dags/our_first_dag.py
[2024-05-26T06:16:27.719+0000] {logging_mixin.py:188} INFO - [2024-05-26T06:16:27.719+0000] {dag.py:3096} INFO - Sync 1 DAGs
[2024-05-26T06:16:27.727+0000] {logging_mixin.py:188} INFO - [2024-05-26T06:16:27.727+0000] {dag.py:3954} INFO - Setting next_dagrun for our_first_dag_v5 to 2024-05-24 00:00:00+00:00, run_after=2024-05-25 00:00:00+00:00
[2024-05-26T06:16:27.732+0000] {processor.py:183} INFO - Processing /opt/airflow/dags/our_first_dag.py took 0.032 seconds
[2024-05-26T06:31:57.141+0000] {processor.py:161} INFO - Started process (PID=10063) to work on /opt/airflow/dags/our_first_dag.py
[2024-05-26T06:31:57.141+0000] {processor.py:830} INFO - Processing file /opt/airflow/dags/our_first_dag.py for tasks to queue
[2024-05-26T06:31:57.141+0000] {logging_mixin.py:188} INFO - [2024-05-26T06:31:57.141+0000] {dagbag.py:545} INFO - Filling up the DagBag from /opt/airflow/dags/our_first_dag.py
[2024-05-26T06:31:57.146+0000] {processor.py:840} INFO - DAG(s) 'our_first_dag_v5' retrieved from /opt/airflow/dags/our_first_dag.py
[2024-05-26T06:31:57.156+0000] {logging_mixin.py:188} INFO - [2024-05-26T06:31:57.156+0000] {dag.py:3096} INFO - Sync 1 DAGs
[2024-05-26T06:31:57.164+0000] {logging_mixin.py:188} INFO - [2024-05-26T06:31:57.164+0000] {dag.py:3954} INFO - Setting next_dagrun for our_first_dag_v5 to 2024-05-24 00:00:00+00:00, run_after=2024-05-25 00:00:00+00:00
[2024-05-26T06:31:57.170+0000] {processor.py:183} INFO - Processing /opt/airflow/dags/our_first_dag.py took 0.032 seconds
[2024-05-26T06:49:56.719+0000] {processor.py:161} INFO - Started process (PID=10084) to work on /opt/airflow/dags/our_first_dag.py
[2024-05-26T06:49:56.720+0000] {processor.py:830} INFO - Processing file /opt/airflow/dags/our_first_dag.py for tasks to queue
[2024-05-26T06:49:56.720+0000] {logging_mixin.py:188} INFO - [2024-05-26T06:49:56.720+0000] {dagbag.py:545} INFO - Filling up the DagBag from /opt/airflow/dags/our_first_dag.py
[2024-05-26T06:49:56.725+0000] {processor.py:840} INFO - DAG(s) 'our_first_dag_v5' retrieved from /opt/airflow/dags/our_first_dag.py
[2024-05-26T06:49:56.734+0000] {logging_mixin.py:188} INFO - [2024-05-26T06:49:56.734+0000] {dag.py:3096} INFO - Sync 1 DAGs
[2024-05-26T06:49:56.742+0000] {logging_mixin.py:188} INFO - [2024-05-26T06:49:56.742+0000] {dag.py:3954} INFO - Setting next_dagrun for our_first_dag_v5 to 2024-05-24 00:00:00+00:00, run_after=2024-05-25 00:00:00+00:00
[2024-05-26T06:49:56.748+0000] {processor.py:183} INFO - Processing /opt/airflow/dags/our_first_dag.py took 0.031 seconds
[2024-05-26T07:05:26.274+0000] {processor.py:161} INFO - Started process (PID=10104) to work on /opt/airflow/dags/our_first_dag.py
[2024-05-26T07:05:26.275+0000] {processor.py:830} INFO - Processing file /opt/airflow/dags/our_first_dag.py for tasks to queue
[2024-05-26T07:05:26.275+0000] {logging_mixin.py:188} INFO - [2024-05-26T07:05:26.275+0000] {dagbag.py:545} INFO - Filling up the DagBag from /opt/airflow/dags/our_first_dag.py
[2024-05-26T07:05:26.279+0000] {processor.py:840} INFO - DAG(s) 'our_first_dag_v5' retrieved from /opt/airflow/dags/our_first_dag.py
[2024-05-26T07:05:26.289+0000] {logging_mixin.py:188} INFO - [2024-05-26T07:05:26.288+0000] {dag.py:3096} INFO - Sync 1 DAGs
[2024-05-26T07:05:26.296+0000] {logging_mixin.py:188} INFO - [2024-05-26T07:05:26.296+0000] {dag.py:3954} INFO - Setting next_dagrun for our_first_dag_v5 to 2024-05-24 00:00:00+00:00, run_after=2024-05-25 00:00:00+00:00
[2024-05-26T07:05:26.302+0000] {processor.py:183} INFO - Processing /opt/airflow/dags/our_first_dag.py took 0.031 seconds
[2024-05-26T07:20:55.965+0000] {processor.py:161} INFO - Started process (PID=10125) to work on /opt/airflow/dags/our_first_dag.py
[2024-05-26T07:20:55.966+0000] {processor.py:830} INFO - Processing file /opt/airflow/dags/our_first_dag.py for tasks to queue
[2024-05-26T07:20:55.966+0000] {logging_mixin.py:188} INFO - [2024-05-26T07:20:55.966+0000] {dagbag.py:545} INFO - Filling up the DagBag from /opt/airflow/dags/our_first_dag.py
[2024-05-26T07:20:55.971+0000] {processor.py:840} INFO - DAG(s) 'our_first_dag_v5' retrieved from /opt/airflow/dags/our_first_dag.py
[2024-05-26T07:20:55.981+0000] {logging_mixin.py:188} INFO - [2024-05-26T07:20:55.980+0000] {dag.py:3096} INFO - Sync 1 DAGs
[2024-05-26T07:20:55.988+0000] {logging_mixin.py:188} INFO - [2024-05-26T07:20:55.988+0000] {dag.py:3954} INFO - Setting next_dagrun for our_first_dag_v5 to 2024-05-24 00:00:00+00:00, run_after=2024-05-25 00:00:00+00:00
[2024-05-26T07:20:55.994+0000] {processor.py:183} INFO - Processing /opt/airflow/dags/our_first_dag.py took 0.031 seconds
[2024-05-26T07:36:26.597+0000] {processor.py:161} INFO - Started process (PID=10146) to work on /opt/airflow/dags/our_first_dag.py
[2024-05-26T07:36:26.597+0000] {processor.py:830} INFO - Processing file /opt/airflow/dags/our_first_dag.py for tasks to queue
[2024-05-26T07:36:26.597+0000] {logging_mixin.py:188} INFO - [2024-05-26T07:36:26.597+0000] {dagbag.py:545} INFO - Filling up the DagBag from /opt/airflow/dags/our_first_dag.py
[2024-05-26T07:36:26.602+0000] {processor.py:840} INFO - DAG(s) 'our_first_dag_v5' retrieved from /opt/airflow/dags/our_first_dag.py
[2024-05-26T07:36:26.612+0000] {logging_mixin.py:188} INFO - [2024-05-26T07:36:26.612+0000] {dag.py:3096} INFO - Sync 1 DAGs
[2024-05-26T07:36:26.619+0000] {logging_mixin.py:188} INFO - [2024-05-26T07:36:26.619+0000] {dag.py:3954} INFO - Setting next_dagrun for our_first_dag_v5 to 2024-05-24 00:00:00+00:00, run_after=2024-05-25 00:00:00+00:00
[2024-05-26T07:36:26.625+0000] {processor.py:183} INFO - Processing /opt/airflow/dags/our_first_dag.py took 0.030 seconds
[2024-05-26T07:51:55.941+0000] {processor.py:161} INFO - Started process (PID=10167) to work on /opt/airflow/dags/our_first_dag.py
[2024-05-26T07:51:55.942+0000] {processor.py:830} INFO - Processing file /opt/airflow/dags/our_first_dag.py for tasks to queue
[2024-05-26T07:51:55.942+0000] {logging_mixin.py:188} INFO - [2024-05-26T07:51:55.942+0000] {dagbag.py:545} INFO - Filling up the DagBag from /opt/airflow/dags/our_first_dag.py
[2024-05-26T07:51:55.947+0000] {processor.py:840} INFO - DAG(s) 'our_first_dag_v5' retrieved from /opt/airflow/dags/our_first_dag.py
[2024-05-26T07:51:55.956+0000] {logging_mixin.py:188} INFO - [2024-05-26T07:51:55.956+0000] {dag.py:3096} INFO - Sync 1 DAGs
[2024-05-26T07:51:55.964+0000] {logging_mixin.py:188} INFO - [2024-05-26T07:51:55.964+0000] {dag.py:3954} INFO - Setting next_dagrun for our_first_dag_v5 to 2024-05-24 00:00:00+00:00, run_after=2024-05-25 00:00:00+00:00
[2024-05-26T07:51:55.970+0000] {processor.py:183} INFO - Processing /opt/airflow/dags/our_first_dag.py took 0.031 seconds
[2024-05-26T08:16:57.362+0000] {processor.py:161} INFO - Started process (PID=10188) to work on /opt/airflow/dags/our_first_dag.py
[2024-05-26T08:16:57.362+0000] {processor.py:830} INFO - Processing file /opt/airflow/dags/our_first_dag.py for tasks to queue
[2024-05-26T08:16:57.363+0000] {logging_mixin.py:188} INFO - [2024-05-26T08:16:57.362+0000] {dagbag.py:545} INFO - Filling up the DagBag from /opt/airflow/dags/our_first_dag.py
[2024-05-26T08:16:57.367+0000] {processor.py:840} INFO - DAG(s) 'our_first_dag_v5' retrieved from /opt/airflow/dags/our_first_dag.py
[2024-05-26T08:16:57.377+0000] {logging_mixin.py:188} INFO - [2024-05-26T08:16:57.377+0000] {dag.py:3096} INFO - Sync 1 DAGs
[2024-05-26T08:16:57.385+0000] {logging_mixin.py:188} INFO - [2024-05-26T08:16:57.384+0000] {dag.py:3954} INFO - Setting next_dagrun for our_first_dag_v5 to 2024-05-24 00:00:00+00:00, run_after=2024-05-25 00:00:00+00:00
[2024-05-26T08:16:57.391+0000] {processor.py:183} INFO - Processing /opt/airflow/dags/our_first_dag.py took 0.031 seconds
[2024-05-26T08:18:11.106+0000] {processor.py:161} INFO - Started process (PID=10209) to work on /opt/airflow/dags/our_first_dag.py
[2024-05-26T08:18:11.107+0000] {processor.py:830} INFO - Processing file /opt/airflow/dags/our_first_dag.py for tasks to queue
[2024-05-26T08:18:11.107+0000] {logging_mixin.py:188} INFO - [2024-05-26T08:18:11.107+0000] {dagbag.py:545} INFO - Filling up the DagBag from /opt/airflow/dags/our_first_dag.py
[2024-05-26T08:18:11.112+0000] {processor.py:840} INFO - DAG(s) 'our_first_dag_v5' retrieved from /opt/airflow/dags/our_first_dag.py
[2024-05-26T08:18:11.122+0000] {logging_mixin.py:188} INFO - [2024-05-26T08:18:11.122+0000] {dag.py:3096} INFO - Sync 1 DAGs
[2024-05-26T08:18:11.130+0000] {logging_mixin.py:188} INFO - [2024-05-26T08:18:11.130+0000] {dag.py:3954} INFO - Setting next_dagrun for our_first_dag_v5 to 2024-05-24 00:00:00+00:00, run_after=2024-05-25 00:00:00+00:00
[2024-05-26T08:18:11.136+0000] {processor.py:183} INFO - Processing /opt/airflow/dags/our_first_dag.py took 0.032 seconds
[2024-05-26T08:33:41.576+0000] {processor.py:161} INFO - Started process (PID=10229) to work on /opt/airflow/dags/our_first_dag.py
[2024-05-26T08:33:41.577+0000] {processor.py:830} INFO - Processing file /opt/airflow/dags/our_first_dag.py for tasks to queue
[2024-05-26T08:33:41.577+0000] {logging_mixin.py:188} INFO - [2024-05-26T08:33:41.577+0000] {dagbag.py:545} INFO - Filling up the DagBag from /opt/airflow/dags/our_first_dag.py
[2024-05-26T08:33:41.581+0000] {processor.py:840} INFO - DAG(s) 'our_first_dag_v5' retrieved from /opt/airflow/dags/our_first_dag.py
[2024-05-26T08:33:41.591+0000] {logging_mixin.py:188} INFO - [2024-05-26T08:33:41.591+0000] {dag.py:3096} INFO - Sync 1 DAGs
[2024-05-26T08:33:41.599+0000] {logging_mixin.py:188} INFO - [2024-05-26T08:33:41.599+0000] {dag.py:3954} INFO - Setting next_dagrun for our_first_dag_v5 to 2024-05-24 00:00:00+00:00, run_after=2024-05-25 00:00:00+00:00
[2024-05-26T08:33:41.604+0000] {processor.py:183} INFO - Processing /opt/airflow/dags/our_first_dag.py took 0.030 seconds
[2024-05-26T08:49:11.044+0000] {processor.py:161} INFO - Started process (PID=10250) to work on /opt/airflow/dags/our_first_dag.py
[2024-05-26T08:49:11.045+0000] {processor.py:830} INFO - Processing file /opt/airflow/dags/our_first_dag.py for tasks to queue
[2024-05-26T08:49:11.045+0000] {logging_mixin.py:188} INFO - [2024-05-26T08:49:11.045+0000] {dagbag.py:545} INFO - Filling up the DagBag from /opt/airflow/dags/our_first_dag.py
[2024-05-26T08:49:11.050+0000] {processor.py:840} INFO - DAG(s) 'our_first_dag_v5' retrieved from /opt/airflow/dags/our_first_dag.py
[2024-05-26T08:49:11.059+0000] {logging_mixin.py:188} INFO - [2024-05-26T08:49:11.059+0000] {dag.py:3096} INFO - Sync 1 DAGs
[2024-05-26T08:49:11.067+0000] {logging_mixin.py:188} INFO - [2024-05-26T08:49:11.067+0000] {dag.py:3954} INFO - Setting next_dagrun for our_first_dag_v5 to 2024-05-24 00:00:00+00:00, run_after=2024-05-25 00:00:00+00:00
[2024-05-26T08:49:11.072+0000] {processor.py:183} INFO - Processing /opt/airflow/dags/our_first_dag.py took 0.030 seconds
[2024-05-26T09:04:41.513+0000] {processor.py:161} INFO - Started process (PID=10270) to work on /opt/airflow/dags/our_first_dag.py
[2024-05-26T09:04:41.514+0000] {processor.py:830} INFO - Processing file /opt/airflow/dags/our_first_dag.py for tasks to queue
[2024-05-26T09:04:41.514+0000] {logging_mixin.py:188} INFO - [2024-05-26T09:04:41.514+0000] {dagbag.py:545} INFO - Filling up the DagBag from /opt/airflow/dags/our_first_dag.py
[2024-05-26T09:04:41.519+0000] {processor.py:840} INFO - DAG(s) 'our_first_dag_v5' retrieved from /opt/airflow/dags/our_first_dag.py
[2024-05-26T09:04:41.529+0000] {logging_mixin.py:188} INFO - [2024-05-26T09:04:41.528+0000] {dag.py:3096} INFO - Sync 1 DAGs
[2024-05-26T09:04:41.536+0000] {logging_mixin.py:188} INFO - [2024-05-26T09:04:41.536+0000] {dag.py:3954} INFO - Setting next_dagrun for our_first_dag_v5 to 2024-05-24 00:00:00+00:00, run_after=2024-05-25 00:00:00+00:00
[2024-05-26T09:04:41.542+0000] {processor.py:183} INFO - Processing /opt/airflow/dags/our_first_dag.py took 0.031 seconds
[2024-05-26T09:29:28.354+0000] {processor.py:161} INFO - Started process (PID=10291) to work on /opt/airflow/dags/our_first_dag.py
[2024-05-26T09:29:28.354+0000] {processor.py:830} INFO - Processing file /opt/airflow/dags/our_first_dag.py for tasks to queue
[2024-05-26T09:29:28.355+0000] {logging_mixin.py:188} INFO - [2024-05-26T09:29:28.355+0000] {dagbag.py:545} INFO - Filling up the DagBag from /opt/airflow/dags/our_first_dag.py
[2024-05-26T09:29:28.359+0000] {processor.py:840} INFO - DAG(s) 'our_first_dag_v5' retrieved from /opt/airflow/dags/our_first_dag.py
[2024-05-26T09:29:28.369+0000] {logging_mixin.py:188} INFO - [2024-05-26T09:29:28.369+0000] {dag.py:3096} INFO - Sync 1 DAGs
[2024-05-26T09:29:28.376+0000] {logging_mixin.py:188} INFO - [2024-05-26T09:29:28.376+0000] {dag.py:3954} INFO - Setting next_dagrun for our_first_dag_v5 to 2024-05-24 00:00:00+00:00, run_after=2024-05-25 00:00:00+00:00
[2024-05-26T09:29:28.383+0000] {processor.py:183} INFO - Processing /opt/airflow/dags/our_first_dag.py took 0.031 seconds
[2024-05-26T09:40:05.787+0000] {processor.py:161} INFO - Started process (PID=10312) to work on /opt/airflow/dags/our_first_dag.py
[2024-05-26T09:40:05.788+0000] {processor.py:830} INFO - Processing file /opt/airflow/dags/our_first_dag.py for tasks to queue
[2024-05-26T09:40:05.788+0000] {logging_mixin.py:188} INFO - [2024-05-26T09:40:05.788+0000] {dagbag.py:545} INFO - Filling up the DagBag from /opt/airflow/dags/our_first_dag.py
[2024-05-26T09:40:05.793+0000] {processor.py:840} INFO - DAG(s) 'our_first_dag_v5' retrieved from /opt/airflow/dags/our_first_dag.py
[2024-05-26T09:40:05.802+0000] {logging_mixin.py:188} INFO - [2024-05-26T09:40:05.802+0000] {dag.py:3096} INFO - Sync 1 DAGs
[2024-05-26T09:40:05.810+0000] {logging_mixin.py:188} INFO - [2024-05-26T09:40:05.810+0000] {dag.py:3954} INFO - Setting next_dagrun for our_first_dag_v5 to 2024-05-24 00:00:00+00:00, run_after=2024-05-25 00:00:00+00:00
[2024-05-26T09:40:05.816+0000] {processor.py:183} INFO - Processing /opt/airflow/dags/our_first_dag.py took 0.031 seconds
[2024-05-26T09:50:38.263+0000] {processor.py:161} INFO - Started process (PID=10333) to work on /opt/airflow/dags/our_first_dag.py
[2024-05-26T09:50:38.263+0000] {processor.py:830} INFO - Processing file /opt/airflow/dags/our_first_dag.py for tasks to queue
[2024-05-26T09:50:38.264+0000] {logging_mixin.py:188} INFO - [2024-05-26T09:50:38.264+0000] {dagbag.py:545} INFO - Filling up the DagBag from /opt/airflow/dags/our_first_dag.py
[2024-05-26T09:50:38.268+0000] {processor.py:840} INFO - DAG(s) 'our_first_dag_v5' retrieved from /opt/airflow/dags/our_first_dag.py
[2024-05-26T09:50:38.278+0000] {logging_mixin.py:188} INFO - [2024-05-26T09:50:38.278+0000] {dag.py:3096} INFO - Sync 1 DAGs
[2024-05-26T09:50:38.285+0000] {logging_mixin.py:188} INFO - [2024-05-26T09:50:38.285+0000] {dag.py:3954} INFO - Setting next_dagrun for our_first_dag_v5 to 2024-05-24 00:00:00+00:00, run_after=2024-05-25 00:00:00+00:00
[2024-05-26T09:50:38.291+0000] {processor.py:183} INFO - Processing /opt/airflow/dags/our_first_dag.py took 0.030 seconds
[2024-05-26T10:01:12.833+0000] {processor.py:161} INFO - Started process (PID=10354) to work on /opt/airflow/dags/our_first_dag.py
[2024-05-26T10:01:12.834+0000] {processor.py:830} INFO - Processing file /opt/airflow/dags/our_first_dag.py for tasks to queue
[2024-05-26T10:01:12.834+0000] {logging_mixin.py:188} INFO - [2024-05-26T10:01:12.834+0000] {dagbag.py:545} INFO - Filling up the DagBag from /opt/airflow/dags/our_first_dag.py
[2024-05-26T10:01:12.842+0000] {processor.py:840} INFO - DAG(s) 'our_first_dag_v5' retrieved from /opt/airflow/dags/our_first_dag.py
[2024-05-26T10:01:12.860+0000] {logging_mixin.py:188} INFO - [2024-05-26T10:01:12.860+0000] {dag.py:3096} INFO - Sync 1 DAGs
[2024-05-26T10:01:12.875+0000] {logging_mixin.py:188} INFO - [2024-05-26T10:01:12.875+0000] {dag.py:3954} INFO - Setting next_dagrun for our_first_dag_v5 to 2024-05-24 00:00:00+00:00, run_after=2024-05-25 00:00:00+00:00
[2024-05-26T10:01:12.883+0000] {processor.py:183} INFO - Processing /opt/airflow/dags/our_first_dag.py took 0.054 seconds
[2024-05-26T10:09:02.259+0000] {processor.py:161} INFO - Started process (PID=10375) to work on /opt/airflow/dags/our_first_dag.py
[2024-05-26T10:09:02.259+0000] {processor.py:830} INFO - Processing file /opt/airflow/dags/our_first_dag.py for tasks to queue
[2024-05-26T10:09:02.260+0000] {logging_mixin.py:188} INFO - [2024-05-26T10:09:02.260+0000] {dagbag.py:545} INFO - Filling up the DagBag from /opt/airflow/dags/our_first_dag.py
[2024-05-26T10:09:02.264+0000] {processor.py:840} INFO - DAG(s) 'our_first_dag_v5' retrieved from /opt/airflow/dags/our_first_dag.py
[2024-05-26T10:09:02.274+0000] {logging_mixin.py:188} INFO - [2024-05-26T10:09:02.273+0000] {dag.py:3096} INFO - Sync 1 DAGs
[2024-05-26T10:09:02.281+0000] {logging_mixin.py:188} INFO - [2024-05-26T10:09:02.281+0000] {dag.py:3954} INFO - Setting next_dagrun for our_first_dag_v5 to 2024-05-24 00:00:00+00:00, run_after=2024-05-25 00:00:00+00:00
[2024-05-26T10:09:02.286+0000] {processor.py:183} INFO - Processing /opt/airflow/dags/our_first_dag.py took 0.030 seconds
[2024-05-26T10:19:38.401+0000] {processor.py:161} INFO - Started process (PID=10397) to work on /opt/airflow/dags/our_first_dag.py
[2024-05-26T10:19:38.402+0000] {processor.py:830} INFO - Processing file /opt/airflow/dags/our_first_dag.py for tasks to queue
[2024-05-26T10:19:38.403+0000] {logging_mixin.py:188} INFO - [2024-05-26T10:19:38.403+0000] {dagbag.py:545} INFO - Filling up the DagBag from /opt/airflow/dags/our_first_dag.py
[2024-05-26T10:19:38.410+0000] {processor.py:840} INFO - DAG(s) 'our_first_dag_v5' retrieved from /opt/airflow/dags/our_first_dag.py
[2024-05-26T10:19:38.425+0000] {logging_mixin.py:188} INFO - [2024-05-26T10:19:38.425+0000] {dag.py:3096} INFO - Sync 1 DAGs
[2024-05-26T10:19:38.436+0000] {logging_mixin.py:188} INFO - [2024-05-26T10:19:38.436+0000] {dag.py:3954} INFO - Setting next_dagrun for our_first_dag_v5 to 2024-05-24 00:00:00+00:00, run_after=2024-05-25 00:00:00+00:00
[2024-05-26T10:19:38.444+0000] {processor.py:183} INFO - Processing /opt/airflow/dags/our_first_dag.py took 0.047 seconds
[2024-05-26T10:41:56.843+0000] {processor.py:161} INFO - Started process (PID=10418) to work on /opt/airflow/dags/our_first_dag.py
[2024-05-26T10:41:56.843+0000] {processor.py:830} INFO - Processing file /opt/airflow/dags/our_first_dag.py for tasks to queue
[2024-05-26T10:41:56.844+0000] {logging_mixin.py:188} INFO - [2024-05-26T10:41:56.844+0000] {dagbag.py:545} INFO - Filling up the DagBag from /opt/airflow/dags/our_first_dag.py
[2024-05-26T10:41:56.849+0000] {processor.py:840} INFO - DAG(s) 'our_first_dag_v5' retrieved from /opt/airflow/dags/our_first_dag.py
[2024-05-26T10:41:56.859+0000] {logging_mixin.py:188} INFO - [2024-05-26T10:41:56.859+0000] {dag.py:3096} INFO - Sync 1 DAGs
[2024-05-26T10:41:56.867+0000] {logging_mixin.py:188} INFO - [2024-05-26T10:41:56.867+0000] {dag.py:3954} INFO - Setting next_dagrun for our_first_dag_v5 to 2024-05-24 00:00:00+00:00, run_after=2024-05-25 00:00:00+00:00
[2024-05-26T10:41:56.873+0000] {processor.py:183} INFO - Processing /opt/airflow/dags/our_first_dag.py took 0.033 seconds
[2024-05-26T10:57:26.209+0000] {processor.py:161} INFO - Started process (PID=10438) to work on /opt/airflow/dags/our_first_dag.py
[2024-05-26T10:57:26.209+0000] {processor.py:830} INFO - Processing file /opt/airflow/dags/our_first_dag.py for tasks to queue
[2024-05-26T10:57:26.210+0000] {logging_mixin.py:188} INFO - [2024-05-26T10:57:26.210+0000] {dagbag.py:545} INFO - Filling up the DagBag from /opt/airflow/dags/our_first_dag.py
[2024-05-26T10:57:26.214+0000] {processor.py:840} INFO - DAG(s) 'our_first_dag_v5' retrieved from /opt/airflow/dags/our_first_dag.py
[2024-05-26T10:57:26.225+0000] {logging_mixin.py:188} INFO - [2024-05-26T10:57:26.225+0000] {dag.py:3096} INFO - Sync 1 DAGs
[2024-05-26T10:57:26.234+0000] {logging_mixin.py:188} INFO - [2024-05-26T10:57:26.234+0000] {dag.py:3954} INFO - Setting next_dagrun for our_first_dag_v5 to 2024-05-24 00:00:00+00:00, run_after=2024-05-25 00:00:00+00:00
[2024-05-26T10:57:26.240+0000] {processor.py:183} INFO - Processing /opt/airflow/dags/our_first_dag.py took 0.034 seconds
[2024-05-26T11:12:56.618+0000] {processor.py:161} INFO - Started process (PID=10459) to work on /opt/airflow/dags/our_first_dag.py
[2024-05-26T11:12:56.619+0000] {processor.py:830} INFO - Processing file /opt/airflow/dags/our_first_dag.py for tasks to queue
[2024-05-26T11:12:56.619+0000] {logging_mixin.py:188} INFO - [2024-05-26T11:12:56.619+0000] {dagbag.py:545} INFO - Filling up the DagBag from /opt/airflow/dags/our_first_dag.py
[2024-05-26T11:12:56.624+0000] {processor.py:840} INFO - DAG(s) 'our_first_dag_v5' retrieved from /opt/airflow/dags/our_first_dag.py
[2024-05-26T11:12:56.635+0000] {logging_mixin.py:188} INFO - [2024-05-26T11:12:56.635+0000] {dag.py:3096} INFO - Sync 1 DAGs
[2024-05-26T11:12:56.643+0000] {logging_mixin.py:188} INFO - [2024-05-26T11:12:56.643+0000] {dag.py:3954} INFO - Setting next_dagrun for our_first_dag_v5 to 2024-05-24 00:00:00+00:00, run_after=2024-05-25 00:00:00+00:00
[2024-05-26T11:12:56.649+0000] {processor.py:183} INFO - Processing /opt/airflow/dags/our_first_dag.py took 0.033 seconds
[2024-05-26T11:43:27.104+0000] {processor.py:161} INFO - Started process (PID=10480) to work on /opt/airflow/dags/our_first_dag.py
[2024-05-26T11:43:27.104+0000] {processor.py:830} INFO - Processing file /opt/airflow/dags/our_first_dag.py for tasks to queue
[2024-05-26T11:43:27.104+0000] {logging_mixin.py:188} INFO - [2024-05-26T11:43:27.104+0000] {dagbag.py:545} INFO - Filling up the DagBag from /opt/airflow/dags/our_first_dag.py
[2024-05-26T11:43:27.109+0000] {processor.py:840} INFO - DAG(s) 'our_first_dag_v5' retrieved from /opt/airflow/dags/our_first_dag.py
[2024-05-26T11:43:27.119+0000] {logging_mixin.py:188} INFO - [2024-05-26T11:43:27.119+0000] {dag.py:3096} INFO - Sync 1 DAGs
[2024-05-26T11:43:27.127+0000] {logging_mixin.py:188} INFO - [2024-05-26T11:43:27.127+0000] {dag.py:3954} INFO - Setting next_dagrun for our_first_dag_v5 to 2024-05-24 00:00:00+00:00, run_after=2024-05-25 00:00:00+00:00
[2024-05-26T11:43:27.132+0000] {processor.py:183} INFO - Processing /opt/airflow/dags/our_first_dag.py took 0.031 seconds
[2024-05-26T11:58:56.449+0000] {processor.py:161} INFO - Started process (PID=10501) to work on /opt/airflow/dags/our_first_dag.py
[2024-05-26T11:58:56.449+0000] {processor.py:830} INFO - Processing file /opt/airflow/dags/our_first_dag.py for tasks to queue
[2024-05-26T11:58:56.450+0000] {logging_mixin.py:188} INFO - [2024-05-26T11:58:56.450+0000] {dagbag.py:545} INFO - Filling up the DagBag from /opt/airflow/dags/our_first_dag.py
[2024-05-26T11:58:56.455+0000] {processor.py:840} INFO - DAG(s) 'our_first_dag_v5' retrieved from /opt/airflow/dags/our_first_dag.py
[2024-05-26T11:58:56.464+0000] {logging_mixin.py:188} INFO - [2024-05-26T11:58:56.464+0000] {dag.py:3096} INFO - Sync 1 DAGs
[2024-05-26T11:58:56.472+0000] {logging_mixin.py:188} INFO - [2024-05-26T11:58:56.472+0000] {dag.py:3954} INFO - Setting next_dagrun for our_first_dag_v5 to 2024-05-24 00:00:00+00:00, run_after=2024-05-25 00:00:00+00:00
[2024-05-26T11:58:56.477+0000] {processor.py:183} INFO - Processing /opt/airflow/dags/our_first_dag.py took 0.030 seconds
[2024-05-26T12:14:26.990+0000] {processor.py:161} INFO - Started process (PID=10522) to work on /opt/airflow/dags/our_first_dag.py
[2024-05-26T12:14:26.991+0000] {processor.py:830} INFO - Processing file /opt/airflow/dags/our_first_dag.py for tasks to queue
[2024-05-26T12:14:26.992+0000] {logging_mixin.py:188} INFO - [2024-05-26T12:14:26.991+0000] {dagbag.py:545} INFO - Filling up the DagBag from /opt/airflow/dags/our_first_dag.py
[2024-05-26T12:14:26.996+0000] {processor.py:840} INFO - DAG(s) 'our_first_dag_v5' retrieved from /opt/airflow/dags/our_first_dag.py
[2024-05-26T12:14:27.005+0000] {logging_mixin.py:188} INFO - [2024-05-26T12:14:27.005+0000] {dag.py:3096} INFO - Sync 1 DAGs
[2024-05-26T12:14:27.013+0000] {logging_mixin.py:188} INFO - [2024-05-26T12:14:27.013+0000] {dag.py:3954} INFO - Setting next_dagrun for our_first_dag_v5 to 2024-05-24 00:00:00+00:00, run_after=2024-05-25 00:00:00+00:00
[2024-05-26T12:14:27.019+0000] {processor.py:183} INFO - Processing /opt/airflow/dags/our_first_dag.py took 0.031 seconds
[2024-05-26T12:29:56.510+0000] {processor.py:161} INFO - Started process (PID=10543) to work on /opt/airflow/dags/our_first_dag.py
[2024-05-26T12:29:56.510+0000] {processor.py:830} INFO - Processing file /opt/airflow/dags/our_first_dag.py for tasks to queue
[2024-05-26T12:29:56.510+0000] {logging_mixin.py:188} INFO - [2024-05-26T12:29:56.510+0000] {dagbag.py:545} INFO - Filling up the DagBag from /opt/airflow/dags/our_first_dag.py
[2024-05-26T12:29:56.515+0000] {processor.py:840} INFO - DAG(s) 'our_first_dag_v5' retrieved from /opt/airflow/dags/our_first_dag.py
[2024-05-26T12:29:56.524+0000] {logging_mixin.py:188} INFO - [2024-05-26T12:29:56.524+0000] {dag.py:3096} INFO - Sync 1 DAGs
[2024-05-26T12:29:56.532+0000] {logging_mixin.py:188} INFO - [2024-05-26T12:29:56.532+0000] {dag.py:3954} INFO - Setting next_dagrun for our_first_dag_v5 to 2024-05-24 00:00:00+00:00, run_after=2024-05-25 00:00:00+00:00
[2024-05-26T12:29:56.538+0000] {processor.py:183} INFO - Processing /opt/airflow/dags/our_first_dag.py took 0.031 seconds
[2024-05-26T12:43:12.402+0000] {processor.py:161} INFO - Started process (PID=10564) to work on /opt/airflow/dags/our_first_dag.py
[2024-05-26T12:43:12.403+0000] {processor.py:830} INFO - Processing file /opt/airflow/dags/our_first_dag.py for tasks to queue
[2024-05-26T12:43:12.403+0000] {logging_mixin.py:188} INFO - [2024-05-26T12:43:12.403+0000] {dagbag.py:545} INFO - Filling up the DagBag from /opt/airflow/dags/our_first_dag.py
[2024-05-26T12:43:12.408+0000] {processor.py:840} INFO - DAG(s) 'our_first_dag_v5' retrieved from /opt/airflow/dags/our_first_dag.py
[2024-05-26T12:43:12.418+0000] {logging_mixin.py:188} INFO - [2024-05-26T12:43:12.418+0000] {dag.py:3096} INFO - Sync 1 DAGs
[2024-05-26T12:43:12.426+0000] {logging_mixin.py:188} INFO - [2024-05-26T12:43:12.425+0000] {dag.py:3954} INFO - Setting next_dagrun for our_first_dag_v5 to 2024-05-24 00:00:00+00:00, run_after=2024-05-25 00:00:00+00:00
[2024-05-26T12:43:12.431+0000] {processor.py:183} INFO - Processing /opt/airflow/dags/our_first_dag.py took 0.031 seconds
[2024-05-26T12:58:43.133+0000] {processor.py:161} INFO - Started process (PID=10585) to work on /opt/airflow/dags/our_first_dag.py
[2024-05-26T12:58:43.133+0000] {processor.py:830} INFO - Processing file /opt/airflow/dags/our_first_dag.py for tasks to queue
[2024-05-26T12:58:43.133+0000] {logging_mixin.py:188} INFO - [2024-05-26T12:58:43.133+0000] {dagbag.py:545} INFO - Filling up the DagBag from /opt/airflow/dags/our_first_dag.py
[2024-05-26T12:58:43.138+0000] {processor.py:840} INFO - DAG(s) 'our_first_dag_v5' retrieved from /opt/airflow/dags/our_first_dag.py
[2024-05-26T12:58:43.148+0000] {logging_mixin.py:188} INFO - [2024-05-26T12:58:43.148+0000] {dag.py:3096} INFO - Sync 1 DAGs
[2024-05-26T12:58:43.155+0000] {logging_mixin.py:188} INFO - [2024-05-26T12:58:43.155+0000] {dag.py:3954} INFO - Setting next_dagrun for our_first_dag_v5 to 2024-05-24 00:00:00+00:00, run_after=2024-05-25 00:00:00+00:00
[2024-05-26T12:58:43.161+0000] {processor.py:183} INFO - Processing /opt/airflow/dags/our_first_dag.py took 0.030 seconds
[2024-05-26T13:14:13.574+0000] {processor.py:161} INFO - Started process (PID=10606) to work on /opt/airflow/dags/our_first_dag.py
[2024-05-26T13:14:13.575+0000] {processor.py:830} INFO - Processing file /opt/airflow/dags/our_first_dag.py for tasks to queue
[2024-05-26T13:14:13.575+0000] {logging_mixin.py:188} INFO - [2024-05-26T13:14:13.575+0000] {dagbag.py:545} INFO - Filling up the DagBag from /opt/airflow/dags/our_first_dag.py
[2024-05-26T13:14:13.580+0000] {processor.py:840} INFO - DAG(s) 'our_first_dag_v5' retrieved from /opt/airflow/dags/our_first_dag.py
[2024-05-26T13:14:13.589+0000] {logging_mixin.py:188} INFO - [2024-05-26T13:14:13.589+0000] {dag.py:3096} INFO - Sync 1 DAGs
[2024-05-26T13:14:13.597+0000] {logging_mixin.py:188} INFO - [2024-05-26T13:14:13.597+0000] {dag.py:3954} INFO - Setting next_dagrun for our_first_dag_v5 to 2024-05-24 00:00:00+00:00, run_after=2024-05-25 00:00:00+00:00
[2024-05-26T13:14:13.602+0000] {processor.py:183} INFO - Processing /opt/airflow/dags/our_first_dag.py took 0.030 seconds
[2024-05-26T13:29:43.309+0000] {processor.py:161} INFO - Started process (PID=10627) to work on /opt/airflow/dags/our_first_dag.py
[2024-05-26T13:29:43.309+0000] {processor.py:830} INFO - Processing file /opt/airflow/dags/our_first_dag.py for tasks to queue
[2024-05-26T13:29:43.309+0000] {logging_mixin.py:188} INFO - [2024-05-26T13:29:43.309+0000] {dagbag.py:545} INFO - Filling up the DagBag from /opt/airflow/dags/our_first_dag.py
[2024-05-26T13:29:43.315+0000] {processor.py:840} INFO - DAG(s) 'our_first_dag_v5' retrieved from /opt/airflow/dags/our_first_dag.py
[2024-05-26T13:29:43.325+0000] {logging_mixin.py:188} INFO - [2024-05-26T13:29:43.325+0000] {dag.py:3096} INFO - Sync 1 DAGs
[2024-05-26T13:29:43.333+0000] {logging_mixin.py:188} INFO - [2024-05-26T13:29:43.333+0000] {dag.py:3954} INFO - Setting next_dagrun for our_first_dag_v5 to 2024-05-24 00:00:00+00:00, run_after=2024-05-25 00:00:00+00:00
[2024-05-26T13:29:43.340+0000] {processor.py:183} INFO - Processing /opt/airflow/dags/our_first_dag.py took 0.034 seconds
[2024-05-26T13:59:22.831+0000] {processor.py:161} INFO - Started process (PID=10648) to work on /opt/airflow/dags/our_first_dag.py
[2024-05-26T13:59:22.831+0000] {processor.py:830} INFO - Processing file /opt/airflow/dags/our_first_dag.py for tasks to queue
[2024-05-26T13:59:22.831+0000] {logging_mixin.py:188} INFO - [2024-05-26T13:59:22.831+0000] {dagbag.py:545} INFO - Filling up the DagBag from /opt/airflow/dags/our_first_dag.py
[2024-05-26T13:59:22.836+0000] {processor.py:840} INFO - DAG(s) 'our_first_dag_v5' retrieved from /opt/airflow/dags/our_first_dag.py
[2024-05-26T13:59:22.846+0000] {logging_mixin.py:188} INFO - [2024-05-26T13:59:22.846+0000] {dag.py:3096} INFO - Sync 1 DAGs
[2024-05-26T13:59:22.854+0000] {logging_mixin.py:188} INFO - [2024-05-26T13:59:22.854+0000] {dag.py:3954} INFO - Setting next_dagrun for our_first_dag_v5 to 2024-05-24 00:00:00+00:00, run_after=2024-05-25 00:00:00+00:00
[2024-05-26T13:59:22.860+0000] {processor.py:183} INFO - Processing /opt/airflow/dags/our_first_dag.py took 0.032 seconds
[2024-05-26T14:14:53.330+0000] {processor.py:161} INFO - Started process (PID=10669) to work on /opt/airflow/dags/our_first_dag.py
[2024-05-26T14:14:53.330+0000] {processor.py:830} INFO - Processing file /opt/airflow/dags/our_first_dag.py for tasks to queue
[2024-05-26T14:14:53.331+0000] {logging_mixin.py:188} INFO - [2024-05-26T14:14:53.331+0000] {dagbag.py:545} INFO - Filling up the DagBag from /opt/airflow/dags/our_first_dag.py
[2024-05-26T14:14:53.335+0000] {processor.py:840} INFO - DAG(s) 'our_first_dag_v5' retrieved from /opt/airflow/dags/our_first_dag.py
[2024-05-26T14:14:53.345+0000] {logging_mixin.py:188} INFO - [2024-05-26T14:14:53.345+0000] {dag.py:3096} INFO - Sync 1 DAGs
[2024-05-26T14:14:53.353+0000] {logging_mixin.py:188} INFO - [2024-05-26T14:14:53.353+0000] {dag.py:3954} INFO - Setting next_dagrun for our_first_dag_v5 to 2024-05-24 00:00:00+00:00, run_after=2024-05-25 00:00:00+00:00
[2024-05-26T14:14:53.359+0000] {processor.py:183} INFO - Processing /opt/airflow/dags/our_first_dag.py took 0.031 seconds
[2024-05-26T14:30:22.877+0000] {processor.py:161} INFO - Started process (PID=10690) to work on /opt/airflow/dags/our_first_dag.py
[2024-05-26T14:30:22.877+0000] {processor.py:830} INFO - Processing file /opt/airflow/dags/our_first_dag.py for tasks to queue
[2024-05-26T14:30:22.877+0000] {logging_mixin.py:188} INFO - [2024-05-26T14:30:22.877+0000] {dagbag.py:545} INFO - Filling up the DagBag from /opt/airflow/dags/our_first_dag.py
[2024-05-26T14:30:22.883+0000] {processor.py:840} INFO - DAG(s) 'our_first_dag_v5' retrieved from /opt/airflow/dags/our_first_dag.py
[2024-05-26T14:30:22.892+0000] {logging_mixin.py:188} INFO - [2024-05-26T14:30:22.892+0000] {dag.py:3096} INFO - Sync 1 DAGs
[2024-05-26T14:30:22.900+0000] {logging_mixin.py:188} INFO - [2024-05-26T14:30:22.900+0000] {dag.py:3954} INFO - Setting next_dagrun for our_first_dag_v5 to 2024-05-24 00:00:00+00:00, run_after=2024-05-25 00:00:00+00:00
[2024-05-26T14:30:22.906+0000] {processor.py:183} INFO - Processing /opt/airflow/dags/our_first_dag.py took 0.031 seconds
[2024-05-26T15:00:28.099+0000] {processor.py:161} INFO - Started process (PID=10711) to work on /opt/airflow/dags/our_first_dag.py
[2024-05-26T15:00:28.099+0000] {processor.py:830} INFO - Processing file /opt/airflow/dags/our_first_dag.py for tasks to queue
[2024-05-26T15:00:28.100+0000] {logging_mixin.py:188} INFO - [2024-05-26T15:00:28.100+0000] {dagbag.py:545} INFO - Filling up the DagBag from /opt/airflow/dags/our_first_dag.py
[2024-05-26T15:00:28.105+0000] {processor.py:840} INFO - DAG(s) 'our_first_dag_v5' retrieved from /opt/airflow/dags/our_first_dag.py
[2024-05-26T15:00:28.114+0000] {logging_mixin.py:188} INFO - [2024-05-26T15:00:28.114+0000] {dag.py:3096} INFO - Sync 1 DAGs
[2024-05-26T15:00:28.122+0000] {logging_mixin.py:188} INFO - [2024-05-26T15:00:28.122+0000] {dag.py:3954} INFO - Setting next_dagrun for our_first_dag_v5 to 2024-05-24 00:00:00+00:00, run_after=2024-05-25 00:00:00+00:00
[2024-05-26T15:00:28.128+0000] {processor.py:183} INFO - Processing /opt/airflow/dags/our_first_dag.py took 0.031 seconds
[2024-05-26T15:15:57.513+0000] {processor.py:161} INFO - Started process (PID=10732) to work on /opt/airflow/dags/our_first_dag.py
[2024-05-26T15:15:57.513+0000] {processor.py:830} INFO - Processing file /opt/airflow/dags/our_first_dag.py for tasks to queue
[2024-05-26T15:15:57.514+0000] {logging_mixin.py:188} INFO - [2024-05-26T15:15:57.514+0000] {dagbag.py:545} INFO - Filling up the DagBag from /opt/airflow/dags/our_first_dag.py
[2024-05-26T15:15:57.518+0000] {processor.py:840} INFO - DAG(s) 'our_first_dag_v5' retrieved from /opt/airflow/dags/our_first_dag.py
[2024-05-26T15:15:57.528+0000] {logging_mixin.py:188} INFO - [2024-05-26T15:15:57.528+0000] {dag.py:3096} INFO - Sync 1 DAGs
[2024-05-26T15:15:57.536+0000] {logging_mixin.py:188} INFO - [2024-05-26T15:15:57.535+0000] {dag.py:3954} INFO - Setting next_dagrun for our_first_dag_v5 to 2024-05-24 00:00:00+00:00, run_after=2024-05-25 00:00:00+00:00
[2024-05-26T15:15:57.541+0000] {processor.py:183} INFO - Processing /opt/airflow/dags/our_first_dag.py took 0.030 seconds
[2024-05-26T15:25:23.079+0000] {processor.py:161} INFO - Started process (PID=10753) to work on /opt/airflow/dags/our_first_dag.py
[2024-05-26T15:25:23.079+0000] {processor.py:830} INFO - Processing file /opt/airflow/dags/our_first_dag.py for tasks to queue
[2024-05-26T15:25:23.080+0000] {logging_mixin.py:188} INFO - [2024-05-26T15:25:23.079+0000] {dagbag.py:545} INFO - Filling up the DagBag from /opt/airflow/dags/our_first_dag.py
[2024-05-26T15:25:23.084+0000] {processor.py:840} INFO - DAG(s) 'our_first_dag_v5' retrieved from /opt/airflow/dags/our_first_dag.py
[2024-05-26T15:25:23.094+0000] {logging_mixin.py:188} INFO - [2024-05-26T15:25:23.094+0000] {dag.py:3096} INFO - Sync 1 DAGs
[2024-05-26T15:25:23.101+0000] {logging_mixin.py:188} INFO - [2024-05-26T15:25:23.101+0000] {dag.py:3954} INFO - Setting next_dagrun for our_first_dag_v5 to 2024-05-24 00:00:00+00:00, run_after=2024-05-25 00:00:00+00:00
[2024-05-26T15:25:23.107+0000] {processor.py:183} INFO - Processing /opt/airflow/dags/our_first_dag.py took 0.031 seconds
[2024-05-26T15:46:03.227+0000] {processor.py:161} INFO - Started process (PID=10774) to work on /opt/airflow/dags/our_first_dag.py
[2024-05-26T15:46:03.227+0000] {processor.py:830} INFO - Processing file /opt/airflow/dags/our_first_dag.py for tasks to queue
[2024-05-26T15:46:03.227+0000] {logging_mixin.py:188} INFO - [2024-05-26T15:46:03.227+0000] {dagbag.py:545} INFO - Filling up the DagBag from /opt/airflow/dags/our_first_dag.py
[2024-05-26T15:46:03.232+0000] {processor.py:840} INFO - DAG(s) 'our_first_dag_v5' retrieved from /opt/airflow/dags/our_first_dag.py
[2024-05-26T15:46:03.242+0000] {logging_mixin.py:188} INFO - [2024-05-26T15:46:03.242+0000] {dag.py:3096} INFO - Sync 1 DAGs
[2024-05-26T15:46:03.251+0000] {logging_mixin.py:188} INFO - [2024-05-26T15:46:03.251+0000] {dag.py:3954} INFO - Setting next_dagrun for our_first_dag_v5 to 2024-05-24 00:00:00+00:00, run_after=2024-05-25 00:00:00+00:00
[2024-05-26T15:46:03.256+0000] {processor.py:183} INFO - Processing /opt/airflow/dags/our_first_dag.py took 0.032 seconds
[2024-05-26T16:01:33.838+0000] {processor.py:161} INFO - Started process (PID=10795) to work on /opt/airflow/dags/our_first_dag.py
[2024-05-26T16:01:33.842+0000] {processor.py:830} INFO - Processing file /opt/airflow/dags/our_first_dag.py for tasks to queue
[2024-05-26T16:01:33.843+0000] {logging_mixin.py:188} INFO - [2024-05-26T16:01:33.843+0000] {dagbag.py:545} INFO - Filling up the DagBag from /opt/airflow/dags/our_first_dag.py
[2024-05-26T16:01:33.866+0000] {processor.py:840} INFO - DAG(s) 'our_first_dag_v5' retrieved from /opt/airflow/dags/our_first_dag.py
[2024-05-26T16:01:33.926+0000] {logging_mixin.py:188} INFO - [2024-05-26T16:01:33.925+0000] {dag.py:3096} INFO - Sync 1 DAGs
[2024-05-26T16:01:33.950+0000] {logging_mixin.py:188} INFO - [2024-05-26T16:01:33.950+0000] {dag.py:3954} INFO - Setting next_dagrun for our_first_dag_v5 to 2024-05-24 00:00:00+00:00, run_after=2024-05-25 00:00:00+00:00
[2024-05-26T16:01:33.967+0000] {processor.py:183} INFO - Processing /opt/airflow/dags/our_first_dag.py took 0.144 seconds
[2024-05-26T16:15:24.569+0000] {processor.py:161} INFO - Started process (PID=10816) to work on /opt/airflow/dags/our_first_dag.py
[2024-05-26T16:15:24.569+0000] {processor.py:830} INFO - Processing file /opt/airflow/dags/our_first_dag.py for tasks to queue
[2024-05-26T16:15:24.569+0000] {logging_mixin.py:188} INFO - [2024-05-26T16:15:24.569+0000] {dagbag.py:545} INFO - Filling up the DagBag from /opt/airflow/dags/our_first_dag.py
[2024-05-26T16:15:24.575+0000] {processor.py:840} INFO - DAG(s) 'our_first_dag_v5' retrieved from /opt/airflow/dags/our_first_dag.py
[2024-05-26T16:15:24.586+0000] {logging_mixin.py:188} INFO - [2024-05-26T16:15:24.586+0000] {dag.py:3096} INFO - Sync 1 DAGs
[2024-05-26T16:15:24.594+0000] {logging_mixin.py:188} INFO - [2024-05-26T16:15:24.594+0000] {dag.py:3954} INFO - Setting next_dagrun for our_first_dag_v5 to 2024-05-24 00:00:00+00:00, run_after=2024-05-25 00:00:00+00:00
[2024-05-26T16:15:24.600+0000] {processor.py:183} INFO - Processing /opt/airflow/dags/our_first_dag.py took 0.034 seconds
[2024-05-26T16:15:55.099+0000] {processor.py:161} INFO - Started process (PID=10837) to work on /opt/airflow/dags/our_first_dag.py
[2024-05-26T16:15:55.099+0000] {processor.py:830} INFO - Processing file /opt/airflow/dags/our_first_dag.py for tasks to queue
[2024-05-26T16:15:55.100+0000] {logging_mixin.py:188} INFO - [2024-05-26T16:15:55.100+0000] {dagbag.py:545} INFO - Filling up the DagBag from /opt/airflow/dags/our_first_dag.py
[2024-05-26T16:15:55.104+0000] {processor.py:840} INFO - DAG(s) 'our_first_dag_v5' retrieved from /opt/airflow/dags/our_first_dag.py
[2024-05-26T16:15:55.114+0000] {logging_mixin.py:188} INFO - [2024-05-26T16:15:55.114+0000] {dag.py:3096} INFO - Sync 1 DAGs
[2024-05-26T16:15:55.122+0000] {logging_mixin.py:188} INFO - [2024-05-26T16:15:55.122+0000] {dag.py:3954} INFO - Setting next_dagrun for our_first_dag_v5 to 2024-05-24 00:00:00+00:00, run_after=2024-05-25 00:00:00+00:00
[2024-05-26T16:15:55.127+0000] {processor.py:183} INFO - Processing /opt/airflow/dags/our_first_dag.py took 0.031 seconds
[2024-05-26T16:40:28.528+0000] {processor.py:161} INFO - Started process (PID=10858) to work on /opt/airflow/dags/our_first_dag.py
[2024-05-26T16:40:28.528+0000] {processor.py:830} INFO - Processing file /opt/airflow/dags/our_first_dag.py for tasks to queue
[2024-05-26T16:40:28.529+0000] {logging_mixin.py:188} INFO - [2024-05-26T16:40:28.528+0000] {dagbag.py:545} INFO - Filling up the DagBag from /opt/airflow/dags/our_first_dag.py
[2024-05-26T16:40:28.533+0000] {processor.py:840} INFO - DAG(s) 'our_first_dag_v5' retrieved from /opt/airflow/dags/our_first_dag.py
[2024-05-26T16:40:28.543+0000] {logging_mixin.py:188} INFO - [2024-05-26T16:40:28.543+0000] {dag.py:3096} INFO - Sync 1 DAGs
[2024-05-26T16:40:28.550+0000] {logging_mixin.py:188} INFO - [2024-05-26T16:40:28.550+0000] {dag.py:3954} INFO - Setting next_dagrun for our_first_dag_v5 to 2024-05-24 00:00:00+00:00, run_after=2024-05-25 00:00:00+00:00
[2024-05-26T16:40:28.556+0000] {processor.py:183} INFO - Processing /opt/airflow/dags/our_first_dag.py took 0.030 seconds
[2024-05-26T16:49:46.678+0000] {processor.py:161} INFO - Started process (PID=10878) to work on /opt/airflow/dags/our_first_dag.py
[2024-05-26T16:49:46.678+0000] {processor.py:830} INFO - Processing file /opt/airflow/dags/our_first_dag.py for tasks to queue
[2024-05-26T16:49:46.678+0000] {logging_mixin.py:188} INFO - [2024-05-26T16:49:46.678+0000] {dagbag.py:545} INFO - Filling up the DagBag from /opt/airflow/dags/our_first_dag.py
[2024-05-26T16:49:46.683+0000] {processor.py:840} INFO - DAG(s) 'our_first_dag_v5' retrieved from /opt/airflow/dags/our_first_dag.py
[2024-05-26T16:49:46.692+0000] {logging_mixin.py:188} INFO - [2024-05-26T16:49:46.692+0000] {dag.py:3096} INFO - Sync 1 DAGs
[2024-05-26T16:49:46.701+0000] {logging_mixin.py:188} INFO - [2024-05-26T16:49:46.700+0000] {dag.py:3954} INFO - Setting next_dagrun for our_first_dag_v5 to 2024-05-24 00:00:00+00:00, run_after=2024-05-25 00:00:00+00:00
[2024-05-26T16:49:46.706+0000] {processor.py:183} INFO - Processing /opt/airflow/dags/our_first_dag.py took 0.031 seconds
[2024-05-26T17:20:16.284+0000] {processor.py:161} INFO - Started process (PID=10899) to work on /opt/airflow/dags/our_first_dag.py
[2024-05-26T17:20:16.284+0000] {processor.py:830} INFO - Processing file /opt/airflow/dags/our_first_dag.py for tasks to queue
[2024-05-26T17:20:16.285+0000] {logging_mixin.py:188} INFO - [2024-05-26T17:20:16.285+0000] {dagbag.py:545} INFO - Filling up the DagBag from /opt/airflow/dags/our_first_dag.py
[2024-05-26T17:20:16.289+0000] {processor.py:840} INFO - DAG(s) 'our_first_dag_v5' retrieved from /opt/airflow/dags/our_first_dag.py
[2024-05-26T17:20:16.299+0000] {logging_mixin.py:188} INFO - [2024-05-26T17:20:16.299+0000] {dag.py:3096} INFO - Sync 1 DAGs
[2024-05-26T17:20:16.307+0000] {logging_mixin.py:188} INFO - [2024-05-26T17:20:16.307+0000] {dag.py:3954} INFO - Setting next_dagrun for our_first_dag_v5 to 2024-05-24 00:00:00+00:00, run_after=2024-05-25 00:00:00+00:00
[2024-05-26T17:20:16.312+0000] {processor.py:183} INFO - Processing /opt/airflow/dags/our_first_dag.py took 0.031 seconds
[2024-05-26T17:25:39.255+0000] {processor.py:161} INFO - Started process (PID=10919) to work on /opt/airflow/dags/our_first_dag.py
[2024-05-26T17:25:39.256+0000] {processor.py:830} INFO - Processing file /opt/airflow/dags/our_first_dag.py for tasks to queue
[2024-05-26T17:25:39.256+0000] {logging_mixin.py:188} INFO - [2024-05-26T17:25:39.256+0000] {dagbag.py:545} INFO - Filling up the DagBag from /opt/airflow/dags/our_first_dag.py
[2024-05-26T17:25:39.261+0000] {processor.py:840} INFO - DAG(s) 'our_first_dag_v5' retrieved from /opt/airflow/dags/our_first_dag.py
[2024-05-26T17:25:39.271+0000] {logging_mixin.py:188} INFO - [2024-05-26T17:25:39.271+0000] {dag.py:3096} INFO - Sync 1 DAGs
[2024-05-26T17:25:39.278+0000] {logging_mixin.py:188} INFO - [2024-05-26T17:25:39.278+0000] {dag.py:3954} INFO - Setting next_dagrun for our_first_dag_v5 to 2024-05-24 00:00:00+00:00, run_after=2024-05-25 00:00:00+00:00
[2024-05-26T17:25:39.283+0000] {processor.py:183} INFO - Processing /opt/airflow/dags/our_first_dag.py took 0.030 seconds
[2024-05-26T17:42:37.259+0000] {processor.py:161} INFO - Started process (PID=10940) to work on /opt/airflow/dags/our_first_dag.py
[2024-05-26T17:42:37.259+0000] {processor.py:830} INFO - Processing file /opt/airflow/dags/our_first_dag.py for tasks to queue
[2024-05-26T17:42:37.260+0000] {logging_mixin.py:188} INFO - [2024-05-26T17:42:37.260+0000] {dagbag.py:545} INFO - Filling up the DagBag from /opt/airflow/dags/our_first_dag.py
[2024-05-26T17:42:37.265+0000] {processor.py:840} INFO - DAG(s) 'our_first_dag_v5' retrieved from /opt/airflow/dags/our_first_dag.py
[2024-05-26T17:42:37.275+0000] {logging_mixin.py:188} INFO - [2024-05-26T17:42:37.274+0000] {dag.py:3096} INFO - Sync 1 DAGs
[2024-05-26T17:42:37.282+0000] {logging_mixin.py:188} INFO - [2024-05-26T17:42:37.282+0000] {dag.py:3954} INFO - Setting next_dagrun for our_first_dag_v5 to 2024-05-24 00:00:00+00:00, run_after=2024-05-25 00:00:00+00:00
[2024-05-26T17:42:37.288+0000] {processor.py:183} INFO - Processing /opt/airflow/dags/our_first_dag.py took 0.031 seconds
[2024-05-26T18:50:46.329+0000] {processor.py:161} INFO - Started process (PID=10961) to work on /opt/airflow/dags/our_first_dag.py
[2024-05-26T18:50:46.330+0000] {processor.py:830} INFO - Processing file /opt/airflow/dags/our_first_dag.py for tasks to queue
[2024-05-26T18:50:46.330+0000] {logging_mixin.py:188} INFO - [2024-05-26T18:50:46.330+0000] {dagbag.py:545} INFO - Filling up the DagBag from /opt/airflow/dags/our_first_dag.py
[2024-05-26T18:50:46.335+0000] {processor.py:840} INFO - DAG(s) 'our_first_dag_v5' retrieved from /opt/airflow/dags/our_first_dag.py
[2024-05-26T18:50:46.345+0000] {logging_mixin.py:188} INFO - [2024-05-26T18:50:46.345+0000] {dag.py:3096} INFO - Sync 1 DAGs
[2024-05-26T18:50:46.352+0000] {logging_mixin.py:188} INFO - [2024-05-26T18:50:46.352+0000] {dag.py:3954} INFO - Setting next_dagrun for our_first_dag_v5 to 2024-05-24 00:00:00+00:00, run_after=2024-05-25 00:00:00+00:00
[2024-05-26T18:50:46.358+0000] {processor.py:183} INFO - Processing /opt/airflow/dags/our_first_dag.py took 0.031 seconds
[2024-05-26T19:51:52.474+0000] {processor.py:161} INFO - Started process (PID=10982) to work on /opt/airflow/dags/our_first_dag.py
[2024-05-26T19:51:52.474+0000] {processor.py:830} INFO - Processing file /opt/airflow/dags/our_first_dag.py for tasks to queue
[2024-05-26T19:51:52.474+0000] {logging_mixin.py:188} INFO - [2024-05-26T19:51:52.474+0000] {dagbag.py:545} INFO - Filling up the DagBag from /opt/airflow/dags/our_first_dag.py
[2024-05-26T19:51:52.479+0000] {processor.py:840} INFO - DAG(s) 'our_first_dag_v5' retrieved from /opt/airflow/dags/our_first_dag.py
[2024-05-26T19:51:52.488+0000] {logging_mixin.py:188} INFO - [2024-05-26T19:51:52.488+0000] {dag.py:3096} INFO - Sync 1 DAGs
[2024-05-26T19:51:52.496+0000] {logging_mixin.py:188} INFO - [2024-05-26T19:51:52.496+0000] {dag.py:3954} INFO - Setting next_dagrun for our_first_dag_v5 to 2024-05-24 00:00:00+00:00, run_after=2024-05-25 00:00:00+00:00
[2024-05-26T19:51:52.502+0000] {processor.py:183} INFO - Processing /opt/airflow/dags/our_first_dag.py took 0.031 seconds
[2024-05-26T21:09:27.096+0000] {processor.py:161} INFO - Started process (PID=11003) to work on /opt/airflow/dags/our_first_dag.py
[2024-05-26T21:09:27.097+0000] {processor.py:830} INFO - Processing file /opt/airflow/dags/our_first_dag.py for tasks to queue
[2024-05-26T21:09:27.097+0000] {logging_mixin.py:188} INFO - [2024-05-26T21:09:27.097+0000] {dagbag.py:545} INFO - Filling up the DagBag from /opt/airflow/dags/our_first_dag.py
[2024-05-26T21:09:27.106+0000] {processor.py:840} INFO - DAG(s) 'our_first_dag_v5' retrieved from /opt/airflow/dags/our_first_dag.py
[2024-05-26T21:09:27.127+0000] {logging_mixin.py:188} INFO - [2024-05-26T21:09:27.126+0000] {dag.py:3096} INFO - Sync 1 DAGs
[2024-05-26T21:09:27.137+0000] {logging_mixin.py:188} INFO - [2024-05-26T21:09:27.137+0000] {dag.py:3954} INFO - Setting next_dagrun for our_first_dag_v5 to 2024-05-24 00:00:00+00:00, run_after=2024-05-25 00:00:00+00:00
[2024-05-26T21:09:27.145+0000] {processor.py:183} INFO - Processing /opt/airflow/dags/our_first_dag.py took 0.052 seconds
[2024-05-26T22:42:31.809+0000] {processor.py:161} INFO - Started process (PID=11024) to work on /opt/airflow/dags/our_first_dag.py
[2024-05-26T22:42:31.810+0000] {processor.py:830} INFO - Processing file /opt/airflow/dags/our_first_dag.py for tasks to queue
[2024-05-26T22:42:31.810+0000] {logging_mixin.py:188} INFO - [2024-05-26T22:42:31.810+0000] {dagbag.py:545} INFO - Filling up the DagBag from /opt/airflow/dags/our_first_dag.py
[2024-05-26T22:42:31.815+0000] {processor.py:840} INFO - DAG(s) 'our_first_dag_v5' retrieved from /opt/airflow/dags/our_first_dag.py
[2024-05-26T22:42:31.824+0000] {logging_mixin.py:188} INFO - [2024-05-26T22:42:31.824+0000] {dag.py:3096} INFO - Sync 1 DAGs
[2024-05-26T22:42:31.833+0000] {logging_mixin.py:188} INFO - [2024-05-26T22:42:31.833+0000] {dag.py:3954} INFO - Setting next_dagrun for our_first_dag_v5 to 2024-05-24 00:00:00+00:00, run_after=2024-05-25 00:00:00+00:00
[2024-05-26T22:42:31.839+0000] {processor.py:183} INFO - Processing /opt/airflow/dags/our_first_dag.py took 0.032 seconds
[2024-05-26T23:55:46.130+0000] {processor.py:161} INFO - Started process (PID=11045) to work on /opt/airflow/dags/our_first_dag.py
[2024-05-26T23:55:46.131+0000] {processor.py:830} INFO - Processing file /opt/airflow/dags/our_first_dag.py for tasks to queue
[2024-05-26T23:55:46.131+0000] {logging_mixin.py:188} INFO - [2024-05-26T23:55:46.131+0000] {dagbag.py:545} INFO - Filling up the DagBag from /opt/airflow/dags/our_first_dag.py
[2024-05-26T23:55:46.136+0000] {processor.py:840} INFO - DAG(s) 'our_first_dag_v5' retrieved from /opt/airflow/dags/our_first_dag.py
[2024-05-26T23:55:46.146+0000] {logging_mixin.py:188} INFO - [2024-05-26T23:55:46.146+0000] {dag.py:3096} INFO - Sync 1 DAGs
[2024-05-26T23:55:46.155+0000] {logging_mixin.py:188} INFO - [2024-05-26T23:55:46.155+0000] {dag.py:3954} INFO - Setting next_dagrun for our_first_dag_v5 to 2024-05-24 00:00:00+00:00, run_after=2024-05-25 00:00:00+00:00
[2024-05-26T23:55:46.161+0000] {processor.py:183} INFO - Processing /opt/airflow/dags/our_first_dag.py took 0.033 seconds
