[2024-05-24T05:45:20.919+0000] {processor.py:161} INFO - Started process (PID=376) to work on /home/airflow/.local/lib/python3.12/site-packages/airflow/example_dags/example_task_group_decorator.py
[2024-05-24T05:45:20.920+0000] {processor.py:830} INFO - Processing file /home/airflow/.local/lib/python3.12/site-packages/airflow/example_dags/example_task_group_decorator.py for tasks to queue
[2024-05-24T05:45:20.921+0000] {logging_mixin.py:188} INFO - [2024-05-24T05:45:20.920+0000] {dagbag.py:545} INFO - Filling up the DagBag from /home/airflow/.local/lib/python3.12/site-packages/airflow/example_dags/example_task_group_decorator.py
[2024-05-24T05:45:20.927+0000] {processor.py:840} INFO - DAG(s) 'example_task_group_decorator' retrieved from /home/airflow/.local/lib/python3.12/site-packages/airflow/example_dags/example_task_group_decorator.py
[2024-05-24T05:45:20.932+0000] {logging_mixin.py:188} INFO - [2024-05-24T05:45:20.931+0000] {dag.py:3096} INFO - Sync 1 DAGs
[2024-05-24T05:45:20.940+0000] {logging_mixin.py:188} INFO - [2024-05-24T05:45:20.940+0000] {dag.py:3954} INFO - Setting next_dagrun for example_task_group_decorator to 2024-05-23 00:00:00+00:00, run_after=2024-05-24 00:00:00+00:00
[2024-05-24T05:45:20.947+0000] {processor.py:183} INFO - Processing /home/airflow/.local/lib/python3.12/site-packages/airflow/example_dags/example_task_group_decorator.py took 0.030 seconds
[2024-05-24T05:45:51.581+0000] {processor.py:161} INFO - Started process (PID=638) to work on /home/airflow/.local/lib/python3.12/site-packages/airflow/example_dags/example_task_group_decorator.py
[2024-05-24T05:45:51.581+0000] {processor.py:830} INFO - Processing file /home/airflow/.local/lib/python3.12/site-packages/airflow/example_dags/example_task_group_decorator.py for tasks to queue
[2024-05-24T05:45:51.582+0000] {logging_mixin.py:188} INFO - [2024-05-24T05:45:51.582+0000] {dagbag.py:545} INFO - Filling up the DagBag from /home/airflow/.local/lib/python3.12/site-packages/airflow/example_dags/example_task_group_decorator.py
[2024-05-24T05:45:51.588+0000] {processor.py:840} INFO - DAG(s) 'example_task_group_decorator' retrieved from /home/airflow/.local/lib/python3.12/site-packages/airflow/example_dags/example_task_group_decorator.py
[2024-05-24T05:45:51.626+0000] {logging_mixin.py:188} INFO - [2024-05-24T05:45:51.626+0000] {dag.py:3096} INFO - Sync 1 DAGs
[2024-05-24T05:45:51.634+0000] {logging_mixin.py:188} INFO - [2024-05-24T05:45:51.634+0000] {dag.py:3954} INFO - Setting next_dagrun for example_task_group_decorator to 2024-05-23 00:00:00+00:00, run_after=2024-05-24 00:00:00+00:00
[2024-05-24T05:45:51.641+0000] {processor.py:183} INFO - Processing /home/airflow/.local/lib/python3.12/site-packages/airflow/example_dags/example_task_group_decorator.py took 0.062 seconds
[2024-05-24T05:46:22.070+0000] {processor.py:161} INFO - Started process (PID=900) to work on /home/airflow/.local/lib/python3.12/site-packages/airflow/example_dags/example_task_group_decorator.py
[2024-05-24T05:46:22.070+0000] {processor.py:830} INFO - Processing file /home/airflow/.local/lib/python3.12/site-packages/airflow/example_dags/example_task_group_decorator.py for tasks to queue
[2024-05-24T05:46:22.071+0000] {logging_mixin.py:188} INFO - [2024-05-24T05:46:22.071+0000] {dagbag.py:545} INFO - Filling up the DagBag from /home/airflow/.local/lib/python3.12/site-packages/airflow/example_dags/example_task_group_decorator.py
[2024-05-24T05:46:22.076+0000] {processor.py:840} INFO - DAG(s) 'example_task_group_decorator' retrieved from /home/airflow/.local/lib/python3.12/site-packages/airflow/example_dags/example_task_group_decorator.py
[2024-05-24T05:46:22.085+0000] {logging_mixin.py:188} INFO - [2024-05-24T05:46:22.085+0000] {dag.py:3096} INFO - Sync 1 DAGs
[2024-05-24T05:46:22.093+0000] {logging_mixin.py:188} INFO - [2024-05-24T05:46:22.093+0000] {dag.py:3954} INFO - Setting next_dagrun for example_task_group_decorator to 2024-05-23 00:00:00+00:00, run_after=2024-05-24 00:00:00+00:00
[2024-05-24T05:46:22.099+0000] {processor.py:183} INFO - Processing /home/airflow/.local/lib/python3.12/site-packages/airflow/example_dags/example_task_group_decorator.py took 0.032 seconds
[2024-05-24T05:46:52.411+0000] {processor.py:161} INFO - Started process (PID=1162) to work on /home/airflow/.local/lib/python3.12/site-packages/airflow/example_dags/example_task_group_decorator.py
[2024-05-24T05:46:52.412+0000] {processor.py:830} INFO - Processing file /home/airflow/.local/lib/python3.12/site-packages/airflow/example_dags/example_task_group_decorator.py for tasks to queue
[2024-05-24T05:46:52.412+0000] {logging_mixin.py:188} INFO - [2024-05-24T05:46:52.412+0000] {dagbag.py:545} INFO - Filling up the DagBag from /home/airflow/.local/lib/python3.12/site-packages/airflow/example_dags/example_task_group_decorator.py
[2024-05-24T05:46:52.417+0000] {processor.py:840} INFO - DAG(s) 'example_task_group_decorator' retrieved from /home/airflow/.local/lib/python3.12/site-packages/airflow/example_dags/example_task_group_decorator.py
[2024-05-24T05:46:52.426+0000] {logging_mixin.py:188} INFO - [2024-05-24T05:46:52.426+0000] {dag.py:3096} INFO - Sync 1 DAGs
[2024-05-24T05:46:52.434+0000] {logging_mixin.py:188} INFO - [2024-05-24T05:46:52.434+0000] {dag.py:3954} INFO - Setting next_dagrun for example_task_group_decorator to 2024-05-23 00:00:00+00:00, run_after=2024-05-24 00:00:00+00:00
[2024-05-24T05:46:52.441+0000] {processor.py:183} INFO - Processing /home/airflow/.local/lib/python3.12/site-packages/airflow/example_dags/example_task_group_decorator.py took 0.032 seconds
[2024-05-24T05:47:22.713+0000] {processor.py:161} INFO - Started process (PID=1424) to work on /home/airflow/.local/lib/python3.12/site-packages/airflow/example_dags/example_task_group_decorator.py
[2024-05-24T05:47:22.714+0000] {processor.py:830} INFO - Processing file /home/airflow/.local/lib/python3.12/site-packages/airflow/example_dags/example_task_group_decorator.py for tasks to queue
[2024-05-24T05:47:22.714+0000] {logging_mixin.py:188} INFO - [2024-05-24T05:47:22.714+0000] {dagbag.py:545} INFO - Filling up the DagBag from /home/airflow/.local/lib/python3.12/site-packages/airflow/example_dags/example_task_group_decorator.py
[2024-05-24T05:47:22.720+0000] {processor.py:840} INFO - DAG(s) 'example_task_group_decorator' retrieved from /home/airflow/.local/lib/python3.12/site-packages/airflow/example_dags/example_task_group_decorator.py
[2024-05-24T05:47:22.729+0000] {logging_mixin.py:188} INFO - [2024-05-24T05:47:22.729+0000] {dag.py:3096} INFO - Sync 1 DAGs
[2024-05-24T05:47:22.737+0000] {logging_mixin.py:188} INFO - [2024-05-24T05:47:22.737+0000] {dag.py:3954} INFO - Setting next_dagrun for example_task_group_decorator to 2024-05-23 00:00:00+00:00, run_after=2024-05-24 00:00:00+00:00
[2024-05-24T05:47:22.743+0000] {processor.py:183} INFO - Processing /home/airflow/.local/lib/python3.12/site-packages/airflow/example_dags/example_task_group_decorator.py took 0.032 seconds
[2024-05-24T05:47:53.096+0000] {processor.py:161} INFO - Started process (PID=1686) to work on /home/airflow/.local/lib/python3.12/site-packages/airflow/example_dags/example_task_group_decorator.py
[2024-05-24T05:47:53.096+0000] {processor.py:830} INFO - Processing file /home/airflow/.local/lib/python3.12/site-packages/airflow/example_dags/example_task_group_decorator.py for tasks to queue
[2024-05-24T05:47:53.097+0000] {logging_mixin.py:188} INFO - [2024-05-24T05:47:53.097+0000] {dagbag.py:545} INFO - Filling up the DagBag from /home/airflow/.local/lib/python3.12/site-packages/airflow/example_dags/example_task_group_decorator.py
[2024-05-24T05:47:53.102+0000] {processor.py:840} INFO - DAG(s) 'example_task_group_decorator' retrieved from /home/airflow/.local/lib/python3.12/site-packages/airflow/example_dags/example_task_group_decorator.py
[2024-05-24T05:47:53.112+0000] {logging_mixin.py:188} INFO - [2024-05-24T05:47:53.112+0000] {dag.py:3096} INFO - Sync 1 DAGs
[2024-05-24T05:47:53.120+0000] {logging_mixin.py:188} INFO - [2024-05-24T05:47:53.120+0000] {dag.py:3954} INFO - Setting next_dagrun for example_task_group_decorator to 2024-05-23 00:00:00+00:00, run_after=2024-05-24 00:00:00+00:00
[2024-05-24T05:47:53.128+0000] {processor.py:183} INFO - Processing /home/airflow/.local/lib/python3.12/site-packages/airflow/example_dags/example_task_group_decorator.py took 0.034 seconds
[2024-05-24T05:48:23.479+0000] {processor.py:161} INFO - Started process (PID=1948) to work on /home/airflow/.local/lib/python3.12/site-packages/airflow/example_dags/example_task_group_decorator.py
[2024-05-24T05:48:23.480+0000] {processor.py:830} INFO - Processing file /home/airflow/.local/lib/python3.12/site-packages/airflow/example_dags/example_task_group_decorator.py for tasks to queue
[2024-05-24T05:48:23.480+0000] {logging_mixin.py:188} INFO - [2024-05-24T05:48:23.480+0000] {dagbag.py:545} INFO - Filling up the DagBag from /home/airflow/.local/lib/python3.12/site-packages/airflow/example_dags/example_task_group_decorator.py
[2024-05-24T05:48:23.486+0000] {processor.py:840} INFO - DAG(s) 'example_task_group_decorator' retrieved from /home/airflow/.local/lib/python3.12/site-packages/airflow/example_dags/example_task_group_decorator.py
[2024-05-24T05:48:23.495+0000] {logging_mixin.py:188} INFO - [2024-05-24T05:48:23.495+0000] {dag.py:3096} INFO - Sync 1 DAGs
[2024-05-24T05:48:23.503+0000] {logging_mixin.py:188} INFO - [2024-05-24T05:48:23.503+0000] {dag.py:3954} INFO - Setting next_dagrun for example_task_group_decorator to 2024-05-23 00:00:00+00:00, run_after=2024-05-24 00:00:00+00:00
[2024-05-24T05:48:23.509+0000] {processor.py:183} INFO - Processing /home/airflow/.local/lib/python3.12/site-packages/airflow/example_dags/example_task_group_decorator.py took 0.033 seconds
[2024-05-24T05:48:53.766+0000] {processor.py:161} INFO - Started process (PID=2210) to work on /home/airflow/.local/lib/python3.12/site-packages/airflow/example_dags/example_task_group_decorator.py
[2024-05-24T05:48:53.767+0000] {processor.py:830} INFO - Processing file /home/airflow/.local/lib/python3.12/site-packages/airflow/example_dags/example_task_group_decorator.py for tasks to queue
[2024-05-24T05:48:53.767+0000] {logging_mixin.py:188} INFO - [2024-05-24T05:48:53.767+0000] {dagbag.py:545} INFO - Filling up the DagBag from /home/airflow/.local/lib/python3.12/site-packages/airflow/example_dags/example_task_group_decorator.py
[2024-05-24T05:48:53.773+0000] {processor.py:840} INFO - DAG(s) 'example_task_group_decorator' retrieved from /home/airflow/.local/lib/python3.12/site-packages/airflow/example_dags/example_task_group_decorator.py
[2024-05-24T05:48:53.783+0000] {logging_mixin.py:188} INFO - [2024-05-24T05:48:53.782+0000] {dag.py:3096} INFO - Sync 1 DAGs
[2024-05-24T05:48:53.791+0000] {logging_mixin.py:188} INFO - [2024-05-24T05:48:53.791+0000] {dag.py:3954} INFO - Setting next_dagrun for example_task_group_decorator to 2024-05-23 00:00:00+00:00, run_after=2024-05-24 00:00:00+00:00
[2024-05-24T05:48:53.797+0000] {processor.py:183} INFO - Processing /home/airflow/.local/lib/python3.12/site-packages/airflow/example_dags/example_task_group_decorator.py took 0.034 seconds
[2024-05-24T05:49:24.066+0000] {processor.py:161} INFO - Started process (PID=2472) to work on /home/airflow/.local/lib/python3.12/site-packages/airflow/example_dags/example_task_group_decorator.py
[2024-05-24T05:49:24.066+0000] {processor.py:830} INFO - Processing file /home/airflow/.local/lib/python3.12/site-packages/airflow/example_dags/example_task_group_decorator.py for tasks to queue
[2024-05-24T05:49:24.067+0000] {logging_mixin.py:188} INFO - [2024-05-24T05:49:24.067+0000] {dagbag.py:545} INFO - Filling up the DagBag from /home/airflow/.local/lib/python3.12/site-packages/airflow/example_dags/example_task_group_decorator.py
[2024-05-24T05:49:24.072+0000] {processor.py:840} INFO - DAG(s) 'example_task_group_decorator' retrieved from /home/airflow/.local/lib/python3.12/site-packages/airflow/example_dags/example_task_group_decorator.py
[2024-05-24T05:49:24.081+0000] {logging_mixin.py:188} INFO - [2024-05-24T05:49:24.081+0000] {dag.py:3096} INFO - Sync 1 DAGs
[2024-05-24T05:49:24.089+0000] {logging_mixin.py:188} INFO - [2024-05-24T05:49:24.089+0000] {dag.py:3954} INFO - Setting next_dagrun for example_task_group_decorator to 2024-05-23 00:00:00+00:00, run_after=2024-05-24 00:00:00+00:00
[2024-05-24T05:49:24.095+0000] {processor.py:183} INFO - Processing /home/airflow/.local/lib/python3.12/site-packages/airflow/example_dags/example_task_group_decorator.py took 0.031 seconds
[2024-05-24T05:49:54.365+0000] {processor.py:161} INFO - Started process (PID=2734) to work on /home/airflow/.local/lib/python3.12/site-packages/airflow/example_dags/example_task_group_decorator.py
[2024-05-24T05:49:54.365+0000] {processor.py:830} INFO - Processing file /home/airflow/.local/lib/python3.12/site-packages/airflow/example_dags/example_task_group_decorator.py for tasks to queue
[2024-05-24T05:49:54.366+0000] {logging_mixin.py:188} INFO - [2024-05-24T05:49:54.366+0000] {dagbag.py:545} INFO - Filling up the DagBag from /home/airflow/.local/lib/python3.12/site-packages/airflow/example_dags/example_task_group_decorator.py
[2024-05-24T05:49:54.371+0000] {processor.py:840} INFO - DAG(s) 'example_task_group_decorator' retrieved from /home/airflow/.local/lib/python3.12/site-packages/airflow/example_dags/example_task_group_decorator.py
[2024-05-24T05:49:54.382+0000] {logging_mixin.py:188} INFO - [2024-05-24T05:49:54.381+0000] {dag.py:3096} INFO - Sync 1 DAGs
[2024-05-24T05:49:54.390+0000] {logging_mixin.py:188} INFO - [2024-05-24T05:49:54.390+0000] {dag.py:3954} INFO - Setting next_dagrun for example_task_group_decorator to 2024-05-23 00:00:00+00:00, run_after=2024-05-24 00:00:00+00:00
[2024-05-24T05:49:54.397+0000] {processor.py:183} INFO - Processing /home/airflow/.local/lib/python3.12/site-packages/airflow/example_dags/example_task_group_decorator.py took 0.035 seconds
[2024-05-24T05:50:24.823+0000] {processor.py:161} INFO - Started process (PID=2996) to work on /home/airflow/.local/lib/python3.12/site-packages/airflow/example_dags/example_task_group_decorator.py
[2024-05-24T05:50:24.823+0000] {processor.py:830} INFO - Processing file /home/airflow/.local/lib/python3.12/site-packages/airflow/example_dags/example_task_group_decorator.py for tasks to queue
[2024-05-24T05:50:24.824+0000] {logging_mixin.py:188} INFO - [2024-05-24T05:50:24.824+0000] {dagbag.py:545} INFO - Filling up the DagBag from /home/airflow/.local/lib/python3.12/site-packages/airflow/example_dags/example_task_group_decorator.py
[2024-05-24T05:50:24.829+0000] {processor.py:840} INFO - DAG(s) 'example_task_group_decorator' retrieved from /home/airflow/.local/lib/python3.12/site-packages/airflow/example_dags/example_task_group_decorator.py
[2024-05-24T05:50:24.838+0000] {logging_mixin.py:188} INFO - [2024-05-24T05:50:24.838+0000] {dag.py:3096} INFO - Sync 1 DAGs
[2024-05-24T05:50:24.846+0000] {logging_mixin.py:188} INFO - [2024-05-24T05:50:24.846+0000] {dag.py:3954} INFO - Setting next_dagrun for example_task_group_decorator to 2024-05-23 00:00:00+00:00, run_after=2024-05-24 00:00:00+00:00
[2024-05-24T05:50:24.852+0000] {processor.py:183} INFO - Processing /home/airflow/.local/lib/python3.12/site-packages/airflow/example_dags/example_task_group_decorator.py took 0.032 seconds
[2024-05-24T05:50:55.119+0000] {processor.py:161} INFO - Started process (PID=3258) to work on /home/airflow/.local/lib/python3.12/site-packages/airflow/example_dags/example_task_group_decorator.py
[2024-05-24T05:50:55.120+0000] {processor.py:830} INFO - Processing file /home/airflow/.local/lib/python3.12/site-packages/airflow/example_dags/example_task_group_decorator.py for tasks to queue
[2024-05-24T05:50:55.122+0000] {logging_mixin.py:188} INFO - [2024-05-24T05:50:55.122+0000] {dagbag.py:545} INFO - Filling up the DagBag from /home/airflow/.local/lib/python3.12/site-packages/airflow/example_dags/example_task_group_decorator.py
[2024-05-24T05:50:55.127+0000] {processor.py:840} INFO - DAG(s) 'example_task_group_decorator' retrieved from /home/airflow/.local/lib/python3.12/site-packages/airflow/example_dags/example_task_group_decorator.py
[2024-05-24T05:50:55.136+0000] {logging_mixin.py:188} INFO - [2024-05-24T05:50:55.136+0000] {dag.py:3096} INFO - Sync 1 DAGs
[2024-05-24T05:50:55.144+0000] {logging_mixin.py:188} INFO - [2024-05-24T05:50:55.144+0000] {dag.py:3954} INFO - Setting next_dagrun for example_task_group_decorator to 2024-05-23 00:00:00+00:00, run_after=2024-05-24 00:00:00+00:00
[2024-05-24T05:50:55.150+0000] {processor.py:183} INFO - Processing /home/airflow/.local/lib/python3.12/site-packages/airflow/example_dags/example_task_group_decorator.py took 0.034 seconds
[2024-05-24T05:51:25.495+0000] {processor.py:161} INFO - Started process (PID=3522) to work on /home/airflow/.local/lib/python3.12/site-packages/airflow/example_dags/example_task_group_decorator.py
[2024-05-24T05:51:25.496+0000] {processor.py:830} INFO - Processing file /home/airflow/.local/lib/python3.12/site-packages/airflow/example_dags/example_task_group_decorator.py for tasks to queue
[2024-05-24T05:51:25.496+0000] {logging_mixin.py:188} INFO - [2024-05-24T05:51:25.496+0000] {dagbag.py:545} INFO - Filling up the DagBag from /home/airflow/.local/lib/python3.12/site-packages/airflow/example_dags/example_task_group_decorator.py
[2024-05-24T05:51:25.501+0000] {processor.py:840} INFO - DAG(s) 'example_task_group_decorator' retrieved from /home/airflow/.local/lib/python3.12/site-packages/airflow/example_dags/example_task_group_decorator.py
[2024-05-24T05:51:25.510+0000] {logging_mixin.py:188} INFO - [2024-05-24T05:51:25.510+0000] {dag.py:3096} INFO - Sync 1 DAGs
[2024-05-24T05:51:25.519+0000] {logging_mixin.py:188} INFO - [2024-05-24T05:51:25.518+0000] {dag.py:3954} INFO - Setting next_dagrun for example_task_group_decorator to 2024-05-23 00:00:00+00:00, run_after=2024-05-24 00:00:00+00:00
[2024-05-24T05:51:25.526+0000] {processor.py:183} INFO - Processing /home/airflow/.local/lib/python3.12/site-packages/airflow/example_dags/example_task_group_decorator.py took 0.033 seconds
[2024-05-24T05:51:55.728+0000] {processor.py:161} INFO - Started process (PID=3782) to work on /home/airflow/.local/lib/python3.12/site-packages/airflow/example_dags/example_task_group_decorator.py
[2024-05-24T05:51:55.728+0000] {processor.py:830} INFO - Processing file /home/airflow/.local/lib/python3.12/site-packages/airflow/example_dags/example_task_group_decorator.py for tasks to queue
[2024-05-24T05:51:55.729+0000] {logging_mixin.py:188} INFO - [2024-05-24T05:51:55.729+0000] {dagbag.py:545} INFO - Filling up the DagBag from /home/airflow/.local/lib/python3.12/site-packages/airflow/example_dags/example_task_group_decorator.py
[2024-05-24T05:51:55.734+0000] {processor.py:840} INFO - DAG(s) 'example_task_group_decorator' retrieved from /home/airflow/.local/lib/python3.12/site-packages/airflow/example_dags/example_task_group_decorator.py
[2024-05-24T05:51:55.744+0000] {logging_mixin.py:188} INFO - [2024-05-24T05:51:55.743+0000] {dag.py:3096} INFO - Sync 1 DAGs
[2024-05-24T05:51:55.752+0000] {logging_mixin.py:188} INFO - [2024-05-24T05:51:55.752+0000] {dag.py:3954} INFO - Setting next_dagrun for example_task_group_decorator to 2024-05-23 00:00:00+00:00, run_after=2024-05-24 00:00:00+00:00
[2024-05-24T05:51:55.758+0000] {processor.py:183} INFO - Processing /home/airflow/.local/lib/python3.12/site-packages/airflow/example_dags/example_task_group_decorator.py took 0.032 seconds
[2024-05-24T05:52:26.015+0000] {processor.py:161} INFO - Started process (PID=4044) to work on /home/airflow/.local/lib/python3.12/site-packages/airflow/example_dags/example_task_group_decorator.py
[2024-05-24T05:52:26.015+0000] {processor.py:830} INFO - Processing file /home/airflow/.local/lib/python3.12/site-packages/airflow/example_dags/example_task_group_decorator.py for tasks to queue
[2024-05-24T05:52:26.016+0000] {logging_mixin.py:188} INFO - [2024-05-24T05:52:26.016+0000] {dagbag.py:545} INFO - Filling up the DagBag from /home/airflow/.local/lib/python3.12/site-packages/airflow/example_dags/example_task_group_decorator.py
[2024-05-24T05:52:26.021+0000] {processor.py:840} INFO - DAG(s) 'example_task_group_decorator' retrieved from /home/airflow/.local/lib/python3.12/site-packages/airflow/example_dags/example_task_group_decorator.py
[2024-05-24T05:52:26.030+0000] {logging_mixin.py:188} INFO - [2024-05-24T05:52:26.030+0000] {dag.py:3096} INFO - Sync 1 DAGs
[2024-05-24T05:52:26.037+0000] {logging_mixin.py:188} INFO - [2024-05-24T05:52:26.037+0000] {dag.py:3954} INFO - Setting next_dagrun for example_task_group_decorator to 2024-05-23 00:00:00+00:00, run_after=2024-05-24 00:00:00+00:00
[2024-05-24T05:52:26.044+0000] {processor.py:183} INFO - Processing /home/airflow/.local/lib/python3.12/site-packages/airflow/example_dags/example_task_group_decorator.py took 0.031 seconds
[2024-05-24T05:52:56.371+0000] {processor.py:161} INFO - Started process (PID=4308) to work on /home/airflow/.local/lib/python3.12/site-packages/airflow/example_dags/example_task_group_decorator.py
[2024-05-24T05:52:56.371+0000] {processor.py:830} INFO - Processing file /home/airflow/.local/lib/python3.12/site-packages/airflow/example_dags/example_task_group_decorator.py for tasks to queue
[2024-05-24T05:52:56.372+0000] {logging_mixin.py:188} INFO - [2024-05-24T05:52:56.372+0000] {dagbag.py:545} INFO - Filling up the DagBag from /home/airflow/.local/lib/python3.12/site-packages/airflow/example_dags/example_task_group_decorator.py
[2024-05-24T05:52:56.377+0000] {processor.py:840} INFO - DAG(s) 'example_task_group_decorator' retrieved from /home/airflow/.local/lib/python3.12/site-packages/airflow/example_dags/example_task_group_decorator.py
[2024-05-24T05:52:56.386+0000] {logging_mixin.py:188} INFO - [2024-05-24T05:52:56.386+0000] {dag.py:3096} INFO - Sync 1 DAGs
[2024-05-24T05:52:56.394+0000] {logging_mixin.py:188} INFO - [2024-05-24T05:52:56.394+0000] {dag.py:3954} INFO - Setting next_dagrun for example_task_group_decorator to 2024-05-23 00:00:00+00:00, run_after=2024-05-24 00:00:00+00:00
[2024-05-24T05:52:56.401+0000] {processor.py:183} INFO - Processing /home/airflow/.local/lib/python3.12/site-packages/airflow/example_dags/example_task_group_decorator.py took 0.032 seconds
[2024-05-24T05:53:26.785+0000] {processor.py:161} INFO - Started process (PID=4568) to work on /home/airflow/.local/lib/python3.12/site-packages/airflow/example_dags/example_task_group_decorator.py
[2024-05-24T05:53:26.785+0000] {processor.py:830} INFO - Processing file /home/airflow/.local/lib/python3.12/site-packages/airflow/example_dags/example_task_group_decorator.py for tasks to queue
[2024-05-24T05:53:26.786+0000] {logging_mixin.py:188} INFO - [2024-05-24T05:53:26.786+0000] {dagbag.py:545} INFO - Filling up the DagBag from /home/airflow/.local/lib/python3.12/site-packages/airflow/example_dags/example_task_group_decorator.py
[2024-05-24T05:53:26.791+0000] {processor.py:840} INFO - DAG(s) 'example_task_group_decorator' retrieved from /home/airflow/.local/lib/python3.12/site-packages/airflow/example_dags/example_task_group_decorator.py
[2024-05-24T05:53:26.800+0000] {logging_mixin.py:188} INFO - [2024-05-24T05:53:26.800+0000] {dag.py:3096} INFO - Sync 1 DAGs
[2024-05-24T05:53:26.808+0000] {logging_mixin.py:188} INFO - [2024-05-24T05:53:26.808+0000] {dag.py:3954} INFO - Setting next_dagrun for example_task_group_decorator to 2024-05-23 00:00:00+00:00, run_after=2024-05-24 00:00:00+00:00
[2024-05-24T05:53:26.815+0000] {processor.py:183} INFO - Processing /home/airflow/.local/lib/python3.12/site-packages/airflow/example_dags/example_task_group_decorator.py took 0.032 seconds
[2024-05-24T05:53:57.202+0000] {processor.py:161} INFO - Started process (PID=4855) to work on /home/airflow/.local/lib/python3.12/site-packages/airflow/example_dags/example_task_group_decorator.py
[2024-05-24T05:53:57.203+0000] {processor.py:830} INFO - Processing file /home/airflow/.local/lib/python3.12/site-packages/airflow/example_dags/example_task_group_decorator.py for tasks to queue
[2024-05-24T05:53:57.204+0000] {logging_mixin.py:188} INFO - [2024-05-24T05:53:57.203+0000] {dagbag.py:545} INFO - Filling up the DagBag from /home/airflow/.local/lib/python3.12/site-packages/airflow/example_dags/example_task_group_decorator.py
[2024-05-24T05:53:57.209+0000] {processor.py:840} INFO - DAG(s) 'example_task_group_decorator' retrieved from /home/airflow/.local/lib/python3.12/site-packages/airflow/example_dags/example_task_group_decorator.py
[2024-05-24T05:53:57.218+0000] {logging_mixin.py:188} INFO - [2024-05-24T05:53:57.218+0000] {dag.py:3096} INFO - Sync 1 DAGs
[2024-05-24T05:53:57.226+0000] {logging_mixin.py:188} INFO - [2024-05-24T05:53:57.226+0000] {dag.py:3954} INFO - Setting next_dagrun for example_task_group_decorator to 2024-05-23 00:00:00+00:00, run_after=2024-05-24 00:00:00+00:00
[2024-05-24T05:53:57.232+0000] {processor.py:183} INFO - Processing /home/airflow/.local/lib/python3.12/site-packages/airflow/example_dags/example_task_group_decorator.py took 0.032 seconds
[2024-05-24T05:54:27.545+0000] {processor.py:161} INFO - Started process (PID=5117) to work on /home/airflow/.local/lib/python3.12/site-packages/airflow/example_dags/example_task_group_decorator.py
[2024-05-24T05:54:27.545+0000] {processor.py:830} INFO - Processing file /home/airflow/.local/lib/python3.12/site-packages/airflow/example_dags/example_task_group_decorator.py for tasks to queue
[2024-05-24T05:54:27.546+0000] {logging_mixin.py:188} INFO - [2024-05-24T05:54:27.546+0000] {dagbag.py:545} INFO - Filling up the DagBag from /home/airflow/.local/lib/python3.12/site-packages/airflow/example_dags/example_task_group_decorator.py
[2024-05-24T05:54:27.551+0000] {processor.py:840} INFO - DAG(s) 'example_task_group_decorator' retrieved from /home/airflow/.local/lib/python3.12/site-packages/airflow/example_dags/example_task_group_decorator.py
[2024-05-24T05:54:27.561+0000] {logging_mixin.py:188} INFO - [2024-05-24T05:54:27.561+0000] {dag.py:3096} INFO - Sync 1 DAGs
[2024-05-24T05:54:27.569+0000] {logging_mixin.py:188} INFO - [2024-05-24T05:54:27.569+0000] {dag.py:3954} INFO - Setting next_dagrun for example_task_group_decorator to 2024-05-23 00:00:00+00:00, run_after=2024-05-24 00:00:00+00:00
[2024-05-24T05:54:27.576+0000] {processor.py:183} INFO - Processing /home/airflow/.local/lib/python3.12/site-packages/airflow/example_dags/example_task_group_decorator.py took 0.034 seconds
[2024-05-24T05:54:57.808+0000] {processor.py:161} INFO - Started process (PID=5379) to work on /home/airflow/.local/lib/python3.12/site-packages/airflow/example_dags/example_task_group_decorator.py
[2024-05-24T05:54:57.809+0000] {processor.py:830} INFO - Processing file /home/airflow/.local/lib/python3.12/site-packages/airflow/example_dags/example_task_group_decorator.py for tasks to queue
[2024-05-24T05:54:57.809+0000] {logging_mixin.py:188} INFO - [2024-05-24T05:54:57.809+0000] {dagbag.py:545} INFO - Filling up the DagBag from /home/airflow/.local/lib/python3.12/site-packages/airflow/example_dags/example_task_group_decorator.py
[2024-05-24T05:54:57.814+0000] {processor.py:840} INFO - DAG(s) 'example_task_group_decorator' retrieved from /home/airflow/.local/lib/python3.12/site-packages/airflow/example_dags/example_task_group_decorator.py
[2024-05-24T05:54:57.823+0000] {logging_mixin.py:188} INFO - [2024-05-24T05:54:57.823+0000] {dag.py:3096} INFO - Sync 1 DAGs
[2024-05-24T05:54:57.831+0000] {logging_mixin.py:188} INFO - [2024-05-24T05:54:57.831+0000] {dag.py:3954} INFO - Setting next_dagrun for example_task_group_decorator to 2024-05-23 00:00:00+00:00, run_after=2024-05-24 00:00:00+00:00
[2024-05-24T05:54:57.837+0000] {processor.py:183} INFO - Processing /home/airflow/.local/lib/python3.12/site-packages/airflow/example_dags/example_task_group_decorator.py took 0.031 seconds
[2024-05-24T05:55:28.184+0000] {processor.py:161} INFO - Started process (PID=5641) to work on /home/airflow/.local/lib/python3.12/site-packages/airflow/example_dags/example_task_group_decorator.py
[2024-05-24T05:55:28.184+0000] {processor.py:830} INFO - Processing file /home/airflow/.local/lib/python3.12/site-packages/airflow/example_dags/example_task_group_decorator.py for tasks to queue
[2024-05-24T05:55:28.185+0000] {logging_mixin.py:188} INFO - [2024-05-24T05:55:28.185+0000] {dagbag.py:545} INFO - Filling up the DagBag from /home/airflow/.local/lib/python3.12/site-packages/airflow/example_dags/example_task_group_decorator.py
[2024-05-24T05:55:28.190+0000] {processor.py:840} INFO - DAG(s) 'example_task_group_decorator' retrieved from /home/airflow/.local/lib/python3.12/site-packages/airflow/example_dags/example_task_group_decorator.py
[2024-05-24T05:55:28.199+0000] {logging_mixin.py:188} INFO - [2024-05-24T05:55:28.199+0000] {dag.py:3096} INFO - Sync 1 DAGs
[2024-05-24T05:55:28.207+0000] {logging_mixin.py:188} INFO - [2024-05-24T05:55:28.207+0000] {dag.py:3954} INFO - Setting next_dagrun for example_task_group_decorator to 2024-05-23 00:00:00+00:00, run_after=2024-05-24 00:00:00+00:00
[2024-05-24T05:55:28.213+0000] {processor.py:183} INFO - Processing /home/airflow/.local/lib/python3.12/site-packages/airflow/example_dags/example_task_group_decorator.py took 0.031 seconds
[2024-05-24T05:55:58.525+0000] {processor.py:161} INFO - Started process (PID=5903) to work on /home/airflow/.local/lib/python3.12/site-packages/airflow/example_dags/example_task_group_decorator.py
[2024-05-24T05:55:58.525+0000] {processor.py:830} INFO - Processing file /home/airflow/.local/lib/python3.12/site-packages/airflow/example_dags/example_task_group_decorator.py for tasks to queue
[2024-05-24T05:55:58.526+0000] {logging_mixin.py:188} INFO - [2024-05-24T05:55:58.526+0000] {dagbag.py:545} INFO - Filling up the DagBag from /home/airflow/.local/lib/python3.12/site-packages/airflow/example_dags/example_task_group_decorator.py
[2024-05-24T05:55:58.531+0000] {processor.py:840} INFO - DAG(s) 'example_task_group_decorator' retrieved from /home/airflow/.local/lib/python3.12/site-packages/airflow/example_dags/example_task_group_decorator.py
[2024-05-24T05:55:58.540+0000] {logging_mixin.py:188} INFO - [2024-05-24T05:55:58.540+0000] {dag.py:3096} INFO - Sync 1 DAGs
[2024-05-24T05:55:58.548+0000] {logging_mixin.py:188} INFO - [2024-05-24T05:55:58.548+0000] {dag.py:3954} INFO - Setting next_dagrun for example_task_group_decorator to 2024-05-23 00:00:00+00:00, run_after=2024-05-24 00:00:00+00:00
[2024-05-24T05:55:58.554+0000] {processor.py:183} INFO - Processing /home/airflow/.local/lib/python3.12/site-packages/airflow/example_dags/example_task_group_decorator.py took 0.031 seconds
[2024-05-24T05:56:28.866+0000] {processor.py:161} INFO - Started process (PID=6165) to work on /home/airflow/.local/lib/python3.12/site-packages/airflow/example_dags/example_task_group_decorator.py
[2024-05-24T05:56:28.867+0000] {processor.py:830} INFO - Processing file /home/airflow/.local/lib/python3.12/site-packages/airflow/example_dags/example_task_group_decorator.py for tasks to queue
[2024-05-24T05:56:28.867+0000] {logging_mixin.py:188} INFO - [2024-05-24T05:56:28.867+0000] {dagbag.py:545} INFO - Filling up the DagBag from /home/airflow/.local/lib/python3.12/site-packages/airflow/example_dags/example_task_group_decorator.py
[2024-05-24T05:56:28.872+0000] {processor.py:840} INFO - DAG(s) 'example_task_group_decorator' retrieved from /home/airflow/.local/lib/python3.12/site-packages/airflow/example_dags/example_task_group_decorator.py
[2024-05-24T05:56:28.881+0000] {logging_mixin.py:188} INFO - [2024-05-24T05:56:28.881+0000] {dag.py:3096} INFO - Sync 1 DAGs
[2024-05-24T05:56:28.889+0000] {logging_mixin.py:188} INFO - [2024-05-24T05:56:28.889+0000] {dag.py:3954} INFO - Setting next_dagrun for example_task_group_decorator to 2024-05-23 00:00:00+00:00, run_after=2024-05-24 00:00:00+00:00
[2024-05-24T05:56:28.895+0000] {processor.py:183} INFO - Processing /home/airflow/.local/lib/python3.12/site-packages/airflow/example_dags/example_task_group_decorator.py took 0.031 seconds
[2024-05-24T05:56:59.179+0000] {processor.py:161} INFO - Started process (PID=6427) to work on /home/airflow/.local/lib/python3.12/site-packages/airflow/example_dags/example_task_group_decorator.py
[2024-05-24T05:56:59.180+0000] {processor.py:830} INFO - Processing file /home/airflow/.local/lib/python3.12/site-packages/airflow/example_dags/example_task_group_decorator.py for tasks to queue
[2024-05-24T05:56:59.181+0000] {logging_mixin.py:188} INFO - [2024-05-24T05:56:59.180+0000] {dagbag.py:545} INFO - Filling up the DagBag from /home/airflow/.local/lib/python3.12/site-packages/airflow/example_dags/example_task_group_decorator.py
[2024-05-24T05:56:59.185+0000] {processor.py:840} INFO - DAG(s) 'example_task_group_decorator' retrieved from /home/airflow/.local/lib/python3.12/site-packages/airflow/example_dags/example_task_group_decorator.py
[2024-05-24T05:56:59.194+0000] {logging_mixin.py:188} INFO - [2024-05-24T05:56:59.194+0000] {dag.py:3096} INFO - Sync 1 DAGs
[2024-05-24T05:56:59.202+0000] {logging_mixin.py:188} INFO - [2024-05-24T05:56:59.202+0000] {dag.py:3954} INFO - Setting next_dagrun for example_task_group_decorator to 2024-05-23 00:00:00+00:00, run_after=2024-05-24 00:00:00+00:00
[2024-05-24T05:56:59.208+0000] {processor.py:183} INFO - Processing /home/airflow/.local/lib/python3.12/site-packages/airflow/example_dags/example_task_group_decorator.py took 0.031 seconds
[2024-05-24T05:57:29.504+0000] {processor.py:161} INFO - Started process (PID=6689) to work on /home/airflow/.local/lib/python3.12/site-packages/airflow/example_dags/example_task_group_decorator.py
[2024-05-24T05:57:29.505+0000] {processor.py:830} INFO - Processing file /home/airflow/.local/lib/python3.12/site-packages/airflow/example_dags/example_task_group_decorator.py for tasks to queue
[2024-05-24T05:57:29.505+0000] {logging_mixin.py:188} INFO - [2024-05-24T05:57:29.505+0000] {dagbag.py:545} INFO - Filling up the DagBag from /home/airflow/.local/lib/python3.12/site-packages/airflow/example_dags/example_task_group_decorator.py
[2024-05-24T05:57:29.510+0000] {processor.py:840} INFO - DAG(s) 'example_task_group_decorator' retrieved from /home/airflow/.local/lib/python3.12/site-packages/airflow/example_dags/example_task_group_decorator.py
[2024-05-24T05:57:29.519+0000] {logging_mixin.py:188} INFO - [2024-05-24T05:57:29.519+0000] {dag.py:3096} INFO - Sync 1 DAGs
[2024-05-24T05:57:29.526+0000] {logging_mixin.py:188} INFO - [2024-05-24T05:57:29.526+0000] {dag.py:3954} INFO - Setting next_dagrun for example_task_group_decorator to 2024-05-23 00:00:00+00:00, run_after=2024-05-24 00:00:00+00:00
[2024-05-24T05:57:29.532+0000] {processor.py:183} INFO - Processing /home/airflow/.local/lib/python3.12/site-packages/airflow/example_dags/example_task_group_decorator.py took 0.030 seconds
[2024-05-24T05:57:59.865+0000] {processor.py:161} INFO - Started process (PID=6951) to work on /home/airflow/.local/lib/python3.12/site-packages/airflow/example_dags/example_task_group_decorator.py
[2024-05-24T05:57:59.865+0000] {processor.py:830} INFO - Processing file /home/airflow/.local/lib/python3.12/site-packages/airflow/example_dags/example_task_group_decorator.py for tasks to queue
[2024-05-24T05:57:59.866+0000] {logging_mixin.py:188} INFO - [2024-05-24T05:57:59.866+0000] {dagbag.py:545} INFO - Filling up the DagBag from /home/airflow/.local/lib/python3.12/site-packages/airflow/example_dags/example_task_group_decorator.py
[2024-05-24T05:57:59.871+0000] {processor.py:840} INFO - DAG(s) 'example_task_group_decorator' retrieved from /home/airflow/.local/lib/python3.12/site-packages/airflow/example_dags/example_task_group_decorator.py
[2024-05-24T05:57:59.880+0000] {logging_mixin.py:188} INFO - [2024-05-24T05:57:59.880+0000] {dag.py:3096} INFO - Sync 1 DAGs
[2024-05-24T05:57:59.888+0000] {logging_mixin.py:188} INFO - [2024-05-24T05:57:59.888+0000] {dag.py:3954} INFO - Setting next_dagrun for example_task_group_decorator to 2024-05-23 00:00:00+00:00, run_after=2024-05-24 00:00:00+00:00
[2024-05-24T05:57:59.894+0000] {processor.py:183} INFO - Processing /home/airflow/.local/lib/python3.12/site-packages/airflow/example_dags/example_task_group_decorator.py took 0.031 seconds
[2024-05-24T05:58:30.264+0000] {processor.py:161} INFO - Started process (PID=7213) to work on /home/airflow/.local/lib/python3.12/site-packages/airflow/example_dags/example_task_group_decorator.py
[2024-05-24T05:58:30.264+0000] {processor.py:830} INFO - Processing file /home/airflow/.local/lib/python3.12/site-packages/airflow/example_dags/example_task_group_decorator.py for tasks to queue
[2024-05-24T05:58:30.265+0000] {logging_mixin.py:188} INFO - [2024-05-24T05:58:30.265+0000] {dagbag.py:545} INFO - Filling up the DagBag from /home/airflow/.local/lib/python3.12/site-packages/airflow/example_dags/example_task_group_decorator.py
[2024-05-24T05:58:30.270+0000] {processor.py:840} INFO - DAG(s) 'example_task_group_decorator' retrieved from /home/airflow/.local/lib/python3.12/site-packages/airflow/example_dags/example_task_group_decorator.py
[2024-05-24T05:58:30.280+0000] {logging_mixin.py:188} INFO - [2024-05-24T05:58:30.279+0000] {dag.py:3096} INFO - Sync 1 DAGs
[2024-05-24T05:58:30.288+0000] {logging_mixin.py:188} INFO - [2024-05-24T05:58:30.287+0000] {dag.py:3954} INFO - Setting next_dagrun for example_task_group_decorator to 2024-05-23 00:00:00+00:00, run_after=2024-05-24 00:00:00+00:00
[2024-05-24T05:58:30.294+0000] {processor.py:183} INFO - Processing /home/airflow/.local/lib/python3.12/site-packages/airflow/example_dags/example_task_group_decorator.py took 0.032 seconds
[2024-05-24T06:13:53.606+0000] {processor.py:161} INFO - Started process (PID=7475) to work on /home/airflow/.local/lib/python3.12/site-packages/airflow/example_dags/example_task_group_decorator.py
[2024-05-24T06:13:53.606+0000] {processor.py:830} INFO - Processing file /home/airflow/.local/lib/python3.12/site-packages/airflow/example_dags/example_task_group_decorator.py for tasks to queue
[2024-05-24T06:13:53.607+0000] {logging_mixin.py:188} INFO - [2024-05-24T06:13:53.607+0000] {dagbag.py:545} INFO - Filling up the DagBag from /home/airflow/.local/lib/python3.12/site-packages/airflow/example_dags/example_task_group_decorator.py
[2024-05-24T06:13:53.612+0000] {processor.py:840} INFO - DAG(s) 'example_task_group_decorator' retrieved from /home/airflow/.local/lib/python3.12/site-packages/airflow/example_dags/example_task_group_decorator.py
[2024-05-24T06:13:53.621+0000] {logging_mixin.py:188} INFO - [2024-05-24T06:13:53.621+0000] {dag.py:3096} INFO - Sync 1 DAGs
[2024-05-24T06:13:53.629+0000] {logging_mixin.py:188} INFO - [2024-05-24T06:13:53.629+0000] {dag.py:3954} INFO - Setting next_dagrun for example_task_group_decorator to 2024-05-23 00:00:00+00:00, run_after=2024-05-24 00:00:00+00:00
[2024-05-24T06:13:53.635+0000] {processor.py:183} INFO - Processing /home/airflow/.local/lib/python3.12/site-packages/airflow/example_dags/example_task_group_decorator.py took 0.032 seconds
[2024-05-24T06:26:10.496+0000] {processor.py:161} INFO - Started process (PID=7736) to work on /home/airflow/.local/lib/python3.12/site-packages/airflow/example_dags/example_task_group_decorator.py
[2024-05-24T06:26:10.497+0000] {processor.py:830} INFO - Processing file /home/airflow/.local/lib/python3.12/site-packages/airflow/example_dags/example_task_group_decorator.py for tasks to queue
[2024-05-24T06:26:10.497+0000] {logging_mixin.py:188} INFO - [2024-05-24T06:26:10.497+0000] {dagbag.py:545} INFO - Filling up the DagBag from /home/airflow/.local/lib/python3.12/site-packages/airflow/example_dags/example_task_group_decorator.py
[2024-05-24T06:26:10.503+0000] {processor.py:840} INFO - DAG(s) 'example_task_group_decorator' retrieved from /home/airflow/.local/lib/python3.12/site-packages/airflow/example_dags/example_task_group_decorator.py
[2024-05-24T06:26:10.512+0000] {logging_mixin.py:188} INFO - [2024-05-24T06:26:10.512+0000] {dag.py:3096} INFO - Sync 1 DAGs
[2024-05-24T06:26:10.520+0000] {logging_mixin.py:188} INFO - [2024-05-24T06:26:10.520+0000] {dag.py:3954} INFO - Setting next_dagrun for example_task_group_decorator to 2024-05-23 00:00:00+00:00, run_after=2024-05-24 00:00:00+00:00
[2024-05-24T06:26:10.527+0000] {processor.py:183} INFO - Processing /home/airflow/.local/lib/python3.12/site-packages/airflow/example_dags/example_task_group_decorator.py took 0.033 seconds
[2024-05-24T06:26:40.925+0000] {processor.py:161} INFO - Started process (PID=7997) to work on /home/airflow/.local/lib/python3.12/site-packages/airflow/example_dags/example_task_group_decorator.py
[2024-05-24T06:26:40.925+0000] {processor.py:830} INFO - Processing file /home/airflow/.local/lib/python3.12/site-packages/airflow/example_dags/example_task_group_decorator.py for tasks to queue
[2024-05-24T06:26:40.926+0000] {logging_mixin.py:188} INFO - [2024-05-24T06:26:40.926+0000] {dagbag.py:545} INFO - Filling up the DagBag from /home/airflow/.local/lib/python3.12/site-packages/airflow/example_dags/example_task_group_decorator.py
[2024-05-24T06:26:40.931+0000] {processor.py:840} INFO - DAG(s) 'example_task_group_decorator' retrieved from /home/airflow/.local/lib/python3.12/site-packages/airflow/example_dags/example_task_group_decorator.py
[2024-05-24T06:26:40.940+0000] {logging_mixin.py:188} INFO - [2024-05-24T06:26:40.940+0000] {dag.py:3096} INFO - Sync 1 DAGs
[2024-05-24T06:26:40.948+0000] {logging_mixin.py:188} INFO - [2024-05-24T06:26:40.948+0000] {dag.py:3954} INFO - Setting next_dagrun for example_task_group_decorator to 2024-05-23 00:00:00+00:00, run_after=2024-05-24 00:00:00+00:00
[2024-05-24T06:26:40.954+0000] {processor.py:183} INFO - Processing /home/airflow/.local/lib/python3.12/site-packages/airflow/example_dags/example_task_group_decorator.py took 0.031 seconds
[2024-05-24T06:27:11.335+0000] {processor.py:161} INFO - Started process (PID=8259) to work on /home/airflow/.local/lib/python3.12/site-packages/airflow/example_dags/example_task_group_decorator.py
[2024-05-24T06:27:11.336+0000] {processor.py:830} INFO - Processing file /home/airflow/.local/lib/python3.12/site-packages/airflow/example_dags/example_task_group_decorator.py for tasks to queue
[2024-05-24T06:27:11.336+0000] {logging_mixin.py:188} INFO - [2024-05-24T06:27:11.336+0000] {dagbag.py:545} INFO - Filling up the DagBag from /home/airflow/.local/lib/python3.12/site-packages/airflow/example_dags/example_task_group_decorator.py
[2024-05-24T06:27:11.342+0000] {processor.py:840} INFO - DAG(s) 'example_task_group_decorator' retrieved from /home/airflow/.local/lib/python3.12/site-packages/airflow/example_dags/example_task_group_decorator.py
[2024-05-24T06:27:11.351+0000] {logging_mixin.py:188} INFO - [2024-05-24T06:27:11.351+0000] {dag.py:3096} INFO - Sync 1 DAGs
[2024-05-24T06:27:11.359+0000] {logging_mixin.py:188} INFO - [2024-05-24T06:27:11.359+0000] {dag.py:3954} INFO - Setting next_dagrun for example_task_group_decorator to 2024-05-23 00:00:00+00:00, run_after=2024-05-24 00:00:00+00:00
[2024-05-24T06:27:11.365+0000] {processor.py:183} INFO - Processing /home/airflow/.local/lib/python3.12/site-packages/airflow/example_dags/example_task_group_decorator.py took 0.032 seconds
[2024-05-24T06:28:26.484+0000] {processor.py:161} INFO - Started process (PID=8521) to work on /home/airflow/.local/lib/python3.12/site-packages/airflow/example_dags/example_task_group_decorator.py
[2024-05-24T06:28:26.485+0000] {processor.py:830} INFO - Processing file /home/airflow/.local/lib/python3.12/site-packages/airflow/example_dags/example_task_group_decorator.py for tasks to queue
[2024-05-24T06:28:26.485+0000] {logging_mixin.py:188} INFO - [2024-05-24T06:28:26.485+0000] {dagbag.py:545} INFO - Filling up the DagBag from /home/airflow/.local/lib/python3.12/site-packages/airflow/example_dags/example_task_group_decorator.py
[2024-05-24T06:28:26.491+0000] {processor.py:840} INFO - DAG(s) 'example_task_group_decorator' retrieved from /home/airflow/.local/lib/python3.12/site-packages/airflow/example_dags/example_task_group_decorator.py
[2024-05-24T06:28:26.501+0000] {logging_mixin.py:188} INFO - [2024-05-24T06:28:26.501+0000] {dag.py:3096} INFO - Sync 1 DAGs
[2024-05-24T06:28:26.509+0000] {logging_mixin.py:188} INFO - [2024-05-24T06:28:26.509+0000] {dag.py:3954} INFO - Setting next_dagrun for example_task_group_decorator to 2024-05-23 00:00:00+00:00, run_after=2024-05-24 00:00:00+00:00
[2024-05-24T06:28:26.516+0000] {processor.py:183} INFO - Processing /home/airflow/.local/lib/python3.12/site-packages/airflow/example_dags/example_task_group_decorator.py took 0.033 seconds
[2024-05-24T06:28:56.872+0000] {processor.py:161} INFO - Started process (PID=8783) to work on /home/airflow/.local/lib/python3.12/site-packages/airflow/example_dags/example_task_group_decorator.py
[2024-05-24T06:28:56.872+0000] {processor.py:830} INFO - Processing file /home/airflow/.local/lib/python3.12/site-packages/airflow/example_dags/example_task_group_decorator.py for tasks to queue
[2024-05-24T06:28:56.873+0000] {logging_mixin.py:188} INFO - [2024-05-24T06:28:56.873+0000] {dagbag.py:545} INFO - Filling up the DagBag from /home/airflow/.local/lib/python3.12/site-packages/airflow/example_dags/example_task_group_decorator.py
[2024-05-24T06:28:56.880+0000] {processor.py:840} INFO - DAG(s) 'example_task_group_decorator' retrieved from /home/airflow/.local/lib/python3.12/site-packages/airflow/example_dags/example_task_group_decorator.py
[2024-05-24T06:28:56.890+0000] {logging_mixin.py:188} INFO - [2024-05-24T06:28:56.890+0000] {dag.py:3096} INFO - Sync 1 DAGs
[2024-05-24T06:28:56.898+0000] {logging_mixin.py:188} INFO - [2024-05-24T06:28:56.898+0000] {dag.py:3954} INFO - Setting next_dagrun for example_task_group_decorator to 2024-05-23 00:00:00+00:00, run_after=2024-05-24 00:00:00+00:00
[2024-05-24T06:28:56.904+0000] {processor.py:183} INFO - Processing /home/airflow/.local/lib/python3.12/site-packages/airflow/example_dags/example_task_group_decorator.py took 0.035 seconds
[2024-05-24T06:29:27.325+0000] {processor.py:161} INFO - Started process (PID=9045) to work on /home/airflow/.local/lib/python3.12/site-packages/airflow/example_dags/example_task_group_decorator.py
[2024-05-24T06:29:27.325+0000] {processor.py:830} INFO - Processing file /home/airflow/.local/lib/python3.12/site-packages/airflow/example_dags/example_task_group_decorator.py for tasks to queue
[2024-05-24T06:29:27.326+0000] {logging_mixin.py:188} INFO - [2024-05-24T06:29:27.326+0000] {dagbag.py:545} INFO - Filling up the DagBag from /home/airflow/.local/lib/python3.12/site-packages/airflow/example_dags/example_task_group_decorator.py
[2024-05-24T06:29:27.331+0000] {processor.py:840} INFO - DAG(s) 'example_task_group_decorator' retrieved from /home/airflow/.local/lib/python3.12/site-packages/airflow/example_dags/example_task_group_decorator.py
[2024-05-24T06:29:27.341+0000] {logging_mixin.py:188} INFO - [2024-05-24T06:29:27.340+0000] {dag.py:3096} INFO - Sync 1 DAGs
[2024-05-24T06:29:27.348+0000] {logging_mixin.py:188} INFO - [2024-05-24T06:29:27.348+0000] {dag.py:3954} INFO - Setting next_dagrun for example_task_group_decorator to 2024-05-23 00:00:00+00:00, run_after=2024-05-24 00:00:00+00:00
[2024-05-24T06:29:27.355+0000] {processor.py:183} INFO - Processing /home/airflow/.local/lib/python3.12/site-packages/airflow/example_dags/example_task_group_decorator.py took 0.032 seconds
[2024-05-24T06:29:57.693+0000] {processor.py:161} INFO - Started process (PID=9307) to work on /home/airflow/.local/lib/python3.12/site-packages/airflow/example_dags/example_task_group_decorator.py
[2024-05-24T06:29:57.693+0000] {processor.py:830} INFO - Processing file /home/airflow/.local/lib/python3.12/site-packages/airflow/example_dags/example_task_group_decorator.py for tasks to queue
[2024-05-24T06:29:57.694+0000] {logging_mixin.py:188} INFO - [2024-05-24T06:29:57.694+0000] {dagbag.py:545} INFO - Filling up the DagBag from /home/airflow/.local/lib/python3.12/site-packages/airflow/example_dags/example_task_group_decorator.py
[2024-05-24T06:29:57.699+0000] {processor.py:840} INFO - DAG(s) 'example_task_group_decorator' retrieved from /home/airflow/.local/lib/python3.12/site-packages/airflow/example_dags/example_task_group_decorator.py
[2024-05-24T06:29:57.708+0000] {logging_mixin.py:188} INFO - [2024-05-24T06:29:57.708+0000] {dag.py:3096} INFO - Sync 1 DAGs
[2024-05-24T06:29:57.715+0000] {logging_mixin.py:188} INFO - [2024-05-24T06:29:57.715+0000] {dag.py:3954} INFO - Setting next_dagrun for example_task_group_decorator to 2024-05-23 00:00:00+00:00, run_after=2024-05-24 00:00:00+00:00
[2024-05-24T06:29:57.722+0000] {processor.py:183} INFO - Processing /home/airflow/.local/lib/python3.12/site-packages/airflow/example_dags/example_task_group_decorator.py took 0.031 seconds
[2024-05-24T06:32:51.333+0000] {processor.py:161} INFO - Started process (PID=9569) to work on /home/airflow/.local/lib/python3.12/site-packages/airflow/example_dags/example_task_group_decorator.py
[2024-05-24T06:32:51.333+0000] {processor.py:830} INFO - Processing file /home/airflow/.local/lib/python3.12/site-packages/airflow/example_dags/example_task_group_decorator.py for tasks to queue
[2024-05-24T06:32:51.334+0000] {logging_mixin.py:188} INFO - [2024-05-24T06:32:51.334+0000] {dagbag.py:545} INFO - Filling up the DagBag from /home/airflow/.local/lib/python3.12/site-packages/airflow/example_dags/example_task_group_decorator.py
[2024-05-24T06:32:51.339+0000] {processor.py:840} INFO - DAG(s) 'example_task_group_decorator' retrieved from /home/airflow/.local/lib/python3.12/site-packages/airflow/example_dags/example_task_group_decorator.py
[2024-05-24T06:32:51.347+0000] {logging_mixin.py:188} INFO - [2024-05-24T06:32:51.347+0000] {dag.py:3096} INFO - Sync 1 DAGs
[2024-05-24T06:32:51.355+0000] {logging_mixin.py:188} INFO - [2024-05-24T06:32:51.355+0000] {dag.py:3954} INFO - Setting next_dagrun for example_task_group_decorator to 2024-05-23 00:00:00+00:00, run_after=2024-05-24 00:00:00+00:00
[2024-05-24T06:32:51.361+0000] {processor.py:183} INFO - Processing /home/airflow/.local/lib/python3.12/site-packages/airflow/example_dags/example_task_group_decorator.py took 0.031 seconds
[2024-05-24T06:34:34.579+0000] {processor.py:161} INFO - Started process (PID=9833) to work on /home/airflow/.local/lib/python3.12/site-packages/airflow/example_dags/example_task_group_decorator.py
[2024-05-24T06:34:34.580+0000] {processor.py:830} INFO - Processing file /home/airflow/.local/lib/python3.12/site-packages/airflow/example_dags/example_task_group_decorator.py for tasks to queue
[2024-05-24T06:34:34.580+0000] {logging_mixin.py:188} INFO - [2024-05-24T06:34:34.580+0000] {dagbag.py:545} INFO - Filling up the DagBag from /home/airflow/.local/lib/python3.12/site-packages/airflow/example_dags/example_task_group_decorator.py
[2024-05-24T06:34:34.585+0000] {processor.py:840} INFO - DAG(s) 'example_task_group_decorator' retrieved from /home/airflow/.local/lib/python3.12/site-packages/airflow/example_dags/example_task_group_decorator.py
[2024-05-24T06:34:34.594+0000] {logging_mixin.py:188} INFO - [2024-05-24T06:34:34.594+0000] {dag.py:3096} INFO - Sync 1 DAGs
[2024-05-24T06:34:34.602+0000] {logging_mixin.py:188} INFO - [2024-05-24T06:34:34.602+0000] {dag.py:3954} INFO - Setting next_dagrun for example_task_group_decorator to 2024-05-23 00:00:00+00:00, run_after=2024-05-24 00:00:00+00:00
[2024-05-24T06:34:34.609+0000] {processor.py:183} INFO - Processing /home/airflow/.local/lib/python3.12/site-packages/airflow/example_dags/example_task_group_decorator.py took 0.032 seconds
[2024-05-24T06:35:05.058+0000] {processor.py:161} INFO - Started process (PID=10093) to work on /home/airflow/.local/lib/python3.12/site-packages/airflow/example_dags/example_task_group_decorator.py
[2024-05-24T06:35:05.059+0000] {processor.py:830} INFO - Processing file /home/airflow/.local/lib/python3.12/site-packages/airflow/example_dags/example_task_group_decorator.py for tasks to queue
[2024-05-24T06:35:05.059+0000] {logging_mixin.py:188} INFO - [2024-05-24T06:35:05.059+0000] {dagbag.py:545} INFO - Filling up the DagBag from /home/airflow/.local/lib/python3.12/site-packages/airflow/example_dags/example_task_group_decorator.py
[2024-05-24T06:35:05.065+0000] {processor.py:840} INFO - DAG(s) 'example_task_group_decorator' retrieved from /home/airflow/.local/lib/python3.12/site-packages/airflow/example_dags/example_task_group_decorator.py
[2024-05-24T06:35:05.074+0000] {logging_mixin.py:188} INFO - [2024-05-24T06:35:05.074+0000] {dag.py:3096} INFO - Sync 1 DAGs
[2024-05-24T06:35:05.082+0000] {logging_mixin.py:188} INFO - [2024-05-24T06:35:05.082+0000] {dag.py:3954} INFO - Setting next_dagrun for example_task_group_decorator to 2024-05-23 00:00:00+00:00, run_after=2024-05-24 00:00:00+00:00
[2024-05-24T06:35:05.088+0000] {processor.py:183} INFO - Processing /home/airflow/.local/lib/python3.12/site-packages/airflow/example_dags/example_task_group_decorator.py took 0.032 seconds
[2024-05-24T06:50:34.767+0000] {processor.py:161} INFO - Started process (PID=10355) to work on /home/airflow/.local/lib/python3.12/site-packages/airflow/example_dags/example_task_group_decorator.py
[2024-05-24T06:50:34.767+0000] {processor.py:830} INFO - Processing file /home/airflow/.local/lib/python3.12/site-packages/airflow/example_dags/example_task_group_decorator.py for tasks to queue
[2024-05-24T06:50:34.769+0000] {logging_mixin.py:188} INFO - [2024-05-24T06:50:34.769+0000] {dagbag.py:545} INFO - Filling up the DagBag from /home/airflow/.local/lib/python3.12/site-packages/airflow/example_dags/example_task_group_decorator.py
[2024-05-24T06:50:34.776+0000] {processor.py:840} INFO - DAG(s) 'example_task_group_decorator' retrieved from /home/airflow/.local/lib/python3.12/site-packages/airflow/example_dags/example_task_group_decorator.py
[2024-05-24T06:50:34.786+0000] {logging_mixin.py:188} INFO - [2024-05-24T06:50:34.786+0000] {dag.py:3096} INFO - Sync 1 DAGs
[2024-05-24T06:50:34.794+0000] {logging_mixin.py:188} INFO - [2024-05-24T06:50:34.794+0000] {dag.py:3954} INFO - Setting next_dagrun for example_task_group_decorator to 2024-05-23 00:00:00+00:00, run_after=2024-05-24 00:00:00+00:00
[2024-05-24T06:50:34.800+0000] {processor.py:183} INFO - Processing /home/airflow/.local/lib/python3.12/site-packages/airflow/example_dags/example_task_group_decorator.py took 0.036 seconds
[2024-05-24T07:06:11.439+0000] {processor.py:161} INFO - Started process (PID=10619) to work on /home/airflow/.local/lib/python3.12/site-packages/airflow/example_dags/example_task_group_decorator.py
[2024-05-24T07:06:11.439+0000] {processor.py:830} INFO - Processing file /home/airflow/.local/lib/python3.12/site-packages/airflow/example_dags/example_task_group_decorator.py for tasks to queue
[2024-05-24T07:06:11.440+0000] {logging_mixin.py:188} INFO - [2024-05-24T07:06:11.440+0000] {dagbag.py:545} INFO - Filling up the DagBag from /home/airflow/.local/lib/python3.12/site-packages/airflow/example_dags/example_task_group_decorator.py
[2024-05-24T07:06:11.445+0000] {processor.py:840} INFO - DAG(s) 'example_task_group_decorator' retrieved from /home/airflow/.local/lib/python3.12/site-packages/airflow/example_dags/example_task_group_decorator.py
[2024-05-24T07:06:11.454+0000] {logging_mixin.py:188} INFO - [2024-05-24T07:06:11.454+0000] {dag.py:3096} INFO - Sync 1 DAGs
[2024-05-24T07:06:11.461+0000] {logging_mixin.py:188} INFO - [2024-05-24T07:06:11.461+0000] {dag.py:3954} INFO - Setting next_dagrun for example_task_group_decorator to 2024-05-23 00:00:00+00:00, run_after=2024-05-24 00:00:00+00:00
[2024-05-24T07:06:11.467+0000] {processor.py:183} INFO - Processing /home/airflow/.local/lib/python3.12/site-packages/airflow/example_dags/example_task_group_decorator.py took 0.031 seconds
[2024-05-24T07:30:09.644+0000] {processor.py:161} INFO - Started process (PID=10879) to work on /home/airflow/.local/lib/python3.12/site-packages/airflow/example_dags/example_task_group_decorator.py
[2024-05-24T07:30:09.644+0000] {processor.py:830} INFO - Processing file /home/airflow/.local/lib/python3.12/site-packages/airflow/example_dags/example_task_group_decorator.py for tasks to queue
[2024-05-24T07:30:09.645+0000] {logging_mixin.py:188} INFO - [2024-05-24T07:30:09.645+0000] {dagbag.py:545} INFO - Filling up the DagBag from /home/airflow/.local/lib/python3.12/site-packages/airflow/example_dags/example_task_group_decorator.py
[2024-05-24T07:30:09.650+0000] {processor.py:840} INFO - DAG(s) 'example_task_group_decorator' retrieved from /home/airflow/.local/lib/python3.12/site-packages/airflow/example_dags/example_task_group_decorator.py
[2024-05-24T07:30:09.659+0000] {logging_mixin.py:188} INFO - [2024-05-24T07:30:09.659+0000] {dag.py:3096} INFO - Sync 1 DAGs
[2024-05-24T07:30:09.667+0000] {logging_mixin.py:188} INFO - [2024-05-24T07:30:09.667+0000] {dag.py:3954} INFO - Setting next_dagrun for example_task_group_decorator to 2024-05-23 00:00:00+00:00, run_after=2024-05-24 00:00:00+00:00
[2024-05-24T07:30:09.674+0000] {processor.py:183} INFO - Processing /home/airflow/.local/lib/python3.12/site-packages/airflow/example_dags/example_task_group_decorator.py took 0.033 seconds
[2024-05-24T07:30:41.415+0000] {processor.py:161} INFO - Started process (PID=11143) to work on /home/airflow/.local/lib/python3.12/site-packages/airflow/example_dags/example_task_group_decorator.py
[2024-05-24T07:30:41.415+0000] {processor.py:830} INFO - Processing file /home/airflow/.local/lib/python3.12/site-packages/airflow/example_dags/example_task_group_decorator.py for tasks to queue
[2024-05-24T07:30:41.416+0000] {logging_mixin.py:188} INFO - [2024-05-24T07:30:41.416+0000] {dagbag.py:545} INFO - Filling up the DagBag from /home/airflow/.local/lib/python3.12/site-packages/airflow/example_dags/example_task_group_decorator.py
[2024-05-24T07:30:41.422+0000] {processor.py:840} INFO - DAG(s) 'example_task_group_decorator' retrieved from /home/airflow/.local/lib/python3.12/site-packages/airflow/example_dags/example_task_group_decorator.py
[2024-05-24T07:30:41.431+0000] {logging_mixin.py:188} INFO - [2024-05-24T07:30:41.431+0000] {dag.py:3096} INFO - Sync 1 DAGs
[2024-05-24T07:30:41.439+0000] {logging_mixin.py:188} INFO - [2024-05-24T07:30:41.439+0000] {dag.py:3954} INFO - Setting next_dagrun for example_task_group_decorator to 2024-05-23 00:00:00+00:00, run_after=2024-05-24 00:00:00+00:00
[2024-05-24T07:30:41.445+0000] {processor.py:183} INFO - Processing /home/airflow/.local/lib/python3.12/site-packages/airflow/example_dags/example_task_group_decorator.py took 0.033 seconds
[2024-05-24T07:31:11.760+0000] {processor.py:161} INFO - Started process (PID=11403) to work on /home/airflow/.local/lib/python3.12/site-packages/airflow/example_dags/example_task_group_decorator.py
[2024-05-24T07:31:11.760+0000] {processor.py:830} INFO - Processing file /home/airflow/.local/lib/python3.12/site-packages/airflow/example_dags/example_task_group_decorator.py for tasks to queue
[2024-05-24T07:31:11.761+0000] {logging_mixin.py:188} INFO - [2024-05-24T07:31:11.761+0000] {dagbag.py:545} INFO - Filling up the DagBag from /home/airflow/.local/lib/python3.12/site-packages/airflow/example_dags/example_task_group_decorator.py
[2024-05-24T07:31:11.766+0000] {processor.py:840} INFO - DAG(s) 'example_task_group_decorator' retrieved from /home/airflow/.local/lib/python3.12/site-packages/airflow/example_dags/example_task_group_decorator.py
[2024-05-24T07:31:11.775+0000] {logging_mixin.py:188} INFO - [2024-05-24T07:31:11.775+0000] {dag.py:3096} INFO - Sync 1 DAGs
[2024-05-24T07:31:11.783+0000] {logging_mixin.py:188} INFO - [2024-05-24T07:31:11.783+0000] {dag.py:3954} INFO - Setting next_dagrun for example_task_group_decorator to 2024-05-23 00:00:00+00:00, run_after=2024-05-24 00:00:00+00:00
[2024-05-24T07:31:11.790+0000] {processor.py:183} INFO - Processing /home/airflow/.local/lib/python3.12/site-packages/airflow/example_dags/example_task_group_decorator.py took 0.032 seconds
[2024-05-24T07:31:42.154+0000] {processor.py:161} INFO - Started process (PID=11665) to work on /home/airflow/.local/lib/python3.12/site-packages/airflow/example_dags/example_task_group_decorator.py
[2024-05-24T07:31:42.154+0000] {processor.py:830} INFO - Processing file /home/airflow/.local/lib/python3.12/site-packages/airflow/example_dags/example_task_group_decorator.py for tasks to queue
[2024-05-24T07:31:42.155+0000] {logging_mixin.py:188} INFO - [2024-05-24T07:31:42.155+0000] {dagbag.py:545} INFO - Filling up the DagBag from /home/airflow/.local/lib/python3.12/site-packages/airflow/example_dags/example_task_group_decorator.py
[2024-05-24T07:31:42.160+0000] {processor.py:840} INFO - DAG(s) 'example_task_group_decorator' retrieved from /home/airflow/.local/lib/python3.12/site-packages/airflow/example_dags/example_task_group_decorator.py
[2024-05-24T07:31:42.170+0000] {logging_mixin.py:188} INFO - [2024-05-24T07:31:42.170+0000] {dag.py:3096} INFO - Sync 1 DAGs
[2024-05-24T07:31:42.178+0000] {logging_mixin.py:188} INFO - [2024-05-24T07:31:42.178+0000] {dag.py:3954} INFO - Setting next_dagrun for example_task_group_decorator to 2024-05-23 00:00:00+00:00, run_after=2024-05-24 00:00:00+00:00
[2024-05-24T07:31:42.184+0000] {processor.py:183} INFO - Processing /home/airflow/.local/lib/python3.12/site-packages/airflow/example_dags/example_task_group_decorator.py took 0.033 seconds
[2024-05-24T07:32:12.544+0000] {processor.py:161} INFO - Started process (PID=11927) to work on /home/airflow/.local/lib/python3.12/site-packages/airflow/example_dags/example_task_group_decorator.py
[2024-05-24T07:32:12.544+0000] {processor.py:830} INFO - Processing file /home/airflow/.local/lib/python3.12/site-packages/airflow/example_dags/example_task_group_decorator.py for tasks to queue
[2024-05-24T07:32:12.545+0000] {logging_mixin.py:188} INFO - [2024-05-24T07:32:12.545+0000] {dagbag.py:545} INFO - Filling up the DagBag from /home/airflow/.local/lib/python3.12/site-packages/airflow/example_dags/example_task_group_decorator.py
[2024-05-24T07:32:12.550+0000] {processor.py:840} INFO - DAG(s) 'example_task_group_decorator' retrieved from /home/airflow/.local/lib/python3.12/site-packages/airflow/example_dags/example_task_group_decorator.py
[2024-05-24T07:32:12.560+0000] {logging_mixin.py:188} INFO - [2024-05-24T07:32:12.560+0000] {dag.py:3096} INFO - Sync 1 DAGs
[2024-05-24T07:32:12.568+0000] {logging_mixin.py:188} INFO - [2024-05-24T07:32:12.567+0000] {dag.py:3954} INFO - Setting next_dagrun for example_task_group_decorator to 2024-05-23 00:00:00+00:00, run_after=2024-05-24 00:00:00+00:00
[2024-05-24T07:32:12.574+0000] {processor.py:183} INFO - Processing /home/airflow/.local/lib/python3.12/site-packages/airflow/example_dags/example_task_group_decorator.py took 0.032 seconds
[2024-05-24T07:32:59.299+0000] {processor.py:161} INFO - Started process (PID=12189) to work on /home/airflow/.local/lib/python3.12/site-packages/airflow/example_dags/example_task_group_decorator.py
[2024-05-24T07:32:59.300+0000] {processor.py:830} INFO - Processing file /home/airflow/.local/lib/python3.12/site-packages/airflow/example_dags/example_task_group_decorator.py for tasks to queue
[2024-05-24T07:32:59.301+0000] {logging_mixin.py:188} INFO - [2024-05-24T07:32:59.301+0000] {dagbag.py:545} INFO - Filling up the DagBag from /home/airflow/.local/lib/python3.12/site-packages/airflow/example_dags/example_task_group_decorator.py
[2024-05-24T07:32:59.306+0000] {processor.py:840} INFO - DAG(s) 'example_task_group_decorator' retrieved from /home/airflow/.local/lib/python3.12/site-packages/airflow/example_dags/example_task_group_decorator.py
[2024-05-24T07:32:59.315+0000] {logging_mixin.py:188} INFO - [2024-05-24T07:32:59.315+0000] {dag.py:3096} INFO - Sync 1 DAGs
[2024-05-24T07:32:59.323+0000] {logging_mixin.py:188} INFO - [2024-05-24T07:32:59.323+0000] {dag.py:3954} INFO - Setting next_dagrun for example_task_group_decorator to 2024-05-23 00:00:00+00:00, run_after=2024-05-24 00:00:00+00:00
[2024-05-24T07:32:59.329+0000] {processor.py:183} INFO - Processing /home/airflow/.local/lib/python3.12/site-packages/airflow/example_dags/example_task_group_decorator.py took 0.032 seconds
[2024-05-24T07:33:29.669+0000] {processor.py:161} INFO - Started process (PID=12451) to work on /home/airflow/.local/lib/python3.12/site-packages/airflow/example_dags/example_task_group_decorator.py
[2024-05-24T07:33:29.669+0000] {processor.py:830} INFO - Processing file /home/airflow/.local/lib/python3.12/site-packages/airflow/example_dags/example_task_group_decorator.py for tasks to queue
[2024-05-24T07:33:29.670+0000] {logging_mixin.py:188} INFO - [2024-05-24T07:33:29.670+0000] {dagbag.py:545} INFO - Filling up the DagBag from /home/airflow/.local/lib/python3.12/site-packages/airflow/example_dags/example_task_group_decorator.py
[2024-05-24T07:33:29.675+0000] {processor.py:840} INFO - DAG(s) 'example_task_group_decorator' retrieved from /home/airflow/.local/lib/python3.12/site-packages/airflow/example_dags/example_task_group_decorator.py
[2024-05-24T07:33:29.685+0000] {logging_mixin.py:188} INFO - [2024-05-24T07:33:29.685+0000] {dag.py:3096} INFO - Sync 1 DAGs
[2024-05-24T07:33:29.693+0000] {logging_mixin.py:188} INFO - [2024-05-24T07:33:29.693+0000] {dag.py:3954} INFO - Setting next_dagrun for example_task_group_decorator to 2024-05-23 00:00:00+00:00, run_after=2024-05-24 00:00:00+00:00
[2024-05-24T07:33:29.700+0000] {processor.py:183} INFO - Processing /home/airflow/.local/lib/python3.12/site-packages/airflow/example_dags/example_task_group_decorator.py took 0.033 seconds
[2024-05-24T07:33:59.995+0000] {processor.py:161} INFO - Started process (PID=12713) to work on /home/airflow/.local/lib/python3.12/site-packages/airflow/example_dags/example_task_group_decorator.py
[2024-05-24T07:33:59.995+0000] {processor.py:830} INFO - Processing file /home/airflow/.local/lib/python3.12/site-packages/airflow/example_dags/example_task_group_decorator.py for tasks to queue
[2024-05-24T07:33:59.996+0000] {logging_mixin.py:188} INFO - [2024-05-24T07:33:59.996+0000] {dagbag.py:545} INFO - Filling up the DagBag from /home/airflow/.local/lib/python3.12/site-packages/airflow/example_dags/example_task_group_decorator.py
[2024-05-24T07:34:00.001+0000] {processor.py:840} INFO - DAG(s) 'example_task_group_decorator' retrieved from /home/airflow/.local/lib/python3.12/site-packages/airflow/example_dags/example_task_group_decorator.py
[2024-05-24T07:34:00.010+0000] {logging_mixin.py:188} INFO - [2024-05-24T07:34:00.010+0000] {dag.py:3096} INFO - Sync 1 DAGs
[2024-05-24T07:34:00.018+0000] {logging_mixin.py:188} INFO - [2024-05-24T07:34:00.018+0000] {dag.py:3954} INFO - Setting next_dagrun for example_task_group_decorator to 2024-05-23 00:00:00+00:00, run_after=2024-05-24 00:00:00+00:00
[2024-05-24T07:34:00.024+0000] {processor.py:183} INFO - Processing /home/airflow/.local/lib/python3.12/site-packages/airflow/example_dags/example_task_group_decorator.py took 0.032 seconds
[2024-05-24T07:34:30.495+0000] {processor.py:161} INFO - Started process (PID=12974) to work on /home/airflow/.local/lib/python3.12/site-packages/airflow/example_dags/example_task_group_decorator.py
[2024-05-24T07:34:30.495+0000] {processor.py:830} INFO - Processing file /home/airflow/.local/lib/python3.12/site-packages/airflow/example_dags/example_task_group_decorator.py for tasks to queue
[2024-05-24T07:34:30.496+0000] {logging_mixin.py:188} INFO - [2024-05-24T07:34:30.496+0000] {dagbag.py:545} INFO - Filling up the DagBag from /home/airflow/.local/lib/python3.12/site-packages/airflow/example_dags/example_task_group_decorator.py
[2024-05-24T07:34:30.502+0000] {processor.py:840} INFO - DAG(s) 'example_task_group_decorator' retrieved from /home/airflow/.local/lib/python3.12/site-packages/airflow/example_dags/example_task_group_decorator.py
[2024-05-24T07:34:30.511+0000] {logging_mixin.py:188} INFO - [2024-05-24T07:34:30.510+0000] {dag.py:3096} INFO - Sync 1 DAGs
[2024-05-24T07:34:30.519+0000] {logging_mixin.py:188} INFO - [2024-05-24T07:34:30.518+0000] {dag.py:3954} INFO - Setting next_dagrun for example_task_group_decorator to 2024-05-23 00:00:00+00:00, run_after=2024-05-24 00:00:00+00:00
[2024-05-24T07:34:30.526+0000] {processor.py:183} INFO - Processing /home/airflow/.local/lib/python3.12/site-packages/airflow/example_dags/example_task_group_decorator.py took 0.033 seconds
[2024-05-24T07:35:00.928+0000] {processor.py:161} INFO - Started process (PID=13236) to work on /home/airflow/.local/lib/python3.12/site-packages/airflow/example_dags/example_task_group_decorator.py
[2024-05-24T07:35:00.929+0000] {processor.py:830} INFO - Processing file /home/airflow/.local/lib/python3.12/site-packages/airflow/example_dags/example_task_group_decorator.py for tasks to queue
[2024-05-24T07:35:00.930+0000] {logging_mixin.py:188} INFO - [2024-05-24T07:35:00.929+0000] {dagbag.py:545} INFO - Filling up the DagBag from /home/airflow/.local/lib/python3.12/site-packages/airflow/example_dags/example_task_group_decorator.py
[2024-05-24T07:35:00.935+0000] {processor.py:840} INFO - DAG(s) 'example_task_group_decorator' retrieved from /home/airflow/.local/lib/python3.12/site-packages/airflow/example_dags/example_task_group_decorator.py
[2024-05-24T07:35:00.944+0000] {logging_mixin.py:188} INFO - [2024-05-24T07:35:00.944+0000] {dag.py:3096} INFO - Sync 1 DAGs
[2024-05-24T07:35:00.952+0000] {logging_mixin.py:188} INFO - [2024-05-24T07:35:00.952+0000] {dag.py:3954} INFO - Setting next_dagrun for example_task_group_decorator to 2024-05-23 00:00:00+00:00, run_after=2024-05-24 00:00:00+00:00
[2024-05-24T07:35:00.959+0000] {processor.py:183} INFO - Processing /home/airflow/.local/lib/python3.12/site-packages/airflow/example_dags/example_task_group_decorator.py took 0.033 seconds
[2024-05-24T07:35:31.279+0000] {processor.py:161} INFO - Started process (PID=13498) to work on /home/airflow/.local/lib/python3.12/site-packages/airflow/example_dags/example_task_group_decorator.py
[2024-05-24T07:35:31.280+0000] {processor.py:830} INFO - Processing file /home/airflow/.local/lib/python3.12/site-packages/airflow/example_dags/example_task_group_decorator.py for tasks to queue
[2024-05-24T07:35:31.280+0000] {logging_mixin.py:188} INFO - [2024-05-24T07:35:31.280+0000] {dagbag.py:545} INFO - Filling up the DagBag from /home/airflow/.local/lib/python3.12/site-packages/airflow/example_dags/example_task_group_decorator.py
[2024-05-24T07:35:31.286+0000] {processor.py:840} INFO - DAG(s) 'example_task_group_decorator' retrieved from /home/airflow/.local/lib/python3.12/site-packages/airflow/example_dags/example_task_group_decorator.py
[2024-05-24T07:35:31.295+0000] {logging_mixin.py:188} INFO - [2024-05-24T07:35:31.295+0000] {dag.py:3096} INFO - Sync 1 DAGs
[2024-05-24T07:35:31.303+0000] {logging_mixin.py:188} INFO - [2024-05-24T07:35:31.303+0000] {dag.py:3954} INFO - Setting next_dagrun for example_task_group_decorator to 2024-05-23 00:00:00+00:00, run_after=2024-05-24 00:00:00+00:00
[2024-05-24T07:35:31.309+0000] {processor.py:183} INFO - Processing /home/airflow/.local/lib/python3.12/site-packages/airflow/example_dags/example_task_group_decorator.py took 0.032 seconds
[2024-05-24T07:36:01.627+0000] {processor.py:161} INFO - Started process (PID=13760) to work on /home/airflow/.local/lib/python3.12/site-packages/airflow/example_dags/example_task_group_decorator.py
[2024-05-24T07:36:01.628+0000] {processor.py:830} INFO - Processing file /home/airflow/.local/lib/python3.12/site-packages/airflow/example_dags/example_task_group_decorator.py for tasks to queue
[2024-05-24T07:36:01.628+0000] {logging_mixin.py:188} INFO - [2024-05-24T07:36:01.628+0000] {dagbag.py:545} INFO - Filling up the DagBag from /home/airflow/.local/lib/python3.12/site-packages/airflow/example_dags/example_task_group_decorator.py
[2024-05-24T07:36:01.634+0000] {processor.py:840} INFO - DAG(s) 'example_task_group_decorator' retrieved from /home/airflow/.local/lib/python3.12/site-packages/airflow/example_dags/example_task_group_decorator.py
[2024-05-24T07:36:01.643+0000] {logging_mixin.py:188} INFO - [2024-05-24T07:36:01.643+0000] {dag.py:3096} INFO - Sync 1 DAGs
[2024-05-24T07:36:01.652+0000] {logging_mixin.py:188} INFO - [2024-05-24T07:36:01.652+0000] {dag.py:3954} INFO - Setting next_dagrun for example_task_group_decorator to 2024-05-23 00:00:00+00:00, run_after=2024-05-24 00:00:00+00:00
[2024-05-24T07:36:01.658+0000] {processor.py:183} INFO - Processing /home/airflow/.local/lib/python3.12/site-packages/airflow/example_dags/example_task_group_decorator.py took 0.033 seconds
[2024-05-24T07:36:32.110+0000] {processor.py:161} INFO - Started process (PID=14022) to work on /home/airflow/.local/lib/python3.12/site-packages/airflow/example_dags/example_task_group_decorator.py
[2024-05-24T07:36:32.110+0000] {processor.py:830} INFO - Processing file /home/airflow/.local/lib/python3.12/site-packages/airflow/example_dags/example_task_group_decorator.py for tasks to queue
[2024-05-24T07:36:32.111+0000] {logging_mixin.py:188} INFO - [2024-05-24T07:36:32.111+0000] {dagbag.py:545} INFO - Filling up the DagBag from /home/airflow/.local/lib/python3.12/site-packages/airflow/example_dags/example_task_group_decorator.py
[2024-05-24T07:36:32.116+0000] {processor.py:840} INFO - DAG(s) 'example_task_group_decorator' retrieved from /home/airflow/.local/lib/python3.12/site-packages/airflow/example_dags/example_task_group_decorator.py
[2024-05-24T07:36:32.125+0000] {logging_mixin.py:188} INFO - [2024-05-24T07:36:32.125+0000] {dag.py:3096} INFO - Sync 1 DAGs
[2024-05-24T07:36:32.133+0000] {logging_mixin.py:188} INFO - [2024-05-24T07:36:32.132+0000] {dag.py:3954} INFO - Setting next_dagrun for example_task_group_decorator to 2024-05-23 00:00:00+00:00, run_after=2024-05-24 00:00:00+00:00
[2024-05-24T07:36:32.139+0000] {processor.py:183} INFO - Processing /home/airflow/.local/lib/python3.12/site-packages/airflow/example_dags/example_task_group_decorator.py took 0.032 seconds
[2024-05-24T07:37:02.511+0000] {processor.py:161} INFO - Started process (PID=14286) to work on /home/airflow/.local/lib/python3.12/site-packages/airflow/example_dags/example_task_group_decorator.py
[2024-05-24T07:37:02.511+0000] {processor.py:830} INFO - Processing file /home/airflow/.local/lib/python3.12/site-packages/airflow/example_dags/example_task_group_decorator.py for tasks to queue
[2024-05-24T07:37:02.512+0000] {logging_mixin.py:188} INFO - [2024-05-24T07:37:02.512+0000] {dagbag.py:545} INFO - Filling up the DagBag from /home/airflow/.local/lib/python3.12/site-packages/airflow/example_dags/example_task_group_decorator.py
[2024-05-24T07:37:02.517+0000] {processor.py:840} INFO - DAG(s) 'example_task_group_decorator' retrieved from /home/airflow/.local/lib/python3.12/site-packages/airflow/example_dags/example_task_group_decorator.py
[2024-05-24T07:37:02.526+0000] {logging_mixin.py:188} INFO - [2024-05-24T07:37:02.526+0000] {dag.py:3096} INFO - Sync 1 DAGs
[2024-05-24T07:37:02.534+0000] {logging_mixin.py:188} INFO - [2024-05-24T07:37:02.534+0000] {dag.py:3954} INFO - Setting next_dagrun for example_task_group_decorator to 2024-05-23 00:00:00+00:00, run_after=2024-05-24 00:00:00+00:00
[2024-05-24T07:37:02.541+0000] {processor.py:183} INFO - Processing /home/airflow/.local/lib/python3.12/site-packages/airflow/example_dags/example_task_group_decorator.py took 0.032 seconds
[2024-05-24T07:37:32.949+0000] {processor.py:161} INFO - Started process (PID=14546) to work on /home/airflow/.local/lib/python3.12/site-packages/airflow/example_dags/example_task_group_decorator.py
[2024-05-24T07:37:32.949+0000] {processor.py:830} INFO - Processing file /home/airflow/.local/lib/python3.12/site-packages/airflow/example_dags/example_task_group_decorator.py for tasks to queue
[2024-05-24T07:37:32.950+0000] {logging_mixin.py:188} INFO - [2024-05-24T07:37:32.950+0000] {dagbag.py:545} INFO - Filling up the DagBag from /home/airflow/.local/lib/python3.12/site-packages/airflow/example_dags/example_task_group_decorator.py
[2024-05-24T07:37:32.955+0000] {processor.py:840} INFO - DAG(s) 'example_task_group_decorator' retrieved from /home/airflow/.local/lib/python3.12/site-packages/airflow/example_dags/example_task_group_decorator.py
[2024-05-24T07:37:32.964+0000] {logging_mixin.py:188} INFO - [2024-05-24T07:37:32.964+0000] {dag.py:3096} INFO - Sync 1 DAGs
[2024-05-24T07:37:32.972+0000] {logging_mixin.py:188} INFO - [2024-05-24T07:37:32.972+0000] {dag.py:3954} INFO - Setting next_dagrun for example_task_group_decorator to 2024-05-23 00:00:00+00:00, run_after=2024-05-24 00:00:00+00:00
[2024-05-24T07:37:32.978+0000] {processor.py:183} INFO - Processing /home/airflow/.local/lib/python3.12/site-packages/airflow/example_dags/example_task_group_decorator.py took 0.032 seconds
[2024-05-24T07:38:03.358+0000] {processor.py:161} INFO - Started process (PID=14808) to work on /home/airflow/.local/lib/python3.12/site-packages/airflow/example_dags/example_task_group_decorator.py
[2024-05-24T07:38:03.359+0000] {processor.py:830} INFO - Processing file /home/airflow/.local/lib/python3.12/site-packages/airflow/example_dags/example_task_group_decorator.py for tasks to queue
[2024-05-24T07:38:03.359+0000] {logging_mixin.py:188} INFO - [2024-05-24T07:38:03.359+0000] {dagbag.py:545} INFO - Filling up the DagBag from /home/airflow/.local/lib/python3.12/site-packages/airflow/example_dags/example_task_group_decorator.py
[2024-05-24T07:38:03.365+0000] {processor.py:840} INFO - DAG(s) 'example_task_group_decorator' retrieved from /home/airflow/.local/lib/python3.12/site-packages/airflow/example_dags/example_task_group_decorator.py
[2024-05-24T07:38:03.374+0000] {logging_mixin.py:188} INFO - [2024-05-24T07:38:03.374+0000] {dag.py:3096} INFO - Sync 1 DAGs
[2024-05-24T07:38:03.382+0000] {logging_mixin.py:188} INFO - [2024-05-24T07:38:03.382+0000] {dag.py:3954} INFO - Setting next_dagrun for example_task_group_decorator to 2024-05-23 00:00:00+00:00, run_after=2024-05-24 00:00:00+00:00
[2024-05-24T07:38:03.389+0000] {processor.py:183} INFO - Processing /home/airflow/.local/lib/python3.12/site-packages/airflow/example_dags/example_task_group_decorator.py took 0.033 seconds
[2024-05-24T07:38:33.721+0000] {processor.py:161} INFO - Started process (PID=15070) to work on /home/airflow/.local/lib/python3.12/site-packages/airflow/example_dags/example_task_group_decorator.py
[2024-05-24T07:38:33.722+0000] {processor.py:830} INFO - Processing file /home/airflow/.local/lib/python3.12/site-packages/airflow/example_dags/example_task_group_decorator.py for tasks to queue
[2024-05-24T07:38:33.723+0000] {logging_mixin.py:188} INFO - [2024-05-24T07:38:33.722+0000] {dagbag.py:545} INFO - Filling up the DagBag from /home/airflow/.local/lib/python3.12/site-packages/airflow/example_dags/example_task_group_decorator.py
[2024-05-24T07:38:33.728+0000] {processor.py:840} INFO - DAG(s) 'example_task_group_decorator' retrieved from /home/airflow/.local/lib/python3.12/site-packages/airflow/example_dags/example_task_group_decorator.py
[2024-05-24T07:38:33.738+0000] {logging_mixin.py:188} INFO - [2024-05-24T07:38:33.737+0000] {dag.py:3096} INFO - Sync 1 DAGs
[2024-05-24T07:38:33.746+0000] {logging_mixin.py:188} INFO - [2024-05-24T07:38:33.746+0000] {dag.py:3954} INFO - Setting next_dagrun for example_task_group_decorator to 2024-05-23 00:00:00+00:00, run_after=2024-05-24 00:00:00+00:00
[2024-05-24T07:38:33.752+0000] {processor.py:183} INFO - Processing /home/airflow/.local/lib/python3.12/site-packages/airflow/example_dags/example_task_group_decorator.py took 0.033 seconds
[2024-05-24T07:39:04.082+0000] {processor.py:161} INFO - Started process (PID=15334) to work on /home/airflow/.local/lib/python3.12/site-packages/airflow/example_dags/example_task_group_decorator.py
[2024-05-24T07:39:04.083+0000] {processor.py:830} INFO - Processing file /home/airflow/.local/lib/python3.12/site-packages/airflow/example_dags/example_task_group_decorator.py for tasks to queue
[2024-05-24T07:39:04.083+0000] {logging_mixin.py:188} INFO - [2024-05-24T07:39:04.083+0000] {dagbag.py:545} INFO - Filling up the DagBag from /home/airflow/.local/lib/python3.12/site-packages/airflow/example_dags/example_task_group_decorator.py
[2024-05-24T07:39:04.089+0000] {processor.py:840} INFO - DAG(s) 'example_task_group_decorator' retrieved from /home/airflow/.local/lib/python3.12/site-packages/airflow/example_dags/example_task_group_decorator.py
[2024-05-24T07:39:04.098+0000] {logging_mixin.py:188} INFO - [2024-05-24T07:39:04.098+0000] {dag.py:3096} INFO - Sync 1 DAGs
[2024-05-24T07:39:04.106+0000] {logging_mixin.py:188} INFO - [2024-05-24T07:39:04.106+0000] {dag.py:3954} INFO - Setting next_dagrun for example_task_group_decorator to 2024-05-23 00:00:00+00:00, run_after=2024-05-24 00:00:00+00:00
[2024-05-24T07:39:04.113+0000] {processor.py:183} INFO - Processing /home/airflow/.local/lib/python3.12/site-packages/airflow/example_dags/example_task_group_decorator.py took 0.033 seconds
[2024-05-24T07:39:34.371+0000] {processor.py:161} INFO - Started process (PID=15593) to work on /home/airflow/.local/lib/python3.12/site-packages/airflow/example_dags/example_task_group_decorator.py
[2024-05-24T07:39:34.372+0000] {processor.py:830} INFO - Processing file /home/airflow/.local/lib/python3.12/site-packages/airflow/example_dags/example_task_group_decorator.py for tasks to queue
[2024-05-24T07:39:34.373+0000] {logging_mixin.py:188} INFO - [2024-05-24T07:39:34.372+0000] {dagbag.py:545} INFO - Filling up the DagBag from /home/airflow/.local/lib/python3.12/site-packages/airflow/example_dags/example_task_group_decorator.py
[2024-05-24T07:39:34.378+0000] {processor.py:840} INFO - DAG(s) 'example_task_group_decorator' retrieved from /home/airflow/.local/lib/python3.12/site-packages/airflow/example_dags/example_task_group_decorator.py
[2024-05-24T07:39:34.387+0000] {logging_mixin.py:188} INFO - [2024-05-24T07:39:34.387+0000] {dag.py:3096} INFO - Sync 1 DAGs
[2024-05-24T07:39:34.395+0000] {logging_mixin.py:188} INFO - [2024-05-24T07:39:34.395+0000] {dag.py:3954} INFO - Setting next_dagrun for example_task_group_decorator to 2024-05-23 00:00:00+00:00, run_after=2024-05-24 00:00:00+00:00
[2024-05-24T07:39:34.401+0000] {processor.py:183} INFO - Processing /home/airflow/.local/lib/python3.12/site-packages/airflow/example_dags/example_task_group_decorator.py took 0.033 seconds
[2024-05-24T07:40:04.858+0000] {processor.py:161} INFO - Started process (PID=15855) to work on /home/airflow/.local/lib/python3.12/site-packages/airflow/example_dags/example_task_group_decorator.py
[2024-05-24T07:40:04.859+0000] {processor.py:830} INFO - Processing file /home/airflow/.local/lib/python3.12/site-packages/airflow/example_dags/example_task_group_decorator.py for tasks to queue
[2024-05-24T07:40:04.859+0000] {logging_mixin.py:188} INFO - [2024-05-24T07:40:04.859+0000] {dagbag.py:545} INFO - Filling up the DagBag from /home/airflow/.local/lib/python3.12/site-packages/airflow/example_dags/example_task_group_decorator.py
[2024-05-24T07:40:04.865+0000] {processor.py:840} INFO - DAG(s) 'example_task_group_decorator' retrieved from /home/airflow/.local/lib/python3.12/site-packages/airflow/example_dags/example_task_group_decorator.py
[2024-05-24T07:40:04.874+0000] {logging_mixin.py:188} INFO - [2024-05-24T07:40:04.874+0000] {dag.py:3096} INFO - Sync 1 DAGs
[2024-05-24T07:40:04.881+0000] {logging_mixin.py:188} INFO - [2024-05-24T07:40:04.881+0000] {dag.py:3954} INFO - Setting next_dagrun for example_task_group_decorator to 2024-05-23 00:00:00+00:00, run_after=2024-05-24 00:00:00+00:00
[2024-05-24T07:40:04.888+0000] {processor.py:183} INFO - Processing /home/airflow/.local/lib/python3.12/site-packages/airflow/example_dags/example_task_group_decorator.py took 0.033 seconds
[2024-05-24T07:40:35.318+0000] {processor.py:161} INFO - Started process (PID=16117) to work on /home/airflow/.local/lib/python3.12/site-packages/airflow/example_dags/example_task_group_decorator.py
[2024-05-24T07:40:35.319+0000] {processor.py:830} INFO - Processing file /home/airflow/.local/lib/python3.12/site-packages/airflow/example_dags/example_task_group_decorator.py for tasks to queue
[2024-05-24T07:40:35.320+0000] {logging_mixin.py:188} INFO - [2024-05-24T07:40:35.319+0000] {dagbag.py:545} INFO - Filling up the DagBag from /home/airflow/.local/lib/python3.12/site-packages/airflow/example_dags/example_task_group_decorator.py
[2024-05-24T07:40:35.324+0000] {processor.py:840} INFO - DAG(s) 'example_task_group_decorator' retrieved from /home/airflow/.local/lib/python3.12/site-packages/airflow/example_dags/example_task_group_decorator.py
[2024-05-24T07:40:35.334+0000] {logging_mixin.py:188} INFO - [2024-05-24T07:40:35.334+0000] {dag.py:3096} INFO - Sync 1 DAGs
[2024-05-24T07:40:35.342+0000] {logging_mixin.py:188} INFO - [2024-05-24T07:40:35.341+0000] {dag.py:3954} INFO - Setting next_dagrun for example_task_group_decorator to 2024-05-23 00:00:00+00:00, run_after=2024-05-24 00:00:00+00:00
[2024-05-24T07:40:35.349+0000] {processor.py:183} INFO - Processing /home/airflow/.local/lib/python3.12/site-packages/airflow/example_dags/example_task_group_decorator.py took 0.033 seconds
[2024-05-24T07:41:05.708+0000] {processor.py:161} INFO - Started process (PID=16379) to work on /home/airflow/.local/lib/python3.12/site-packages/airflow/example_dags/example_task_group_decorator.py
[2024-05-24T07:41:05.708+0000] {processor.py:830} INFO - Processing file /home/airflow/.local/lib/python3.12/site-packages/airflow/example_dags/example_task_group_decorator.py for tasks to queue
[2024-05-24T07:41:05.709+0000] {logging_mixin.py:188} INFO - [2024-05-24T07:41:05.709+0000] {dagbag.py:545} INFO - Filling up the DagBag from /home/airflow/.local/lib/python3.12/site-packages/airflow/example_dags/example_task_group_decorator.py
[2024-05-24T07:41:05.715+0000] {processor.py:840} INFO - DAG(s) 'example_task_group_decorator' retrieved from /home/airflow/.local/lib/python3.12/site-packages/airflow/example_dags/example_task_group_decorator.py
[2024-05-24T07:41:05.726+0000] {logging_mixin.py:188} INFO - [2024-05-24T07:41:05.726+0000] {dag.py:3096} INFO - Sync 1 DAGs
[2024-05-24T07:41:05.734+0000] {logging_mixin.py:188} INFO - [2024-05-24T07:41:05.733+0000] {dag.py:3954} INFO - Setting next_dagrun for example_task_group_decorator to 2024-05-23 00:00:00+00:00, run_after=2024-05-24 00:00:00+00:00
[2024-05-24T07:41:05.740+0000] {processor.py:183} INFO - Processing /home/airflow/.local/lib/python3.12/site-packages/airflow/example_dags/example_task_group_decorator.py took 0.034 seconds
[2024-05-24T07:41:36.039+0000] {processor.py:161} INFO - Started process (PID=16641) to work on /home/airflow/.local/lib/python3.12/site-packages/airflow/example_dags/example_task_group_decorator.py
[2024-05-24T07:41:36.040+0000] {processor.py:830} INFO - Processing file /home/airflow/.local/lib/python3.12/site-packages/airflow/example_dags/example_task_group_decorator.py for tasks to queue
[2024-05-24T07:41:36.040+0000] {logging_mixin.py:188} INFO - [2024-05-24T07:41:36.040+0000] {dagbag.py:545} INFO - Filling up the DagBag from /home/airflow/.local/lib/python3.12/site-packages/airflow/example_dags/example_task_group_decorator.py
[2024-05-24T07:41:36.046+0000] {processor.py:840} INFO - DAG(s) 'example_task_group_decorator' retrieved from /home/airflow/.local/lib/python3.12/site-packages/airflow/example_dags/example_task_group_decorator.py
[2024-05-24T07:41:36.055+0000] {logging_mixin.py:188} INFO - [2024-05-24T07:41:36.055+0000] {dag.py:3096} INFO - Sync 1 DAGs
[2024-05-24T07:41:36.063+0000] {logging_mixin.py:188} INFO - [2024-05-24T07:41:36.063+0000] {dag.py:3954} INFO - Setting next_dagrun for example_task_group_decorator to 2024-05-23 00:00:00+00:00, run_after=2024-05-24 00:00:00+00:00
[2024-05-24T07:41:36.070+0000] {processor.py:183} INFO - Processing /home/airflow/.local/lib/python3.12/site-packages/airflow/example_dags/example_task_group_decorator.py took 0.033 seconds
[2024-05-24T07:42:06.378+0000] {processor.py:161} INFO - Started process (PID=16903) to work on /home/airflow/.local/lib/python3.12/site-packages/airflow/example_dags/example_task_group_decorator.py
[2024-05-24T07:42:06.378+0000] {processor.py:830} INFO - Processing file /home/airflow/.local/lib/python3.12/site-packages/airflow/example_dags/example_task_group_decorator.py for tasks to queue
[2024-05-24T07:42:06.379+0000] {logging_mixin.py:188} INFO - [2024-05-24T07:42:06.379+0000] {dagbag.py:545} INFO - Filling up the DagBag from /home/airflow/.local/lib/python3.12/site-packages/airflow/example_dags/example_task_group_decorator.py
[2024-05-24T07:42:06.384+0000] {processor.py:840} INFO - DAG(s) 'example_task_group_decorator' retrieved from /home/airflow/.local/lib/python3.12/site-packages/airflow/example_dags/example_task_group_decorator.py
[2024-05-24T07:42:06.393+0000] {logging_mixin.py:188} INFO - [2024-05-24T07:42:06.393+0000] {dag.py:3096} INFO - Sync 1 DAGs
[2024-05-24T07:42:06.401+0000] {logging_mixin.py:188} INFO - [2024-05-24T07:42:06.401+0000] {dag.py:3954} INFO - Setting next_dagrun for example_task_group_decorator to 2024-05-23 00:00:00+00:00, run_after=2024-05-24 00:00:00+00:00
[2024-05-24T07:42:06.407+0000] {processor.py:183} INFO - Processing /home/airflow/.local/lib/python3.12/site-packages/airflow/example_dags/example_task_group_decorator.py took 0.031 seconds
[2024-05-24T07:42:36.859+0000] {processor.py:161} INFO - Started process (PID=17165) to work on /home/airflow/.local/lib/python3.12/site-packages/airflow/example_dags/example_task_group_decorator.py
[2024-05-24T07:42:36.860+0000] {processor.py:830} INFO - Processing file /home/airflow/.local/lib/python3.12/site-packages/airflow/example_dags/example_task_group_decorator.py for tasks to queue
[2024-05-24T07:42:36.860+0000] {logging_mixin.py:188} INFO - [2024-05-24T07:42:36.860+0000] {dagbag.py:545} INFO - Filling up the DagBag from /home/airflow/.local/lib/python3.12/site-packages/airflow/example_dags/example_task_group_decorator.py
[2024-05-24T07:42:36.866+0000] {processor.py:840} INFO - DAG(s) 'example_task_group_decorator' retrieved from /home/airflow/.local/lib/python3.12/site-packages/airflow/example_dags/example_task_group_decorator.py
[2024-05-24T07:42:36.875+0000] {logging_mixin.py:188} INFO - [2024-05-24T07:42:36.875+0000] {dag.py:3096} INFO - Sync 1 DAGs
[2024-05-24T07:42:36.883+0000] {logging_mixin.py:188} INFO - [2024-05-24T07:42:36.883+0000] {dag.py:3954} INFO - Setting next_dagrun for example_task_group_decorator to 2024-05-23 00:00:00+00:00, run_after=2024-05-24 00:00:00+00:00
[2024-05-24T07:42:36.890+0000] {processor.py:183} INFO - Processing /home/airflow/.local/lib/python3.12/site-packages/airflow/example_dags/example_task_group_decorator.py took 0.033 seconds
[2024-05-24T07:43:07.246+0000] {processor.py:161} INFO - Started process (PID=17427) to work on /home/airflow/.local/lib/python3.12/site-packages/airflow/example_dags/example_task_group_decorator.py
[2024-05-24T07:43:07.247+0000] {processor.py:830} INFO - Processing file /home/airflow/.local/lib/python3.12/site-packages/airflow/example_dags/example_task_group_decorator.py for tasks to queue
[2024-05-24T07:43:07.247+0000] {logging_mixin.py:188} INFO - [2024-05-24T07:43:07.247+0000] {dagbag.py:545} INFO - Filling up the DagBag from /home/airflow/.local/lib/python3.12/site-packages/airflow/example_dags/example_task_group_decorator.py
[2024-05-24T07:43:07.252+0000] {processor.py:840} INFO - DAG(s) 'example_task_group_decorator' retrieved from /home/airflow/.local/lib/python3.12/site-packages/airflow/example_dags/example_task_group_decorator.py
[2024-05-24T07:43:07.261+0000] {logging_mixin.py:188} INFO - [2024-05-24T07:43:07.261+0000] {dag.py:3096} INFO - Sync 1 DAGs
[2024-05-24T07:43:07.271+0000] {logging_mixin.py:188} INFO - [2024-05-24T07:43:07.271+0000] {dag.py:3954} INFO - Setting next_dagrun for example_task_group_decorator to 2024-05-23 00:00:00+00:00, run_after=2024-05-24 00:00:00+00:00
[2024-05-24T07:43:07.279+0000] {processor.py:183} INFO - Processing /home/airflow/.local/lib/python3.12/site-packages/airflow/example_dags/example_task_group_decorator.py took 0.035 seconds
[2024-05-24T07:43:37.583+0000] {processor.py:161} INFO - Started process (PID=17689) to work on /home/airflow/.local/lib/python3.12/site-packages/airflow/example_dags/example_task_group_decorator.py
[2024-05-24T07:43:37.583+0000] {processor.py:830} INFO - Processing file /home/airflow/.local/lib/python3.12/site-packages/airflow/example_dags/example_task_group_decorator.py for tasks to queue
[2024-05-24T07:43:37.584+0000] {logging_mixin.py:188} INFO - [2024-05-24T07:43:37.584+0000] {dagbag.py:545} INFO - Filling up the DagBag from /home/airflow/.local/lib/python3.12/site-packages/airflow/example_dags/example_task_group_decorator.py
[2024-05-24T07:43:37.589+0000] {processor.py:840} INFO - DAG(s) 'example_task_group_decorator' retrieved from /home/airflow/.local/lib/python3.12/site-packages/airflow/example_dags/example_task_group_decorator.py
[2024-05-24T07:43:37.598+0000] {logging_mixin.py:188} INFO - [2024-05-24T07:43:37.598+0000] {dag.py:3096} INFO - Sync 1 DAGs
[2024-05-24T07:43:37.607+0000] {logging_mixin.py:188} INFO - [2024-05-24T07:43:37.607+0000] {dag.py:3954} INFO - Setting next_dagrun for example_task_group_decorator to 2024-05-23 00:00:00+00:00, run_after=2024-05-24 00:00:00+00:00
[2024-05-24T07:43:37.615+0000] {processor.py:183} INFO - Processing /home/airflow/.local/lib/python3.12/site-packages/airflow/example_dags/example_task_group_decorator.py took 0.035 seconds
[2024-05-24T07:44:07.918+0000] {processor.py:161} INFO - Started process (PID=17951) to work on /home/airflow/.local/lib/python3.12/site-packages/airflow/example_dags/example_task_group_decorator.py
[2024-05-24T07:44:07.918+0000] {processor.py:830} INFO - Processing file /home/airflow/.local/lib/python3.12/site-packages/airflow/example_dags/example_task_group_decorator.py for tasks to queue
[2024-05-24T07:44:07.919+0000] {logging_mixin.py:188} INFO - [2024-05-24T07:44:07.919+0000] {dagbag.py:545} INFO - Filling up the DagBag from /home/airflow/.local/lib/python3.12/site-packages/airflow/example_dags/example_task_group_decorator.py
[2024-05-24T07:44:07.924+0000] {processor.py:840} INFO - DAG(s) 'example_task_group_decorator' retrieved from /home/airflow/.local/lib/python3.12/site-packages/airflow/example_dags/example_task_group_decorator.py
[2024-05-24T07:44:07.934+0000] {logging_mixin.py:188} INFO - [2024-05-24T07:44:07.934+0000] {dag.py:3096} INFO - Sync 1 DAGs
[2024-05-24T07:44:07.942+0000] {logging_mixin.py:188} INFO - [2024-05-24T07:44:07.941+0000] {dag.py:3954} INFO - Setting next_dagrun for example_task_group_decorator to 2024-05-23 00:00:00+00:00, run_after=2024-05-24 00:00:00+00:00
[2024-05-24T07:44:07.948+0000] {processor.py:183} INFO - Processing /home/airflow/.local/lib/python3.12/site-packages/airflow/example_dags/example_task_group_decorator.py took 0.032 seconds
[2024-05-24T07:44:38.258+0000] {processor.py:161} INFO - Started process (PID=18213) to work on /home/airflow/.local/lib/python3.12/site-packages/airflow/example_dags/example_task_group_decorator.py
[2024-05-24T07:44:38.259+0000] {processor.py:830} INFO - Processing file /home/airflow/.local/lib/python3.12/site-packages/airflow/example_dags/example_task_group_decorator.py for tasks to queue
[2024-05-24T07:44:38.259+0000] {logging_mixin.py:188} INFO - [2024-05-24T07:44:38.259+0000] {dagbag.py:545} INFO - Filling up the DagBag from /home/airflow/.local/lib/python3.12/site-packages/airflow/example_dags/example_task_group_decorator.py
[2024-05-24T07:44:38.264+0000] {processor.py:840} INFO - DAG(s) 'example_task_group_decorator' retrieved from /home/airflow/.local/lib/python3.12/site-packages/airflow/example_dags/example_task_group_decorator.py
[2024-05-24T07:44:38.273+0000] {logging_mixin.py:188} INFO - [2024-05-24T07:44:38.273+0000] {dag.py:3096} INFO - Sync 1 DAGs
[2024-05-24T07:44:38.281+0000] {logging_mixin.py:188} INFO - [2024-05-24T07:44:38.281+0000] {dag.py:3954} INFO - Setting next_dagrun for example_task_group_decorator to 2024-05-23 00:00:00+00:00, run_after=2024-05-24 00:00:00+00:00
[2024-05-24T07:44:38.287+0000] {processor.py:183} INFO - Processing /home/airflow/.local/lib/python3.12/site-packages/airflow/example_dags/example_task_group_decorator.py took 0.031 seconds
