[2024-05-24T05:45:20.687+0000] {processor.py:161} INFO - Started process (PID=323) to work on /home/airflow/.local/lib/python3.12/site-packages/airflow/example_dags/example_trigger_target_dag.py
[2024-05-24T05:45:20.687+0000] {processor.py:830} INFO - Processing file /home/airflow/.local/lib/python3.12/site-packages/airflow/example_dags/example_trigger_target_dag.py for tasks to queue
[2024-05-24T05:45:20.688+0000] {logging_mixin.py:188} INFO - [2024-05-24T05:45:20.688+0000] {dagbag.py:545} INFO - Filling up the DagBag from /home/airflow/.local/lib/python3.12/site-packages/airflow/example_dags/example_trigger_target_dag.py
[2024-05-24T05:45:20.692+0000] {processor.py:840} INFO - DAG(s) 'example_trigger_target_dag' retrieved from /home/airflow/.local/lib/python3.12/site-packages/airflow/example_dags/example_trigger_target_dag.py
[2024-05-24T05:45:20.697+0000] {logging_mixin.py:188} INFO - [2024-05-24T05:45:20.696+0000] {dag.py:3096} INFO - Sync 1 DAGs
[2024-05-24T05:45:20.702+0000] {logging_mixin.py:188} INFO - [2024-05-24T05:45:20.702+0000] {dag.py:3954} INFO - Setting next_dagrun for example_trigger_target_dag to None, run_after=None
[2024-05-24T05:45:20.708+0000] {processor.py:183} INFO - Processing /home/airflow/.local/lib/python3.12/site-packages/airflow/example_dags/example_trigger_target_dag.py took 0.024 seconds
[2024-05-24T05:45:51.172+0000] {processor.py:161} INFO - Started process (PID=583) to work on /home/airflow/.local/lib/python3.12/site-packages/airflow/example_dags/example_trigger_target_dag.py
[2024-05-24T05:45:51.172+0000] {processor.py:830} INFO - Processing file /home/airflow/.local/lib/python3.12/site-packages/airflow/example_dags/example_trigger_target_dag.py for tasks to queue
[2024-05-24T05:45:51.173+0000] {logging_mixin.py:188} INFO - [2024-05-24T05:45:51.173+0000] {dagbag.py:545} INFO - Filling up the DagBag from /home/airflow/.local/lib/python3.12/site-packages/airflow/example_dags/example_trigger_target_dag.py
[2024-05-24T05:45:51.175+0000] {processor.py:840} INFO - DAG(s) 'example_trigger_target_dag' retrieved from /home/airflow/.local/lib/python3.12/site-packages/airflow/example_dags/example_trigger_target_dag.py
[2024-05-24T05:45:51.212+0000] {logging_mixin.py:188} INFO - [2024-05-24T05:45:51.212+0000] {dag.py:3096} INFO - Sync 1 DAGs
[2024-05-24T05:45:51.216+0000] {logging_mixin.py:188} INFO - [2024-05-24T05:45:51.216+0000] {dag.py:3954} INFO - Setting next_dagrun for example_trigger_target_dag to None, run_after=None
[2024-05-24T05:45:51.222+0000] {processor.py:183} INFO - Processing /home/airflow/.local/lib/python3.12/site-packages/airflow/example_dags/example_trigger_target_dag.py took 0.053 seconds
[2024-05-24T05:46:21.877+0000] {processor.py:161} INFO - Started process (PID=845) to work on /home/airflow/.local/lib/python3.12/site-packages/airflow/example_dags/example_trigger_target_dag.py
[2024-05-24T05:46:21.877+0000] {processor.py:830} INFO - Processing file /home/airflow/.local/lib/python3.12/site-packages/airflow/example_dags/example_trigger_target_dag.py for tasks to queue
[2024-05-24T05:46:21.878+0000] {logging_mixin.py:188} INFO - [2024-05-24T05:46:21.878+0000] {dagbag.py:545} INFO - Filling up the DagBag from /home/airflow/.local/lib/python3.12/site-packages/airflow/example_dags/example_trigger_target_dag.py
[2024-05-24T05:46:21.880+0000] {processor.py:840} INFO - DAG(s) 'example_trigger_target_dag' retrieved from /home/airflow/.local/lib/python3.12/site-packages/airflow/example_dags/example_trigger_target_dag.py
[2024-05-24T05:46:21.888+0000] {logging_mixin.py:188} INFO - [2024-05-24T05:46:21.888+0000] {dag.py:3096} INFO - Sync 1 DAGs
[2024-05-24T05:46:21.893+0000] {logging_mixin.py:188} INFO - [2024-05-24T05:46:21.893+0000] {dag.py:3954} INFO - Setting next_dagrun for example_trigger_target_dag to None, run_after=None
[2024-05-24T05:46:21.899+0000] {processor.py:183} INFO - Processing /home/airflow/.local/lib/python3.12/site-packages/airflow/example_dags/example_trigger_target_dag.py took 0.025 seconds
[2024-05-24T05:46:52.190+0000] {processor.py:161} INFO - Started process (PID=1107) to work on /home/airflow/.local/lib/python3.12/site-packages/airflow/example_dags/example_trigger_target_dag.py
[2024-05-24T05:46:52.190+0000] {processor.py:830} INFO - Processing file /home/airflow/.local/lib/python3.12/site-packages/airflow/example_dags/example_trigger_target_dag.py for tasks to queue
[2024-05-24T05:46:52.191+0000] {logging_mixin.py:188} INFO - [2024-05-24T05:46:52.191+0000] {dagbag.py:545} INFO - Filling up the DagBag from /home/airflow/.local/lib/python3.12/site-packages/airflow/example_dags/example_trigger_target_dag.py
[2024-05-24T05:46:52.194+0000] {processor.py:840} INFO - DAG(s) 'example_trigger_target_dag' retrieved from /home/airflow/.local/lib/python3.12/site-packages/airflow/example_dags/example_trigger_target_dag.py
[2024-05-24T05:46:52.201+0000] {logging_mixin.py:188} INFO - [2024-05-24T05:46:52.201+0000] {dag.py:3096} INFO - Sync 1 DAGs
[2024-05-24T05:46:52.206+0000] {logging_mixin.py:188} INFO - [2024-05-24T05:46:52.206+0000] {dag.py:3954} INFO - Setting next_dagrun for example_trigger_target_dag to None, run_after=None
[2024-05-24T05:46:52.212+0000] {processor.py:183} INFO - Processing /home/airflow/.local/lib/python3.12/site-packages/airflow/example_dags/example_trigger_target_dag.py took 0.025 seconds
[2024-05-24T05:47:22.516+0000] {processor.py:161} INFO - Started process (PID=1369) to work on /home/airflow/.local/lib/python3.12/site-packages/airflow/example_dags/example_trigger_target_dag.py
[2024-05-24T05:47:22.516+0000] {processor.py:830} INFO - Processing file /home/airflow/.local/lib/python3.12/site-packages/airflow/example_dags/example_trigger_target_dag.py for tasks to queue
[2024-05-24T05:47:22.517+0000] {logging_mixin.py:188} INFO - [2024-05-24T05:47:22.517+0000] {dagbag.py:545} INFO - Filling up the DagBag from /home/airflow/.local/lib/python3.12/site-packages/airflow/example_dags/example_trigger_target_dag.py
[2024-05-24T05:47:22.520+0000] {processor.py:840} INFO - DAG(s) 'example_trigger_target_dag' retrieved from /home/airflow/.local/lib/python3.12/site-packages/airflow/example_dags/example_trigger_target_dag.py
[2024-05-24T05:47:22.528+0000] {logging_mixin.py:188} INFO - [2024-05-24T05:47:22.528+0000] {dag.py:3096} INFO - Sync 1 DAGs
[2024-05-24T05:47:22.533+0000] {logging_mixin.py:188} INFO - [2024-05-24T05:47:22.533+0000] {dag.py:3954} INFO - Setting next_dagrun for example_trigger_target_dag to None, run_after=None
[2024-05-24T05:47:22.539+0000] {processor.py:183} INFO - Processing /home/airflow/.local/lib/python3.12/site-packages/airflow/example_dags/example_trigger_target_dag.py took 0.025 seconds
[2024-05-24T05:47:52.890+0000] {processor.py:161} INFO - Started process (PID=1631) to work on /home/airflow/.local/lib/python3.12/site-packages/airflow/example_dags/example_trigger_target_dag.py
[2024-05-24T05:47:52.890+0000] {processor.py:830} INFO - Processing file /home/airflow/.local/lib/python3.12/site-packages/airflow/example_dags/example_trigger_target_dag.py for tasks to queue
[2024-05-24T05:47:52.891+0000] {logging_mixin.py:188} INFO - [2024-05-24T05:47:52.891+0000] {dagbag.py:545} INFO - Filling up the DagBag from /home/airflow/.local/lib/python3.12/site-packages/airflow/example_dags/example_trigger_target_dag.py
[2024-05-24T05:47:52.893+0000] {processor.py:840} INFO - DAG(s) 'example_trigger_target_dag' retrieved from /home/airflow/.local/lib/python3.12/site-packages/airflow/example_dags/example_trigger_target_dag.py
[2024-05-24T05:47:52.900+0000] {logging_mixin.py:188} INFO - [2024-05-24T05:47:52.900+0000] {dag.py:3096} INFO - Sync 1 DAGs
[2024-05-24T05:47:52.905+0000] {logging_mixin.py:188} INFO - [2024-05-24T05:47:52.904+0000] {dag.py:3954} INFO - Setting next_dagrun for example_trigger_target_dag to None, run_after=None
[2024-05-24T05:47:52.911+0000] {processor.py:183} INFO - Processing /home/airflow/.local/lib/python3.12/site-packages/airflow/example_dags/example_trigger_target_dag.py took 0.023 seconds
[2024-05-24T05:48:23.238+0000] {processor.py:161} INFO - Started process (PID=1893) to work on /home/airflow/.local/lib/python3.12/site-packages/airflow/example_dags/example_trigger_target_dag.py
[2024-05-24T05:48:23.239+0000] {processor.py:830} INFO - Processing file /home/airflow/.local/lib/python3.12/site-packages/airflow/example_dags/example_trigger_target_dag.py for tasks to queue
[2024-05-24T05:48:23.240+0000] {logging_mixin.py:188} INFO - [2024-05-24T05:48:23.239+0000] {dagbag.py:545} INFO - Filling up the DagBag from /home/airflow/.local/lib/python3.12/site-packages/airflow/example_dags/example_trigger_target_dag.py
[2024-05-24T05:48:23.242+0000] {processor.py:840} INFO - DAG(s) 'example_trigger_target_dag' retrieved from /home/airflow/.local/lib/python3.12/site-packages/airflow/example_dags/example_trigger_target_dag.py
[2024-05-24T05:48:23.249+0000] {logging_mixin.py:188} INFO - [2024-05-24T05:48:23.249+0000] {dag.py:3096} INFO - Sync 1 DAGs
[2024-05-24T05:48:23.253+0000] {logging_mixin.py:188} INFO - [2024-05-24T05:48:23.253+0000] {dag.py:3954} INFO - Setting next_dagrun for example_trigger_target_dag to None, run_after=None
[2024-05-24T05:48:23.260+0000] {processor.py:183} INFO - Processing /home/airflow/.local/lib/python3.12/site-packages/airflow/example_dags/example_trigger_target_dag.py took 0.023 seconds
[2024-05-24T05:48:53.548+0000] {processor.py:161} INFO - Started process (PID=2155) to work on /home/airflow/.local/lib/python3.12/site-packages/airflow/example_dags/example_trigger_target_dag.py
[2024-05-24T05:48:53.548+0000] {processor.py:830} INFO - Processing file /home/airflow/.local/lib/python3.12/site-packages/airflow/example_dags/example_trigger_target_dag.py for tasks to queue
[2024-05-24T05:48:53.549+0000] {logging_mixin.py:188} INFO - [2024-05-24T05:48:53.549+0000] {dagbag.py:545} INFO - Filling up the DagBag from /home/airflow/.local/lib/python3.12/site-packages/airflow/example_dags/example_trigger_target_dag.py
[2024-05-24T05:48:53.552+0000] {processor.py:840} INFO - DAG(s) 'example_trigger_target_dag' retrieved from /home/airflow/.local/lib/python3.12/site-packages/airflow/example_dags/example_trigger_target_dag.py
[2024-05-24T05:48:53.559+0000] {logging_mixin.py:188} INFO - [2024-05-24T05:48:53.559+0000] {dag.py:3096} INFO - Sync 1 DAGs
[2024-05-24T05:48:53.564+0000] {logging_mixin.py:188} INFO - [2024-05-24T05:48:53.564+0000] {dag.py:3954} INFO - Setting next_dagrun for example_trigger_target_dag to None, run_after=None
[2024-05-24T05:48:53.571+0000] {processor.py:183} INFO - Processing /home/airflow/.local/lib/python3.12/site-packages/airflow/example_dags/example_trigger_target_dag.py took 0.025 seconds
[2024-05-24T05:49:23.871+0000] {processor.py:161} INFO - Started process (PID=2417) to work on /home/airflow/.local/lib/python3.12/site-packages/airflow/example_dags/example_trigger_target_dag.py
[2024-05-24T05:49:23.872+0000] {processor.py:830} INFO - Processing file /home/airflow/.local/lib/python3.12/site-packages/airflow/example_dags/example_trigger_target_dag.py for tasks to queue
[2024-05-24T05:49:23.872+0000] {logging_mixin.py:188} INFO - [2024-05-24T05:49:23.872+0000] {dagbag.py:545} INFO - Filling up the DagBag from /home/airflow/.local/lib/python3.12/site-packages/airflow/example_dags/example_trigger_target_dag.py
[2024-05-24T05:49:23.875+0000] {processor.py:840} INFO - DAG(s) 'example_trigger_target_dag' retrieved from /home/airflow/.local/lib/python3.12/site-packages/airflow/example_dags/example_trigger_target_dag.py
[2024-05-24T05:49:23.882+0000] {logging_mixin.py:188} INFO - [2024-05-24T05:49:23.882+0000] {dag.py:3096} INFO - Sync 1 DAGs
[2024-05-24T05:49:23.887+0000] {logging_mixin.py:188} INFO - [2024-05-24T05:49:23.887+0000] {dag.py:3954} INFO - Setting next_dagrun for example_trigger_target_dag to None, run_after=None
[2024-05-24T05:49:23.893+0000] {processor.py:183} INFO - Processing /home/airflow/.local/lib/python3.12/site-packages/airflow/example_dags/example_trigger_target_dag.py took 0.024 seconds
[2024-05-24T05:49:54.157+0000] {processor.py:161} INFO - Started process (PID=2679) to work on /home/airflow/.local/lib/python3.12/site-packages/airflow/example_dags/example_trigger_target_dag.py
[2024-05-24T05:49:54.158+0000] {processor.py:830} INFO - Processing file /home/airflow/.local/lib/python3.12/site-packages/airflow/example_dags/example_trigger_target_dag.py for tasks to queue
[2024-05-24T05:49:54.158+0000] {logging_mixin.py:188} INFO - [2024-05-24T05:49:54.158+0000] {dagbag.py:545} INFO - Filling up the DagBag from /home/airflow/.local/lib/python3.12/site-packages/airflow/example_dags/example_trigger_target_dag.py
[2024-05-24T05:49:54.161+0000] {processor.py:840} INFO - DAG(s) 'example_trigger_target_dag' retrieved from /home/airflow/.local/lib/python3.12/site-packages/airflow/example_dags/example_trigger_target_dag.py
[2024-05-24T05:49:54.169+0000] {logging_mixin.py:188} INFO - [2024-05-24T05:49:54.169+0000] {dag.py:3096} INFO - Sync 1 DAGs
[2024-05-24T05:49:54.174+0000] {logging_mixin.py:188} INFO - [2024-05-24T05:49:54.174+0000] {dag.py:3954} INFO - Setting next_dagrun for example_trigger_target_dag to None, run_after=None
[2024-05-24T05:49:54.181+0000] {processor.py:183} INFO - Processing /home/airflow/.local/lib/python3.12/site-packages/airflow/example_dags/example_trigger_target_dag.py took 0.026 seconds
[2024-05-24T05:50:24.585+0000] {processor.py:161} INFO - Started process (PID=2941) to work on /home/airflow/.local/lib/python3.12/site-packages/airflow/example_dags/example_trigger_target_dag.py
[2024-05-24T05:50:24.585+0000] {processor.py:830} INFO - Processing file /home/airflow/.local/lib/python3.12/site-packages/airflow/example_dags/example_trigger_target_dag.py for tasks to queue
[2024-05-24T05:50:24.586+0000] {logging_mixin.py:188} INFO - [2024-05-24T05:50:24.586+0000] {dagbag.py:545} INFO - Filling up the DagBag from /home/airflow/.local/lib/python3.12/site-packages/airflow/example_dags/example_trigger_target_dag.py
[2024-05-24T05:50:24.589+0000] {processor.py:840} INFO - DAG(s) 'example_trigger_target_dag' retrieved from /home/airflow/.local/lib/python3.12/site-packages/airflow/example_dags/example_trigger_target_dag.py
[2024-05-24T05:50:24.597+0000] {logging_mixin.py:188} INFO - [2024-05-24T05:50:24.597+0000] {dag.py:3096} INFO - Sync 1 DAGs
[2024-05-24T05:50:24.602+0000] {logging_mixin.py:188} INFO - [2024-05-24T05:50:24.602+0000] {dag.py:3954} INFO - Setting next_dagrun for example_trigger_target_dag to None, run_after=None
[2024-05-24T05:50:24.609+0000] {processor.py:183} INFO - Processing /home/airflow/.local/lib/python3.12/site-packages/airflow/example_dags/example_trigger_target_dag.py took 0.027 seconds
[2024-05-24T05:50:54.885+0000] {processor.py:161} INFO - Started process (PID=3203) to work on /home/airflow/.local/lib/python3.12/site-packages/airflow/example_dags/example_trigger_target_dag.py
[2024-05-24T05:50:54.886+0000] {processor.py:830} INFO - Processing file /home/airflow/.local/lib/python3.12/site-packages/airflow/example_dags/example_trigger_target_dag.py for tasks to queue
[2024-05-24T05:50:54.886+0000] {logging_mixin.py:188} INFO - [2024-05-24T05:50:54.886+0000] {dagbag.py:545} INFO - Filling up the DagBag from /home/airflow/.local/lib/python3.12/site-packages/airflow/example_dags/example_trigger_target_dag.py
[2024-05-24T05:50:54.889+0000] {processor.py:840} INFO - DAG(s) 'example_trigger_target_dag' retrieved from /home/airflow/.local/lib/python3.12/site-packages/airflow/example_dags/example_trigger_target_dag.py
[2024-05-24T05:50:54.898+0000] {logging_mixin.py:188} INFO - [2024-05-24T05:50:54.897+0000] {dag.py:3096} INFO - Sync 1 DAGs
[2024-05-24T05:50:54.903+0000] {logging_mixin.py:188} INFO - [2024-05-24T05:50:54.903+0000] {dag.py:3954} INFO - Setting next_dagrun for example_trigger_target_dag to None, run_after=None
[2024-05-24T05:50:54.914+0000] {processor.py:183} INFO - Processing /home/airflow/.local/lib/python3.12/site-packages/airflow/example_dags/example_trigger_target_dag.py took 0.031 seconds
[2024-05-24T05:51:25.232+0000] {processor.py:161} INFO - Started process (PID=3465) to work on /home/airflow/.local/lib/python3.12/site-packages/airflow/example_dags/example_trigger_target_dag.py
[2024-05-24T05:51:25.233+0000] {processor.py:830} INFO - Processing file /home/airflow/.local/lib/python3.12/site-packages/airflow/example_dags/example_trigger_target_dag.py for tasks to queue
[2024-05-24T05:51:25.233+0000] {logging_mixin.py:188} INFO - [2024-05-24T05:51:25.233+0000] {dagbag.py:545} INFO - Filling up the DagBag from /home/airflow/.local/lib/python3.12/site-packages/airflow/example_dags/example_trigger_target_dag.py
[2024-05-24T05:51:25.236+0000] {processor.py:840} INFO - DAG(s) 'example_trigger_target_dag' retrieved from /home/airflow/.local/lib/python3.12/site-packages/airflow/example_dags/example_trigger_target_dag.py
[2024-05-24T05:51:25.243+0000] {logging_mixin.py:188} INFO - [2024-05-24T05:51:25.243+0000] {dag.py:3096} INFO - Sync 1 DAGs
[2024-05-24T05:51:25.248+0000] {logging_mixin.py:188} INFO - [2024-05-24T05:51:25.248+0000] {dag.py:3954} INFO - Setting next_dagrun for example_trigger_target_dag to None, run_after=None
[2024-05-24T05:51:25.255+0000] {processor.py:183} INFO - Processing /home/airflow/.local/lib/python3.12/site-packages/airflow/example_dags/example_trigger_target_dag.py took 0.025 seconds
[2024-05-24T05:51:55.525+0000] {processor.py:161} INFO - Started process (PID=3727) to work on /home/airflow/.local/lib/python3.12/site-packages/airflow/example_dags/example_trigger_target_dag.py
[2024-05-24T05:51:55.525+0000] {processor.py:830} INFO - Processing file /home/airflow/.local/lib/python3.12/site-packages/airflow/example_dags/example_trigger_target_dag.py for tasks to queue
[2024-05-24T05:51:55.526+0000] {logging_mixin.py:188} INFO - [2024-05-24T05:51:55.526+0000] {dagbag.py:545} INFO - Filling up the DagBag from /home/airflow/.local/lib/python3.12/site-packages/airflow/example_dags/example_trigger_target_dag.py
[2024-05-24T05:51:55.528+0000] {processor.py:840} INFO - DAG(s) 'example_trigger_target_dag' retrieved from /home/airflow/.local/lib/python3.12/site-packages/airflow/example_dags/example_trigger_target_dag.py
[2024-05-24T05:51:55.535+0000] {logging_mixin.py:188} INFO - [2024-05-24T05:51:55.535+0000] {dag.py:3096} INFO - Sync 1 DAGs
[2024-05-24T05:51:55.540+0000] {logging_mixin.py:188} INFO - [2024-05-24T05:51:55.540+0000] {dag.py:3954} INFO - Setting next_dagrun for example_trigger_target_dag to None, run_after=None
[2024-05-24T05:51:55.546+0000] {processor.py:183} INFO - Processing /home/airflow/.local/lib/python3.12/site-packages/airflow/example_dags/example_trigger_target_dag.py took 0.024 seconds
[2024-05-24T05:52:25.828+0000] {processor.py:161} INFO - Started process (PID=3989) to work on /home/airflow/.local/lib/python3.12/site-packages/airflow/example_dags/example_trigger_target_dag.py
[2024-05-24T05:52:25.828+0000] {processor.py:830} INFO - Processing file /home/airflow/.local/lib/python3.12/site-packages/airflow/example_dags/example_trigger_target_dag.py for tasks to queue
[2024-05-24T05:52:25.829+0000] {logging_mixin.py:188} INFO - [2024-05-24T05:52:25.829+0000] {dagbag.py:545} INFO - Filling up the DagBag from /home/airflow/.local/lib/python3.12/site-packages/airflow/example_dags/example_trigger_target_dag.py
[2024-05-24T05:52:25.831+0000] {processor.py:840} INFO - DAG(s) 'example_trigger_target_dag' retrieved from /home/airflow/.local/lib/python3.12/site-packages/airflow/example_dags/example_trigger_target_dag.py
[2024-05-24T05:52:25.839+0000] {logging_mixin.py:188} INFO - [2024-05-24T05:52:25.839+0000] {dag.py:3096} INFO - Sync 1 DAGs
[2024-05-24T05:52:25.844+0000] {logging_mixin.py:188} INFO - [2024-05-24T05:52:25.843+0000] {dag.py:3954} INFO - Setting next_dagrun for example_trigger_target_dag to None, run_after=None
[2024-05-24T05:52:25.850+0000] {processor.py:183} INFO - Processing /home/airflow/.local/lib/python3.12/site-packages/airflow/example_dags/example_trigger_target_dag.py took 0.025 seconds
[2024-05-24T05:52:56.123+0000] {processor.py:161} INFO - Started process (PID=4251) to work on /home/airflow/.local/lib/python3.12/site-packages/airflow/example_dags/example_trigger_target_dag.py
[2024-05-24T05:52:56.124+0000] {processor.py:830} INFO - Processing file /home/airflow/.local/lib/python3.12/site-packages/airflow/example_dags/example_trigger_target_dag.py for tasks to queue
[2024-05-24T05:52:56.124+0000] {logging_mixin.py:188} INFO - [2024-05-24T05:52:56.124+0000] {dagbag.py:545} INFO - Filling up the DagBag from /home/airflow/.local/lib/python3.12/site-packages/airflow/example_dags/example_trigger_target_dag.py
[2024-05-24T05:52:56.126+0000] {processor.py:840} INFO - DAG(s) 'example_trigger_target_dag' retrieved from /home/airflow/.local/lib/python3.12/site-packages/airflow/example_dags/example_trigger_target_dag.py
[2024-05-24T05:52:56.133+0000] {logging_mixin.py:188} INFO - [2024-05-24T05:52:56.133+0000] {dag.py:3096} INFO - Sync 1 DAGs
[2024-05-24T05:52:56.137+0000] {logging_mixin.py:188} INFO - [2024-05-24T05:52:56.137+0000] {dag.py:3954} INFO - Setting next_dagrun for example_trigger_target_dag to None, run_after=None
[2024-05-24T05:52:56.144+0000] {processor.py:183} INFO - Processing /home/airflow/.local/lib/python3.12/site-packages/airflow/example_dags/example_trigger_target_dag.py took 0.023 seconds
[2024-05-24T05:53:26.568+0000] {processor.py:161} INFO - Started process (PID=4513) to work on /home/airflow/.local/lib/python3.12/site-packages/airflow/example_dags/example_trigger_target_dag.py
[2024-05-24T05:53:26.569+0000] {processor.py:830} INFO - Processing file /home/airflow/.local/lib/python3.12/site-packages/airflow/example_dags/example_trigger_target_dag.py for tasks to queue
[2024-05-24T05:53:26.569+0000] {logging_mixin.py:188} INFO - [2024-05-24T05:53:26.569+0000] {dagbag.py:545} INFO - Filling up the DagBag from /home/airflow/.local/lib/python3.12/site-packages/airflow/example_dags/example_trigger_target_dag.py
[2024-05-24T05:53:26.571+0000] {processor.py:840} INFO - DAG(s) 'example_trigger_target_dag' retrieved from /home/airflow/.local/lib/python3.12/site-packages/airflow/example_dags/example_trigger_target_dag.py
[2024-05-24T05:53:26.579+0000] {logging_mixin.py:188} INFO - [2024-05-24T05:53:26.578+0000] {dag.py:3096} INFO - Sync 1 DAGs
[2024-05-24T05:53:26.583+0000] {logging_mixin.py:188} INFO - [2024-05-24T05:53:26.583+0000] {dag.py:3954} INFO - Setting next_dagrun for example_trigger_target_dag to None, run_after=None
[2024-05-24T05:53:26.590+0000] {processor.py:183} INFO - Processing /home/airflow/.local/lib/python3.12/site-packages/airflow/example_dags/example_trigger_target_dag.py took 0.024 seconds
[2024-05-24T05:53:56.984+0000] {processor.py:161} INFO - Started process (PID=4800) to work on /home/airflow/.local/lib/python3.12/site-packages/airflow/example_dags/example_trigger_target_dag.py
[2024-05-24T05:53:56.984+0000] {processor.py:830} INFO - Processing file /home/airflow/.local/lib/python3.12/site-packages/airflow/example_dags/example_trigger_target_dag.py for tasks to queue
[2024-05-24T05:53:56.985+0000] {logging_mixin.py:188} INFO - [2024-05-24T05:53:56.985+0000] {dagbag.py:545} INFO - Filling up the DagBag from /home/airflow/.local/lib/python3.12/site-packages/airflow/example_dags/example_trigger_target_dag.py
[2024-05-24T05:53:56.987+0000] {processor.py:840} INFO - DAG(s) 'example_trigger_target_dag' retrieved from /home/airflow/.local/lib/python3.12/site-packages/airflow/example_dags/example_trigger_target_dag.py
[2024-05-24T05:53:56.995+0000] {logging_mixin.py:188} INFO - [2024-05-24T05:53:56.995+0000] {dag.py:3096} INFO - Sync 1 DAGs
[2024-05-24T05:53:57.000+0000] {logging_mixin.py:188} INFO - [2024-05-24T05:53:56.999+0000] {dag.py:3954} INFO - Setting next_dagrun for example_trigger_target_dag to None, run_after=None
[2024-05-24T05:53:57.006+0000] {processor.py:183} INFO - Processing /home/airflow/.local/lib/python3.12/site-packages/airflow/example_dags/example_trigger_target_dag.py took 0.024 seconds
[2024-05-24T05:54:27.318+0000] {processor.py:161} INFO - Started process (PID=5062) to work on /home/airflow/.local/lib/python3.12/site-packages/airflow/example_dags/example_trigger_target_dag.py
[2024-05-24T05:54:27.318+0000] {processor.py:830} INFO - Processing file /home/airflow/.local/lib/python3.12/site-packages/airflow/example_dags/example_trigger_target_dag.py for tasks to queue
[2024-05-24T05:54:27.319+0000] {logging_mixin.py:188} INFO - [2024-05-24T05:54:27.319+0000] {dagbag.py:545} INFO - Filling up the DagBag from /home/airflow/.local/lib/python3.12/site-packages/airflow/example_dags/example_trigger_target_dag.py
[2024-05-24T05:54:27.321+0000] {processor.py:840} INFO - DAG(s) 'example_trigger_target_dag' retrieved from /home/airflow/.local/lib/python3.12/site-packages/airflow/example_dags/example_trigger_target_dag.py
[2024-05-24T05:54:27.329+0000] {logging_mixin.py:188} INFO - [2024-05-24T05:54:27.329+0000] {dag.py:3096} INFO - Sync 1 DAGs
[2024-05-24T05:54:27.334+0000] {logging_mixin.py:188} INFO - [2024-05-24T05:54:27.334+0000] {dag.py:3954} INFO - Setting next_dagrun for example_trigger_target_dag to None, run_after=None
[2024-05-24T05:54:27.341+0000] {processor.py:183} INFO - Processing /home/airflow/.local/lib/python3.12/site-packages/airflow/example_dags/example_trigger_target_dag.py took 0.025 seconds
[2024-05-24T05:54:57.616+0000] {processor.py:161} INFO - Started process (PID=5324) to work on /home/airflow/.local/lib/python3.12/site-packages/airflow/example_dags/example_trigger_target_dag.py
[2024-05-24T05:54:57.616+0000] {processor.py:830} INFO - Processing file /home/airflow/.local/lib/python3.12/site-packages/airflow/example_dags/example_trigger_target_dag.py for tasks to queue
[2024-05-24T05:54:57.617+0000] {logging_mixin.py:188} INFO - [2024-05-24T05:54:57.617+0000] {dagbag.py:545} INFO - Filling up the DagBag from /home/airflow/.local/lib/python3.12/site-packages/airflow/example_dags/example_trigger_target_dag.py
[2024-05-24T05:54:57.619+0000] {processor.py:840} INFO - DAG(s) 'example_trigger_target_dag' retrieved from /home/airflow/.local/lib/python3.12/site-packages/airflow/example_dags/example_trigger_target_dag.py
[2024-05-24T05:54:57.627+0000] {logging_mixin.py:188} INFO - [2024-05-24T05:54:57.627+0000] {dag.py:3096} INFO - Sync 1 DAGs
[2024-05-24T05:54:57.632+0000] {logging_mixin.py:188} INFO - [2024-05-24T05:54:57.632+0000] {dag.py:3954} INFO - Setting next_dagrun for example_trigger_target_dag to None, run_after=None
[2024-05-24T05:54:57.638+0000] {processor.py:183} INFO - Processing /home/airflow/.local/lib/python3.12/site-packages/airflow/example_dags/example_trigger_target_dag.py took 0.024 seconds
[2024-05-24T05:55:27.993+0000] {processor.py:161} INFO - Started process (PID=5586) to work on /home/airflow/.local/lib/python3.12/site-packages/airflow/example_dags/example_trigger_target_dag.py
[2024-05-24T05:55:27.993+0000] {processor.py:830} INFO - Processing file /home/airflow/.local/lib/python3.12/site-packages/airflow/example_dags/example_trigger_target_dag.py for tasks to queue
[2024-05-24T05:55:27.994+0000] {logging_mixin.py:188} INFO - [2024-05-24T05:55:27.994+0000] {dagbag.py:545} INFO - Filling up the DagBag from /home/airflow/.local/lib/python3.12/site-packages/airflow/example_dags/example_trigger_target_dag.py
[2024-05-24T05:55:27.996+0000] {processor.py:840} INFO - DAG(s) 'example_trigger_target_dag' retrieved from /home/airflow/.local/lib/python3.12/site-packages/airflow/example_dags/example_trigger_target_dag.py
[2024-05-24T05:55:28.004+0000] {logging_mixin.py:188} INFO - [2024-05-24T05:55:28.004+0000] {dag.py:3096} INFO - Sync 1 DAGs
[2024-05-24T05:55:28.009+0000] {logging_mixin.py:188} INFO - [2024-05-24T05:55:28.009+0000] {dag.py:3954} INFO - Setting next_dagrun for example_trigger_target_dag to None, run_after=None
[2024-05-24T05:55:28.015+0000] {processor.py:183} INFO - Processing /home/airflow/.local/lib/python3.12/site-packages/airflow/example_dags/example_trigger_target_dag.py took 0.025 seconds
[2024-05-24T05:55:58.337+0000] {processor.py:161} INFO - Started process (PID=5848) to work on /home/airflow/.local/lib/python3.12/site-packages/airflow/example_dags/example_trigger_target_dag.py
[2024-05-24T05:55:58.338+0000] {processor.py:830} INFO - Processing file /home/airflow/.local/lib/python3.12/site-packages/airflow/example_dags/example_trigger_target_dag.py for tasks to queue
[2024-05-24T05:55:58.338+0000] {logging_mixin.py:188} INFO - [2024-05-24T05:55:58.338+0000] {dagbag.py:545} INFO - Filling up the DagBag from /home/airflow/.local/lib/python3.12/site-packages/airflow/example_dags/example_trigger_target_dag.py
[2024-05-24T05:55:58.341+0000] {processor.py:840} INFO - DAG(s) 'example_trigger_target_dag' retrieved from /home/airflow/.local/lib/python3.12/site-packages/airflow/example_dags/example_trigger_target_dag.py
[2024-05-24T05:55:58.348+0000] {logging_mixin.py:188} INFO - [2024-05-24T05:55:58.348+0000] {dag.py:3096} INFO - Sync 1 DAGs
[2024-05-24T05:55:58.353+0000] {logging_mixin.py:188} INFO - [2024-05-24T05:55:58.353+0000] {dag.py:3954} INFO - Setting next_dagrun for example_trigger_target_dag to None, run_after=None
[2024-05-24T05:55:58.360+0000] {processor.py:183} INFO - Processing /home/airflow/.local/lib/python3.12/site-packages/airflow/example_dags/example_trigger_target_dag.py took 0.025 seconds
[2024-05-24T05:56:28.670+0000] {processor.py:161} INFO - Started process (PID=6110) to work on /home/airflow/.local/lib/python3.12/site-packages/airflow/example_dags/example_trigger_target_dag.py
[2024-05-24T05:56:28.670+0000] {processor.py:830} INFO - Processing file /home/airflow/.local/lib/python3.12/site-packages/airflow/example_dags/example_trigger_target_dag.py for tasks to queue
[2024-05-24T05:56:28.671+0000] {logging_mixin.py:188} INFO - [2024-05-24T05:56:28.671+0000] {dagbag.py:545} INFO - Filling up the DagBag from /home/airflow/.local/lib/python3.12/site-packages/airflow/example_dags/example_trigger_target_dag.py
[2024-05-24T05:56:28.674+0000] {processor.py:840} INFO - DAG(s) 'example_trigger_target_dag' retrieved from /home/airflow/.local/lib/python3.12/site-packages/airflow/example_dags/example_trigger_target_dag.py
[2024-05-24T05:56:28.681+0000] {logging_mixin.py:188} INFO - [2024-05-24T05:56:28.681+0000] {dag.py:3096} INFO - Sync 1 DAGs
[2024-05-24T05:56:28.686+0000] {logging_mixin.py:188} INFO - [2024-05-24T05:56:28.686+0000] {dag.py:3954} INFO - Setting next_dagrun for example_trigger_target_dag to None, run_after=None
[2024-05-24T05:56:28.692+0000] {processor.py:183} INFO - Processing /home/airflow/.local/lib/python3.12/site-packages/airflow/example_dags/example_trigger_target_dag.py took 0.025 seconds
[2024-05-24T05:56:58.985+0000] {processor.py:161} INFO - Started process (PID=6372) to work on /home/airflow/.local/lib/python3.12/site-packages/airflow/example_dags/example_trigger_target_dag.py
[2024-05-24T05:56:58.986+0000] {processor.py:830} INFO - Processing file /home/airflow/.local/lib/python3.12/site-packages/airflow/example_dags/example_trigger_target_dag.py for tasks to queue
[2024-05-24T05:56:58.987+0000] {logging_mixin.py:188} INFO - [2024-05-24T05:56:58.986+0000] {dagbag.py:545} INFO - Filling up the DagBag from /home/airflow/.local/lib/python3.12/site-packages/airflow/example_dags/example_trigger_target_dag.py
[2024-05-24T05:56:58.989+0000] {processor.py:840} INFO - DAG(s) 'example_trigger_target_dag' retrieved from /home/airflow/.local/lib/python3.12/site-packages/airflow/example_dags/example_trigger_target_dag.py
[2024-05-24T05:56:58.997+0000] {logging_mixin.py:188} INFO - [2024-05-24T05:56:58.996+0000] {dag.py:3096} INFO - Sync 1 DAGs
[2024-05-24T05:56:59.001+0000] {logging_mixin.py:188} INFO - [2024-05-24T05:56:59.001+0000] {dag.py:3954} INFO - Setting next_dagrun for example_trigger_target_dag to None, run_after=None
[2024-05-24T05:56:59.007+0000] {processor.py:183} INFO - Processing /home/airflow/.local/lib/python3.12/site-packages/airflow/example_dags/example_trigger_target_dag.py took 0.024 seconds
[2024-05-24T05:57:29.307+0000] {processor.py:161} INFO - Started process (PID=6634) to work on /home/airflow/.local/lib/python3.12/site-packages/airflow/example_dags/example_trigger_target_dag.py
[2024-05-24T05:57:29.308+0000] {processor.py:830} INFO - Processing file /home/airflow/.local/lib/python3.12/site-packages/airflow/example_dags/example_trigger_target_dag.py for tasks to queue
[2024-05-24T05:57:29.308+0000] {logging_mixin.py:188} INFO - [2024-05-24T05:57:29.308+0000] {dagbag.py:545} INFO - Filling up the DagBag from /home/airflow/.local/lib/python3.12/site-packages/airflow/example_dags/example_trigger_target_dag.py
[2024-05-24T05:57:29.311+0000] {processor.py:840} INFO - DAG(s) 'example_trigger_target_dag' retrieved from /home/airflow/.local/lib/python3.12/site-packages/airflow/example_dags/example_trigger_target_dag.py
[2024-05-24T05:57:29.318+0000] {logging_mixin.py:188} INFO - [2024-05-24T05:57:29.318+0000] {dag.py:3096} INFO - Sync 1 DAGs
[2024-05-24T05:57:29.323+0000] {logging_mixin.py:188} INFO - [2024-05-24T05:57:29.323+0000] {dag.py:3954} INFO - Setting next_dagrun for example_trigger_target_dag to None, run_after=None
[2024-05-24T05:57:29.329+0000] {processor.py:183} INFO - Processing /home/airflow/.local/lib/python3.12/site-packages/airflow/example_dags/example_trigger_target_dag.py took 0.024 seconds
[2024-05-24T05:57:59.665+0000] {processor.py:161} INFO - Started process (PID=6896) to work on /home/airflow/.local/lib/python3.12/site-packages/airflow/example_dags/example_trigger_target_dag.py
[2024-05-24T05:57:59.666+0000] {processor.py:830} INFO - Processing file /home/airflow/.local/lib/python3.12/site-packages/airflow/example_dags/example_trigger_target_dag.py for tasks to queue
[2024-05-24T05:57:59.666+0000] {logging_mixin.py:188} INFO - [2024-05-24T05:57:59.666+0000] {dagbag.py:545} INFO - Filling up the DagBag from /home/airflow/.local/lib/python3.12/site-packages/airflow/example_dags/example_trigger_target_dag.py
[2024-05-24T05:57:59.669+0000] {processor.py:840} INFO - DAG(s) 'example_trigger_target_dag' retrieved from /home/airflow/.local/lib/python3.12/site-packages/airflow/example_dags/example_trigger_target_dag.py
[2024-05-24T05:57:59.676+0000] {logging_mixin.py:188} INFO - [2024-05-24T05:57:59.676+0000] {dag.py:3096} INFO - Sync 1 DAGs
[2024-05-24T05:57:59.681+0000] {logging_mixin.py:188} INFO - [2024-05-24T05:57:59.681+0000] {dag.py:3954} INFO - Setting next_dagrun for example_trigger_target_dag to None, run_after=None
[2024-05-24T05:57:59.687+0000] {processor.py:183} INFO - Processing /home/airflow/.local/lib/python3.12/site-packages/airflow/example_dags/example_trigger_target_dag.py took 0.024 seconds
[2024-05-24T05:58:30.059+0000] {processor.py:161} INFO - Started process (PID=7160) to work on /home/airflow/.local/lib/python3.12/site-packages/airflow/example_dags/example_trigger_target_dag.py
[2024-05-24T05:58:30.059+0000] {processor.py:830} INFO - Processing file /home/airflow/.local/lib/python3.12/site-packages/airflow/example_dags/example_trigger_target_dag.py for tasks to queue
[2024-05-24T05:58:30.060+0000] {logging_mixin.py:188} INFO - [2024-05-24T05:58:30.060+0000] {dagbag.py:545} INFO - Filling up the DagBag from /home/airflow/.local/lib/python3.12/site-packages/airflow/example_dags/example_trigger_target_dag.py
[2024-05-24T05:58:30.063+0000] {processor.py:840} INFO - DAG(s) 'example_trigger_target_dag' retrieved from /home/airflow/.local/lib/python3.12/site-packages/airflow/example_dags/example_trigger_target_dag.py
[2024-05-24T05:58:30.070+0000] {logging_mixin.py:188} INFO - [2024-05-24T05:58:30.070+0000] {dag.py:3096} INFO - Sync 1 DAGs
[2024-05-24T05:58:30.075+0000] {logging_mixin.py:188} INFO - [2024-05-24T05:58:30.074+0000] {dag.py:3954} INFO - Setting next_dagrun for example_trigger_target_dag to None, run_after=None
[2024-05-24T05:58:30.081+0000] {processor.py:183} INFO - Processing /home/airflow/.local/lib/python3.12/site-packages/airflow/example_dags/example_trigger_target_dag.py took 0.024 seconds
[2024-05-24T06:13:53.403+0000] {processor.py:161} INFO - Started process (PID=7420) to work on /home/airflow/.local/lib/python3.12/site-packages/airflow/example_dags/example_trigger_target_dag.py
[2024-05-24T06:13:53.403+0000] {processor.py:830} INFO - Processing file /home/airflow/.local/lib/python3.12/site-packages/airflow/example_dags/example_trigger_target_dag.py for tasks to queue
[2024-05-24T06:13:53.404+0000] {logging_mixin.py:188} INFO - [2024-05-24T06:13:53.404+0000] {dagbag.py:545} INFO - Filling up the DagBag from /home/airflow/.local/lib/python3.12/site-packages/airflow/example_dags/example_trigger_target_dag.py
[2024-05-24T06:13:53.406+0000] {processor.py:840} INFO - DAG(s) 'example_trigger_target_dag' retrieved from /home/airflow/.local/lib/python3.12/site-packages/airflow/example_dags/example_trigger_target_dag.py
[2024-05-24T06:13:53.412+0000] {logging_mixin.py:188} INFO - [2024-05-24T06:13:53.412+0000] {dag.py:3096} INFO - Sync 1 DAGs
[2024-05-24T06:13:53.417+0000] {logging_mixin.py:188} INFO - [2024-05-24T06:13:53.417+0000] {dag.py:3954} INFO - Setting next_dagrun for example_trigger_target_dag to None, run_after=None
[2024-05-24T06:13:53.423+0000] {processor.py:183} INFO - Processing /home/airflow/.local/lib/python3.12/site-packages/airflow/example_dags/example_trigger_target_dag.py took 0.022 seconds
[2024-05-24T06:26:10.274+0000] {processor.py:161} INFO - Started process (PID=7681) to work on /home/airflow/.local/lib/python3.12/site-packages/airflow/example_dags/example_trigger_target_dag.py
[2024-05-24T06:26:10.274+0000] {processor.py:830} INFO - Processing file /home/airflow/.local/lib/python3.12/site-packages/airflow/example_dags/example_trigger_target_dag.py for tasks to queue
[2024-05-24T06:26:10.275+0000] {logging_mixin.py:188} INFO - [2024-05-24T06:26:10.275+0000] {dagbag.py:545} INFO - Filling up the DagBag from /home/airflow/.local/lib/python3.12/site-packages/airflow/example_dags/example_trigger_target_dag.py
[2024-05-24T06:26:10.277+0000] {processor.py:840} INFO - DAG(s) 'example_trigger_target_dag' retrieved from /home/airflow/.local/lib/python3.12/site-packages/airflow/example_dags/example_trigger_target_dag.py
[2024-05-24T06:26:10.285+0000] {logging_mixin.py:188} INFO - [2024-05-24T06:26:10.285+0000] {dag.py:3096} INFO - Sync 1 DAGs
[2024-05-24T06:26:10.290+0000] {logging_mixin.py:188} INFO - [2024-05-24T06:26:10.290+0000] {dag.py:3954} INFO - Setting next_dagrun for example_trigger_target_dag to None, run_after=None
[2024-05-24T06:26:10.297+0000] {processor.py:183} INFO - Processing /home/airflow/.local/lib/python3.12/site-packages/airflow/example_dags/example_trigger_target_dag.py took 0.026 seconds
[2024-05-24T06:26:40.721+0000] {processor.py:161} INFO - Started process (PID=7944) to work on /home/airflow/.local/lib/python3.12/site-packages/airflow/example_dags/example_trigger_target_dag.py
[2024-05-24T06:26:40.721+0000] {processor.py:830} INFO - Processing file /home/airflow/.local/lib/python3.12/site-packages/airflow/example_dags/example_trigger_target_dag.py for tasks to queue
[2024-05-24T06:26:40.722+0000] {logging_mixin.py:188} INFO - [2024-05-24T06:26:40.722+0000] {dagbag.py:545} INFO - Filling up the DagBag from /home/airflow/.local/lib/python3.12/site-packages/airflow/example_dags/example_trigger_target_dag.py
[2024-05-24T06:26:40.724+0000] {processor.py:840} INFO - DAG(s) 'example_trigger_target_dag' retrieved from /home/airflow/.local/lib/python3.12/site-packages/airflow/example_dags/example_trigger_target_dag.py
[2024-05-24T06:26:40.732+0000] {logging_mixin.py:188} INFO - [2024-05-24T06:26:40.731+0000] {dag.py:3096} INFO - Sync 1 DAGs
[2024-05-24T06:26:40.736+0000] {logging_mixin.py:188} INFO - [2024-05-24T06:26:40.736+0000] {dag.py:3954} INFO - Setting next_dagrun for example_trigger_target_dag to None, run_after=None
[2024-05-24T06:26:40.742+0000] {processor.py:183} INFO - Processing /home/airflow/.local/lib/python3.12/site-packages/airflow/example_dags/example_trigger_target_dag.py took 0.024 seconds
[2024-05-24T06:27:11.134+0000] {processor.py:161} INFO - Started process (PID=8206) to work on /home/airflow/.local/lib/python3.12/site-packages/airflow/example_dags/example_trigger_target_dag.py
[2024-05-24T06:27:11.134+0000] {processor.py:830} INFO - Processing file /home/airflow/.local/lib/python3.12/site-packages/airflow/example_dags/example_trigger_target_dag.py for tasks to queue
[2024-05-24T06:27:11.135+0000] {logging_mixin.py:188} INFO - [2024-05-24T06:27:11.135+0000] {dagbag.py:545} INFO - Filling up the DagBag from /home/airflow/.local/lib/python3.12/site-packages/airflow/example_dags/example_trigger_target_dag.py
[2024-05-24T06:27:11.137+0000] {processor.py:840} INFO - DAG(s) 'example_trigger_target_dag' retrieved from /home/airflow/.local/lib/python3.12/site-packages/airflow/example_dags/example_trigger_target_dag.py
[2024-05-24T06:27:11.144+0000] {logging_mixin.py:188} INFO - [2024-05-24T06:27:11.144+0000] {dag.py:3096} INFO - Sync 1 DAGs
[2024-05-24T06:27:11.148+0000] {logging_mixin.py:188} INFO - [2024-05-24T06:27:11.148+0000] {dag.py:3954} INFO - Setting next_dagrun for example_trigger_target_dag to None, run_after=None
[2024-05-24T06:27:11.154+0000] {processor.py:183} INFO - Processing /home/airflow/.local/lib/python3.12/site-packages/airflow/example_dags/example_trigger_target_dag.py took 0.022 seconds
[2024-05-24T06:28:26.265+0000] {processor.py:161} INFO - Started process (PID=8468) to work on /home/airflow/.local/lib/python3.12/site-packages/airflow/example_dags/example_trigger_target_dag.py
[2024-05-24T06:28:26.266+0000] {processor.py:830} INFO - Processing file /home/airflow/.local/lib/python3.12/site-packages/airflow/example_dags/example_trigger_target_dag.py for tasks to queue
[2024-05-24T06:28:26.266+0000] {logging_mixin.py:188} INFO - [2024-05-24T06:28:26.266+0000] {dagbag.py:545} INFO - Filling up the DagBag from /home/airflow/.local/lib/python3.12/site-packages/airflow/example_dags/example_trigger_target_dag.py
[2024-05-24T06:28:26.269+0000] {processor.py:840} INFO - DAG(s) 'example_trigger_target_dag' retrieved from /home/airflow/.local/lib/python3.12/site-packages/airflow/example_dags/example_trigger_target_dag.py
[2024-05-24T06:28:26.276+0000] {logging_mixin.py:188} INFO - [2024-05-24T06:28:26.276+0000] {dag.py:3096} INFO - Sync 1 DAGs
[2024-05-24T06:28:26.281+0000] {logging_mixin.py:188} INFO - [2024-05-24T06:28:26.281+0000] {dag.py:3954} INFO - Setting next_dagrun for example_trigger_target_dag to None, run_after=None
[2024-05-24T06:28:26.287+0000] {processor.py:183} INFO - Processing /home/airflow/.local/lib/python3.12/site-packages/airflow/example_dags/example_trigger_target_dag.py took 0.024 seconds
[2024-05-24T06:28:56.643+0000] {processor.py:161} INFO - Started process (PID=8728) to work on /home/airflow/.local/lib/python3.12/site-packages/airflow/example_dags/example_trigger_target_dag.py
[2024-05-24T06:28:56.643+0000] {processor.py:830} INFO - Processing file /home/airflow/.local/lib/python3.12/site-packages/airflow/example_dags/example_trigger_target_dag.py for tasks to queue
[2024-05-24T06:28:56.644+0000] {logging_mixin.py:188} INFO - [2024-05-24T06:28:56.644+0000] {dagbag.py:545} INFO - Filling up the DagBag from /home/airflow/.local/lib/python3.12/site-packages/airflow/example_dags/example_trigger_target_dag.py
[2024-05-24T06:28:56.646+0000] {processor.py:840} INFO - DAG(s) 'example_trigger_target_dag' retrieved from /home/airflow/.local/lib/python3.12/site-packages/airflow/example_dags/example_trigger_target_dag.py
[2024-05-24T06:28:56.654+0000] {logging_mixin.py:188} INFO - [2024-05-24T06:28:56.654+0000] {dag.py:3096} INFO - Sync 1 DAGs
[2024-05-24T06:28:56.659+0000] {logging_mixin.py:188} INFO - [2024-05-24T06:28:56.659+0000] {dag.py:3954} INFO - Setting next_dagrun for example_trigger_target_dag to None, run_after=None
[2024-05-24T06:28:56.666+0000] {processor.py:183} INFO - Processing /home/airflow/.local/lib/python3.12/site-packages/airflow/example_dags/example_trigger_target_dag.py took 0.026 seconds
[2024-05-24T06:29:27.122+0000] {processor.py:161} INFO - Started process (PID=8990) to work on /home/airflow/.local/lib/python3.12/site-packages/airflow/example_dags/example_trigger_target_dag.py
[2024-05-24T06:29:27.122+0000] {processor.py:830} INFO - Processing file /home/airflow/.local/lib/python3.12/site-packages/airflow/example_dags/example_trigger_target_dag.py for tasks to queue
[2024-05-24T06:29:27.123+0000] {logging_mixin.py:188} INFO - [2024-05-24T06:29:27.123+0000] {dagbag.py:545} INFO - Filling up the DagBag from /home/airflow/.local/lib/python3.12/site-packages/airflow/example_dags/example_trigger_target_dag.py
[2024-05-24T06:29:27.125+0000] {processor.py:840} INFO - DAG(s) 'example_trigger_target_dag' retrieved from /home/airflow/.local/lib/python3.12/site-packages/airflow/example_dags/example_trigger_target_dag.py
[2024-05-24T06:29:27.132+0000] {logging_mixin.py:188} INFO - [2024-05-24T06:29:27.132+0000] {dag.py:3096} INFO - Sync 1 DAGs
[2024-05-24T06:29:27.136+0000] {logging_mixin.py:188} INFO - [2024-05-24T06:29:27.136+0000] {dag.py:3954} INFO - Setting next_dagrun for example_trigger_target_dag to None, run_after=None
[2024-05-24T06:29:27.143+0000] {processor.py:183} INFO - Processing /home/airflow/.local/lib/python3.12/site-packages/airflow/example_dags/example_trigger_target_dag.py took 0.024 seconds
[2024-05-24T06:29:57.499+0000] {processor.py:161} INFO - Started process (PID=9252) to work on /home/airflow/.local/lib/python3.12/site-packages/airflow/example_dags/example_trigger_target_dag.py
[2024-05-24T06:29:57.499+0000] {processor.py:830} INFO - Processing file /home/airflow/.local/lib/python3.12/site-packages/airflow/example_dags/example_trigger_target_dag.py for tasks to queue
[2024-05-24T06:29:57.500+0000] {logging_mixin.py:188} INFO - [2024-05-24T06:29:57.500+0000] {dagbag.py:545} INFO - Filling up the DagBag from /home/airflow/.local/lib/python3.12/site-packages/airflow/example_dags/example_trigger_target_dag.py
[2024-05-24T06:29:57.503+0000] {processor.py:840} INFO - DAG(s) 'example_trigger_target_dag' retrieved from /home/airflow/.local/lib/python3.12/site-packages/airflow/example_dags/example_trigger_target_dag.py
[2024-05-24T06:29:57.510+0000] {logging_mixin.py:188} INFO - [2024-05-24T06:29:57.510+0000] {dag.py:3096} INFO - Sync 1 DAGs
[2024-05-24T06:29:57.514+0000] {logging_mixin.py:188} INFO - [2024-05-24T06:29:57.514+0000] {dag.py:3954} INFO - Setting next_dagrun for example_trigger_target_dag to None, run_after=None
[2024-05-24T06:29:57.520+0000] {processor.py:183} INFO - Processing /home/airflow/.local/lib/python3.12/site-packages/airflow/example_dags/example_trigger_target_dag.py took 0.024 seconds
[2024-05-24T06:32:51.133+0000] {processor.py:161} INFO - Started process (PID=9514) to work on /home/airflow/.local/lib/python3.12/site-packages/airflow/example_dags/example_trigger_target_dag.py
[2024-05-24T06:32:51.133+0000] {processor.py:830} INFO - Processing file /home/airflow/.local/lib/python3.12/site-packages/airflow/example_dags/example_trigger_target_dag.py for tasks to queue
[2024-05-24T06:32:51.134+0000] {logging_mixin.py:188} INFO - [2024-05-24T06:32:51.134+0000] {dagbag.py:545} INFO - Filling up the DagBag from /home/airflow/.local/lib/python3.12/site-packages/airflow/example_dags/example_trigger_target_dag.py
[2024-05-24T06:32:51.136+0000] {processor.py:840} INFO - DAG(s) 'example_trigger_target_dag' retrieved from /home/airflow/.local/lib/python3.12/site-packages/airflow/example_dags/example_trigger_target_dag.py
[2024-05-24T06:32:51.143+0000] {logging_mixin.py:188} INFO - [2024-05-24T06:32:51.143+0000] {dag.py:3096} INFO - Sync 1 DAGs
[2024-05-24T06:32:51.147+0000] {logging_mixin.py:188} INFO - [2024-05-24T06:32:51.147+0000] {dag.py:3954} INFO - Setting next_dagrun for example_trigger_target_dag to None, run_after=None
[2024-05-24T06:32:51.154+0000] {processor.py:183} INFO - Processing /home/airflow/.local/lib/python3.12/site-packages/airflow/example_dags/example_trigger_target_dag.py took 0.023 seconds
[2024-05-24T06:34:34.300+0000] {processor.py:161} INFO - Started process (PID=9776) to work on /home/airflow/.local/lib/python3.12/site-packages/airflow/example_dags/example_trigger_target_dag.py
[2024-05-24T06:34:34.300+0000] {processor.py:830} INFO - Processing file /home/airflow/.local/lib/python3.12/site-packages/airflow/example_dags/example_trigger_target_dag.py for tasks to queue
[2024-05-24T06:34:34.301+0000] {logging_mixin.py:188} INFO - [2024-05-24T06:34:34.301+0000] {dagbag.py:545} INFO - Filling up the DagBag from /home/airflow/.local/lib/python3.12/site-packages/airflow/example_dags/example_trigger_target_dag.py
[2024-05-24T06:34:34.303+0000] {processor.py:840} INFO - DAG(s) 'example_trigger_target_dag' retrieved from /home/airflow/.local/lib/python3.12/site-packages/airflow/example_dags/example_trigger_target_dag.py
[2024-05-24T06:34:34.310+0000] {logging_mixin.py:188} INFO - [2024-05-24T06:34:34.310+0000] {dag.py:3096} INFO - Sync 1 DAGs
[2024-05-24T06:34:34.315+0000] {logging_mixin.py:188} INFO - [2024-05-24T06:34:34.315+0000] {dag.py:3954} INFO - Setting next_dagrun for example_trigger_target_dag to None, run_after=None
[2024-05-24T06:34:34.322+0000] {processor.py:183} INFO - Processing /home/airflow/.local/lib/python3.12/site-packages/airflow/example_dags/example_trigger_target_dag.py took 0.024 seconds
[2024-05-24T06:35:04.849+0000] {processor.py:161} INFO - Started process (PID=10040) to work on /home/airflow/.local/lib/python3.12/site-packages/airflow/example_dags/example_trigger_target_dag.py
[2024-05-24T06:35:04.850+0000] {processor.py:830} INFO - Processing file /home/airflow/.local/lib/python3.12/site-packages/airflow/example_dags/example_trigger_target_dag.py for tasks to queue
[2024-05-24T06:35:04.850+0000] {logging_mixin.py:188} INFO - [2024-05-24T06:35:04.850+0000] {dagbag.py:545} INFO - Filling up the DagBag from /home/airflow/.local/lib/python3.12/site-packages/airflow/example_dags/example_trigger_target_dag.py
[2024-05-24T06:35:04.853+0000] {processor.py:840} INFO - DAG(s) 'example_trigger_target_dag' retrieved from /home/airflow/.local/lib/python3.12/site-packages/airflow/example_dags/example_trigger_target_dag.py
[2024-05-24T06:35:04.860+0000] {logging_mixin.py:188} INFO - [2024-05-24T06:35:04.860+0000] {dag.py:3096} INFO - Sync 1 DAGs
[2024-05-24T06:35:04.864+0000] {logging_mixin.py:188} INFO - [2024-05-24T06:35:04.864+0000] {dag.py:3954} INFO - Setting next_dagrun for example_trigger_target_dag to None, run_after=None
[2024-05-24T06:35:04.870+0000] {processor.py:183} INFO - Processing /home/airflow/.local/lib/python3.12/site-packages/airflow/example_dags/example_trigger_target_dag.py took 0.024 seconds
[2024-05-24T06:50:34.578+0000] {processor.py:161} INFO - Started process (PID=10300) to work on /home/airflow/.local/lib/python3.12/site-packages/airflow/example_dags/example_trigger_target_dag.py
[2024-05-24T06:50:34.579+0000] {processor.py:830} INFO - Processing file /home/airflow/.local/lib/python3.12/site-packages/airflow/example_dags/example_trigger_target_dag.py for tasks to queue
[2024-05-24T06:50:34.579+0000] {logging_mixin.py:188} INFO - [2024-05-24T06:50:34.579+0000] {dagbag.py:545} INFO - Filling up the DagBag from /home/airflow/.local/lib/python3.12/site-packages/airflow/example_dags/example_trigger_target_dag.py
[2024-05-24T06:50:34.582+0000] {processor.py:840} INFO - DAG(s) 'example_trigger_target_dag' retrieved from /home/airflow/.local/lib/python3.12/site-packages/airflow/example_dags/example_trigger_target_dag.py
[2024-05-24T06:50:34.589+0000] {logging_mixin.py:188} INFO - [2024-05-24T06:50:34.589+0000] {dag.py:3096} INFO - Sync 1 DAGs
[2024-05-24T06:50:34.594+0000] {logging_mixin.py:188} INFO - [2024-05-24T06:50:34.594+0000] {dag.py:3954} INFO - Setting next_dagrun for example_trigger_target_dag to None, run_after=None
[2024-05-24T06:50:34.600+0000] {processor.py:183} INFO - Processing /home/airflow/.local/lib/python3.12/site-packages/airflow/example_dags/example_trigger_target_dag.py took 0.024 seconds
[2024-05-24T07:06:11.190+0000] {processor.py:161} INFO - Started process (PID=10562) to work on /home/airflow/.local/lib/python3.12/site-packages/airflow/example_dags/example_trigger_target_dag.py
[2024-05-24T07:06:11.190+0000] {processor.py:830} INFO - Processing file /home/airflow/.local/lib/python3.12/site-packages/airflow/example_dags/example_trigger_target_dag.py for tasks to queue
[2024-05-24T07:06:11.191+0000] {logging_mixin.py:188} INFO - [2024-05-24T07:06:11.191+0000] {dagbag.py:545} INFO - Filling up the DagBag from /home/airflow/.local/lib/python3.12/site-packages/airflow/example_dags/example_trigger_target_dag.py
[2024-05-24T07:06:11.193+0000] {processor.py:840} INFO - DAG(s) 'example_trigger_target_dag' retrieved from /home/airflow/.local/lib/python3.12/site-packages/airflow/example_dags/example_trigger_target_dag.py
[2024-05-24T07:06:11.201+0000] {logging_mixin.py:188} INFO - [2024-05-24T07:06:11.200+0000] {dag.py:3096} INFO - Sync 1 DAGs
[2024-05-24T07:06:11.205+0000] {logging_mixin.py:188} INFO - [2024-05-24T07:06:11.205+0000] {dag.py:3954} INFO - Setting next_dagrun for example_trigger_target_dag to None, run_after=None
[2024-05-24T07:06:11.211+0000] {processor.py:183} INFO - Processing /home/airflow/.local/lib/python3.12/site-packages/airflow/example_dags/example_trigger_target_dag.py took 0.024 seconds
[2024-05-24T07:30:09.437+0000] {processor.py:161} INFO - Started process (PID=10824) to work on /home/airflow/.local/lib/python3.12/site-packages/airflow/example_dags/example_trigger_target_dag.py
[2024-05-24T07:30:09.437+0000] {processor.py:830} INFO - Processing file /home/airflow/.local/lib/python3.12/site-packages/airflow/example_dags/example_trigger_target_dag.py for tasks to queue
[2024-05-24T07:30:09.438+0000] {logging_mixin.py:188} INFO - [2024-05-24T07:30:09.438+0000] {dagbag.py:545} INFO - Filling up the DagBag from /home/airflow/.local/lib/python3.12/site-packages/airflow/example_dags/example_trigger_target_dag.py
[2024-05-24T07:30:09.440+0000] {processor.py:840} INFO - DAG(s) 'example_trigger_target_dag' retrieved from /home/airflow/.local/lib/python3.12/site-packages/airflow/example_dags/example_trigger_target_dag.py
[2024-05-24T07:30:09.448+0000] {logging_mixin.py:188} INFO - [2024-05-24T07:30:09.448+0000] {dag.py:3096} INFO - Sync 1 DAGs
[2024-05-24T07:30:09.453+0000] {logging_mixin.py:188} INFO - [2024-05-24T07:30:09.453+0000] {dag.py:3954} INFO - Setting next_dagrun for example_trigger_target_dag to None, run_after=None
[2024-05-24T07:30:09.459+0000] {processor.py:183} INFO - Processing /home/airflow/.local/lib/python3.12/site-packages/airflow/example_dags/example_trigger_target_dag.py took 0.025 seconds
[2024-05-24T07:30:40.794+0000] {processor.py:161} INFO - Started process (PID=11088) to work on /home/airflow/.local/lib/python3.12/site-packages/airflow/example_dags/example_trigger_target_dag.py
[2024-05-24T07:30:40.795+0000] {processor.py:830} INFO - Processing file /home/airflow/.local/lib/python3.12/site-packages/airflow/example_dags/example_trigger_target_dag.py for tasks to queue
[2024-05-24T07:30:40.796+0000] {logging_mixin.py:188} INFO - [2024-05-24T07:30:40.796+0000] {dagbag.py:545} INFO - Filling up the DagBag from /home/airflow/.local/lib/python3.12/site-packages/airflow/example_dags/example_trigger_target_dag.py
[2024-05-24T07:30:40.866+0000] {processor.py:840} INFO - DAG(s) 'example_trigger_target_dag' retrieved from /home/airflow/.local/lib/python3.12/site-packages/airflow/example_dags/example_trigger_target_dag.py
[2024-05-24T07:30:40.873+0000] {logging_mixin.py:188} INFO - [2024-05-24T07:30:40.873+0000] {dag.py:3096} INFO - Sync 1 DAGs
[2024-05-24T07:30:40.877+0000] {logging_mixin.py:188} INFO - [2024-05-24T07:30:40.877+0000] {dag.py:3954} INFO - Setting next_dagrun for example_trigger_target_dag to None, run_after=None
[2024-05-24T07:30:40.883+0000] {processor.py:183} INFO - Processing /home/airflow/.local/lib/python3.12/site-packages/airflow/example_dags/example_trigger_target_dag.py took 0.091 seconds
[2024-05-24T07:31:11.549+0000] {processor.py:161} INFO - Started process (PID=11350) to work on /home/airflow/.local/lib/python3.12/site-packages/airflow/example_dags/example_trigger_target_dag.py
[2024-05-24T07:31:11.549+0000] {processor.py:830} INFO - Processing file /home/airflow/.local/lib/python3.12/site-packages/airflow/example_dags/example_trigger_target_dag.py for tasks to queue
[2024-05-24T07:31:11.550+0000] {logging_mixin.py:188} INFO - [2024-05-24T07:31:11.549+0000] {dagbag.py:545} INFO - Filling up the DagBag from /home/airflow/.local/lib/python3.12/site-packages/airflow/example_dags/example_trigger_target_dag.py
[2024-05-24T07:31:11.552+0000] {processor.py:840} INFO - DAG(s) 'example_trigger_target_dag' retrieved from /home/airflow/.local/lib/python3.12/site-packages/airflow/example_dags/example_trigger_target_dag.py
[2024-05-24T07:31:11.559+0000] {logging_mixin.py:188} INFO - [2024-05-24T07:31:11.559+0000] {dag.py:3096} INFO - Sync 1 DAGs
[2024-05-24T07:31:11.564+0000] {logging_mixin.py:188} INFO - [2024-05-24T07:31:11.564+0000] {dag.py:3954} INFO - Setting next_dagrun for example_trigger_target_dag to None, run_after=None
[2024-05-24T07:31:11.570+0000] {processor.py:183} INFO - Processing /home/airflow/.local/lib/python3.12/site-packages/airflow/example_dags/example_trigger_target_dag.py took 0.024 seconds
[2024-05-24T07:31:41.945+0000] {processor.py:161} INFO - Started process (PID=11610) to work on /home/airflow/.local/lib/python3.12/site-packages/airflow/example_dags/example_trigger_target_dag.py
[2024-05-24T07:31:41.945+0000] {processor.py:830} INFO - Processing file /home/airflow/.local/lib/python3.12/site-packages/airflow/example_dags/example_trigger_target_dag.py for tasks to queue
[2024-05-24T07:31:41.946+0000] {logging_mixin.py:188} INFO - [2024-05-24T07:31:41.946+0000] {dagbag.py:545} INFO - Filling up the DagBag from /home/airflow/.local/lib/python3.12/site-packages/airflow/example_dags/example_trigger_target_dag.py
[2024-05-24T07:31:41.948+0000] {processor.py:840} INFO - DAG(s) 'example_trigger_target_dag' retrieved from /home/airflow/.local/lib/python3.12/site-packages/airflow/example_dags/example_trigger_target_dag.py
[2024-05-24T07:31:41.954+0000] {logging_mixin.py:188} INFO - [2024-05-24T07:31:41.954+0000] {dag.py:3096} INFO - Sync 1 DAGs
[2024-05-24T07:31:41.959+0000] {logging_mixin.py:188} INFO - [2024-05-24T07:31:41.959+0000] {dag.py:3954} INFO - Setting next_dagrun for example_trigger_target_dag to None, run_after=None
[2024-05-24T07:31:41.965+0000] {processor.py:183} INFO - Processing /home/airflow/.local/lib/python3.12/site-packages/airflow/example_dags/example_trigger_target_dag.py took 0.022 seconds
[2024-05-24T07:32:12.309+0000] {processor.py:161} INFO - Started process (PID=11872) to work on /home/airflow/.local/lib/python3.12/site-packages/airflow/example_dags/example_trigger_target_dag.py
[2024-05-24T07:32:12.309+0000] {processor.py:830} INFO - Processing file /home/airflow/.local/lib/python3.12/site-packages/airflow/example_dags/example_trigger_target_dag.py for tasks to queue
[2024-05-24T07:32:12.310+0000] {logging_mixin.py:188} INFO - [2024-05-24T07:32:12.310+0000] {dagbag.py:545} INFO - Filling up the DagBag from /home/airflow/.local/lib/python3.12/site-packages/airflow/example_dags/example_trigger_target_dag.py
[2024-05-24T07:32:12.312+0000] {processor.py:840} INFO - DAG(s) 'example_trigger_target_dag' retrieved from /home/airflow/.local/lib/python3.12/site-packages/airflow/example_dags/example_trigger_target_dag.py
[2024-05-24T07:32:12.318+0000] {logging_mixin.py:188} INFO - [2024-05-24T07:32:12.318+0000] {dag.py:3096} INFO - Sync 1 DAGs
[2024-05-24T07:32:12.323+0000] {logging_mixin.py:188} INFO - [2024-05-24T07:32:12.323+0000] {dag.py:3954} INFO - Setting next_dagrun for example_trigger_target_dag to None, run_after=None
[2024-05-24T07:32:12.329+0000] {processor.py:183} INFO - Processing /home/airflow/.local/lib/python3.12/site-packages/airflow/example_dags/example_trigger_target_dag.py took 0.022 seconds
[2024-05-24T07:32:59.094+0000] {processor.py:161} INFO - Started process (PID=12134) to work on /home/airflow/.local/lib/python3.12/site-packages/airflow/example_dags/example_trigger_target_dag.py
[2024-05-24T07:32:59.094+0000] {processor.py:830} INFO - Processing file /home/airflow/.local/lib/python3.12/site-packages/airflow/example_dags/example_trigger_target_dag.py for tasks to queue
[2024-05-24T07:32:59.095+0000] {logging_mixin.py:188} INFO - [2024-05-24T07:32:59.095+0000] {dagbag.py:545} INFO - Filling up the DagBag from /home/airflow/.local/lib/python3.12/site-packages/airflow/example_dags/example_trigger_target_dag.py
[2024-05-24T07:32:59.098+0000] {processor.py:840} INFO - DAG(s) 'example_trigger_target_dag' retrieved from /home/airflow/.local/lib/python3.12/site-packages/airflow/example_dags/example_trigger_target_dag.py
[2024-05-24T07:32:59.106+0000] {logging_mixin.py:188} INFO - [2024-05-24T07:32:59.106+0000] {dag.py:3096} INFO - Sync 1 DAGs
[2024-05-24T07:32:59.111+0000] {logging_mixin.py:188} INFO - [2024-05-24T07:32:59.111+0000] {dag.py:3954} INFO - Setting next_dagrun for example_trigger_target_dag to None, run_after=None
[2024-05-24T07:32:59.118+0000] {processor.py:183} INFO - Processing /home/airflow/.local/lib/python3.12/site-packages/airflow/example_dags/example_trigger_target_dag.py took 0.026 seconds
[2024-05-24T07:33:29.461+0000] {processor.py:161} INFO - Started process (PID=12396) to work on /home/airflow/.local/lib/python3.12/site-packages/airflow/example_dags/example_trigger_target_dag.py
[2024-05-24T07:33:29.461+0000] {processor.py:830} INFO - Processing file /home/airflow/.local/lib/python3.12/site-packages/airflow/example_dags/example_trigger_target_dag.py for tasks to queue
[2024-05-24T07:33:29.462+0000] {logging_mixin.py:188} INFO - [2024-05-24T07:33:29.461+0000] {dagbag.py:545} INFO - Filling up the DagBag from /home/airflow/.local/lib/python3.12/site-packages/airflow/example_dags/example_trigger_target_dag.py
[2024-05-24T07:33:29.464+0000] {processor.py:840} INFO - DAG(s) 'example_trigger_target_dag' retrieved from /home/airflow/.local/lib/python3.12/site-packages/airflow/example_dags/example_trigger_target_dag.py
[2024-05-24T07:33:29.471+0000] {logging_mixin.py:188} INFO - [2024-05-24T07:33:29.471+0000] {dag.py:3096} INFO - Sync 1 DAGs
[2024-05-24T07:33:29.476+0000] {logging_mixin.py:188} INFO - [2024-05-24T07:33:29.476+0000] {dag.py:3954} INFO - Setting next_dagrun for example_trigger_target_dag to None, run_after=None
[2024-05-24T07:33:29.483+0000] {processor.py:183} INFO - Processing /home/airflow/.local/lib/python3.12/site-packages/airflow/example_dags/example_trigger_target_dag.py took 0.025 seconds
[2024-05-24T07:33:59.792+0000] {processor.py:161} INFO - Started process (PID=12658) to work on /home/airflow/.local/lib/python3.12/site-packages/airflow/example_dags/example_trigger_target_dag.py
[2024-05-24T07:33:59.793+0000] {processor.py:830} INFO - Processing file /home/airflow/.local/lib/python3.12/site-packages/airflow/example_dags/example_trigger_target_dag.py for tasks to queue
[2024-05-24T07:33:59.794+0000] {logging_mixin.py:188} INFO - [2024-05-24T07:33:59.793+0000] {dagbag.py:545} INFO - Filling up the DagBag from /home/airflow/.local/lib/python3.12/site-packages/airflow/example_dags/example_trigger_target_dag.py
[2024-05-24T07:33:59.796+0000] {processor.py:840} INFO - DAG(s) 'example_trigger_target_dag' retrieved from /home/airflow/.local/lib/python3.12/site-packages/airflow/example_dags/example_trigger_target_dag.py
[2024-05-24T07:33:59.804+0000] {logging_mixin.py:188} INFO - [2024-05-24T07:33:59.804+0000] {dag.py:3096} INFO - Sync 1 DAGs
[2024-05-24T07:33:59.808+0000] {logging_mixin.py:188} INFO - [2024-05-24T07:33:59.808+0000] {dag.py:3954} INFO - Setting next_dagrun for example_trigger_target_dag to None, run_after=None
[2024-05-24T07:33:59.815+0000] {processor.py:183} INFO - Processing /home/airflow/.local/lib/python3.12/site-packages/airflow/example_dags/example_trigger_target_dag.py took 0.025 seconds
[2024-05-24T07:34:30.245+0000] {processor.py:161} INFO - Started process (PID=12919) to work on /home/airflow/.local/lib/python3.12/site-packages/airflow/example_dags/example_trigger_target_dag.py
[2024-05-24T07:34:30.246+0000] {processor.py:830} INFO - Processing file /home/airflow/.local/lib/python3.12/site-packages/airflow/example_dags/example_trigger_target_dag.py for tasks to queue
[2024-05-24T07:34:30.246+0000] {logging_mixin.py:188} INFO - [2024-05-24T07:34:30.246+0000] {dagbag.py:545} INFO - Filling up the DagBag from /home/airflow/.local/lib/python3.12/site-packages/airflow/example_dags/example_trigger_target_dag.py
[2024-05-24T07:34:30.249+0000] {processor.py:840} INFO - DAG(s) 'example_trigger_target_dag' retrieved from /home/airflow/.local/lib/python3.12/site-packages/airflow/example_dags/example_trigger_target_dag.py
[2024-05-24T07:34:30.255+0000] {logging_mixin.py:188} INFO - [2024-05-24T07:34:30.255+0000] {dag.py:3096} INFO - Sync 1 DAGs
[2024-05-24T07:34:30.260+0000] {logging_mixin.py:188} INFO - [2024-05-24T07:34:30.259+0000] {dag.py:3954} INFO - Setting next_dagrun for example_trigger_target_dag to None, run_after=None
[2024-05-24T07:34:30.266+0000] {processor.py:183} INFO - Processing /home/airflow/.local/lib/python3.12/site-packages/airflow/example_dags/example_trigger_target_dag.py took 0.023 seconds
[2024-05-24T07:35:00.721+0000] {processor.py:161} INFO - Started process (PID=13181) to work on /home/airflow/.local/lib/python3.12/site-packages/airflow/example_dags/example_trigger_target_dag.py
[2024-05-24T07:35:00.721+0000] {processor.py:830} INFO - Processing file /home/airflow/.local/lib/python3.12/site-packages/airflow/example_dags/example_trigger_target_dag.py for tasks to queue
[2024-05-24T07:35:00.722+0000] {logging_mixin.py:188} INFO - [2024-05-24T07:35:00.722+0000] {dagbag.py:545} INFO - Filling up the DagBag from /home/airflow/.local/lib/python3.12/site-packages/airflow/example_dags/example_trigger_target_dag.py
[2024-05-24T07:35:00.724+0000] {processor.py:840} INFO - DAG(s) 'example_trigger_target_dag' retrieved from /home/airflow/.local/lib/python3.12/site-packages/airflow/example_dags/example_trigger_target_dag.py
[2024-05-24T07:35:00.732+0000] {logging_mixin.py:188} INFO - [2024-05-24T07:35:00.732+0000] {dag.py:3096} INFO - Sync 1 DAGs
[2024-05-24T07:35:00.737+0000] {logging_mixin.py:188} INFO - [2024-05-24T07:35:00.737+0000] {dag.py:3954} INFO - Setting next_dagrun for example_trigger_target_dag to None, run_after=None
[2024-05-24T07:35:00.743+0000] {processor.py:183} INFO - Processing /home/airflow/.local/lib/python3.12/site-packages/airflow/example_dags/example_trigger_target_dag.py took 0.025 seconds
[2024-05-24T07:35:31.074+0000] {processor.py:161} INFO - Started process (PID=13443) to work on /home/airflow/.local/lib/python3.12/site-packages/airflow/example_dags/example_trigger_target_dag.py
[2024-05-24T07:35:31.074+0000] {processor.py:830} INFO - Processing file /home/airflow/.local/lib/python3.12/site-packages/airflow/example_dags/example_trigger_target_dag.py for tasks to queue
[2024-05-24T07:35:31.075+0000] {logging_mixin.py:188} INFO - [2024-05-24T07:35:31.075+0000] {dagbag.py:545} INFO - Filling up the DagBag from /home/airflow/.local/lib/python3.12/site-packages/airflow/example_dags/example_trigger_target_dag.py
[2024-05-24T07:35:31.077+0000] {processor.py:840} INFO - DAG(s) 'example_trigger_target_dag' retrieved from /home/airflow/.local/lib/python3.12/site-packages/airflow/example_dags/example_trigger_target_dag.py
[2024-05-24T07:35:31.085+0000] {logging_mixin.py:188} INFO - [2024-05-24T07:35:31.085+0000] {dag.py:3096} INFO - Sync 1 DAGs
[2024-05-24T07:35:31.090+0000] {logging_mixin.py:188} INFO - [2024-05-24T07:35:31.090+0000] {dag.py:3954} INFO - Setting next_dagrun for example_trigger_target_dag to None, run_after=None
[2024-05-24T07:35:31.096+0000] {processor.py:183} INFO - Processing /home/airflow/.local/lib/python3.12/site-packages/airflow/example_dags/example_trigger_target_dag.py took 0.024 seconds
[2024-05-24T07:36:01.418+0000] {processor.py:161} INFO - Started process (PID=13705) to work on /home/airflow/.local/lib/python3.12/site-packages/airflow/example_dags/example_trigger_target_dag.py
[2024-05-24T07:36:01.418+0000] {processor.py:830} INFO - Processing file /home/airflow/.local/lib/python3.12/site-packages/airflow/example_dags/example_trigger_target_dag.py for tasks to queue
[2024-05-24T07:36:01.419+0000] {logging_mixin.py:188} INFO - [2024-05-24T07:36:01.419+0000] {dagbag.py:545} INFO - Filling up the DagBag from /home/airflow/.local/lib/python3.12/site-packages/airflow/example_dags/example_trigger_target_dag.py
[2024-05-24T07:36:01.421+0000] {processor.py:840} INFO - DAG(s) 'example_trigger_target_dag' retrieved from /home/airflow/.local/lib/python3.12/site-packages/airflow/example_dags/example_trigger_target_dag.py
[2024-05-24T07:36:01.428+0000] {logging_mixin.py:188} INFO - [2024-05-24T07:36:01.428+0000] {dag.py:3096} INFO - Sync 1 DAGs
[2024-05-24T07:36:01.433+0000] {logging_mixin.py:188} INFO - [2024-05-24T07:36:01.433+0000] {dag.py:3954} INFO - Setting next_dagrun for example_trigger_target_dag to None, run_after=None
[2024-05-24T07:36:01.439+0000] {processor.py:183} INFO - Processing /home/airflow/.local/lib/python3.12/site-packages/airflow/example_dags/example_trigger_target_dag.py took 0.024 seconds
[2024-05-24T07:36:31.909+0000] {processor.py:161} INFO - Started process (PID=13967) to work on /home/airflow/.local/lib/python3.12/site-packages/airflow/example_dags/example_trigger_target_dag.py
[2024-05-24T07:36:31.910+0000] {processor.py:830} INFO - Processing file /home/airflow/.local/lib/python3.12/site-packages/airflow/example_dags/example_trigger_target_dag.py for tasks to queue
[2024-05-24T07:36:31.910+0000] {logging_mixin.py:188} INFO - [2024-05-24T07:36:31.910+0000] {dagbag.py:545} INFO - Filling up the DagBag from /home/airflow/.local/lib/python3.12/site-packages/airflow/example_dags/example_trigger_target_dag.py
[2024-05-24T07:36:31.913+0000] {processor.py:840} INFO - DAG(s) 'example_trigger_target_dag' retrieved from /home/airflow/.local/lib/python3.12/site-packages/airflow/example_dags/example_trigger_target_dag.py
[2024-05-24T07:36:31.921+0000] {logging_mixin.py:188} INFO - [2024-05-24T07:36:31.921+0000] {dag.py:3096} INFO - Sync 1 DAGs
[2024-05-24T07:36:31.926+0000] {logging_mixin.py:188} INFO - [2024-05-24T07:36:31.926+0000] {dag.py:3954} INFO - Setting next_dagrun for example_trigger_target_dag to None, run_after=None
[2024-05-24T07:36:31.932+0000] {processor.py:183} INFO - Processing /home/airflow/.local/lib/python3.12/site-packages/airflow/example_dags/example_trigger_target_dag.py took 0.025 seconds
[2024-05-24T07:37:02.270+0000] {processor.py:161} INFO - Started process (PID=14229) to work on /home/airflow/.local/lib/python3.12/site-packages/airflow/example_dags/example_trigger_target_dag.py
[2024-05-24T07:37:02.270+0000] {processor.py:830} INFO - Processing file /home/airflow/.local/lib/python3.12/site-packages/airflow/example_dags/example_trigger_target_dag.py for tasks to queue
[2024-05-24T07:37:02.271+0000] {logging_mixin.py:188} INFO - [2024-05-24T07:37:02.271+0000] {dagbag.py:545} INFO - Filling up the DagBag from /home/airflow/.local/lib/python3.12/site-packages/airflow/example_dags/example_trigger_target_dag.py
[2024-05-24T07:37:02.274+0000] {processor.py:840} INFO - DAG(s) 'example_trigger_target_dag' retrieved from /home/airflow/.local/lib/python3.12/site-packages/airflow/example_dags/example_trigger_target_dag.py
[2024-05-24T07:37:02.282+0000] {logging_mixin.py:188} INFO - [2024-05-24T07:37:02.281+0000] {dag.py:3096} INFO - Sync 1 DAGs
[2024-05-24T07:37:02.286+0000] {logging_mixin.py:188} INFO - [2024-05-24T07:37:02.286+0000] {dag.py:3954} INFO - Setting next_dagrun for example_trigger_target_dag to None, run_after=None
[2024-05-24T07:37:02.293+0000] {processor.py:183} INFO - Processing /home/airflow/.local/lib/python3.12/site-packages/airflow/example_dags/example_trigger_target_dag.py took 0.026 seconds
[2024-05-24T07:37:32.728+0000] {processor.py:161} INFO - Started process (PID=14491) to work on /home/airflow/.local/lib/python3.12/site-packages/airflow/example_dags/example_trigger_target_dag.py
[2024-05-24T07:37:32.728+0000] {processor.py:830} INFO - Processing file /home/airflow/.local/lib/python3.12/site-packages/airflow/example_dags/example_trigger_target_dag.py for tasks to queue
[2024-05-24T07:37:32.729+0000] {logging_mixin.py:188} INFO - [2024-05-24T07:37:32.729+0000] {dagbag.py:545} INFO - Filling up the DagBag from /home/airflow/.local/lib/python3.12/site-packages/airflow/example_dags/example_trigger_target_dag.py
[2024-05-24T07:37:32.731+0000] {processor.py:840} INFO - DAG(s) 'example_trigger_target_dag' retrieved from /home/airflow/.local/lib/python3.12/site-packages/airflow/example_dags/example_trigger_target_dag.py
[2024-05-24T07:37:32.738+0000] {logging_mixin.py:188} INFO - [2024-05-24T07:37:32.738+0000] {dag.py:3096} INFO - Sync 1 DAGs
[2024-05-24T07:37:32.743+0000] {logging_mixin.py:188} INFO - [2024-05-24T07:37:32.742+0000] {dag.py:3954} INFO - Setting next_dagrun for example_trigger_target_dag to None, run_after=None
[2024-05-24T07:37:32.749+0000] {processor.py:183} INFO - Processing /home/airflow/.local/lib/python3.12/site-packages/airflow/example_dags/example_trigger_target_dag.py took 0.023 seconds
[2024-05-24T07:38:03.151+0000] {processor.py:161} INFO - Started process (PID=14753) to work on /home/airflow/.local/lib/python3.12/site-packages/airflow/example_dags/example_trigger_target_dag.py
[2024-05-24T07:38:03.152+0000] {processor.py:830} INFO - Processing file /home/airflow/.local/lib/python3.12/site-packages/airflow/example_dags/example_trigger_target_dag.py for tasks to queue
[2024-05-24T07:38:03.153+0000] {logging_mixin.py:188} INFO - [2024-05-24T07:38:03.152+0000] {dagbag.py:545} INFO - Filling up the DagBag from /home/airflow/.local/lib/python3.12/site-packages/airflow/example_dags/example_trigger_target_dag.py
[2024-05-24T07:38:03.155+0000] {processor.py:840} INFO - DAG(s) 'example_trigger_target_dag' retrieved from /home/airflow/.local/lib/python3.12/site-packages/airflow/example_dags/example_trigger_target_dag.py
[2024-05-24T07:38:03.163+0000] {logging_mixin.py:188} INFO - [2024-05-24T07:38:03.162+0000] {dag.py:3096} INFO - Sync 1 DAGs
[2024-05-24T07:38:03.167+0000] {logging_mixin.py:188} INFO - [2024-05-24T07:38:03.167+0000] {dag.py:3954} INFO - Setting next_dagrun for example_trigger_target_dag to None, run_after=None
[2024-05-24T07:38:03.174+0000] {processor.py:183} INFO - Processing /home/airflow/.local/lib/python3.12/site-packages/airflow/example_dags/example_trigger_target_dag.py took 0.025 seconds
[2024-05-24T07:38:33.498+0000] {processor.py:161} INFO - Started process (PID=15015) to work on /home/airflow/.local/lib/python3.12/site-packages/airflow/example_dags/example_trigger_target_dag.py
[2024-05-24T07:38:33.498+0000] {processor.py:830} INFO - Processing file /home/airflow/.local/lib/python3.12/site-packages/airflow/example_dags/example_trigger_target_dag.py for tasks to queue
[2024-05-24T07:38:33.499+0000] {logging_mixin.py:188} INFO - [2024-05-24T07:38:33.499+0000] {dagbag.py:545} INFO - Filling up the DagBag from /home/airflow/.local/lib/python3.12/site-packages/airflow/example_dags/example_trigger_target_dag.py
[2024-05-24T07:38:33.501+0000] {processor.py:840} INFO - DAG(s) 'example_trigger_target_dag' retrieved from /home/airflow/.local/lib/python3.12/site-packages/airflow/example_dags/example_trigger_target_dag.py
[2024-05-24T07:38:33.509+0000] {logging_mixin.py:188} INFO - [2024-05-24T07:38:33.509+0000] {dag.py:3096} INFO - Sync 1 DAGs
[2024-05-24T07:38:33.514+0000] {logging_mixin.py:188} INFO - [2024-05-24T07:38:33.514+0000] {dag.py:3954} INFO - Setting next_dagrun for example_trigger_target_dag to None, run_after=None
[2024-05-24T07:38:33.520+0000] {processor.py:183} INFO - Processing /home/airflow/.local/lib/python3.12/site-packages/airflow/example_dags/example_trigger_target_dag.py took 0.025 seconds
[2024-05-24T07:39:03.830+0000] {processor.py:161} INFO - Started process (PID=15277) to work on /home/airflow/.local/lib/python3.12/site-packages/airflow/example_dags/example_trigger_target_dag.py
[2024-05-24T07:39:03.831+0000] {processor.py:830} INFO - Processing file /home/airflow/.local/lib/python3.12/site-packages/airflow/example_dags/example_trigger_target_dag.py for tasks to queue
[2024-05-24T07:39:03.831+0000] {logging_mixin.py:188} INFO - [2024-05-24T07:39:03.831+0000] {dagbag.py:545} INFO - Filling up the DagBag from /home/airflow/.local/lib/python3.12/site-packages/airflow/example_dags/example_trigger_target_dag.py
[2024-05-24T07:39:03.835+0000] {processor.py:840} INFO - DAG(s) 'example_trigger_target_dag' retrieved from /home/airflow/.local/lib/python3.12/site-packages/airflow/example_dags/example_trigger_target_dag.py
[2024-05-24T07:39:03.844+0000] {logging_mixin.py:188} INFO - [2024-05-24T07:39:03.844+0000] {dag.py:3096} INFO - Sync 1 DAGs
[2024-05-24T07:39:03.849+0000] {logging_mixin.py:188} INFO - [2024-05-24T07:39:03.849+0000] {dag.py:3954} INFO - Setting next_dagrun for example_trigger_target_dag to None, run_after=None
[2024-05-24T07:39:03.858+0000] {processor.py:183} INFO - Processing /home/airflow/.local/lib/python3.12/site-packages/airflow/example_dags/example_trigger_target_dag.py took 0.030 seconds
[2024-05-24T07:39:34.174+0000] {processor.py:161} INFO - Started process (PID=15538) to work on /home/airflow/.local/lib/python3.12/site-packages/airflow/example_dags/example_trigger_target_dag.py
[2024-05-24T07:39:34.175+0000] {processor.py:830} INFO - Processing file /home/airflow/.local/lib/python3.12/site-packages/airflow/example_dags/example_trigger_target_dag.py for tasks to queue
[2024-05-24T07:39:34.175+0000] {logging_mixin.py:188} INFO - [2024-05-24T07:39:34.175+0000] {dagbag.py:545} INFO - Filling up the DagBag from /home/airflow/.local/lib/python3.12/site-packages/airflow/example_dags/example_trigger_target_dag.py
[2024-05-24T07:39:34.178+0000] {processor.py:840} INFO - DAG(s) 'example_trigger_target_dag' retrieved from /home/airflow/.local/lib/python3.12/site-packages/airflow/example_dags/example_trigger_target_dag.py
[2024-05-24T07:39:34.185+0000] {logging_mixin.py:188} INFO - [2024-05-24T07:39:34.185+0000] {dag.py:3096} INFO - Sync 1 DAGs
[2024-05-24T07:39:34.190+0000] {logging_mixin.py:188} INFO - [2024-05-24T07:39:34.190+0000] {dag.py:3954} INFO - Setting next_dagrun for example_trigger_target_dag to None, run_after=None
[2024-05-24T07:39:34.197+0000] {processor.py:183} INFO - Processing /home/airflow/.local/lib/python3.12/site-packages/airflow/example_dags/example_trigger_target_dag.py took 0.025 seconds
[2024-05-24T07:40:04.662+0000] {processor.py:161} INFO - Started process (PID=15800) to work on /home/airflow/.local/lib/python3.12/site-packages/airflow/example_dags/example_trigger_target_dag.py
[2024-05-24T07:40:04.662+0000] {processor.py:830} INFO - Processing file /home/airflow/.local/lib/python3.12/site-packages/airflow/example_dags/example_trigger_target_dag.py for tasks to queue
[2024-05-24T07:40:04.663+0000] {logging_mixin.py:188} INFO - [2024-05-24T07:40:04.663+0000] {dagbag.py:545} INFO - Filling up the DagBag from /home/airflow/.local/lib/python3.12/site-packages/airflow/example_dags/example_trigger_target_dag.py
[2024-05-24T07:40:04.665+0000] {processor.py:840} INFO - DAG(s) 'example_trigger_target_dag' retrieved from /home/airflow/.local/lib/python3.12/site-packages/airflow/example_dags/example_trigger_target_dag.py
[2024-05-24T07:40:04.673+0000] {logging_mixin.py:188} INFO - [2024-05-24T07:40:04.673+0000] {dag.py:3096} INFO - Sync 1 DAGs
[2024-05-24T07:40:04.678+0000] {logging_mixin.py:188} INFO - [2024-05-24T07:40:04.678+0000] {dag.py:3954} INFO - Setting next_dagrun for example_trigger_target_dag to None, run_after=None
[2024-05-24T07:40:04.685+0000] {processor.py:183} INFO - Processing /home/airflow/.local/lib/python3.12/site-packages/airflow/example_dags/example_trigger_target_dag.py took 0.025 seconds
[2024-05-24T07:40:35.115+0000] {processor.py:161} INFO - Started process (PID=16062) to work on /home/airflow/.local/lib/python3.12/site-packages/airflow/example_dags/example_trigger_target_dag.py
[2024-05-24T07:40:35.116+0000] {processor.py:830} INFO - Processing file /home/airflow/.local/lib/python3.12/site-packages/airflow/example_dags/example_trigger_target_dag.py for tasks to queue
[2024-05-24T07:40:35.117+0000] {logging_mixin.py:188} INFO - [2024-05-24T07:40:35.117+0000] {dagbag.py:545} INFO - Filling up the DagBag from /home/airflow/.local/lib/python3.12/site-packages/airflow/example_dags/example_trigger_target_dag.py
[2024-05-24T07:40:35.119+0000] {processor.py:840} INFO - DAG(s) 'example_trigger_target_dag' retrieved from /home/airflow/.local/lib/python3.12/site-packages/airflow/example_dags/example_trigger_target_dag.py
[2024-05-24T07:40:35.127+0000] {logging_mixin.py:188} INFO - [2024-05-24T07:40:35.127+0000] {dag.py:3096} INFO - Sync 1 DAGs
[2024-05-24T07:40:35.132+0000] {logging_mixin.py:188} INFO - [2024-05-24T07:40:35.132+0000] {dag.py:3954} INFO - Setting next_dagrun for example_trigger_target_dag to None, run_after=None
[2024-05-24T07:40:35.138+0000] {processor.py:183} INFO - Processing /home/airflow/.local/lib/python3.12/site-packages/airflow/example_dags/example_trigger_target_dag.py took 0.025 seconds
[2024-05-24T07:41:05.484+0000] {processor.py:161} INFO - Started process (PID=16324) to work on /home/airflow/.local/lib/python3.12/site-packages/airflow/example_dags/example_trigger_target_dag.py
[2024-05-24T07:41:05.484+0000] {processor.py:830} INFO - Processing file /home/airflow/.local/lib/python3.12/site-packages/airflow/example_dags/example_trigger_target_dag.py for tasks to queue
[2024-05-24T07:41:05.485+0000] {logging_mixin.py:188} INFO - [2024-05-24T07:41:05.485+0000] {dagbag.py:545} INFO - Filling up the DagBag from /home/airflow/.local/lib/python3.12/site-packages/airflow/example_dags/example_trigger_target_dag.py
[2024-05-24T07:41:05.488+0000] {processor.py:840} INFO - DAG(s) 'example_trigger_target_dag' retrieved from /home/airflow/.local/lib/python3.12/site-packages/airflow/example_dags/example_trigger_target_dag.py
[2024-05-24T07:41:05.495+0000] {logging_mixin.py:188} INFO - [2024-05-24T07:41:05.495+0000] {dag.py:3096} INFO - Sync 1 DAGs
[2024-05-24T07:41:05.500+0000] {logging_mixin.py:188} INFO - [2024-05-24T07:41:05.500+0000] {dag.py:3954} INFO - Setting next_dagrun for example_trigger_target_dag to None, run_after=None
[2024-05-24T07:41:05.507+0000] {processor.py:183} INFO - Processing /home/airflow/.local/lib/python3.12/site-packages/airflow/example_dags/example_trigger_target_dag.py took 0.025 seconds
[2024-05-24T07:41:35.818+0000] {processor.py:161} INFO - Started process (PID=16586) to work on /home/airflow/.local/lib/python3.12/site-packages/airflow/example_dags/example_trigger_target_dag.py
[2024-05-24T07:41:35.818+0000] {processor.py:830} INFO - Processing file /home/airflow/.local/lib/python3.12/site-packages/airflow/example_dags/example_trigger_target_dag.py for tasks to queue
[2024-05-24T07:41:35.819+0000] {logging_mixin.py:188} INFO - [2024-05-24T07:41:35.819+0000] {dagbag.py:545} INFO - Filling up the DagBag from /home/airflow/.local/lib/python3.12/site-packages/airflow/example_dags/example_trigger_target_dag.py
[2024-05-24T07:41:35.822+0000] {processor.py:840} INFO - DAG(s) 'example_trigger_target_dag' retrieved from /home/airflow/.local/lib/python3.12/site-packages/airflow/example_dags/example_trigger_target_dag.py
[2024-05-24T07:41:35.829+0000] {logging_mixin.py:188} INFO - [2024-05-24T07:41:35.829+0000] {dag.py:3096} INFO - Sync 1 DAGs
[2024-05-24T07:41:35.834+0000] {logging_mixin.py:188} INFO - [2024-05-24T07:41:35.834+0000] {dag.py:3954} INFO - Setting next_dagrun for example_trigger_target_dag to None, run_after=None
[2024-05-24T07:41:35.841+0000] {processor.py:183} INFO - Processing /home/airflow/.local/lib/python3.12/site-packages/airflow/example_dags/example_trigger_target_dag.py took 0.026 seconds
[2024-05-24T07:42:06.177+0000] {processor.py:161} INFO - Started process (PID=16848) to work on /home/airflow/.local/lib/python3.12/site-packages/airflow/example_dags/example_trigger_target_dag.py
[2024-05-24T07:42:06.177+0000] {processor.py:830} INFO - Processing file /home/airflow/.local/lib/python3.12/site-packages/airflow/example_dags/example_trigger_target_dag.py for tasks to queue
[2024-05-24T07:42:06.178+0000] {logging_mixin.py:188} INFO - [2024-05-24T07:42:06.178+0000] {dagbag.py:545} INFO - Filling up the DagBag from /home/airflow/.local/lib/python3.12/site-packages/airflow/example_dags/example_trigger_target_dag.py
[2024-05-24T07:42:06.181+0000] {processor.py:840} INFO - DAG(s) 'example_trigger_target_dag' retrieved from /home/airflow/.local/lib/python3.12/site-packages/airflow/example_dags/example_trigger_target_dag.py
[2024-05-24T07:42:06.188+0000] {logging_mixin.py:188} INFO - [2024-05-24T07:42:06.188+0000] {dag.py:3096} INFO - Sync 1 DAGs
[2024-05-24T07:42:06.193+0000] {logging_mixin.py:188} INFO - [2024-05-24T07:42:06.193+0000] {dag.py:3954} INFO - Setting next_dagrun for example_trigger_target_dag to None, run_after=None
[2024-05-24T07:42:06.199+0000] {processor.py:183} INFO - Processing /home/airflow/.local/lib/python3.12/site-packages/airflow/example_dags/example_trigger_target_dag.py took 0.025 seconds
[2024-05-24T07:42:36.614+0000] {processor.py:161} INFO - Started process (PID=17110) to work on /home/airflow/.local/lib/python3.12/site-packages/airflow/example_dags/example_trigger_target_dag.py
[2024-05-24T07:42:36.614+0000] {processor.py:830} INFO - Processing file /home/airflow/.local/lib/python3.12/site-packages/airflow/example_dags/example_trigger_target_dag.py for tasks to queue
[2024-05-24T07:42:36.615+0000] {logging_mixin.py:188} INFO - [2024-05-24T07:42:36.615+0000] {dagbag.py:545} INFO - Filling up the DagBag from /home/airflow/.local/lib/python3.12/site-packages/airflow/example_dags/example_trigger_target_dag.py
[2024-05-24T07:42:36.617+0000] {processor.py:840} INFO - DAG(s) 'example_trigger_target_dag' retrieved from /home/airflow/.local/lib/python3.12/site-packages/airflow/example_dags/example_trigger_target_dag.py
[2024-05-24T07:42:36.624+0000] {logging_mixin.py:188} INFO - [2024-05-24T07:42:36.624+0000] {dag.py:3096} INFO - Sync 1 DAGs
[2024-05-24T07:42:36.628+0000] {logging_mixin.py:188} INFO - [2024-05-24T07:42:36.628+0000] {dag.py:3954} INFO - Setting next_dagrun for example_trigger_target_dag to None, run_after=None
[2024-05-24T07:42:36.634+0000] {processor.py:183} INFO - Processing /home/airflow/.local/lib/python3.12/site-packages/airflow/example_dags/example_trigger_target_dag.py took 0.023 seconds
[2024-05-24T07:43:07.021+0000] {processor.py:161} INFO - Started process (PID=17372) to work on /home/airflow/.local/lib/python3.12/site-packages/airflow/example_dags/example_trigger_target_dag.py
[2024-05-24T07:43:07.021+0000] {processor.py:830} INFO - Processing file /home/airflow/.local/lib/python3.12/site-packages/airflow/example_dags/example_trigger_target_dag.py for tasks to queue
[2024-05-24T07:43:07.022+0000] {logging_mixin.py:188} INFO - [2024-05-24T07:43:07.022+0000] {dagbag.py:545} INFO - Filling up the DagBag from /home/airflow/.local/lib/python3.12/site-packages/airflow/example_dags/example_trigger_target_dag.py
[2024-05-24T07:43:07.024+0000] {processor.py:840} INFO - DAG(s) 'example_trigger_target_dag' retrieved from /home/airflow/.local/lib/python3.12/site-packages/airflow/example_dags/example_trigger_target_dag.py
[2024-05-24T07:43:07.032+0000] {logging_mixin.py:188} INFO - [2024-05-24T07:43:07.032+0000] {dag.py:3096} INFO - Sync 1 DAGs
[2024-05-24T07:43:07.037+0000] {logging_mixin.py:188} INFO - [2024-05-24T07:43:07.037+0000] {dag.py:3954} INFO - Setting next_dagrun for example_trigger_target_dag to None, run_after=None
[2024-05-24T07:43:07.044+0000] {processor.py:183} INFO - Processing /home/airflow/.local/lib/python3.12/site-packages/airflow/example_dags/example_trigger_target_dag.py took 0.026 seconds
[2024-05-24T07:43:37.367+0000] {processor.py:161} INFO - Started process (PID=17634) to work on /home/airflow/.local/lib/python3.12/site-packages/airflow/example_dags/example_trigger_target_dag.py
[2024-05-24T07:43:37.367+0000] {processor.py:830} INFO - Processing file /home/airflow/.local/lib/python3.12/site-packages/airflow/example_dags/example_trigger_target_dag.py for tasks to queue
[2024-05-24T07:43:37.368+0000] {logging_mixin.py:188} INFO - [2024-05-24T07:43:37.368+0000] {dagbag.py:545} INFO - Filling up the DagBag from /home/airflow/.local/lib/python3.12/site-packages/airflow/example_dags/example_trigger_target_dag.py
[2024-05-24T07:43:37.371+0000] {processor.py:840} INFO - DAG(s) 'example_trigger_target_dag' retrieved from /home/airflow/.local/lib/python3.12/site-packages/airflow/example_dags/example_trigger_target_dag.py
[2024-05-24T07:43:37.379+0000] {logging_mixin.py:188} INFO - [2024-05-24T07:43:37.379+0000] {dag.py:3096} INFO - Sync 1 DAGs
[2024-05-24T07:43:37.384+0000] {logging_mixin.py:188} INFO - [2024-05-24T07:43:37.384+0000] {dag.py:3954} INFO - Setting next_dagrun for example_trigger_target_dag to None, run_after=None
[2024-05-24T07:43:37.391+0000] {processor.py:183} INFO - Processing /home/airflow/.local/lib/python3.12/site-packages/airflow/example_dags/example_trigger_target_dag.py took 0.026 seconds
[2024-05-24T07:44:07.712+0000] {processor.py:161} INFO - Started process (PID=17896) to work on /home/airflow/.local/lib/python3.12/site-packages/airflow/example_dags/example_trigger_target_dag.py
[2024-05-24T07:44:07.712+0000] {processor.py:830} INFO - Processing file /home/airflow/.local/lib/python3.12/site-packages/airflow/example_dags/example_trigger_target_dag.py for tasks to queue
[2024-05-24T07:44:07.713+0000] {logging_mixin.py:188} INFO - [2024-05-24T07:44:07.713+0000] {dagbag.py:545} INFO - Filling up the DagBag from /home/airflow/.local/lib/python3.12/site-packages/airflow/example_dags/example_trigger_target_dag.py
[2024-05-24T07:44:07.715+0000] {processor.py:840} INFO - DAG(s) 'example_trigger_target_dag' retrieved from /home/airflow/.local/lib/python3.12/site-packages/airflow/example_dags/example_trigger_target_dag.py
[2024-05-24T07:44:07.723+0000] {logging_mixin.py:188} INFO - [2024-05-24T07:44:07.723+0000] {dag.py:3096} INFO - Sync 1 DAGs
[2024-05-24T07:44:07.728+0000] {logging_mixin.py:188} INFO - [2024-05-24T07:44:07.728+0000] {dag.py:3954} INFO - Setting next_dagrun for example_trigger_target_dag to None, run_after=None
[2024-05-24T07:44:07.735+0000] {processor.py:183} INFO - Processing /home/airflow/.local/lib/python3.12/site-packages/airflow/example_dags/example_trigger_target_dag.py took 0.026 seconds
[2024-05-24T07:44:38.042+0000] {processor.py:161} INFO - Started process (PID=18158) to work on /home/airflow/.local/lib/python3.12/site-packages/airflow/example_dags/example_trigger_target_dag.py
[2024-05-24T07:44:38.043+0000] {processor.py:830} INFO - Processing file /home/airflow/.local/lib/python3.12/site-packages/airflow/example_dags/example_trigger_target_dag.py for tasks to queue
[2024-05-24T07:44:38.044+0000] {logging_mixin.py:188} INFO - [2024-05-24T07:44:38.043+0000] {dagbag.py:545} INFO - Filling up the DagBag from /home/airflow/.local/lib/python3.12/site-packages/airflow/example_dags/example_trigger_target_dag.py
[2024-05-24T07:44:38.046+0000] {processor.py:840} INFO - DAG(s) 'example_trigger_target_dag' retrieved from /home/airflow/.local/lib/python3.12/site-packages/airflow/example_dags/example_trigger_target_dag.py
[2024-05-24T07:44:38.054+0000] {logging_mixin.py:188} INFO - [2024-05-24T07:44:38.054+0000] {dag.py:3096} INFO - Sync 1 DAGs
[2024-05-24T07:44:38.059+0000] {logging_mixin.py:188} INFO - [2024-05-24T07:44:38.059+0000] {dag.py:3954} INFO - Setting next_dagrun for example_trigger_target_dag to None, run_after=None
[2024-05-24T07:44:38.064+0000] {processor.py:183} INFO - Processing /home/airflow/.local/lib/python3.12/site-packages/airflow/example_dags/example_trigger_target_dag.py took 0.024 seconds
