[2024-05-24T05:45:20.797+0000] {processor.py:161} INFO - Started process (PID=351) to work on /home/airflow/.local/lib/python3.12/site-packages/airflow/example_dags/example_setup_teardown_taskflow.py
[2024-05-24T05:45:20.798+0000] {processor.py:830} INFO - Processing file /home/airflow/.local/lib/python3.12/site-packages/airflow/example_dags/example_setup_teardown_taskflow.py for tasks to queue
[2024-05-24T05:45:20.798+0000] {logging_mixin.py:188} INFO - [2024-05-24T05:45:20.798+0000] {dagbag.py:545} INFO - Filling up the DagBag from /home/airflow/.local/lib/python3.12/site-packages/airflow/example_dags/example_setup_teardown_taskflow.py
[2024-05-24T05:45:20.802+0000] {processor.py:840} INFO - DAG(s) 'example_setup_teardown_taskflow' retrieved from /home/airflow/.local/lib/python3.12/site-packages/airflow/example_dags/example_setup_teardown_taskflow.py
[2024-05-24T05:45:20.807+0000] {logging_mixin.py:188} INFO - [2024-05-24T05:45:20.807+0000] {dag.py:3096} INFO - Sync 1 DAGs
[2024-05-24T05:45:20.830+0000] {logging_mixin.py:188} INFO - [2024-05-24T05:45:20.829+0000] {dag.py:3954} INFO - Setting next_dagrun for example_setup_teardown_taskflow to 2024-05-23 00:00:00+00:00, run_after=2024-05-24 00:00:00+00:00
[2024-05-24T05:45:20.843+0000] {processor.py:183} INFO - Processing /home/airflow/.local/lib/python3.12/site-packages/airflow/example_dags/example_setup_teardown_taskflow.py took 0.048 seconds
[2024-05-24T05:45:51.373+0000] {processor.py:161} INFO - Started process (PID=615) to work on /home/airflow/.local/lib/python3.12/site-packages/airflow/example_dags/example_setup_teardown_taskflow.py
[2024-05-24T05:45:51.374+0000] {processor.py:830} INFO - Processing file /home/airflow/.local/lib/python3.12/site-packages/airflow/example_dags/example_setup_teardown_taskflow.py for tasks to queue
[2024-05-24T05:45:51.374+0000] {logging_mixin.py:188} INFO - [2024-05-24T05:45:51.374+0000] {dagbag.py:545} INFO - Filling up the DagBag from /home/airflow/.local/lib/python3.12/site-packages/airflow/example_dags/example_setup_teardown_taskflow.py
[2024-05-24T05:45:51.378+0000] {processor.py:840} INFO - DAG(s) 'example_setup_teardown_taskflow' retrieved from /home/airflow/.local/lib/python3.12/site-packages/airflow/example_dags/example_setup_teardown_taskflow.py
[2024-05-24T05:45:51.415+0000] {logging_mixin.py:188} INFO - [2024-05-24T05:45:51.415+0000] {dag.py:3096} INFO - Sync 1 DAGs
[2024-05-24T05:45:51.422+0000] {logging_mixin.py:188} INFO - [2024-05-24T05:45:51.422+0000] {dag.py:3954} INFO - Setting next_dagrun for example_setup_teardown_taskflow to 2024-05-23 00:00:00+00:00, run_after=2024-05-24 00:00:00+00:00
[2024-05-24T05:45:51.429+0000] {processor.py:183} INFO - Processing /home/airflow/.local/lib/python3.12/site-packages/airflow/example_dags/example_setup_teardown_taskflow.py took 0.058 seconds
[2024-05-24T05:46:21.990+0000] {processor.py:161} INFO - Started process (PID=875) to work on /home/airflow/.local/lib/python3.12/site-packages/airflow/example_dags/example_setup_teardown_taskflow.py
[2024-05-24T05:46:21.990+0000] {processor.py:830} INFO - Processing file /home/airflow/.local/lib/python3.12/site-packages/airflow/example_dags/example_setup_teardown_taskflow.py for tasks to queue
[2024-05-24T05:46:21.991+0000] {logging_mixin.py:188} INFO - [2024-05-24T05:46:21.991+0000] {dagbag.py:545} INFO - Filling up the DagBag from /home/airflow/.local/lib/python3.12/site-packages/airflow/example_dags/example_setup_teardown_taskflow.py
[2024-05-24T05:46:21.995+0000] {processor.py:840} INFO - DAG(s) 'example_setup_teardown_taskflow' retrieved from /home/airflow/.local/lib/python3.12/site-packages/airflow/example_dags/example_setup_teardown_taskflow.py
[2024-05-24T05:46:22.003+0000] {logging_mixin.py:188} INFO - [2024-05-24T05:46:22.003+0000] {dag.py:3096} INFO - Sync 1 DAGs
[2024-05-24T05:46:22.011+0000] {logging_mixin.py:188} INFO - [2024-05-24T05:46:22.011+0000] {dag.py:3954} INFO - Setting next_dagrun for example_setup_teardown_taskflow to 2024-05-23 00:00:00+00:00, run_after=2024-05-24 00:00:00+00:00
[2024-05-24T05:46:22.018+0000] {processor.py:183} INFO - Processing /home/airflow/.local/lib/python3.12/site-packages/airflow/example_dags/example_setup_teardown_taskflow.py took 0.030 seconds
[2024-05-24T05:46:52.306+0000] {processor.py:161} INFO - Started process (PID=1139) to work on /home/airflow/.local/lib/python3.12/site-packages/airflow/example_dags/example_setup_teardown_taskflow.py
[2024-05-24T05:46:52.307+0000] {processor.py:830} INFO - Processing file /home/airflow/.local/lib/python3.12/site-packages/airflow/example_dags/example_setup_teardown_taskflow.py for tasks to queue
[2024-05-24T05:46:52.308+0000] {logging_mixin.py:188} INFO - [2024-05-24T05:46:52.307+0000] {dagbag.py:545} INFO - Filling up the DagBag from /home/airflow/.local/lib/python3.12/site-packages/airflow/example_dags/example_setup_teardown_taskflow.py
[2024-05-24T05:46:52.311+0000] {processor.py:840} INFO - DAG(s) 'example_setup_teardown_taskflow' retrieved from /home/airflow/.local/lib/python3.12/site-packages/airflow/example_dags/example_setup_teardown_taskflow.py
[2024-05-24T05:46:52.319+0000] {logging_mixin.py:188} INFO - [2024-05-24T05:46:52.319+0000] {dag.py:3096} INFO - Sync 1 DAGs
[2024-05-24T05:46:52.326+0000] {logging_mixin.py:188} INFO - [2024-05-24T05:46:52.326+0000] {dag.py:3954} INFO - Setting next_dagrun for example_setup_teardown_taskflow to 2024-05-23 00:00:00+00:00, run_after=2024-05-24 00:00:00+00:00
[2024-05-24T05:46:52.332+0000] {processor.py:183} INFO - Processing /home/airflow/.local/lib/python3.12/site-packages/airflow/example_dags/example_setup_teardown_taskflow.py took 0.028 seconds
[2024-05-24T05:47:22.630+0000] {processor.py:161} INFO - Started process (PID=1399) to work on /home/airflow/.local/lib/python3.12/site-packages/airflow/example_dags/example_setup_teardown_taskflow.py
[2024-05-24T05:47:22.631+0000] {processor.py:830} INFO - Processing file /home/airflow/.local/lib/python3.12/site-packages/airflow/example_dags/example_setup_teardown_taskflow.py for tasks to queue
[2024-05-24T05:47:22.631+0000] {logging_mixin.py:188} INFO - [2024-05-24T05:47:22.631+0000] {dagbag.py:545} INFO - Filling up the DagBag from /home/airflow/.local/lib/python3.12/site-packages/airflow/example_dags/example_setup_teardown_taskflow.py
[2024-05-24T05:47:22.635+0000] {processor.py:840} INFO - DAG(s) 'example_setup_teardown_taskflow' retrieved from /home/airflow/.local/lib/python3.12/site-packages/airflow/example_dags/example_setup_teardown_taskflow.py
[2024-05-24T05:47:22.643+0000] {logging_mixin.py:188} INFO - [2024-05-24T05:47:22.643+0000] {dag.py:3096} INFO - Sync 1 DAGs
[2024-05-24T05:47:22.652+0000] {logging_mixin.py:188} INFO - [2024-05-24T05:47:22.652+0000] {dag.py:3954} INFO - Setting next_dagrun for example_setup_teardown_taskflow to 2024-05-23 00:00:00+00:00, run_after=2024-05-24 00:00:00+00:00
[2024-05-24T05:47:22.658+0000] {processor.py:183} INFO - Processing /home/airflow/.local/lib/python3.12/site-packages/airflow/example_dags/example_setup_teardown_taskflow.py took 0.030 seconds
[2024-05-24T05:47:53.000+0000] {processor.py:161} INFO - Started process (PID=1661) to work on /home/airflow/.local/lib/python3.12/site-packages/airflow/example_dags/example_setup_teardown_taskflow.py
[2024-05-24T05:47:53.001+0000] {processor.py:830} INFO - Processing file /home/airflow/.local/lib/python3.12/site-packages/airflow/example_dags/example_setup_teardown_taskflow.py for tasks to queue
[2024-05-24T05:47:53.002+0000] {logging_mixin.py:188} INFO - [2024-05-24T05:47:53.002+0000] {dagbag.py:545} INFO - Filling up the DagBag from /home/airflow/.local/lib/python3.12/site-packages/airflow/example_dags/example_setup_teardown_taskflow.py
[2024-05-24T05:47:53.007+0000] {processor.py:840} INFO - DAG(s) 'example_setup_teardown_taskflow' retrieved from /home/airflow/.local/lib/python3.12/site-packages/airflow/example_dags/example_setup_teardown_taskflow.py
[2024-05-24T05:47:53.016+0000] {logging_mixin.py:188} INFO - [2024-05-24T05:47:53.016+0000] {dag.py:3096} INFO - Sync 1 DAGs
[2024-05-24T05:47:53.024+0000] {logging_mixin.py:188} INFO - [2024-05-24T05:47:53.024+0000] {dag.py:3954} INFO - Setting next_dagrun for example_setup_teardown_taskflow to 2024-05-23 00:00:00+00:00, run_after=2024-05-24 00:00:00+00:00
[2024-05-24T05:47:53.031+0000] {processor.py:183} INFO - Processing /home/airflow/.local/lib/python3.12/site-packages/airflow/example_dags/example_setup_teardown_taskflow.py took 0.033 seconds
[2024-05-24T05:48:23.373+0000] {processor.py:161} INFO - Started process (PID=1923) to work on /home/airflow/.local/lib/python3.12/site-packages/airflow/example_dags/example_setup_teardown_taskflow.py
[2024-05-24T05:48:23.374+0000] {processor.py:830} INFO - Processing file /home/airflow/.local/lib/python3.12/site-packages/airflow/example_dags/example_setup_teardown_taskflow.py for tasks to queue
[2024-05-24T05:48:23.375+0000] {logging_mixin.py:188} INFO - [2024-05-24T05:48:23.375+0000] {dagbag.py:545} INFO - Filling up the DagBag from /home/airflow/.local/lib/python3.12/site-packages/airflow/example_dags/example_setup_teardown_taskflow.py
[2024-05-24T05:48:23.379+0000] {processor.py:840} INFO - DAG(s) 'example_setup_teardown_taskflow' retrieved from /home/airflow/.local/lib/python3.12/site-packages/airflow/example_dags/example_setup_teardown_taskflow.py
[2024-05-24T05:48:23.387+0000] {logging_mixin.py:188} INFO - [2024-05-24T05:48:23.387+0000] {dag.py:3096} INFO - Sync 1 DAGs
[2024-05-24T05:48:23.394+0000] {logging_mixin.py:188} INFO - [2024-05-24T05:48:23.394+0000] {dag.py:3954} INFO - Setting next_dagrun for example_setup_teardown_taskflow to 2024-05-23 00:00:00+00:00, run_after=2024-05-24 00:00:00+00:00
[2024-05-24T05:48:23.401+0000] {processor.py:183} INFO - Processing /home/airflow/.local/lib/python3.12/site-packages/airflow/example_dags/example_setup_teardown_taskflow.py took 0.030 seconds
[2024-05-24T05:48:53.661+0000] {processor.py:161} INFO - Started process (PID=2187) to work on /home/airflow/.local/lib/python3.12/site-packages/airflow/example_dags/example_setup_teardown_taskflow.py
[2024-05-24T05:48:53.662+0000] {processor.py:830} INFO - Processing file /home/airflow/.local/lib/python3.12/site-packages/airflow/example_dags/example_setup_teardown_taskflow.py for tasks to queue
[2024-05-24T05:48:53.663+0000] {logging_mixin.py:188} INFO - [2024-05-24T05:48:53.662+0000] {dagbag.py:545} INFO - Filling up the DagBag from /home/airflow/.local/lib/python3.12/site-packages/airflow/example_dags/example_setup_teardown_taskflow.py
[2024-05-24T05:48:53.666+0000] {processor.py:840} INFO - DAG(s) 'example_setup_teardown_taskflow' retrieved from /home/airflow/.local/lib/python3.12/site-packages/airflow/example_dags/example_setup_teardown_taskflow.py
[2024-05-24T05:48:53.674+0000] {logging_mixin.py:188} INFO - [2024-05-24T05:48:53.674+0000] {dag.py:3096} INFO - Sync 1 DAGs
[2024-05-24T05:48:53.681+0000] {logging_mixin.py:188} INFO - [2024-05-24T05:48:53.681+0000] {dag.py:3954} INFO - Setting next_dagrun for example_setup_teardown_taskflow to 2024-05-23 00:00:00+00:00, run_after=2024-05-24 00:00:00+00:00
[2024-05-24T05:48:53.686+0000] {processor.py:183} INFO - Processing /home/airflow/.local/lib/python3.12/site-packages/airflow/example_dags/example_setup_teardown_taskflow.py took 0.027 seconds
[2024-05-24T05:49:23.984+0000] {processor.py:161} INFO - Started process (PID=2447) to work on /home/airflow/.local/lib/python3.12/site-packages/airflow/example_dags/example_setup_teardown_taskflow.py
[2024-05-24T05:49:23.984+0000] {processor.py:830} INFO - Processing file /home/airflow/.local/lib/python3.12/site-packages/airflow/example_dags/example_setup_teardown_taskflow.py for tasks to queue
[2024-05-24T05:49:23.985+0000] {logging_mixin.py:188} INFO - [2024-05-24T05:49:23.985+0000] {dagbag.py:545} INFO - Filling up the DagBag from /home/airflow/.local/lib/python3.12/site-packages/airflow/example_dags/example_setup_teardown_taskflow.py
[2024-05-24T05:49:23.989+0000] {processor.py:840} INFO - DAG(s) 'example_setup_teardown_taskflow' retrieved from /home/airflow/.local/lib/python3.12/site-packages/airflow/example_dags/example_setup_teardown_taskflow.py
[2024-05-24T05:49:23.997+0000] {logging_mixin.py:188} INFO - [2024-05-24T05:49:23.997+0000] {dag.py:3096} INFO - Sync 1 DAGs
[2024-05-24T05:49:24.005+0000] {logging_mixin.py:188} INFO - [2024-05-24T05:49:24.005+0000] {dag.py:3954} INFO - Setting next_dagrun for example_setup_teardown_taskflow to 2024-05-23 00:00:00+00:00, run_after=2024-05-24 00:00:00+00:00
[2024-05-24T05:49:24.011+0000] {processor.py:183} INFO - Processing /home/airflow/.local/lib/python3.12/site-packages/airflow/example_dags/example_setup_teardown_taskflow.py took 0.030 seconds
[2024-05-24T05:49:54.280+0000] {processor.py:161} INFO - Started process (PID=2709) to work on /home/airflow/.local/lib/python3.12/site-packages/airflow/example_dags/example_setup_teardown_taskflow.py
[2024-05-24T05:49:54.280+0000] {processor.py:830} INFO - Processing file /home/airflow/.local/lib/python3.12/site-packages/airflow/example_dags/example_setup_teardown_taskflow.py for tasks to queue
[2024-05-24T05:49:54.281+0000] {logging_mixin.py:188} INFO - [2024-05-24T05:49:54.281+0000] {dagbag.py:545} INFO - Filling up the DagBag from /home/airflow/.local/lib/python3.12/site-packages/airflow/example_dags/example_setup_teardown_taskflow.py
[2024-05-24T05:49:54.285+0000] {processor.py:840} INFO - DAG(s) 'example_setup_teardown_taskflow' retrieved from /home/airflow/.local/lib/python3.12/site-packages/airflow/example_dags/example_setup_teardown_taskflow.py
[2024-05-24T05:49:54.294+0000] {logging_mixin.py:188} INFO - [2024-05-24T05:49:54.294+0000] {dag.py:3096} INFO - Sync 1 DAGs
[2024-05-24T05:49:54.302+0000] {logging_mixin.py:188} INFO - [2024-05-24T05:49:54.302+0000] {dag.py:3954} INFO - Setting next_dagrun for example_setup_teardown_taskflow to 2024-05-23 00:00:00+00:00, run_after=2024-05-24 00:00:00+00:00
[2024-05-24T05:49:54.309+0000] {processor.py:183} INFO - Processing /home/airflow/.local/lib/python3.12/site-packages/airflow/example_dags/example_setup_teardown_taskflow.py took 0.032 seconds
[2024-05-24T05:50:24.702+0000] {processor.py:161} INFO - Started process (PID=2973) to work on /home/airflow/.local/lib/python3.12/site-packages/airflow/example_dags/example_setup_teardown_taskflow.py
[2024-05-24T05:50:24.703+0000] {processor.py:830} INFO - Processing file /home/airflow/.local/lib/python3.12/site-packages/airflow/example_dags/example_setup_teardown_taskflow.py for tasks to queue
[2024-05-24T05:50:24.704+0000] {logging_mixin.py:188} INFO - [2024-05-24T05:50:24.703+0000] {dagbag.py:545} INFO - Filling up the DagBag from /home/airflow/.local/lib/python3.12/site-packages/airflow/example_dags/example_setup_teardown_taskflow.py
[2024-05-24T05:50:24.707+0000] {processor.py:840} INFO - DAG(s) 'example_setup_teardown_taskflow' retrieved from /home/airflow/.local/lib/python3.12/site-packages/airflow/example_dags/example_setup_teardown_taskflow.py
[2024-05-24T05:50:24.716+0000] {logging_mixin.py:188} INFO - [2024-05-24T05:50:24.716+0000] {dag.py:3096} INFO - Sync 1 DAGs
[2024-05-24T05:50:24.724+0000] {logging_mixin.py:188} INFO - [2024-05-24T05:50:24.724+0000] {dag.py:3954} INFO - Setting next_dagrun for example_setup_teardown_taskflow to 2024-05-23 00:00:00+00:00, run_after=2024-05-24 00:00:00+00:00
[2024-05-24T05:50:24.730+0000] {processor.py:183} INFO - Processing /home/airflow/.local/lib/python3.12/site-packages/airflow/example_dags/example_setup_teardown_taskflow.py took 0.030 seconds
[2024-05-24T05:50:55.008+0000] {processor.py:161} INFO - Started process (PID=3233) to work on /home/airflow/.local/lib/python3.12/site-packages/airflow/example_dags/example_setup_teardown_taskflow.py
[2024-05-24T05:50:55.010+0000] {processor.py:830} INFO - Processing file /home/airflow/.local/lib/python3.12/site-packages/airflow/example_dags/example_setup_teardown_taskflow.py for tasks to queue
[2024-05-24T05:50:55.010+0000] {logging_mixin.py:188} INFO - [2024-05-24T05:50:55.010+0000] {dagbag.py:545} INFO - Filling up the DagBag from /home/airflow/.local/lib/python3.12/site-packages/airflow/example_dags/example_setup_teardown_taskflow.py
[2024-05-24T05:50:55.014+0000] {processor.py:840} INFO - DAG(s) 'example_setup_teardown_taskflow' retrieved from /home/airflow/.local/lib/python3.12/site-packages/airflow/example_dags/example_setup_teardown_taskflow.py
[2024-05-24T05:50:55.022+0000] {logging_mixin.py:188} INFO - [2024-05-24T05:50:55.022+0000] {dag.py:3096} INFO - Sync 1 DAGs
[2024-05-24T05:50:55.030+0000] {logging_mixin.py:188} INFO - [2024-05-24T05:50:55.030+0000] {dag.py:3954} INFO - Setting next_dagrun for example_setup_teardown_taskflow to 2024-05-23 00:00:00+00:00, run_after=2024-05-24 00:00:00+00:00
[2024-05-24T05:50:55.037+0000] {processor.py:183} INFO - Processing /home/airflow/.local/lib/python3.12/site-packages/airflow/example_dags/example_setup_teardown_taskflow.py took 0.031 seconds
[2024-05-24T05:51:25.380+0000] {processor.py:161} INFO - Started process (PID=3497) to work on /home/airflow/.local/lib/python3.12/site-packages/airflow/example_dags/example_setup_teardown_taskflow.py
[2024-05-24T05:51:25.380+0000] {processor.py:830} INFO - Processing file /home/airflow/.local/lib/python3.12/site-packages/airflow/example_dags/example_setup_teardown_taskflow.py for tasks to queue
[2024-05-24T05:51:25.381+0000] {logging_mixin.py:188} INFO - [2024-05-24T05:51:25.381+0000] {dagbag.py:545} INFO - Filling up the DagBag from /home/airflow/.local/lib/python3.12/site-packages/airflow/example_dags/example_setup_teardown_taskflow.py
[2024-05-24T05:51:25.385+0000] {processor.py:840} INFO - DAG(s) 'example_setup_teardown_taskflow' retrieved from /home/airflow/.local/lib/python3.12/site-packages/airflow/example_dags/example_setup_teardown_taskflow.py
[2024-05-24T05:51:25.392+0000] {logging_mixin.py:188} INFO - [2024-05-24T05:51:25.392+0000] {dag.py:3096} INFO - Sync 1 DAGs
[2024-05-24T05:51:25.400+0000] {logging_mixin.py:188} INFO - [2024-05-24T05:51:25.400+0000] {dag.py:3954} INFO - Setting next_dagrun for example_setup_teardown_taskflow to 2024-05-23 00:00:00+00:00, run_after=2024-05-24 00:00:00+00:00
[2024-05-24T05:51:25.406+0000] {processor.py:183} INFO - Processing /home/airflow/.local/lib/python3.12/site-packages/airflow/example_dags/example_setup_teardown_taskflow.py took 0.029 seconds
[2024-05-24T05:51:55.634+0000] {processor.py:161} INFO - Started process (PID=3757) to work on /home/airflow/.local/lib/python3.12/site-packages/airflow/example_dags/example_setup_teardown_taskflow.py
[2024-05-24T05:51:55.634+0000] {processor.py:830} INFO - Processing file /home/airflow/.local/lib/python3.12/site-packages/airflow/example_dags/example_setup_teardown_taskflow.py for tasks to queue
[2024-05-24T05:51:55.635+0000] {logging_mixin.py:188} INFO - [2024-05-24T05:51:55.635+0000] {dagbag.py:545} INFO - Filling up the DagBag from /home/airflow/.local/lib/python3.12/site-packages/airflow/example_dags/example_setup_teardown_taskflow.py
[2024-05-24T05:51:55.639+0000] {processor.py:840} INFO - DAG(s) 'example_setup_teardown_taskflow' retrieved from /home/airflow/.local/lib/python3.12/site-packages/airflow/example_dags/example_setup_teardown_taskflow.py
[2024-05-24T05:51:55.647+0000] {logging_mixin.py:188} INFO - [2024-05-24T05:51:55.647+0000] {dag.py:3096} INFO - Sync 1 DAGs
[2024-05-24T05:51:55.655+0000] {logging_mixin.py:188} INFO - [2024-05-24T05:51:55.655+0000] {dag.py:3954} INFO - Setting next_dagrun for example_setup_teardown_taskflow to 2024-05-23 00:00:00+00:00, run_after=2024-05-24 00:00:00+00:00
[2024-05-24T05:51:55.661+0000] {processor.py:183} INFO - Processing /home/airflow/.local/lib/python3.12/site-packages/airflow/example_dags/example_setup_teardown_taskflow.py took 0.030 seconds
[2024-05-24T05:52:25.939+0000] {processor.py:161} INFO - Started process (PID=4019) to work on /home/airflow/.local/lib/python3.12/site-packages/airflow/example_dags/example_setup_teardown_taskflow.py
[2024-05-24T05:52:25.939+0000] {processor.py:830} INFO - Processing file /home/airflow/.local/lib/python3.12/site-packages/airflow/example_dags/example_setup_teardown_taskflow.py for tasks to queue
[2024-05-24T05:52:25.940+0000] {logging_mixin.py:188} INFO - [2024-05-24T05:52:25.940+0000] {dagbag.py:545} INFO - Filling up the DagBag from /home/airflow/.local/lib/python3.12/site-packages/airflow/example_dags/example_setup_teardown_taskflow.py
[2024-05-24T05:52:25.944+0000] {processor.py:840} INFO - DAG(s) 'example_setup_teardown_taskflow' retrieved from /home/airflow/.local/lib/python3.12/site-packages/airflow/example_dags/example_setup_teardown_taskflow.py
[2024-05-24T05:52:25.952+0000] {logging_mixin.py:188} INFO - [2024-05-24T05:52:25.952+0000] {dag.py:3096} INFO - Sync 1 DAGs
[2024-05-24T05:52:25.960+0000] {logging_mixin.py:188} INFO - [2024-05-24T05:52:25.960+0000] {dag.py:3954} INFO - Setting next_dagrun for example_setup_teardown_taskflow to 2024-05-23 00:00:00+00:00, run_after=2024-05-24 00:00:00+00:00
[2024-05-24T05:52:25.966+0000] {processor.py:183} INFO - Processing /home/airflow/.local/lib/python3.12/site-packages/airflow/example_dags/example_setup_teardown_taskflow.py took 0.029 seconds
[2024-05-24T05:52:56.255+0000] {processor.py:161} INFO - Started process (PID=4281) to work on /home/airflow/.local/lib/python3.12/site-packages/airflow/example_dags/example_setup_teardown_taskflow.py
[2024-05-24T05:52:56.256+0000] {processor.py:830} INFO - Processing file /home/airflow/.local/lib/python3.12/site-packages/airflow/example_dags/example_setup_teardown_taskflow.py for tasks to queue
[2024-05-24T05:52:56.256+0000] {logging_mixin.py:188} INFO - [2024-05-24T05:52:56.256+0000] {dagbag.py:545} INFO - Filling up the DagBag from /home/airflow/.local/lib/python3.12/site-packages/airflow/example_dags/example_setup_teardown_taskflow.py
[2024-05-24T05:52:56.260+0000] {processor.py:840} INFO - DAG(s) 'example_setup_teardown_taskflow' retrieved from /home/airflow/.local/lib/python3.12/site-packages/airflow/example_dags/example_setup_teardown_taskflow.py
[2024-05-24T05:52:56.269+0000] {logging_mixin.py:188} INFO - [2024-05-24T05:52:56.268+0000] {dag.py:3096} INFO - Sync 1 DAGs
[2024-05-24T05:52:56.276+0000] {logging_mixin.py:188} INFO - [2024-05-24T05:52:56.276+0000] {dag.py:3954} INFO - Setting next_dagrun for example_setup_teardown_taskflow to 2024-05-23 00:00:00+00:00, run_after=2024-05-24 00:00:00+00:00
[2024-05-24T05:52:56.282+0000] {processor.py:183} INFO - Processing /home/airflow/.local/lib/python3.12/site-packages/airflow/example_dags/example_setup_teardown_taskflow.py took 0.030 seconds
[2024-05-24T05:53:26.706+0000] {processor.py:161} INFO - Started process (PID=4543) to work on /home/airflow/.local/lib/python3.12/site-packages/airflow/example_dags/example_setup_teardown_taskflow.py
[2024-05-24T05:53:26.706+0000] {processor.py:830} INFO - Processing file /home/airflow/.local/lib/python3.12/site-packages/airflow/example_dags/example_setup_teardown_taskflow.py for tasks to queue
[2024-05-24T05:53:26.707+0000] {logging_mixin.py:188} INFO - [2024-05-24T05:53:26.707+0000] {dagbag.py:545} INFO - Filling up the DagBag from /home/airflow/.local/lib/python3.12/site-packages/airflow/example_dags/example_setup_teardown_taskflow.py
[2024-05-24T05:53:26.711+0000] {processor.py:840} INFO - DAG(s) 'example_setup_teardown_taskflow' retrieved from /home/airflow/.local/lib/python3.12/site-packages/airflow/example_dags/example_setup_teardown_taskflow.py
[2024-05-24T05:53:26.719+0000] {logging_mixin.py:188} INFO - [2024-05-24T05:53:26.719+0000] {dag.py:3096} INFO - Sync 1 DAGs
[2024-05-24T05:53:26.727+0000] {logging_mixin.py:188} INFO - [2024-05-24T05:53:26.727+0000] {dag.py:3954} INFO - Setting next_dagrun for example_setup_teardown_taskflow to 2024-05-23 00:00:00+00:00, run_after=2024-05-24 00:00:00+00:00
[2024-05-24T05:53:26.734+0000] {processor.py:183} INFO - Processing /home/airflow/.local/lib/python3.12/site-packages/airflow/example_dags/example_setup_teardown_taskflow.py took 0.030 seconds
[2024-05-24T05:53:57.098+0000] {processor.py:161} INFO - Started process (PID=4830) to work on /home/airflow/.local/lib/python3.12/site-packages/airflow/example_dags/example_setup_teardown_taskflow.py
[2024-05-24T05:53:57.098+0000] {processor.py:830} INFO - Processing file /home/airflow/.local/lib/python3.12/site-packages/airflow/example_dags/example_setup_teardown_taskflow.py for tasks to queue
[2024-05-24T05:53:57.099+0000] {logging_mixin.py:188} INFO - [2024-05-24T05:53:57.099+0000] {dagbag.py:545} INFO - Filling up the DagBag from /home/airflow/.local/lib/python3.12/site-packages/airflow/example_dags/example_setup_teardown_taskflow.py
[2024-05-24T05:53:57.103+0000] {processor.py:840} INFO - DAG(s) 'example_setup_teardown_taskflow' retrieved from /home/airflow/.local/lib/python3.12/site-packages/airflow/example_dags/example_setup_teardown_taskflow.py
[2024-05-24T05:53:57.111+0000] {logging_mixin.py:188} INFO - [2024-05-24T05:53:57.111+0000] {dag.py:3096} INFO - Sync 1 DAGs
[2024-05-24T05:53:57.119+0000] {logging_mixin.py:188} INFO - [2024-05-24T05:53:57.119+0000] {dag.py:3954} INFO - Setting next_dagrun for example_setup_teardown_taskflow to 2024-05-23 00:00:00+00:00, run_after=2024-05-24 00:00:00+00:00
[2024-05-24T05:53:57.125+0000] {processor.py:183} INFO - Processing /home/airflow/.local/lib/python3.12/site-packages/airflow/example_dags/example_setup_teardown_taskflow.py took 0.029 seconds
[2024-05-24T05:54:27.435+0000] {processor.py:161} INFO - Started process (PID=5092) to work on /home/airflow/.local/lib/python3.12/site-packages/airflow/example_dags/example_setup_teardown_taskflow.py
[2024-05-24T05:54:27.435+0000] {processor.py:830} INFO - Processing file /home/airflow/.local/lib/python3.12/site-packages/airflow/example_dags/example_setup_teardown_taskflow.py for tasks to queue
[2024-05-24T05:54:27.436+0000] {logging_mixin.py:188} INFO - [2024-05-24T05:54:27.436+0000] {dagbag.py:545} INFO - Filling up the DagBag from /home/airflow/.local/lib/python3.12/site-packages/airflow/example_dags/example_setup_teardown_taskflow.py
[2024-05-24T05:54:27.440+0000] {processor.py:840} INFO - DAG(s) 'example_setup_teardown_taskflow' retrieved from /home/airflow/.local/lib/python3.12/site-packages/airflow/example_dags/example_setup_teardown_taskflow.py
[2024-05-24T05:54:27.449+0000] {logging_mixin.py:188} INFO - [2024-05-24T05:54:27.448+0000] {dag.py:3096} INFO - Sync 1 DAGs
[2024-05-24T05:54:27.456+0000] {logging_mixin.py:188} INFO - [2024-05-24T05:54:27.456+0000] {dag.py:3954} INFO - Setting next_dagrun for example_setup_teardown_taskflow to 2024-05-23 00:00:00+00:00, run_after=2024-05-24 00:00:00+00:00
[2024-05-24T05:54:27.463+0000] {processor.py:183} INFO - Processing /home/airflow/.local/lib/python3.12/site-packages/airflow/example_dags/example_setup_teardown_taskflow.py took 0.030 seconds
[2024-05-24T05:54:57.727+0000] {processor.py:161} INFO - Started process (PID=5354) to work on /home/airflow/.local/lib/python3.12/site-packages/airflow/example_dags/example_setup_teardown_taskflow.py
[2024-05-24T05:54:57.727+0000] {processor.py:830} INFO - Processing file /home/airflow/.local/lib/python3.12/site-packages/airflow/example_dags/example_setup_teardown_taskflow.py for tasks to queue
[2024-05-24T05:54:57.728+0000] {logging_mixin.py:188} INFO - [2024-05-24T05:54:57.728+0000] {dagbag.py:545} INFO - Filling up the DagBag from /home/airflow/.local/lib/python3.12/site-packages/airflow/example_dags/example_setup_teardown_taskflow.py
[2024-05-24T05:54:57.732+0000] {processor.py:840} INFO - DAG(s) 'example_setup_teardown_taskflow' retrieved from /home/airflow/.local/lib/python3.12/site-packages/airflow/example_dags/example_setup_teardown_taskflow.py
[2024-05-24T05:54:57.740+0000] {logging_mixin.py:188} INFO - [2024-05-24T05:54:57.740+0000] {dag.py:3096} INFO - Sync 1 DAGs
[2024-05-24T05:54:57.748+0000] {logging_mixin.py:188} INFO - [2024-05-24T05:54:57.748+0000] {dag.py:3954} INFO - Setting next_dagrun for example_setup_teardown_taskflow to 2024-05-23 00:00:00+00:00, run_after=2024-05-24 00:00:00+00:00
[2024-05-24T05:54:57.754+0000] {processor.py:183} INFO - Processing /home/airflow/.local/lib/python3.12/site-packages/airflow/example_dags/example_setup_teardown_taskflow.py took 0.029 seconds
[2024-05-24T05:55:28.105+0000] {processor.py:161} INFO - Started process (PID=5616) to work on /home/airflow/.local/lib/python3.12/site-packages/airflow/example_dags/example_setup_teardown_taskflow.py
[2024-05-24T05:55:28.105+0000] {processor.py:830} INFO - Processing file /home/airflow/.local/lib/python3.12/site-packages/airflow/example_dags/example_setup_teardown_taskflow.py for tasks to queue
[2024-05-24T05:55:28.106+0000] {logging_mixin.py:188} INFO - [2024-05-24T05:55:28.106+0000] {dagbag.py:545} INFO - Filling up the DagBag from /home/airflow/.local/lib/python3.12/site-packages/airflow/example_dags/example_setup_teardown_taskflow.py
[2024-05-24T05:55:28.109+0000] {processor.py:840} INFO - DAG(s) 'example_setup_teardown_taskflow' retrieved from /home/airflow/.local/lib/python3.12/site-packages/airflow/example_dags/example_setup_teardown_taskflow.py
[2024-05-24T05:55:28.117+0000] {logging_mixin.py:188} INFO - [2024-05-24T05:55:28.117+0000] {dag.py:3096} INFO - Sync 1 DAGs
[2024-05-24T05:55:28.125+0000] {logging_mixin.py:188} INFO - [2024-05-24T05:55:28.125+0000] {dag.py:3954} INFO - Setting next_dagrun for example_setup_teardown_taskflow to 2024-05-23 00:00:00+00:00, run_after=2024-05-24 00:00:00+00:00
[2024-05-24T05:55:28.131+0000] {processor.py:183} INFO - Processing /home/airflow/.local/lib/python3.12/site-packages/airflow/example_dags/example_setup_teardown_taskflow.py took 0.029 seconds
[2024-05-24T05:55:58.449+0000] {processor.py:161} INFO - Started process (PID=5878) to work on /home/airflow/.local/lib/python3.12/site-packages/airflow/example_dags/example_setup_teardown_taskflow.py
[2024-05-24T05:55:58.449+0000] {processor.py:830} INFO - Processing file /home/airflow/.local/lib/python3.12/site-packages/airflow/example_dags/example_setup_teardown_taskflow.py for tasks to queue
[2024-05-24T05:55:58.450+0000] {logging_mixin.py:188} INFO - [2024-05-24T05:55:58.450+0000] {dagbag.py:545} INFO - Filling up the DagBag from /home/airflow/.local/lib/python3.12/site-packages/airflow/example_dags/example_setup_teardown_taskflow.py
[2024-05-24T05:55:58.454+0000] {processor.py:840} INFO - DAG(s) 'example_setup_teardown_taskflow' retrieved from /home/airflow/.local/lib/python3.12/site-packages/airflow/example_dags/example_setup_teardown_taskflow.py
[2024-05-24T05:55:58.462+0000] {logging_mixin.py:188} INFO - [2024-05-24T05:55:58.462+0000] {dag.py:3096} INFO - Sync 1 DAGs
[2024-05-24T05:55:58.470+0000] {logging_mixin.py:188} INFO - [2024-05-24T05:55:58.470+0000] {dag.py:3954} INFO - Setting next_dagrun for example_setup_teardown_taskflow to 2024-05-23 00:00:00+00:00, run_after=2024-05-24 00:00:00+00:00
[2024-05-24T05:55:58.476+0000] {processor.py:183} INFO - Processing /home/airflow/.local/lib/python3.12/site-packages/airflow/example_dags/example_setup_teardown_taskflow.py took 0.029 seconds
[2024-05-24T05:56:28.784+0000] {processor.py:161} INFO - Started process (PID=6140) to work on /home/airflow/.local/lib/python3.12/site-packages/airflow/example_dags/example_setup_teardown_taskflow.py
[2024-05-24T05:56:28.785+0000] {processor.py:830} INFO - Processing file /home/airflow/.local/lib/python3.12/site-packages/airflow/example_dags/example_setup_teardown_taskflow.py for tasks to queue
[2024-05-24T05:56:28.785+0000] {logging_mixin.py:188} INFO - [2024-05-24T05:56:28.785+0000] {dagbag.py:545} INFO - Filling up the DagBag from /home/airflow/.local/lib/python3.12/site-packages/airflow/example_dags/example_setup_teardown_taskflow.py
[2024-05-24T05:56:28.789+0000] {processor.py:840} INFO - DAG(s) 'example_setup_teardown_taskflow' retrieved from /home/airflow/.local/lib/python3.12/site-packages/airflow/example_dags/example_setup_teardown_taskflow.py
[2024-05-24T05:56:28.797+0000] {logging_mixin.py:188} INFO - [2024-05-24T05:56:28.797+0000] {dag.py:3096} INFO - Sync 1 DAGs
[2024-05-24T05:56:28.805+0000] {logging_mixin.py:188} INFO - [2024-05-24T05:56:28.805+0000] {dag.py:3954} INFO - Setting next_dagrun for example_setup_teardown_taskflow to 2024-05-23 00:00:00+00:00, run_after=2024-05-24 00:00:00+00:00
[2024-05-24T05:56:28.812+0000] {processor.py:183} INFO - Processing /home/airflow/.local/lib/python3.12/site-packages/airflow/example_dags/example_setup_teardown_taskflow.py took 0.030 seconds
[2024-05-24T05:56:59.097+0000] {processor.py:161} INFO - Started process (PID=6402) to work on /home/airflow/.local/lib/python3.12/site-packages/airflow/example_dags/example_setup_teardown_taskflow.py
[2024-05-24T05:56:59.097+0000] {processor.py:830} INFO - Processing file /home/airflow/.local/lib/python3.12/site-packages/airflow/example_dags/example_setup_teardown_taskflow.py for tasks to queue
[2024-05-24T05:56:59.098+0000] {logging_mixin.py:188} INFO - [2024-05-24T05:56:59.098+0000] {dagbag.py:545} INFO - Filling up the DagBag from /home/airflow/.local/lib/python3.12/site-packages/airflow/example_dags/example_setup_teardown_taskflow.py
[2024-05-24T05:56:59.102+0000] {processor.py:840} INFO - DAG(s) 'example_setup_teardown_taskflow' retrieved from /home/airflow/.local/lib/python3.12/site-packages/airflow/example_dags/example_setup_teardown_taskflow.py
[2024-05-24T05:56:59.110+0000] {logging_mixin.py:188} INFO - [2024-05-24T05:56:59.110+0000] {dag.py:3096} INFO - Sync 1 DAGs
[2024-05-24T05:56:59.118+0000] {logging_mixin.py:188} INFO - [2024-05-24T05:56:59.118+0000] {dag.py:3954} INFO - Setting next_dagrun for example_setup_teardown_taskflow to 2024-05-23 00:00:00+00:00, run_after=2024-05-24 00:00:00+00:00
[2024-05-24T05:56:59.124+0000] {processor.py:183} INFO - Processing /home/airflow/.local/lib/python3.12/site-packages/airflow/example_dags/example_setup_teardown_taskflow.py took 0.030 seconds
[2024-05-24T05:57:29.420+0000] {processor.py:161} INFO - Started process (PID=6664) to work on /home/airflow/.local/lib/python3.12/site-packages/airflow/example_dags/example_setup_teardown_taskflow.py
[2024-05-24T05:57:29.420+0000] {processor.py:830} INFO - Processing file /home/airflow/.local/lib/python3.12/site-packages/airflow/example_dags/example_setup_teardown_taskflow.py for tasks to queue
[2024-05-24T05:57:29.421+0000] {logging_mixin.py:188} INFO - [2024-05-24T05:57:29.421+0000] {dagbag.py:545} INFO - Filling up the DagBag from /home/airflow/.local/lib/python3.12/site-packages/airflow/example_dags/example_setup_teardown_taskflow.py
[2024-05-24T05:57:29.425+0000] {processor.py:840} INFO - DAG(s) 'example_setup_teardown_taskflow' retrieved from /home/airflow/.local/lib/python3.12/site-packages/airflow/example_dags/example_setup_teardown_taskflow.py
[2024-05-24T05:57:29.433+0000] {logging_mixin.py:188} INFO - [2024-05-24T05:57:29.433+0000] {dag.py:3096} INFO - Sync 1 DAGs
[2024-05-24T05:57:29.441+0000] {logging_mixin.py:188} INFO - [2024-05-24T05:57:29.441+0000] {dag.py:3954} INFO - Setting next_dagrun for example_setup_teardown_taskflow to 2024-05-23 00:00:00+00:00, run_after=2024-05-24 00:00:00+00:00
[2024-05-24T05:57:29.447+0000] {processor.py:183} INFO - Processing /home/airflow/.local/lib/python3.12/site-packages/airflow/example_dags/example_setup_teardown_taskflow.py took 0.030 seconds
[2024-05-24T05:57:59.775+0000] {processor.py:161} INFO - Started process (PID=6926) to work on /home/airflow/.local/lib/python3.12/site-packages/airflow/example_dags/example_setup_teardown_taskflow.py
[2024-05-24T05:57:59.776+0000] {processor.py:830} INFO - Processing file /home/airflow/.local/lib/python3.12/site-packages/airflow/example_dags/example_setup_teardown_taskflow.py for tasks to queue
[2024-05-24T05:57:59.777+0000] {logging_mixin.py:188} INFO - [2024-05-24T05:57:59.776+0000] {dagbag.py:545} INFO - Filling up the DagBag from /home/airflow/.local/lib/python3.12/site-packages/airflow/example_dags/example_setup_teardown_taskflow.py
[2024-05-24T05:57:59.780+0000] {processor.py:840} INFO - DAG(s) 'example_setup_teardown_taskflow' retrieved from /home/airflow/.local/lib/python3.12/site-packages/airflow/example_dags/example_setup_teardown_taskflow.py
[2024-05-24T05:57:59.789+0000] {logging_mixin.py:188} INFO - [2024-05-24T05:57:59.788+0000] {dag.py:3096} INFO - Sync 1 DAGs
[2024-05-24T05:57:59.797+0000] {logging_mixin.py:188} INFO - [2024-05-24T05:57:59.797+0000] {dag.py:3954} INFO - Setting next_dagrun for example_setup_teardown_taskflow to 2024-05-23 00:00:00+00:00, run_after=2024-05-24 00:00:00+00:00
[2024-05-24T05:57:59.804+0000] {processor.py:183} INFO - Processing /home/airflow/.local/lib/python3.12/site-packages/airflow/example_dags/example_setup_teardown_taskflow.py took 0.030 seconds
[2024-05-24T05:58:30.161+0000] {processor.py:161} INFO - Started process (PID=7188) to work on /home/airflow/.local/lib/python3.12/site-packages/airflow/example_dags/example_setup_teardown_taskflow.py
[2024-05-24T05:58:30.161+0000] {processor.py:830} INFO - Processing file /home/airflow/.local/lib/python3.12/site-packages/airflow/example_dags/example_setup_teardown_taskflow.py for tasks to queue
[2024-05-24T05:58:30.162+0000] {logging_mixin.py:188} INFO - [2024-05-24T05:58:30.162+0000] {dagbag.py:545} INFO - Filling up the DagBag from /home/airflow/.local/lib/python3.12/site-packages/airflow/example_dags/example_setup_teardown_taskflow.py
[2024-05-24T05:58:30.166+0000] {processor.py:840} INFO - DAG(s) 'example_setup_teardown_taskflow' retrieved from /home/airflow/.local/lib/python3.12/site-packages/airflow/example_dags/example_setup_teardown_taskflow.py
[2024-05-24T05:58:30.174+0000] {logging_mixin.py:188} INFO - [2024-05-24T05:58:30.174+0000] {dag.py:3096} INFO - Sync 1 DAGs
[2024-05-24T05:58:30.182+0000] {logging_mixin.py:188} INFO - [2024-05-24T05:58:30.182+0000] {dag.py:3954} INFO - Setting next_dagrun for example_setup_teardown_taskflow to 2024-05-23 00:00:00+00:00, run_after=2024-05-24 00:00:00+00:00
[2024-05-24T05:58:30.188+0000] {processor.py:183} INFO - Processing /home/airflow/.local/lib/python3.12/site-packages/airflow/example_dags/example_setup_teardown_taskflow.py took 0.030 seconds
[2024-05-24T06:13:53.515+0000] {processor.py:161} INFO - Started process (PID=7450) to work on /home/airflow/.local/lib/python3.12/site-packages/airflow/example_dags/example_setup_teardown_taskflow.py
[2024-05-24T06:13:53.515+0000] {processor.py:830} INFO - Processing file /home/airflow/.local/lib/python3.12/site-packages/airflow/example_dags/example_setup_teardown_taskflow.py for tasks to queue
[2024-05-24T06:13:53.516+0000] {logging_mixin.py:188} INFO - [2024-05-24T06:13:53.516+0000] {dagbag.py:545} INFO - Filling up the DagBag from /home/airflow/.local/lib/python3.12/site-packages/airflow/example_dags/example_setup_teardown_taskflow.py
[2024-05-24T06:13:53.519+0000] {processor.py:840} INFO - DAG(s) 'example_setup_teardown_taskflow' retrieved from /home/airflow/.local/lib/python3.12/site-packages/airflow/example_dags/example_setup_teardown_taskflow.py
[2024-05-24T06:13:53.527+0000] {logging_mixin.py:188} INFO - [2024-05-24T06:13:53.527+0000] {dag.py:3096} INFO - Sync 1 DAGs
[2024-05-24T06:13:53.535+0000] {logging_mixin.py:188} INFO - [2024-05-24T06:13:53.535+0000] {dag.py:3954} INFO - Setting next_dagrun for example_setup_teardown_taskflow to 2024-05-23 00:00:00+00:00, run_after=2024-05-24 00:00:00+00:00
[2024-05-24T06:13:53.541+0000] {processor.py:183} INFO - Processing /home/airflow/.local/lib/python3.12/site-packages/airflow/example_dags/example_setup_teardown_taskflow.py took 0.029 seconds
[2024-05-24T06:26:10.390+0000] {processor.py:161} INFO - Started process (PID=7711) to work on /home/airflow/.local/lib/python3.12/site-packages/airflow/example_dags/example_setup_teardown_taskflow.py
[2024-05-24T06:26:10.390+0000] {processor.py:830} INFO - Processing file /home/airflow/.local/lib/python3.12/site-packages/airflow/example_dags/example_setup_teardown_taskflow.py for tasks to queue
[2024-05-24T06:26:10.391+0000] {logging_mixin.py:188} INFO - [2024-05-24T06:26:10.391+0000] {dagbag.py:545} INFO - Filling up the DagBag from /home/airflow/.local/lib/python3.12/site-packages/airflow/example_dags/example_setup_teardown_taskflow.py
[2024-05-24T06:26:10.395+0000] {processor.py:840} INFO - DAG(s) 'example_setup_teardown_taskflow' retrieved from /home/airflow/.local/lib/python3.12/site-packages/airflow/example_dags/example_setup_teardown_taskflow.py
[2024-05-24T06:26:10.403+0000] {logging_mixin.py:188} INFO - [2024-05-24T06:26:10.403+0000] {dag.py:3096} INFO - Sync 1 DAGs
[2024-05-24T06:26:10.411+0000] {logging_mixin.py:188} INFO - [2024-05-24T06:26:10.411+0000] {dag.py:3954} INFO - Setting next_dagrun for example_setup_teardown_taskflow to 2024-05-23 00:00:00+00:00, run_after=2024-05-24 00:00:00+00:00
[2024-05-24T06:26:10.418+0000] {processor.py:183} INFO - Processing /home/airflow/.local/lib/python3.12/site-packages/airflow/example_dags/example_setup_teardown_taskflow.py took 0.030 seconds
[2024-05-24T06:26:40.822+0000] {processor.py:161} INFO - Started process (PID=7972) to work on /home/airflow/.local/lib/python3.12/site-packages/airflow/example_dags/example_setup_teardown_taskflow.py
[2024-05-24T06:26:40.823+0000] {processor.py:830} INFO - Processing file /home/airflow/.local/lib/python3.12/site-packages/airflow/example_dags/example_setup_teardown_taskflow.py for tasks to queue
[2024-05-24T06:26:40.824+0000] {logging_mixin.py:188} INFO - [2024-05-24T06:26:40.823+0000] {dagbag.py:545} INFO - Filling up the DagBag from /home/airflow/.local/lib/python3.12/site-packages/airflow/example_dags/example_setup_teardown_taskflow.py
[2024-05-24T06:26:40.827+0000] {processor.py:840} INFO - DAG(s) 'example_setup_teardown_taskflow' retrieved from /home/airflow/.local/lib/python3.12/site-packages/airflow/example_dags/example_setup_teardown_taskflow.py
[2024-05-24T06:26:40.835+0000] {logging_mixin.py:188} INFO - [2024-05-24T06:26:40.835+0000] {dag.py:3096} INFO - Sync 1 DAGs
[2024-05-24T06:26:40.843+0000] {logging_mixin.py:188} INFO - [2024-05-24T06:26:40.843+0000] {dag.py:3954} INFO - Setting next_dagrun for example_setup_teardown_taskflow to 2024-05-23 00:00:00+00:00, run_after=2024-05-24 00:00:00+00:00
[2024-05-24T06:26:40.849+0000] {processor.py:183} INFO - Processing /home/airflow/.local/lib/python3.12/site-packages/airflow/example_dags/example_setup_teardown_taskflow.py took 0.029 seconds
[2024-05-24T06:27:11.240+0000] {processor.py:161} INFO - Started process (PID=8234) to work on /home/airflow/.local/lib/python3.12/site-packages/airflow/example_dags/example_setup_teardown_taskflow.py
[2024-05-24T06:27:11.241+0000] {processor.py:830} INFO - Processing file /home/airflow/.local/lib/python3.12/site-packages/airflow/example_dags/example_setup_teardown_taskflow.py for tasks to queue
[2024-05-24T06:27:11.242+0000] {logging_mixin.py:188} INFO - [2024-05-24T06:27:11.241+0000] {dagbag.py:545} INFO - Filling up the DagBag from /home/airflow/.local/lib/python3.12/site-packages/airflow/example_dags/example_setup_teardown_taskflow.py
[2024-05-24T06:27:11.245+0000] {processor.py:840} INFO - DAG(s) 'example_setup_teardown_taskflow' retrieved from /home/airflow/.local/lib/python3.12/site-packages/airflow/example_dags/example_setup_teardown_taskflow.py
[2024-05-24T06:27:11.253+0000] {logging_mixin.py:188} INFO - [2024-05-24T06:27:11.253+0000] {dag.py:3096} INFO - Sync 1 DAGs
[2024-05-24T06:27:11.260+0000] {logging_mixin.py:188} INFO - [2024-05-24T06:27:11.260+0000] {dag.py:3954} INFO - Setting next_dagrun for example_setup_teardown_taskflow to 2024-05-23 00:00:00+00:00, run_after=2024-05-24 00:00:00+00:00
[2024-05-24T06:27:11.266+0000] {processor.py:183} INFO - Processing /home/airflow/.local/lib/python3.12/site-packages/airflow/example_dags/example_setup_teardown_taskflow.py took 0.028 seconds
[2024-05-24T06:28:26.383+0000] {processor.py:161} INFO - Started process (PID=8496) to work on /home/airflow/.local/lib/python3.12/site-packages/airflow/example_dags/example_setup_teardown_taskflow.py
[2024-05-24T06:28:26.384+0000] {processor.py:830} INFO - Processing file /home/airflow/.local/lib/python3.12/site-packages/airflow/example_dags/example_setup_teardown_taskflow.py for tasks to queue
[2024-05-24T06:28:26.384+0000] {logging_mixin.py:188} INFO - [2024-05-24T06:28:26.384+0000] {dagbag.py:545} INFO - Filling up the DagBag from /home/airflow/.local/lib/python3.12/site-packages/airflow/example_dags/example_setup_teardown_taskflow.py
[2024-05-24T06:28:26.388+0000] {processor.py:840} INFO - DAG(s) 'example_setup_teardown_taskflow' retrieved from /home/airflow/.local/lib/python3.12/site-packages/airflow/example_dags/example_setup_teardown_taskflow.py
[2024-05-24T06:28:26.397+0000] {logging_mixin.py:188} INFO - [2024-05-24T06:28:26.397+0000] {dag.py:3096} INFO - Sync 1 DAGs
[2024-05-24T06:28:26.405+0000] {logging_mixin.py:188} INFO - [2024-05-24T06:28:26.405+0000] {dag.py:3954} INFO - Setting next_dagrun for example_setup_teardown_taskflow to 2024-05-23 00:00:00+00:00, run_after=2024-05-24 00:00:00+00:00
[2024-05-24T06:28:26.412+0000] {processor.py:183} INFO - Processing /home/airflow/.local/lib/python3.12/site-packages/airflow/example_dags/example_setup_teardown_taskflow.py took 0.031 seconds
[2024-05-24T06:28:56.760+0000] {processor.py:161} INFO - Started process (PID=8758) to work on /home/airflow/.local/lib/python3.12/site-packages/airflow/example_dags/example_setup_teardown_taskflow.py
[2024-05-24T06:28:56.762+0000] {processor.py:830} INFO - Processing file /home/airflow/.local/lib/python3.12/site-packages/airflow/example_dags/example_setup_teardown_taskflow.py for tasks to queue
[2024-05-24T06:28:56.763+0000] {logging_mixin.py:188} INFO - [2024-05-24T06:28:56.762+0000] {dagbag.py:545} INFO - Filling up the DagBag from /home/airflow/.local/lib/python3.12/site-packages/airflow/example_dags/example_setup_teardown_taskflow.py
[2024-05-24T06:28:56.766+0000] {processor.py:840} INFO - DAG(s) 'example_setup_teardown_taskflow' retrieved from /home/airflow/.local/lib/python3.12/site-packages/airflow/example_dags/example_setup_teardown_taskflow.py
[2024-05-24T06:28:56.775+0000] {logging_mixin.py:188} INFO - [2024-05-24T06:28:56.775+0000] {dag.py:3096} INFO - Sync 1 DAGs
[2024-05-24T06:28:56.783+0000] {logging_mixin.py:188} INFO - [2024-05-24T06:28:56.783+0000] {dag.py:3954} INFO - Setting next_dagrun for example_setup_teardown_taskflow to 2024-05-23 00:00:00+00:00, run_after=2024-05-24 00:00:00+00:00
[2024-05-24T06:28:56.789+0000] {processor.py:183} INFO - Processing /home/airflow/.local/lib/python3.12/site-packages/airflow/example_dags/example_setup_teardown_taskflow.py took 0.032 seconds
[2024-05-24T06:29:27.231+0000] {processor.py:161} INFO - Started process (PID=9020) to work on /home/airflow/.local/lib/python3.12/site-packages/airflow/example_dags/example_setup_teardown_taskflow.py
[2024-05-24T06:29:27.232+0000] {processor.py:830} INFO - Processing file /home/airflow/.local/lib/python3.12/site-packages/airflow/example_dags/example_setup_teardown_taskflow.py for tasks to queue
[2024-05-24T06:29:27.232+0000] {logging_mixin.py:188} INFO - [2024-05-24T06:29:27.232+0000] {dagbag.py:545} INFO - Filling up the DagBag from /home/airflow/.local/lib/python3.12/site-packages/airflow/example_dags/example_setup_teardown_taskflow.py
[2024-05-24T06:29:27.236+0000] {processor.py:840} INFO - DAG(s) 'example_setup_teardown_taskflow' retrieved from /home/airflow/.local/lib/python3.12/site-packages/airflow/example_dags/example_setup_teardown_taskflow.py
[2024-05-24T06:29:27.244+0000] {logging_mixin.py:188} INFO - [2024-05-24T06:29:27.244+0000] {dag.py:3096} INFO - Sync 1 DAGs
[2024-05-24T06:29:27.252+0000] {logging_mixin.py:188} INFO - [2024-05-24T06:29:27.252+0000] {dag.py:3954} INFO - Setting next_dagrun for example_setup_teardown_taskflow to 2024-05-23 00:00:00+00:00, run_after=2024-05-24 00:00:00+00:00
[2024-05-24T06:29:27.259+0000] {processor.py:183} INFO - Processing /home/airflow/.local/lib/python3.12/site-packages/airflow/example_dags/example_setup_teardown_taskflow.py took 0.030 seconds
[2024-05-24T06:29:57.611+0000] {processor.py:161} INFO - Started process (PID=9282) to work on /home/airflow/.local/lib/python3.12/site-packages/airflow/example_dags/example_setup_teardown_taskflow.py
[2024-05-24T06:29:57.611+0000] {processor.py:830} INFO - Processing file /home/airflow/.local/lib/python3.12/site-packages/airflow/example_dags/example_setup_teardown_taskflow.py for tasks to queue
[2024-05-24T06:29:57.612+0000] {logging_mixin.py:188} INFO - [2024-05-24T06:29:57.612+0000] {dagbag.py:545} INFO - Filling up the DagBag from /home/airflow/.local/lib/python3.12/site-packages/airflow/example_dags/example_setup_teardown_taskflow.py
[2024-05-24T06:29:57.616+0000] {processor.py:840} INFO - DAG(s) 'example_setup_teardown_taskflow' retrieved from /home/airflow/.local/lib/python3.12/site-packages/airflow/example_dags/example_setup_teardown_taskflow.py
[2024-05-24T06:29:57.624+0000] {logging_mixin.py:188} INFO - [2024-05-24T06:29:57.624+0000] {dag.py:3096} INFO - Sync 1 DAGs
[2024-05-24T06:29:57.632+0000] {logging_mixin.py:188} INFO - [2024-05-24T06:29:57.632+0000] {dag.py:3954} INFO - Setting next_dagrun for example_setup_teardown_taskflow to 2024-05-23 00:00:00+00:00, run_after=2024-05-24 00:00:00+00:00
[2024-05-24T06:29:57.638+0000] {processor.py:183} INFO - Processing /home/airflow/.local/lib/python3.12/site-packages/airflow/example_dags/example_setup_teardown_taskflow.py took 0.030 seconds
[2024-05-24T06:32:51.244+0000] {processor.py:161} INFO - Started process (PID=9544) to work on /home/airflow/.local/lib/python3.12/site-packages/airflow/example_dags/example_setup_teardown_taskflow.py
[2024-05-24T06:32:51.244+0000] {processor.py:830} INFO - Processing file /home/airflow/.local/lib/python3.12/site-packages/airflow/example_dags/example_setup_teardown_taskflow.py for tasks to queue
[2024-05-24T06:32:51.245+0000] {logging_mixin.py:188} INFO - [2024-05-24T06:32:51.244+0000] {dagbag.py:545} INFO - Filling up the DagBag from /home/airflow/.local/lib/python3.12/site-packages/airflow/example_dags/example_setup_teardown_taskflow.py
[2024-05-24T06:32:51.248+0000] {processor.py:840} INFO - DAG(s) 'example_setup_teardown_taskflow' retrieved from /home/airflow/.local/lib/python3.12/site-packages/airflow/example_dags/example_setup_teardown_taskflow.py
[2024-05-24T06:32:51.256+0000] {logging_mixin.py:188} INFO - [2024-05-24T06:32:51.256+0000] {dag.py:3096} INFO - Sync 1 DAGs
[2024-05-24T06:32:51.264+0000] {logging_mixin.py:188} INFO - [2024-05-24T06:32:51.264+0000] {dag.py:3954} INFO - Setting next_dagrun for example_setup_teardown_taskflow to 2024-05-23 00:00:00+00:00, run_after=2024-05-24 00:00:00+00:00
[2024-05-24T06:32:51.271+0000] {processor.py:183} INFO - Processing /home/airflow/.local/lib/python3.12/site-packages/airflow/example_dags/example_setup_teardown_taskflow.py took 0.030 seconds
[2024-05-24T06:34:34.447+0000] {processor.py:161} INFO - Started process (PID=9806) to work on /home/airflow/.local/lib/python3.12/site-packages/airflow/example_dags/example_setup_teardown_taskflow.py
[2024-05-24T06:34:34.449+0000] {processor.py:830} INFO - Processing file /home/airflow/.local/lib/python3.12/site-packages/airflow/example_dags/example_setup_teardown_taskflow.py for tasks to queue
[2024-05-24T06:34:34.450+0000] {logging_mixin.py:188} INFO - [2024-05-24T06:34:34.450+0000] {dagbag.py:545} INFO - Filling up the DagBag from /home/airflow/.local/lib/python3.12/site-packages/airflow/example_dags/example_setup_teardown_taskflow.py
[2024-05-24T06:34:34.455+0000] {processor.py:840} INFO - DAG(s) 'example_setup_teardown_taskflow' retrieved from /home/airflow/.local/lib/python3.12/site-packages/airflow/example_dags/example_setup_teardown_taskflow.py
[2024-05-24T06:34:34.464+0000] {logging_mixin.py:188} INFO - [2024-05-24T06:34:34.464+0000] {dag.py:3096} INFO - Sync 1 DAGs
[2024-05-24T06:34:34.474+0000] {logging_mixin.py:188} INFO - [2024-05-24T06:34:34.474+0000] {dag.py:3954} INFO - Setting next_dagrun for example_setup_teardown_taskflow to 2024-05-23 00:00:00+00:00, run_after=2024-05-24 00:00:00+00:00
[2024-05-24T06:34:34.481+0000] {processor.py:183} INFO - Processing /home/airflow/.local/lib/python3.12/site-packages/airflow/example_dags/example_setup_teardown_taskflow.py took 0.036 seconds
[2024-05-24T06:35:04.961+0000] {processor.py:161} INFO - Started process (PID=10068) to work on /home/airflow/.local/lib/python3.12/site-packages/airflow/example_dags/example_setup_teardown_taskflow.py
[2024-05-24T06:35:04.962+0000] {processor.py:830} INFO - Processing file /home/airflow/.local/lib/python3.12/site-packages/airflow/example_dags/example_setup_teardown_taskflow.py for tasks to queue
[2024-05-24T06:35:04.962+0000] {logging_mixin.py:188} INFO - [2024-05-24T06:35:04.962+0000] {dagbag.py:545} INFO - Filling up the DagBag from /home/airflow/.local/lib/python3.12/site-packages/airflow/example_dags/example_setup_teardown_taskflow.py
[2024-05-24T06:35:04.966+0000] {processor.py:840} INFO - DAG(s) 'example_setup_teardown_taskflow' retrieved from /home/airflow/.local/lib/python3.12/site-packages/airflow/example_dags/example_setup_teardown_taskflow.py
[2024-05-24T06:35:04.974+0000] {logging_mixin.py:188} INFO - [2024-05-24T06:35:04.974+0000] {dag.py:3096} INFO - Sync 1 DAGs
[2024-05-24T06:35:04.982+0000] {logging_mixin.py:188} INFO - [2024-05-24T06:35:04.982+0000] {dag.py:3954} INFO - Setting next_dagrun for example_setup_teardown_taskflow to 2024-05-23 00:00:00+00:00, run_after=2024-05-24 00:00:00+00:00
[2024-05-24T06:35:04.988+0000] {processor.py:183} INFO - Processing /home/airflow/.local/lib/python3.12/site-packages/airflow/example_dags/example_setup_teardown_taskflow.py took 0.029 seconds
[2024-05-24T06:50:34.690+0000] {processor.py:161} INFO - Started process (PID=10330) to work on /home/airflow/.local/lib/python3.12/site-packages/airflow/example_dags/example_setup_teardown_taskflow.py
[2024-05-24T06:50:34.690+0000] {processor.py:830} INFO - Processing file /home/airflow/.local/lib/python3.12/site-packages/airflow/example_dags/example_setup_teardown_taskflow.py for tasks to queue
[2024-05-24T06:50:34.691+0000] {logging_mixin.py:188} INFO - [2024-05-24T06:50:34.691+0000] {dagbag.py:545} INFO - Filling up the DagBag from /home/airflow/.local/lib/python3.12/site-packages/airflow/example_dags/example_setup_teardown_taskflow.py
[2024-05-24T06:50:34.694+0000] {processor.py:840} INFO - DAG(s) 'example_setup_teardown_taskflow' retrieved from /home/airflow/.local/lib/python3.12/site-packages/airflow/example_dags/example_setup_teardown_taskflow.py
[2024-05-24T06:50:34.703+0000] {logging_mixin.py:188} INFO - [2024-05-24T06:50:34.702+0000] {dag.py:3096} INFO - Sync 1 DAGs
[2024-05-24T06:50:34.710+0000] {logging_mixin.py:188} INFO - [2024-05-24T06:50:34.710+0000] {dag.py:3954} INFO - Setting next_dagrun for example_setup_teardown_taskflow to 2024-05-23 00:00:00+00:00, run_after=2024-05-24 00:00:00+00:00
[2024-05-24T06:50:34.717+0000] {processor.py:183} INFO - Processing /home/airflow/.local/lib/python3.12/site-packages/airflow/example_dags/example_setup_teardown_taskflow.py took 0.029 seconds
[2024-05-24T07:06:11.297+0000] {processor.py:161} INFO - Started process (PID=10592) to work on /home/airflow/.local/lib/python3.12/site-packages/airflow/example_dags/example_setup_teardown_taskflow.py
[2024-05-24T07:06:11.297+0000] {processor.py:830} INFO - Processing file /home/airflow/.local/lib/python3.12/site-packages/airflow/example_dags/example_setup_teardown_taskflow.py for tasks to queue
[2024-05-24T07:06:11.298+0000] {logging_mixin.py:188} INFO - [2024-05-24T07:06:11.298+0000] {dagbag.py:545} INFO - Filling up the DagBag from /home/airflow/.local/lib/python3.12/site-packages/airflow/example_dags/example_setup_teardown_taskflow.py
[2024-05-24T07:06:11.301+0000] {processor.py:840} INFO - DAG(s) 'example_setup_teardown_taskflow' retrieved from /home/airflow/.local/lib/python3.12/site-packages/airflow/example_dags/example_setup_teardown_taskflow.py
[2024-05-24T07:06:11.309+0000] {logging_mixin.py:188} INFO - [2024-05-24T07:06:11.309+0000] {dag.py:3096} INFO - Sync 1 DAGs
[2024-05-24T07:06:11.316+0000] {logging_mixin.py:188} INFO - [2024-05-24T07:06:11.316+0000] {dag.py:3954} INFO - Setting next_dagrun for example_setup_teardown_taskflow to 2024-05-23 00:00:00+00:00, run_after=2024-05-24 00:00:00+00:00
[2024-05-24T07:06:11.322+0000] {processor.py:183} INFO - Processing /home/airflow/.local/lib/python3.12/site-packages/airflow/example_dags/example_setup_teardown_taskflow.py took 0.027 seconds
[2024-05-24T07:30:09.555+0000] {processor.py:161} INFO - Started process (PID=10854) to work on /home/airflow/.local/lib/python3.12/site-packages/airflow/example_dags/example_setup_teardown_taskflow.py
[2024-05-24T07:30:09.555+0000] {processor.py:830} INFO - Processing file /home/airflow/.local/lib/python3.12/site-packages/airflow/example_dags/example_setup_teardown_taskflow.py for tasks to queue
[2024-05-24T07:30:09.556+0000] {logging_mixin.py:188} INFO - [2024-05-24T07:30:09.556+0000] {dagbag.py:545} INFO - Filling up the DagBag from /home/airflow/.local/lib/python3.12/site-packages/airflow/example_dags/example_setup_teardown_taskflow.py
[2024-05-24T07:30:09.560+0000] {processor.py:840} INFO - DAG(s) 'example_setup_teardown_taskflow' retrieved from /home/airflow/.local/lib/python3.12/site-packages/airflow/example_dags/example_setup_teardown_taskflow.py
[2024-05-24T07:30:09.568+0000] {logging_mixin.py:188} INFO - [2024-05-24T07:30:09.568+0000] {dag.py:3096} INFO - Sync 1 DAGs
[2024-05-24T07:30:09.576+0000] {logging_mixin.py:188} INFO - [2024-05-24T07:30:09.576+0000] {dag.py:3954} INFO - Setting next_dagrun for example_setup_teardown_taskflow to 2024-05-23 00:00:00+00:00, run_after=2024-05-24 00:00:00+00:00
[2024-05-24T07:30:09.583+0000] {processor.py:183} INFO - Processing /home/airflow/.local/lib/python3.12/site-packages/airflow/example_dags/example_setup_teardown_taskflow.py took 0.031 seconds
[2024-05-24T07:30:41.109+0000] {processor.py:161} INFO - Started process (PID=11118) to work on /home/airflow/.local/lib/python3.12/site-packages/airflow/example_dags/example_setup_teardown_taskflow.py
[2024-05-24T07:30:41.109+0000] {processor.py:830} INFO - Processing file /home/airflow/.local/lib/python3.12/site-packages/airflow/example_dags/example_setup_teardown_taskflow.py for tasks to queue
[2024-05-24T07:30:41.110+0000] {logging_mixin.py:188} INFO - [2024-05-24T07:30:41.109+0000] {dagbag.py:545} INFO - Filling up the DagBag from /home/airflow/.local/lib/python3.12/site-packages/airflow/example_dags/example_setup_teardown_taskflow.py
[2024-05-24T07:30:41.180+0000] {processor.py:840} INFO - DAG(s) 'example_setup_teardown_taskflow' retrieved from /home/airflow/.local/lib/python3.12/site-packages/airflow/example_dags/example_setup_teardown_taskflow.py
[2024-05-24T07:30:41.186+0000] {logging_mixin.py:188} INFO - [2024-05-24T07:30:41.186+0000] {dag.py:3096} INFO - Sync 1 DAGs
[2024-05-24T07:30:41.194+0000] {logging_mixin.py:188} INFO - [2024-05-24T07:30:41.194+0000] {dag.py:3954} INFO - Setting next_dagrun for example_setup_teardown_taskflow to 2024-05-23 00:00:00+00:00, run_after=2024-05-24 00:00:00+00:00
[2024-05-24T07:30:41.200+0000] {processor.py:183} INFO - Processing /home/airflow/.local/lib/python3.12/site-packages/airflow/example_dags/example_setup_teardown_taskflow.py took 0.094 seconds
[2024-05-24T07:31:11.657+0000] {processor.py:161} INFO - Started process (PID=11380) to work on /home/airflow/.local/lib/python3.12/site-packages/airflow/example_dags/example_setup_teardown_taskflow.py
[2024-05-24T07:31:11.657+0000] {processor.py:830} INFO - Processing file /home/airflow/.local/lib/python3.12/site-packages/airflow/example_dags/example_setup_teardown_taskflow.py for tasks to queue
[2024-05-24T07:31:11.658+0000] {logging_mixin.py:188} INFO - [2024-05-24T07:31:11.658+0000] {dagbag.py:545} INFO - Filling up the DagBag from /home/airflow/.local/lib/python3.12/site-packages/airflow/example_dags/example_setup_teardown_taskflow.py
[2024-05-24T07:31:11.661+0000] {processor.py:840} INFO - DAG(s) 'example_setup_teardown_taskflow' retrieved from /home/airflow/.local/lib/python3.12/site-packages/airflow/example_dags/example_setup_teardown_taskflow.py
[2024-05-24T07:31:11.669+0000] {logging_mixin.py:188} INFO - [2024-05-24T07:31:11.669+0000] {dag.py:3096} INFO - Sync 1 DAGs
[2024-05-24T07:31:11.676+0000] {logging_mixin.py:188} INFO - [2024-05-24T07:31:11.676+0000] {dag.py:3954} INFO - Setting next_dagrun for example_setup_teardown_taskflow to 2024-05-23 00:00:00+00:00, run_after=2024-05-24 00:00:00+00:00
[2024-05-24T07:31:11.681+0000] {processor.py:183} INFO - Processing /home/airflow/.local/lib/python3.12/site-packages/airflow/example_dags/example_setup_teardown_taskflow.py took 0.027 seconds
[2024-05-24T07:31:42.054+0000] {processor.py:161} INFO - Started process (PID=11640) to work on /home/airflow/.local/lib/python3.12/site-packages/airflow/example_dags/example_setup_teardown_taskflow.py
[2024-05-24T07:31:42.054+0000] {processor.py:830} INFO - Processing file /home/airflow/.local/lib/python3.12/site-packages/airflow/example_dags/example_setup_teardown_taskflow.py for tasks to queue
[2024-05-24T07:31:42.055+0000] {logging_mixin.py:188} INFO - [2024-05-24T07:31:42.055+0000] {dagbag.py:545} INFO - Filling up the DagBag from /home/airflow/.local/lib/python3.12/site-packages/airflow/example_dags/example_setup_teardown_taskflow.py
[2024-05-24T07:31:42.059+0000] {processor.py:840} INFO - DAG(s) 'example_setup_teardown_taskflow' retrieved from /home/airflow/.local/lib/python3.12/site-packages/airflow/example_dags/example_setup_teardown_taskflow.py
[2024-05-24T07:31:42.066+0000] {logging_mixin.py:188} INFO - [2024-05-24T07:31:42.066+0000] {dag.py:3096} INFO - Sync 1 DAGs
[2024-05-24T07:31:42.074+0000] {logging_mixin.py:188} INFO - [2024-05-24T07:31:42.074+0000] {dag.py:3954} INFO - Setting next_dagrun for example_setup_teardown_taskflow to 2024-05-23 00:00:00+00:00, run_after=2024-05-24 00:00:00+00:00
[2024-05-24T07:31:42.080+0000] {processor.py:183} INFO - Processing /home/airflow/.local/lib/python3.12/site-packages/airflow/example_dags/example_setup_teardown_taskflow.py took 0.028 seconds
[2024-05-24T07:32:12.440+0000] {processor.py:161} INFO - Started process (PID=11902) to work on /home/airflow/.local/lib/python3.12/site-packages/airflow/example_dags/example_setup_teardown_taskflow.py
[2024-05-24T07:32:12.440+0000] {processor.py:830} INFO - Processing file /home/airflow/.local/lib/python3.12/site-packages/airflow/example_dags/example_setup_teardown_taskflow.py for tasks to queue
[2024-05-24T07:32:12.441+0000] {logging_mixin.py:188} INFO - [2024-05-24T07:32:12.441+0000] {dagbag.py:545} INFO - Filling up the DagBag from /home/airflow/.local/lib/python3.12/site-packages/airflow/example_dags/example_setup_teardown_taskflow.py
[2024-05-24T07:32:12.444+0000] {processor.py:840} INFO - DAG(s) 'example_setup_teardown_taskflow' retrieved from /home/airflow/.local/lib/python3.12/site-packages/airflow/example_dags/example_setup_teardown_taskflow.py
[2024-05-24T07:32:12.453+0000] {logging_mixin.py:188} INFO - [2024-05-24T07:32:12.453+0000] {dag.py:3096} INFO - Sync 1 DAGs
[2024-05-24T07:32:12.460+0000] {logging_mixin.py:188} INFO - [2024-05-24T07:32:12.460+0000] {dag.py:3954} INFO - Setting next_dagrun for example_setup_teardown_taskflow to 2024-05-23 00:00:00+00:00, run_after=2024-05-24 00:00:00+00:00
[2024-05-24T07:32:12.466+0000] {processor.py:183} INFO - Processing /home/airflow/.local/lib/python3.12/site-packages/airflow/example_dags/example_setup_teardown_taskflow.py took 0.029 seconds
[2024-05-24T07:32:59.212+0000] {processor.py:161} INFO - Started process (PID=12164) to work on /home/airflow/.local/lib/python3.12/site-packages/airflow/example_dags/example_setup_teardown_taskflow.py
[2024-05-24T07:32:59.212+0000] {processor.py:830} INFO - Processing file /home/airflow/.local/lib/python3.12/site-packages/airflow/example_dags/example_setup_teardown_taskflow.py for tasks to queue
[2024-05-24T07:32:59.213+0000] {logging_mixin.py:188} INFO - [2024-05-24T07:32:59.213+0000] {dagbag.py:545} INFO - Filling up the DagBag from /home/airflow/.local/lib/python3.12/site-packages/airflow/example_dags/example_setup_teardown_taskflow.py
[2024-05-24T07:32:59.217+0000] {processor.py:840} INFO - DAG(s) 'example_setup_teardown_taskflow' retrieved from /home/airflow/.local/lib/python3.12/site-packages/airflow/example_dags/example_setup_teardown_taskflow.py
[2024-05-24T07:32:59.226+0000] {logging_mixin.py:188} INFO - [2024-05-24T07:32:59.226+0000] {dag.py:3096} INFO - Sync 1 DAGs
[2024-05-24T07:32:59.235+0000] {logging_mixin.py:188} INFO - [2024-05-24T07:32:59.235+0000] {dag.py:3954} INFO - Setting next_dagrun for example_setup_teardown_taskflow to 2024-05-23 00:00:00+00:00, run_after=2024-05-24 00:00:00+00:00
[2024-05-24T07:32:59.241+0000] {processor.py:183} INFO - Processing /home/airflow/.local/lib/python3.12/site-packages/airflow/example_dags/example_setup_teardown_taskflow.py took 0.032 seconds
[2024-05-24T07:33:29.577+0000] {processor.py:161} INFO - Started process (PID=12426) to work on /home/airflow/.local/lib/python3.12/site-packages/airflow/example_dags/example_setup_teardown_taskflow.py
[2024-05-24T07:33:29.578+0000] {processor.py:830} INFO - Processing file /home/airflow/.local/lib/python3.12/site-packages/airflow/example_dags/example_setup_teardown_taskflow.py for tasks to queue
[2024-05-24T07:33:29.578+0000] {logging_mixin.py:188} INFO - [2024-05-24T07:33:29.578+0000] {dagbag.py:545} INFO - Filling up the DagBag from /home/airflow/.local/lib/python3.12/site-packages/airflow/example_dags/example_setup_teardown_taskflow.py
[2024-05-24T07:33:29.582+0000] {processor.py:840} INFO - DAG(s) 'example_setup_teardown_taskflow' retrieved from /home/airflow/.local/lib/python3.12/site-packages/airflow/example_dags/example_setup_teardown_taskflow.py
[2024-05-24T07:33:29.591+0000] {logging_mixin.py:188} INFO - [2024-05-24T07:33:29.591+0000] {dag.py:3096} INFO - Sync 1 DAGs
[2024-05-24T07:33:29.600+0000] {logging_mixin.py:188} INFO - [2024-05-24T07:33:29.600+0000] {dag.py:3954} INFO - Setting next_dagrun for example_setup_teardown_taskflow to 2024-05-23 00:00:00+00:00, run_after=2024-05-24 00:00:00+00:00
[2024-05-24T07:33:29.606+0000] {processor.py:183} INFO - Processing /home/airflow/.local/lib/python3.12/site-packages/airflow/example_dags/example_setup_teardown_taskflow.py took 0.031 seconds
[2024-05-24T07:33:59.909+0000] {processor.py:161} INFO - Started process (PID=12688) to work on /home/airflow/.local/lib/python3.12/site-packages/airflow/example_dags/example_setup_teardown_taskflow.py
[2024-05-24T07:33:59.909+0000] {processor.py:830} INFO - Processing file /home/airflow/.local/lib/python3.12/site-packages/airflow/example_dags/example_setup_teardown_taskflow.py for tasks to queue
[2024-05-24T07:33:59.910+0000] {logging_mixin.py:188} INFO - [2024-05-24T07:33:59.910+0000] {dagbag.py:545} INFO - Filling up the DagBag from /home/airflow/.local/lib/python3.12/site-packages/airflow/example_dags/example_setup_teardown_taskflow.py
[2024-05-24T07:33:59.914+0000] {processor.py:840} INFO - DAG(s) 'example_setup_teardown_taskflow' retrieved from /home/airflow/.local/lib/python3.12/site-packages/airflow/example_dags/example_setup_teardown_taskflow.py
[2024-05-24T07:33:59.922+0000] {logging_mixin.py:188} INFO - [2024-05-24T07:33:59.922+0000] {dag.py:3096} INFO - Sync 1 DAGs
[2024-05-24T07:33:59.931+0000] {logging_mixin.py:188} INFO - [2024-05-24T07:33:59.931+0000] {dag.py:3954} INFO - Setting next_dagrun for example_setup_teardown_taskflow to 2024-05-23 00:00:00+00:00, run_after=2024-05-24 00:00:00+00:00
[2024-05-24T07:33:59.937+0000] {processor.py:183} INFO - Processing /home/airflow/.local/lib/python3.12/site-packages/airflow/example_dags/example_setup_teardown_taskflow.py took 0.031 seconds
[2024-05-24T07:34:30.387+0000] {processor.py:161} INFO - Started process (PID=12949) to work on /home/airflow/.local/lib/python3.12/site-packages/airflow/example_dags/example_setup_teardown_taskflow.py
[2024-05-24T07:34:30.387+0000] {processor.py:830} INFO - Processing file /home/airflow/.local/lib/python3.12/site-packages/airflow/example_dags/example_setup_teardown_taskflow.py for tasks to queue
[2024-05-24T07:34:30.388+0000] {logging_mixin.py:188} INFO - [2024-05-24T07:34:30.388+0000] {dagbag.py:545} INFO - Filling up the DagBag from /home/airflow/.local/lib/python3.12/site-packages/airflow/example_dags/example_setup_teardown_taskflow.py
[2024-05-24T07:34:30.391+0000] {processor.py:840} INFO - DAG(s) 'example_setup_teardown_taskflow' retrieved from /home/airflow/.local/lib/python3.12/site-packages/airflow/example_dags/example_setup_teardown_taskflow.py
[2024-05-24T07:34:30.399+0000] {logging_mixin.py:188} INFO - [2024-05-24T07:34:30.399+0000] {dag.py:3096} INFO - Sync 1 DAGs
[2024-05-24T07:34:30.406+0000] {logging_mixin.py:188} INFO - [2024-05-24T07:34:30.406+0000] {dag.py:3954} INFO - Setting next_dagrun for example_setup_teardown_taskflow to 2024-05-23 00:00:00+00:00, run_after=2024-05-24 00:00:00+00:00
[2024-05-24T07:34:30.412+0000] {processor.py:183} INFO - Processing /home/airflow/.local/lib/python3.12/site-packages/airflow/example_dags/example_setup_teardown_taskflow.py took 0.028 seconds
[2024-05-24T07:35:00.836+0000] {processor.py:161} INFO - Started process (PID=13211) to work on /home/airflow/.local/lib/python3.12/site-packages/airflow/example_dags/example_setup_teardown_taskflow.py
[2024-05-24T07:35:00.837+0000] {processor.py:830} INFO - Processing file /home/airflow/.local/lib/python3.12/site-packages/airflow/example_dags/example_setup_teardown_taskflow.py for tasks to queue
[2024-05-24T07:35:00.839+0000] {logging_mixin.py:188} INFO - [2024-05-24T07:35:00.839+0000] {dagbag.py:545} INFO - Filling up the DagBag from /home/airflow/.local/lib/python3.12/site-packages/airflow/example_dags/example_setup_teardown_taskflow.py
[2024-05-24T07:35:00.843+0000] {processor.py:840} INFO - DAG(s) 'example_setup_teardown_taskflow' retrieved from /home/airflow/.local/lib/python3.12/site-packages/airflow/example_dags/example_setup_teardown_taskflow.py
[2024-05-24T07:35:00.851+0000] {logging_mixin.py:188} INFO - [2024-05-24T07:35:00.851+0000] {dag.py:3096} INFO - Sync 1 DAGs
[2024-05-24T07:35:00.860+0000] {logging_mixin.py:188} INFO - [2024-05-24T07:35:00.859+0000] {dag.py:3954} INFO - Setting next_dagrun for example_setup_teardown_taskflow to 2024-05-23 00:00:00+00:00, run_after=2024-05-24 00:00:00+00:00
[2024-05-24T07:35:00.866+0000] {processor.py:183} INFO - Processing /home/airflow/.local/lib/python3.12/site-packages/airflow/example_dags/example_setup_teardown_taskflow.py took 0.032 seconds
[2024-05-24T07:35:31.190+0000] {processor.py:161} INFO - Started process (PID=13473) to work on /home/airflow/.local/lib/python3.12/site-packages/airflow/example_dags/example_setup_teardown_taskflow.py
[2024-05-24T07:35:31.190+0000] {processor.py:830} INFO - Processing file /home/airflow/.local/lib/python3.12/site-packages/airflow/example_dags/example_setup_teardown_taskflow.py for tasks to queue
[2024-05-24T07:35:31.191+0000] {logging_mixin.py:188} INFO - [2024-05-24T07:35:31.191+0000] {dagbag.py:545} INFO - Filling up the DagBag from /home/airflow/.local/lib/python3.12/site-packages/airflow/example_dags/example_setup_teardown_taskflow.py
[2024-05-24T07:35:31.194+0000] {processor.py:840} INFO - DAG(s) 'example_setup_teardown_taskflow' retrieved from /home/airflow/.local/lib/python3.12/site-packages/airflow/example_dags/example_setup_teardown_taskflow.py
[2024-05-24T07:35:31.203+0000] {logging_mixin.py:188} INFO - [2024-05-24T07:35:31.203+0000] {dag.py:3096} INFO - Sync 1 DAGs
[2024-05-24T07:35:31.211+0000] {logging_mixin.py:188} INFO - [2024-05-24T07:35:31.211+0000] {dag.py:3954} INFO - Setting next_dagrun for example_setup_teardown_taskflow to 2024-05-23 00:00:00+00:00, run_after=2024-05-24 00:00:00+00:00
[2024-05-24T07:35:31.218+0000] {processor.py:183} INFO - Processing /home/airflow/.local/lib/python3.12/site-packages/airflow/example_dags/example_setup_teardown_taskflow.py took 0.031 seconds
[2024-05-24T07:36:01.532+0000] {processor.py:161} INFO - Started process (PID=13735) to work on /home/airflow/.local/lib/python3.12/site-packages/airflow/example_dags/example_setup_teardown_taskflow.py
[2024-05-24T07:36:01.532+0000] {processor.py:830} INFO - Processing file /home/airflow/.local/lib/python3.12/site-packages/airflow/example_dags/example_setup_teardown_taskflow.py for tasks to queue
[2024-05-24T07:36:01.533+0000] {logging_mixin.py:188} INFO - [2024-05-24T07:36:01.533+0000] {dagbag.py:545} INFO - Filling up the DagBag from /home/airflow/.local/lib/python3.12/site-packages/airflow/example_dags/example_setup_teardown_taskflow.py
[2024-05-24T07:36:01.537+0000] {processor.py:840} INFO - DAG(s) 'example_setup_teardown_taskflow' retrieved from /home/airflow/.local/lib/python3.12/site-packages/airflow/example_dags/example_setup_teardown_taskflow.py
[2024-05-24T07:36:01.545+0000] {logging_mixin.py:188} INFO - [2024-05-24T07:36:01.545+0000] {dag.py:3096} INFO - Sync 1 DAGs
[2024-05-24T07:36:01.553+0000] {logging_mixin.py:188} INFO - [2024-05-24T07:36:01.553+0000] {dag.py:3954} INFO - Setting next_dagrun for example_setup_teardown_taskflow to 2024-05-23 00:00:00+00:00, run_after=2024-05-24 00:00:00+00:00
[2024-05-24T07:36:01.560+0000] {processor.py:183} INFO - Processing /home/airflow/.local/lib/python3.12/site-packages/airflow/example_dags/example_setup_teardown_taskflow.py took 0.030 seconds
[2024-05-24T07:36:32.025+0000] {processor.py:161} INFO - Started process (PID=13997) to work on /home/airflow/.local/lib/python3.12/site-packages/airflow/example_dags/example_setup_teardown_taskflow.py
[2024-05-24T07:36:32.026+0000] {processor.py:830} INFO - Processing file /home/airflow/.local/lib/python3.12/site-packages/airflow/example_dags/example_setup_teardown_taskflow.py for tasks to queue
[2024-05-24T07:36:32.026+0000] {logging_mixin.py:188} INFO - [2024-05-24T07:36:32.026+0000] {dagbag.py:545} INFO - Filling up the DagBag from /home/airflow/.local/lib/python3.12/site-packages/airflow/example_dags/example_setup_teardown_taskflow.py
[2024-05-24T07:36:32.031+0000] {processor.py:840} INFO - DAG(s) 'example_setup_teardown_taskflow' retrieved from /home/airflow/.local/lib/python3.12/site-packages/airflow/example_dags/example_setup_teardown_taskflow.py
[2024-05-24T07:36:32.039+0000] {logging_mixin.py:188} INFO - [2024-05-24T07:36:32.039+0000] {dag.py:3096} INFO - Sync 1 DAGs
[2024-05-24T07:36:32.047+0000] {logging_mixin.py:188} INFO - [2024-05-24T07:36:32.047+0000] {dag.py:3954} INFO - Setting next_dagrun for example_setup_teardown_taskflow to 2024-05-23 00:00:00+00:00, run_after=2024-05-24 00:00:00+00:00
[2024-05-24T07:36:32.053+0000] {processor.py:183} INFO - Processing /home/airflow/.local/lib/python3.12/site-packages/airflow/example_dags/example_setup_teardown_taskflow.py took 0.031 seconds
[2024-05-24T07:37:02.393+0000] {processor.py:161} INFO - Started process (PID=14259) to work on /home/airflow/.local/lib/python3.12/site-packages/airflow/example_dags/example_setup_teardown_taskflow.py
[2024-05-24T07:37:02.393+0000] {processor.py:830} INFO - Processing file /home/airflow/.local/lib/python3.12/site-packages/airflow/example_dags/example_setup_teardown_taskflow.py for tasks to queue
[2024-05-24T07:37:02.394+0000] {logging_mixin.py:188} INFO - [2024-05-24T07:37:02.394+0000] {dagbag.py:545} INFO - Filling up the DagBag from /home/airflow/.local/lib/python3.12/site-packages/airflow/example_dags/example_setup_teardown_taskflow.py
[2024-05-24T07:37:02.398+0000] {processor.py:840} INFO - DAG(s) 'example_setup_teardown_taskflow' retrieved from /home/airflow/.local/lib/python3.12/site-packages/airflow/example_dags/example_setup_teardown_taskflow.py
[2024-05-24T07:37:02.407+0000] {logging_mixin.py:188} INFO - [2024-05-24T07:37:02.406+0000] {dag.py:3096} INFO - Sync 1 DAGs
[2024-05-24T07:37:02.415+0000] {logging_mixin.py:188} INFO - [2024-05-24T07:37:02.414+0000] {dag.py:3954} INFO - Setting next_dagrun for example_setup_teardown_taskflow to 2024-05-23 00:00:00+00:00, run_after=2024-05-24 00:00:00+00:00
[2024-05-24T07:37:02.421+0000] {processor.py:183} INFO - Processing /home/airflow/.local/lib/python3.12/site-packages/airflow/example_dags/example_setup_teardown_taskflow.py took 0.031 seconds
[2024-05-24T07:37:32.865+0000] {processor.py:161} INFO - Started process (PID=14521) to work on /home/airflow/.local/lib/python3.12/site-packages/airflow/example_dags/example_setup_teardown_taskflow.py
[2024-05-24T07:37:32.865+0000] {processor.py:830} INFO - Processing file /home/airflow/.local/lib/python3.12/site-packages/airflow/example_dags/example_setup_teardown_taskflow.py for tasks to queue
[2024-05-24T07:37:32.866+0000] {logging_mixin.py:188} INFO - [2024-05-24T07:37:32.866+0000] {dagbag.py:545} INFO - Filling up the DagBag from /home/airflow/.local/lib/python3.12/site-packages/airflow/example_dags/example_setup_teardown_taskflow.py
[2024-05-24T07:37:32.870+0000] {processor.py:840} INFO - DAG(s) 'example_setup_teardown_taskflow' retrieved from /home/airflow/.local/lib/python3.12/site-packages/airflow/example_dags/example_setup_teardown_taskflow.py
[2024-05-24T07:37:32.879+0000] {logging_mixin.py:188} INFO - [2024-05-24T07:37:32.878+0000] {dag.py:3096} INFO - Sync 1 DAGs
[2024-05-24T07:37:32.886+0000] {logging_mixin.py:188} INFO - [2024-05-24T07:37:32.886+0000] {dag.py:3954} INFO - Setting next_dagrun for example_setup_teardown_taskflow to 2024-05-23 00:00:00+00:00, run_after=2024-05-24 00:00:00+00:00
[2024-05-24T07:37:32.893+0000] {processor.py:183} INFO - Processing /home/airflow/.local/lib/python3.12/site-packages/airflow/example_dags/example_setup_teardown_taskflow.py took 0.030 seconds
[2024-05-24T07:38:03.270+0000] {processor.py:161} INFO - Started process (PID=14783) to work on /home/airflow/.local/lib/python3.12/site-packages/airflow/example_dags/example_setup_teardown_taskflow.py
[2024-05-24T07:38:03.271+0000] {processor.py:830} INFO - Processing file /home/airflow/.local/lib/python3.12/site-packages/airflow/example_dags/example_setup_teardown_taskflow.py for tasks to queue
[2024-05-24T07:38:03.272+0000] {logging_mixin.py:188} INFO - [2024-05-24T07:38:03.271+0000] {dagbag.py:545} INFO - Filling up the DagBag from /home/airflow/.local/lib/python3.12/site-packages/airflow/example_dags/example_setup_teardown_taskflow.py
[2024-05-24T07:38:03.275+0000] {processor.py:840} INFO - DAG(s) 'example_setup_teardown_taskflow' retrieved from /home/airflow/.local/lib/python3.12/site-packages/airflow/example_dags/example_setup_teardown_taskflow.py
[2024-05-24T07:38:03.284+0000] {logging_mixin.py:188} INFO - [2024-05-24T07:38:03.284+0000] {dag.py:3096} INFO - Sync 1 DAGs
[2024-05-24T07:38:03.293+0000] {logging_mixin.py:188} INFO - [2024-05-24T07:38:03.293+0000] {dag.py:3954} INFO - Setting next_dagrun for example_setup_teardown_taskflow to 2024-05-23 00:00:00+00:00, run_after=2024-05-24 00:00:00+00:00
[2024-05-24T07:38:03.299+0000] {processor.py:183} INFO - Processing /home/airflow/.local/lib/python3.12/site-packages/airflow/example_dags/example_setup_teardown_taskflow.py took 0.031 seconds
[2024-05-24T07:38:33.614+0000] {processor.py:161} INFO - Started process (PID=15047) to work on /home/airflow/.local/lib/python3.12/site-packages/airflow/example_dags/example_setup_teardown_taskflow.py
[2024-05-24T07:38:33.614+0000] {processor.py:830} INFO - Processing file /home/airflow/.local/lib/python3.12/site-packages/airflow/example_dags/example_setup_teardown_taskflow.py for tasks to queue
[2024-05-24T07:38:33.615+0000] {logging_mixin.py:188} INFO - [2024-05-24T07:38:33.615+0000] {dagbag.py:545} INFO - Filling up the DagBag from /home/airflow/.local/lib/python3.12/site-packages/airflow/example_dags/example_setup_teardown_taskflow.py
[2024-05-24T07:38:33.618+0000] {processor.py:840} INFO - DAG(s) 'example_setup_teardown_taskflow' retrieved from /home/airflow/.local/lib/python3.12/site-packages/airflow/example_dags/example_setup_teardown_taskflow.py
[2024-05-24T07:38:33.627+0000] {logging_mixin.py:188} INFO - [2024-05-24T07:38:33.627+0000] {dag.py:3096} INFO - Sync 1 DAGs
[2024-05-24T07:38:33.635+0000] {logging_mixin.py:188} INFO - [2024-05-24T07:38:33.635+0000] {dag.py:3954} INFO - Setting next_dagrun for example_setup_teardown_taskflow to 2024-05-23 00:00:00+00:00, run_after=2024-05-24 00:00:00+00:00
[2024-05-24T07:38:33.641+0000] {processor.py:183} INFO - Processing /home/airflow/.local/lib/python3.12/site-packages/airflow/example_dags/example_setup_teardown_taskflow.py took 0.030 seconds
[2024-05-24T07:39:03.963+0000] {processor.py:161} INFO - Started process (PID=15307) to work on /home/airflow/.local/lib/python3.12/site-packages/airflow/example_dags/example_setup_teardown_taskflow.py
[2024-05-24T07:39:03.963+0000] {processor.py:830} INFO - Processing file /home/airflow/.local/lib/python3.12/site-packages/airflow/example_dags/example_setup_teardown_taskflow.py for tasks to queue
[2024-05-24T07:39:03.964+0000] {logging_mixin.py:188} INFO - [2024-05-24T07:39:03.964+0000] {dagbag.py:545} INFO - Filling up the DagBag from /home/airflow/.local/lib/python3.12/site-packages/airflow/example_dags/example_setup_teardown_taskflow.py
[2024-05-24T07:39:03.968+0000] {processor.py:840} INFO - DAG(s) 'example_setup_teardown_taskflow' retrieved from /home/airflow/.local/lib/python3.12/site-packages/airflow/example_dags/example_setup_teardown_taskflow.py
[2024-05-24T07:39:03.977+0000] {logging_mixin.py:188} INFO - [2024-05-24T07:39:03.976+0000] {dag.py:3096} INFO - Sync 1 DAGs
[2024-05-24T07:39:03.985+0000] {logging_mixin.py:188} INFO - [2024-05-24T07:39:03.984+0000] {dag.py:3954} INFO - Setting next_dagrun for example_setup_teardown_taskflow to 2024-05-23 00:00:00+00:00, run_after=2024-05-24 00:00:00+00:00
[2024-05-24T07:39:03.992+0000] {processor.py:183} INFO - Processing /home/airflow/.local/lib/python3.12/site-packages/airflow/example_dags/example_setup_teardown_taskflow.py took 0.032 seconds
[2024-05-24T07:39:34.288+0000] {processor.py:161} INFO - Started process (PID=15568) to work on /home/airflow/.local/lib/python3.12/site-packages/airflow/example_dags/example_setup_teardown_taskflow.py
[2024-05-24T07:39:34.289+0000] {processor.py:830} INFO - Processing file /home/airflow/.local/lib/python3.12/site-packages/airflow/example_dags/example_setup_teardown_taskflow.py for tasks to queue
[2024-05-24T07:39:34.289+0000] {logging_mixin.py:188} INFO - [2024-05-24T07:39:34.289+0000] {dagbag.py:545} INFO - Filling up the DagBag from /home/airflow/.local/lib/python3.12/site-packages/airflow/example_dags/example_setup_teardown_taskflow.py
[2024-05-24T07:39:34.293+0000] {processor.py:840} INFO - DAG(s) 'example_setup_teardown_taskflow' retrieved from /home/airflow/.local/lib/python3.12/site-packages/airflow/example_dags/example_setup_teardown_taskflow.py
[2024-05-24T07:39:34.302+0000] {logging_mixin.py:188} INFO - [2024-05-24T07:39:34.301+0000] {dag.py:3096} INFO - Sync 1 DAGs
[2024-05-24T07:39:34.310+0000] {logging_mixin.py:188} INFO - [2024-05-24T07:39:34.309+0000] {dag.py:3954} INFO - Setting next_dagrun for example_setup_teardown_taskflow to 2024-05-23 00:00:00+00:00, run_after=2024-05-24 00:00:00+00:00
[2024-05-24T07:39:34.316+0000] {processor.py:183} INFO - Processing /home/airflow/.local/lib/python3.12/site-packages/airflow/example_dags/example_setup_teardown_taskflow.py took 0.030 seconds
[2024-05-24T07:40:04.777+0000] {processor.py:161} INFO - Started process (PID=15830) to work on /home/airflow/.local/lib/python3.12/site-packages/airflow/example_dags/example_setup_teardown_taskflow.py
[2024-05-24T07:40:04.778+0000] {processor.py:830} INFO - Processing file /home/airflow/.local/lib/python3.12/site-packages/airflow/example_dags/example_setup_teardown_taskflow.py for tasks to queue
[2024-05-24T07:40:04.779+0000] {logging_mixin.py:188} INFO - [2024-05-24T07:40:04.778+0000] {dagbag.py:545} INFO - Filling up the DagBag from /home/airflow/.local/lib/python3.12/site-packages/airflow/example_dags/example_setup_teardown_taskflow.py
[2024-05-24T07:40:04.783+0000] {processor.py:840} INFO - DAG(s) 'example_setup_teardown_taskflow' retrieved from /home/airflow/.local/lib/python3.12/site-packages/airflow/example_dags/example_setup_teardown_taskflow.py
[2024-05-24T07:40:04.791+0000] {logging_mixin.py:188} INFO - [2024-05-24T07:40:04.791+0000] {dag.py:3096} INFO - Sync 1 DAGs
[2024-05-24T07:40:04.799+0000] {logging_mixin.py:188} INFO - [2024-05-24T07:40:04.799+0000] {dag.py:3954} INFO - Setting next_dagrun for example_setup_teardown_taskflow to 2024-05-23 00:00:00+00:00, run_after=2024-05-24 00:00:00+00:00
[2024-05-24T07:40:04.805+0000] {processor.py:183} INFO - Processing /home/airflow/.local/lib/python3.12/site-packages/airflow/example_dags/example_setup_teardown_taskflow.py took 0.030 seconds
[2024-05-24T07:40:35.233+0000] {processor.py:161} INFO - Started process (PID=16092) to work on /home/airflow/.local/lib/python3.12/site-packages/airflow/example_dags/example_setup_teardown_taskflow.py
[2024-05-24T07:40:35.234+0000] {processor.py:830} INFO - Processing file /home/airflow/.local/lib/python3.12/site-packages/airflow/example_dags/example_setup_teardown_taskflow.py for tasks to queue
[2024-05-24T07:40:35.235+0000] {logging_mixin.py:188} INFO - [2024-05-24T07:40:35.235+0000] {dagbag.py:545} INFO - Filling up the DagBag from /home/airflow/.local/lib/python3.12/site-packages/airflow/example_dags/example_setup_teardown_taskflow.py
[2024-05-24T07:40:35.239+0000] {processor.py:840} INFO - DAG(s) 'example_setup_teardown_taskflow' retrieved from /home/airflow/.local/lib/python3.12/site-packages/airflow/example_dags/example_setup_teardown_taskflow.py
[2024-05-24T07:40:35.247+0000] {logging_mixin.py:188} INFO - [2024-05-24T07:40:35.247+0000] {dag.py:3096} INFO - Sync 1 DAGs
[2024-05-24T07:40:35.255+0000] {logging_mixin.py:188} INFO - [2024-05-24T07:40:35.255+0000] {dag.py:3954} INFO - Setting next_dagrun for example_setup_teardown_taskflow to 2024-05-23 00:00:00+00:00, run_after=2024-05-24 00:00:00+00:00
[2024-05-24T07:40:35.261+0000] {processor.py:183} INFO - Processing /home/airflow/.local/lib/python3.12/site-packages/airflow/example_dags/example_setup_teardown_taskflow.py took 0.030 seconds
[2024-05-24T07:41:05.601+0000] {processor.py:161} INFO - Started process (PID=16354) to work on /home/airflow/.local/lib/python3.12/site-packages/airflow/example_dags/example_setup_teardown_taskflow.py
[2024-05-24T07:41:05.601+0000] {processor.py:830} INFO - Processing file /home/airflow/.local/lib/python3.12/site-packages/airflow/example_dags/example_setup_teardown_taskflow.py for tasks to queue
[2024-05-24T07:41:05.603+0000] {logging_mixin.py:188} INFO - [2024-05-24T07:41:05.603+0000] {dagbag.py:545} INFO - Filling up the DagBag from /home/airflow/.local/lib/python3.12/site-packages/airflow/example_dags/example_setup_teardown_taskflow.py
[2024-05-24T07:41:05.607+0000] {processor.py:840} INFO - DAG(s) 'example_setup_teardown_taskflow' retrieved from /home/airflow/.local/lib/python3.12/site-packages/airflow/example_dags/example_setup_teardown_taskflow.py
[2024-05-24T07:41:05.615+0000] {logging_mixin.py:188} INFO - [2024-05-24T07:41:05.615+0000] {dag.py:3096} INFO - Sync 1 DAGs
[2024-05-24T07:41:05.623+0000] {logging_mixin.py:188} INFO - [2024-05-24T07:41:05.623+0000] {dag.py:3954} INFO - Setting next_dagrun for example_setup_teardown_taskflow to 2024-05-23 00:00:00+00:00, run_after=2024-05-24 00:00:00+00:00
[2024-05-24T07:41:05.629+0000] {processor.py:183} INFO - Processing /home/airflow/.local/lib/python3.12/site-packages/airflow/example_dags/example_setup_teardown_taskflow.py took 0.031 seconds
[2024-05-24T07:41:35.934+0000] {processor.py:161} INFO - Started process (PID=16618) to work on /home/airflow/.local/lib/python3.12/site-packages/airflow/example_dags/example_setup_teardown_taskflow.py
[2024-05-24T07:41:35.935+0000] {processor.py:830} INFO - Processing file /home/airflow/.local/lib/python3.12/site-packages/airflow/example_dags/example_setup_teardown_taskflow.py for tasks to queue
[2024-05-24T07:41:35.935+0000] {logging_mixin.py:188} INFO - [2024-05-24T07:41:35.935+0000] {dagbag.py:545} INFO - Filling up the DagBag from /home/airflow/.local/lib/python3.12/site-packages/airflow/example_dags/example_setup_teardown_taskflow.py
[2024-05-24T07:41:35.939+0000] {processor.py:840} INFO - DAG(s) 'example_setup_teardown_taskflow' retrieved from /home/airflow/.local/lib/python3.12/site-packages/airflow/example_dags/example_setup_teardown_taskflow.py
[2024-05-24T07:41:35.946+0000] {logging_mixin.py:188} INFO - [2024-05-24T07:41:35.946+0000] {dag.py:3096} INFO - Sync 1 DAGs
[2024-05-24T07:41:35.953+0000] {logging_mixin.py:188} INFO - [2024-05-24T07:41:35.953+0000] {dag.py:3954} INFO - Setting next_dagrun for example_setup_teardown_taskflow to 2024-05-23 00:00:00+00:00, run_after=2024-05-24 00:00:00+00:00
[2024-05-24T07:41:35.959+0000] {processor.py:183} INFO - Processing /home/airflow/.local/lib/python3.12/site-packages/airflow/example_dags/example_setup_teardown_taskflow.py took 0.027 seconds
[2024-05-24T07:42:06.294+0000] {processor.py:161} INFO - Started process (PID=16878) to work on /home/airflow/.local/lib/python3.12/site-packages/airflow/example_dags/example_setup_teardown_taskflow.py
[2024-05-24T07:42:06.295+0000] {processor.py:830} INFO - Processing file /home/airflow/.local/lib/python3.12/site-packages/airflow/example_dags/example_setup_teardown_taskflow.py for tasks to queue
[2024-05-24T07:42:06.296+0000] {logging_mixin.py:188} INFO - [2024-05-24T07:42:06.296+0000] {dagbag.py:545} INFO - Filling up the DagBag from /home/airflow/.local/lib/python3.12/site-packages/airflow/example_dags/example_setup_teardown_taskflow.py
[2024-05-24T07:42:06.300+0000] {processor.py:840} INFO - DAG(s) 'example_setup_teardown_taskflow' retrieved from /home/airflow/.local/lib/python3.12/site-packages/airflow/example_dags/example_setup_teardown_taskflow.py
[2024-05-24T07:42:06.308+0000] {logging_mixin.py:188} INFO - [2024-05-24T07:42:06.308+0000] {dag.py:3096} INFO - Sync 1 DAGs
[2024-05-24T07:42:06.316+0000] {logging_mixin.py:188} INFO - [2024-05-24T07:42:06.316+0000] {dag.py:3954} INFO - Setting next_dagrun for example_setup_teardown_taskflow to 2024-05-23 00:00:00+00:00, run_after=2024-05-24 00:00:00+00:00
[2024-05-24T07:42:06.324+0000] {processor.py:183} INFO - Processing /home/airflow/.local/lib/python3.12/site-packages/airflow/example_dags/example_setup_teardown_taskflow.py took 0.033 seconds
[2024-05-24T07:42:36.751+0000] {processor.py:161} INFO - Started process (PID=17140) to work on /home/airflow/.local/lib/python3.12/site-packages/airflow/example_dags/example_setup_teardown_taskflow.py
[2024-05-24T07:42:36.751+0000] {processor.py:830} INFO - Processing file /home/airflow/.local/lib/python3.12/site-packages/airflow/example_dags/example_setup_teardown_taskflow.py for tasks to queue
[2024-05-24T07:42:36.752+0000] {logging_mixin.py:188} INFO - [2024-05-24T07:42:36.752+0000] {dagbag.py:545} INFO - Filling up the DagBag from /home/airflow/.local/lib/python3.12/site-packages/airflow/example_dags/example_setup_teardown_taskflow.py
[2024-05-24T07:42:36.756+0000] {processor.py:840} INFO - DAG(s) 'example_setup_teardown_taskflow' retrieved from /home/airflow/.local/lib/python3.12/site-packages/airflow/example_dags/example_setup_teardown_taskflow.py
[2024-05-24T07:42:36.764+0000] {logging_mixin.py:188} INFO - [2024-05-24T07:42:36.764+0000] {dag.py:3096} INFO - Sync 1 DAGs
[2024-05-24T07:42:36.772+0000] {logging_mixin.py:188} INFO - [2024-05-24T07:42:36.772+0000] {dag.py:3954} INFO - Setting next_dagrun for example_setup_teardown_taskflow to 2024-05-23 00:00:00+00:00, run_after=2024-05-24 00:00:00+00:00
[2024-05-24T07:42:36.779+0000] {processor.py:183} INFO - Processing /home/airflow/.local/lib/python3.12/site-packages/airflow/example_dags/example_setup_teardown_taskflow.py took 0.030 seconds
[2024-05-24T07:43:07.139+0000] {processor.py:161} INFO - Started process (PID=17404) to work on /home/airflow/.local/lib/python3.12/site-packages/airflow/example_dags/example_setup_teardown_taskflow.py
[2024-05-24T07:43:07.139+0000] {processor.py:830} INFO - Processing file /home/airflow/.local/lib/python3.12/site-packages/airflow/example_dags/example_setup_teardown_taskflow.py for tasks to queue
[2024-05-24T07:43:07.140+0000] {logging_mixin.py:188} INFO - [2024-05-24T07:43:07.140+0000] {dagbag.py:545} INFO - Filling up the DagBag from /home/airflow/.local/lib/python3.12/site-packages/airflow/example_dags/example_setup_teardown_taskflow.py
[2024-05-24T07:43:07.144+0000] {processor.py:840} INFO - DAG(s) 'example_setup_teardown_taskflow' retrieved from /home/airflow/.local/lib/python3.12/site-packages/airflow/example_dags/example_setup_teardown_taskflow.py
[2024-05-24T07:43:07.152+0000] {logging_mixin.py:188} INFO - [2024-05-24T07:43:07.152+0000] {dag.py:3096} INFO - Sync 1 DAGs
[2024-05-24T07:43:07.159+0000] {logging_mixin.py:188} INFO - [2024-05-24T07:43:07.159+0000] {dag.py:3954} INFO - Setting next_dagrun for example_setup_teardown_taskflow to 2024-05-23 00:00:00+00:00, run_after=2024-05-24 00:00:00+00:00
[2024-05-24T07:43:07.165+0000] {processor.py:183} INFO - Processing /home/airflow/.local/lib/python3.12/site-packages/airflow/example_dags/example_setup_teardown_taskflow.py took 0.028 seconds
[2024-05-24T07:43:37.487+0000] {processor.py:161} INFO - Started process (PID=17664) to work on /home/airflow/.local/lib/python3.12/site-packages/airflow/example_dags/example_setup_teardown_taskflow.py
[2024-05-24T07:43:37.487+0000] {processor.py:830} INFO - Processing file /home/airflow/.local/lib/python3.12/site-packages/airflow/example_dags/example_setup_teardown_taskflow.py for tasks to queue
[2024-05-24T07:43:37.488+0000] {logging_mixin.py:188} INFO - [2024-05-24T07:43:37.488+0000] {dagbag.py:545} INFO - Filling up the DagBag from /home/airflow/.local/lib/python3.12/site-packages/airflow/example_dags/example_setup_teardown_taskflow.py
[2024-05-24T07:43:37.492+0000] {processor.py:840} INFO - DAG(s) 'example_setup_teardown_taskflow' retrieved from /home/airflow/.local/lib/python3.12/site-packages/airflow/example_dags/example_setup_teardown_taskflow.py
[2024-05-24T07:43:37.500+0000] {logging_mixin.py:188} INFO - [2024-05-24T07:43:37.500+0000] {dag.py:3096} INFO - Sync 1 DAGs
[2024-05-24T07:43:37.509+0000] {logging_mixin.py:188} INFO - [2024-05-24T07:43:37.509+0000] {dag.py:3954} INFO - Setting next_dagrun for example_setup_teardown_taskflow to 2024-05-23 00:00:00+00:00, run_after=2024-05-24 00:00:00+00:00
[2024-05-24T07:43:37.516+0000] {processor.py:183} INFO - Processing /home/airflow/.local/lib/python3.12/site-packages/airflow/example_dags/example_setup_teardown_taskflow.py took 0.031 seconds
[2024-05-24T07:44:07.829+0000] {processor.py:161} INFO - Started process (PID=17926) to work on /home/airflow/.local/lib/python3.12/site-packages/airflow/example_dags/example_setup_teardown_taskflow.py
[2024-05-24T07:44:07.830+0000] {processor.py:830} INFO - Processing file /home/airflow/.local/lib/python3.12/site-packages/airflow/example_dags/example_setup_teardown_taskflow.py for tasks to queue
[2024-05-24T07:44:07.831+0000] {logging_mixin.py:188} INFO - [2024-05-24T07:44:07.831+0000] {dagbag.py:545} INFO - Filling up the DagBag from /home/airflow/.local/lib/python3.12/site-packages/airflow/example_dags/example_setup_teardown_taskflow.py
[2024-05-24T07:44:07.835+0000] {processor.py:840} INFO - DAG(s) 'example_setup_teardown_taskflow' retrieved from /home/airflow/.local/lib/python3.12/site-packages/airflow/example_dags/example_setup_teardown_taskflow.py
[2024-05-24T07:44:07.843+0000] {logging_mixin.py:188} INFO - [2024-05-24T07:44:07.843+0000] {dag.py:3096} INFO - Sync 1 DAGs
[2024-05-24T07:44:07.852+0000] {logging_mixin.py:188} INFO - [2024-05-24T07:44:07.852+0000] {dag.py:3954} INFO - Setting next_dagrun for example_setup_teardown_taskflow to 2024-05-23 00:00:00+00:00, run_after=2024-05-24 00:00:00+00:00
[2024-05-24T07:44:07.858+0000] {processor.py:183} INFO - Processing /home/airflow/.local/lib/python3.12/site-packages/airflow/example_dags/example_setup_teardown_taskflow.py took 0.031 seconds
[2024-05-24T07:44:38.153+0000] {processor.py:161} INFO - Started process (PID=18188) to work on /home/airflow/.local/lib/python3.12/site-packages/airflow/example_dags/example_setup_teardown_taskflow.py
[2024-05-24T07:44:38.154+0000] {processor.py:830} INFO - Processing file /home/airflow/.local/lib/python3.12/site-packages/airflow/example_dags/example_setup_teardown_taskflow.py for tasks to queue
[2024-05-24T07:44:38.154+0000] {logging_mixin.py:188} INFO - [2024-05-24T07:44:38.154+0000] {dagbag.py:545} INFO - Filling up the DagBag from /home/airflow/.local/lib/python3.12/site-packages/airflow/example_dags/example_setup_teardown_taskflow.py
[2024-05-24T07:44:38.157+0000] {processor.py:840} INFO - DAG(s) 'example_setup_teardown_taskflow' retrieved from /home/airflow/.local/lib/python3.12/site-packages/airflow/example_dags/example_setup_teardown_taskflow.py
[2024-05-24T07:44:38.165+0000] {logging_mixin.py:188} INFO - [2024-05-24T07:44:38.165+0000] {dag.py:3096} INFO - Sync 1 DAGs
[2024-05-24T07:44:38.172+0000] {logging_mixin.py:188} INFO - [2024-05-24T07:44:38.172+0000] {dag.py:3954} INFO - Setting next_dagrun for example_setup_teardown_taskflow to 2024-05-23 00:00:00+00:00, run_after=2024-05-24 00:00:00+00:00
[2024-05-24T07:44:38.178+0000] {processor.py:183} INFO - Processing /home/airflow/.local/lib/python3.12/site-packages/airflow/example_dags/example_setup_teardown_taskflow.py took 0.027 seconds
