[2024-05-24T05:45:20.275+0000] {processor.py:161} INFO - Started process (PID=241) to work on /home/airflow/.local/lib/python3.12/site-packages/airflow/example_dags/example_dag_decorator.py
[2024-05-24T05:45:20.276+0000] {processor.py:830} INFO - Processing file /home/airflow/.local/lib/python3.12/site-packages/airflow/example_dags/example_dag_decorator.py for tasks to queue
[2024-05-24T05:45:20.280+0000] {logging_mixin.py:188} INFO - [2024-05-24T05:45:20.279+0000] {dagbag.py:545} INFO - Filling up the DagBag from /home/airflow/.local/lib/python3.12/site-packages/airflow/example_dags/example_dag_decorator.py
[2024-05-24T05:45:20.376+0000] {processor.py:840} INFO - DAG(s) 'example_dag_decorator' retrieved from /home/airflow/.local/lib/python3.12/site-packages/airflow/example_dags/example_dag_decorator.py
[2024-05-24T05:45:20.381+0000] {logging_mixin.py:188} INFO - [2024-05-24T05:45:20.381+0000] {dag.py:3096} INFO - Sync 1 DAGs
[2024-05-24T05:45:20.386+0000] {logging_mixin.py:188} INFO - [2024-05-24T05:45:20.386+0000] {dag.py:3954} INFO - Setting next_dagrun for example_dag_decorator to None, run_after=None
[2024-05-24T05:45:20.395+0000] {processor.py:183} INFO - Processing /home/airflow/.local/lib/python3.12/site-packages/airflow/example_dags/example_dag_decorator.py took 0.123 seconds
[2024-05-24T05:45:50.612+0000] {processor.py:161} INFO - Started process (PID=505) to work on /home/airflow/.local/lib/python3.12/site-packages/airflow/example_dags/example_dag_decorator.py
[2024-05-24T05:45:50.612+0000] {processor.py:830} INFO - Processing file /home/airflow/.local/lib/python3.12/site-packages/airflow/example_dags/example_dag_decorator.py for tasks to queue
[2024-05-24T05:45:50.613+0000] {logging_mixin.py:188} INFO - [2024-05-24T05:45:50.613+0000] {dagbag.py:545} INFO - Filling up the DagBag from /home/airflow/.local/lib/python3.12/site-packages/airflow/example_dags/example_dag_decorator.py
[2024-05-24T05:45:50.645+0000] {processor.py:840} INFO - DAG(s) 'example_dag_decorator' retrieved from /home/airflow/.local/lib/python3.12/site-packages/airflow/example_dags/example_dag_decorator.py
[2024-05-24T05:45:50.682+0000] {logging_mixin.py:188} INFO - [2024-05-24T05:45:50.682+0000] {dag.py:3096} INFO - Sync 1 DAGs
[2024-05-24T05:45:50.686+0000] {logging_mixin.py:188} INFO - [2024-05-24T05:45:50.686+0000] {dag.py:3954} INFO - Setting next_dagrun for example_dag_decorator to None, run_after=None
[2024-05-24T05:45:50.693+0000] {processor.py:183} INFO - Processing /home/airflow/.local/lib/python3.12/site-packages/airflow/example_dags/example_dag_decorator.py took 0.083 seconds
[2024-05-24T05:46:21.533+0000] {processor.py:161} INFO - Started process (PID=765) to work on /home/airflow/.local/lib/python3.12/site-packages/airflow/example_dags/example_dag_decorator.py
[2024-05-24T05:46:21.533+0000] {processor.py:830} INFO - Processing file /home/airflow/.local/lib/python3.12/site-packages/airflow/example_dags/example_dag_decorator.py for tasks to queue
[2024-05-24T05:46:21.534+0000] {logging_mixin.py:188} INFO - [2024-05-24T05:46:21.534+0000] {dagbag.py:545} INFO - Filling up the DagBag from /home/airflow/.local/lib/python3.12/site-packages/airflow/example_dags/example_dag_decorator.py
[2024-05-24T05:46:21.567+0000] {processor.py:840} INFO - DAG(s) 'example_dag_decorator' retrieved from /home/airflow/.local/lib/python3.12/site-packages/airflow/example_dags/example_dag_decorator.py
[2024-05-24T05:46:21.604+0000] {logging_mixin.py:188} INFO - [2024-05-24T05:46:21.604+0000] {dag.py:3096} INFO - Sync 1 DAGs
[2024-05-24T05:46:21.608+0000] {logging_mixin.py:188} INFO - [2024-05-24T05:46:21.608+0000] {dag.py:3954} INFO - Setting next_dagrun for example_dag_decorator to None, run_after=None
[2024-05-24T05:46:21.614+0000] {processor.py:183} INFO - Processing /home/airflow/.local/lib/python3.12/site-packages/airflow/example_dags/example_dag_decorator.py took 0.084 seconds
[2024-05-24T05:46:51.863+0000] {processor.py:161} INFO - Started process (PID=1027) to work on /home/airflow/.local/lib/python3.12/site-packages/airflow/example_dags/example_dag_decorator.py
[2024-05-24T05:46:51.864+0000] {processor.py:830} INFO - Processing file /home/airflow/.local/lib/python3.12/site-packages/airflow/example_dags/example_dag_decorator.py for tasks to queue
[2024-05-24T05:46:51.864+0000] {logging_mixin.py:188} INFO - [2024-05-24T05:46:51.864+0000] {dagbag.py:545} INFO - Filling up the DagBag from /home/airflow/.local/lib/python3.12/site-packages/airflow/example_dags/example_dag_decorator.py
[2024-05-24T05:46:51.896+0000] {processor.py:840} INFO - DAG(s) 'example_dag_decorator' retrieved from /home/airflow/.local/lib/python3.12/site-packages/airflow/example_dags/example_dag_decorator.py
[2024-05-24T05:46:51.933+0000] {logging_mixin.py:188} INFO - [2024-05-24T05:46:51.933+0000] {dag.py:3096} INFO - Sync 1 DAGs
[2024-05-24T05:46:51.937+0000] {logging_mixin.py:188} INFO - [2024-05-24T05:46:51.937+0000] {dag.py:3954} INFO - Setting next_dagrun for example_dag_decorator to None, run_after=None
[2024-05-24T05:46:51.942+0000] {processor.py:183} INFO - Processing /home/airflow/.local/lib/python3.12/site-packages/airflow/example_dags/example_dag_decorator.py took 0.082 seconds
[2024-05-24T05:47:22.181+0000] {processor.py:161} INFO - Started process (PID=1289) to work on /home/airflow/.local/lib/python3.12/site-packages/airflow/example_dags/example_dag_decorator.py
[2024-05-24T05:47:22.182+0000] {processor.py:830} INFO - Processing file /home/airflow/.local/lib/python3.12/site-packages/airflow/example_dags/example_dag_decorator.py for tasks to queue
[2024-05-24T05:47:22.182+0000] {logging_mixin.py:188} INFO - [2024-05-24T05:47:22.182+0000] {dagbag.py:545} INFO - Filling up the DagBag from /home/airflow/.local/lib/python3.12/site-packages/airflow/example_dags/example_dag_decorator.py
[2024-05-24T05:47:22.216+0000] {processor.py:840} INFO - DAG(s) 'example_dag_decorator' retrieved from /home/airflow/.local/lib/python3.12/site-packages/airflow/example_dags/example_dag_decorator.py
[2024-05-24T05:47:22.254+0000] {logging_mixin.py:188} INFO - [2024-05-24T05:47:22.254+0000] {dag.py:3096} INFO - Sync 1 DAGs
[2024-05-24T05:47:22.258+0000] {logging_mixin.py:188} INFO - [2024-05-24T05:47:22.258+0000] {dag.py:3954} INFO - Setting next_dagrun for example_dag_decorator to None, run_after=None
[2024-05-24T05:47:22.264+0000] {processor.py:183} INFO - Processing /home/airflow/.local/lib/python3.12/site-packages/airflow/example_dags/example_dag_decorator.py took 0.085 seconds
[2024-05-24T05:47:52.504+0000] {processor.py:161} INFO - Started process (PID=1551) to work on /home/airflow/.local/lib/python3.12/site-packages/airflow/example_dags/example_dag_decorator.py
[2024-05-24T05:47:52.504+0000] {processor.py:830} INFO - Processing file /home/airflow/.local/lib/python3.12/site-packages/airflow/example_dags/example_dag_decorator.py for tasks to queue
[2024-05-24T05:47:52.505+0000] {logging_mixin.py:188} INFO - [2024-05-24T05:47:52.505+0000] {dagbag.py:545} INFO - Filling up the DagBag from /home/airflow/.local/lib/python3.12/site-packages/airflow/example_dags/example_dag_decorator.py
[2024-05-24T05:47:52.536+0000] {processor.py:840} INFO - DAG(s) 'example_dag_decorator' retrieved from /home/airflow/.local/lib/python3.12/site-packages/airflow/example_dags/example_dag_decorator.py
[2024-05-24T05:47:52.573+0000] {logging_mixin.py:188} INFO - [2024-05-24T05:47:52.573+0000] {dag.py:3096} INFO - Sync 1 DAGs
[2024-05-24T05:47:52.576+0000] {logging_mixin.py:188} INFO - [2024-05-24T05:47:52.576+0000] {dag.py:3954} INFO - Setting next_dagrun for example_dag_decorator to None, run_after=None
[2024-05-24T05:47:52.582+0000] {processor.py:183} INFO - Processing /home/airflow/.local/lib/python3.12/site-packages/airflow/example_dags/example_dag_decorator.py took 0.081 seconds
[2024-05-24T05:48:22.871+0000] {processor.py:161} INFO - Started process (PID=1813) to work on /home/airflow/.local/lib/python3.12/site-packages/airflow/example_dags/example_dag_decorator.py
[2024-05-24T05:48:22.871+0000] {processor.py:830} INFO - Processing file /home/airflow/.local/lib/python3.12/site-packages/airflow/example_dags/example_dag_decorator.py for tasks to queue
[2024-05-24T05:48:22.872+0000] {logging_mixin.py:188} INFO - [2024-05-24T05:48:22.872+0000] {dagbag.py:545} INFO - Filling up the DagBag from /home/airflow/.local/lib/python3.12/site-packages/airflow/example_dags/example_dag_decorator.py
[2024-05-24T05:48:22.904+0000] {processor.py:840} INFO - DAG(s) 'example_dag_decorator' retrieved from /home/airflow/.local/lib/python3.12/site-packages/airflow/example_dags/example_dag_decorator.py
[2024-05-24T05:48:22.941+0000] {logging_mixin.py:188} INFO - [2024-05-24T05:48:22.941+0000] {dag.py:3096} INFO - Sync 1 DAGs
[2024-05-24T05:48:22.945+0000] {logging_mixin.py:188} INFO - [2024-05-24T05:48:22.945+0000] {dag.py:3954} INFO - Setting next_dagrun for example_dag_decorator to None, run_after=None
[2024-05-24T05:48:22.951+0000] {processor.py:183} INFO - Processing /home/airflow/.local/lib/python3.12/site-packages/airflow/example_dags/example_dag_decorator.py took 0.083 seconds
[2024-05-24T05:48:53.214+0000] {processor.py:161} INFO - Started process (PID=2077) to work on /home/airflow/.local/lib/python3.12/site-packages/airflow/example_dags/example_dag_decorator.py
[2024-05-24T05:48:53.214+0000] {processor.py:830} INFO - Processing file /home/airflow/.local/lib/python3.12/site-packages/airflow/example_dags/example_dag_decorator.py for tasks to queue
[2024-05-24T05:48:53.215+0000] {logging_mixin.py:188} INFO - [2024-05-24T05:48:53.215+0000] {dagbag.py:545} INFO - Filling up the DagBag from /home/airflow/.local/lib/python3.12/site-packages/airflow/example_dags/example_dag_decorator.py
[2024-05-24T05:48:53.249+0000] {processor.py:840} INFO - DAG(s) 'example_dag_decorator' retrieved from /home/airflow/.local/lib/python3.12/site-packages/airflow/example_dags/example_dag_decorator.py
[2024-05-24T05:48:53.286+0000] {logging_mixin.py:188} INFO - [2024-05-24T05:48:53.286+0000] {dag.py:3096} INFO - Sync 1 DAGs
[2024-05-24T05:48:53.291+0000] {logging_mixin.py:188} INFO - [2024-05-24T05:48:53.290+0000] {dag.py:3954} INFO - Setting next_dagrun for example_dag_decorator to None, run_after=None
[2024-05-24T05:48:53.297+0000] {processor.py:183} INFO - Processing /home/airflow/.local/lib/python3.12/site-packages/airflow/example_dags/example_dag_decorator.py took 0.085 seconds
[2024-05-24T05:49:23.538+0000] {processor.py:161} INFO - Started process (PID=2337) to work on /home/airflow/.local/lib/python3.12/site-packages/airflow/example_dags/example_dag_decorator.py
[2024-05-24T05:49:23.538+0000] {processor.py:830} INFO - Processing file /home/airflow/.local/lib/python3.12/site-packages/airflow/example_dags/example_dag_decorator.py for tasks to queue
[2024-05-24T05:49:23.539+0000] {logging_mixin.py:188} INFO - [2024-05-24T05:49:23.539+0000] {dagbag.py:545} INFO - Filling up the DagBag from /home/airflow/.local/lib/python3.12/site-packages/airflow/example_dags/example_dag_decorator.py
[2024-05-24T05:49:23.573+0000] {processor.py:840} INFO - DAG(s) 'example_dag_decorator' retrieved from /home/airflow/.local/lib/python3.12/site-packages/airflow/example_dags/example_dag_decorator.py
[2024-05-24T05:49:23.611+0000] {logging_mixin.py:188} INFO - [2024-05-24T05:49:23.611+0000] {dag.py:3096} INFO - Sync 1 DAGs
[2024-05-24T05:49:23.615+0000] {logging_mixin.py:188} INFO - [2024-05-24T05:49:23.615+0000] {dag.py:3954} INFO - Setting next_dagrun for example_dag_decorator to None, run_after=None
[2024-05-24T05:49:23.621+0000] {processor.py:183} INFO - Processing /home/airflow/.local/lib/python3.12/site-packages/airflow/example_dags/example_dag_decorator.py took 0.086 seconds
[2024-05-24T05:49:53.811+0000] {processor.py:161} INFO - Started process (PID=2601) to work on /home/airflow/.local/lib/python3.12/site-packages/airflow/example_dags/example_dag_decorator.py
[2024-05-24T05:49:53.811+0000] {processor.py:830} INFO - Processing file /home/airflow/.local/lib/python3.12/site-packages/airflow/example_dags/example_dag_decorator.py for tasks to queue
[2024-05-24T05:49:53.812+0000] {logging_mixin.py:188} INFO - [2024-05-24T05:49:53.812+0000] {dagbag.py:545} INFO - Filling up the DagBag from /home/airflow/.local/lib/python3.12/site-packages/airflow/example_dags/example_dag_decorator.py
[2024-05-24T05:49:53.849+0000] {processor.py:840} INFO - DAG(s) 'example_dag_decorator' retrieved from /home/airflow/.local/lib/python3.12/site-packages/airflow/example_dags/example_dag_decorator.py
[2024-05-24T05:49:53.887+0000] {logging_mixin.py:188} INFO - [2024-05-24T05:49:53.887+0000] {dag.py:3096} INFO - Sync 1 DAGs
[2024-05-24T05:49:53.891+0000] {logging_mixin.py:188} INFO - [2024-05-24T05:49:53.891+0000] {dag.py:3954} INFO - Setting next_dagrun for example_dag_decorator to None, run_after=None
[2024-05-24T05:49:53.898+0000] {processor.py:183} INFO - Processing /home/airflow/.local/lib/python3.12/site-packages/airflow/example_dags/example_dag_decorator.py took 0.090 seconds
[2024-05-24T05:50:24.237+0000] {processor.py:161} INFO - Started process (PID=2863) to work on /home/airflow/.local/lib/python3.12/site-packages/airflow/example_dags/example_dag_decorator.py
[2024-05-24T05:50:24.238+0000] {processor.py:830} INFO - Processing file /home/airflow/.local/lib/python3.12/site-packages/airflow/example_dags/example_dag_decorator.py for tasks to queue
[2024-05-24T05:50:24.239+0000] {logging_mixin.py:188} INFO - [2024-05-24T05:50:24.238+0000] {dagbag.py:545} INFO - Filling up the DagBag from /home/airflow/.local/lib/python3.12/site-packages/airflow/example_dags/example_dag_decorator.py
[2024-05-24T05:50:24.273+0000] {processor.py:840} INFO - DAG(s) 'example_dag_decorator' retrieved from /home/airflow/.local/lib/python3.12/site-packages/airflow/example_dags/example_dag_decorator.py
[2024-05-24T05:50:24.311+0000] {logging_mixin.py:188} INFO - [2024-05-24T05:50:24.310+0000] {dag.py:3096} INFO - Sync 1 DAGs
[2024-05-24T05:50:24.314+0000] {logging_mixin.py:188} INFO - [2024-05-24T05:50:24.314+0000] {dag.py:3954} INFO - Setting next_dagrun for example_dag_decorator to None, run_after=None
[2024-05-24T05:50:24.321+0000] {processor.py:183} INFO - Processing /home/airflow/.local/lib/python3.12/site-packages/airflow/example_dags/example_dag_decorator.py took 0.086 seconds
[2024-05-24T05:50:54.536+0000] {processor.py:161} INFO - Started process (PID=3123) to work on /home/airflow/.local/lib/python3.12/site-packages/airflow/example_dags/example_dag_decorator.py
[2024-05-24T05:50:54.536+0000] {processor.py:830} INFO - Processing file /home/airflow/.local/lib/python3.12/site-packages/airflow/example_dags/example_dag_decorator.py for tasks to queue
[2024-05-24T05:50:54.537+0000] {logging_mixin.py:188} INFO - [2024-05-24T05:50:54.536+0000] {dagbag.py:545} INFO - Filling up the DagBag from /home/airflow/.local/lib/python3.12/site-packages/airflow/example_dags/example_dag_decorator.py
[2024-05-24T05:50:54.569+0000] {processor.py:840} INFO - DAG(s) 'example_dag_decorator' retrieved from /home/airflow/.local/lib/python3.12/site-packages/airflow/example_dags/example_dag_decorator.py
[2024-05-24T05:50:54.605+0000] {logging_mixin.py:188} INFO - [2024-05-24T05:50:54.605+0000] {dag.py:3096} INFO - Sync 1 DAGs
[2024-05-24T05:50:54.609+0000] {logging_mixin.py:188} INFO - [2024-05-24T05:50:54.609+0000] {dag.py:3954} INFO - Setting next_dagrun for example_dag_decorator to None, run_after=None
[2024-05-24T05:50:54.615+0000] {processor.py:183} INFO - Processing /home/airflow/.local/lib/python3.12/site-packages/airflow/example_dags/example_dag_decorator.py took 0.082 seconds
[2024-05-24T05:51:24.894+0000] {processor.py:161} INFO - Started process (PID=3387) to work on /home/airflow/.local/lib/python3.12/site-packages/airflow/example_dags/example_dag_decorator.py
[2024-05-24T05:51:24.895+0000] {processor.py:830} INFO - Processing file /home/airflow/.local/lib/python3.12/site-packages/airflow/example_dags/example_dag_decorator.py for tasks to queue
[2024-05-24T05:51:24.896+0000] {logging_mixin.py:188} INFO - [2024-05-24T05:51:24.895+0000] {dagbag.py:545} INFO - Filling up the DagBag from /home/airflow/.local/lib/python3.12/site-packages/airflow/example_dags/example_dag_decorator.py
[2024-05-24T05:51:24.928+0000] {processor.py:840} INFO - DAG(s) 'example_dag_decorator' retrieved from /home/airflow/.local/lib/python3.12/site-packages/airflow/example_dags/example_dag_decorator.py
[2024-05-24T05:51:24.964+0000] {logging_mixin.py:188} INFO - [2024-05-24T05:51:24.964+0000] {dag.py:3096} INFO - Sync 1 DAGs
[2024-05-24T05:51:24.968+0000] {logging_mixin.py:188} INFO - [2024-05-24T05:51:24.968+0000] {dag.py:3954} INFO - Setting next_dagrun for example_dag_decorator to None, run_after=None
[2024-05-24T05:51:24.975+0000] {processor.py:183} INFO - Processing /home/airflow/.local/lib/python3.12/site-packages/airflow/example_dags/example_dag_decorator.py took 0.083 seconds
[2024-05-24T05:51:55.192+0000] {processor.py:161} INFO - Started process (PID=3647) to work on /home/airflow/.local/lib/python3.12/site-packages/airflow/example_dags/example_dag_decorator.py
[2024-05-24T05:51:55.192+0000] {processor.py:830} INFO - Processing file /home/airflow/.local/lib/python3.12/site-packages/airflow/example_dags/example_dag_decorator.py for tasks to queue
[2024-05-24T05:51:55.193+0000] {logging_mixin.py:188} INFO - [2024-05-24T05:51:55.193+0000] {dagbag.py:545} INFO - Filling up the DagBag from /home/airflow/.local/lib/python3.12/site-packages/airflow/example_dags/example_dag_decorator.py
[2024-05-24T05:51:55.225+0000] {processor.py:840} INFO - DAG(s) 'example_dag_decorator' retrieved from /home/airflow/.local/lib/python3.12/site-packages/airflow/example_dags/example_dag_decorator.py
[2024-05-24T05:51:55.261+0000] {logging_mixin.py:188} INFO - [2024-05-24T05:51:55.261+0000] {dag.py:3096} INFO - Sync 1 DAGs
[2024-05-24T05:51:55.264+0000] {logging_mixin.py:188} INFO - [2024-05-24T05:51:55.264+0000] {dag.py:3954} INFO - Setting next_dagrun for example_dag_decorator to None, run_after=None
[2024-05-24T05:51:55.270+0000] {processor.py:183} INFO - Processing /home/airflow/.local/lib/python3.12/site-packages/airflow/example_dags/example_dag_decorator.py took 0.081 seconds
[2024-05-24T05:52:25.497+0000] {processor.py:161} INFO - Started process (PID=3909) to work on /home/airflow/.local/lib/python3.12/site-packages/airflow/example_dags/example_dag_decorator.py
[2024-05-24T05:52:25.498+0000] {processor.py:830} INFO - Processing file /home/airflow/.local/lib/python3.12/site-packages/airflow/example_dags/example_dag_decorator.py for tasks to queue
[2024-05-24T05:52:25.498+0000] {logging_mixin.py:188} INFO - [2024-05-24T05:52:25.498+0000] {dagbag.py:545} INFO - Filling up the DagBag from /home/airflow/.local/lib/python3.12/site-packages/airflow/example_dags/example_dag_decorator.py
[2024-05-24T05:52:25.530+0000] {processor.py:840} INFO - DAG(s) 'example_dag_decorator' retrieved from /home/airflow/.local/lib/python3.12/site-packages/airflow/example_dags/example_dag_decorator.py
[2024-05-24T05:52:25.566+0000] {logging_mixin.py:188} INFO - [2024-05-24T05:52:25.566+0000] {dag.py:3096} INFO - Sync 1 DAGs
[2024-05-24T05:52:25.570+0000] {logging_mixin.py:188} INFO - [2024-05-24T05:52:25.570+0000] {dag.py:3954} INFO - Setting next_dagrun for example_dag_decorator to None, run_after=None
[2024-05-24T05:52:25.576+0000] {processor.py:183} INFO - Processing /home/airflow/.local/lib/python3.12/site-packages/airflow/example_dags/example_dag_decorator.py took 0.081 seconds
[2024-05-24T05:52:55.751+0000] {processor.py:161} INFO - Started process (PID=4176) to work on /home/airflow/.local/lib/python3.12/site-packages/airflow/example_dags/example_dag_decorator.py
[2024-05-24T05:52:55.752+0000] {processor.py:830} INFO - Processing file /home/airflow/.local/lib/python3.12/site-packages/airflow/example_dags/example_dag_decorator.py for tasks to queue
[2024-05-24T05:52:55.752+0000] {logging_mixin.py:188} INFO - [2024-05-24T05:52:55.752+0000] {dagbag.py:545} INFO - Filling up the DagBag from /home/airflow/.local/lib/python3.12/site-packages/airflow/example_dags/example_dag_decorator.py
[2024-05-24T05:52:55.786+0000] {processor.py:840} INFO - DAG(s) 'example_dag_decorator' retrieved from /home/airflow/.local/lib/python3.12/site-packages/airflow/example_dags/example_dag_decorator.py
[2024-05-24T05:52:55.796+0000] {logging_mixin.py:188} INFO - [2024-05-24T05:52:55.796+0000] {dag.py:3096} INFO - Sync 1 DAGs
[2024-05-24T05:52:55.800+0000] {logging_mixin.py:188} INFO - [2024-05-24T05:52:55.800+0000] {dag.py:3954} INFO - Setting next_dagrun for example_dag_decorator to None, run_after=None
[2024-05-24T05:52:55.806+0000] {processor.py:183} INFO - Processing /home/airflow/.local/lib/python3.12/site-packages/airflow/example_dags/example_dag_decorator.py took 0.057 seconds
[2024-05-24T05:53:26.179+0000] {processor.py:161} INFO - Started process (PID=4435) to work on /home/airflow/.local/lib/python3.12/site-packages/airflow/example_dags/example_dag_decorator.py
[2024-05-24T05:53:26.180+0000] {processor.py:830} INFO - Processing file /home/airflow/.local/lib/python3.12/site-packages/airflow/example_dags/example_dag_decorator.py for tasks to queue
[2024-05-24T05:53:26.180+0000] {logging_mixin.py:188} INFO - [2024-05-24T05:53:26.180+0000] {dagbag.py:545} INFO - Filling up the DagBag from /home/airflow/.local/lib/python3.12/site-packages/airflow/example_dags/example_dag_decorator.py
[2024-05-24T05:53:26.216+0000] {processor.py:840} INFO - DAG(s) 'example_dag_decorator' retrieved from /home/airflow/.local/lib/python3.12/site-packages/airflow/example_dags/example_dag_decorator.py
[2024-05-24T05:53:26.226+0000] {logging_mixin.py:188} INFO - [2024-05-24T05:53:26.226+0000] {dag.py:3096} INFO - Sync 1 DAGs
[2024-05-24T05:53:26.232+0000] {logging_mixin.py:188} INFO - [2024-05-24T05:53:26.232+0000] {dag.py:3954} INFO - Setting next_dagrun for example_dag_decorator to None, run_after=None
[2024-05-24T05:53:26.240+0000] {processor.py:183} INFO - Processing /home/airflow/.local/lib/python3.12/site-packages/airflow/example_dags/example_dag_decorator.py took 0.063 seconds
[2024-05-24T05:53:56.648+0000] {processor.py:161} INFO - Started process (PID=4722) to work on /home/airflow/.local/lib/python3.12/site-packages/airflow/example_dags/example_dag_decorator.py
[2024-05-24T05:53:56.648+0000] {processor.py:830} INFO - Processing file /home/airflow/.local/lib/python3.12/site-packages/airflow/example_dags/example_dag_decorator.py for tasks to queue
[2024-05-24T05:53:56.649+0000] {logging_mixin.py:188} INFO - [2024-05-24T05:53:56.649+0000] {dagbag.py:545} INFO - Filling up the DagBag from /home/airflow/.local/lib/python3.12/site-packages/airflow/example_dags/example_dag_decorator.py
[2024-05-24T05:53:56.683+0000] {processor.py:840} INFO - DAG(s) 'example_dag_decorator' retrieved from /home/airflow/.local/lib/python3.12/site-packages/airflow/example_dags/example_dag_decorator.py
[2024-05-24T05:53:56.722+0000] {logging_mixin.py:188} INFO - [2024-05-24T05:53:56.722+0000] {dag.py:3096} INFO - Sync 1 DAGs
[2024-05-24T05:53:56.726+0000] {logging_mixin.py:188} INFO - [2024-05-24T05:53:56.726+0000] {dag.py:3954} INFO - Setting next_dagrun for example_dag_decorator to None, run_after=None
[2024-05-24T05:53:56.733+0000] {processor.py:183} INFO - Processing /home/airflow/.local/lib/python3.12/site-packages/airflow/example_dags/example_dag_decorator.py took 0.088 seconds
[2024-05-24T05:54:26.973+0000] {processor.py:161} INFO - Started process (PID=4984) to work on /home/airflow/.local/lib/python3.12/site-packages/airflow/example_dags/example_dag_decorator.py
[2024-05-24T05:54:26.974+0000] {processor.py:830} INFO - Processing file /home/airflow/.local/lib/python3.12/site-packages/airflow/example_dags/example_dag_decorator.py for tasks to queue
[2024-05-24T05:54:26.975+0000] {logging_mixin.py:188} INFO - [2024-05-24T05:54:26.974+0000] {dagbag.py:545} INFO - Filling up the DagBag from /home/airflow/.local/lib/python3.12/site-packages/airflow/example_dags/example_dag_decorator.py
[2024-05-24T05:54:27.010+0000] {processor.py:840} INFO - DAG(s) 'example_dag_decorator' retrieved from /home/airflow/.local/lib/python3.12/site-packages/airflow/example_dags/example_dag_decorator.py
[2024-05-24T05:54:27.048+0000] {logging_mixin.py:188} INFO - [2024-05-24T05:54:27.048+0000] {dag.py:3096} INFO - Sync 1 DAGs
[2024-05-24T05:54:27.052+0000] {logging_mixin.py:188} INFO - [2024-05-24T05:54:27.052+0000] {dag.py:3954} INFO - Setting next_dagrun for example_dag_decorator to None, run_after=None
[2024-05-24T05:54:27.059+0000] {processor.py:183} INFO - Processing /home/airflow/.local/lib/python3.12/site-packages/airflow/example_dags/example_dag_decorator.py took 0.088 seconds
[2024-05-24T05:54:57.296+0000] {processor.py:161} INFO - Started process (PID=5244) to work on /home/airflow/.local/lib/python3.12/site-packages/airflow/example_dags/example_dag_decorator.py
[2024-05-24T05:54:57.297+0000] {processor.py:830} INFO - Processing file /home/airflow/.local/lib/python3.12/site-packages/airflow/example_dags/example_dag_decorator.py for tasks to queue
[2024-05-24T05:54:57.297+0000] {logging_mixin.py:188} INFO - [2024-05-24T05:54:57.297+0000] {dagbag.py:545} INFO - Filling up the DagBag from /home/airflow/.local/lib/python3.12/site-packages/airflow/example_dags/example_dag_decorator.py
[2024-05-24T05:54:57.328+0000] {processor.py:840} INFO - DAG(s) 'example_dag_decorator' retrieved from /home/airflow/.local/lib/python3.12/site-packages/airflow/example_dags/example_dag_decorator.py
[2024-05-24T05:54:57.363+0000] {logging_mixin.py:188} INFO - [2024-05-24T05:54:57.363+0000] {dag.py:3096} INFO - Sync 1 DAGs
[2024-05-24T05:54:57.367+0000] {logging_mixin.py:188} INFO - [2024-05-24T05:54:57.367+0000] {dag.py:3954} INFO - Setting next_dagrun for example_dag_decorator to None, run_after=None
[2024-05-24T05:54:57.373+0000] {processor.py:183} INFO - Processing /home/airflow/.local/lib/python3.12/site-packages/airflow/example_dags/example_dag_decorator.py took 0.079 seconds
[2024-05-24T05:55:27.670+0000] {processor.py:161} INFO - Started process (PID=5508) to work on /home/airflow/.local/lib/python3.12/site-packages/airflow/example_dags/example_dag_decorator.py
[2024-05-24T05:55:27.670+0000] {processor.py:830} INFO - Processing file /home/airflow/.local/lib/python3.12/site-packages/airflow/example_dags/example_dag_decorator.py for tasks to queue
[2024-05-24T05:55:27.671+0000] {logging_mixin.py:188} INFO - [2024-05-24T05:55:27.671+0000] {dagbag.py:545} INFO - Filling up the DagBag from /home/airflow/.local/lib/python3.12/site-packages/airflow/example_dags/example_dag_decorator.py
[2024-05-24T05:55:27.702+0000] {processor.py:840} INFO - DAG(s) 'example_dag_decorator' retrieved from /home/airflow/.local/lib/python3.12/site-packages/airflow/example_dags/example_dag_decorator.py
[2024-05-24T05:55:27.737+0000] {logging_mixin.py:188} INFO - [2024-05-24T05:55:27.737+0000] {dag.py:3096} INFO - Sync 1 DAGs
[2024-05-24T05:55:27.741+0000] {logging_mixin.py:188} INFO - [2024-05-24T05:55:27.741+0000] {dag.py:3954} INFO - Setting next_dagrun for example_dag_decorator to None, run_after=None
[2024-05-24T05:55:27.747+0000] {processor.py:183} INFO - Processing /home/airflow/.local/lib/python3.12/site-packages/airflow/example_dags/example_dag_decorator.py took 0.079 seconds
[2024-05-24T05:55:58.016+0000] {processor.py:161} INFO - Started process (PID=5770) to work on /home/airflow/.local/lib/python3.12/site-packages/airflow/example_dags/example_dag_decorator.py
[2024-05-24T05:55:58.016+0000] {processor.py:830} INFO - Processing file /home/airflow/.local/lib/python3.12/site-packages/airflow/example_dags/example_dag_decorator.py for tasks to queue
[2024-05-24T05:55:58.017+0000] {logging_mixin.py:188} INFO - [2024-05-24T05:55:58.017+0000] {dagbag.py:545} INFO - Filling up the DagBag from /home/airflow/.local/lib/python3.12/site-packages/airflow/example_dags/example_dag_decorator.py
[2024-05-24T05:55:58.048+0000] {processor.py:840} INFO - DAG(s) 'example_dag_decorator' retrieved from /home/airflow/.local/lib/python3.12/site-packages/airflow/example_dags/example_dag_decorator.py
[2024-05-24T05:55:58.083+0000] {logging_mixin.py:188} INFO - [2024-05-24T05:55:58.083+0000] {dag.py:3096} INFO - Sync 1 DAGs
[2024-05-24T05:55:58.087+0000] {logging_mixin.py:188} INFO - [2024-05-24T05:55:58.087+0000] {dag.py:3954} INFO - Setting next_dagrun for example_dag_decorator to None, run_after=None
[2024-05-24T05:55:58.093+0000] {processor.py:183} INFO - Processing /home/airflow/.local/lib/python3.12/site-packages/airflow/example_dags/example_dag_decorator.py took 0.079 seconds
[2024-05-24T05:56:28.346+0000] {processor.py:161} INFO - Started process (PID=6030) to work on /home/airflow/.local/lib/python3.12/site-packages/airflow/example_dags/example_dag_decorator.py
[2024-05-24T05:56:28.347+0000] {processor.py:830} INFO - Processing file /home/airflow/.local/lib/python3.12/site-packages/airflow/example_dags/example_dag_decorator.py for tasks to queue
[2024-05-24T05:56:28.347+0000] {logging_mixin.py:188} INFO - [2024-05-24T05:56:28.347+0000] {dagbag.py:545} INFO - Filling up the DagBag from /home/airflow/.local/lib/python3.12/site-packages/airflow/example_dags/example_dag_decorator.py
[2024-05-24T05:56:28.379+0000] {processor.py:840} INFO - DAG(s) 'example_dag_decorator' retrieved from /home/airflow/.local/lib/python3.12/site-packages/airflow/example_dags/example_dag_decorator.py
[2024-05-24T05:56:28.415+0000] {logging_mixin.py:188} INFO - [2024-05-24T05:56:28.415+0000] {dag.py:3096} INFO - Sync 1 DAGs
[2024-05-24T05:56:28.419+0000] {logging_mixin.py:188} INFO - [2024-05-24T05:56:28.419+0000] {dag.py:3954} INFO - Setting next_dagrun for example_dag_decorator to None, run_after=None
[2024-05-24T05:56:28.425+0000] {processor.py:183} INFO - Processing /home/airflow/.local/lib/python3.12/site-packages/airflow/example_dags/example_dag_decorator.py took 0.081 seconds
[2024-05-24T05:56:58.664+0000] {processor.py:161} INFO - Started process (PID=6292) to work on /home/airflow/.local/lib/python3.12/site-packages/airflow/example_dags/example_dag_decorator.py
[2024-05-24T05:56:58.664+0000] {processor.py:830} INFO - Processing file /home/airflow/.local/lib/python3.12/site-packages/airflow/example_dags/example_dag_decorator.py for tasks to queue
[2024-05-24T05:56:58.665+0000] {logging_mixin.py:188} INFO - [2024-05-24T05:56:58.665+0000] {dagbag.py:545} INFO - Filling up the DagBag from /home/airflow/.local/lib/python3.12/site-packages/airflow/example_dags/example_dag_decorator.py
[2024-05-24T05:56:58.696+0000] {processor.py:840} INFO - DAG(s) 'example_dag_decorator' retrieved from /home/airflow/.local/lib/python3.12/site-packages/airflow/example_dags/example_dag_decorator.py
[2024-05-24T05:56:58.731+0000] {logging_mixin.py:188} INFO - [2024-05-24T05:56:58.731+0000] {dag.py:3096} INFO - Sync 1 DAGs
[2024-05-24T05:56:58.734+0000] {logging_mixin.py:188} INFO - [2024-05-24T05:56:58.734+0000] {dag.py:3954} INFO - Setting next_dagrun for example_dag_decorator to None, run_after=None
[2024-05-24T05:56:58.740+0000] {processor.py:183} INFO - Processing /home/airflow/.local/lib/python3.12/site-packages/airflow/example_dags/example_dag_decorator.py took 0.079 seconds
[2024-05-24T05:57:28.955+0000] {processor.py:161} INFO - Started process (PID=6554) to work on /home/airflow/.local/lib/python3.12/site-packages/airflow/example_dags/example_dag_decorator.py
[2024-05-24T05:57:28.955+0000] {processor.py:830} INFO - Processing file /home/airflow/.local/lib/python3.12/site-packages/airflow/example_dags/example_dag_decorator.py for tasks to queue
[2024-05-24T05:57:28.956+0000] {logging_mixin.py:188} INFO - [2024-05-24T05:57:28.956+0000] {dagbag.py:545} INFO - Filling up the DagBag from /home/airflow/.local/lib/python3.12/site-packages/airflow/example_dags/example_dag_decorator.py
[2024-05-24T05:57:28.987+0000] {processor.py:840} INFO - DAG(s) 'example_dag_decorator' retrieved from /home/airflow/.local/lib/python3.12/site-packages/airflow/example_dags/example_dag_decorator.py
[2024-05-24T05:57:29.086+0000] {logging_mixin.py:188} INFO - [2024-05-24T05:57:29.086+0000] {dag.py:3096} INFO - Sync 1 DAGs
[2024-05-24T05:57:29.090+0000] {logging_mixin.py:188} INFO - [2024-05-24T05:57:29.090+0000] {dag.py:3954} INFO - Setting next_dagrun for example_dag_decorator to None, run_after=None
[2024-05-24T05:57:29.095+0000] {processor.py:183} INFO - Processing /home/airflow/.local/lib/python3.12/site-packages/airflow/example_dags/example_dag_decorator.py took 0.142 seconds
[2024-05-24T05:57:59.312+0000] {processor.py:161} INFO - Started process (PID=6818) to work on /home/airflow/.local/lib/python3.12/site-packages/airflow/example_dags/example_dag_decorator.py
[2024-05-24T05:57:59.312+0000] {processor.py:830} INFO - Processing file /home/airflow/.local/lib/python3.12/site-packages/airflow/example_dags/example_dag_decorator.py for tasks to queue
[2024-05-24T05:57:59.313+0000] {logging_mixin.py:188} INFO - [2024-05-24T05:57:59.313+0000] {dagbag.py:545} INFO - Filling up the DagBag from /home/airflow/.local/lib/python3.12/site-packages/airflow/example_dags/example_dag_decorator.py
[2024-05-24T05:57:59.344+0000] {processor.py:840} INFO - DAG(s) 'example_dag_decorator' retrieved from /home/airflow/.local/lib/python3.12/site-packages/airflow/example_dags/example_dag_decorator.py
[2024-05-24T05:57:59.380+0000] {logging_mixin.py:188} INFO - [2024-05-24T05:57:59.380+0000] {dag.py:3096} INFO - Sync 1 DAGs
[2024-05-24T05:57:59.448+0000] {logging_mixin.py:188} INFO - [2024-05-24T05:57:59.448+0000] {dag.py:3954} INFO - Setting next_dagrun for example_dag_decorator to None, run_after=None
[2024-05-24T05:57:59.454+0000] {processor.py:183} INFO - Processing /home/airflow/.local/lib/python3.12/site-packages/airflow/example_dags/example_dag_decorator.py took 0.144 seconds
[2024-05-24T05:58:29.688+0000] {processor.py:161} INFO - Started process (PID=7093) to work on /home/airflow/.local/lib/python3.12/site-packages/airflow/example_dags/example_dag_decorator.py
[2024-05-24T05:58:29.689+0000] {processor.py:830} INFO - Processing file /home/airflow/.local/lib/python3.12/site-packages/airflow/example_dags/example_dag_decorator.py for tasks to queue
[2024-05-24T05:58:29.689+0000] {logging_mixin.py:188} INFO - [2024-05-24T05:58:29.689+0000] {dagbag.py:545} INFO - Filling up the DagBag from /home/airflow/.local/lib/python3.12/site-packages/airflow/example_dags/example_dag_decorator.py
[2024-05-24T05:58:29.721+0000] {processor.py:840} INFO - DAG(s) 'example_dag_decorator' retrieved from /home/airflow/.local/lib/python3.12/site-packages/airflow/example_dags/example_dag_decorator.py
[2024-05-24T05:58:29.759+0000] {logging_mixin.py:188} INFO - [2024-05-24T05:58:29.759+0000] {dag.py:3096} INFO - Sync 1 DAGs
[2024-05-24T05:58:29.827+0000] {logging_mixin.py:188} INFO - [2024-05-24T05:58:29.827+0000] {dag.py:3954} INFO - Setting next_dagrun for example_dag_decorator to None, run_after=None
[2024-05-24T05:58:29.833+0000] {processor.py:183} INFO - Processing /home/airflow/.local/lib/python3.12/site-packages/airflow/example_dags/example_dag_decorator.py took 0.147 seconds
[2024-05-24T06:13:52.992+0000] {processor.py:161} INFO - Started process (PID=7340) to work on /home/airflow/.local/lib/python3.12/site-packages/airflow/example_dags/example_dag_decorator.py
[2024-05-24T06:13:52.992+0000] {processor.py:830} INFO - Processing file /home/airflow/.local/lib/python3.12/site-packages/airflow/example_dags/example_dag_decorator.py for tasks to queue
[2024-05-24T06:13:52.993+0000] {logging_mixin.py:188} INFO - [2024-05-24T06:13:52.993+0000] {dagbag.py:545} INFO - Filling up the DagBag from /home/airflow/.local/lib/python3.12/site-packages/airflow/example_dags/example_dag_decorator.py
[2024-05-24T06:13:53.025+0000] {processor.py:840} INFO - DAG(s) 'example_dag_decorator' retrieved from /home/airflow/.local/lib/python3.12/site-packages/airflow/example_dags/example_dag_decorator.py
[2024-05-24T06:13:53.060+0000] {logging_mixin.py:188} INFO - [2024-05-24T06:13:53.060+0000] {dag.py:3096} INFO - Sync 1 DAGs
[2024-05-24T06:13:53.064+0000] {logging_mixin.py:188} INFO - [2024-05-24T06:13:53.064+0000] {dag.py:3954} INFO - Setting next_dagrun for example_dag_decorator to None, run_after=None
[2024-05-24T06:13:53.134+0000] {processor.py:183} INFO - Processing /home/airflow/.local/lib/python3.12/site-packages/airflow/example_dags/example_dag_decorator.py took 0.144 seconds
[2024-05-24T06:26:09.874+0000] {processor.py:161} INFO - Started process (PID=7601) to work on /home/airflow/.local/lib/python3.12/site-packages/airflow/example_dags/example_dag_decorator.py
[2024-05-24T06:26:09.875+0000] {processor.py:830} INFO - Processing file /home/airflow/.local/lib/python3.12/site-packages/airflow/example_dags/example_dag_decorator.py for tasks to queue
[2024-05-24T06:26:09.876+0000] {logging_mixin.py:188} INFO - [2024-05-24T06:26:09.876+0000] {dagbag.py:545} INFO - Filling up the DagBag from /home/airflow/.local/lib/python3.12/site-packages/airflow/example_dags/example_dag_decorator.py
[2024-05-24T06:26:09.910+0000] {processor.py:840} INFO - DAG(s) 'example_dag_decorator' retrieved from /home/airflow/.local/lib/python3.12/site-packages/airflow/example_dags/example_dag_decorator.py
[2024-05-24T06:26:09.949+0000] {logging_mixin.py:188} INFO - [2024-05-24T06:26:09.948+0000] {dag.py:3096} INFO - Sync 1 DAGs
[2024-05-24T06:26:09.953+0000] {logging_mixin.py:188} INFO - [2024-05-24T06:26:09.952+0000] {dag.py:3954} INFO - Setting next_dagrun for example_dag_decorator to None, run_after=None
[2024-05-24T06:26:10.034+0000] {processor.py:183} INFO - Processing /home/airflow/.local/lib/python3.12/site-packages/airflow/example_dags/example_dag_decorator.py took 0.162 seconds
[2024-05-24T06:26:40.381+0000] {processor.py:161} INFO - Started process (PID=7874) to work on /home/airflow/.local/lib/python3.12/site-packages/airflow/example_dags/example_dag_decorator.py
[2024-05-24T06:26:40.382+0000] {processor.py:830} INFO - Processing file /home/airflow/.local/lib/python3.12/site-packages/airflow/example_dags/example_dag_decorator.py for tasks to queue
[2024-05-24T06:26:40.382+0000] {logging_mixin.py:188} INFO - [2024-05-24T06:26:40.382+0000] {dagbag.py:545} INFO - Filling up the DagBag from /home/airflow/.local/lib/python3.12/site-packages/airflow/example_dags/example_dag_decorator.py
[2024-05-24T06:26:40.414+0000] {processor.py:840} INFO - DAG(s) 'example_dag_decorator' retrieved from /home/airflow/.local/lib/python3.12/site-packages/airflow/example_dags/example_dag_decorator.py
[2024-05-24T06:26:40.514+0000] {logging_mixin.py:188} INFO - [2024-05-24T06:26:40.514+0000] {dag.py:3096} INFO - Sync 1 DAGs
[2024-05-24T06:26:40.517+0000] {logging_mixin.py:188} INFO - [2024-05-24T06:26:40.517+0000] {dag.py:3954} INFO - Setting next_dagrun for example_dag_decorator to None, run_after=None
[2024-05-24T06:26:40.524+0000] {processor.py:183} INFO - Processing /home/airflow/.local/lib/python3.12/site-packages/airflow/example_dags/example_dag_decorator.py took 0.145 seconds
[2024-05-24T06:27:10.793+0000] {processor.py:161} INFO - Started process (PID=8139) to work on /home/airflow/.local/lib/python3.12/site-packages/airflow/example_dags/example_dag_decorator.py
[2024-05-24T06:27:10.794+0000] {processor.py:830} INFO - Processing file /home/airflow/.local/lib/python3.12/site-packages/airflow/example_dags/example_dag_decorator.py for tasks to queue
[2024-05-24T06:27:10.794+0000] {logging_mixin.py:188} INFO - [2024-05-24T06:27:10.794+0000] {dagbag.py:545} INFO - Filling up the DagBag from /home/airflow/.local/lib/python3.12/site-packages/airflow/example_dags/example_dag_decorator.py
[2024-05-24T06:27:10.826+0000] {processor.py:840} INFO - DAG(s) 'example_dag_decorator' retrieved from /home/airflow/.local/lib/python3.12/site-packages/airflow/example_dags/example_dag_decorator.py
[2024-05-24T06:27:10.926+0000] {logging_mixin.py:188} INFO - [2024-05-24T06:27:10.926+0000] {dag.py:3096} INFO - Sync 1 DAGs
[2024-05-24T06:27:10.929+0000] {logging_mixin.py:188} INFO - [2024-05-24T06:27:10.929+0000] {dag.py:3954} INFO - Setting next_dagrun for example_dag_decorator to None, run_after=None
[2024-05-24T06:27:10.936+0000] {processor.py:183} INFO - Processing /home/airflow/.local/lib/python3.12/site-packages/airflow/example_dags/example_dag_decorator.py took 0.145 seconds
[2024-05-24T06:28:25.859+0000] {processor.py:161} INFO - Started process (PID=8386) to work on /home/airflow/.local/lib/python3.12/site-packages/airflow/example_dags/example_dag_decorator.py
[2024-05-24T06:28:25.862+0000] {processor.py:830} INFO - Processing file /home/airflow/.local/lib/python3.12/site-packages/airflow/example_dags/example_dag_decorator.py for tasks to queue
[2024-05-24T06:28:25.866+0000] {logging_mixin.py:188} INFO - [2024-05-24T06:28:25.866+0000] {dagbag.py:545} INFO - Filling up the DagBag from /home/airflow/.local/lib/python3.12/site-packages/airflow/example_dags/example_dag_decorator.py
[2024-05-24T06:28:25.899+0000] {processor.py:840} INFO - DAG(s) 'example_dag_decorator' retrieved from /home/airflow/.local/lib/python3.12/site-packages/airflow/example_dags/example_dag_decorator.py
[2024-05-24T06:28:26.006+0000] {logging_mixin.py:188} INFO - [2024-05-24T06:28:26.006+0000] {dag.py:3096} INFO - Sync 1 DAGs
[2024-05-24T06:28:26.010+0000] {logging_mixin.py:188} INFO - [2024-05-24T06:28:26.010+0000] {dag.py:3954} INFO - Setting next_dagrun for example_dag_decorator to None, run_after=None
[2024-05-24T06:28:26.016+0000] {processor.py:183} INFO - Processing /home/airflow/.local/lib/python3.12/site-packages/airflow/example_dags/example_dag_decorator.py took 0.159 seconds
[2024-05-24T06:28:56.249+0000] {processor.py:161} INFO - Started process (PID=8648) to work on /home/airflow/.local/lib/python3.12/site-packages/airflow/example_dags/example_dag_decorator.py
[2024-05-24T06:28:56.251+0000] {processor.py:830} INFO - Processing file /home/airflow/.local/lib/python3.12/site-packages/airflow/example_dags/example_dag_decorator.py for tasks to queue
[2024-05-24T06:28:56.252+0000] {logging_mixin.py:188} INFO - [2024-05-24T06:28:56.252+0000] {dagbag.py:545} INFO - Filling up the DagBag from /home/airflow/.local/lib/python3.12/site-packages/airflow/example_dags/example_dag_decorator.py
[2024-05-24T06:28:56.284+0000] {processor.py:840} INFO - DAG(s) 'example_dag_decorator' retrieved from /home/airflow/.local/lib/python3.12/site-packages/airflow/example_dags/example_dag_decorator.py
[2024-05-24T06:28:56.387+0000] {logging_mixin.py:188} INFO - [2024-05-24T06:28:56.387+0000] {dag.py:3096} INFO - Sync 1 DAGs
[2024-05-24T06:28:56.391+0000] {logging_mixin.py:188} INFO - [2024-05-24T06:28:56.391+0000] {dag.py:3954} INFO - Setting next_dagrun for example_dag_decorator to None, run_after=None
[2024-05-24T06:28:56.397+0000] {processor.py:183} INFO - Processing /home/airflow/.local/lib/python3.12/site-packages/airflow/example_dags/example_dag_decorator.py took 0.150 seconds
[2024-05-24T06:29:26.753+0000] {processor.py:161} INFO - Started process (PID=8910) to work on /home/airflow/.local/lib/python3.12/site-packages/airflow/example_dags/example_dag_decorator.py
[2024-05-24T06:29:26.754+0000] {processor.py:830} INFO - Processing file /home/airflow/.local/lib/python3.12/site-packages/airflow/example_dags/example_dag_decorator.py for tasks to queue
[2024-05-24T06:29:26.756+0000] {logging_mixin.py:188} INFO - [2024-05-24T06:29:26.756+0000] {dagbag.py:545} INFO - Filling up the DagBag from /home/airflow/.local/lib/python3.12/site-packages/airflow/example_dags/example_dag_decorator.py
[2024-05-24T06:29:26.787+0000] {processor.py:840} INFO - DAG(s) 'example_dag_decorator' retrieved from /home/airflow/.local/lib/python3.12/site-packages/airflow/example_dags/example_dag_decorator.py
[2024-05-24T06:29:26.886+0000] {logging_mixin.py:188} INFO - [2024-05-24T06:29:26.886+0000] {dag.py:3096} INFO - Sync 1 DAGs
[2024-05-24T06:29:26.889+0000] {logging_mixin.py:188} INFO - [2024-05-24T06:29:26.889+0000] {dag.py:3954} INFO - Setting next_dagrun for example_dag_decorator to None, run_after=None
[2024-05-24T06:29:26.895+0000] {processor.py:183} INFO - Processing /home/airflow/.local/lib/python3.12/site-packages/airflow/example_dags/example_dag_decorator.py took 0.145 seconds
[2024-05-24T06:29:57.141+0000] {processor.py:161} INFO - Started process (PID=9174) to work on /home/airflow/.local/lib/python3.12/site-packages/airflow/example_dags/example_dag_decorator.py
[2024-05-24T06:29:57.141+0000] {processor.py:830} INFO - Processing file /home/airflow/.local/lib/python3.12/site-packages/airflow/example_dags/example_dag_decorator.py for tasks to queue
[2024-05-24T06:29:57.142+0000] {logging_mixin.py:188} INFO - [2024-05-24T06:29:57.142+0000] {dagbag.py:545} INFO - Filling up the DagBag from /home/airflow/.local/lib/python3.12/site-packages/airflow/example_dags/example_dag_decorator.py
[2024-05-24T06:29:57.173+0000] {processor.py:840} INFO - DAG(s) 'example_dag_decorator' retrieved from /home/airflow/.local/lib/python3.12/site-packages/airflow/example_dags/example_dag_decorator.py
[2024-05-24T06:29:57.273+0000] {logging_mixin.py:188} INFO - [2024-05-24T06:29:57.273+0000] {dag.py:3096} INFO - Sync 1 DAGs
[2024-05-24T06:29:57.276+0000] {logging_mixin.py:188} INFO - [2024-05-24T06:29:57.276+0000] {dag.py:3954} INFO - Setting next_dagrun for example_dag_decorator to None, run_after=None
[2024-05-24T06:29:57.282+0000] {processor.py:183} INFO - Processing /home/airflow/.local/lib/python3.12/site-packages/airflow/example_dags/example_dag_decorator.py took 0.143 seconds
[2024-05-24T06:32:50.749+0000] {processor.py:161} INFO - Started process (PID=9436) to work on /home/airflow/.local/lib/python3.12/site-packages/airflow/example_dags/example_dag_decorator.py
[2024-05-24T06:32:50.750+0000] {processor.py:830} INFO - Processing file /home/airflow/.local/lib/python3.12/site-packages/airflow/example_dags/example_dag_decorator.py for tasks to queue
[2024-05-24T06:32:50.750+0000] {logging_mixin.py:188} INFO - [2024-05-24T06:32:50.750+0000] {dagbag.py:545} INFO - Filling up the DagBag from /home/airflow/.local/lib/python3.12/site-packages/airflow/example_dags/example_dag_decorator.py
[2024-05-24T06:32:50.850+0000] {processor.py:840} INFO - DAG(s) 'example_dag_decorator' retrieved from /home/airflow/.local/lib/python3.12/site-packages/airflow/example_dags/example_dag_decorator.py
[2024-05-24T06:32:50.883+0000] {logging_mixin.py:188} INFO - [2024-05-24T06:32:50.883+0000] {dag.py:3096} INFO - Sync 1 DAGs
[2024-05-24T06:32:50.886+0000] {logging_mixin.py:188} INFO - [2024-05-24T06:32:50.886+0000] {dag.py:3954} INFO - Setting next_dagrun for example_dag_decorator to None, run_after=None
[2024-05-24T06:32:50.892+0000] {processor.py:183} INFO - Processing /home/airflow/.local/lib/python3.12/site-packages/airflow/example_dags/example_dag_decorator.py took 0.145 seconds
[2024-05-24T06:34:33.851+0000] {processor.py:161} INFO - Started process (PID=9696) to work on /home/airflow/.local/lib/python3.12/site-packages/airflow/example_dags/example_dag_decorator.py
[2024-05-24T06:34:33.852+0000] {processor.py:830} INFO - Processing file /home/airflow/.local/lib/python3.12/site-packages/airflow/example_dags/example_dag_decorator.py for tasks to queue
[2024-05-24T06:34:33.852+0000] {logging_mixin.py:188} INFO - [2024-05-24T06:34:33.852+0000] {dagbag.py:545} INFO - Filling up the DagBag from /home/airflow/.local/lib/python3.12/site-packages/airflow/example_dags/example_dag_decorator.py
[2024-05-24T06:34:33.886+0000] {processor.py:840} INFO - DAG(s) 'example_dag_decorator' retrieved from /home/airflow/.local/lib/python3.12/site-packages/airflow/example_dags/example_dag_decorator.py
[2024-05-24T06:34:33.994+0000] {logging_mixin.py:188} INFO - [2024-05-24T06:34:33.994+0000] {dag.py:3096} INFO - Sync 1 DAGs
[2024-05-24T06:34:33.998+0000] {logging_mixin.py:188} INFO - [2024-05-24T06:34:33.998+0000] {dag.py:3954} INFO - Setting next_dagrun for example_dag_decorator to None, run_after=None
[2024-05-24T06:34:34.005+0000] {processor.py:183} INFO - Processing /home/airflow/.local/lib/python3.12/site-packages/airflow/example_dags/example_dag_decorator.py took 0.157 seconds
[2024-05-24T06:35:04.459+0000] {processor.py:161} INFO - Started process (PID=9958) to work on /home/airflow/.local/lib/python3.12/site-packages/airflow/example_dags/example_dag_decorator.py
[2024-05-24T06:35:04.460+0000] {processor.py:830} INFO - Processing file /home/airflow/.local/lib/python3.12/site-packages/airflow/example_dags/example_dag_decorator.py for tasks to queue
[2024-05-24T06:35:04.460+0000] {logging_mixin.py:188} INFO - [2024-05-24T06:35:04.460+0000] {dagbag.py:545} INFO - Filling up the DagBag from /home/airflow/.local/lib/python3.12/site-packages/airflow/example_dags/example_dag_decorator.py
[2024-05-24T06:35:04.491+0000] {processor.py:840} INFO - DAG(s) 'example_dag_decorator' retrieved from /home/airflow/.local/lib/python3.12/site-packages/airflow/example_dags/example_dag_decorator.py
[2024-05-24T06:35:04.594+0000] {logging_mixin.py:188} INFO - [2024-05-24T06:35:04.594+0000] {dag.py:3096} INFO - Sync 1 DAGs
[2024-05-24T06:35:04.598+0000] {logging_mixin.py:188} INFO - [2024-05-24T06:35:04.598+0000] {dag.py:3954} INFO - Setting next_dagrun for example_dag_decorator to None, run_after=None
[2024-05-24T06:35:04.603+0000] {processor.py:183} INFO - Processing /home/airflow/.local/lib/python3.12/site-packages/airflow/example_dags/example_dag_decorator.py took 0.146 seconds
[2024-05-24T06:50:34.213+0000] {processor.py:161} INFO - Started process (PID=10220) to work on /home/airflow/.local/lib/python3.12/site-packages/airflow/example_dags/example_dag_decorator.py
[2024-05-24T06:50:34.213+0000] {processor.py:830} INFO - Processing file /home/airflow/.local/lib/python3.12/site-packages/airflow/example_dags/example_dag_decorator.py for tasks to queue
[2024-05-24T06:50:34.214+0000] {logging_mixin.py:188} INFO - [2024-05-24T06:50:34.214+0000] {dagbag.py:545} INFO - Filling up the DagBag from /home/airflow/.local/lib/python3.12/site-packages/airflow/example_dags/example_dag_decorator.py
[2024-05-24T06:50:34.245+0000] {processor.py:840} INFO - DAG(s) 'example_dag_decorator' retrieved from /home/airflow/.local/lib/python3.12/site-packages/airflow/example_dags/example_dag_decorator.py
[2024-05-24T06:50:34.344+0000] {logging_mixin.py:188} INFO - [2024-05-24T06:50:34.344+0000] {dag.py:3096} INFO - Sync 1 DAGs
[2024-05-24T06:50:34.348+0000] {logging_mixin.py:188} INFO - [2024-05-24T06:50:34.348+0000] {dag.py:3954} INFO - Setting next_dagrun for example_dag_decorator to None, run_after=None
[2024-05-24T06:50:34.354+0000] {processor.py:183} INFO - Processing /home/airflow/.local/lib/python3.12/site-packages/airflow/example_dags/example_dag_decorator.py took 0.144 seconds
[2024-05-24T07:06:10.824+0000] {processor.py:161} INFO - Started process (PID=10482) to work on /home/airflow/.local/lib/python3.12/site-packages/airflow/example_dags/example_dag_decorator.py
[2024-05-24T07:06:10.825+0000] {processor.py:830} INFO - Processing file /home/airflow/.local/lib/python3.12/site-packages/airflow/example_dags/example_dag_decorator.py for tasks to queue
[2024-05-24T07:06:10.825+0000] {logging_mixin.py:188} INFO - [2024-05-24T07:06:10.825+0000] {dagbag.py:545} INFO - Filling up the DagBag from /home/airflow/.local/lib/python3.12/site-packages/airflow/example_dags/example_dag_decorator.py
[2024-05-24T07:06:10.857+0000] {processor.py:840} INFO - DAG(s) 'example_dag_decorator' retrieved from /home/airflow/.local/lib/python3.12/site-packages/airflow/example_dags/example_dag_decorator.py
[2024-05-24T07:06:10.955+0000] {logging_mixin.py:188} INFO - [2024-05-24T07:06:10.955+0000] {dag.py:3096} INFO - Sync 1 DAGs
[2024-05-24T07:06:10.959+0000] {logging_mixin.py:188} INFO - [2024-05-24T07:06:10.959+0000] {dag.py:3954} INFO - Setting next_dagrun for example_dag_decorator to None, run_after=None
[2024-05-24T07:06:10.964+0000] {processor.py:183} INFO - Processing /home/airflow/.local/lib/python3.12/site-packages/airflow/example_dags/example_dag_decorator.py took 0.142 seconds
[2024-05-24T07:30:09.045+0000] {processor.py:161} INFO - Started process (PID=10746) to work on /home/airflow/.local/lib/python3.12/site-packages/airflow/example_dags/example_dag_decorator.py
[2024-05-24T07:30:09.045+0000] {processor.py:830} INFO - Processing file /home/airflow/.local/lib/python3.12/site-packages/airflow/example_dags/example_dag_decorator.py for tasks to queue
[2024-05-24T07:30:09.046+0000] {logging_mixin.py:188} INFO - [2024-05-24T07:30:09.046+0000] {dagbag.py:545} INFO - Filling up the DagBag from /home/airflow/.local/lib/python3.12/site-packages/airflow/example_dags/example_dag_decorator.py
[2024-05-24T07:30:09.079+0000] {processor.py:840} INFO - DAG(s) 'example_dag_decorator' retrieved from /home/airflow/.local/lib/python3.12/site-packages/airflow/example_dags/example_dag_decorator.py
[2024-05-24T07:30:09.187+0000] {logging_mixin.py:188} INFO - [2024-05-24T07:30:09.186+0000] {dag.py:3096} INFO - Sync 1 DAGs
[2024-05-24T07:30:09.191+0000] {logging_mixin.py:188} INFO - [2024-05-24T07:30:09.191+0000] {dag.py:3954} INFO - Setting next_dagrun for example_dag_decorator to None, run_after=None
[2024-05-24T07:30:09.198+0000] {processor.py:183} INFO - Processing /home/airflow/.local/lib/python3.12/site-packages/airflow/example_dags/example_dag_decorator.py took 0.155 seconds
[2024-05-24T07:30:39.743+0000] {processor.py:161} INFO - Started process (PID=11008) to work on /home/airflow/.local/lib/python3.12/site-packages/airflow/example_dags/example_dag_decorator.py
[2024-05-24T07:30:39.744+0000] {processor.py:830} INFO - Processing file /home/airflow/.local/lib/python3.12/site-packages/airflow/example_dags/example_dag_decorator.py for tasks to queue
[2024-05-24T07:30:39.744+0000] {logging_mixin.py:188} INFO - [2024-05-24T07:30:39.744+0000] {dagbag.py:545} INFO - Filling up the DagBag from /home/airflow/.local/lib/python3.12/site-packages/airflow/example_dags/example_dag_decorator.py
[2024-05-24T07:30:39.831+0000] {processor.py:840} INFO - DAG(s) 'example_dag_decorator' retrieved from /home/airflow/.local/lib/python3.12/site-packages/airflow/example_dags/example_dag_decorator.py
[2024-05-24T07:30:39.861+0000] {logging_mixin.py:188} INFO - [2024-05-24T07:30:39.860+0000] {dag.py:3096} INFO - Sync 1 DAGs
[2024-05-24T07:30:39.864+0000] {logging_mixin.py:188} INFO - [2024-05-24T07:30:39.863+0000] {dag.py:3954} INFO - Setting next_dagrun for example_dag_decorator to None, run_after=None
[2024-05-24T07:30:39.869+0000] {processor.py:183} INFO - Processing /home/airflow/.local/lib/python3.12/site-packages/airflow/example_dags/example_dag_decorator.py took 0.129 seconds
[2024-05-24T07:31:10.153+0000] {processor.py:161} INFO - Started process (PID=11268) to work on /home/airflow/.local/lib/python3.12/site-packages/airflow/example_dags/example_dag_decorator.py
[2024-05-24T07:31:10.154+0000] {processor.py:830} INFO - Processing file /home/airflow/.local/lib/python3.12/site-packages/airflow/example_dags/example_dag_decorator.py for tasks to queue
[2024-05-24T07:31:10.154+0000] {logging_mixin.py:188} INFO - [2024-05-24T07:31:10.154+0000] {dagbag.py:545} INFO - Filling up the DagBag from /home/airflow/.local/lib/python3.12/site-packages/airflow/example_dags/example_dag_decorator.py
[2024-05-24T07:31:10.186+0000] {processor.py:840} INFO - DAG(s) 'example_dag_decorator' retrieved from /home/airflow/.local/lib/python3.12/site-packages/airflow/example_dags/example_dag_decorator.py
[2024-05-24T07:31:10.223+0000] {logging_mixin.py:188} INFO - [2024-05-24T07:31:10.223+0000] {dag.py:3096} INFO - Sync 1 DAGs
[2024-05-24T07:31:10.227+0000] {logging_mixin.py:188} INFO - [2024-05-24T07:31:10.227+0000] {dag.py:3954} INFO - Setting next_dagrun for example_dag_decorator to None, run_after=None
[2024-05-24T07:31:10.234+0000] {processor.py:183} INFO - Processing /home/airflow/.local/lib/python3.12/site-packages/airflow/example_dags/example_dag_decorator.py took 0.083 seconds
[2024-05-24T07:31:40.573+0000] {processor.py:161} INFO - Started process (PID=11535) to work on /home/airflow/.local/lib/python3.12/site-packages/airflow/example_dags/example_dag_decorator.py
[2024-05-24T07:31:40.573+0000] {processor.py:830} INFO - Processing file /home/airflow/.local/lib/python3.12/site-packages/airflow/example_dags/example_dag_decorator.py for tasks to queue
[2024-05-24T07:31:40.574+0000] {logging_mixin.py:188} INFO - [2024-05-24T07:31:40.574+0000] {dagbag.py:545} INFO - Filling up the DagBag from /home/airflow/.local/lib/python3.12/site-packages/airflow/example_dags/example_dag_decorator.py
[2024-05-24T07:31:40.605+0000] {processor.py:840} INFO - DAG(s) 'example_dag_decorator' retrieved from /home/airflow/.local/lib/python3.12/site-packages/airflow/example_dags/example_dag_decorator.py
[2024-05-24T07:31:40.640+0000] {logging_mixin.py:188} INFO - [2024-05-24T07:31:40.640+0000] {dag.py:3096} INFO - Sync 1 DAGs
[2024-05-24T07:31:40.645+0000] {logging_mixin.py:188} INFO - [2024-05-24T07:31:40.645+0000] {dag.py:3954} INFO - Setting next_dagrun for example_dag_decorator to None, run_after=None
[2024-05-24T07:31:40.651+0000] {processor.py:183} INFO - Processing /home/airflow/.local/lib/python3.12/site-packages/airflow/example_dags/example_dag_decorator.py took 0.081 seconds
[2024-05-24T07:32:10.933+0000] {processor.py:161} INFO - Started process (PID=11794) to work on /home/airflow/.local/lib/python3.12/site-packages/airflow/example_dags/example_dag_decorator.py
[2024-05-24T07:32:10.933+0000] {processor.py:830} INFO - Processing file /home/airflow/.local/lib/python3.12/site-packages/airflow/example_dags/example_dag_decorator.py for tasks to queue
[2024-05-24T07:32:10.934+0000] {logging_mixin.py:188} INFO - [2024-05-24T07:32:10.934+0000] {dagbag.py:545} INFO - Filling up the DagBag from /home/airflow/.local/lib/python3.12/site-packages/airflow/example_dags/example_dag_decorator.py
[2024-05-24T07:32:10.965+0000] {processor.py:840} INFO - DAG(s) 'example_dag_decorator' retrieved from /home/airflow/.local/lib/python3.12/site-packages/airflow/example_dags/example_dag_decorator.py
[2024-05-24T07:32:11.000+0000] {logging_mixin.py:188} INFO - [2024-05-24T07:32:11.000+0000] {dag.py:3096} INFO - Sync 1 DAGs
[2024-05-24T07:32:11.004+0000] {logging_mixin.py:188} INFO - [2024-05-24T07:32:11.004+0000] {dag.py:3954} INFO - Setting next_dagrun for example_dag_decorator to None, run_after=None
[2024-05-24T07:32:11.011+0000] {processor.py:183} INFO - Processing /home/airflow/.local/lib/python3.12/site-packages/airflow/example_dags/example_dag_decorator.py took 0.081 seconds
[2024-05-24T07:32:58.750+0000] {processor.py:161} INFO - Started process (PID=12054) to work on /home/airflow/.local/lib/python3.12/site-packages/airflow/example_dags/example_dag_decorator.py
[2024-05-24T07:32:58.751+0000] {processor.py:830} INFO - Processing file /home/airflow/.local/lib/python3.12/site-packages/airflow/example_dags/example_dag_decorator.py for tasks to queue
[2024-05-24T07:32:58.751+0000] {logging_mixin.py:188} INFO - [2024-05-24T07:32:58.751+0000] {dagbag.py:545} INFO - Filling up the DagBag from /home/airflow/.local/lib/python3.12/site-packages/airflow/example_dags/example_dag_decorator.py
[2024-05-24T07:32:58.785+0000] {processor.py:840} INFO - DAG(s) 'example_dag_decorator' retrieved from /home/airflow/.local/lib/python3.12/site-packages/airflow/example_dags/example_dag_decorator.py
[2024-05-24T07:32:58.824+0000] {logging_mixin.py:188} INFO - [2024-05-24T07:32:58.824+0000] {dag.py:3096} INFO - Sync 1 DAGs
[2024-05-24T07:32:58.828+0000] {logging_mixin.py:188} INFO - [2024-05-24T07:32:58.828+0000] {dag.py:3954} INFO - Setting next_dagrun for example_dag_decorator to None, run_after=None
[2024-05-24T07:32:58.835+0000] {processor.py:183} INFO - Processing /home/airflow/.local/lib/python3.12/site-packages/airflow/example_dags/example_dag_decorator.py took 0.087 seconds
[2024-05-24T07:33:29.122+0000] {processor.py:161} INFO - Started process (PID=12316) to work on /home/airflow/.local/lib/python3.12/site-packages/airflow/example_dags/example_dag_decorator.py
[2024-05-24T07:33:29.122+0000] {processor.py:830} INFO - Processing file /home/airflow/.local/lib/python3.12/site-packages/airflow/example_dags/example_dag_decorator.py for tasks to queue
[2024-05-24T07:33:29.123+0000] {logging_mixin.py:188} INFO - [2024-05-24T07:33:29.123+0000] {dagbag.py:545} INFO - Filling up the DagBag from /home/airflow/.local/lib/python3.12/site-packages/airflow/example_dags/example_dag_decorator.py
[2024-05-24T07:33:29.155+0000] {processor.py:840} INFO - DAG(s) 'example_dag_decorator' retrieved from /home/airflow/.local/lib/python3.12/site-packages/airflow/example_dags/example_dag_decorator.py
[2024-05-24T07:33:29.190+0000] {logging_mixin.py:188} INFO - [2024-05-24T07:33:29.190+0000] {dag.py:3096} INFO - Sync 1 DAGs
[2024-05-24T07:33:29.194+0000] {logging_mixin.py:188} INFO - [2024-05-24T07:33:29.194+0000] {dag.py:3954} INFO - Setting next_dagrun for example_dag_decorator to None, run_after=None
[2024-05-24T07:33:29.200+0000] {processor.py:183} INFO - Processing /home/airflow/.local/lib/python3.12/site-packages/airflow/example_dags/example_dag_decorator.py took 0.081 seconds
[2024-05-24T07:33:59.437+0000] {processor.py:161} INFO - Started process (PID=12578) to work on /home/airflow/.local/lib/python3.12/site-packages/airflow/example_dags/example_dag_decorator.py
[2024-05-24T07:33:59.437+0000] {processor.py:830} INFO - Processing file /home/airflow/.local/lib/python3.12/site-packages/airflow/example_dags/example_dag_decorator.py for tasks to queue
[2024-05-24T07:33:59.438+0000] {logging_mixin.py:188} INFO - [2024-05-24T07:33:59.438+0000] {dagbag.py:545} INFO - Filling up the DagBag from /home/airflow/.local/lib/python3.12/site-packages/airflow/example_dags/example_dag_decorator.py
[2024-05-24T07:33:59.470+0000] {processor.py:840} INFO - DAG(s) 'example_dag_decorator' retrieved from /home/airflow/.local/lib/python3.12/site-packages/airflow/example_dags/example_dag_decorator.py
[2024-05-24T07:33:59.506+0000] {logging_mixin.py:188} INFO - [2024-05-24T07:33:59.506+0000] {dag.py:3096} INFO - Sync 1 DAGs
[2024-05-24T07:33:59.510+0000] {logging_mixin.py:188} INFO - [2024-05-24T07:33:59.510+0000] {dag.py:3954} INFO - Setting next_dagrun for example_dag_decorator to None, run_after=None
[2024-05-24T07:33:59.517+0000] {processor.py:183} INFO - Processing /home/airflow/.local/lib/python3.12/site-packages/airflow/example_dags/example_dag_decorator.py took 0.083 seconds
[2024-05-24T07:34:29.870+0000] {processor.py:161} INFO - Started process (PID=12846) to work on /home/airflow/.local/lib/python3.12/site-packages/airflow/example_dags/example_dag_decorator.py
[2024-05-24T07:34:29.870+0000] {processor.py:830} INFO - Processing file /home/airflow/.local/lib/python3.12/site-packages/airflow/example_dags/example_dag_decorator.py for tasks to queue
[2024-05-24T07:34:29.871+0000] {logging_mixin.py:188} INFO - [2024-05-24T07:34:29.871+0000] {dagbag.py:545} INFO - Filling up the DagBag from /home/airflow/.local/lib/python3.12/site-packages/airflow/example_dags/example_dag_decorator.py
[2024-05-24T07:34:29.900+0000] {processor.py:840} INFO - DAG(s) 'example_dag_decorator' retrieved from /home/airflow/.local/lib/python3.12/site-packages/airflow/example_dags/example_dag_decorator.py
[2024-05-24T07:34:29.908+0000] {logging_mixin.py:188} INFO - [2024-05-24T07:34:29.908+0000] {dag.py:3096} INFO - Sync 1 DAGs
[2024-05-24T07:34:29.912+0000] {logging_mixin.py:188} INFO - [2024-05-24T07:34:29.912+0000] {dag.py:3954} INFO - Setting next_dagrun for example_dag_decorator to None, run_after=None
[2024-05-24T07:34:29.918+0000] {processor.py:183} INFO - Processing /home/airflow/.local/lib/python3.12/site-packages/airflow/example_dags/example_dag_decorator.py took 0.050 seconds
[2024-05-24T07:35:00.384+0000] {processor.py:161} INFO - Started process (PID=13103) to work on /home/airflow/.local/lib/python3.12/site-packages/airflow/example_dags/example_dag_decorator.py
[2024-05-24T07:35:00.384+0000] {processor.py:830} INFO - Processing file /home/airflow/.local/lib/python3.12/site-packages/airflow/example_dags/example_dag_decorator.py for tasks to queue
[2024-05-24T07:35:00.385+0000] {logging_mixin.py:188} INFO - [2024-05-24T07:35:00.385+0000] {dagbag.py:545} INFO - Filling up the DagBag from /home/airflow/.local/lib/python3.12/site-packages/airflow/example_dags/example_dag_decorator.py
[2024-05-24T07:35:00.417+0000] {processor.py:840} INFO - DAG(s) 'example_dag_decorator' retrieved from /home/airflow/.local/lib/python3.12/site-packages/airflow/example_dags/example_dag_decorator.py
[2024-05-24T07:35:00.454+0000] {logging_mixin.py:188} INFO - [2024-05-24T07:35:00.454+0000] {dag.py:3096} INFO - Sync 1 DAGs
[2024-05-24T07:35:00.458+0000] {logging_mixin.py:188} INFO - [2024-05-24T07:35:00.458+0000] {dag.py:3954} INFO - Setting next_dagrun for example_dag_decorator to None, run_after=None
[2024-05-24T07:35:00.464+0000] {processor.py:183} INFO - Processing /home/airflow/.local/lib/python3.12/site-packages/airflow/example_dags/example_dag_decorator.py took 0.083 seconds
[2024-05-24T07:35:30.723+0000] {processor.py:161} INFO - Started process (PID=13363) to work on /home/airflow/.local/lib/python3.12/site-packages/airflow/example_dags/example_dag_decorator.py
[2024-05-24T07:35:30.724+0000] {processor.py:830} INFO - Processing file /home/airflow/.local/lib/python3.12/site-packages/airflow/example_dags/example_dag_decorator.py for tasks to queue
[2024-05-24T07:35:30.725+0000] {logging_mixin.py:188} INFO - [2024-05-24T07:35:30.725+0000] {dagbag.py:545} INFO - Filling up the DagBag from /home/airflow/.local/lib/python3.12/site-packages/airflow/example_dags/example_dag_decorator.py
[2024-05-24T07:35:30.757+0000] {processor.py:840} INFO - DAG(s) 'example_dag_decorator' retrieved from /home/airflow/.local/lib/python3.12/site-packages/airflow/example_dags/example_dag_decorator.py
[2024-05-24T07:35:30.794+0000] {logging_mixin.py:188} INFO - [2024-05-24T07:35:30.794+0000] {dag.py:3096} INFO - Sync 1 DAGs
[2024-05-24T07:35:30.798+0000] {logging_mixin.py:188} INFO - [2024-05-24T07:35:30.798+0000] {dag.py:3954} INFO - Setting next_dagrun for example_dag_decorator to None, run_after=None
[2024-05-24T07:35:30.804+0000] {processor.py:183} INFO - Processing /home/airflow/.local/lib/python3.12/site-packages/airflow/example_dags/example_dag_decorator.py took 0.083 seconds
[2024-05-24T07:36:01.064+0000] {processor.py:161} INFO - Started process (PID=13625) to work on /home/airflow/.local/lib/python3.12/site-packages/airflow/example_dags/example_dag_decorator.py
[2024-05-24T07:36:01.064+0000] {processor.py:830} INFO - Processing file /home/airflow/.local/lib/python3.12/site-packages/airflow/example_dags/example_dag_decorator.py for tasks to queue
[2024-05-24T07:36:01.065+0000] {logging_mixin.py:188} INFO - [2024-05-24T07:36:01.065+0000] {dagbag.py:545} INFO - Filling up the DagBag from /home/airflow/.local/lib/python3.12/site-packages/airflow/example_dags/example_dag_decorator.py
[2024-05-24T07:36:01.097+0000] {processor.py:840} INFO - DAG(s) 'example_dag_decorator' retrieved from /home/airflow/.local/lib/python3.12/site-packages/airflow/example_dags/example_dag_decorator.py
[2024-05-24T07:36:01.134+0000] {logging_mixin.py:188} INFO - [2024-05-24T07:36:01.134+0000] {dag.py:3096} INFO - Sync 1 DAGs
[2024-05-24T07:36:01.138+0000] {logging_mixin.py:188} INFO - [2024-05-24T07:36:01.138+0000] {dag.py:3954} INFO - Setting next_dagrun for example_dag_decorator to None, run_after=None
[2024-05-24T07:36:01.145+0000] {processor.py:183} INFO - Processing /home/airflow/.local/lib/python3.12/site-packages/airflow/example_dags/example_dag_decorator.py took 0.083 seconds
[2024-05-24T07:36:31.558+0000] {processor.py:161} INFO - Started process (PID=13887) to work on /home/airflow/.local/lib/python3.12/site-packages/airflow/example_dags/example_dag_decorator.py
[2024-05-24T07:36:31.559+0000] {processor.py:830} INFO - Processing file /home/airflow/.local/lib/python3.12/site-packages/airflow/example_dags/example_dag_decorator.py for tasks to queue
[2024-05-24T07:36:31.560+0000] {logging_mixin.py:188} INFO - [2024-05-24T07:36:31.559+0000] {dagbag.py:545} INFO - Filling up the DagBag from /home/airflow/.local/lib/python3.12/site-packages/airflow/example_dags/example_dag_decorator.py
[2024-05-24T07:36:31.591+0000] {processor.py:840} INFO - DAG(s) 'example_dag_decorator' retrieved from /home/airflow/.local/lib/python3.12/site-packages/airflow/example_dags/example_dag_decorator.py
[2024-05-24T07:36:31.627+0000] {logging_mixin.py:188} INFO - [2024-05-24T07:36:31.627+0000] {dag.py:3096} INFO - Sync 1 DAGs
[2024-05-24T07:36:31.632+0000] {logging_mixin.py:188} INFO - [2024-05-24T07:36:31.632+0000] {dag.py:3954} INFO - Setting next_dagrun for example_dag_decorator to None, run_after=None
[2024-05-24T07:36:31.638+0000] {processor.py:183} INFO - Processing /home/airflow/.local/lib/python3.12/site-packages/airflow/example_dags/example_dag_decorator.py took 0.082 seconds
[2024-05-24T07:37:01.910+0000] {processor.py:161} INFO - Started process (PID=14149) to work on /home/airflow/.local/lib/python3.12/site-packages/airflow/example_dags/example_dag_decorator.py
[2024-05-24T07:37:01.910+0000] {processor.py:830} INFO - Processing file /home/airflow/.local/lib/python3.12/site-packages/airflow/example_dags/example_dag_decorator.py for tasks to queue
[2024-05-24T07:37:01.911+0000] {logging_mixin.py:188} INFO - [2024-05-24T07:37:01.911+0000] {dagbag.py:545} INFO - Filling up the DagBag from /home/airflow/.local/lib/python3.12/site-packages/airflow/example_dags/example_dag_decorator.py
[2024-05-24T07:37:01.943+0000] {processor.py:840} INFO - DAG(s) 'example_dag_decorator' retrieved from /home/airflow/.local/lib/python3.12/site-packages/airflow/example_dags/example_dag_decorator.py
[2024-05-24T07:37:01.981+0000] {logging_mixin.py:188} INFO - [2024-05-24T07:37:01.981+0000] {dag.py:3096} INFO - Sync 1 DAGs
[2024-05-24T07:37:01.985+0000] {logging_mixin.py:188} INFO - [2024-05-24T07:37:01.985+0000] {dag.py:3954} INFO - Setting next_dagrun for example_dag_decorator to None, run_after=None
[2024-05-24T07:37:01.992+0000] {processor.py:183} INFO - Processing /home/airflow/.local/lib/python3.12/site-packages/airflow/example_dags/example_dag_decorator.py took 0.084 seconds
[2024-05-24T07:37:32.324+0000] {processor.py:161} INFO - Started process (PID=14418) to work on /home/airflow/.local/lib/python3.12/site-packages/airflow/example_dags/example_dag_decorator.py
[2024-05-24T07:37:32.325+0000] {processor.py:830} INFO - Processing file /home/airflow/.local/lib/python3.12/site-packages/airflow/example_dags/example_dag_decorator.py for tasks to queue
[2024-05-24T07:37:32.326+0000] {logging_mixin.py:188} INFO - [2024-05-24T07:37:32.325+0000] {dagbag.py:545} INFO - Filling up the DagBag from /home/airflow/.local/lib/python3.12/site-packages/airflow/example_dags/example_dag_decorator.py
[2024-05-24T07:37:32.354+0000] {processor.py:840} INFO - DAG(s) 'example_dag_decorator' retrieved from /home/airflow/.local/lib/python3.12/site-packages/airflow/example_dags/example_dag_decorator.py
[2024-05-24T07:37:32.387+0000] {logging_mixin.py:188} INFO - [2024-05-24T07:37:32.387+0000] {dag.py:3096} INFO - Sync 1 DAGs
[2024-05-24T07:37:32.390+0000] {logging_mixin.py:188} INFO - [2024-05-24T07:37:32.390+0000] {dag.py:3954} INFO - Setting next_dagrun for example_dag_decorator to None, run_after=None
[2024-05-24T07:37:32.396+0000] {processor.py:183} INFO - Processing /home/airflow/.local/lib/python3.12/site-packages/airflow/example_dags/example_dag_decorator.py took 0.074 seconds
[2024-05-24T07:38:02.783+0000] {processor.py:161} INFO - Started process (PID=14673) to work on /home/airflow/.local/lib/python3.12/site-packages/airflow/example_dags/example_dag_decorator.py
[2024-05-24T07:38:02.784+0000] {processor.py:830} INFO - Processing file /home/airflow/.local/lib/python3.12/site-packages/airflow/example_dags/example_dag_decorator.py for tasks to queue
[2024-05-24T07:38:02.785+0000] {logging_mixin.py:188} INFO - [2024-05-24T07:38:02.785+0000] {dagbag.py:545} INFO - Filling up the DagBag from /home/airflow/.local/lib/python3.12/site-packages/airflow/example_dags/example_dag_decorator.py
[2024-05-24T07:38:02.817+0000] {processor.py:840} INFO - DAG(s) 'example_dag_decorator' retrieved from /home/airflow/.local/lib/python3.12/site-packages/airflow/example_dags/example_dag_decorator.py
[2024-05-24T07:38:02.854+0000] {logging_mixin.py:188} INFO - [2024-05-24T07:38:02.853+0000] {dag.py:3096} INFO - Sync 1 DAGs
[2024-05-24T07:38:02.858+0000] {logging_mixin.py:188} INFO - [2024-05-24T07:38:02.857+0000] {dag.py:3954} INFO - Setting next_dagrun for example_dag_decorator to None, run_after=None
[2024-05-24T07:38:02.865+0000] {processor.py:183} INFO - Processing /home/airflow/.local/lib/python3.12/site-packages/airflow/example_dags/example_dag_decorator.py took 0.083 seconds
[2024-05-24T07:38:33.139+0000] {processor.py:161} INFO - Started process (PID=14935) to work on /home/airflow/.local/lib/python3.12/site-packages/airflow/example_dags/example_dag_decorator.py
[2024-05-24T07:38:33.140+0000] {processor.py:830} INFO - Processing file /home/airflow/.local/lib/python3.12/site-packages/airflow/example_dags/example_dag_decorator.py for tasks to queue
[2024-05-24T07:38:33.141+0000] {logging_mixin.py:188} INFO - [2024-05-24T07:38:33.141+0000] {dagbag.py:545} INFO - Filling up the DagBag from /home/airflow/.local/lib/python3.12/site-packages/airflow/example_dags/example_dag_decorator.py
[2024-05-24T07:38:33.173+0000] {processor.py:840} INFO - DAG(s) 'example_dag_decorator' retrieved from /home/airflow/.local/lib/python3.12/site-packages/airflow/example_dags/example_dag_decorator.py
[2024-05-24T07:38:33.210+0000] {logging_mixin.py:188} INFO - [2024-05-24T07:38:33.210+0000] {dag.py:3096} INFO - Sync 1 DAGs
[2024-05-24T07:38:33.214+0000] {logging_mixin.py:188} INFO - [2024-05-24T07:38:33.214+0000] {dag.py:3954} INFO - Setting next_dagrun for example_dag_decorator to None, run_after=None
[2024-05-24T07:38:33.220+0000] {processor.py:183} INFO - Processing /home/airflow/.local/lib/python3.12/site-packages/airflow/example_dags/example_dag_decorator.py took 0.083 seconds
[2024-05-24T07:39:03.485+0000] {processor.py:161} INFO - Started process (PID=15199) to work on /home/airflow/.local/lib/python3.12/site-packages/airflow/example_dags/example_dag_decorator.py
[2024-05-24T07:39:03.485+0000] {processor.py:830} INFO - Processing file /home/airflow/.local/lib/python3.12/site-packages/airflow/example_dags/example_dag_decorator.py for tasks to queue
[2024-05-24T07:39:03.486+0000] {logging_mixin.py:188} INFO - [2024-05-24T07:39:03.486+0000] {dagbag.py:545} INFO - Filling up the DagBag from /home/airflow/.local/lib/python3.12/site-packages/airflow/example_dags/example_dag_decorator.py
[2024-05-24T07:39:03.519+0000] {processor.py:840} INFO - DAG(s) 'example_dag_decorator' retrieved from /home/airflow/.local/lib/python3.12/site-packages/airflow/example_dags/example_dag_decorator.py
[2024-05-24T07:39:03.556+0000] {logging_mixin.py:188} INFO - [2024-05-24T07:39:03.556+0000] {dag.py:3096} INFO - Sync 1 DAGs
[2024-05-24T07:39:03.560+0000] {logging_mixin.py:188} INFO - [2024-05-24T07:39:03.560+0000] {dag.py:3954} INFO - Setting next_dagrun for example_dag_decorator to None, run_after=None
[2024-05-24T07:39:03.566+0000] {processor.py:183} INFO - Processing /home/airflow/.local/lib/python3.12/site-packages/airflow/example_dags/example_dag_decorator.py took 0.084 seconds
[2024-05-24T07:39:33.825+0000] {processor.py:161} INFO - Started process (PID=15458) to work on /home/airflow/.local/lib/python3.12/site-packages/airflow/example_dags/example_dag_decorator.py
[2024-05-24T07:39:33.826+0000] {processor.py:830} INFO - Processing file /home/airflow/.local/lib/python3.12/site-packages/airflow/example_dags/example_dag_decorator.py for tasks to queue
[2024-05-24T07:39:33.826+0000] {logging_mixin.py:188} INFO - [2024-05-24T07:39:33.826+0000] {dagbag.py:545} INFO - Filling up the DagBag from /home/airflow/.local/lib/python3.12/site-packages/airflow/example_dags/example_dag_decorator.py
[2024-05-24T07:39:33.859+0000] {processor.py:840} INFO - DAG(s) 'example_dag_decorator' retrieved from /home/airflow/.local/lib/python3.12/site-packages/airflow/example_dags/example_dag_decorator.py
[2024-05-24T07:39:33.895+0000] {logging_mixin.py:188} INFO - [2024-05-24T07:39:33.894+0000] {dag.py:3096} INFO - Sync 1 DAGs
[2024-05-24T07:39:33.898+0000] {logging_mixin.py:188} INFO - [2024-05-24T07:39:33.898+0000] {dag.py:3954} INFO - Setting next_dagrun for example_dag_decorator to None, run_after=None
[2024-05-24T07:39:33.905+0000] {processor.py:183} INFO - Processing /home/airflow/.local/lib/python3.12/site-packages/airflow/example_dags/example_dag_decorator.py took 0.082 seconds
[2024-05-24T07:40:04.325+0000] {processor.py:161} INFO - Started process (PID=15722) to work on /home/airflow/.local/lib/python3.12/site-packages/airflow/example_dags/example_dag_decorator.py
[2024-05-24T07:40:04.325+0000] {processor.py:830} INFO - Processing file /home/airflow/.local/lib/python3.12/site-packages/airflow/example_dags/example_dag_decorator.py for tasks to queue
[2024-05-24T07:40:04.326+0000] {logging_mixin.py:188} INFO - [2024-05-24T07:40:04.326+0000] {dagbag.py:545} INFO - Filling up the DagBag from /home/airflow/.local/lib/python3.12/site-packages/airflow/example_dags/example_dag_decorator.py
[2024-05-24T07:40:04.357+0000] {processor.py:840} INFO - DAG(s) 'example_dag_decorator' retrieved from /home/airflow/.local/lib/python3.12/site-packages/airflow/example_dags/example_dag_decorator.py
[2024-05-24T07:40:04.394+0000] {logging_mixin.py:188} INFO - [2024-05-24T07:40:04.394+0000] {dag.py:3096} INFO - Sync 1 DAGs
[2024-05-24T07:40:04.398+0000] {logging_mixin.py:188} INFO - [2024-05-24T07:40:04.398+0000] {dag.py:3954} INFO - Setting next_dagrun for example_dag_decorator to None, run_after=None
[2024-05-24T07:40:04.405+0000] {processor.py:183} INFO - Processing /home/airflow/.local/lib/python3.12/site-packages/airflow/example_dags/example_dag_decorator.py took 0.082 seconds
[2024-05-24T07:40:34.775+0000] {processor.py:161} INFO - Started process (PID=15994) to work on /home/airflow/.local/lib/python3.12/site-packages/airflow/example_dags/example_dag_decorator.py
[2024-05-24T07:40:34.775+0000] {processor.py:830} INFO - Processing file /home/airflow/.local/lib/python3.12/site-packages/airflow/example_dags/example_dag_decorator.py for tasks to queue
[2024-05-24T07:40:34.776+0000] {logging_mixin.py:188} INFO - [2024-05-24T07:40:34.776+0000] {dagbag.py:545} INFO - Filling up the DagBag from /home/airflow/.local/lib/python3.12/site-packages/airflow/example_dags/example_dag_decorator.py
[2024-05-24T07:40:34.805+0000] {processor.py:840} INFO - DAG(s) 'example_dag_decorator' retrieved from /home/airflow/.local/lib/python3.12/site-packages/airflow/example_dags/example_dag_decorator.py
[2024-05-24T07:40:34.841+0000] {logging_mixin.py:188} INFO - [2024-05-24T07:40:34.840+0000] {dag.py:3096} INFO - Sync 1 DAGs
[2024-05-24T07:40:34.844+0000] {logging_mixin.py:188} INFO - [2024-05-24T07:40:34.844+0000] {dag.py:3954} INFO - Setting next_dagrun for example_dag_decorator to None, run_after=None
[2024-05-24T07:40:34.850+0000] {processor.py:183} INFO - Processing /home/airflow/.local/lib/python3.12/site-packages/airflow/example_dags/example_dag_decorator.py took 0.077 seconds
[2024-05-24T07:41:05.182+0000] {processor.py:161} INFO - Started process (PID=16254) to work on /home/airflow/.local/lib/python3.12/site-packages/airflow/example_dags/example_dag_decorator.py
[2024-05-24T07:41:05.182+0000] {processor.py:830} INFO - Processing file /home/airflow/.local/lib/python3.12/site-packages/airflow/example_dags/example_dag_decorator.py for tasks to queue
[2024-05-24T07:41:05.183+0000] {logging_mixin.py:188} INFO - [2024-05-24T07:41:05.183+0000] {dagbag.py:545} INFO - Filling up the DagBag from /home/airflow/.local/lib/python3.12/site-packages/airflow/example_dags/example_dag_decorator.py
[2024-05-24T07:41:05.214+0000] {processor.py:840} INFO - DAG(s) 'example_dag_decorator' retrieved from /home/airflow/.local/lib/python3.12/site-packages/airflow/example_dags/example_dag_decorator.py
[2024-05-24T07:41:05.251+0000] {logging_mixin.py:188} INFO - [2024-05-24T07:41:05.251+0000] {dag.py:3096} INFO - Sync 1 DAGs
[2024-05-24T07:41:05.255+0000] {logging_mixin.py:188} INFO - [2024-05-24T07:41:05.255+0000] {dag.py:3954} INFO - Setting next_dagrun for example_dag_decorator to None, run_after=None
[2024-05-24T07:41:05.261+0000] {processor.py:183} INFO - Processing /home/airflow/.local/lib/python3.12/site-packages/airflow/example_dags/example_dag_decorator.py took 0.082 seconds
[2024-05-24T07:41:35.459+0000] {processor.py:161} INFO - Started process (PID=16506) to work on /home/airflow/.local/lib/python3.12/site-packages/airflow/example_dags/example_dag_decorator.py
[2024-05-24T07:41:35.460+0000] {processor.py:830} INFO - Processing file /home/airflow/.local/lib/python3.12/site-packages/airflow/example_dags/example_dag_decorator.py for tasks to queue
[2024-05-24T07:41:35.460+0000] {logging_mixin.py:188} INFO - [2024-05-24T07:41:35.460+0000] {dagbag.py:545} INFO - Filling up the DagBag from /home/airflow/.local/lib/python3.12/site-packages/airflow/example_dags/example_dag_decorator.py
[2024-05-24T07:41:35.492+0000] {processor.py:840} INFO - DAG(s) 'example_dag_decorator' retrieved from /home/airflow/.local/lib/python3.12/site-packages/airflow/example_dags/example_dag_decorator.py
[2024-05-24T07:41:35.528+0000] {logging_mixin.py:188} INFO - [2024-05-24T07:41:35.528+0000] {dag.py:3096} INFO - Sync 1 DAGs
[2024-05-24T07:41:35.532+0000] {logging_mixin.py:188} INFO - [2024-05-24T07:41:35.532+0000] {dag.py:3954} INFO - Setting next_dagrun for example_dag_decorator to None, run_after=None
[2024-05-24T07:41:35.539+0000] {processor.py:183} INFO - Processing /home/airflow/.local/lib/python3.12/site-packages/airflow/example_dags/example_dag_decorator.py took 0.082 seconds
[2024-05-24T07:42:05.824+0000] {processor.py:161} INFO - Started process (PID=16768) to work on /home/airflow/.local/lib/python3.12/site-packages/airflow/example_dags/example_dag_decorator.py
[2024-05-24T07:42:05.824+0000] {processor.py:830} INFO - Processing file /home/airflow/.local/lib/python3.12/site-packages/airflow/example_dags/example_dag_decorator.py for tasks to queue
[2024-05-24T07:42:05.825+0000] {logging_mixin.py:188} INFO - [2024-05-24T07:42:05.825+0000] {dagbag.py:545} INFO - Filling up the DagBag from /home/airflow/.local/lib/python3.12/site-packages/airflow/example_dags/example_dag_decorator.py
[2024-05-24T07:42:05.856+0000] {processor.py:840} INFO - DAG(s) 'example_dag_decorator' retrieved from /home/airflow/.local/lib/python3.12/site-packages/airflow/example_dags/example_dag_decorator.py
[2024-05-24T07:42:05.893+0000] {logging_mixin.py:188} INFO - [2024-05-24T07:42:05.893+0000] {dag.py:3096} INFO - Sync 1 DAGs
[2024-05-24T07:42:05.897+0000] {logging_mixin.py:188} INFO - [2024-05-24T07:42:05.897+0000] {dag.py:3954} INFO - Setting next_dagrun for example_dag_decorator to None, run_after=None
[2024-05-24T07:42:05.903+0000] {processor.py:183} INFO - Processing /home/airflow/.local/lib/python3.12/site-packages/airflow/example_dags/example_dag_decorator.py took 0.082 seconds
[2024-05-24T07:42:36.215+0000] {processor.py:161} INFO - Started process (PID=17037) to work on /home/airflow/.local/lib/python3.12/site-packages/airflow/example_dags/example_dag_decorator.py
[2024-05-24T07:42:36.216+0000] {processor.py:830} INFO - Processing file /home/airflow/.local/lib/python3.12/site-packages/airflow/example_dags/example_dag_decorator.py for tasks to queue
[2024-05-24T07:42:36.216+0000] {logging_mixin.py:188} INFO - [2024-05-24T07:42:36.216+0000] {dagbag.py:545} INFO - Filling up the DagBag from /home/airflow/.local/lib/python3.12/site-packages/airflow/example_dags/example_dag_decorator.py
[2024-05-24T07:42:36.245+0000] {processor.py:840} INFO - DAG(s) 'example_dag_decorator' retrieved from /home/airflow/.local/lib/python3.12/site-packages/airflow/example_dags/example_dag_decorator.py
[2024-05-24T07:42:36.278+0000] {logging_mixin.py:188} INFO - [2024-05-24T07:42:36.278+0000] {dag.py:3096} INFO - Sync 1 DAGs
[2024-05-24T07:42:36.282+0000] {logging_mixin.py:188} INFO - [2024-05-24T07:42:36.282+0000] {dag.py:3954} INFO - Setting next_dagrun for example_dag_decorator to None, run_after=None
[2024-05-24T07:42:36.288+0000] {processor.py:183} INFO - Processing /home/airflow/.local/lib/python3.12/site-packages/airflow/example_dags/example_dag_decorator.py took 0.075 seconds
[2024-05-24T07:43:06.662+0000] {processor.py:161} INFO - Started process (PID=17292) to work on /home/airflow/.local/lib/python3.12/site-packages/airflow/example_dags/example_dag_decorator.py
[2024-05-24T07:43:06.663+0000] {processor.py:830} INFO - Processing file /home/airflow/.local/lib/python3.12/site-packages/airflow/example_dags/example_dag_decorator.py for tasks to queue
[2024-05-24T07:43:06.663+0000] {logging_mixin.py:188} INFO - [2024-05-24T07:43:06.663+0000] {dagbag.py:545} INFO - Filling up the DagBag from /home/airflow/.local/lib/python3.12/site-packages/airflow/example_dags/example_dag_decorator.py
[2024-05-24T07:43:06.696+0000] {processor.py:840} INFO - DAG(s) 'example_dag_decorator' retrieved from /home/airflow/.local/lib/python3.12/site-packages/airflow/example_dags/example_dag_decorator.py
[2024-05-24T07:43:06.733+0000] {logging_mixin.py:188} INFO - [2024-05-24T07:43:06.733+0000] {dag.py:3096} INFO - Sync 1 DAGs
[2024-05-24T07:43:06.737+0000] {logging_mixin.py:188} INFO - [2024-05-24T07:43:06.737+0000] {dag.py:3954} INFO - Setting next_dagrun for example_dag_decorator to None, run_after=None
[2024-05-24T07:43:06.743+0000] {processor.py:183} INFO - Processing /home/airflow/.local/lib/python3.12/site-packages/airflow/example_dags/example_dag_decorator.py took 0.083 seconds
[2024-05-24T07:43:37.034+0000] {processor.py:161} INFO - Started process (PID=17556) to work on /home/airflow/.local/lib/python3.12/site-packages/airflow/example_dags/example_dag_decorator.py
[2024-05-24T07:43:37.034+0000] {processor.py:830} INFO - Processing file /home/airflow/.local/lib/python3.12/site-packages/airflow/example_dags/example_dag_decorator.py for tasks to queue
[2024-05-24T07:43:37.035+0000] {logging_mixin.py:188} INFO - [2024-05-24T07:43:37.035+0000] {dagbag.py:545} INFO - Filling up the DagBag from /home/airflow/.local/lib/python3.12/site-packages/airflow/example_dags/example_dag_decorator.py
[2024-05-24T07:43:37.068+0000] {processor.py:840} INFO - DAG(s) 'example_dag_decorator' retrieved from /home/airflow/.local/lib/python3.12/site-packages/airflow/example_dags/example_dag_decorator.py
[2024-05-24T07:43:37.076+0000] {logging_mixin.py:188} INFO - [2024-05-24T07:43:37.076+0000] {dag.py:3096} INFO - Sync 1 DAGs
[2024-05-24T07:43:37.081+0000] {logging_mixin.py:188} INFO - [2024-05-24T07:43:37.081+0000] {dag.py:3954} INFO - Setting next_dagrun for example_dag_decorator to None, run_after=None
[2024-05-24T07:43:37.088+0000] {processor.py:183} INFO - Processing /home/airflow/.local/lib/python3.12/site-packages/airflow/example_dags/example_dag_decorator.py took 0.057 seconds
[2024-05-24T07:44:07.388+0000] {processor.py:161} INFO - Started process (PID=17818) to work on /home/airflow/.local/lib/python3.12/site-packages/airflow/example_dags/example_dag_decorator.py
[2024-05-24T07:44:07.388+0000] {processor.py:830} INFO - Processing file /home/airflow/.local/lib/python3.12/site-packages/airflow/example_dags/example_dag_decorator.py for tasks to queue
[2024-05-24T07:44:07.389+0000] {logging_mixin.py:188} INFO - [2024-05-24T07:44:07.389+0000] {dagbag.py:545} INFO - Filling up the DagBag from /home/airflow/.local/lib/python3.12/site-packages/airflow/example_dags/example_dag_decorator.py
[2024-05-24T07:44:07.422+0000] {processor.py:840} INFO - DAG(s) 'example_dag_decorator' retrieved from /home/airflow/.local/lib/python3.12/site-packages/airflow/example_dags/example_dag_decorator.py
[2024-05-24T07:44:07.430+0000] {logging_mixin.py:188} INFO - [2024-05-24T07:44:07.430+0000] {dag.py:3096} INFO - Sync 1 DAGs
[2024-05-24T07:44:07.435+0000] {logging_mixin.py:188} INFO - [2024-05-24T07:44:07.435+0000] {dag.py:3954} INFO - Setting next_dagrun for example_dag_decorator to None, run_after=None
[2024-05-24T07:44:07.441+0000] {processor.py:183} INFO - Processing /home/airflow/.local/lib/python3.12/site-packages/airflow/example_dags/example_dag_decorator.py took 0.056 seconds
[2024-05-24T07:44:37.707+0000] {processor.py:161} INFO - Started process (PID=18080) to work on /home/airflow/.local/lib/python3.12/site-packages/airflow/example_dags/example_dag_decorator.py
[2024-05-24T07:44:37.708+0000] {processor.py:830} INFO - Processing file /home/airflow/.local/lib/python3.12/site-packages/airflow/example_dags/example_dag_decorator.py for tasks to queue
[2024-05-24T07:44:37.708+0000] {logging_mixin.py:188} INFO - [2024-05-24T07:44:37.708+0000] {dagbag.py:545} INFO - Filling up the DagBag from /home/airflow/.local/lib/python3.12/site-packages/airflow/example_dags/example_dag_decorator.py
[2024-05-24T07:44:37.740+0000] {processor.py:840} INFO - DAG(s) 'example_dag_decorator' retrieved from /home/airflow/.local/lib/python3.12/site-packages/airflow/example_dags/example_dag_decorator.py
[2024-05-24T07:44:37.776+0000] {logging_mixin.py:188} INFO - [2024-05-24T07:44:37.776+0000] {dag.py:3096} INFO - Sync 1 DAGs
[2024-05-24T07:44:37.780+0000] {logging_mixin.py:188} INFO - [2024-05-24T07:44:37.780+0000] {dag.py:3954} INFO - Setting next_dagrun for example_dag_decorator to None, run_after=None
[2024-05-24T07:44:37.786+0000] {processor.py:183} INFO - Processing /home/airflow/.local/lib/python3.12/site-packages/airflow/example_dags/example_dag_decorator.py took 0.081 seconds
