[2024-05-24T05:45:20.496+0000] {processor.py:161} INFO - Started process (PID=283) to work on /home/airflow/.local/lib/python3.12/site-packages/airflow/example_dags/example_sla_dag.py
[2024-05-24T05:45:20.496+0000] {processor.py:830} INFO - Processing file /home/airflow/.local/lib/python3.12/site-packages/airflow/example_dags/example_sla_dag.py for tasks to queue
[2024-05-24T05:45:20.497+0000] {logging_mixin.py:188} INFO - [2024-05-24T05:45:20.497+0000] {dagbag.py:545} INFO - Filling up the DagBag from /home/airflow/.local/lib/python3.12/site-packages/airflow/example_dags/example_sla_dag.py
[2024-05-24T05:45:20.501+0000] {processor.py:840} INFO - DAG(s) 'example_sla_dag' retrieved from /home/airflow/.local/lib/python3.12/site-packages/airflow/example_dags/example_sla_dag.py
[2024-05-24T05:45:20.506+0000] {logging_mixin.py:188} INFO - [2024-05-24T05:45:20.506+0000] {dag.py:3096} INFO - Sync 1 DAGs
[2024-05-24T05:45:20.515+0000] {logging_mixin.py:188} INFO - [2024-05-24T05:45:20.515+0000] {dag.py:3954} INFO - Setting next_dagrun for example_sla_dag to 2024-05-24 05:42:00+00:00, run_after=2024-05-24 05:44:00+00:00
[2024-05-24T05:45:20.521+0000] {processor.py:183} INFO - Processing /home/airflow/.local/lib/python3.12/site-packages/airflow/example_dags/example_sla_dag.py took 0.028 seconds
[2024-05-24T05:45:50.911+0000] {processor.py:161} INFO - Started process (PID=543) to work on /home/airflow/.local/lib/python3.12/site-packages/airflow/example_dags/example_sla_dag.py
[2024-05-24T05:45:50.911+0000] {processor.py:830} INFO - Processing file /home/airflow/.local/lib/python3.12/site-packages/airflow/example_dags/example_sla_dag.py for tasks to queue
[2024-05-24T05:45:50.912+0000] {logging_mixin.py:188} INFO - [2024-05-24T05:45:50.912+0000] {dagbag.py:545} INFO - Filling up the DagBag from /home/airflow/.local/lib/python3.12/site-packages/airflow/example_dags/example_sla_dag.py
[2024-05-24T05:45:50.916+0000] {processor.py:840} INFO - DAG(s) 'example_sla_dag' retrieved from /home/airflow/.local/lib/python3.12/site-packages/airflow/example_dags/example_sla_dag.py
[2024-05-24T05:45:50.952+0000] {logging_mixin.py:188} INFO - [2024-05-24T05:45:50.952+0000] {dag.py:3096} INFO - Sync 1 DAGs
[2024-05-24T05:45:50.960+0000] {logging_mixin.py:188} INFO - [2024-05-24T05:45:50.959+0000] {dag.py:3954} INFO - Setting next_dagrun for example_sla_dag to 2024-05-24 05:42:00+00:00, run_after=2024-05-24 05:44:00+00:00
[2024-05-24T05:45:50.966+0000] {processor.py:183} INFO - Processing /home/airflow/.local/lib/python3.12/site-packages/airflow/example_dags/example_sla_dag.py took 0.057 seconds
[2024-05-24T05:46:21.732+0000] {processor.py:161} INFO - Started process (PID=805) to work on /home/airflow/.local/lib/python3.12/site-packages/airflow/example_dags/example_sla_dag.py
[2024-05-24T05:46:21.732+0000] {processor.py:830} INFO - Processing file /home/airflow/.local/lib/python3.12/site-packages/airflow/example_dags/example_sla_dag.py for tasks to queue
[2024-05-24T05:46:21.733+0000] {logging_mixin.py:188} INFO - [2024-05-24T05:46:21.733+0000] {dagbag.py:545} INFO - Filling up the DagBag from /home/airflow/.local/lib/python3.12/site-packages/airflow/example_dags/example_sla_dag.py
[2024-05-24T05:46:21.736+0000] {processor.py:840} INFO - DAG(s) 'example_sla_dag' retrieved from /home/airflow/.local/lib/python3.12/site-packages/airflow/example_dags/example_sla_dag.py
[2024-05-24T05:46:21.744+0000] {logging_mixin.py:188} INFO - [2024-05-24T05:46:21.744+0000] {dag.py:3096} INFO - Sync 1 DAGs
[2024-05-24T05:46:21.752+0000] {logging_mixin.py:188} INFO - [2024-05-24T05:46:21.752+0000] {dag.py:3954} INFO - Setting next_dagrun for example_sla_dag to 2024-05-24 05:44:00+00:00, run_after=2024-05-24 05:46:00+00:00
[2024-05-24T05:46:21.758+0000] {processor.py:183} INFO - Processing /home/airflow/.local/lib/python3.12/site-packages/airflow/example_dags/example_sla_dag.py took 0.029 seconds
[2024-05-24T05:46:52.045+0000] {processor.py:161} INFO - Started process (PID=1067) to work on /home/airflow/.local/lib/python3.12/site-packages/airflow/example_dags/example_sla_dag.py
[2024-05-24T05:46:52.045+0000] {processor.py:830} INFO - Processing file /home/airflow/.local/lib/python3.12/site-packages/airflow/example_dags/example_sla_dag.py for tasks to queue
[2024-05-24T05:46:52.046+0000] {logging_mixin.py:188} INFO - [2024-05-24T05:46:52.046+0000] {dagbag.py:545} INFO - Filling up the DagBag from /home/airflow/.local/lib/python3.12/site-packages/airflow/example_dags/example_sla_dag.py
[2024-05-24T05:46:52.049+0000] {processor.py:840} INFO - DAG(s) 'example_sla_dag' retrieved from /home/airflow/.local/lib/python3.12/site-packages/airflow/example_dags/example_sla_dag.py
[2024-05-24T05:46:52.057+0000] {logging_mixin.py:188} INFO - [2024-05-24T05:46:52.057+0000] {dag.py:3096} INFO - Sync 1 DAGs
[2024-05-24T05:46:52.065+0000] {logging_mixin.py:188} INFO - [2024-05-24T05:46:52.065+0000] {dag.py:3954} INFO - Setting next_dagrun for example_sla_dag to 2024-05-24 05:44:00+00:00, run_after=2024-05-24 05:46:00+00:00
[2024-05-24T05:46:52.071+0000] {processor.py:183} INFO - Processing /home/airflow/.local/lib/python3.12/site-packages/airflow/example_dags/example_sla_dag.py took 0.029 seconds
[2024-05-24T05:47:22.369+0000] {processor.py:161} INFO - Started process (PID=1329) to work on /home/airflow/.local/lib/python3.12/site-packages/airflow/example_dags/example_sla_dag.py
[2024-05-24T05:47:22.370+0000] {processor.py:830} INFO - Processing file /home/airflow/.local/lib/python3.12/site-packages/airflow/example_dags/example_sla_dag.py for tasks to queue
[2024-05-24T05:47:22.370+0000] {logging_mixin.py:188} INFO - [2024-05-24T05:47:22.370+0000] {dagbag.py:545} INFO - Filling up the DagBag from /home/airflow/.local/lib/python3.12/site-packages/airflow/example_dags/example_sla_dag.py
[2024-05-24T05:47:22.374+0000] {processor.py:840} INFO - DAG(s) 'example_sla_dag' retrieved from /home/airflow/.local/lib/python3.12/site-packages/airflow/example_dags/example_sla_dag.py
[2024-05-24T05:47:22.381+0000] {logging_mixin.py:188} INFO - [2024-05-24T05:47:22.381+0000] {dag.py:3096} INFO - Sync 1 DAGs
[2024-05-24T05:47:22.390+0000] {logging_mixin.py:188} INFO - [2024-05-24T05:47:22.390+0000] {dag.py:3954} INFO - Setting next_dagrun for example_sla_dag to 2024-05-24 05:44:00+00:00, run_after=2024-05-24 05:46:00+00:00
[2024-05-24T05:47:22.396+0000] {processor.py:183} INFO - Processing /home/airflow/.local/lib/python3.12/site-packages/airflow/example_dags/example_sla_dag.py took 0.029 seconds
[2024-05-24T05:47:52.697+0000] {processor.py:161} INFO - Started process (PID=1591) to work on /home/airflow/.local/lib/python3.12/site-packages/airflow/example_dags/example_sla_dag.py
[2024-05-24T05:47:52.699+0000] {processor.py:830} INFO - Processing file /home/airflow/.local/lib/python3.12/site-packages/airflow/example_dags/example_sla_dag.py for tasks to queue
[2024-05-24T05:47:52.702+0000] {logging_mixin.py:188} INFO - [2024-05-24T05:47:52.701+0000] {dagbag.py:545} INFO - Filling up the DagBag from /home/airflow/.local/lib/python3.12/site-packages/airflow/example_dags/example_sla_dag.py
[2024-05-24T05:47:52.709+0000] {processor.py:840} INFO - DAG(s) 'example_sla_dag' retrieved from /home/airflow/.local/lib/python3.12/site-packages/airflow/example_dags/example_sla_dag.py
[2024-05-24T05:47:52.723+0000] {logging_mixin.py:188} INFO - [2024-05-24T05:47:52.723+0000] {dag.py:3096} INFO - Sync 1 DAGs
[2024-05-24T05:47:52.741+0000] {logging_mixin.py:188} INFO - [2024-05-24T05:47:52.741+0000] {dag.py:3954} INFO - Setting next_dagrun for example_sla_dag to 2024-05-24 05:44:00+00:00, run_after=2024-05-24 05:46:00+00:00
[2024-05-24T05:47:52.754+0000] {processor.py:183} INFO - Processing /home/airflow/.local/lib/python3.12/site-packages/airflow/example_dags/example_sla_dag.py took 0.061 seconds
[2024-05-24T05:48:23.055+0000] {processor.py:161} INFO - Started process (PID=1853) to work on /home/airflow/.local/lib/python3.12/site-packages/airflow/example_dags/example_sla_dag.py
[2024-05-24T05:48:23.056+0000] {processor.py:830} INFO - Processing file /home/airflow/.local/lib/python3.12/site-packages/airflow/example_dags/example_sla_dag.py for tasks to queue
[2024-05-24T05:48:23.057+0000] {logging_mixin.py:188} INFO - [2024-05-24T05:48:23.056+0000] {dagbag.py:545} INFO - Filling up the DagBag from /home/airflow/.local/lib/python3.12/site-packages/airflow/example_dags/example_sla_dag.py
[2024-05-24T05:48:23.060+0000] {processor.py:840} INFO - DAG(s) 'example_sla_dag' retrieved from /home/airflow/.local/lib/python3.12/site-packages/airflow/example_dags/example_sla_dag.py
[2024-05-24T05:48:23.067+0000] {logging_mixin.py:188} INFO - [2024-05-24T05:48:23.067+0000] {dag.py:3096} INFO - Sync 1 DAGs
[2024-05-24T05:48:23.076+0000] {logging_mixin.py:188} INFO - [2024-05-24T05:48:23.076+0000] {dag.py:3954} INFO - Setting next_dagrun for example_sla_dag to 2024-05-24 05:46:00+00:00, run_after=2024-05-24 05:48:00+00:00
[2024-05-24T05:48:23.082+0000] {processor.py:183} INFO - Processing /home/airflow/.local/lib/python3.12/site-packages/airflow/example_dags/example_sla_dag.py took 0.029 seconds
[2024-05-24T05:48:53.401+0000] {processor.py:161} INFO - Started process (PID=2117) to work on /home/airflow/.local/lib/python3.12/site-packages/airflow/example_dags/example_sla_dag.py
[2024-05-24T05:48:53.402+0000] {processor.py:830} INFO - Processing file /home/airflow/.local/lib/python3.12/site-packages/airflow/example_dags/example_sla_dag.py for tasks to queue
[2024-05-24T05:48:53.402+0000] {logging_mixin.py:188} INFO - [2024-05-24T05:48:53.402+0000] {dagbag.py:545} INFO - Filling up the DagBag from /home/airflow/.local/lib/python3.12/site-packages/airflow/example_dags/example_sla_dag.py
[2024-05-24T05:48:53.406+0000] {processor.py:840} INFO - DAG(s) 'example_sla_dag' retrieved from /home/airflow/.local/lib/python3.12/site-packages/airflow/example_dags/example_sla_dag.py
[2024-05-24T05:48:53.413+0000] {logging_mixin.py:188} INFO - [2024-05-24T05:48:53.413+0000] {dag.py:3096} INFO - Sync 1 DAGs
[2024-05-24T05:48:53.422+0000] {logging_mixin.py:188} INFO - [2024-05-24T05:48:53.422+0000] {dag.py:3954} INFO - Setting next_dagrun for example_sla_dag to 2024-05-24 05:46:00+00:00, run_after=2024-05-24 05:48:00+00:00
[2024-05-24T05:48:53.428+0000] {processor.py:183} INFO - Processing /home/airflow/.local/lib/python3.12/site-packages/airflow/example_dags/example_sla_dag.py took 0.029 seconds
[2024-05-24T05:49:23.724+0000] {processor.py:161} INFO - Started process (PID=2377) to work on /home/airflow/.local/lib/python3.12/site-packages/airflow/example_dags/example_sla_dag.py
[2024-05-24T05:49:23.724+0000] {processor.py:830} INFO - Processing file /home/airflow/.local/lib/python3.12/site-packages/airflow/example_dags/example_sla_dag.py for tasks to queue
[2024-05-24T05:49:23.725+0000] {logging_mixin.py:188} INFO - [2024-05-24T05:49:23.725+0000] {dagbag.py:545} INFO - Filling up the DagBag from /home/airflow/.local/lib/python3.12/site-packages/airflow/example_dags/example_sla_dag.py
[2024-05-24T05:49:23.729+0000] {processor.py:840} INFO - DAG(s) 'example_sla_dag' retrieved from /home/airflow/.local/lib/python3.12/site-packages/airflow/example_dags/example_sla_dag.py
[2024-05-24T05:49:23.736+0000] {logging_mixin.py:188} INFO - [2024-05-24T05:49:23.736+0000] {dag.py:3096} INFO - Sync 1 DAGs
[2024-05-24T05:49:23.745+0000] {logging_mixin.py:188} INFO - [2024-05-24T05:49:23.744+0000] {dag.py:3954} INFO - Setting next_dagrun for example_sla_dag to 2024-05-24 05:46:00+00:00, run_after=2024-05-24 05:48:00+00:00
[2024-05-24T05:49:23.750+0000] {processor.py:183} INFO - Processing /home/airflow/.local/lib/python3.12/site-packages/airflow/example_dags/example_sla_dag.py took 0.029 seconds
[2024-05-24T05:49:54.004+0000] {processor.py:161} INFO - Started process (PID=2639) to work on /home/airflow/.local/lib/python3.12/site-packages/airflow/example_dags/example_sla_dag.py
[2024-05-24T05:49:54.004+0000] {processor.py:830} INFO - Processing file /home/airflow/.local/lib/python3.12/site-packages/airflow/example_dags/example_sla_dag.py for tasks to queue
[2024-05-24T05:49:54.005+0000] {logging_mixin.py:188} INFO - [2024-05-24T05:49:54.005+0000] {dagbag.py:545} INFO - Filling up the DagBag from /home/airflow/.local/lib/python3.12/site-packages/airflow/example_dags/example_sla_dag.py
[2024-05-24T05:49:54.008+0000] {processor.py:840} INFO - DAG(s) 'example_sla_dag' retrieved from /home/airflow/.local/lib/python3.12/site-packages/airflow/example_dags/example_sla_dag.py
[2024-05-24T05:49:54.016+0000] {logging_mixin.py:188} INFO - [2024-05-24T05:49:54.016+0000] {dag.py:3096} INFO - Sync 1 DAGs
[2024-05-24T05:49:54.025+0000] {logging_mixin.py:188} INFO - [2024-05-24T05:49:54.025+0000] {dag.py:3954} INFO - Setting next_dagrun for example_sla_dag to 2024-05-24 05:46:00+00:00, run_after=2024-05-24 05:48:00+00:00
[2024-05-24T05:49:54.031+0000] {processor.py:183} INFO - Processing /home/airflow/.local/lib/python3.12/site-packages/airflow/example_dags/example_sla_dag.py took 0.030 seconds
[2024-05-24T05:50:24.426+0000] {processor.py:161} INFO - Started process (PID=2901) to work on /home/airflow/.local/lib/python3.12/site-packages/airflow/example_dags/example_sla_dag.py
[2024-05-24T05:50:24.427+0000] {processor.py:830} INFO - Processing file /home/airflow/.local/lib/python3.12/site-packages/airflow/example_dags/example_sla_dag.py for tasks to queue
[2024-05-24T05:50:24.428+0000] {logging_mixin.py:188} INFO - [2024-05-24T05:50:24.428+0000] {dagbag.py:545} INFO - Filling up the DagBag from /home/airflow/.local/lib/python3.12/site-packages/airflow/example_dags/example_sla_dag.py
[2024-05-24T05:50:24.434+0000] {processor.py:840} INFO - DAG(s) 'example_sla_dag' retrieved from /home/airflow/.local/lib/python3.12/site-packages/airflow/example_dags/example_sla_dag.py
[2024-05-24T05:50:24.441+0000] {logging_mixin.py:188} INFO - [2024-05-24T05:50:24.441+0000] {dag.py:3096} INFO - Sync 1 DAGs
[2024-05-24T05:50:24.450+0000] {logging_mixin.py:188} INFO - [2024-05-24T05:50:24.450+0000] {dag.py:3954} INFO - Setting next_dagrun for example_sla_dag to 2024-05-24 05:48:00+00:00, run_after=2024-05-24 05:50:00+00:00
[2024-05-24T05:50:24.458+0000] {processor.py:183} INFO - Processing /home/airflow/.local/lib/python3.12/site-packages/airflow/example_dags/example_sla_dag.py took 0.035 seconds
[2024-05-24T05:50:54.736+0000] {processor.py:161} INFO - Started process (PID=3163) to work on /home/airflow/.local/lib/python3.12/site-packages/airflow/example_dags/example_sla_dag.py
[2024-05-24T05:50:54.739+0000] {processor.py:830} INFO - Processing file /home/airflow/.local/lib/python3.12/site-packages/airflow/example_dags/example_sla_dag.py for tasks to queue
[2024-05-24T05:50:54.740+0000] {logging_mixin.py:188} INFO - [2024-05-24T05:50:54.740+0000] {dagbag.py:545} INFO - Filling up the DagBag from /home/airflow/.local/lib/python3.12/site-packages/airflow/example_dags/example_sla_dag.py
[2024-05-24T05:50:54.743+0000] {processor.py:840} INFO - DAG(s) 'example_sla_dag' retrieved from /home/airflow/.local/lib/python3.12/site-packages/airflow/example_dags/example_sla_dag.py
[2024-05-24T05:50:54.750+0000] {logging_mixin.py:188} INFO - [2024-05-24T05:50:54.750+0000] {dag.py:3096} INFO - Sync 1 DAGs
[2024-05-24T05:50:54.759+0000] {logging_mixin.py:188} INFO - [2024-05-24T05:50:54.759+0000] {dag.py:3954} INFO - Setting next_dagrun for example_sla_dag to 2024-05-24 05:48:00+00:00, run_after=2024-05-24 05:50:00+00:00
[2024-05-24T05:50:54.765+0000] {processor.py:183} INFO - Processing /home/airflow/.local/lib/python3.12/site-packages/airflow/example_dags/example_sla_dag.py took 0.031 seconds
[2024-05-24T05:51:25.079+0000] {processor.py:161} INFO - Started process (PID=3425) to work on /home/airflow/.local/lib/python3.12/site-packages/airflow/example_dags/example_sla_dag.py
[2024-05-24T05:51:25.081+0000] {processor.py:830} INFO - Processing file /home/airflow/.local/lib/python3.12/site-packages/airflow/example_dags/example_sla_dag.py for tasks to queue
[2024-05-24T05:51:25.082+0000] {logging_mixin.py:188} INFO - [2024-05-24T05:51:25.082+0000] {dagbag.py:545} INFO - Filling up the DagBag from /home/airflow/.local/lib/python3.12/site-packages/airflow/example_dags/example_sla_dag.py
[2024-05-24T05:51:25.085+0000] {processor.py:840} INFO - DAG(s) 'example_sla_dag' retrieved from /home/airflow/.local/lib/python3.12/site-packages/airflow/example_dags/example_sla_dag.py
[2024-05-24T05:51:25.093+0000] {logging_mixin.py:188} INFO - [2024-05-24T05:51:25.092+0000] {dag.py:3096} INFO - Sync 1 DAGs
[2024-05-24T05:51:25.101+0000] {logging_mixin.py:188} INFO - [2024-05-24T05:51:25.101+0000] {dag.py:3954} INFO - Setting next_dagrun for example_sla_dag to 2024-05-24 05:48:00+00:00, run_after=2024-05-24 05:50:00+00:00
[2024-05-24T05:51:25.107+0000] {processor.py:183} INFO - Processing /home/airflow/.local/lib/python3.12/site-packages/airflow/example_dags/example_sla_dag.py took 0.030 seconds
[2024-05-24T05:51:55.383+0000] {processor.py:161} INFO - Started process (PID=3687) to work on /home/airflow/.local/lib/python3.12/site-packages/airflow/example_dags/example_sla_dag.py
[2024-05-24T05:51:55.383+0000] {processor.py:830} INFO - Processing file /home/airflow/.local/lib/python3.12/site-packages/airflow/example_dags/example_sla_dag.py for tasks to queue
[2024-05-24T05:51:55.384+0000] {logging_mixin.py:188} INFO - [2024-05-24T05:51:55.384+0000] {dagbag.py:545} INFO - Filling up the DagBag from /home/airflow/.local/lib/python3.12/site-packages/airflow/example_dags/example_sla_dag.py
[2024-05-24T05:51:55.387+0000] {processor.py:840} INFO - DAG(s) 'example_sla_dag' retrieved from /home/airflow/.local/lib/python3.12/site-packages/airflow/example_dags/example_sla_dag.py
[2024-05-24T05:51:55.395+0000] {logging_mixin.py:188} INFO - [2024-05-24T05:51:55.395+0000] {dag.py:3096} INFO - Sync 1 DAGs
[2024-05-24T05:51:55.404+0000] {logging_mixin.py:188} INFO - [2024-05-24T05:51:55.403+0000] {dag.py:3954} INFO - Setting next_dagrun for example_sla_dag to 2024-05-24 05:48:00+00:00, run_after=2024-05-24 05:50:00+00:00
[2024-05-24T05:51:55.410+0000] {processor.py:183} INFO - Processing /home/airflow/.local/lib/python3.12/site-packages/airflow/example_dags/example_sla_dag.py took 0.029 seconds
[2024-05-24T05:52:25.683+0000] {processor.py:161} INFO - Started process (PID=3949) to work on /home/airflow/.local/lib/python3.12/site-packages/airflow/example_dags/example_sla_dag.py
[2024-05-24T05:52:25.683+0000] {processor.py:830} INFO - Processing file /home/airflow/.local/lib/python3.12/site-packages/airflow/example_dags/example_sla_dag.py for tasks to queue
[2024-05-24T05:52:25.684+0000] {logging_mixin.py:188} INFO - [2024-05-24T05:52:25.684+0000] {dagbag.py:545} INFO - Filling up the DagBag from /home/airflow/.local/lib/python3.12/site-packages/airflow/example_dags/example_sla_dag.py
[2024-05-24T05:52:25.688+0000] {processor.py:840} INFO - DAG(s) 'example_sla_dag' retrieved from /home/airflow/.local/lib/python3.12/site-packages/airflow/example_dags/example_sla_dag.py
[2024-05-24T05:52:25.695+0000] {logging_mixin.py:188} INFO - [2024-05-24T05:52:25.695+0000] {dag.py:3096} INFO - Sync 1 DAGs
[2024-05-24T05:52:25.703+0000] {logging_mixin.py:188} INFO - [2024-05-24T05:52:25.703+0000] {dag.py:3954} INFO - Setting next_dagrun for example_sla_dag to 2024-05-24 05:50:00+00:00, run_after=2024-05-24 05:52:00+00:00
[2024-05-24T05:52:25.709+0000] {processor.py:183} INFO - Processing /home/airflow/.local/lib/python3.12/site-packages/airflow/example_dags/example_sla_dag.py took 0.029 seconds
[2024-05-24T05:52:55.942+0000] {processor.py:161} INFO - Started process (PID=4211) to work on /home/airflow/.local/lib/python3.12/site-packages/airflow/example_dags/example_sla_dag.py
[2024-05-24T05:52:55.942+0000] {processor.py:830} INFO - Processing file /home/airflow/.local/lib/python3.12/site-packages/airflow/example_dags/example_sla_dag.py for tasks to queue
[2024-05-24T05:52:55.943+0000] {logging_mixin.py:188} INFO - [2024-05-24T05:52:55.943+0000] {dagbag.py:545} INFO - Filling up the DagBag from /home/airflow/.local/lib/python3.12/site-packages/airflow/example_dags/example_sla_dag.py
[2024-05-24T05:52:55.946+0000] {processor.py:840} INFO - DAG(s) 'example_sla_dag' retrieved from /home/airflow/.local/lib/python3.12/site-packages/airflow/example_dags/example_sla_dag.py
[2024-05-24T05:52:55.953+0000] {logging_mixin.py:188} INFO - [2024-05-24T05:52:55.953+0000] {dag.py:3096} INFO - Sync 1 DAGs
[2024-05-24T05:52:55.962+0000] {logging_mixin.py:188} INFO - [2024-05-24T05:52:55.962+0000] {dag.py:3954} INFO - Setting next_dagrun for example_sla_dag to 2024-05-24 05:50:00+00:00, run_after=2024-05-24 05:52:00+00:00
[2024-05-24T05:52:55.968+0000] {processor.py:183} INFO - Processing /home/airflow/.local/lib/python3.12/site-packages/airflow/example_dags/example_sla_dag.py took 0.029 seconds
[2024-05-24T05:53:26.385+0000] {processor.py:161} INFO - Started process (PID=4473) to work on /home/airflow/.local/lib/python3.12/site-packages/airflow/example_dags/example_sla_dag.py
[2024-05-24T05:53:26.385+0000] {processor.py:830} INFO - Processing file /home/airflow/.local/lib/python3.12/site-packages/airflow/example_dags/example_sla_dag.py for tasks to queue
[2024-05-24T05:53:26.386+0000] {logging_mixin.py:188} INFO - [2024-05-24T05:53:26.385+0000] {dagbag.py:545} INFO - Filling up the DagBag from /home/airflow/.local/lib/python3.12/site-packages/airflow/example_dags/example_sla_dag.py
[2024-05-24T05:53:26.389+0000] {processor.py:840} INFO - DAG(s) 'example_sla_dag' retrieved from /home/airflow/.local/lib/python3.12/site-packages/airflow/example_dags/example_sla_dag.py
[2024-05-24T05:53:26.396+0000] {logging_mixin.py:188} INFO - [2024-05-24T05:53:26.396+0000] {dag.py:3096} INFO - Sync 1 DAGs
[2024-05-24T05:53:26.405+0000] {logging_mixin.py:188} INFO - [2024-05-24T05:53:26.405+0000] {dag.py:3954} INFO - Setting next_dagrun for example_sla_dag to 2024-05-24 05:50:00+00:00, run_after=2024-05-24 05:52:00+00:00
[2024-05-24T05:53:26.411+0000] {processor.py:183} INFO - Processing /home/airflow/.local/lib/python3.12/site-packages/airflow/example_dags/example_sla_dag.py took 0.029 seconds
[2024-05-24T05:53:56.837+0000] {processor.py:161} INFO - Started process (PID=4760) to work on /home/airflow/.local/lib/python3.12/site-packages/airflow/example_dags/example_sla_dag.py
[2024-05-24T05:53:56.837+0000] {processor.py:830} INFO - Processing file /home/airflow/.local/lib/python3.12/site-packages/airflow/example_dags/example_sla_dag.py for tasks to queue
[2024-05-24T05:53:56.838+0000] {logging_mixin.py:188} INFO - [2024-05-24T05:53:56.838+0000] {dagbag.py:545} INFO - Filling up the DagBag from /home/airflow/.local/lib/python3.12/site-packages/airflow/example_dags/example_sla_dag.py
[2024-05-24T05:53:56.841+0000] {processor.py:840} INFO - DAG(s) 'example_sla_dag' retrieved from /home/airflow/.local/lib/python3.12/site-packages/airflow/example_dags/example_sla_dag.py
[2024-05-24T05:53:56.849+0000] {logging_mixin.py:188} INFO - [2024-05-24T05:53:56.849+0000] {dag.py:3096} INFO - Sync 1 DAGs
[2024-05-24T05:53:56.858+0000] {logging_mixin.py:188} INFO - [2024-05-24T05:53:56.858+0000] {dag.py:3954} INFO - Setting next_dagrun for example_sla_dag to 2024-05-24 05:50:00+00:00, run_after=2024-05-24 05:52:00+00:00
[2024-05-24T05:53:56.864+0000] {processor.py:183} INFO - Processing /home/airflow/.local/lib/python3.12/site-packages/airflow/example_dags/example_sla_dag.py took 0.029 seconds
[2024-05-24T05:54:27.166+0000] {processor.py:161} INFO - Started process (PID=5022) to work on /home/airflow/.local/lib/python3.12/site-packages/airflow/example_dags/example_sla_dag.py
[2024-05-24T05:54:27.167+0000] {processor.py:830} INFO - Processing file /home/airflow/.local/lib/python3.12/site-packages/airflow/example_dags/example_sla_dag.py for tasks to queue
[2024-05-24T05:54:27.167+0000] {logging_mixin.py:188} INFO - [2024-05-24T05:54:27.167+0000] {dagbag.py:545} INFO - Filling up the DagBag from /home/airflow/.local/lib/python3.12/site-packages/airflow/example_dags/example_sla_dag.py
[2024-05-24T05:54:27.171+0000] {processor.py:840} INFO - DAG(s) 'example_sla_dag' retrieved from /home/airflow/.local/lib/python3.12/site-packages/airflow/example_dags/example_sla_dag.py
[2024-05-24T05:54:27.178+0000] {logging_mixin.py:188} INFO - [2024-05-24T05:54:27.178+0000] {dag.py:3096} INFO - Sync 1 DAGs
[2024-05-24T05:54:27.188+0000] {logging_mixin.py:188} INFO - [2024-05-24T05:54:27.187+0000] {dag.py:3954} INFO - Setting next_dagrun for example_sla_dag to 2024-05-24 05:52:00+00:00, run_after=2024-05-24 05:54:00+00:00
[2024-05-24T05:54:27.194+0000] {processor.py:183} INFO - Processing /home/airflow/.local/lib/python3.12/site-packages/airflow/example_dags/example_sla_dag.py took 0.030 seconds
[2024-05-24T05:54:57.472+0000] {processor.py:161} INFO - Started process (PID=5284) to work on /home/airflow/.local/lib/python3.12/site-packages/airflow/example_dags/example_sla_dag.py
[2024-05-24T05:54:57.473+0000] {processor.py:830} INFO - Processing file /home/airflow/.local/lib/python3.12/site-packages/airflow/example_dags/example_sla_dag.py for tasks to queue
[2024-05-24T05:54:57.474+0000] {logging_mixin.py:188} INFO - [2024-05-24T05:54:57.473+0000] {dagbag.py:545} INFO - Filling up the DagBag from /home/airflow/.local/lib/python3.12/site-packages/airflow/example_dags/example_sla_dag.py
[2024-05-24T05:54:57.477+0000] {processor.py:840} INFO - DAG(s) 'example_sla_dag' retrieved from /home/airflow/.local/lib/python3.12/site-packages/airflow/example_dags/example_sla_dag.py
[2024-05-24T05:54:57.484+0000] {logging_mixin.py:188} INFO - [2024-05-24T05:54:57.484+0000] {dag.py:3096} INFO - Sync 1 DAGs
[2024-05-24T05:54:57.493+0000] {logging_mixin.py:188} INFO - [2024-05-24T05:54:57.493+0000] {dag.py:3954} INFO - Setting next_dagrun for example_sla_dag to 2024-05-24 05:52:00+00:00, run_after=2024-05-24 05:54:00+00:00
[2024-05-24T05:54:57.499+0000] {processor.py:183} INFO - Processing /home/airflow/.local/lib/python3.12/site-packages/airflow/example_dags/example_sla_dag.py took 0.029 seconds
[2024-05-24T05:55:27.849+0000] {processor.py:161} INFO - Started process (PID=5546) to work on /home/airflow/.local/lib/python3.12/site-packages/airflow/example_dags/example_sla_dag.py
[2024-05-24T05:55:27.849+0000] {processor.py:830} INFO - Processing file /home/airflow/.local/lib/python3.12/site-packages/airflow/example_dags/example_sla_dag.py for tasks to queue
[2024-05-24T05:55:27.850+0000] {logging_mixin.py:188} INFO - [2024-05-24T05:55:27.850+0000] {dagbag.py:545} INFO - Filling up the DagBag from /home/airflow/.local/lib/python3.12/site-packages/airflow/example_dags/example_sla_dag.py
[2024-05-24T05:55:27.853+0000] {processor.py:840} INFO - DAG(s) 'example_sla_dag' retrieved from /home/airflow/.local/lib/python3.12/site-packages/airflow/example_dags/example_sla_dag.py
[2024-05-24T05:55:27.861+0000] {logging_mixin.py:188} INFO - [2024-05-24T05:55:27.861+0000] {dag.py:3096} INFO - Sync 1 DAGs
[2024-05-24T05:55:27.869+0000] {logging_mixin.py:188} INFO - [2024-05-24T05:55:27.869+0000] {dag.py:3954} INFO - Setting next_dagrun for example_sla_dag to 2024-05-24 05:52:00+00:00, run_after=2024-05-24 05:54:00+00:00
[2024-05-24T05:55:27.875+0000] {processor.py:183} INFO - Processing /home/airflow/.local/lib/python3.12/site-packages/airflow/example_dags/example_sla_dag.py took 0.028 seconds
[2024-05-24T05:55:58.193+0000] {processor.py:161} INFO - Started process (PID=5808) to work on /home/airflow/.local/lib/python3.12/site-packages/airflow/example_dags/example_sla_dag.py
[2024-05-24T05:55:58.194+0000] {processor.py:830} INFO - Processing file /home/airflow/.local/lib/python3.12/site-packages/airflow/example_dags/example_sla_dag.py for tasks to queue
[2024-05-24T05:55:58.194+0000] {logging_mixin.py:188} INFO - [2024-05-24T05:55:58.194+0000] {dagbag.py:545} INFO - Filling up the DagBag from /home/airflow/.local/lib/python3.12/site-packages/airflow/example_dags/example_sla_dag.py
[2024-05-24T05:55:58.198+0000] {processor.py:840} INFO - DAG(s) 'example_sla_dag' retrieved from /home/airflow/.local/lib/python3.12/site-packages/airflow/example_dags/example_sla_dag.py
[2024-05-24T05:55:58.205+0000] {logging_mixin.py:188} INFO - [2024-05-24T05:55:58.205+0000] {dag.py:3096} INFO - Sync 1 DAGs
[2024-05-24T05:55:58.213+0000] {logging_mixin.py:188} INFO - [2024-05-24T05:55:58.213+0000] {dag.py:3954} INFO - Setting next_dagrun for example_sla_dag to 2024-05-24 05:52:00+00:00, run_after=2024-05-24 05:54:00+00:00
[2024-05-24T05:55:58.219+0000] {processor.py:183} INFO - Processing /home/airflow/.local/lib/python3.12/site-packages/airflow/example_dags/example_sla_dag.py took 0.028 seconds
[2024-05-24T05:56:28.525+0000] {processor.py:161} INFO - Started process (PID=6070) to work on /home/airflow/.local/lib/python3.12/site-packages/airflow/example_dags/example_sla_dag.py
[2024-05-24T05:56:28.526+0000] {processor.py:830} INFO - Processing file /home/airflow/.local/lib/python3.12/site-packages/airflow/example_dags/example_sla_dag.py for tasks to queue
[2024-05-24T05:56:28.526+0000] {logging_mixin.py:188} INFO - [2024-05-24T05:56:28.526+0000] {dagbag.py:545} INFO - Filling up the DagBag from /home/airflow/.local/lib/python3.12/site-packages/airflow/example_dags/example_sla_dag.py
[2024-05-24T05:56:28.530+0000] {processor.py:840} INFO - DAG(s) 'example_sla_dag' retrieved from /home/airflow/.local/lib/python3.12/site-packages/airflow/example_dags/example_sla_dag.py
[2024-05-24T05:56:28.537+0000] {logging_mixin.py:188} INFO - [2024-05-24T05:56:28.537+0000] {dag.py:3096} INFO - Sync 1 DAGs
[2024-05-24T05:56:28.545+0000] {logging_mixin.py:188} INFO - [2024-05-24T05:56:28.545+0000] {dag.py:3954} INFO - Setting next_dagrun for example_sla_dag to 2024-05-24 05:54:00+00:00, run_after=2024-05-24 05:56:00+00:00
[2024-05-24T05:56:28.551+0000] {processor.py:183} INFO - Processing /home/airflow/.local/lib/python3.12/site-packages/airflow/example_dags/example_sla_dag.py took 0.028 seconds
[2024-05-24T05:56:58.843+0000] {processor.py:161} INFO - Started process (PID=6332) to work on /home/airflow/.local/lib/python3.12/site-packages/airflow/example_dags/example_sla_dag.py
[2024-05-24T05:56:58.843+0000] {processor.py:830} INFO - Processing file /home/airflow/.local/lib/python3.12/site-packages/airflow/example_dags/example_sla_dag.py for tasks to queue
[2024-05-24T05:56:58.844+0000] {logging_mixin.py:188} INFO - [2024-05-24T05:56:58.844+0000] {dagbag.py:545} INFO - Filling up the DagBag from /home/airflow/.local/lib/python3.12/site-packages/airflow/example_dags/example_sla_dag.py
[2024-05-24T05:56:58.847+0000] {processor.py:840} INFO - DAG(s) 'example_sla_dag' retrieved from /home/airflow/.local/lib/python3.12/site-packages/airflow/example_dags/example_sla_dag.py
[2024-05-24T05:56:58.854+0000] {logging_mixin.py:188} INFO - [2024-05-24T05:56:58.854+0000] {dag.py:3096} INFO - Sync 1 DAGs
[2024-05-24T05:56:58.862+0000] {logging_mixin.py:188} INFO - [2024-05-24T05:56:58.862+0000] {dag.py:3954} INFO - Setting next_dagrun for example_sla_dag to 2024-05-24 05:54:00+00:00, run_after=2024-05-24 05:56:00+00:00
[2024-05-24T05:56:58.868+0000] {processor.py:183} INFO - Processing /home/airflow/.local/lib/python3.12/site-packages/airflow/example_dags/example_sla_dag.py took 0.028 seconds
[2024-05-24T05:57:29.164+0000] {processor.py:161} INFO - Started process (PID=6594) to work on /home/airflow/.local/lib/python3.12/site-packages/airflow/example_dags/example_sla_dag.py
[2024-05-24T05:57:29.164+0000] {processor.py:830} INFO - Processing file /home/airflow/.local/lib/python3.12/site-packages/airflow/example_dags/example_sla_dag.py for tasks to queue
[2024-05-24T05:57:29.165+0000] {logging_mixin.py:188} INFO - [2024-05-24T05:57:29.165+0000] {dagbag.py:545} INFO - Filling up the DagBag from /home/airflow/.local/lib/python3.12/site-packages/airflow/example_dags/example_sla_dag.py
[2024-05-24T05:57:29.168+0000] {processor.py:840} INFO - DAG(s) 'example_sla_dag' retrieved from /home/airflow/.local/lib/python3.12/site-packages/airflow/example_dags/example_sla_dag.py
[2024-05-24T05:57:29.175+0000] {logging_mixin.py:188} INFO - [2024-05-24T05:57:29.175+0000] {dag.py:3096} INFO - Sync 1 DAGs
[2024-05-24T05:57:29.183+0000] {logging_mixin.py:188} INFO - [2024-05-24T05:57:29.183+0000] {dag.py:3954} INFO - Setting next_dagrun for example_sla_dag to 2024-05-24 05:54:00+00:00, run_after=2024-05-24 05:56:00+00:00
[2024-05-24T05:57:29.190+0000] {processor.py:183} INFO - Processing /home/airflow/.local/lib/python3.12/site-packages/airflow/example_dags/example_sla_dag.py took 0.028 seconds
[2024-05-24T05:57:59.522+0000] {processor.py:161} INFO - Started process (PID=6856) to work on /home/airflow/.local/lib/python3.12/site-packages/airflow/example_dags/example_sla_dag.py
[2024-05-24T05:57:59.522+0000] {processor.py:830} INFO - Processing file /home/airflow/.local/lib/python3.12/site-packages/airflow/example_dags/example_sla_dag.py for tasks to queue
[2024-05-24T05:57:59.523+0000] {logging_mixin.py:188} INFO - [2024-05-24T05:57:59.523+0000] {dagbag.py:545} INFO - Filling up the DagBag from /home/airflow/.local/lib/python3.12/site-packages/airflow/example_dags/example_sla_dag.py
[2024-05-24T05:57:59.527+0000] {processor.py:840} INFO - DAG(s) 'example_sla_dag' retrieved from /home/airflow/.local/lib/python3.12/site-packages/airflow/example_dags/example_sla_dag.py
[2024-05-24T05:57:59.534+0000] {logging_mixin.py:188} INFO - [2024-05-24T05:57:59.534+0000] {dag.py:3096} INFO - Sync 1 DAGs
[2024-05-24T05:57:59.542+0000] {logging_mixin.py:188} INFO - [2024-05-24T05:57:59.542+0000] {dag.py:3954} INFO - Setting next_dagrun for example_sla_dag to 2024-05-24 05:54:00+00:00, run_after=2024-05-24 05:56:00+00:00
[2024-05-24T05:57:59.549+0000] {processor.py:183} INFO - Processing /home/airflow/.local/lib/python3.12/site-packages/airflow/example_dags/example_sla_dag.py took 0.029 seconds
[2024-05-24T05:58:29.849+0000] {processor.py:161} INFO - Started process (PID=7118) to work on /home/airflow/.local/lib/python3.12/site-packages/airflow/example_dags/example_sla_dag.py
[2024-05-24T05:58:29.849+0000] {processor.py:830} INFO - Processing file /home/airflow/.local/lib/python3.12/site-packages/airflow/example_dags/example_sla_dag.py for tasks to queue
[2024-05-24T05:58:29.850+0000] {logging_mixin.py:188} INFO - [2024-05-24T05:58:29.850+0000] {dagbag.py:545} INFO - Filling up the DagBag from /home/airflow/.local/lib/python3.12/site-packages/airflow/example_dags/example_sla_dag.py
[2024-05-24T05:58:29.853+0000] {processor.py:840} INFO - DAG(s) 'example_sla_dag' retrieved from /home/airflow/.local/lib/python3.12/site-packages/airflow/example_dags/example_sla_dag.py
[2024-05-24T05:58:29.860+0000] {logging_mixin.py:188} INFO - [2024-05-24T05:58:29.860+0000] {dag.py:3096} INFO - Sync 1 DAGs
[2024-05-24T05:58:29.868+0000] {logging_mixin.py:188} INFO - [2024-05-24T05:58:29.868+0000] {dag.py:3954} INFO - Setting next_dagrun for example_sla_dag to 2024-05-24 05:56:00+00:00, run_after=2024-05-24 05:58:00+00:00
[2024-05-24T05:58:29.874+0000] {processor.py:183} INFO - Processing /home/airflow/.local/lib/python3.12/site-packages/airflow/example_dags/example_sla_dag.py took 0.027 seconds
[2024-05-24T06:13:53.226+0000] {processor.py:161} INFO - Started process (PID=7380) to work on /home/airflow/.local/lib/python3.12/site-packages/airflow/example_dags/example_sla_dag.py
[2024-05-24T06:13:53.226+0000] {processor.py:830} INFO - Processing file /home/airflow/.local/lib/python3.12/site-packages/airflow/example_dags/example_sla_dag.py for tasks to queue
[2024-05-24T06:13:53.227+0000] {logging_mixin.py:188} INFO - [2024-05-24T06:13:53.226+0000] {dagbag.py:545} INFO - Filling up the DagBag from /home/airflow/.local/lib/python3.12/site-packages/airflow/example_dags/example_sla_dag.py
[2024-05-24T06:13:53.230+0000] {processor.py:840} INFO - DAG(s) 'example_sla_dag' retrieved from /home/airflow/.local/lib/python3.12/site-packages/airflow/example_dags/example_sla_dag.py
[2024-05-24T06:13:53.237+0000] {logging_mixin.py:188} INFO - [2024-05-24T06:13:53.237+0000] {dag.py:3096} INFO - Sync 1 DAGs
[2024-05-24T06:13:53.246+0000] {logging_mixin.py:188} INFO - [2024-05-24T06:13:53.246+0000] {dag.py:3954} INFO - Setting next_dagrun for example_sla_dag to 2024-05-24 06:10:00+00:00, run_after=2024-05-24 06:12:00+00:00
[2024-05-24T06:13:53.252+0000] {processor.py:183} INFO - Processing /home/airflow/.local/lib/python3.12/site-packages/airflow/example_dags/example_sla_dag.py took 0.028 seconds
[2024-05-24T06:26:10.121+0000] {processor.py:161} INFO - Started process (PID=7641) to work on /home/airflow/.local/lib/python3.12/site-packages/airflow/example_dags/example_sla_dag.py
[2024-05-24T06:26:10.122+0000] {processor.py:830} INFO - Processing file /home/airflow/.local/lib/python3.12/site-packages/airflow/example_dags/example_sla_dag.py for tasks to queue
[2024-05-24T06:26:10.123+0000] {logging_mixin.py:188} INFO - [2024-05-24T06:26:10.122+0000] {dagbag.py:545} INFO - Filling up the DagBag from /home/airflow/.local/lib/python3.12/site-packages/airflow/example_dags/example_sla_dag.py
[2024-05-24T06:26:10.126+0000] {processor.py:840} INFO - DAG(s) 'example_sla_dag' retrieved from /home/airflow/.local/lib/python3.12/site-packages/airflow/example_dags/example_sla_dag.py
[2024-05-24T06:26:10.134+0000] {logging_mixin.py:188} INFO - [2024-05-24T06:26:10.133+0000] {dag.py:3096} INFO - Sync 1 DAGs
[2024-05-24T06:26:10.142+0000] {logging_mixin.py:188} INFO - [2024-05-24T06:26:10.142+0000] {dag.py:3954} INFO - Setting next_dagrun for example_sla_dag to 2024-05-24 06:24:00+00:00, run_after=2024-05-24 06:26:00+00:00
[2024-05-24T06:26:10.148+0000] {processor.py:183} INFO - Processing /home/airflow/.local/lib/python3.12/site-packages/airflow/example_dags/example_sla_dag.py took 0.030 seconds
[2024-05-24T06:26:40.547+0000] {processor.py:161} INFO - Started process (PID=7902) to work on /home/airflow/.local/lib/python3.12/site-packages/airflow/example_dags/example_sla_dag.py
[2024-05-24T06:26:40.548+0000] {processor.py:830} INFO - Processing file /home/airflow/.local/lib/python3.12/site-packages/airflow/example_dags/example_sla_dag.py for tasks to queue
[2024-05-24T06:26:40.548+0000] {logging_mixin.py:188} INFO - [2024-05-24T06:26:40.548+0000] {dagbag.py:545} INFO - Filling up the DagBag from /home/airflow/.local/lib/python3.12/site-packages/airflow/example_dags/example_sla_dag.py
[2024-05-24T06:26:40.551+0000] {processor.py:840} INFO - DAG(s) 'example_sla_dag' retrieved from /home/airflow/.local/lib/python3.12/site-packages/airflow/example_dags/example_sla_dag.py
[2024-05-24T06:26:40.558+0000] {logging_mixin.py:188} INFO - [2024-05-24T06:26:40.558+0000] {dag.py:3096} INFO - Sync 1 DAGs
[2024-05-24T06:26:40.567+0000] {logging_mixin.py:188} INFO - [2024-05-24T06:26:40.567+0000] {dag.py:3954} INFO - Setting next_dagrun for example_sla_dag to 2024-05-24 06:24:00+00:00, run_after=2024-05-24 06:26:00+00:00
[2024-05-24T06:26:40.573+0000] {processor.py:183} INFO - Processing /home/airflow/.local/lib/python3.12/site-packages/airflow/example_dags/example_sla_dag.py took 0.028 seconds
[2024-05-24T06:27:10.953+0000] {processor.py:161} INFO - Started process (PID=8164) to work on /home/airflow/.local/lib/python3.12/site-packages/airflow/example_dags/example_sla_dag.py
[2024-05-24T06:27:10.954+0000] {processor.py:830} INFO - Processing file /home/airflow/.local/lib/python3.12/site-packages/airflow/example_dags/example_sla_dag.py for tasks to queue
[2024-05-24T06:27:10.954+0000] {logging_mixin.py:188} INFO - [2024-05-24T06:27:10.954+0000] {dagbag.py:545} INFO - Filling up the DagBag from /home/airflow/.local/lib/python3.12/site-packages/airflow/example_dags/example_sla_dag.py
[2024-05-24T06:27:10.957+0000] {processor.py:840} INFO - DAG(s) 'example_sla_dag' retrieved from /home/airflow/.local/lib/python3.12/site-packages/airflow/example_dags/example_sla_dag.py
[2024-05-24T06:27:10.964+0000] {logging_mixin.py:188} INFO - [2024-05-24T06:27:10.964+0000] {dag.py:3096} INFO - Sync 1 DAGs
[2024-05-24T06:27:10.972+0000] {logging_mixin.py:188} INFO - [2024-05-24T06:27:10.972+0000] {dag.py:3954} INFO - Setting next_dagrun for example_sla_dag to 2024-05-24 06:24:00+00:00, run_after=2024-05-24 06:26:00+00:00
[2024-05-24T06:27:10.978+0000] {processor.py:183} INFO - Processing /home/airflow/.local/lib/python3.12/site-packages/airflow/example_dags/example_sla_dag.py took 0.027 seconds
[2024-05-24T06:28:26.109+0000] {processor.py:161} INFO - Started process (PID=8428) to work on /home/airflow/.local/lib/python3.12/site-packages/airflow/example_dags/example_sla_dag.py
[2024-05-24T06:28:26.109+0000] {processor.py:830} INFO - Processing file /home/airflow/.local/lib/python3.12/site-packages/airflow/example_dags/example_sla_dag.py for tasks to queue
[2024-05-24T06:28:26.110+0000] {logging_mixin.py:188} INFO - [2024-05-24T06:28:26.110+0000] {dagbag.py:545} INFO - Filling up the DagBag from /home/airflow/.local/lib/python3.12/site-packages/airflow/example_dags/example_sla_dag.py
[2024-05-24T06:28:26.114+0000] {processor.py:840} INFO - DAG(s) 'example_sla_dag' retrieved from /home/airflow/.local/lib/python3.12/site-packages/airflow/example_dags/example_sla_dag.py
[2024-05-24T06:28:26.122+0000] {logging_mixin.py:188} INFO - [2024-05-24T06:28:26.121+0000] {dag.py:3096} INFO - Sync 1 DAGs
[2024-05-24T06:28:26.131+0000] {logging_mixin.py:188} INFO - [2024-05-24T06:28:26.131+0000] {dag.py:3954} INFO - Setting next_dagrun for example_sla_dag to 2024-05-24 06:26:00+00:00, run_after=2024-05-24 06:28:00+00:00
[2024-05-24T06:28:26.137+0000] {processor.py:183} INFO - Processing /home/airflow/.local/lib/python3.12/site-packages/airflow/example_dags/example_sla_dag.py took 0.031 seconds
[2024-05-24T06:28:56.481+0000] {processor.py:161} INFO - Started process (PID=8688) to work on /home/airflow/.local/lib/python3.12/site-packages/airflow/example_dags/example_sla_dag.py
[2024-05-24T06:28:56.482+0000] {processor.py:830} INFO - Processing file /home/airflow/.local/lib/python3.12/site-packages/airflow/example_dags/example_sla_dag.py for tasks to queue
[2024-05-24T06:28:56.483+0000] {logging_mixin.py:188} INFO - [2024-05-24T06:28:56.483+0000] {dagbag.py:545} INFO - Filling up the DagBag from /home/airflow/.local/lib/python3.12/site-packages/airflow/example_dags/example_sla_dag.py
[2024-05-24T06:28:56.486+0000] {processor.py:840} INFO - DAG(s) 'example_sla_dag' retrieved from /home/airflow/.local/lib/python3.12/site-packages/airflow/example_dags/example_sla_dag.py
[2024-05-24T06:28:56.494+0000] {logging_mixin.py:188} INFO - [2024-05-24T06:28:56.494+0000] {dag.py:3096} INFO - Sync 1 DAGs
[2024-05-24T06:28:56.503+0000] {logging_mixin.py:188} INFO - [2024-05-24T06:28:56.503+0000] {dag.py:3954} INFO - Setting next_dagrun for example_sla_dag to 2024-05-24 06:26:00+00:00, run_after=2024-05-24 06:28:00+00:00
[2024-05-24T06:28:56.510+0000] {processor.py:183} INFO - Processing /home/airflow/.local/lib/python3.12/site-packages/airflow/example_dags/example_sla_dag.py took 0.031 seconds
[2024-05-24T06:29:26.975+0000] {processor.py:161} INFO - Started process (PID=8950) to work on /home/airflow/.local/lib/python3.12/site-packages/airflow/example_dags/example_sla_dag.py
[2024-05-24T06:29:26.976+0000] {processor.py:830} INFO - Processing file /home/airflow/.local/lib/python3.12/site-packages/airflow/example_dags/example_sla_dag.py for tasks to queue
[2024-05-24T06:29:26.976+0000] {logging_mixin.py:188} INFO - [2024-05-24T06:29:26.976+0000] {dagbag.py:545} INFO - Filling up the DagBag from /home/airflow/.local/lib/python3.12/site-packages/airflow/example_dags/example_sla_dag.py
[2024-05-24T06:29:26.980+0000] {processor.py:840} INFO - DAG(s) 'example_sla_dag' retrieved from /home/airflow/.local/lib/python3.12/site-packages/airflow/example_dags/example_sla_dag.py
[2024-05-24T06:29:26.987+0000] {logging_mixin.py:188} INFO - [2024-05-24T06:29:26.987+0000] {dag.py:3096} INFO - Sync 1 DAGs
[2024-05-24T06:29:26.997+0000] {logging_mixin.py:188} INFO - [2024-05-24T06:29:26.997+0000] {dag.py:3954} INFO - Setting next_dagrun for example_sla_dag to 2024-05-24 06:26:00+00:00, run_after=2024-05-24 06:28:00+00:00
[2024-05-24T06:29:27.004+0000] {processor.py:183} INFO - Processing /home/airflow/.local/lib/python3.12/site-packages/airflow/example_dags/example_sla_dag.py took 0.031 seconds
[2024-05-24T06:29:57.352+0000] {processor.py:161} INFO - Started process (PID=9212) to work on /home/airflow/.local/lib/python3.12/site-packages/airflow/example_dags/example_sla_dag.py
[2024-05-24T06:29:57.352+0000] {processor.py:830} INFO - Processing file /home/airflow/.local/lib/python3.12/site-packages/airflow/example_dags/example_sla_dag.py for tasks to queue
[2024-05-24T06:29:57.353+0000] {logging_mixin.py:188} INFO - [2024-05-24T06:29:57.353+0000] {dagbag.py:545} INFO - Filling up the DagBag from /home/airflow/.local/lib/python3.12/site-packages/airflow/example_dags/example_sla_dag.py
[2024-05-24T06:29:57.356+0000] {processor.py:840} INFO - DAG(s) 'example_sla_dag' retrieved from /home/airflow/.local/lib/python3.12/site-packages/airflow/example_dags/example_sla_dag.py
[2024-05-24T06:29:57.364+0000] {logging_mixin.py:188} INFO - [2024-05-24T06:29:57.364+0000] {dag.py:3096} INFO - Sync 1 DAGs
[2024-05-24T06:29:57.372+0000] {logging_mixin.py:188} INFO - [2024-05-24T06:29:57.372+0000] {dag.py:3954} INFO - Setting next_dagrun for example_sla_dag to 2024-05-24 06:26:00+00:00, run_after=2024-05-24 06:28:00+00:00
[2024-05-24T06:29:57.378+0000] {processor.py:183} INFO - Processing /home/airflow/.local/lib/python3.12/site-packages/airflow/example_dags/example_sla_dag.py took 0.029 seconds
[2024-05-24T06:32:50.970+0000] {processor.py:161} INFO - Started process (PID=9474) to work on /home/airflow/.local/lib/python3.12/site-packages/airflow/example_dags/example_sla_dag.py
[2024-05-24T06:32:50.971+0000] {processor.py:830} INFO - Processing file /home/airflow/.local/lib/python3.12/site-packages/airflow/example_dags/example_sla_dag.py for tasks to queue
[2024-05-24T06:32:50.971+0000] {logging_mixin.py:188} INFO - [2024-05-24T06:32:50.971+0000] {dagbag.py:545} INFO - Filling up the DagBag from /home/airflow/.local/lib/python3.12/site-packages/airflow/example_dags/example_sla_dag.py
[2024-05-24T06:32:50.975+0000] {processor.py:840} INFO - DAG(s) 'example_sla_dag' retrieved from /home/airflow/.local/lib/python3.12/site-packages/airflow/example_dags/example_sla_dag.py
[2024-05-24T06:32:50.983+0000] {logging_mixin.py:188} INFO - [2024-05-24T06:32:50.983+0000] {dag.py:3096} INFO - Sync 1 DAGs
[2024-05-24T06:32:50.991+0000] {logging_mixin.py:188} INFO - [2024-05-24T06:32:50.991+0000] {dag.py:3954} INFO - Setting next_dagrun for example_sla_dag to 2024-05-24 06:30:00+00:00, run_after=2024-05-24 06:32:00+00:00
[2024-05-24T06:32:50.997+0000] {processor.py:183} INFO - Processing /home/airflow/.local/lib/python3.12/site-packages/airflow/example_dags/example_sla_dag.py took 0.029 seconds
[2024-05-24T06:34:34.093+0000] {processor.py:161} INFO - Started process (PID=9736) to work on /home/airflow/.local/lib/python3.12/site-packages/airflow/example_dags/example_sla_dag.py
[2024-05-24T06:34:34.094+0000] {processor.py:830} INFO - Processing file /home/airflow/.local/lib/python3.12/site-packages/airflow/example_dags/example_sla_dag.py for tasks to queue
[2024-05-24T06:34:34.094+0000] {logging_mixin.py:188} INFO - [2024-05-24T06:34:34.094+0000] {dagbag.py:545} INFO - Filling up the DagBag from /home/airflow/.local/lib/python3.12/site-packages/airflow/example_dags/example_sla_dag.py
[2024-05-24T06:34:34.098+0000] {processor.py:840} INFO - DAG(s) 'example_sla_dag' retrieved from /home/airflow/.local/lib/python3.12/site-packages/airflow/example_dags/example_sla_dag.py
[2024-05-24T06:34:34.105+0000] {logging_mixin.py:188} INFO - [2024-05-24T06:34:34.105+0000] {dag.py:3096} INFO - Sync 1 DAGs
[2024-05-24T06:34:34.115+0000] {logging_mixin.py:188} INFO - [2024-05-24T06:34:34.115+0000] {dag.py:3954} INFO - Setting next_dagrun for example_sla_dag to 2024-05-24 06:32:00+00:00, run_after=2024-05-24 06:34:00+00:00
[2024-05-24T06:34:34.121+0000] {processor.py:183} INFO - Processing /home/airflow/.local/lib/python3.12/site-packages/airflow/example_dags/example_sla_dag.py took 0.031 seconds
[2024-05-24T06:35:04.661+0000] {processor.py:161} INFO - Started process (PID=9998) to work on /home/airflow/.local/lib/python3.12/site-packages/airflow/example_dags/example_sla_dag.py
[2024-05-24T06:35:04.661+0000] {processor.py:830} INFO - Processing file /home/airflow/.local/lib/python3.12/site-packages/airflow/example_dags/example_sla_dag.py for tasks to queue
[2024-05-24T06:35:04.662+0000] {logging_mixin.py:188} INFO - [2024-05-24T06:35:04.662+0000] {dagbag.py:545} INFO - Filling up the DagBag from /home/airflow/.local/lib/python3.12/site-packages/airflow/example_dags/example_sla_dag.py
[2024-05-24T06:35:04.665+0000] {processor.py:840} INFO - DAG(s) 'example_sla_dag' retrieved from /home/airflow/.local/lib/python3.12/site-packages/airflow/example_dags/example_sla_dag.py
[2024-05-24T06:35:04.673+0000] {logging_mixin.py:188} INFO - [2024-05-24T06:35:04.673+0000] {dag.py:3096} INFO - Sync 1 DAGs
[2024-05-24T06:35:04.681+0000] {logging_mixin.py:188} INFO - [2024-05-24T06:35:04.681+0000] {dag.py:3954} INFO - Setting next_dagrun for example_sla_dag to 2024-05-24 06:32:00+00:00, run_after=2024-05-24 06:34:00+00:00
[2024-05-24T06:35:04.687+0000] {processor.py:183} INFO - Processing /home/airflow/.local/lib/python3.12/site-packages/airflow/example_dags/example_sla_dag.py took 0.028 seconds
[2024-05-24T06:50:34.436+0000] {processor.py:161} INFO - Started process (PID=10260) to work on /home/airflow/.local/lib/python3.12/site-packages/airflow/example_dags/example_sla_dag.py
[2024-05-24T06:50:34.436+0000] {processor.py:830} INFO - Processing file /home/airflow/.local/lib/python3.12/site-packages/airflow/example_dags/example_sla_dag.py for tasks to queue
[2024-05-24T06:50:34.437+0000] {logging_mixin.py:188} INFO - [2024-05-24T06:50:34.437+0000] {dagbag.py:545} INFO - Filling up the DagBag from /home/airflow/.local/lib/python3.12/site-packages/airflow/example_dags/example_sla_dag.py
[2024-05-24T06:50:34.440+0000] {processor.py:840} INFO - DAG(s) 'example_sla_dag' retrieved from /home/airflow/.local/lib/python3.12/site-packages/airflow/example_dags/example_sla_dag.py
[2024-05-24T06:50:34.447+0000] {logging_mixin.py:188} INFO - [2024-05-24T06:50:34.447+0000] {dag.py:3096} INFO - Sync 1 DAGs
[2024-05-24T06:50:34.456+0000] {logging_mixin.py:188} INFO - [2024-05-24T06:50:34.456+0000] {dag.py:3954} INFO - Setting next_dagrun for example_sla_dag to 2024-05-24 06:48:00+00:00, run_after=2024-05-24 06:50:00+00:00
[2024-05-24T06:50:34.462+0000] {processor.py:183} INFO - Processing /home/airflow/.local/lib/python3.12/site-packages/airflow/example_dags/example_sla_dag.py took 0.028 seconds
[2024-05-24T07:06:11.047+0000] {processor.py:161} INFO - Started process (PID=10524) to work on /home/airflow/.local/lib/python3.12/site-packages/airflow/example_dags/example_sla_dag.py
[2024-05-24T07:06:11.048+0000] {processor.py:830} INFO - Processing file /home/airflow/.local/lib/python3.12/site-packages/airflow/example_dags/example_sla_dag.py for tasks to queue
[2024-05-24T07:06:11.048+0000] {logging_mixin.py:188} INFO - [2024-05-24T07:06:11.048+0000] {dagbag.py:545} INFO - Filling up the DagBag from /home/airflow/.local/lib/python3.12/site-packages/airflow/example_dags/example_sla_dag.py
[2024-05-24T07:06:11.052+0000] {processor.py:840} INFO - DAG(s) 'example_sla_dag' retrieved from /home/airflow/.local/lib/python3.12/site-packages/airflow/example_dags/example_sla_dag.py
[2024-05-24T07:06:11.059+0000] {logging_mixin.py:188} INFO - [2024-05-24T07:06:11.059+0000] {dag.py:3096} INFO - Sync 1 DAGs
[2024-05-24T07:06:11.067+0000] {logging_mixin.py:188} INFO - [2024-05-24T07:06:11.067+0000] {dag.py:3954} INFO - Setting next_dagrun for example_sla_dag to 2024-05-24 07:04:00+00:00, run_after=2024-05-24 07:06:00+00:00
[2024-05-24T07:06:11.073+0000] {processor.py:183} INFO - Processing /home/airflow/.local/lib/python3.12/site-packages/airflow/example_dags/example_sla_dag.py took 0.028 seconds
[2024-05-24T07:30:09.285+0000] {processor.py:161} INFO - Started process (PID=10784) to work on /home/airflow/.local/lib/python3.12/site-packages/airflow/example_dags/example_sla_dag.py
[2024-05-24T07:30:09.285+0000] {processor.py:830} INFO - Processing file /home/airflow/.local/lib/python3.12/site-packages/airflow/example_dags/example_sla_dag.py for tasks to queue
[2024-05-24T07:30:09.286+0000] {logging_mixin.py:188} INFO - [2024-05-24T07:30:09.286+0000] {dagbag.py:545} INFO - Filling up the DagBag from /home/airflow/.local/lib/python3.12/site-packages/airflow/example_dags/example_sla_dag.py
[2024-05-24T07:30:09.290+0000] {processor.py:840} INFO - DAG(s) 'example_sla_dag' retrieved from /home/airflow/.local/lib/python3.12/site-packages/airflow/example_dags/example_sla_dag.py
[2024-05-24T07:30:09.298+0000] {logging_mixin.py:188} INFO - [2024-05-24T07:30:09.298+0000] {dag.py:3096} INFO - Sync 1 DAGs
[2024-05-24T07:30:09.307+0000] {logging_mixin.py:188} INFO - [2024-05-24T07:30:09.307+0000] {dag.py:3954} INFO - Setting next_dagrun for example_sla_dag to 2024-05-24 07:28:00+00:00, run_after=2024-05-24 07:30:00+00:00
[2024-05-24T07:30:09.313+0000] {processor.py:183} INFO - Processing /home/airflow/.local/lib/python3.12/site-packages/airflow/example_dags/example_sla_dag.py took 0.031 seconds
[2024-05-24T07:30:40.287+0000] {processor.py:161} INFO - Started process (PID=11046) to work on /home/airflow/.local/lib/python3.12/site-packages/airflow/example_dags/example_sla_dag.py
[2024-05-24T07:30:40.287+0000] {processor.py:830} INFO - Processing file /home/airflow/.local/lib/python3.12/site-packages/airflow/example_dags/example_sla_dag.py for tasks to queue
[2024-05-24T07:30:40.288+0000] {logging_mixin.py:188} INFO - [2024-05-24T07:30:40.287+0000] {dagbag.py:545} INFO - Filling up the DagBag from /home/airflow/.local/lib/python3.12/site-packages/airflow/example_dags/example_sla_dag.py
[2024-05-24T07:30:40.291+0000] {processor.py:840} INFO - DAG(s) 'example_sla_dag' retrieved from /home/airflow/.local/lib/python3.12/site-packages/airflow/example_dags/example_sla_dag.py
[2024-05-24T07:30:40.363+0000] {logging_mixin.py:188} INFO - [2024-05-24T07:30:40.363+0000] {dag.py:3096} INFO - Sync 1 DAGs
[2024-05-24T07:30:40.370+0000] {logging_mixin.py:188} INFO - [2024-05-24T07:30:40.370+0000] {dag.py:3954} INFO - Setting next_dagrun for example_sla_dag to 2024-05-24 07:28:00+00:00, run_after=2024-05-24 07:30:00+00:00
[2024-05-24T07:30:40.376+0000] {processor.py:183} INFO - Processing /home/airflow/.local/lib/python3.12/site-packages/airflow/example_dags/example_sla_dag.py took 0.092 seconds
[2024-05-24T07:31:11.351+0000] {processor.py:161} INFO - Started process (PID=11308) to work on /home/airflow/.local/lib/python3.12/site-packages/airflow/example_dags/example_sla_dag.py
[2024-05-24T07:31:11.352+0000] {processor.py:830} INFO - Processing file /home/airflow/.local/lib/python3.12/site-packages/airflow/example_dags/example_sla_dag.py for tasks to queue
[2024-05-24T07:31:11.354+0000] {logging_mixin.py:188} INFO - [2024-05-24T07:31:11.353+0000] {dagbag.py:545} INFO - Filling up the DagBag from /home/airflow/.local/lib/python3.12/site-packages/airflow/example_dags/example_sla_dag.py
[2024-05-24T07:31:11.361+0000] {processor.py:840} INFO - DAG(s) 'example_sla_dag' retrieved from /home/airflow/.local/lib/python3.12/site-packages/airflow/example_dags/example_sla_dag.py
[2024-05-24T07:31:11.374+0000] {logging_mixin.py:188} INFO - [2024-05-24T07:31:11.373+0000] {dag.py:3096} INFO - Sync 1 DAGs
[2024-05-24T07:31:11.386+0000] {logging_mixin.py:188} INFO - [2024-05-24T07:31:11.386+0000] {dag.py:3954} INFO - Setting next_dagrun for example_sla_dag to 2024-05-24 07:28:00+00:00, run_after=2024-05-24 07:30:00+00:00
[2024-05-24T07:31:11.394+0000] {processor.py:183} INFO - Processing /home/airflow/.local/lib/python3.12/site-packages/airflow/example_dags/example_sla_dag.py took 0.050 seconds
[2024-05-24T07:31:41.754+0000] {processor.py:161} INFO - Started process (PID=11570) to work on /home/airflow/.local/lib/python3.12/site-packages/airflow/example_dags/example_sla_dag.py
[2024-05-24T07:31:41.755+0000] {processor.py:830} INFO - Processing file /home/airflow/.local/lib/python3.12/site-packages/airflow/example_dags/example_sla_dag.py for tasks to queue
[2024-05-24T07:31:41.756+0000] {logging_mixin.py:188} INFO - [2024-05-24T07:31:41.756+0000] {dagbag.py:545} INFO - Filling up the DagBag from /home/airflow/.local/lib/python3.12/site-packages/airflow/example_dags/example_sla_dag.py
[2024-05-24T07:31:41.762+0000] {processor.py:840} INFO - DAG(s) 'example_sla_dag' retrieved from /home/airflow/.local/lib/python3.12/site-packages/airflow/example_dags/example_sla_dag.py
[2024-05-24T07:31:41.773+0000] {logging_mixin.py:188} INFO - [2024-05-24T07:31:41.773+0000] {dag.py:3096} INFO - Sync 1 DAGs
[2024-05-24T07:31:41.785+0000] {logging_mixin.py:188} INFO - [2024-05-24T07:31:41.785+0000] {dag.py:3954} INFO - Setting next_dagrun for example_sla_dag to 2024-05-24 07:28:00+00:00, run_after=2024-05-24 07:30:00+00:00
[2024-05-24T07:31:41.792+0000] {processor.py:183} INFO - Processing /home/airflow/.local/lib/python3.12/site-packages/airflow/example_dags/example_sla_dag.py took 0.044 seconds
[2024-05-24T07:32:12.115+0000] {processor.py:161} INFO - Started process (PID=11832) to work on /home/airflow/.local/lib/python3.12/site-packages/airflow/example_dags/example_sla_dag.py
[2024-05-24T07:32:12.116+0000] {processor.py:830} INFO - Processing file /home/airflow/.local/lib/python3.12/site-packages/airflow/example_dags/example_sla_dag.py for tasks to queue
[2024-05-24T07:32:12.117+0000] {logging_mixin.py:188} INFO - [2024-05-24T07:32:12.117+0000] {dagbag.py:545} INFO - Filling up the DagBag from /home/airflow/.local/lib/python3.12/site-packages/airflow/example_dags/example_sla_dag.py
[2024-05-24T07:32:12.124+0000] {processor.py:840} INFO - DAG(s) 'example_sla_dag' retrieved from /home/airflow/.local/lib/python3.12/site-packages/airflow/example_dags/example_sla_dag.py
[2024-05-24T07:32:12.135+0000] {logging_mixin.py:188} INFO - [2024-05-24T07:32:12.135+0000] {dag.py:3096} INFO - Sync 1 DAGs
[2024-05-24T07:32:12.148+0000] {logging_mixin.py:188} INFO - [2024-05-24T07:32:12.147+0000] {dag.py:3954} INFO - Setting next_dagrun for example_sla_dag to 2024-05-24 07:30:00+00:00, run_after=2024-05-24 07:32:00+00:00
[2024-05-24T07:32:12.156+0000] {processor.py:183} INFO - Processing /home/airflow/.local/lib/python3.12/site-packages/airflow/example_dags/example_sla_dag.py took 0.047 seconds
[2024-05-24T07:32:58.942+0000] {processor.py:161} INFO - Started process (PID=12094) to work on /home/airflow/.local/lib/python3.12/site-packages/airflow/example_dags/example_sla_dag.py
[2024-05-24T07:32:58.942+0000] {processor.py:830} INFO - Processing file /home/airflow/.local/lib/python3.12/site-packages/airflow/example_dags/example_sla_dag.py for tasks to queue
[2024-05-24T07:32:58.943+0000] {logging_mixin.py:188} INFO - [2024-05-24T07:32:58.943+0000] {dagbag.py:545} INFO - Filling up the DagBag from /home/airflow/.local/lib/python3.12/site-packages/airflow/example_dags/example_sla_dag.py
[2024-05-24T07:32:58.947+0000] {processor.py:840} INFO - DAG(s) 'example_sla_dag' retrieved from /home/airflow/.local/lib/python3.12/site-packages/airflow/example_dags/example_sla_dag.py
[2024-05-24T07:32:58.955+0000] {logging_mixin.py:188} INFO - [2024-05-24T07:32:58.954+0000] {dag.py:3096} INFO - Sync 1 DAGs
[2024-05-24T07:32:58.964+0000] {logging_mixin.py:188} INFO - [2024-05-24T07:32:58.963+0000] {dag.py:3954} INFO - Setting next_dagrun for example_sla_dag to 2024-05-24 07:30:00+00:00, run_after=2024-05-24 07:32:00+00:00
[2024-05-24T07:32:58.970+0000] {processor.py:183} INFO - Processing /home/airflow/.local/lib/python3.12/site-packages/airflow/example_dags/example_sla_dag.py took 0.031 seconds
[2024-05-24T07:33:29.308+0000] {processor.py:161} INFO - Started process (PID=12356) to work on /home/airflow/.local/lib/python3.12/site-packages/airflow/example_dags/example_sla_dag.py
[2024-05-24T07:33:29.308+0000] {processor.py:830} INFO - Processing file /home/airflow/.local/lib/python3.12/site-packages/airflow/example_dags/example_sla_dag.py for tasks to queue
[2024-05-24T07:33:29.309+0000] {logging_mixin.py:188} INFO - [2024-05-24T07:33:29.309+0000] {dagbag.py:545} INFO - Filling up the DagBag from /home/airflow/.local/lib/python3.12/site-packages/airflow/example_dags/example_sla_dag.py
[2024-05-24T07:33:29.312+0000] {processor.py:840} INFO - DAG(s) 'example_sla_dag' retrieved from /home/airflow/.local/lib/python3.12/site-packages/airflow/example_dags/example_sla_dag.py
[2024-05-24T07:33:29.320+0000] {logging_mixin.py:188} INFO - [2024-05-24T07:33:29.320+0000] {dag.py:3096} INFO - Sync 1 DAGs
[2024-05-24T07:33:29.329+0000] {logging_mixin.py:188} INFO - [2024-05-24T07:33:29.329+0000] {dag.py:3954} INFO - Setting next_dagrun for example_sla_dag to 2024-05-24 07:30:00+00:00, run_after=2024-05-24 07:32:00+00:00
[2024-05-24T07:33:29.336+0000] {processor.py:183} INFO - Processing /home/airflow/.local/lib/python3.12/site-packages/airflow/example_dags/example_sla_dag.py took 0.031 seconds
[2024-05-24T07:33:59.639+0000] {processor.py:161} INFO - Started process (PID=12618) to work on /home/airflow/.local/lib/python3.12/site-packages/airflow/example_dags/example_sla_dag.py
[2024-05-24T07:33:59.640+0000] {processor.py:830} INFO - Processing file /home/airflow/.local/lib/python3.12/site-packages/airflow/example_dags/example_sla_dag.py for tasks to queue
[2024-05-24T07:33:59.640+0000] {logging_mixin.py:188} INFO - [2024-05-24T07:33:59.640+0000] {dagbag.py:545} INFO - Filling up the DagBag from /home/airflow/.local/lib/python3.12/site-packages/airflow/example_dags/example_sla_dag.py
[2024-05-24T07:33:59.644+0000] {processor.py:840} INFO - DAG(s) 'example_sla_dag' retrieved from /home/airflow/.local/lib/python3.12/site-packages/airflow/example_dags/example_sla_dag.py
[2024-05-24T07:33:59.651+0000] {logging_mixin.py:188} INFO - [2024-05-24T07:33:59.651+0000] {dag.py:3096} INFO - Sync 1 DAGs
[2024-05-24T07:33:59.660+0000] {logging_mixin.py:188} INFO - [2024-05-24T07:33:59.660+0000] {dag.py:3954} INFO - Setting next_dagrun for example_sla_dag to 2024-05-24 07:30:00+00:00, run_after=2024-05-24 07:32:00+00:00
[2024-05-24T07:33:59.666+0000] {processor.py:183} INFO - Processing /home/airflow/.local/lib/python3.12/site-packages/airflow/example_dags/example_sla_dag.py took 0.030 seconds
[2024-05-24T07:34:30.058+0000] {processor.py:161} INFO - Started process (PID=12879) to work on /home/airflow/.local/lib/python3.12/site-packages/airflow/example_dags/example_sla_dag.py
[2024-05-24T07:34:30.058+0000] {processor.py:830} INFO - Processing file /home/airflow/.local/lib/python3.12/site-packages/airflow/example_dags/example_sla_dag.py for tasks to queue
[2024-05-24T07:34:30.059+0000] {logging_mixin.py:188} INFO - [2024-05-24T07:34:30.059+0000] {dagbag.py:545} INFO - Filling up the DagBag from /home/airflow/.local/lib/python3.12/site-packages/airflow/example_dags/example_sla_dag.py
[2024-05-24T07:34:30.062+0000] {processor.py:840} INFO - DAG(s) 'example_sla_dag' retrieved from /home/airflow/.local/lib/python3.12/site-packages/airflow/example_dags/example_sla_dag.py
[2024-05-24T07:34:30.070+0000] {logging_mixin.py:188} INFO - [2024-05-24T07:34:30.070+0000] {dag.py:3096} INFO - Sync 1 DAGs
[2024-05-24T07:34:30.078+0000] {logging_mixin.py:188} INFO - [2024-05-24T07:34:30.078+0000] {dag.py:3954} INFO - Setting next_dagrun for example_sla_dag to 2024-05-24 07:32:00+00:00, run_after=2024-05-24 07:34:00+00:00
[2024-05-24T07:34:30.085+0000] {processor.py:183} INFO - Processing /home/airflow/.local/lib/python3.12/site-packages/airflow/example_dags/example_sla_dag.py took 0.029 seconds
[2024-05-24T07:35:00.571+0000] {processor.py:161} INFO - Started process (PID=13141) to work on /home/airflow/.local/lib/python3.12/site-packages/airflow/example_dags/example_sla_dag.py
[2024-05-24T07:35:00.572+0000] {processor.py:830} INFO - Processing file /home/airflow/.local/lib/python3.12/site-packages/airflow/example_dags/example_sla_dag.py for tasks to queue
[2024-05-24T07:35:00.572+0000] {logging_mixin.py:188} INFO - [2024-05-24T07:35:00.572+0000] {dagbag.py:545} INFO - Filling up the DagBag from /home/airflow/.local/lib/python3.12/site-packages/airflow/example_dags/example_sla_dag.py
[2024-05-24T07:35:00.576+0000] {processor.py:840} INFO - DAG(s) 'example_sla_dag' retrieved from /home/airflow/.local/lib/python3.12/site-packages/airflow/example_dags/example_sla_dag.py
[2024-05-24T07:35:00.583+0000] {logging_mixin.py:188} INFO - [2024-05-24T07:35:00.583+0000] {dag.py:3096} INFO - Sync 1 DAGs
[2024-05-24T07:35:00.592+0000] {logging_mixin.py:188} INFO - [2024-05-24T07:35:00.592+0000] {dag.py:3954} INFO - Setting next_dagrun for example_sla_dag to 2024-05-24 07:32:00+00:00, run_after=2024-05-24 07:34:00+00:00
[2024-05-24T07:35:00.598+0000] {processor.py:183} INFO - Processing /home/airflow/.local/lib/python3.12/site-packages/airflow/example_dags/example_sla_dag.py took 0.029 seconds
[2024-05-24T07:35:30.922+0000] {processor.py:161} INFO - Started process (PID=13403) to work on /home/airflow/.local/lib/python3.12/site-packages/airflow/example_dags/example_sla_dag.py
[2024-05-24T07:35:30.923+0000] {processor.py:830} INFO - Processing file /home/airflow/.local/lib/python3.12/site-packages/airflow/example_dags/example_sla_dag.py for tasks to queue
[2024-05-24T07:35:30.924+0000] {logging_mixin.py:188} INFO - [2024-05-24T07:35:30.923+0000] {dagbag.py:545} INFO - Filling up the DagBag from /home/airflow/.local/lib/python3.12/site-packages/airflow/example_dags/example_sla_dag.py
[2024-05-24T07:35:30.927+0000] {processor.py:840} INFO - DAG(s) 'example_sla_dag' retrieved from /home/airflow/.local/lib/python3.12/site-packages/airflow/example_dags/example_sla_dag.py
[2024-05-24T07:35:30.935+0000] {logging_mixin.py:188} INFO - [2024-05-24T07:35:30.935+0000] {dag.py:3096} INFO - Sync 1 DAGs
[2024-05-24T07:35:30.944+0000] {logging_mixin.py:188} INFO - [2024-05-24T07:35:30.944+0000] {dag.py:3954} INFO - Setting next_dagrun for example_sla_dag to 2024-05-24 07:32:00+00:00, run_after=2024-05-24 07:34:00+00:00
[2024-05-24T07:35:30.952+0000] {processor.py:183} INFO - Processing /home/airflow/.local/lib/python3.12/site-packages/airflow/example_dags/example_sla_dag.py took 0.031 seconds
[2024-05-24T07:36:01.266+0000] {processor.py:161} INFO - Started process (PID=13665) to work on /home/airflow/.local/lib/python3.12/site-packages/airflow/example_dags/example_sla_dag.py
[2024-05-24T07:36:01.267+0000] {processor.py:830} INFO - Processing file /home/airflow/.local/lib/python3.12/site-packages/airflow/example_dags/example_sla_dag.py for tasks to queue
[2024-05-24T07:36:01.267+0000] {logging_mixin.py:188} INFO - [2024-05-24T07:36:01.267+0000] {dagbag.py:545} INFO - Filling up the DagBag from /home/airflow/.local/lib/python3.12/site-packages/airflow/example_dags/example_sla_dag.py
[2024-05-24T07:36:01.271+0000] {processor.py:840} INFO - DAG(s) 'example_sla_dag' retrieved from /home/airflow/.local/lib/python3.12/site-packages/airflow/example_dags/example_sla_dag.py
[2024-05-24T07:36:01.279+0000] {logging_mixin.py:188} INFO - [2024-05-24T07:36:01.278+0000] {dag.py:3096} INFO - Sync 1 DAGs
[2024-05-24T07:36:01.288+0000] {logging_mixin.py:188} INFO - [2024-05-24T07:36:01.288+0000] {dag.py:3954} INFO - Setting next_dagrun for example_sla_dag to 2024-05-24 07:34:00+00:00, run_after=2024-05-24 07:36:00+00:00
[2024-05-24T07:36:01.294+0000] {processor.py:183} INFO - Processing /home/airflow/.local/lib/python3.12/site-packages/airflow/example_dags/example_sla_dag.py took 0.030 seconds
[2024-05-24T07:36:31.759+0000] {processor.py:161} INFO - Started process (PID=13927) to work on /home/airflow/.local/lib/python3.12/site-packages/airflow/example_dags/example_sla_dag.py
[2024-05-24T07:36:31.760+0000] {processor.py:830} INFO - Processing file /home/airflow/.local/lib/python3.12/site-packages/airflow/example_dags/example_sla_dag.py for tasks to queue
[2024-05-24T07:36:31.760+0000] {logging_mixin.py:188} INFO - [2024-05-24T07:36:31.760+0000] {dagbag.py:545} INFO - Filling up the DagBag from /home/airflow/.local/lib/python3.12/site-packages/airflow/example_dags/example_sla_dag.py
[2024-05-24T07:36:31.764+0000] {processor.py:840} INFO - DAG(s) 'example_sla_dag' retrieved from /home/airflow/.local/lib/python3.12/site-packages/airflow/example_dags/example_sla_dag.py
[2024-05-24T07:36:31.772+0000] {logging_mixin.py:188} INFO - [2024-05-24T07:36:31.772+0000] {dag.py:3096} INFO - Sync 1 DAGs
[2024-05-24T07:36:31.781+0000] {logging_mixin.py:188} INFO - [2024-05-24T07:36:31.781+0000] {dag.py:3954} INFO - Setting next_dagrun for example_sla_dag to 2024-05-24 07:34:00+00:00, run_after=2024-05-24 07:36:00+00:00
[2024-05-24T07:36:31.787+0000] {processor.py:183} INFO - Processing /home/airflow/.local/lib/python3.12/site-packages/airflow/example_dags/example_sla_dag.py took 0.030 seconds
[2024-05-24T07:37:02.119+0000] {processor.py:161} INFO - Started process (PID=14190) to work on /home/airflow/.local/lib/python3.12/site-packages/airflow/example_dags/example_sla_dag.py
[2024-05-24T07:37:02.119+0000] {processor.py:830} INFO - Processing file /home/airflow/.local/lib/python3.12/site-packages/airflow/example_dags/example_sla_dag.py for tasks to queue
[2024-05-24T07:37:02.120+0000] {logging_mixin.py:188} INFO - [2024-05-24T07:37:02.120+0000] {dagbag.py:545} INFO - Filling up the DagBag from /home/airflow/.local/lib/python3.12/site-packages/airflow/example_dags/example_sla_dag.py
[2024-05-24T07:37:02.123+0000] {processor.py:840} INFO - DAG(s) 'example_sla_dag' retrieved from /home/airflow/.local/lib/python3.12/site-packages/airflow/example_dags/example_sla_dag.py
[2024-05-24T07:37:02.131+0000] {logging_mixin.py:188} INFO - [2024-05-24T07:37:02.131+0000] {dag.py:3096} INFO - Sync 1 DAGs
[2024-05-24T07:37:02.140+0000] {logging_mixin.py:188} INFO - [2024-05-24T07:37:02.140+0000] {dag.py:3954} INFO - Setting next_dagrun for example_sla_dag to 2024-05-24 07:34:00+00:00, run_after=2024-05-24 07:36:00+00:00
[2024-05-24T07:37:02.147+0000] {processor.py:183} INFO - Processing /home/airflow/.local/lib/python3.12/site-packages/airflow/example_dags/example_sla_dag.py took 0.030 seconds
[2024-05-24T07:37:32.538+0000] {processor.py:161} INFO - Started process (PID=14451) to work on /home/airflow/.local/lib/python3.12/site-packages/airflow/example_dags/example_sla_dag.py
[2024-05-24T07:37:32.539+0000] {processor.py:830} INFO - Processing file /home/airflow/.local/lib/python3.12/site-packages/airflow/example_dags/example_sla_dag.py for tasks to queue
[2024-05-24T07:37:32.540+0000] {logging_mixin.py:188} INFO - [2024-05-24T07:37:32.540+0000] {dagbag.py:545} INFO - Filling up the DagBag from /home/airflow/.local/lib/python3.12/site-packages/airflow/example_dags/example_sla_dag.py
[2024-05-24T07:37:32.544+0000] {processor.py:840} INFO - DAG(s) 'example_sla_dag' retrieved from /home/airflow/.local/lib/python3.12/site-packages/airflow/example_dags/example_sla_dag.py
[2024-05-24T07:37:32.552+0000] {logging_mixin.py:188} INFO - [2024-05-24T07:37:32.552+0000] {dag.py:3096} INFO - Sync 1 DAGs
[2024-05-24T07:37:32.562+0000] {logging_mixin.py:188} INFO - [2024-05-24T07:37:32.562+0000] {dag.py:3954} INFO - Setting next_dagrun for example_sla_dag to 2024-05-24 07:34:00+00:00, run_after=2024-05-24 07:36:00+00:00
[2024-05-24T07:37:32.570+0000] {processor.py:183} INFO - Processing /home/airflow/.local/lib/python3.12/site-packages/airflow/example_dags/example_sla_dag.py took 0.036 seconds
[2024-05-24T07:38:02.998+0000] {processor.py:161} INFO - Started process (PID=14713) to work on /home/airflow/.local/lib/python3.12/site-packages/airflow/example_dags/example_sla_dag.py
[2024-05-24T07:38:02.998+0000] {processor.py:830} INFO - Processing file /home/airflow/.local/lib/python3.12/site-packages/airflow/example_dags/example_sla_dag.py for tasks to queue
[2024-05-24T07:38:02.999+0000] {logging_mixin.py:188} INFO - [2024-05-24T07:38:02.999+0000] {dagbag.py:545} INFO - Filling up the DagBag from /home/airflow/.local/lib/python3.12/site-packages/airflow/example_dags/example_sla_dag.py
[2024-05-24T07:38:03.003+0000] {processor.py:840} INFO - DAG(s) 'example_sla_dag' retrieved from /home/airflow/.local/lib/python3.12/site-packages/airflow/example_dags/example_sla_dag.py
[2024-05-24T07:38:03.010+0000] {logging_mixin.py:188} INFO - [2024-05-24T07:38:03.010+0000] {dag.py:3096} INFO - Sync 1 DAGs
[2024-05-24T07:38:03.019+0000] {logging_mixin.py:188} INFO - [2024-05-24T07:38:03.019+0000] {dag.py:3954} INFO - Setting next_dagrun for example_sla_dag to 2024-05-24 07:36:00+00:00, run_after=2024-05-24 07:38:00+00:00
[2024-05-24T07:38:03.027+0000] {processor.py:183} INFO - Processing /home/airflow/.local/lib/python3.12/site-packages/airflow/example_dags/example_sla_dag.py took 0.031 seconds
[2024-05-24T07:38:33.343+0000] {processor.py:161} INFO - Started process (PID=14975) to work on /home/airflow/.local/lib/python3.12/site-packages/airflow/example_dags/example_sla_dag.py
[2024-05-24T07:38:33.344+0000] {processor.py:830} INFO - Processing file /home/airflow/.local/lib/python3.12/site-packages/airflow/example_dags/example_sla_dag.py for tasks to queue
[2024-05-24T07:38:33.344+0000] {logging_mixin.py:188} INFO - [2024-05-24T07:38:33.344+0000] {dagbag.py:545} INFO - Filling up the DagBag from /home/airflow/.local/lib/python3.12/site-packages/airflow/example_dags/example_sla_dag.py
[2024-05-24T07:38:33.348+0000] {processor.py:840} INFO - DAG(s) 'example_sla_dag' retrieved from /home/airflow/.local/lib/python3.12/site-packages/airflow/example_dags/example_sla_dag.py
[2024-05-24T07:38:33.355+0000] {logging_mixin.py:188} INFO - [2024-05-24T07:38:33.355+0000] {dag.py:3096} INFO - Sync 1 DAGs
[2024-05-24T07:38:33.364+0000] {logging_mixin.py:188} INFO - [2024-05-24T07:38:33.364+0000] {dag.py:3954} INFO - Setting next_dagrun for example_sla_dag to 2024-05-24 07:36:00+00:00, run_after=2024-05-24 07:38:00+00:00
[2024-05-24T07:38:33.370+0000] {processor.py:183} INFO - Processing /home/airflow/.local/lib/python3.12/site-packages/airflow/example_dags/example_sla_dag.py took 0.029 seconds
[2024-05-24T07:39:03.674+0000] {processor.py:161} INFO - Started process (PID=15237) to work on /home/airflow/.local/lib/python3.12/site-packages/airflow/example_dags/example_sla_dag.py
[2024-05-24T07:39:03.675+0000] {processor.py:830} INFO - Processing file /home/airflow/.local/lib/python3.12/site-packages/airflow/example_dags/example_sla_dag.py for tasks to queue
[2024-05-24T07:39:03.675+0000] {logging_mixin.py:188} INFO - [2024-05-24T07:39:03.675+0000] {dagbag.py:545} INFO - Filling up the DagBag from /home/airflow/.local/lib/python3.12/site-packages/airflow/example_dags/example_sla_dag.py
[2024-05-24T07:39:03.679+0000] {processor.py:840} INFO - DAG(s) 'example_sla_dag' retrieved from /home/airflow/.local/lib/python3.12/site-packages/airflow/example_dags/example_sla_dag.py
[2024-05-24T07:39:03.686+0000] {logging_mixin.py:188} INFO - [2024-05-24T07:39:03.686+0000] {dag.py:3096} INFO - Sync 1 DAGs
[2024-05-24T07:39:03.695+0000] {logging_mixin.py:188} INFO - [2024-05-24T07:39:03.695+0000] {dag.py:3954} INFO - Setting next_dagrun for example_sla_dag to 2024-05-24 07:36:00+00:00, run_after=2024-05-24 07:38:00+00:00
[2024-05-24T07:39:03.701+0000] {processor.py:183} INFO - Processing /home/airflow/.local/lib/python3.12/site-packages/airflow/example_dags/example_sla_dag.py took 0.030 seconds
[2024-05-24T07:39:34.026+0000] {processor.py:161} INFO - Started process (PID=15498) to work on /home/airflow/.local/lib/python3.12/site-packages/airflow/example_dags/example_sla_dag.py
[2024-05-24T07:39:34.026+0000] {processor.py:830} INFO - Processing file /home/airflow/.local/lib/python3.12/site-packages/airflow/example_dags/example_sla_dag.py for tasks to queue
[2024-05-24T07:39:34.027+0000] {logging_mixin.py:188} INFO - [2024-05-24T07:39:34.027+0000] {dagbag.py:545} INFO - Filling up the DagBag from /home/airflow/.local/lib/python3.12/site-packages/airflow/example_dags/example_sla_dag.py
[2024-05-24T07:39:34.030+0000] {processor.py:840} INFO - DAG(s) 'example_sla_dag' retrieved from /home/airflow/.local/lib/python3.12/site-packages/airflow/example_dags/example_sla_dag.py
[2024-05-24T07:39:34.038+0000] {logging_mixin.py:188} INFO - [2024-05-24T07:39:34.038+0000] {dag.py:3096} INFO - Sync 1 DAGs
[2024-05-24T07:39:34.046+0000] {logging_mixin.py:188} INFO - [2024-05-24T07:39:34.046+0000] {dag.py:3954} INFO - Setting next_dagrun for example_sla_dag to 2024-05-24 07:36:00+00:00, run_after=2024-05-24 07:38:00+00:00
[2024-05-24T07:39:34.052+0000] {processor.py:183} INFO - Processing /home/airflow/.local/lib/python3.12/site-packages/airflow/example_dags/example_sla_dag.py took 0.029 seconds
[2024-05-24T07:40:04.512+0000] {processor.py:161} INFO - Started process (PID=15760) to work on /home/airflow/.local/lib/python3.12/site-packages/airflow/example_dags/example_sla_dag.py
[2024-05-24T07:40:04.512+0000] {processor.py:830} INFO - Processing file /home/airflow/.local/lib/python3.12/site-packages/airflow/example_dags/example_sla_dag.py for tasks to queue
[2024-05-24T07:40:04.513+0000] {logging_mixin.py:188} INFO - [2024-05-24T07:40:04.513+0000] {dagbag.py:545} INFO - Filling up the DagBag from /home/airflow/.local/lib/python3.12/site-packages/airflow/example_dags/example_sla_dag.py
[2024-05-24T07:40:04.516+0000] {processor.py:840} INFO - DAG(s) 'example_sla_dag' retrieved from /home/airflow/.local/lib/python3.12/site-packages/airflow/example_dags/example_sla_dag.py
[2024-05-24T07:40:04.524+0000] {logging_mixin.py:188} INFO - [2024-05-24T07:40:04.524+0000] {dag.py:3096} INFO - Sync 1 DAGs
[2024-05-24T07:40:04.533+0000] {logging_mixin.py:188} INFO - [2024-05-24T07:40:04.533+0000] {dag.py:3954} INFO - Setting next_dagrun for example_sla_dag to 2024-05-24 07:38:00+00:00, run_after=2024-05-24 07:40:00+00:00
[2024-05-24T07:40:04.538+0000] {processor.py:183} INFO - Processing /home/airflow/.local/lib/python3.12/site-packages/airflow/example_dags/example_sla_dag.py took 0.029 seconds
[2024-05-24T07:40:34.964+0000] {processor.py:161} INFO - Started process (PID=16022) to work on /home/airflow/.local/lib/python3.12/site-packages/airflow/example_dags/example_sla_dag.py
[2024-05-24T07:40:34.965+0000] {processor.py:830} INFO - Processing file /home/airflow/.local/lib/python3.12/site-packages/airflow/example_dags/example_sla_dag.py for tasks to queue
[2024-05-24T07:40:34.965+0000] {logging_mixin.py:188} INFO - [2024-05-24T07:40:34.965+0000] {dagbag.py:545} INFO - Filling up the DagBag from /home/airflow/.local/lib/python3.12/site-packages/airflow/example_dags/example_sla_dag.py
[2024-05-24T07:40:34.969+0000] {processor.py:840} INFO - DAG(s) 'example_sla_dag' retrieved from /home/airflow/.local/lib/python3.12/site-packages/airflow/example_dags/example_sla_dag.py
[2024-05-24T07:40:34.977+0000] {logging_mixin.py:188} INFO - [2024-05-24T07:40:34.976+0000] {dag.py:3096} INFO - Sync 1 DAGs
[2024-05-24T07:40:34.986+0000] {logging_mixin.py:188} INFO - [2024-05-24T07:40:34.985+0000] {dag.py:3954} INFO - Setting next_dagrun for example_sla_dag to 2024-05-24 07:38:00+00:00, run_after=2024-05-24 07:40:00+00:00
[2024-05-24T07:40:34.992+0000] {processor.py:183} INFO - Processing /home/airflow/.local/lib/python3.12/site-packages/airflow/example_dags/example_sla_dag.py took 0.030 seconds
[2024-05-24T07:41:05.332+0000] {processor.py:161} INFO - Started process (PID=16284) to work on /home/airflow/.local/lib/python3.12/site-packages/airflow/example_dags/example_sla_dag.py
[2024-05-24T07:41:05.333+0000] {processor.py:830} INFO - Processing file /home/airflow/.local/lib/python3.12/site-packages/airflow/example_dags/example_sla_dag.py for tasks to queue
[2024-05-24T07:41:05.334+0000] {logging_mixin.py:188} INFO - [2024-05-24T07:41:05.333+0000] {dagbag.py:545} INFO - Filling up the DagBag from /home/airflow/.local/lib/python3.12/site-packages/airflow/example_dags/example_sla_dag.py
[2024-05-24T07:41:05.337+0000] {processor.py:840} INFO - DAG(s) 'example_sla_dag' retrieved from /home/airflow/.local/lib/python3.12/site-packages/airflow/example_dags/example_sla_dag.py
[2024-05-24T07:41:05.345+0000] {logging_mixin.py:188} INFO - [2024-05-24T07:41:05.344+0000] {dag.py:3096} INFO - Sync 1 DAGs
[2024-05-24T07:41:05.353+0000] {logging_mixin.py:188} INFO - [2024-05-24T07:41:05.353+0000] {dag.py:3954} INFO - Setting next_dagrun for example_sla_dag to 2024-05-24 07:38:00+00:00, run_after=2024-05-24 07:40:00+00:00
[2024-05-24T07:41:05.359+0000] {processor.py:183} INFO - Processing /home/airflow/.local/lib/python3.12/site-packages/airflow/example_dags/example_sla_dag.py took 0.029 seconds
[2024-05-24T07:41:35.665+0000] {processor.py:161} INFO - Started process (PID=16546) to work on /home/airflow/.local/lib/python3.12/site-packages/airflow/example_dags/example_sla_dag.py
[2024-05-24T07:41:35.667+0000] {processor.py:830} INFO - Processing file /home/airflow/.local/lib/python3.12/site-packages/airflow/example_dags/example_sla_dag.py for tasks to queue
[2024-05-24T07:41:35.667+0000] {logging_mixin.py:188} INFO - [2024-05-24T07:41:35.667+0000] {dagbag.py:545} INFO - Filling up the DagBag from /home/airflow/.local/lib/python3.12/site-packages/airflow/example_dags/example_sla_dag.py
[2024-05-24T07:41:35.671+0000] {processor.py:840} INFO - DAG(s) 'example_sla_dag' retrieved from /home/airflow/.local/lib/python3.12/site-packages/airflow/example_dags/example_sla_dag.py
[2024-05-24T07:41:35.678+0000] {logging_mixin.py:188} INFO - [2024-05-24T07:41:35.678+0000] {dag.py:3096} INFO - Sync 1 DAGs
[2024-05-24T07:41:35.687+0000] {logging_mixin.py:188} INFO - [2024-05-24T07:41:35.687+0000] {dag.py:3954} INFO - Setting next_dagrun for example_sla_dag to 2024-05-24 07:38:00+00:00, run_after=2024-05-24 07:40:00+00:00
[2024-05-24T07:41:35.693+0000] {processor.py:183} INFO - Processing /home/airflow/.local/lib/python3.12/site-packages/airflow/example_dags/example_sla_dag.py took 0.031 seconds
[2024-05-24T07:42:06.020+0000] {processor.py:161} INFO - Started process (PID=16808) to work on /home/airflow/.local/lib/python3.12/site-packages/airflow/example_dags/example_sla_dag.py
[2024-05-24T07:42:06.020+0000] {processor.py:830} INFO - Processing file /home/airflow/.local/lib/python3.12/site-packages/airflow/example_dags/example_sla_dag.py for tasks to queue
[2024-05-24T07:42:06.021+0000] {logging_mixin.py:188} INFO - [2024-05-24T07:42:06.021+0000] {dagbag.py:545} INFO - Filling up the DagBag from /home/airflow/.local/lib/python3.12/site-packages/airflow/example_dags/example_sla_dag.py
[2024-05-24T07:42:06.025+0000] {processor.py:840} INFO - DAG(s) 'example_sla_dag' retrieved from /home/airflow/.local/lib/python3.12/site-packages/airflow/example_dags/example_sla_dag.py
[2024-05-24T07:42:06.033+0000] {logging_mixin.py:188} INFO - [2024-05-24T07:42:06.033+0000] {dag.py:3096} INFO - Sync 1 DAGs
[2024-05-24T07:42:06.041+0000] {logging_mixin.py:188} INFO - [2024-05-24T07:42:06.041+0000] {dag.py:3954} INFO - Setting next_dagrun for example_sla_dag to 2024-05-24 07:40:00+00:00, run_after=2024-05-24 07:42:00+00:00
[2024-05-24T07:42:06.048+0000] {processor.py:183} INFO - Processing /home/airflow/.local/lib/python3.12/site-packages/airflow/example_dags/example_sla_dag.py took 0.030 seconds
[2024-05-24T07:42:36.427+0000] {processor.py:161} INFO - Started process (PID=17070) to work on /home/airflow/.local/lib/python3.12/site-packages/airflow/example_dags/example_sla_dag.py
[2024-05-24T07:42:36.427+0000] {processor.py:830} INFO - Processing file /home/airflow/.local/lib/python3.12/site-packages/airflow/example_dags/example_sla_dag.py for tasks to queue
[2024-05-24T07:42:36.428+0000] {logging_mixin.py:188} INFO - [2024-05-24T07:42:36.428+0000] {dagbag.py:545} INFO - Filling up the DagBag from /home/airflow/.local/lib/python3.12/site-packages/airflow/example_dags/example_sla_dag.py
[2024-05-24T07:42:36.431+0000] {processor.py:840} INFO - DAG(s) 'example_sla_dag' retrieved from /home/airflow/.local/lib/python3.12/site-packages/airflow/example_dags/example_sla_dag.py
[2024-05-24T07:42:36.439+0000] {logging_mixin.py:188} INFO - [2024-05-24T07:42:36.439+0000] {dag.py:3096} INFO - Sync 1 DAGs
[2024-05-24T07:42:36.448+0000] {logging_mixin.py:188} INFO - [2024-05-24T07:42:36.448+0000] {dag.py:3954} INFO - Setting next_dagrun for example_sla_dag to 2024-05-24 07:40:00+00:00, run_after=2024-05-24 07:42:00+00:00
[2024-05-24T07:42:36.454+0000] {processor.py:183} INFO - Processing /home/airflow/.local/lib/python3.12/site-packages/airflow/example_dags/example_sla_dag.py took 0.030 seconds
[2024-05-24T07:43:06.868+0000] {processor.py:161} INFO - Started process (PID=17332) to work on /home/airflow/.local/lib/python3.12/site-packages/airflow/example_dags/example_sla_dag.py
[2024-05-24T07:43:06.868+0000] {processor.py:830} INFO - Processing file /home/airflow/.local/lib/python3.12/site-packages/airflow/example_dags/example_sla_dag.py for tasks to queue
[2024-05-24T07:43:06.869+0000] {logging_mixin.py:188} INFO - [2024-05-24T07:43:06.869+0000] {dagbag.py:545} INFO - Filling up the DagBag from /home/airflow/.local/lib/python3.12/site-packages/airflow/example_dags/example_sla_dag.py
[2024-05-24T07:43:06.873+0000] {processor.py:840} INFO - DAG(s) 'example_sla_dag' retrieved from /home/airflow/.local/lib/python3.12/site-packages/airflow/example_dags/example_sla_dag.py
[2024-05-24T07:43:06.880+0000] {logging_mixin.py:188} INFO - [2024-05-24T07:43:06.880+0000] {dag.py:3096} INFO - Sync 1 DAGs
[2024-05-24T07:43:06.889+0000] {logging_mixin.py:188} INFO - [2024-05-24T07:43:06.889+0000] {dag.py:3954} INFO - Setting next_dagrun for example_sla_dag to 2024-05-24 07:40:00+00:00, run_after=2024-05-24 07:42:00+00:00
[2024-05-24T07:43:06.895+0000] {processor.py:183} INFO - Processing /home/airflow/.local/lib/python3.12/site-packages/airflow/example_dags/example_sla_dag.py took 0.029 seconds
[2024-05-24T07:43:37.214+0000] {processor.py:161} INFO - Started process (PID=17594) to work on /home/airflow/.local/lib/python3.12/site-packages/airflow/example_dags/example_sla_dag.py
[2024-05-24T07:43:37.214+0000] {processor.py:830} INFO - Processing file /home/airflow/.local/lib/python3.12/site-packages/airflow/example_dags/example_sla_dag.py for tasks to queue
[2024-05-24T07:43:37.215+0000] {logging_mixin.py:188} INFO - [2024-05-24T07:43:37.215+0000] {dagbag.py:545} INFO - Filling up the DagBag from /home/airflow/.local/lib/python3.12/site-packages/airflow/example_dags/example_sla_dag.py
[2024-05-24T07:43:37.218+0000] {processor.py:840} INFO - DAG(s) 'example_sla_dag' retrieved from /home/airflow/.local/lib/python3.12/site-packages/airflow/example_dags/example_sla_dag.py
[2024-05-24T07:43:37.226+0000] {logging_mixin.py:188} INFO - [2024-05-24T07:43:37.226+0000] {dag.py:3096} INFO - Sync 1 DAGs
[2024-05-24T07:43:37.235+0000] {logging_mixin.py:188} INFO - [2024-05-24T07:43:37.235+0000] {dag.py:3954} INFO - Setting next_dagrun for example_sla_dag to 2024-05-24 07:40:00+00:00, run_after=2024-05-24 07:42:00+00:00
[2024-05-24T07:43:37.242+0000] {processor.py:183} INFO - Processing /home/airflow/.local/lib/python3.12/site-packages/airflow/example_dags/example_sla_dag.py took 0.031 seconds
[2024-05-24T07:44:07.559+0000] {processor.py:161} INFO - Started process (PID=17856) to work on /home/airflow/.local/lib/python3.12/site-packages/airflow/example_dags/example_sla_dag.py
[2024-05-24T07:44:07.560+0000] {processor.py:830} INFO - Processing file /home/airflow/.local/lib/python3.12/site-packages/airflow/example_dags/example_sla_dag.py for tasks to queue
[2024-05-24T07:44:07.561+0000] {logging_mixin.py:188} INFO - [2024-05-24T07:44:07.560+0000] {dagbag.py:545} INFO - Filling up the DagBag from /home/airflow/.local/lib/python3.12/site-packages/airflow/example_dags/example_sla_dag.py
[2024-05-24T07:44:07.564+0000] {processor.py:840} INFO - DAG(s) 'example_sla_dag' retrieved from /home/airflow/.local/lib/python3.12/site-packages/airflow/example_dags/example_sla_dag.py
[2024-05-24T07:44:07.572+0000] {logging_mixin.py:188} INFO - [2024-05-24T07:44:07.572+0000] {dag.py:3096} INFO - Sync 1 DAGs
[2024-05-24T07:44:07.581+0000] {logging_mixin.py:188} INFO - [2024-05-24T07:44:07.581+0000] {dag.py:3954} INFO - Setting next_dagrun for example_sla_dag to 2024-05-24 07:42:00+00:00, run_after=2024-05-24 07:44:00+00:00
[2024-05-24T07:44:07.587+0000] {processor.py:183} INFO - Processing /home/airflow/.local/lib/python3.12/site-packages/airflow/example_dags/example_sla_dag.py took 0.030 seconds
[2024-05-24T07:44:37.896+0000] {processor.py:161} INFO - Started process (PID=18120) to work on /home/airflow/.local/lib/python3.12/site-packages/airflow/example_dags/example_sla_dag.py
[2024-05-24T07:44:37.896+0000] {processor.py:830} INFO - Processing file /home/airflow/.local/lib/python3.12/site-packages/airflow/example_dags/example_sla_dag.py for tasks to queue
[2024-05-24T07:44:37.897+0000] {logging_mixin.py:188} INFO - [2024-05-24T07:44:37.897+0000] {dagbag.py:545} INFO - Filling up the DagBag from /home/airflow/.local/lib/python3.12/site-packages/airflow/example_dags/example_sla_dag.py
[2024-05-24T07:44:37.900+0000] {processor.py:840} INFO - DAG(s) 'example_sla_dag' retrieved from /home/airflow/.local/lib/python3.12/site-packages/airflow/example_dags/example_sla_dag.py
[2024-05-24T07:44:37.908+0000] {logging_mixin.py:188} INFO - [2024-05-24T07:44:37.908+0000] {dag.py:3096} INFO - Sync 1 DAGs
[2024-05-24T07:44:37.917+0000] {logging_mixin.py:188} INFO - [2024-05-24T07:44:37.916+0000] {dag.py:3954} INFO - Setting next_dagrun for example_sla_dag to 2024-05-24 07:42:00+00:00, run_after=2024-05-24 07:44:00+00:00
[2024-05-24T07:44:37.923+0000] {processor.py:183} INFO - Processing /home/airflow/.local/lib/python3.12/site-packages/airflow/example_dags/example_sla_dag.py took 0.029 seconds
