[2024-05-24T05:45:20.574+0000] {processor.py:161} INFO - Started process (PID=301) to work on /home/airflow/.local/lib/python3.12/site-packages/airflow/example_dags/example_python_operator.py
[2024-05-24T05:45:20.575+0000] {processor.py:830} INFO - Processing file /home/airflow/.local/lib/python3.12/site-packages/airflow/example_dags/example_python_operator.py for tasks to queue
[2024-05-24T05:45:20.576+0000] {logging_mixin.py:188} INFO - [2024-05-24T05:45:20.575+0000] {dagbag.py:545} INFO - Filling up the DagBag from /home/airflow/.local/lib/python3.12/site-packages/airflow/example_dags/example_python_operator.py
[2024-05-24T05:45:20.582+0000] {processor.py:840} INFO - DAG(s) 'example_python_operator' retrieved from /home/airflow/.local/lib/python3.12/site-packages/airflow/example_dags/example_python_operator.py
[2024-05-24T05:45:20.587+0000] {logging_mixin.py:188} INFO - [2024-05-24T05:45:20.587+0000] {dag.py:3096} INFO - Sync 1 DAGs
[2024-05-24T05:45:20.592+0000] {logging_mixin.py:188} INFO - [2024-05-24T05:45:20.592+0000] {dag.py:3954} INFO - Setting next_dagrun for example_python_operator to None, run_after=None
[2024-05-24T05:45:20.599+0000] {processor.py:183} INFO - Processing /home/airflow/.local/lib/python3.12/site-packages/airflow/example_dags/example_python_operator.py took 0.028 seconds
[2024-05-24T05:45:51.042+0000] {processor.py:161} INFO - Started process (PID=563) to work on /home/airflow/.local/lib/python3.12/site-packages/airflow/example_dags/example_python_operator.py
[2024-05-24T05:45:51.042+0000] {processor.py:830} INFO - Processing file /home/airflow/.local/lib/python3.12/site-packages/airflow/example_dags/example_python_operator.py for tasks to queue
[2024-05-24T05:45:51.043+0000] {logging_mixin.py:188} INFO - [2024-05-24T05:45:51.043+0000] {dagbag.py:545} INFO - Filling up the DagBag from /home/airflow/.local/lib/python3.12/site-packages/airflow/example_dags/example_python_operator.py
[2024-05-24T05:45:51.047+0000] {processor.py:840} INFO - DAG(s) 'example_python_operator' retrieved from /home/airflow/.local/lib/python3.12/site-packages/airflow/example_dags/example_python_operator.py
[2024-05-24T05:45:51.085+0000] {logging_mixin.py:188} INFO - [2024-05-24T05:45:51.085+0000] {dag.py:3096} INFO - Sync 1 DAGs
[2024-05-24T05:45:51.088+0000] {logging_mixin.py:188} INFO - [2024-05-24T05:45:51.088+0000] {dag.py:3954} INFO - Setting next_dagrun for example_python_operator to None, run_after=None
[2024-05-24T05:45:51.095+0000] {processor.py:183} INFO - Processing /home/airflow/.local/lib/python3.12/site-packages/airflow/example_dags/example_python_operator.py took 0.056 seconds
[2024-05-24T05:46:21.805+0000] {processor.py:161} INFO - Started process (PID=825) to work on /home/airflow/.local/lib/python3.12/site-packages/airflow/example_dags/example_python_operator.py
[2024-05-24T05:46:21.805+0000] {processor.py:830} INFO - Processing file /home/airflow/.local/lib/python3.12/site-packages/airflow/example_dags/example_python_operator.py for tasks to queue
[2024-05-24T05:46:21.806+0000] {logging_mixin.py:188} INFO - [2024-05-24T05:46:21.806+0000] {dagbag.py:545} INFO - Filling up the DagBag from /home/airflow/.local/lib/python3.12/site-packages/airflow/example_dags/example_python_operator.py
[2024-05-24T05:46:21.810+0000] {processor.py:840} INFO - DAG(s) 'example_python_operator' retrieved from /home/airflow/.local/lib/python3.12/site-packages/airflow/example_dags/example_python_operator.py
[2024-05-24T05:46:21.819+0000] {logging_mixin.py:188} INFO - [2024-05-24T05:46:21.819+0000] {dag.py:3096} INFO - Sync 1 DAGs
[2024-05-24T05:46:21.823+0000] {logging_mixin.py:188} INFO - [2024-05-24T05:46:21.823+0000] {dag.py:3954} INFO - Setting next_dagrun for example_python_operator to None, run_after=None
[2024-05-24T05:46:21.830+0000] {processor.py:183} INFO - Processing /home/airflow/.local/lib/python3.12/site-packages/airflow/example_dags/example_python_operator.py took 0.027 seconds
[2024-05-24T05:46:52.118+0000] {processor.py:161} INFO - Started process (PID=1087) to work on /home/airflow/.local/lib/python3.12/site-packages/airflow/example_dags/example_python_operator.py
[2024-05-24T05:46:52.118+0000] {processor.py:830} INFO - Processing file /home/airflow/.local/lib/python3.12/site-packages/airflow/example_dags/example_python_operator.py for tasks to queue
[2024-05-24T05:46:52.119+0000] {logging_mixin.py:188} INFO - [2024-05-24T05:46:52.119+0000] {dagbag.py:545} INFO - Filling up the DagBag from /home/airflow/.local/lib/python3.12/site-packages/airflow/example_dags/example_python_operator.py
[2024-05-24T05:46:52.123+0000] {processor.py:840} INFO - DAG(s) 'example_python_operator' retrieved from /home/airflow/.local/lib/python3.12/site-packages/airflow/example_dags/example_python_operator.py
[2024-05-24T05:46:52.132+0000] {logging_mixin.py:188} INFO - [2024-05-24T05:46:52.132+0000] {dag.py:3096} INFO - Sync 1 DAGs
[2024-05-24T05:46:52.136+0000] {logging_mixin.py:188} INFO - [2024-05-24T05:46:52.136+0000] {dag.py:3954} INFO - Setting next_dagrun for example_python_operator to None, run_after=None
[2024-05-24T05:46:52.143+0000] {processor.py:183} INFO - Processing /home/airflow/.local/lib/python3.12/site-packages/airflow/example_dags/example_python_operator.py took 0.027 seconds
[2024-05-24T05:47:22.443+0000] {processor.py:161} INFO - Started process (PID=1349) to work on /home/airflow/.local/lib/python3.12/site-packages/airflow/example_dags/example_python_operator.py
[2024-05-24T05:47:22.443+0000] {processor.py:830} INFO - Processing file /home/airflow/.local/lib/python3.12/site-packages/airflow/example_dags/example_python_operator.py for tasks to queue
[2024-05-24T05:47:22.444+0000] {logging_mixin.py:188} INFO - [2024-05-24T05:47:22.444+0000] {dagbag.py:545} INFO - Filling up the DagBag from /home/airflow/.local/lib/python3.12/site-packages/airflow/example_dags/example_python_operator.py
[2024-05-24T05:47:22.448+0000] {processor.py:840} INFO - DAG(s) 'example_python_operator' retrieved from /home/airflow/.local/lib/python3.12/site-packages/airflow/example_dags/example_python_operator.py
[2024-05-24T05:47:22.457+0000] {logging_mixin.py:188} INFO - [2024-05-24T05:47:22.457+0000] {dag.py:3096} INFO - Sync 1 DAGs
[2024-05-24T05:47:22.462+0000] {logging_mixin.py:188} INFO - [2024-05-24T05:47:22.462+0000] {dag.py:3954} INFO - Setting next_dagrun for example_python_operator to None, run_after=None
[2024-05-24T05:47:22.468+0000] {processor.py:183} INFO - Processing /home/airflow/.local/lib/python3.12/site-packages/airflow/example_dags/example_python_operator.py took 0.028 seconds
[2024-05-24T05:47:52.817+0000] {processor.py:161} INFO - Started process (PID=1611) to work on /home/airflow/.local/lib/python3.12/site-packages/airflow/example_dags/example_python_operator.py
[2024-05-24T05:47:52.817+0000] {processor.py:830} INFO - Processing file /home/airflow/.local/lib/python3.12/site-packages/airflow/example_dags/example_python_operator.py for tasks to queue
[2024-05-24T05:47:52.818+0000] {logging_mixin.py:188} INFO - [2024-05-24T05:47:52.818+0000] {dagbag.py:545} INFO - Filling up the DagBag from /home/airflow/.local/lib/python3.12/site-packages/airflow/example_dags/example_python_operator.py
[2024-05-24T05:47:52.822+0000] {processor.py:840} INFO - DAG(s) 'example_python_operator' retrieved from /home/airflow/.local/lib/python3.12/site-packages/airflow/example_dags/example_python_operator.py
[2024-05-24T05:47:52.831+0000] {logging_mixin.py:188} INFO - [2024-05-24T05:47:52.831+0000] {dag.py:3096} INFO - Sync 1 DAGs
[2024-05-24T05:47:52.836+0000] {logging_mixin.py:188} INFO - [2024-05-24T05:47:52.836+0000] {dag.py:3954} INFO - Setting next_dagrun for example_python_operator to None, run_after=None
[2024-05-24T05:47:52.842+0000] {processor.py:183} INFO - Processing /home/airflow/.local/lib/python3.12/site-packages/airflow/example_dags/example_python_operator.py took 0.028 seconds
[2024-05-24T05:48:23.168+0000] {processor.py:161} INFO - Started process (PID=1875) to work on /home/airflow/.local/lib/python3.12/site-packages/airflow/example_dags/example_python_operator.py
[2024-05-24T05:48:23.168+0000] {processor.py:830} INFO - Processing file /home/airflow/.local/lib/python3.12/site-packages/airflow/example_dags/example_python_operator.py for tasks to queue
[2024-05-24T05:48:23.169+0000] {logging_mixin.py:188} INFO - [2024-05-24T05:48:23.169+0000] {dagbag.py:545} INFO - Filling up the DagBag from /home/airflow/.local/lib/python3.12/site-packages/airflow/example_dags/example_python_operator.py
[2024-05-24T05:48:23.173+0000] {processor.py:840} INFO - DAG(s) 'example_python_operator' retrieved from /home/airflow/.local/lib/python3.12/site-packages/airflow/example_dags/example_python_operator.py
[2024-05-24T05:48:23.182+0000] {logging_mixin.py:188} INFO - [2024-05-24T05:48:23.181+0000] {dag.py:3096} INFO - Sync 1 DAGs
[2024-05-24T05:48:23.186+0000] {logging_mixin.py:188} INFO - [2024-05-24T05:48:23.186+0000] {dag.py:3954} INFO - Setting next_dagrun for example_python_operator to None, run_after=None
[2024-05-24T05:48:23.192+0000] {processor.py:183} INFO - Processing /home/airflow/.local/lib/python3.12/site-packages/airflow/example_dags/example_python_operator.py took 0.027 seconds
[2024-05-24T05:48:53.474+0000] {processor.py:161} INFO - Started process (PID=2135) to work on /home/airflow/.local/lib/python3.12/site-packages/airflow/example_dags/example_python_operator.py
[2024-05-24T05:48:53.475+0000] {processor.py:830} INFO - Processing file /home/airflow/.local/lib/python3.12/site-packages/airflow/example_dags/example_python_operator.py for tasks to queue
[2024-05-24T05:48:53.475+0000] {logging_mixin.py:188} INFO - [2024-05-24T05:48:53.475+0000] {dagbag.py:545} INFO - Filling up the DagBag from /home/airflow/.local/lib/python3.12/site-packages/airflow/example_dags/example_python_operator.py
[2024-05-24T05:48:53.480+0000] {processor.py:840} INFO - DAG(s) 'example_python_operator' retrieved from /home/airflow/.local/lib/python3.12/site-packages/airflow/example_dags/example_python_operator.py
[2024-05-24T05:48:53.489+0000] {logging_mixin.py:188} INFO - [2024-05-24T05:48:53.489+0000] {dag.py:3096} INFO - Sync 1 DAGs
[2024-05-24T05:48:53.494+0000] {logging_mixin.py:188} INFO - [2024-05-24T05:48:53.493+0000] {dag.py:3954} INFO - Setting next_dagrun for example_python_operator to None, run_after=None
[2024-05-24T05:48:53.500+0000] {processor.py:183} INFO - Processing /home/airflow/.local/lib/python3.12/site-packages/airflow/example_dags/example_python_operator.py took 0.029 seconds
[2024-05-24T05:49:23.798+0000] {processor.py:161} INFO - Started process (PID=2397) to work on /home/airflow/.local/lib/python3.12/site-packages/airflow/example_dags/example_python_operator.py
[2024-05-24T05:49:23.799+0000] {processor.py:830} INFO - Processing file /home/airflow/.local/lib/python3.12/site-packages/airflow/example_dags/example_python_operator.py for tasks to queue
[2024-05-24T05:49:23.799+0000] {logging_mixin.py:188} INFO - [2024-05-24T05:49:23.799+0000] {dagbag.py:545} INFO - Filling up the DagBag from /home/airflow/.local/lib/python3.12/site-packages/airflow/example_dags/example_python_operator.py
[2024-05-24T05:49:23.804+0000] {processor.py:840} INFO - DAG(s) 'example_python_operator' retrieved from /home/airflow/.local/lib/python3.12/site-packages/airflow/example_dags/example_python_operator.py
[2024-05-24T05:49:23.812+0000] {logging_mixin.py:188} INFO - [2024-05-24T05:49:23.812+0000] {dag.py:3096} INFO - Sync 1 DAGs
[2024-05-24T05:49:23.817+0000] {logging_mixin.py:188} INFO - [2024-05-24T05:49:23.817+0000] {dag.py:3954} INFO - Setting next_dagrun for example_python_operator to None, run_after=None
[2024-05-24T05:49:23.823+0000] {processor.py:183} INFO - Processing /home/airflow/.local/lib/python3.12/site-packages/airflow/example_dags/example_python_operator.py took 0.027 seconds
[2024-05-24T05:49:54.081+0000] {processor.py:161} INFO - Started process (PID=2659) to work on /home/airflow/.local/lib/python3.12/site-packages/airflow/example_dags/example_python_operator.py
[2024-05-24T05:49:54.082+0000] {processor.py:830} INFO - Processing file /home/airflow/.local/lib/python3.12/site-packages/airflow/example_dags/example_python_operator.py for tasks to queue
[2024-05-24T05:49:54.083+0000] {logging_mixin.py:188} INFO - [2024-05-24T05:49:54.082+0000] {dagbag.py:545} INFO - Filling up the DagBag from /home/airflow/.local/lib/python3.12/site-packages/airflow/example_dags/example_python_operator.py
[2024-05-24T05:49:54.087+0000] {processor.py:840} INFO - DAG(s) 'example_python_operator' retrieved from /home/airflow/.local/lib/python3.12/site-packages/airflow/example_dags/example_python_operator.py
[2024-05-24T05:49:54.096+0000] {logging_mixin.py:188} INFO - [2024-05-24T05:49:54.096+0000] {dag.py:3096} INFO - Sync 1 DAGs
[2024-05-24T05:49:54.101+0000] {logging_mixin.py:188} INFO - [2024-05-24T05:49:54.101+0000] {dag.py:3954} INFO - Setting next_dagrun for example_python_operator to None, run_after=None
[2024-05-24T05:49:54.108+0000] {processor.py:183} INFO - Processing /home/airflow/.local/lib/python3.12/site-packages/airflow/example_dags/example_python_operator.py took 0.029 seconds
[2024-05-24T05:50:24.507+0000] {processor.py:161} INFO - Started process (PID=2921) to work on /home/airflow/.local/lib/python3.12/site-packages/airflow/example_dags/example_python_operator.py
[2024-05-24T05:50:24.507+0000] {processor.py:830} INFO - Processing file /home/airflow/.local/lib/python3.12/site-packages/airflow/example_dags/example_python_operator.py for tasks to queue
[2024-05-24T05:50:24.508+0000] {logging_mixin.py:188} INFO - [2024-05-24T05:50:24.508+0000] {dagbag.py:545} INFO - Filling up the DagBag from /home/airflow/.local/lib/python3.12/site-packages/airflow/example_dags/example_python_operator.py
[2024-05-24T05:50:24.513+0000] {processor.py:840} INFO - DAG(s) 'example_python_operator' retrieved from /home/airflow/.local/lib/python3.12/site-packages/airflow/example_dags/example_python_operator.py
[2024-05-24T05:50:24.522+0000] {logging_mixin.py:188} INFO - [2024-05-24T05:50:24.522+0000] {dag.py:3096} INFO - Sync 1 DAGs
[2024-05-24T05:50:24.527+0000] {logging_mixin.py:188} INFO - [2024-05-24T05:50:24.527+0000] {dag.py:3954} INFO - Setting next_dagrun for example_python_operator to None, run_after=None
[2024-05-24T05:50:24.534+0000] {processor.py:183} INFO - Processing /home/airflow/.local/lib/python3.12/site-packages/airflow/example_dags/example_python_operator.py took 0.030 seconds
[2024-05-24T05:50:54.812+0000] {processor.py:161} INFO - Started process (PID=3183) to work on /home/airflow/.local/lib/python3.12/site-packages/airflow/example_dags/example_python_operator.py
[2024-05-24T05:50:54.812+0000] {processor.py:830} INFO - Processing file /home/airflow/.local/lib/python3.12/site-packages/airflow/example_dags/example_python_operator.py for tasks to queue
[2024-05-24T05:50:54.813+0000] {logging_mixin.py:188} INFO - [2024-05-24T05:50:54.813+0000] {dagbag.py:545} INFO - Filling up the DagBag from /home/airflow/.local/lib/python3.12/site-packages/airflow/example_dags/example_python_operator.py
[2024-05-24T05:50:54.817+0000] {processor.py:840} INFO - DAG(s) 'example_python_operator' retrieved from /home/airflow/.local/lib/python3.12/site-packages/airflow/example_dags/example_python_operator.py
[2024-05-24T05:50:54.826+0000] {logging_mixin.py:188} INFO - [2024-05-24T05:50:54.826+0000] {dag.py:3096} INFO - Sync 1 DAGs
[2024-05-24T05:50:54.831+0000] {logging_mixin.py:188} INFO - [2024-05-24T05:50:54.830+0000] {dag.py:3954} INFO - Setting next_dagrun for example_python_operator to None, run_after=None
[2024-05-24T05:50:54.837+0000] {processor.py:183} INFO - Processing /home/airflow/.local/lib/python3.12/site-packages/airflow/example_dags/example_python_operator.py took 0.028 seconds
[2024-05-24T05:51:25.154+0000] {processor.py:161} INFO - Started process (PID=3445) to work on /home/airflow/.local/lib/python3.12/site-packages/airflow/example_dags/example_python_operator.py
[2024-05-24T05:51:25.154+0000] {processor.py:830} INFO - Processing file /home/airflow/.local/lib/python3.12/site-packages/airflow/example_dags/example_python_operator.py for tasks to queue
[2024-05-24T05:51:25.155+0000] {logging_mixin.py:188} INFO - [2024-05-24T05:51:25.155+0000] {dagbag.py:545} INFO - Filling up the DagBag from /home/airflow/.local/lib/python3.12/site-packages/airflow/example_dags/example_python_operator.py
[2024-05-24T05:51:25.160+0000] {processor.py:840} INFO - DAG(s) 'example_python_operator' retrieved from /home/airflow/.local/lib/python3.12/site-packages/airflow/example_dags/example_python_operator.py
[2024-05-24T05:51:25.168+0000] {logging_mixin.py:188} INFO - [2024-05-24T05:51:25.168+0000] {dag.py:3096} INFO - Sync 1 DAGs
[2024-05-24T05:51:25.173+0000] {logging_mixin.py:188} INFO - [2024-05-24T05:51:25.173+0000] {dag.py:3954} INFO - Setting next_dagrun for example_python_operator to None, run_after=None
[2024-05-24T05:51:25.180+0000] {processor.py:183} INFO - Processing /home/airflow/.local/lib/python3.12/site-packages/airflow/example_dags/example_python_operator.py took 0.028 seconds
[2024-05-24T05:51:55.455+0000] {processor.py:161} INFO - Started process (PID=3707) to work on /home/airflow/.local/lib/python3.12/site-packages/airflow/example_dags/example_python_operator.py
[2024-05-24T05:51:55.455+0000] {processor.py:830} INFO - Processing file /home/airflow/.local/lib/python3.12/site-packages/airflow/example_dags/example_python_operator.py for tasks to queue
[2024-05-24T05:51:55.456+0000] {logging_mixin.py:188} INFO - [2024-05-24T05:51:55.456+0000] {dagbag.py:545} INFO - Filling up the DagBag from /home/airflow/.local/lib/python3.12/site-packages/airflow/example_dags/example_python_operator.py
[2024-05-24T05:51:55.460+0000] {processor.py:840} INFO - DAG(s) 'example_python_operator' retrieved from /home/airflow/.local/lib/python3.12/site-packages/airflow/example_dags/example_python_operator.py
[2024-05-24T05:51:55.468+0000] {logging_mixin.py:188} INFO - [2024-05-24T05:51:55.468+0000] {dag.py:3096} INFO - Sync 1 DAGs
[2024-05-24T05:51:55.473+0000] {logging_mixin.py:188} INFO - [2024-05-24T05:51:55.473+0000] {dag.py:3954} INFO - Setting next_dagrun for example_python_operator to None, run_after=None
[2024-05-24T05:51:55.480+0000] {processor.py:183} INFO - Processing /home/airflow/.local/lib/python3.12/site-packages/airflow/example_dags/example_python_operator.py took 0.027 seconds
[2024-05-24T05:52:25.755+0000] {processor.py:161} INFO - Started process (PID=3969) to work on /home/airflow/.local/lib/python3.12/site-packages/airflow/example_dags/example_python_operator.py
[2024-05-24T05:52:25.756+0000] {processor.py:830} INFO - Processing file /home/airflow/.local/lib/python3.12/site-packages/airflow/example_dags/example_python_operator.py for tasks to queue
[2024-05-24T05:52:25.756+0000] {logging_mixin.py:188} INFO - [2024-05-24T05:52:25.756+0000] {dagbag.py:545} INFO - Filling up the DagBag from /home/airflow/.local/lib/python3.12/site-packages/airflow/example_dags/example_python_operator.py
[2024-05-24T05:52:25.761+0000] {processor.py:840} INFO - DAG(s) 'example_python_operator' retrieved from /home/airflow/.local/lib/python3.12/site-packages/airflow/example_dags/example_python_operator.py
[2024-05-24T05:52:25.769+0000] {logging_mixin.py:188} INFO - [2024-05-24T05:52:25.769+0000] {dag.py:3096} INFO - Sync 1 DAGs
[2024-05-24T05:52:25.774+0000] {logging_mixin.py:188} INFO - [2024-05-24T05:52:25.774+0000] {dag.py:3954} INFO - Setting next_dagrun for example_python_operator to None, run_after=None
[2024-05-24T05:52:25.780+0000] {processor.py:183} INFO - Processing /home/airflow/.local/lib/python3.12/site-packages/airflow/example_dags/example_python_operator.py took 0.027 seconds
[2024-05-24T05:52:56.054+0000] {processor.py:161} INFO - Started process (PID=4233) to work on /home/airflow/.local/lib/python3.12/site-packages/airflow/example_dags/example_python_operator.py
[2024-05-24T05:52:56.054+0000] {processor.py:830} INFO - Processing file /home/airflow/.local/lib/python3.12/site-packages/airflow/example_dags/example_python_operator.py for tasks to queue
[2024-05-24T05:52:56.055+0000] {logging_mixin.py:188} INFO - [2024-05-24T05:52:56.055+0000] {dagbag.py:545} INFO - Filling up the DagBag from /home/airflow/.local/lib/python3.12/site-packages/airflow/example_dags/example_python_operator.py
[2024-05-24T05:52:56.059+0000] {processor.py:840} INFO - DAG(s) 'example_python_operator' retrieved from /home/airflow/.local/lib/python3.12/site-packages/airflow/example_dags/example_python_operator.py
[2024-05-24T05:52:56.067+0000] {logging_mixin.py:188} INFO - [2024-05-24T05:52:56.067+0000] {dag.py:3096} INFO - Sync 1 DAGs
[2024-05-24T05:52:56.071+0000] {logging_mixin.py:188} INFO - [2024-05-24T05:52:56.071+0000] {dag.py:3954} INFO - Setting next_dagrun for example_python_operator to None, run_after=None
[2024-05-24T05:52:56.077+0000] {processor.py:183} INFO - Processing /home/airflow/.local/lib/python3.12/site-packages/airflow/example_dags/example_python_operator.py took 0.025 seconds
[2024-05-24T05:53:26.498+0000] {processor.py:161} INFO - Started process (PID=4495) to work on /home/airflow/.local/lib/python3.12/site-packages/airflow/example_dags/example_python_operator.py
[2024-05-24T05:53:26.498+0000] {processor.py:830} INFO - Processing file /home/airflow/.local/lib/python3.12/site-packages/airflow/example_dags/example_python_operator.py for tasks to queue
[2024-05-24T05:53:26.499+0000] {logging_mixin.py:188} INFO - [2024-05-24T05:53:26.499+0000] {dagbag.py:545} INFO - Filling up the DagBag from /home/airflow/.local/lib/python3.12/site-packages/airflow/example_dags/example_python_operator.py
[2024-05-24T05:53:26.503+0000] {processor.py:840} INFO - DAG(s) 'example_python_operator' retrieved from /home/airflow/.local/lib/python3.12/site-packages/airflow/example_dags/example_python_operator.py
[2024-05-24T05:53:26.512+0000] {logging_mixin.py:188} INFO - [2024-05-24T05:53:26.511+0000] {dag.py:3096} INFO - Sync 1 DAGs
[2024-05-24T05:53:26.516+0000] {logging_mixin.py:188} INFO - [2024-05-24T05:53:26.516+0000] {dag.py:3954} INFO - Setting next_dagrun for example_python_operator to None, run_after=None
[2024-05-24T05:53:26.523+0000] {processor.py:183} INFO - Processing /home/airflow/.local/lib/python3.12/site-packages/airflow/example_dags/example_python_operator.py took 0.028 seconds
[2024-05-24T05:53:56.911+0000] {processor.py:161} INFO - Started process (PID=4780) to work on /home/airflow/.local/lib/python3.12/site-packages/airflow/example_dags/example_python_operator.py
[2024-05-24T05:53:56.911+0000] {processor.py:830} INFO - Processing file /home/airflow/.local/lib/python3.12/site-packages/airflow/example_dags/example_python_operator.py for tasks to queue
[2024-05-24T05:53:56.912+0000] {logging_mixin.py:188} INFO - [2024-05-24T05:53:56.912+0000] {dagbag.py:545} INFO - Filling up the DagBag from /home/airflow/.local/lib/python3.12/site-packages/airflow/example_dags/example_python_operator.py
[2024-05-24T05:53:56.916+0000] {processor.py:840} INFO - DAG(s) 'example_python_operator' retrieved from /home/airflow/.local/lib/python3.12/site-packages/airflow/example_dags/example_python_operator.py
[2024-05-24T05:53:56.925+0000] {logging_mixin.py:188} INFO - [2024-05-24T05:53:56.925+0000] {dag.py:3096} INFO - Sync 1 DAGs
[2024-05-24T05:53:56.930+0000] {logging_mixin.py:188} INFO - [2024-05-24T05:53:56.930+0000] {dag.py:3954} INFO - Setting next_dagrun for example_python_operator to None, run_after=None
[2024-05-24T05:53:56.936+0000] {processor.py:183} INFO - Processing /home/airflow/.local/lib/python3.12/site-packages/airflow/example_dags/example_python_operator.py took 0.028 seconds
[2024-05-24T05:54:27.242+0000] {processor.py:161} INFO - Started process (PID=5042) to work on /home/airflow/.local/lib/python3.12/site-packages/airflow/example_dags/example_python_operator.py
[2024-05-24T05:54:27.242+0000] {processor.py:830} INFO - Processing file /home/airflow/.local/lib/python3.12/site-packages/airflow/example_dags/example_python_operator.py for tasks to queue
[2024-05-24T05:54:27.243+0000] {logging_mixin.py:188} INFO - [2024-05-24T05:54:27.243+0000] {dagbag.py:545} INFO - Filling up the DagBag from /home/airflow/.local/lib/python3.12/site-packages/airflow/example_dags/example_python_operator.py
[2024-05-24T05:54:27.247+0000] {processor.py:840} INFO - DAG(s) 'example_python_operator' retrieved from /home/airflow/.local/lib/python3.12/site-packages/airflow/example_dags/example_python_operator.py
[2024-05-24T05:54:27.256+0000] {logging_mixin.py:188} INFO - [2024-05-24T05:54:27.256+0000] {dag.py:3096} INFO - Sync 1 DAGs
[2024-05-24T05:54:27.261+0000] {logging_mixin.py:188} INFO - [2024-05-24T05:54:27.261+0000] {dag.py:3954} INFO - Setting next_dagrun for example_python_operator to None, run_after=None
[2024-05-24T05:54:27.269+0000] {processor.py:183} INFO - Processing /home/airflow/.local/lib/python3.12/site-packages/airflow/example_dags/example_python_operator.py took 0.029 seconds
[2024-05-24T05:54:57.544+0000] {processor.py:161} INFO - Started process (PID=5304) to work on /home/airflow/.local/lib/python3.12/site-packages/airflow/example_dags/example_python_operator.py
[2024-05-24T05:54:57.545+0000] {processor.py:830} INFO - Processing file /home/airflow/.local/lib/python3.12/site-packages/airflow/example_dags/example_python_operator.py for tasks to queue
[2024-05-24T05:54:57.545+0000] {logging_mixin.py:188} INFO - [2024-05-24T05:54:57.545+0000] {dagbag.py:545} INFO - Filling up the DagBag from /home/airflow/.local/lib/python3.12/site-packages/airflow/example_dags/example_python_operator.py
[2024-05-24T05:54:57.550+0000] {processor.py:840} INFO - DAG(s) 'example_python_operator' retrieved from /home/airflow/.local/lib/python3.12/site-packages/airflow/example_dags/example_python_operator.py
[2024-05-24T05:54:57.558+0000] {logging_mixin.py:188} INFO - [2024-05-24T05:54:57.558+0000] {dag.py:3096} INFO - Sync 1 DAGs
[2024-05-24T05:54:57.563+0000] {logging_mixin.py:188} INFO - [2024-05-24T05:54:57.563+0000] {dag.py:3954} INFO - Setting next_dagrun for example_python_operator to None, run_after=None
[2024-05-24T05:54:57.569+0000] {processor.py:183} INFO - Processing /home/airflow/.local/lib/python3.12/site-packages/airflow/example_dags/example_python_operator.py took 0.027 seconds
[2024-05-24T05:55:27.921+0000] {processor.py:161} INFO - Started process (PID=5566) to work on /home/airflow/.local/lib/python3.12/site-packages/airflow/example_dags/example_python_operator.py
[2024-05-24T05:55:27.921+0000] {processor.py:830} INFO - Processing file /home/airflow/.local/lib/python3.12/site-packages/airflow/example_dags/example_python_operator.py for tasks to queue
[2024-05-24T05:55:27.922+0000] {logging_mixin.py:188} INFO - [2024-05-24T05:55:27.922+0000] {dagbag.py:545} INFO - Filling up the DagBag from /home/airflow/.local/lib/python3.12/site-packages/airflow/example_dags/example_python_operator.py
[2024-05-24T05:55:27.926+0000] {processor.py:840} INFO - DAG(s) 'example_python_operator' retrieved from /home/airflow/.local/lib/python3.12/site-packages/airflow/example_dags/example_python_operator.py
[2024-05-24T05:55:27.935+0000] {logging_mixin.py:188} INFO - [2024-05-24T05:55:27.934+0000] {dag.py:3096} INFO - Sync 1 DAGs
[2024-05-24T05:55:27.939+0000] {logging_mixin.py:188} INFO - [2024-05-24T05:55:27.939+0000] {dag.py:3954} INFO - Setting next_dagrun for example_python_operator to None, run_after=None
[2024-05-24T05:55:27.946+0000] {processor.py:183} INFO - Processing /home/airflow/.local/lib/python3.12/site-packages/airflow/example_dags/example_python_operator.py took 0.027 seconds
[2024-05-24T05:55:58.264+0000] {processor.py:161} INFO - Started process (PID=5828) to work on /home/airflow/.local/lib/python3.12/site-packages/airflow/example_dags/example_python_operator.py
[2024-05-24T05:55:58.265+0000] {processor.py:830} INFO - Processing file /home/airflow/.local/lib/python3.12/site-packages/airflow/example_dags/example_python_operator.py for tasks to queue
[2024-05-24T05:55:58.265+0000] {logging_mixin.py:188} INFO - [2024-05-24T05:55:58.265+0000] {dagbag.py:545} INFO - Filling up the DagBag from /home/airflow/.local/lib/python3.12/site-packages/airflow/example_dags/example_python_operator.py
[2024-05-24T05:55:58.270+0000] {processor.py:840} INFO - DAG(s) 'example_python_operator' retrieved from /home/airflow/.local/lib/python3.12/site-packages/airflow/example_dags/example_python_operator.py
[2024-05-24T05:55:58.278+0000] {logging_mixin.py:188} INFO - [2024-05-24T05:55:58.278+0000] {dag.py:3096} INFO - Sync 1 DAGs
[2024-05-24T05:55:58.283+0000] {logging_mixin.py:188} INFO - [2024-05-24T05:55:58.282+0000] {dag.py:3954} INFO - Setting next_dagrun for example_python_operator to None, run_after=None
[2024-05-24T05:55:58.289+0000] {processor.py:183} INFO - Processing /home/airflow/.local/lib/python3.12/site-packages/airflow/example_dags/example_python_operator.py took 0.027 seconds
[2024-05-24T05:56:28.597+0000] {processor.py:161} INFO - Started process (PID=6090) to work on /home/airflow/.local/lib/python3.12/site-packages/airflow/example_dags/example_python_operator.py
[2024-05-24T05:56:28.598+0000] {processor.py:830} INFO - Processing file /home/airflow/.local/lib/python3.12/site-packages/airflow/example_dags/example_python_operator.py for tasks to queue
[2024-05-24T05:56:28.598+0000] {logging_mixin.py:188} INFO - [2024-05-24T05:56:28.598+0000] {dagbag.py:545} INFO - Filling up the DagBag from /home/airflow/.local/lib/python3.12/site-packages/airflow/example_dags/example_python_operator.py
[2024-05-24T05:56:28.603+0000] {processor.py:840} INFO - DAG(s) 'example_python_operator' retrieved from /home/airflow/.local/lib/python3.12/site-packages/airflow/example_dags/example_python_operator.py
[2024-05-24T05:56:28.611+0000] {logging_mixin.py:188} INFO - [2024-05-24T05:56:28.611+0000] {dag.py:3096} INFO - Sync 1 DAGs
[2024-05-24T05:56:28.616+0000] {logging_mixin.py:188} INFO - [2024-05-24T05:56:28.616+0000] {dag.py:3954} INFO - Setting next_dagrun for example_python_operator to None, run_after=None
[2024-05-24T05:56:28.622+0000] {processor.py:183} INFO - Processing /home/airflow/.local/lib/python3.12/site-packages/airflow/example_dags/example_python_operator.py took 0.027 seconds
[2024-05-24T05:56:58.914+0000] {processor.py:161} INFO - Started process (PID=6352) to work on /home/airflow/.local/lib/python3.12/site-packages/airflow/example_dags/example_python_operator.py
[2024-05-24T05:56:58.914+0000] {processor.py:830} INFO - Processing file /home/airflow/.local/lib/python3.12/site-packages/airflow/example_dags/example_python_operator.py for tasks to queue
[2024-05-24T05:56:58.915+0000] {logging_mixin.py:188} INFO - [2024-05-24T05:56:58.915+0000] {dagbag.py:545} INFO - Filling up the DagBag from /home/airflow/.local/lib/python3.12/site-packages/airflow/example_dags/example_python_operator.py
[2024-05-24T05:56:58.919+0000] {processor.py:840} INFO - DAG(s) 'example_python_operator' retrieved from /home/airflow/.local/lib/python3.12/site-packages/airflow/example_dags/example_python_operator.py
[2024-05-24T05:56:58.928+0000] {logging_mixin.py:188} INFO - [2024-05-24T05:56:58.928+0000] {dag.py:3096} INFO - Sync 1 DAGs
[2024-05-24T05:56:58.932+0000] {logging_mixin.py:188} INFO - [2024-05-24T05:56:58.932+0000] {dag.py:3954} INFO - Setting next_dagrun for example_python_operator to None, run_after=None
[2024-05-24T05:56:58.939+0000] {processor.py:183} INFO - Processing /home/airflow/.local/lib/python3.12/site-packages/airflow/example_dags/example_python_operator.py took 0.027 seconds
[2024-05-24T05:57:29.235+0000] {processor.py:161} INFO - Started process (PID=6614) to work on /home/airflow/.local/lib/python3.12/site-packages/airflow/example_dags/example_python_operator.py
[2024-05-24T05:57:29.235+0000] {processor.py:830} INFO - Processing file /home/airflow/.local/lib/python3.12/site-packages/airflow/example_dags/example_python_operator.py for tasks to queue
[2024-05-24T05:57:29.236+0000] {logging_mixin.py:188} INFO - [2024-05-24T05:57:29.236+0000] {dagbag.py:545} INFO - Filling up the DagBag from /home/airflow/.local/lib/python3.12/site-packages/airflow/example_dags/example_python_operator.py
[2024-05-24T05:57:29.240+0000] {processor.py:840} INFO - DAG(s) 'example_python_operator' retrieved from /home/airflow/.local/lib/python3.12/site-packages/airflow/example_dags/example_python_operator.py
[2024-05-24T05:57:29.249+0000] {logging_mixin.py:188} INFO - [2024-05-24T05:57:29.249+0000] {dag.py:3096} INFO - Sync 1 DAGs
[2024-05-24T05:57:29.254+0000] {logging_mixin.py:188} INFO - [2024-05-24T05:57:29.254+0000] {dag.py:3954} INFO - Setting next_dagrun for example_python_operator to None, run_after=None
[2024-05-24T05:57:29.260+0000] {processor.py:183} INFO - Processing /home/airflow/.local/lib/python3.12/site-packages/airflow/example_dags/example_python_operator.py took 0.027 seconds
[2024-05-24T05:57:59.594+0000] {processor.py:161} INFO - Started process (PID=6876) to work on /home/airflow/.local/lib/python3.12/site-packages/airflow/example_dags/example_python_operator.py
[2024-05-24T05:57:59.594+0000] {processor.py:830} INFO - Processing file /home/airflow/.local/lib/python3.12/site-packages/airflow/example_dags/example_python_operator.py for tasks to queue
[2024-05-24T05:57:59.595+0000] {logging_mixin.py:188} INFO - [2024-05-24T05:57:59.595+0000] {dagbag.py:545} INFO - Filling up the DagBag from /home/airflow/.local/lib/python3.12/site-packages/airflow/example_dags/example_python_operator.py
[2024-05-24T05:57:59.599+0000] {processor.py:840} INFO - DAG(s) 'example_python_operator' retrieved from /home/airflow/.local/lib/python3.12/site-packages/airflow/example_dags/example_python_operator.py
[2024-05-24T05:57:59.608+0000] {logging_mixin.py:188} INFO - [2024-05-24T05:57:59.608+0000] {dag.py:3096} INFO - Sync 1 DAGs
[2024-05-24T05:57:59.613+0000] {logging_mixin.py:188} INFO - [2024-05-24T05:57:59.613+0000] {dag.py:3954} INFO - Setting next_dagrun for example_python_operator to None, run_after=None
[2024-05-24T05:57:59.619+0000] {processor.py:183} INFO - Processing /home/airflow/.local/lib/python3.12/site-packages/airflow/example_dags/example_python_operator.py took 0.027 seconds
[2024-05-24T05:58:29.958+0000] {processor.py:161} INFO - Started process (PID=7140) to work on /home/airflow/.local/lib/python3.12/site-packages/airflow/example_dags/example_python_operator.py
[2024-05-24T05:58:29.959+0000] {processor.py:830} INFO - Processing file /home/airflow/.local/lib/python3.12/site-packages/airflow/example_dags/example_python_operator.py for tasks to queue
[2024-05-24T05:58:29.959+0000] {logging_mixin.py:188} INFO - [2024-05-24T05:58:29.959+0000] {dagbag.py:545} INFO - Filling up the DagBag from /home/airflow/.local/lib/python3.12/site-packages/airflow/example_dags/example_python_operator.py
[2024-05-24T05:58:29.963+0000] {processor.py:840} INFO - DAG(s) 'example_python_operator' retrieved from /home/airflow/.local/lib/python3.12/site-packages/airflow/example_dags/example_python_operator.py
[2024-05-24T05:58:29.971+0000] {logging_mixin.py:188} INFO - [2024-05-24T05:58:29.971+0000] {dag.py:3096} INFO - Sync 1 DAGs
[2024-05-24T05:58:29.975+0000] {logging_mixin.py:188} INFO - [2024-05-24T05:58:29.975+0000] {dag.py:3954} INFO - Setting next_dagrun for example_python_operator to None, run_after=None
[2024-05-24T05:58:29.982+0000] {processor.py:183} INFO - Processing /home/airflow/.local/lib/python3.12/site-packages/airflow/example_dags/example_python_operator.py took 0.025 seconds
[2024-05-24T06:13:53.334+0000] {processor.py:161} INFO - Started process (PID=7402) to work on /home/airflow/.local/lib/python3.12/site-packages/airflow/example_dags/example_python_operator.py
[2024-05-24T06:13:53.334+0000] {processor.py:830} INFO - Processing file /home/airflow/.local/lib/python3.12/site-packages/airflow/example_dags/example_python_operator.py for tasks to queue
[2024-05-24T06:13:53.335+0000] {logging_mixin.py:188} INFO - [2024-05-24T06:13:53.335+0000] {dagbag.py:545} INFO - Filling up the DagBag from /home/airflow/.local/lib/python3.12/site-packages/airflow/example_dags/example_python_operator.py
[2024-05-24T06:13:53.339+0000] {processor.py:840} INFO - DAG(s) 'example_python_operator' retrieved from /home/airflow/.local/lib/python3.12/site-packages/airflow/example_dags/example_python_operator.py
[2024-05-24T06:13:53.346+0000] {logging_mixin.py:188} INFO - [2024-05-24T06:13:53.346+0000] {dag.py:3096} INFO - Sync 1 DAGs
[2024-05-24T06:13:53.350+0000] {logging_mixin.py:188} INFO - [2024-05-24T06:13:53.350+0000] {dag.py:3954} INFO - Setting next_dagrun for example_python_operator to None, run_after=None
[2024-05-24T06:13:53.356+0000] {processor.py:183} INFO - Processing /home/airflow/.local/lib/python3.12/site-packages/airflow/example_dags/example_python_operator.py took 0.025 seconds
[2024-05-24T06:26:10.197+0000] {processor.py:161} INFO - Started process (PID=7661) to work on /home/airflow/.local/lib/python3.12/site-packages/airflow/example_dags/example_python_operator.py
[2024-05-24T06:26:10.197+0000] {processor.py:830} INFO - Processing file /home/airflow/.local/lib/python3.12/site-packages/airflow/example_dags/example_python_operator.py for tasks to queue
[2024-05-24T06:26:10.198+0000] {logging_mixin.py:188} INFO - [2024-05-24T06:26:10.198+0000] {dagbag.py:545} INFO - Filling up the DagBag from /home/airflow/.local/lib/python3.12/site-packages/airflow/example_dags/example_python_operator.py
[2024-05-24T06:26:10.204+0000] {processor.py:840} INFO - DAG(s) 'example_python_operator' retrieved from /home/airflow/.local/lib/python3.12/site-packages/airflow/example_dags/example_python_operator.py
[2024-05-24T06:26:10.213+0000] {logging_mixin.py:188} INFO - [2024-05-24T06:26:10.213+0000] {dag.py:3096} INFO - Sync 1 DAGs
[2024-05-24T06:26:10.218+0000] {logging_mixin.py:188} INFO - [2024-05-24T06:26:10.218+0000] {dag.py:3954} INFO - Setting next_dagrun for example_python_operator to None, run_after=None
[2024-05-24T06:26:10.224+0000] {processor.py:183} INFO - Processing /home/airflow/.local/lib/python3.12/site-packages/airflow/example_dags/example_python_operator.py took 0.030 seconds
[2024-05-24T06:26:40.651+0000] {processor.py:161} INFO - Started process (PID=7924) to work on /home/airflow/.local/lib/python3.12/site-packages/airflow/example_dags/example_python_operator.py
[2024-05-24T06:26:40.651+0000] {processor.py:830} INFO - Processing file /home/airflow/.local/lib/python3.12/site-packages/airflow/example_dags/example_python_operator.py for tasks to queue
[2024-05-24T06:26:40.652+0000] {logging_mixin.py:188} INFO - [2024-05-24T06:26:40.652+0000] {dagbag.py:545} INFO - Filling up the DagBag from /home/airflow/.local/lib/python3.12/site-packages/airflow/example_dags/example_python_operator.py
[2024-05-24T06:26:40.656+0000] {processor.py:840} INFO - DAG(s) 'example_python_operator' retrieved from /home/airflow/.local/lib/python3.12/site-packages/airflow/example_dags/example_python_operator.py
[2024-05-24T06:26:40.664+0000] {logging_mixin.py:188} INFO - [2024-05-24T06:26:40.664+0000] {dag.py:3096} INFO - Sync 1 DAGs
[2024-05-24T06:26:40.669+0000] {logging_mixin.py:188} INFO - [2024-05-24T06:26:40.668+0000] {dag.py:3954} INFO - Setting next_dagrun for example_python_operator to None, run_after=None
[2024-05-24T06:26:40.675+0000] {processor.py:183} INFO - Processing /home/airflow/.local/lib/python3.12/site-packages/airflow/example_dags/example_python_operator.py took 0.026 seconds
[2024-05-24T06:27:11.061+0000] {processor.py:161} INFO - Started process (PID=8186) to work on /home/airflow/.local/lib/python3.12/site-packages/airflow/example_dags/example_python_operator.py
[2024-05-24T06:27:11.061+0000] {processor.py:830} INFO - Processing file /home/airflow/.local/lib/python3.12/site-packages/airflow/example_dags/example_python_operator.py for tasks to queue
[2024-05-24T06:27:11.062+0000] {logging_mixin.py:188} INFO - [2024-05-24T06:27:11.062+0000] {dagbag.py:545} INFO - Filling up the DagBag from /home/airflow/.local/lib/python3.12/site-packages/airflow/example_dags/example_python_operator.py
[2024-05-24T06:27:11.066+0000] {processor.py:840} INFO - DAG(s) 'example_python_operator' retrieved from /home/airflow/.local/lib/python3.12/site-packages/airflow/example_dags/example_python_operator.py
[2024-05-24T06:27:11.075+0000] {logging_mixin.py:188} INFO - [2024-05-24T06:27:11.075+0000] {dag.py:3096} INFO - Sync 1 DAGs
[2024-05-24T06:27:11.079+0000] {logging_mixin.py:188} INFO - [2024-05-24T06:27:11.079+0000] {dag.py:3954} INFO - Setting next_dagrun for example_python_operator to None, run_after=None
[2024-05-24T06:27:11.085+0000] {processor.py:183} INFO - Processing /home/airflow/.local/lib/python3.12/site-packages/airflow/example_dags/example_python_operator.py took 0.027 seconds
[2024-05-24T06:28:26.187+0000] {processor.py:161} INFO - Started process (PID=8446) to work on /home/airflow/.local/lib/python3.12/site-packages/airflow/example_dags/example_python_operator.py
[2024-05-24T06:28:26.189+0000] {processor.py:830} INFO - Processing file /home/airflow/.local/lib/python3.12/site-packages/airflow/example_dags/example_python_operator.py for tasks to queue
[2024-05-24T06:28:26.190+0000] {logging_mixin.py:188} INFO - [2024-05-24T06:28:26.190+0000] {dagbag.py:545} INFO - Filling up the DagBag from /home/airflow/.local/lib/python3.12/site-packages/airflow/example_dags/example_python_operator.py
[2024-05-24T06:28:26.194+0000] {processor.py:840} INFO - DAG(s) 'example_python_operator' retrieved from /home/airflow/.local/lib/python3.12/site-packages/airflow/example_dags/example_python_operator.py
[2024-05-24T06:28:26.203+0000] {logging_mixin.py:188} INFO - [2024-05-24T06:28:26.203+0000] {dag.py:3096} INFO - Sync 1 DAGs
[2024-05-24T06:28:26.208+0000] {logging_mixin.py:188} INFO - [2024-05-24T06:28:26.208+0000] {dag.py:3954} INFO - Setting next_dagrun for example_python_operator to None, run_after=None
[2024-05-24T06:28:26.215+0000] {processor.py:183} INFO - Processing /home/airflow/.local/lib/python3.12/site-packages/airflow/example_dags/example_python_operator.py took 0.030 seconds
[2024-05-24T06:28:56.566+0000] {processor.py:161} INFO - Started process (PID=8708) to work on /home/airflow/.local/lib/python3.12/site-packages/airflow/example_dags/example_python_operator.py
[2024-05-24T06:28:56.567+0000] {processor.py:830} INFO - Processing file /home/airflow/.local/lib/python3.12/site-packages/airflow/example_dags/example_python_operator.py for tasks to queue
[2024-05-24T06:28:56.567+0000] {logging_mixin.py:188} INFO - [2024-05-24T06:28:56.567+0000] {dagbag.py:545} INFO - Filling up the DagBag from /home/airflow/.local/lib/python3.12/site-packages/airflow/example_dags/example_python_operator.py
[2024-05-24T06:28:56.572+0000] {processor.py:840} INFO - DAG(s) 'example_python_operator' retrieved from /home/airflow/.local/lib/python3.12/site-packages/airflow/example_dags/example_python_operator.py
[2024-05-24T06:28:56.581+0000] {logging_mixin.py:188} INFO - [2024-05-24T06:28:56.581+0000] {dag.py:3096} INFO - Sync 1 DAGs
[2024-05-24T06:28:56.586+0000] {logging_mixin.py:188} INFO - [2024-05-24T06:28:56.586+0000] {dag.py:3954} INFO - Setting next_dagrun for example_python_operator to None, run_after=None
[2024-05-24T06:28:56.593+0000] {processor.py:183} INFO - Processing /home/airflow/.local/lib/python3.12/site-packages/airflow/example_dags/example_python_operator.py took 0.029 seconds
[2024-05-24T06:29:27.050+0000] {processor.py:161} INFO - Started process (PID=8970) to work on /home/airflow/.local/lib/python3.12/site-packages/airflow/example_dags/example_python_operator.py
[2024-05-24T06:29:27.051+0000] {processor.py:830} INFO - Processing file /home/airflow/.local/lib/python3.12/site-packages/airflow/example_dags/example_python_operator.py for tasks to queue
[2024-05-24T06:29:27.051+0000] {logging_mixin.py:188} INFO - [2024-05-24T06:29:27.051+0000] {dagbag.py:545} INFO - Filling up the DagBag from /home/airflow/.local/lib/python3.12/site-packages/airflow/example_dags/example_python_operator.py
[2024-05-24T06:29:27.055+0000] {processor.py:840} INFO - DAG(s) 'example_python_operator' retrieved from /home/airflow/.local/lib/python3.12/site-packages/airflow/example_dags/example_python_operator.py
[2024-05-24T06:29:27.064+0000] {logging_mixin.py:188} INFO - [2024-05-24T06:29:27.064+0000] {dag.py:3096} INFO - Sync 1 DAGs
[2024-05-24T06:29:27.068+0000] {logging_mixin.py:188} INFO - [2024-05-24T06:29:27.068+0000] {dag.py:3954} INFO - Setting next_dagrun for example_python_operator to None, run_after=None
[2024-05-24T06:29:27.075+0000] {processor.py:183} INFO - Processing /home/airflow/.local/lib/python3.12/site-packages/airflow/example_dags/example_python_operator.py took 0.027 seconds
[2024-05-24T06:29:57.427+0000] {processor.py:161} INFO - Started process (PID=9232) to work on /home/airflow/.local/lib/python3.12/site-packages/airflow/example_dags/example_python_operator.py
[2024-05-24T06:29:57.428+0000] {processor.py:830} INFO - Processing file /home/airflow/.local/lib/python3.12/site-packages/airflow/example_dags/example_python_operator.py for tasks to queue
[2024-05-24T06:29:57.429+0000] {logging_mixin.py:188} INFO - [2024-05-24T06:29:57.428+0000] {dagbag.py:545} INFO - Filling up the DagBag from /home/airflow/.local/lib/python3.12/site-packages/airflow/example_dags/example_python_operator.py
[2024-05-24T06:29:57.433+0000] {processor.py:840} INFO - DAG(s) 'example_python_operator' retrieved from /home/airflow/.local/lib/python3.12/site-packages/airflow/example_dags/example_python_operator.py
[2024-05-24T06:29:57.441+0000] {logging_mixin.py:188} INFO - [2024-05-24T06:29:57.441+0000] {dag.py:3096} INFO - Sync 1 DAGs
[2024-05-24T06:29:57.446+0000] {logging_mixin.py:188} INFO - [2024-05-24T06:29:57.446+0000] {dag.py:3954} INFO - Setting next_dagrun for example_python_operator to None, run_after=None
[2024-05-24T06:29:57.452+0000] {processor.py:183} INFO - Processing /home/airflow/.local/lib/python3.12/site-packages/airflow/example_dags/example_python_operator.py took 0.027 seconds
[2024-05-24T06:32:51.060+0000] {processor.py:161} INFO - Started process (PID=9494) to work on /home/airflow/.local/lib/python3.12/site-packages/airflow/example_dags/example_python_operator.py
[2024-05-24T06:32:51.060+0000] {processor.py:830} INFO - Processing file /home/airflow/.local/lib/python3.12/site-packages/airflow/example_dags/example_python_operator.py for tasks to queue
[2024-05-24T06:32:51.061+0000] {logging_mixin.py:188} INFO - [2024-05-24T06:32:51.061+0000] {dagbag.py:545} INFO - Filling up the DagBag from /home/airflow/.local/lib/python3.12/site-packages/airflow/example_dags/example_python_operator.py
[2024-05-24T06:32:51.065+0000] {processor.py:840} INFO - DAG(s) 'example_python_operator' retrieved from /home/airflow/.local/lib/python3.12/site-packages/airflow/example_dags/example_python_operator.py
[2024-05-24T06:32:51.073+0000] {logging_mixin.py:188} INFO - [2024-05-24T06:32:51.073+0000] {dag.py:3096} INFO - Sync 1 DAGs
[2024-05-24T06:32:51.077+0000] {logging_mixin.py:188} INFO - [2024-05-24T06:32:51.077+0000] {dag.py:3954} INFO - Setting next_dagrun for example_python_operator to None, run_after=None
[2024-05-24T06:32:51.083+0000] {processor.py:183} INFO - Processing /home/airflow/.local/lib/python3.12/site-packages/airflow/example_dags/example_python_operator.py took 0.026 seconds
[2024-05-24T06:34:34.222+0000] {processor.py:161} INFO - Started process (PID=9756) to work on /home/airflow/.local/lib/python3.12/site-packages/airflow/example_dags/example_python_operator.py
[2024-05-24T06:34:34.223+0000] {processor.py:830} INFO - Processing file /home/airflow/.local/lib/python3.12/site-packages/airflow/example_dags/example_python_operator.py for tasks to queue
[2024-05-24T06:34:34.224+0000] {logging_mixin.py:188} INFO - [2024-05-24T06:34:34.224+0000] {dagbag.py:545} INFO - Filling up the DagBag from /home/airflow/.local/lib/python3.12/site-packages/airflow/example_dags/example_python_operator.py
[2024-05-24T06:34:34.229+0000] {processor.py:840} INFO - DAG(s) 'example_python_operator' retrieved from /home/airflow/.local/lib/python3.12/site-packages/airflow/example_dags/example_python_operator.py
[2024-05-24T06:34:34.237+0000] {logging_mixin.py:188} INFO - [2024-05-24T06:34:34.237+0000] {dag.py:3096} INFO - Sync 1 DAGs
[2024-05-24T06:34:34.241+0000] {logging_mixin.py:188} INFO - [2024-05-24T06:34:34.241+0000] {dag.py:3954} INFO - Setting next_dagrun for example_python_operator to None, run_after=None
[2024-05-24T06:34:34.249+0000] {processor.py:183} INFO - Processing /home/airflow/.local/lib/python3.12/site-packages/airflow/example_dags/example_python_operator.py took 0.030 seconds
[2024-05-24T06:35:04.777+0000] {processor.py:161} INFO - Started process (PID=10020) to work on /home/airflow/.local/lib/python3.12/site-packages/airflow/example_dags/example_python_operator.py
[2024-05-24T06:35:04.778+0000] {processor.py:830} INFO - Processing file /home/airflow/.local/lib/python3.12/site-packages/airflow/example_dags/example_python_operator.py for tasks to queue
[2024-05-24T06:35:04.778+0000] {logging_mixin.py:188} INFO - [2024-05-24T06:35:04.778+0000] {dagbag.py:545} INFO - Filling up the DagBag from /home/airflow/.local/lib/python3.12/site-packages/airflow/example_dags/example_python_operator.py
[2024-05-24T06:35:04.783+0000] {processor.py:840} INFO - DAG(s) 'example_python_operator' retrieved from /home/airflow/.local/lib/python3.12/site-packages/airflow/example_dags/example_python_operator.py
[2024-05-24T06:35:04.791+0000] {logging_mixin.py:188} INFO - [2024-05-24T06:35:04.791+0000] {dag.py:3096} INFO - Sync 1 DAGs
[2024-05-24T06:35:04.796+0000] {logging_mixin.py:188} INFO - [2024-05-24T06:35:04.796+0000] {dag.py:3954} INFO - Setting next_dagrun for example_python_operator to None, run_after=None
[2024-05-24T06:35:04.802+0000] {processor.py:183} INFO - Processing /home/airflow/.local/lib/python3.12/site-packages/airflow/example_dags/example_python_operator.py took 0.027 seconds
[2024-05-24T06:50:34.507+0000] {processor.py:161} INFO - Started process (PID=10280) to work on /home/airflow/.local/lib/python3.12/site-packages/airflow/example_dags/example_python_operator.py
[2024-05-24T06:50:34.508+0000] {processor.py:830} INFO - Processing file /home/airflow/.local/lib/python3.12/site-packages/airflow/example_dags/example_python_operator.py for tasks to queue
[2024-05-24T06:50:34.509+0000] {logging_mixin.py:188} INFO - [2024-05-24T06:50:34.508+0000] {dagbag.py:545} INFO - Filling up the DagBag from /home/airflow/.local/lib/python3.12/site-packages/airflow/example_dags/example_python_operator.py
[2024-05-24T06:50:34.513+0000] {processor.py:840} INFO - DAG(s) 'example_python_operator' retrieved from /home/airflow/.local/lib/python3.12/site-packages/airflow/example_dags/example_python_operator.py
[2024-05-24T06:50:34.521+0000] {logging_mixin.py:188} INFO - [2024-05-24T06:50:34.521+0000] {dag.py:3096} INFO - Sync 1 DAGs
[2024-05-24T06:50:34.526+0000] {logging_mixin.py:188} INFO - [2024-05-24T06:50:34.526+0000] {dag.py:3954} INFO - Setting next_dagrun for example_python_operator to None, run_after=None
[2024-05-24T06:50:34.532+0000] {processor.py:183} INFO - Processing /home/airflow/.local/lib/python3.12/site-packages/airflow/example_dags/example_python_operator.py took 0.027 seconds
[2024-05-24T07:06:11.118+0000] {processor.py:161} INFO - Started process (PID=10542) to work on /home/airflow/.local/lib/python3.12/site-packages/airflow/example_dags/example_python_operator.py
[2024-05-24T07:06:11.118+0000] {processor.py:830} INFO - Processing file /home/airflow/.local/lib/python3.12/site-packages/airflow/example_dags/example_python_operator.py for tasks to queue
[2024-05-24T07:06:11.119+0000] {logging_mixin.py:188} INFO - [2024-05-24T07:06:11.119+0000] {dagbag.py:545} INFO - Filling up the DagBag from /home/airflow/.local/lib/python3.12/site-packages/airflow/example_dags/example_python_operator.py
[2024-05-24T07:06:11.123+0000] {processor.py:840} INFO - DAG(s) 'example_python_operator' retrieved from /home/airflow/.local/lib/python3.12/site-packages/airflow/example_dags/example_python_operator.py
[2024-05-24T07:06:11.131+0000] {logging_mixin.py:188} INFO - [2024-05-24T07:06:11.131+0000] {dag.py:3096} INFO - Sync 1 DAGs
[2024-05-24T07:06:11.136+0000] {logging_mixin.py:188} INFO - [2024-05-24T07:06:11.136+0000] {dag.py:3954} INFO - Setting next_dagrun for example_python_operator to None, run_after=None
[2024-05-24T07:06:11.142+0000] {processor.py:183} INFO - Processing /home/airflow/.local/lib/python3.12/site-packages/airflow/example_dags/example_python_operator.py took 0.027 seconds
[2024-05-24T07:30:09.362+0000] {processor.py:161} INFO - Started process (PID=10804) to work on /home/airflow/.local/lib/python3.12/site-packages/airflow/example_dags/example_python_operator.py
[2024-05-24T07:30:09.362+0000] {processor.py:830} INFO - Processing file /home/airflow/.local/lib/python3.12/site-packages/airflow/example_dags/example_python_operator.py for tasks to queue
[2024-05-24T07:30:09.363+0000] {logging_mixin.py:188} INFO - [2024-05-24T07:30:09.363+0000] {dagbag.py:545} INFO - Filling up the DagBag from /home/airflow/.local/lib/python3.12/site-packages/airflow/example_dags/example_python_operator.py
[2024-05-24T07:30:09.367+0000] {processor.py:840} INFO - DAG(s) 'example_python_operator' retrieved from /home/airflow/.local/lib/python3.12/site-packages/airflow/example_dags/example_python_operator.py
[2024-05-24T07:30:09.376+0000] {logging_mixin.py:188} INFO - [2024-05-24T07:30:09.376+0000] {dag.py:3096} INFO - Sync 1 DAGs
[2024-05-24T07:30:09.381+0000] {logging_mixin.py:188} INFO - [2024-05-24T07:30:09.380+0000] {dag.py:3954} INFO - Setting next_dagrun for example_python_operator to None, run_after=None
[2024-05-24T07:30:09.387+0000] {processor.py:183} INFO - Processing /home/airflow/.local/lib/python3.12/site-packages/airflow/example_dags/example_python_operator.py took 0.028 seconds
[2024-05-24T07:30:40.496+0000] {processor.py:161} INFO - Started process (PID=11066) to work on /home/airflow/.local/lib/python3.12/site-packages/airflow/example_dags/example_python_operator.py
[2024-05-24T07:30:40.496+0000] {processor.py:830} INFO - Processing file /home/airflow/.local/lib/python3.12/site-packages/airflow/example_dags/example_python_operator.py for tasks to queue
[2024-05-24T07:30:40.497+0000] {logging_mixin.py:188} INFO - [2024-05-24T07:30:40.497+0000] {dagbag.py:545} INFO - Filling up the DagBag from /home/airflow/.local/lib/python3.12/site-packages/airflow/example_dags/example_python_operator.py
[2024-05-24T07:30:40.568+0000] {processor.py:840} INFO - DAG(s) 'example_python_operator' retrieved from /home/airflow/.local/lib/python3.12/site-packages/airflow/example_dags/example_python_operator.py
[2024-05-24T07:30:40.575+0000] {logging_mixin.py:188} INFO - [2024-05-24T07:30:40.575+0000] {dag.py:3096} INFO - Sync 1 DAGs
[2024-05-24T07:30:40.578+0000] {logging_mixin.py:188} INFO - [2024-05-24T07:30:40.578+0000] {dag.py:3954} INFO - Setting next_dagrun for example_python_operator to None, run_after=None
[2024-05-24T07:30:40.585+0000] {processor.py:183} INFO - Processing /home/airflow/.local/lib/python3.12/site-packages/airflow/example_dags/example_python_operator.py took 0.091 seconds
[2024-05-24T07:31:11.479+0000] {processor.py:161} INFO - Started process (PID=11330) to work on /home/airflow/.local/lib/python3.12/site-packages/airflow/example_dags/example_python_operator.py
[2024-05-24T07:31:11.479+0000] {processor.py:830} INFO - Processing file /home/airflow/.local/lib/python3.12/site-packages/airflow/example_dags/example_python_operator.py for tasks to queue
[2024-05-24T07:31:11.480+0000] {logging_mixin.py:188} INFO - [2024-05-24T07:31:11.480+0000] {dagbag.py:545} INFO - Filling up the DagBag from /home/airflow/.local/lib/python3.12/site-packages/airflow/example_dags/example_python_operator.py
[2024-05-24T07:31:11.484+0000] {processor.py:840} INFO - DAG(s) 'example_python_operator' retrieved from /home/airflow/.local/lib/python3.12/site-packages/airflow/example_dags/example_python_operator.py
[2024-05-24T07:31:11.492+0000] {logging_mixin.py:188} INFO - [2024-05-24T07:31:11.492+0000] {dag.py:3096} INFO - Sync 1 DAGs
[2024-05-24T07:31:11.497+0000] {logging_mixin.py:188} INFO - [2024-05-24T07:31:11.497+0000] {dag.py:3954} INFO - Setting next_dagrun for example_python_operator to None, run_after=None
[2024-05-24T07:31:11.503+0000] {processor.py:183} INFO - Processing /home/airflow/.local/lib/python3.12/site-packages/airflow/example_dags/example_python_operator.py took 0.026 seconds
[2024-05-24T07:31:41.876+0000] {processor.py:161} INFO - Started process (PID=11592) to work on /home/airflow/.local/lib/python3.12/site-packages/airflow/example_dags/example_python_operator.py
[2024-05-24T07:31:41.877+0000] {processor.py:830} INFO - Processing file /home/airflow/.local/lib/python3.12/site-packages/airflow/example_dags/example_python_operator.py for tasks to queue
[2024-05-24T07:31:41.877+0000] {logging_mixin.py:188} INFO - [2024-05-24T07:31:41.877+0000] {dagbag.py:545} INFO - Filling up the DagBag from /home/airflow/.local/lib/python3.12/site-packages/airflow/example_dags/example_python_operator.py
[2024-05-24T07:31:41.882+0000] {processor.py:840} INFO - DAG(s) 'example_python_operator' retrieved from /home/airflow/.local/lib/python3.12/site-packages/airflow/example_dags/example_python_operator.py
[2024-05-24T07:31:41.890+0000] {logging_mixin.py:188} INFO - [2024-05-24T07:31:41.890+0000] {dag.py:3096} INFO - Sync 1 DAGs
[2024-05-24T07:31:41.894+0000] {logging_mixin.py:188} INFO - [2024-05-24T07:31:41.894+0000] {dag.py:3954} INFO - Setting next_dagrun for example_python_operator to None, run_after=None
[2024-05-24T07:31:41.901+0000] {processor.py:183} INFO - Processing /home/airflow/.local/lib/python3.12/site-packages/airflow/example_dags/example_python_operator.py took 0.027 seconds
[2024-05-24T07:32:12.240+0000] {processor.py:161} INFO - Started process (PID=11854) to work on /home/airflow/.local/lib/python3.12/site-packages/airflow/example_dags/example_python_operator.py
[2024-05-24T07:32:12.241+0000] {processor.py:830} INFO - Processing file /home/airflow/.local/lib/python3.12/site-packages/airflow/example_dags/example_python_operator.py for tasks to queue
[2024-05-24T07:32:12.241+0000] {logging_mixin.py:188} INFO - [2024-05-24T07:32:12.241+0000] {dagbag.py:545} INFO - Filling up the DagBag from /home/airflow/.local/lib/python3.12/site-packages/airflow/example_dags/example_python_operator.py
[2024-05-24T07:32:12.246+0000] {processor.py:840} INFO - DAG(s) 'example_python_operator' retrieved from /home/airflow/.local/lib/python3.12/site-packages/airflow/example_dags/example_python_operator.py
[2024-05-24T07:32:12.254+0000] {logging_mixin.py:188} INFO - [2024-05-24T07:32:12.254+0000] {dag.py:3096} INFO - Sync 1 DAGs
[2024-05-24T07:32:12.258+0000] {logging_mixin.py:188} INFO - [2024-05-24T07:32:12.258+0000] {dag.py:3954} INFO - Setting next_dagrun for example_python_operator to None, run_after=None
[2024-05-24T07:32:12.265+0000] {processor.py:183} INFO - Processing /home/airflow/.local/lib/python3.12/site-packages/airflow/example_dags/example_python_operator.py took 0.027 seconds
[2024-05-24T07:32:59.019+0000] {processor.py:161} INFO - Started process (PID=12114) to work on /home/airflow/.local/lib/python3.12/site-packages/airflow/example_dags/example_python_operator.py
[2024-05-24T07:32:59.019+0000] {processor.py:830} INFO - Processing file /home/airflow/.local/lib/python3.12/site-packages/airflow/example_dags/example_python_operator.py for tasks to queue
[2024-05-24T07:32:59.020+0000] {logging_mixin.py:188} INFO - [2024-05-24T07:32:59.020+0000] {dagbag.py:545} INFO - Filling up the DagBag from /home/airflow/.local/lib/python3.12/site-packages/airflow/example_dags/example_python_operator.py
[2024-05-24T07:32:59.024+0000] {processor.py:840} INFO - DAG(s) 'example_python_operator' retrieved from /home/airflow/.local/lib/python3.12/site-packages/airflow/example_dags/example_python_operator.py
[2024-05-24T07:32:59.033+0000] {logging_mixin.py:188} INFO - [2024-05-24T07:32:59.033+0000] {dag.py:3096} INFO - Sync 1 DAGs
[2024-05-24T07:32:59.038+0000] {logging_mixin.py:188} INFO - [2024-05-24T07:32:59.038+0000] {dag.py:3954} INFO - Setting next_dagrun for example_python_operator to None, run_after=None
[2024-05-24T07:32:59.045+0000] {processor.py:183} INFO - Processing /home/airflow/.local/lib/python3.12/site-packages/airflow/example_dags/example_python_operator.py took 0.029 seconds
[2024-05-24T07:33:29.384+0000] {processor.py:161} INFO - Started process (PID=12376) to work on /home/airflow/.local/lib/python3.12/site-packages/airflow/example_dags/example_python_operator.py
[2024-05-24T07:33:29.384+0000] {processor.py:830} INFO - Processing file /home/airflow/.local/lib/python3.12/site-packages/airflow/example_dags/example_python_operator.py for tasks to queue
[2024-05-24T07:33:29.385+0000] {logging_mixin.py:188} INFO - [2024-05-24T07:33:29.385+0000] {dagbag.py:545} INFO - Filling up the DagBag from /home/airflow/.local/lib/python3.12/site-packages/airflow/example_dags/example_python_operator.py
[2024-05-24T07:33:29.389+0000] {processor.py:840} INFO - DAG(s) 'example_python_operator' retrieved from /home/airflow/.local/lib/python3.12/site-packages/airflow/example_dags/example_python_operator.py
[2024-05-24T07:33:29.398+0000] {logging_mixin.py:188} INFO - [2024-05-24T07:33:29.398+0000] {dag.py:3096} INFO - Sync 1 DAGs
[2024-05-24T07:33:29.403+0000] {logging_mixin.py:188} INFO - [2024-05-24T07:33:29.403+0000] {dag.py:3954} INFO - Setting next_dagrun for example_python_operator to None, run_after=None
[2024-05-24T07:33:29.410+0000] {processor.py:183} INFO - Processing /home/airflow/.local/lib/python3.12/site-packages/airflow/example_dags/example_python_operator.py took 0.029 seconds
[2024-05-24T07:33:59.716+0000] {processor.py:161} INFO - Started process (PID=12638) to work on /home/airflow/.local/lib/python3.12/site-packages/airflow/example_dags/example_python_operator.py
[2024-05-24T07:33:59.716+0000] {processor.py:830} INFO - Processing file /home/airflow/.local/lib/python3.12/site-packages/airflow/example_dags/example_python_operator.py for tasks to queue
[2024-05-24T07:33:59.717+0000] {logging_mixin.py:188} INFO - [2024-05-24T07:33:59.717+0000] {dagbag.py:545} INFO - Filling up the DagBag from /home/airflow/.local/lib/python3.12/site-packages/airflow/example_dags/example_python_operator.py
[2024-05-24T07:33:59.721+0000] {processor.py:840} INFO - DAG(s) 'example_python_operator' retrieved from /home/airflow/.local/lib/python3.12/site-packages/airflow/example_dags/example_python_operator.py
[2024-05-24T07:33:59.730+0000] {logging_mixin.py:188} INFO - [2024-05-24T07:33:59.730+0000] {dag.py:3096} INFO - Sync 1 DAGs
[2024-05-24T07:33:59.735+0000] {logging_mixin.py:188} INFO - [2024-05-24T07:33:59.735+0000] {dag.py:3954} INFO - Setting next_dagrun for example_python_operator to None, run_after=None
[2024-05-24T07:33:59.743+0000] {processor.py:183} INFO - Processing /home/airflow/.local/lib/python3.12/site-packages/airflow/example_dags/example_python_operator.py took 0.030 seconds
[2024-05-24T07:34:30.173+0000] {processor.py:161} INFO - Started process (PID=12901) to work on /home/airflow/.local/lib/python3.12/site-packages/airflow/example_dags/example_python_operator.py
[2024-05-24T07:34:30.173+0000] {processor.py:830} INFO - Processing file /home/airflow/.local/lib/python3.12/site-packages/airflow/example_dags/example_python_operator.py for tasks to queue
[2024-05-24T07:34:30.174+0000] {logging_mixin.py:188} INFO - [2024-05-24T07:34:30.174+0000] {dagbag.py:545} INFO - Filling up the DagBag from /home/airflow/.local/lib/python3.12/site-packages/airflow/example_dags/example_python_operator.py
[2024-05-24T07:34:30.178+0000] {processor.py:840} INFO - DAG(s) 'example_python_operator' retrieved from /home/airflow/.local/lib/python3.12/site-packages/airflow/example_dags/example_python_operator.py
[2024-05-24T07:34:30.186+0000] {logging_mixin.py:188} INFO - [2024-05-24T07:34:30.186+0000] {dag.py:3096} INFO - Sync 1 DAGs
[2024-05-24T07:34:30.190+0000] {logging_mixin.py:188} INFO - [2024-05-24T07:34:30.190+0000] {dag.py:3954} INFO - Setting next_dagrun for example_python_operator to None, run_after=None
[2024-05-24T07:34:30.196+0000] {processor.py:183} INFO - Processing /home/airflow/.local/lib/python3.12/site-packages/airflow/example_dags/example_python_operator.py took 0.026 seconds
[2024-05-24T07:35:00.646+0000] {processor.py:161} INFO - Started process (PID=13161) to work on /home/airflow/.local/lib/python3.12/site-packages/airflow/example_dags/example_python_operator.py
[2024-05-24T07:35:00.646+0000] {processor.py:830} INFO - Processing file /home/airflow/.local/lib/python3.12/site-packages/airflow/example_dags/example_python_operator.py for tasks to queue
[2024-05-24T07:35:00.647+0000] {logging_mixin.py:188} INFO - [2024-05-24T07:35:00.647+0000] {dagbag.py:545} INFO - Filling up the DagBag from /home/airflow/.local/lib/python3.12/site-packages/airflow/example_dags/example_python_operator.py
[2024-05-24T07:35:00.652+0000] {processor.py:840} INFO - DAG(s) 'example_python_operator' retrieved from /home/airflow/.local/lib/python3.12/site-packages/airflow/example_dags/example_python_operator.py
[2024-05-24T07:35:00.660+0000] {logging_mixin.py:188} INFO - [2024-05-24T07:35:00.660+0000] {dag.py:3096} INFO - Sync 1 DAGs
[2024-05-24T07:35:00.665+0000] {logging_mixin.py:188} INFO - [2024-05-24T07:35:00.665+0000] {dag.py:3954} INFO - Setting next_dagrun for example_python_operator to None, run_after=None
[2024-05-24T07:35:00.672+0000] {processor.py:183} INFO - Processing /home/airflow/.local/lib/python3.12/site-packages/airflow/example_dags/example_python_operator.py took 0.028 seconds
[2024-05-24T07:35:30.999+0000] {processor.py:161} INFO - Started process (PID=13423) to work on /home/airflow/.local/lib/python3.12/site-packages/airflow/example_dags/example_python_operator.py
[2024-05-24T07:35:30.999+0000] {processor.py:830} INFO - Processing file /home/airflow/.local/lib/python3.12/site-packages/airflow/example_dags/example_python_operator.py for tasks to queue
[2024-05-24T07:35:31.000+0000] {logging_mixin.py:188} INFO - [2024-05-24T07:35:31.000+0000] {dagbag.py:545} INFO - Filling up the DagBag from /home/airflow/.local/lib/python3.12/site-packages/airflow/example_dags/example_python_operator.py
[2024-05-24T07:35:31.004+0000] {processor.py:840} INFO - DAG(s) 'example_python_operator' retrieved from /home/airflow/.local/lib/python3.12/site-packages/airflow/example_dags/example_python_operator.py
[2024-05-24T07:35:31.013+0000] {logging_mixin.py:188} INFO - [2024-05-24T07:35:31.013+0000] {dag.py:3096} INFO - Sync 1 DAGs
[2024-05-24T07:35:31.018+0000] {logging_mixin.py:188} INFO - [2024-05-24T07:35:31.018+0000] {dag.py:3954} INFO - Setting next_dagrun for example_python_operator to None, run_after=None
[2024-05-24T07:35:31.025+0000] {processor.py:183} INFO - Processing /home/airflow/.local/lib/python3.12/site-packages/airflow/example_dags/example_python_operator.py took 0.028 seconds
[2024-05-24T07:36:01.342+0000] {processor.py:161} INFO - Started process (PID=13685) to work on /home/airflow/.local/lib/python3.12/site-packages/airflow/example_dags/example_python_operator.py
[2024-05-24T07:36:01.342+0000] {processor.py:830} INFO - Processing file /home/airflow/.local/lib/python3.12/site-packages/airflow/example_dags/example_python_operator.py for tasks to queue
[2024-05-24T07:36:01.343+0000] {logging_mixin.py:188} INFO - [2024-05-24T07:36:01.343+0000] {dagbag.py:545} INFO - Filling up the DagBag from /home/airflow/.local/lib/python3.12/site-packages/airflow/example_dags/example_python_operator.py
[2024-05-24T07:36:01.348+0000] {processor.py:840} INFO - DAG(s) 'example_python_operator' retrieved from /home/airflow/.local/lib/python3.12/site-packages/airflow/example_dags/example_python_operator.py
[2024-05-24T07:36:01.357+0000] {logging_mixin.py:188} INFO - [2024-05-24T07:36:01.356+0000] {dag.py:3096} INFO - Sync 1 DAGs
[2024-05-24T07:36:01.361+0000] {logging_mixin.py:188} INFO - [2024-05-24T07:36:01.361+0000] {dag.py:3954} INFO - Setting next_dagrun for example_python_operator to None, run_after=None
[2024-05-24T07:36:01.368+0000] {processor.py:183} INFO - Processing /home/airflow/.local/lib/python3.12/site-packages/airflow/example_dags/example_python_operator.py took 0.028 seconds
[2024-05-24T07:36:31.834+0000] {processor.py:161} INFO - Started process (PID=13947) to work on /home/airflow/.local/lib/python3.12/site-packages/airflow/example_dags/example_python_operator.py
[2024-05-24T07:36:31.835+0000] {processor.py:830} INFO - Processing file /home/airflow/.local/lib/python3.12/site-packages/airflow/example_dags/example_python_operator.py for tasks to queue
[2024-05-24T07:36:31.836+0000] {logging_mixin.py:188} INFO - [2024-05-24T07:36:31.835+0000] {dagbag.py:545} INFO - Filling up the DagBag from /home/airflow/.local/lib/python3.12/site-packages/airflow/example_dags/example_python_operator.py
[2024-05-24T07:36:31.840+0000] {processor.py:840} INFO - DAG(s) 'example_python_operator' retrieved from /home/airflow/.local/lib/python3.12/site-packages/airflow/example_dags/example_python_operator.py
[2024-05-24T07:36:31.849+0000] {logging_mixin.py:188} INFO - [2024-05-24T07:36:31.849+0000] {dag.py:3096} INFO - Sync 1 DAGs
[2024-05-24T07:36:31.854+0000] {logging_mixin.py:188} INFO - [2024-05-24T07:36:31.854+0000] {dag.py:3954} INFO - Setting next_dagrun for example_python_operator to None, run_after=None
[2024-05-24T07:36:31.860+0000] {processor.py:183} INFO - Processing /home/airflow/.local/lib/python3.12/site-packages/airflow/example_dags/example_python_operator.py took 0.028 seconds
[2024-05-24T07:37:02.194+0000] {processor.py:161} INFO - Started process (PID=14209) to work on /home/airflow/.local/lib/python3.12/site-packages/airflow/example_dags/example_python_operator.py
[2024-05-24T07:37:02.195+0000] {processor.py:830} INFO - Processing file /home/airflow/.local/lib/python3.12/site-packages/airflow/example_dags/example_python_operator.py for tasks to queue
[2024-05-24T07:37:02.196+0000] {logging_mixin.py:188} INFO - [2024-05-24T07:37:02.195+0000] {dagbag.py:545} INFO - Filling up the DagBag from /home/airflow/.local/lib/python3.12/site-packages/airflow/example_dags/example_python_operator.py
[2024-05-24T07:37:02.200+0000] {processor.py:840} INFO - DAG(s) 'example_python_operator' retrieved from /home/airflow/.local/lib/python3.12/site-packages/airflow/example_dags/example_python_operator.py
[2024-05-24T07:37:02.209+0000] {logging_mixin.py:188} INFO - [2024-05-24T07:37:02.209+0000] {dag.py:3096} INFO - Sync 1 DAGs
[2024-05-24T07:37:02.214+0000] {logging_mixin.py:188} INFO - [2024-05-24T07:37:02.214+0000] {dag.py:3954} INFO - Setting next_dagrun for example_python_operator to None, run_after=None
[2024-05-24T07:37:02.221+0000] {processor.py:183} INFO - Processing /home/airflow/.local/lib/python3.12/site-packages/airflow/example_dags/example_python_operator.py took 0.029 seconds
[2024-05-24T07:37:32.656+0000] {processor.py:161} INFO - Started process (PID=14473) to work on /home/airflow/.local/lib/python3.12/site-packages/airflow/example_dags/example_python_operator.py
[2024-05-24T07:37:32.657+0000] {processor.py:830} INFO - Processing file /home/airflow/.local/lib/python3.12/site-packages/airflow/example_dags/example_python_operator.py for tasks to queue
[2024-05-24T07:37:32.657+0000] {logging_mixin.py:188} INFO - [2024-05-24T07:37:32.657+0000] {dagbag.py:545} INFO - Filling up the DagBag from /home/airflow/.local/lib/python3.12/site-packages/airflow/example_dags/example_python_operator.py
[2024-05-24T07:37:32.662+0000] {processor.py:840} INFO - DAG(s) 'example_python_operator' retrieved from /home/airflow/.local/lib/python3.12/site-packages/airflow/example_dags/example_python_operator.py
[2024-05-24T07:37:32.671+0000] {logging_mixin.py:188} INFO - [2024-05-24T07:37:32.671+0000] {dag.py:3096} INFO - Sync 1 DAGs
[2024-05-24T07:37:32.675+0000] {logging_mixin.py:188} INFO - [2024-05-24T07:37:32.675+0000] {dag.py:3954} INFO - Setting next_dagrun for example_python_operator to None, run_after=None
[2024-05-24T07:37:32.682+0000] {processor.py:183} INFO - Processing /home/airflow/.local/lib/python3.12/site-packages/airflow/example_dags/example_python_operator.py took 0.028 seconds
[2024-05-24T07:38:03.075+0000] {processor.py:161} INFO - Started process (PID=14733) to work on /home/airflow/.local/lib/python3.12/site-packages/airflow/example_dags/example_python_operator.py
[2024-05-24T07:38:03.076+0000] {processor.py:830} INFO - Processing file /home/airflow/.local/lib/python3.12/site-packages/airflow/example_dags/example_python_operator.py for tasks to queue
[2024-05-24T07:38:03.076+0000] {logging_mixin.py:188} INFO - [2024-05-24T07:38:03.076+0000] {dagbag.py:545} INFO - Filling up the DagBag from /home/airflow/.local/lib/python3.12/site-packages/airflow/example_dags/example_python_operator.py
[2024-05-24T07:38:03.081+0000] {processor.py:840} INFO - DAG(s) 'example_python_operator' retrieved from /home/airflow/.local/lib/python3.12/site-packages/airflow/example_dags/example_python_operator.py
[2024-05-24T07:38:03.090+0000] {logging_mixin.py:188} INFO - [2024-05-24T07:38:03.090+0000] {dag.py:3096} INFO - Sync 1 DAGs
[2024-05-24T07:38:03.095+0000] {logging_mixin.py:188} INFO - [2024-05-24T07:38:03.094+0000] {dag.py:3954} INFO - Setting next_dagrun for example_python_operator to None, run_after=None
[2024-05-24T07:38:03.101+0000] {processor.py:183} INFO - Processing /home/airflow/.local/lib/python3.12/site-packages/airflow/example_dags/example_python_operator.py took 0.029 seconds
[2024-05-24T07:38:33.423+0000] {processor.py:161} INFO - Started process (PID=14995) to work on /home/airflow/.local/lib/python3.12/site-packages/airflow/example_dags/example_python_operator.py
[2024-05-24T07:38:33.423+0000] {processor.py:830} INFO - Processing file /home/airflow/.local/lib/python3.12/site-packages/airflow/example_dags/example_python_operator.py for tasks to queue
[2024-05-24T07:38:33.424+0000] {logging_mixin.py:188} INFO - [2024-05-24T07:38:33.424+0000] {dagbag.py:545} INFO - Filling up the DagBag from /home/airflow/.local/lib/python3.12/site-packages/airflow/example_dags/example_python_operator.py
[2024-05-24T07:38:33.429+0000] {processor.py:840} INFO - DAG(s) 'example_python_operator' retrieved from /home/airflow/.local/lib/python3.12/site-packages/airflow/example_dags/example_python_operator.py
[2024-05-24T07:38:33.437+0000] {logging_mixin.py:188} INFO - [2024-05-24T07:38:33.437+0000] {dag.py:3096} INFO - Sync 1 DAGs
[2024-05-24T07:38:33.442+0000] {logging_mixin.py:188} INFO - [2024-05-24T07:38:33.442+0000] {dag.py:3954} INFO - Setting next_dagrun for example_python_operator to None, run_after=None
[2024-05-24T07:38:33.448+0000] {processor.py:183} INFO - Processing /home/airflow/.local/lib/python3.12/site-packages/airflow/example_dags/example_python_operator.py took 0.028 seconds
[2024-05-24T07:39:03.750+0000] {processor.py:161} INFO - Started process (PID=15257) to work on /home/airflow/.local/lib/python3.12/site-packages/airflow/example_dags/example_python_operator.py
[2024-05-24T07:39:03.750+0000] {processor.py:830} INFO - Processing file /home/airflow/.local/lib/python3.12/site-packages/airflow/example_dags/example_python_operator.py for tasks to queue
[2024-05-24T07:39:03.751+0000] {logging_mixin.py:188} INFO - [2024-05-24T07:39:03.751+0000] {dagbag.py:545} INFO - Filling up the DagBag from /home/airflow/.local/lib/python3.12/site-packages/airflow/example_dags/example_python_operator.py
[2024-05-24T07:39:03.755+0000] {processor.py:840} INFO - DAG(s) 'example_python_operator' retrieved from /home/airflow/.local/lib/python3.12/site-packages/airflow/example_dags/example_python_operator.py
[2024-05-24T07:39:03.764+0000] {logging_mixin.py:188} INFO - [2024-05-24T07:39:03.764+0000] {dag.py:3096} INFO - Sync 1 DAGs
[2024-05-24T07:39:03.768+0000] {logging_mixin.py:188} INFO - [2024-05-24T07:39:03.768+0000] {dag.py:3954} INFO - Setting next_dagrun for example_python_operator to None, run_after=None
[2024-05-24T07:39:03.775+0000] {processor.py:183} INFO - Processing /home/airflow/.local/lib/python3.12/site-packages/airflow/example_dags/example_python_operator.py took 0.028 seconds
[2024-05-24T07:39:34.100+0000] {processor.py:161} INFO - Started process (PID=15518) to work on /home/airflow/.local/lib/python3.12/site-packages/airflow/example_dags/example_python_operator.py
[2024-05-24T07:39:34.100+0000] {processor.py:830} INFO - Processing file /home/airflow/.local/lib/python3.12/site-packages/airflow/example_dags/example_python_operator.py for tasks to queue
[2024-05-24T07:39:34.101+0000] {logging_mixin.py:188} INFO - [2024-05-24T07:39:34.101+0000] {dagbag.py:545} INFO - Filling up the DagBag from /home/airflow/.local/lib/python3.12/site-packages/airflow/example_dags/example_python_operator.py
[2024-05-24T07:39:34.105+0000] {processor.py:840} INFO - DAG(s) 'example_python_operator' retrieved from /home/airflow/.local/lib/python3.12/site-packages/airflow/example_dags/example_python_operator.py
[2024-05-24T07:39:34.114+0000] {logging_mixin.py:188} INFO - [2024-05-24T07:39:34.114+0000] {dag.py:3096} INFO - Sync 1 DAGs
[2024-05-24T07:39:34.118+0000] {logging_mixin.py:188} INFO - [2024-05-24T07:39:34.118+0000] {dag.py:3954} INFO - Setting next_dagrun for example_python_operator to None, run_after=None
[2024-05-24T07:39:34.125+0000] {processor.py:183} INFO - Processing /home/airflow/.local/lib/python3.12/site-packages/airflow/example_dags/example_python_operator.py took 0.028 seconds
[2024-05-24T07:40:04.587+0000] {processor.py:161} INFO - Started process (PID=15780) to work on /home/airflow/.local/lib/python3.12/site-packages/airflow/example_dags/example_python_operator.py
[2024-05-24T07:40:04.587+0000] {processor.py:830} INFO - Processing file /home/airflow/.local/lib/python3.12/site-packages/airflow/example_dags/example_python_operator.py for tasks to queue
[2024-05-24T07:40:04.588+0000] {logging_mixin.py:188} INFO - [2024-05-24T07:40:04.588+0000] {dagbag.py:545} INFO - Filling up the DagBag from /home/airflow/.local/lib/python3.12/site-packages/airflow/example_dags/example_python_operator.py
[2024-05-24T07:40:04.592+0000] {processor.py:840} INFO - DAG(s) 'example_python_operator' retrieved from /home/airflow/.local/lib/python3.12/site-packages/airflow/example_dags/example_python_operator.py
[2024-05-24T07:40:04.601+0000] {logging_mixin.py:188} INFO - [2024-05-24T07:40:04.601+0000] {dag.py:3096} INFO - Sync 1 DAGs
[2024-05-24T07:40:04.606+0000] {logging_mixin.py:188} INFO - [2024-05-24T07:40:04.606+0000] {dag.py:3954} INFO - Setting next_dagrun for example_python_operator to None, run_after=None
[2024-05-24T07:40:04.612+0000] {processor.py:183} INFO - Processing /home/airflow/.local/lib/python3.12/site-packages/airflow/example_dags/example_python_operator.py took 0.028 seconds
[2024-05-24T07:40:35.041+0000] {processor.py:161} INFO - Started process (PID=16042) to work on /home/airflow/.local/lib/python3.12/site-packages/airflow/example_dags/example_python_operator.py
[2024-05-24T07:40:35.041+0000] {processor.py:830} INFO - Processing file /home/airflow/.local/lib/python3.12/site-packages/airflow/example_dags/example_python_operator.py for tasks to queue
[2024-05-24T07:40:35.042+0000] {logging_mixin.py:188} INFO - [2024-05-24T07:40:35.042+0000] {dagbag.py:545} INFO - Filling up the DagBag from /home/airflow/.local/lib/python3.12/site-packages/airflow/example_dags/example_python_operator.py
[2024-05-24T07:40:35.046+0000] {processor.py:840} INFO - DAG(s) 'example_python_operator' retrieved from /home/airflow/.local/lib/python3.12/site-packages/airflow/example_dags/example_python_operator.py
[2024-05-24T07:40:35.055+0000] {logging_mixin.py:188} INFO - [2024-05-24T07:40:35.055+0000] {dag.py:3096} INFO - Sync 1 DAGs
[2024-05-24T07:40:35.060+0000] {logging_mixin.py:188} INFO - [2024-05-24T07:40:35.060+0000] {dag.py:3954} INFO - Setting next_dagrun for example_python_operator to None, run_after=None
[2024-05-24T07:40:35.067+0000] {processor.py:183} INFO - Processing /home/airflow/.local/lib/python3.12/site-packages/airflow/example_dags/example_python_operator.py took 0.029 seconds
[2024-05-24T07:41:05.408+0000] {processor.py:161} INFO - Started process (PID=16304) to work on /home/airflow/.local/lib/python3.12/site-packages/airflow/example_dags/example_python_operator.py
[2024-05-24T07:41:05.408+0000] {processor.py:830} INFO - Processing file /home/airflow/.local/lib/python3.12/site-packages/airflow/example_dags/example_python_operator.py for tasks to queue
[2024-05-24T07:41:05.409+0000] {logging_mixin.py:188} INFO - [2024-05-24T07:41:05.409+0000] {dagbag.py:545} INFO - Filling up the DagBag from /home/airflow/.local/lib/python3.12/site-packages/airflow/example_dags/example_python_operator.py
[2024-05-24T07:41:05.414+0000] {processor.py:840} INFO - DAG(s) 'example_python_operator' retrieved from /home/airflow/.local/lib/python3.12/site-packages/airflow/example_dags/example_python_operator.py
[2024-05-24T07:41:05.422+0000] {logging_mixin.py:188} INFO - [2024-05-24T07:41:05.422+0000] {dag.py:3096} INFO - Sync 1 DAGs
[2024-05-24T07:41:05.427+0000] {logging_mixin.py:188} INFO - [2024-05-24T07:41:05.427+0000] {dag.py:3954} INFO - Setting next_dagrun for example_python_operator to None, run_after=None
[2024-05-24T07:41:05.434+0000] {processor.py:183} INFO - Processing /home/airflow/.local/lib/python3.12/site-packages/airflow/example_dags/example_python_operator.py took 0.029 seconds
[2024-05-24T07:41:35.741+0000] {processor.py:161} INFO - Started process (PID=16566) to work on /home/airflow/.local/lib/python3.12/site-packages/airflow/example_dags/example_python_operator.py
[2024-05-24T07:41:35.742+0000] {processor.py:830} INFO - Processing file /home/airflow/.local/lib/python3.12/site-packages/airflow/example_dags/example_python_operator.py for tasks to queue
[2024-05-24T07:41:35.742+0000] {logging_mixin.py:188} INFO - [2024-05-24T07:41:35.742+0000] {dagbag.py:545} INFO - Filling up the DagBag from /home/airflow/.local/lib/python3.12/site-packages/airflow/example_dags/example_python_operator.py
[2024-05-24T07:41:35.747+0000] {processor.py:840} INFO - DAG(s) 'example_python_operator' retrieved from /home/airflow/.local/lib/python3.12/site-packages/airflow/example_dags/example_python_operator.py
[2024-05-24T07:41:35.758+0000] {logging_mixin.py:188} INFO - [2024-05-24T07:41:35.758+0000] {dag.py:3096} INFO - Sync 1 DAGs
[2024-05-24T07:41:35.763+0000] {logging_mixin.py:188} INFO - [2024-05-24T07:41:35.763+0000] {dag.py:3954} INFO - Setting next_dagrun for example_python_operator to None, run_after=None
[2024-05-24T07:41:35.769+0000] {processor.py:183} INFO - Processing /home/airflow/.local/lib/python3.12/site-packages/airflow/example_dags/example_python_operator.py took 0.031 seconds
[2024-05-24T07:42:06.102+0000] {processor.py:161} INFO - Started process (PID=16828) to work on /home/airflow/.local/lib/python3.12/site-packages/airflow/example_dags/example_python_operator.py
[2024-05-24T07:42:06.102+0000] {processor.py:830} INFO - Processing file /home/airflow/.local/lib/python3.12/site-packages/airflow/example_dags/example_python_operator.py for tasks to queue
[2024-05-24T07:42:06.103+0000] {logging_mixin.py:188} INFO - [2024-05-24T07:42:06.103+0000] {dagbag.py:545} INFO - Filling up the DagBag from /home/airflow/.local/lib/python3.12/site-packages/airflow/example_dags/example_python_operator.py
[2024-05-24T07:42:06.108+0000] {processor.py:840} INFO - DAG(s) 'example_python_operator' retrieved from /home/airflow/.local/lib/python3.12/site-packages/airflow/example_dags/example_python_operator.py
[2024-05-24T07:42:06.117+0000] {logging_mixin.py:188} INFO - [2024-05-24T07:42:06.116+0000] {dag.py:3096} INFO - Sync 1 DAGs
[2024-05-24T07:42:06.121+0000] {logging_mixin.py:188} INFO - [2024-05-24T07:42:06.121+0000] {dag.py:3954} INFO - Setting next_dagrun for example_python_operator to None, run_after=None
[2024-05-24T07:42:06.128+0000] {processor.py:183} INFO - Processing /home/airflow/.local/lib/python3.12/site-packages/airflow/example_dags/example_python_operator.py took 0.028 seconds
[2024-05-24T07:42:36.541+0000] {processor.py:161} INFO - Started process (PID=17092) to work on /home/airflow/.local/lib/python3.12/site-packages/airflow/example_dags/example_python_operator.py
[2024-05-24T07:42:36.542+0000] {processor.py:830} INFO - Processing file /home/airflow/.local/lib/python3.12/site-packages/airflow/example_dags/example_python_operator.py for tasks to queue
[2024-05-24T07:42:36.542+0000] {logging_mixin.py:188} INFO - [2024-05-24T07:42:36.542+0000] {dagbag.py:545} INFO - Filling up the DagBag from /home/airflow/.local/lib/python3.12/site-packages/airflow/example_dags/example_python_operator.py
[2024-05-24T07:42:36.546+0000] {processor.py:840} INFO - DAG(s) 'example_python_operator' retrieved from /home/airflow/.local/lib/python3.12/site-packages/airflow/example_dags/example_python_operator.py
[2024-05-24T07:42:36.555+0000] {logging_mixin.py:188} INFO - [2024-05-24T07:42:36.555+0000] {dag.py:3096} INFO - Sync 1 DAGs
[2024-05-24T07:42:36.559+0000] {logging_mixin.py:188} INFO - [2024-05-24T07:42:36.559+0000] {dag.py:3954} INFO - Setting next_dagrun for example_python_operator to None, run_after=None
[2024-05-24T07:42:36.565+0000] {processor.py:183} INFO - Processing /home/airflow/.local/lib/python3.12/site-packages/airflow/example_dags/example_python_operator.py took 0.026 seconds
[2024-05-24T07:43:06.944+0000] {processor.py:161} INFO - Started process (PID=17352) to work on /home/airflow/.local/lib/python3.12/site-packages/airflow/example_dags/example_python_operator.py
[2024-05-24T07:43:06.944+0000] {processor.py:830} INFO - Processing file /home/airflow/.local/lib/python3.12/site-packages/airflow/example_dags/example_python_operator.py for tasks to queue
[2024-05-24T07:43:06.945+0000] {logging_mixin.py:188} INFO - [2024-05-24T07:43:06.945+0000] {dagbag.py:545} INFO - Filling up the DagBag from /home/airflow/.local/lib/python3.12/site-packages/airflow/example_dags/example_python_operator.py
[2024-05-24T07:43:06.950+0000] {processor.py:840} INFO - DAG(s) 'example_python_operator' retrieved from /home/airflow/.local/lib/python3.12/site-packages/airflow/example_dags/example_python_operator.py
[2024-05-24T07:43:06.959+0000] {logging_mixin.py:188} INFO - [2024-05-24T07:43:06.958+0000] {dag.py:3096} INFO - Sync 1 DAGs
[2024-05-24T07:43:06.964+0000] {logging_mixin.py:188} INFO - [2024-05-24T07:43:06.964+0000] {dag.py:3954} INFO - Setting next_dagrun for example_python_operator to None, run_after=None
[2024-05-24T07:43:06.971+0000] {processor.py:183} INFO - Processing /home/airflow/.local/lib/python3.12/site-packages/airflow/example_dags/example_python_operator.py took 0.029 seconds
[2024-05-24T07:43:37.291+0000] {processor.py:161} INFO - Started process (PID=17614) to work on /home/airflow/.local/lib/python3.12/site-packages/airflow/example_dags/example_python_operator.py
[2024-05-24T07:43:37.292+0000] {processor.py:830} INFO - Processing file /home/airflow/.local/lib/python3.12/site-packages/airflow/example_dags/example_python_operator.py for tasks to queue
[2024-05-24T07:43:37.292+0000] {logging_mixin.py:188} INFO - [2024-05-24T07:43:37.292+0000] {dagbag.py:545} INFO - Filling up the DagBag from /home/airflow/.local/lib/python3.12/site-packages/airflow/example_dags/example_python_operator.py
[2024-05-24T07:43:37.297+0000] {processor.py:840} INFO - DAG(s) 'example_python_operator' retrieved from /home/airflow/.local/lib/python3.12/site-packages/airflow/example_dags/example_python_operator.py
[2024-05-24T07:43:37.305+0000] {logging_mixin.py:188} INFO - [2024-05-24T07:43:37.305+0000] {dag.py:3096} INFO - Sync 1 DAGs
[2024-05-24T07:43:37.310+0000] {logging_mixin.py:188} INFO - [2024-05-24T07:43:37.310+0000] {dag.py:3954} INFO - Setting next_dagrun for example_python_operator to None, run_after=None
[2024-05-24T07:43:37.317+0000] {processor.py:183} INFO - Processing /home/airflow/.local/lib/python3.12/site-packages/airflow/example_dags/example_python_operator.py took 0.028 seconds
[2024-05-24T07:44:07.637+0000] {processor.py:161} INFO - Started process (PID=17876) to work on /home/airflow/.local/lib/python3.12/site-packages/airflow/example_dags/example_python_operator.py
[2024-05-24T07:44:07.637+0000] {processor.py:830} INFO - Processing file /home/airflow/.local/lib/python3.12/site-packages/airflow/example_dags/example_python_operator.py for tasks to queue
[2024-05-24T07:44:07.638+0000] {logging_mixin.py:188} INFO - [2024-05-24T07:44:07.638+0000] {dagbag.py:545} INFO - Filling up the DagBag from /home/airflow/.local/lib/python3.12/site-packages/airflow/example_dags/example_python_operator.py
[2024-05-24T07:44:07.642+0000] {processor.py:840} INFO - DAG(s) 'example_python_operator' retrieved from /home/airflow/.local/lib/python3.12/site-packages/airflow/example_dags/example_python_operator.py
[2024-05-24T07:44:07.651+0000] {logging_mixin.py:188} INFO - [2024-05-24T07:44:07.651+0000] {dag.py:3096} INFO - Sync 1 DAGs
[2024-05-24T07:44:07.656+0000] {logging_mixin.py:188} INFO - [2024-05-24T07:44:07.656+0000] {dag.py:3954} INFO - Setting next_dagrun for example_python_operator to None, run_after=None
[2024-05-24T07:44:07.662+0000] {processor.py:183} INFO - Processing /home/airflow/.local/lib/python3.12/site-packages/airflow/example_dags/example_python_operator.py took 0.028 seconds
[2024-05-24T07:44:37.970+0000] {processor.py:161} INFO - Started process (PID=18138) to work on /home/airflow/.local/lib/python3.12/site-packages/airflow/example_dags/example_python_operator.py
[2024-05-24T07:44:37.970+0000] {processor.py:830} INFO - Processing file /home/airflow/.local/lib/python3.12/site-packages/airflow/example_dags/example_python_operator.py for tasks to queue
[2024-05-24T07:44:37.971+0000] {logging_mixin.py:188} INFO - [2024-05-24T07:44:37.971+0000] {dagbag.py:545} INFO - Filling up the DagBag from /home/airflow/.local/lib/python3.12/site-packages/airflow/example_dags/example_python_operator.py
[2024-05-24T07:44:37.975+0000] {processor.py:840} INFO - DAG(s) 'example_python_operator' retrieved from /home/airflow/.local/lib/python3.12/site-packages/airflow/example_dags/example_python_operator.py
[2024-05-24T07:44:37.984+0000] {logging_mixin.py:188} INFO - [2024-05-24T07:44:37.983+0000] {dag.py:3096} INFO - Sync 1 DAGs
[2024-05-24T07:44:37.988+0000] {logging_mixin.py:188} INFO - [2024-05-24T07:44:37.988+0000] {dag.py:3954} INFO - Setting next_dagrun for example_python_operator to None, run_after=None
[2024-05-24T07:44:37.995+0000] {processor.py:183} INFO - Processing /home/airflow/.local/lib/python3.12/site-packages/airflow/example_dags/example_python_operator.py took 0.027 seconds
