[2024-05-24T05:45:20.225+0000] {processor.py:161} INFO - Started process (PID=228) to work on /home/airflow/.local/lib/python3.12/site-packages/airflow/example_dags/example_params_trigger_ui.py
[2024-05-24T05:45:20.226+0000] {processor.py:830} INFO - Processing file /home/airflow/.local/lib/python3.12/site-packages/airflow/example_dags/example_params_trigger_ui.py for tasks to queue
[2024-05-24T05:45:20.227+0000] {logging_mixin.py:188} INFO - [2024-05-24T05:45:20.227+0000] {dagbag.py:545} INFO - Filling up the DagBag from /home/airflow/.local/lib/python3.12/site-packages/airflow/example_dags/example_params_trigger_ui.py
[2024-05-24T05:45:20.234+0000] {processor.py:840} INFO - DAG(s) 'example_params_trigger_ui' retrieved from /home/airflow/.local/lib/python3.12/site-packages/airflow/example_dags/example_params_trigger_ui.py
[2024-05-24T05:45:20.239+0000] {logging_mixin.py:188} INFO - [2024-05-24T05:45:20.239+0000] {dag.py:3096} INFO - Sync 1 DAGs
[2024-05-24T05:45:20.245+0000] {logging_mixin.py:188} INFO - [2024-05-24T05:45:20.245+0000] {dag.py:3954} INFO - Setting next_dagrun for example_params_trigger_ui to None, run_after=None
[2024-05-24T05:45:20.253+0000] {processor.py:183} INFO - Processing /home/airflow/.local/lib/python3.12/site-packages/airflow/example_dags/example_params_trigger_ui.py took 0.031 seconds
[2024-05-24T05:45:50.484+0000] {processor.py:161} INFO - Started process (PID=490) to work on /home/airflow/.local/lib/python3.12/site-packages/airflow/example_dags/example_params_trigger_ui.py
[2024-05-24T05:45:50.485+0000] {processor.py:830} INFO - Processing file /home/airflow/.local/lib/python3.12/site-packages/airflow/example_dags/example_params_trigger_ui.py for tasks to queue
[2024-05-24T05:45:50.485+0000] {logging_mixin.py:188} INFO - [2024-05-24T05:45:50.485+0000] {dagbag.py:545} INFO - Filling up the DagBag from /home/airflow/.local/lib/python3.12/site-packages/airflow/example_dags/example_params_trigger_ui.py
[2024-05-24T05:45:50.491+0000] {processor.py:840} INFO - DAG(s) 'example_params_trigger_ui' retrieved from /home/airflow/.local/lib/python3.12/site-packages/airflow/example_dags/example_params_trigger_ui.py
[2024-05-24T05:45:50.533+0000] {logging_mixin.py:188} INFO - [2024-05-24T05:45:50.533+0000] {dag.py:3096} INFO - Sync 1 DAGs
[2024-05-24T05:45:50.536+0000] {logging_mixin.py:188} INFO - [2024-05-24T05:45:50.536+0000] {dag.py:3954} INFO - Setting next_dagrun for example_params_trigger_ui to None, run_after=None
[2024-05-24T05:45:50.542+0000] {processor.py:183} INFO - Processing /home/airflow/.local/lib/python3.12/site-packages/airflow/example_dags/example_params_trigger_ui.py took 0.061 seconds
[2024-05-24T05:46:21.489+0000] {processor.py:161} INFO - Started process (PID=752) to work on /home/airflow/.local/lib/python3.12/site-packages/airflow/example_dags/example_params_trigger_ui.py
[2024-05-24T05:46:21.489+0000] {processor.py:830} INFO - Processing file /home/airflow/.local/lib/python3.12/site-packages/airflow/example_dags/example_params_trigger_ui.py for tasks to queue
[2024-05-24T05:46:21.490+0000] {logging_mixin.py:188} INFO - [2024-05-24T05:46:21.490+0000] {dagbag.py:545} INFO - Filling up the DagBag from /home/airflow/.local/lib/python3.12/site-packages/airflow/example_dags/example_params_trigger_ui.py
[2024-05-24T05:46:21.496+0000] {processor.py:840} INFO - DAG(s) 'example_params_trigger_ui' retrieved from /home/airflow/.local/lib/python3.12/site-packages/airflow/example_dags/example_params_trigger_ui.py
[2024-05-24T05:46:21.511+0000] {logging_mixin.py:188} INFO - [2024-05-24T05:46:21.511+0000] {dag.py:3096} INFO - Sync 1 DAGs
[2024-05-24T05:46:21.516+0000] {logging_mixin.py:188} INFO - [2024-05-24T05:46:21.516+0000] {dag.py:3954} INFO - Setting next_dagrun for example_params_trigger_ui to None, run_after=None
[2024-05-24T05:46:21.523+0000] {processor.py:183} INFO - Processing /home/airflow/.local/lib/python3.12/site-packages/airflow/example_dags/example_params_trigger_ui.py took 0.036 seconds
[2024-05-24T05:46:51.791+0000] {processor.py:161} INFO - Started process (PID=1012) to work on /home/airflow/.local/lib/python3.12/site-packages/airflow/example_dags/example_params_trigger_ui.py
[2024-05-24T05:46:51.792+0000] {processor.py:830} INFO - Processing file /home/airflow/.local/lib/python3.12/site-packages/airflow/example_dags/example_params_trigger_ui.py for tasks to queue
[2024-05-24T05:46:51.792+0000] {logging_mixin.py:188} INFO - [2024-05-24T05:46:51.792+0000] {dagbag.py:545} INFO - Filling up the DagBag from /home/airflow/.local/lib/python3.12/site-packages/airflow/example_dags/example_params_trigger_ui.py
[2024-05-24T05:46:51.798+0000] {processor.py:840} INFO - DAG(s) 'example_params_trigger_ui' retrieved from /home/airflow/.local/lib/python3.12/site-packages/airflow/example_dags/example_params_trigger_ui.py
[2024-05-24T05:46:51.812+0000] {logging_mixin.py:188} INFO - [2024-05-24T05:46:51.812+0000] {dag.py:3096} INFO - Sync 1 DAGs
[2024-05-24T05:46:51.817+0000] {logging_mixin.py:188} INFO - [2024-05-24T05:46:51.817+0000] {dag.py:3954} INFO - Setting next_dagrun for example_params_trigger_ui to None, run_after=None
[2024-05-24T05:46:51.823+0000] {processor.py:183} INFO - Processing /home/airflow/.local/lib/python3.12/site-packages/airflow/example_dags/example_params_trigger_ui.py took 0.034 seconds
[2024-05-24T05:47:22.105+0000] {processor.py:161} INFO - Started process (PID=1274) to work on /home/airflow/.local/lib/python3.12/site-packages/airflow/example_dags/example_params_trigger_ui.py
[2024-05-24T05:47:22.105+0000] {processor.py:830} INFO - Processing file /home/airflow/.local/lib/python3.12/site-packages/airflow/example_dags/example_params_trigger_ui.py for tasks to queue
[2024-05-24T05:47:22.106+0000] {logging_mixin.py:188} INFO - [2024-05-24T05:47:22.106+0000] {dagbag.py:545} INFO - Filling up the DagBag from /home/airflow/.local/lib/python3.12/site-packages/airflow/example_dags/example_params_trigger_ui.py
[2024-05-24T05:47:22.111+0000] {processor.py:840} INFO - DAG(s) 'example_params_trigger_ui' retrieved from /home/airflow/.local/lib/python3.12/site-packages/airflow/example_dags/example_params_trigger_ui.py
[2024-05-24T05:47:22.127+0000] {logging_mixin.py:188} INFO - [2024-05-24T05:47:22.127+0000] {dag.py:3096} INFO - Sync 1 DAGs
[2024-05-24T05:47:22.132+0000] {logging_mixin.py:188} INFO - [2024-05-24T05:47:22.131+0000] {dag.py:3954} INFO - Setting next_dagrun for example_params_trigger_ui to None, run_after=None
[2024-05-24T05:47:22.138+0000] {processor.py:183} INFO - Processing /home/airflow/.local/lib/python3.12/site-packages/airflow/example_dags/example_params_trigger_ui.py took 0.038 seconds
[2024-05-24T05:47:52.432+0000] {processor.py:161} INFO - Started process (PID=1536) to work on /home/airflow/.local/lib/python3.12/site-packages/airflow/example_dags/example_params_trigger_ui.py
[2024-05-24T05:47:52.433+0000] {processor.py:830} INFO - Processing file /home/airflow/.local/lib/python3.12/site-packages/airflow/example_dags/example_params_trigger_ui.py for tasks to queue
[2024-05-24T05:47:52.433+0000] {logging_mixin.py:188} INFO - [2024-05-24T05:47:52.433+0000] {dagbag.py:545} INFO - Filling up the DagBag from /home/airflow/.local/lib/python3.12/site-packages/airflow/example_dags/example_params_trigger_ui.py
[2024-05-24T05:47:52.439+0000] {processor.py:840} INFO - DAG(s) 'example_params_trigger_ui' retrieved from /home/airflow/.local/lib/python3.12/site-packages/airflow/example_dags/example_params_trigger_ui.py
[2024-05-24T05:47:52.456+0000] {logging_mixin.py:188} INFO - [2024-05-24T05:47:52.456+0000] {dag.py:3096} INFO - Sync 1 DAGs
[2024-05-24T05:47:52.460+0000] {logging_mixin.py:188} INFO - [2024-05-24T05:47:52.460+0000] {dag.py:3954} INFO - Setting next_dagrun for example_params_trigger_ui to None, run_after=None
[2024-05-24T05:47:52.467+0000] {processor.py:183} INFO - Processing /home/airflow/.local/lib/python3.12/site-packages/airflow/example_dags/example_params_trigger_ui.py took 0.036 seconds
[2024-05-24T05:48:22.828+0000] {processor.py:161} INFO - Started process (PID=1800) to work on /home/airflow/.local/lib/python3.12/site-packages/airflow/example_dags/example_params_trigger_ui.py
[2024-05-24T05:48:22.829+0000] {processor.py:830} INFO - Processing file /home/airflow/.local/lib/python3.12/site-packages/airflow/example_dags/example_params_trigger_ui.py for tasks to queue
[2024-05-24T05:48:22.829+0000] {logging_mixin.py:188} INFO - [2024-05-24T05:48:22.829+0000] {dagbag.py:545} INFO - Filling up the DagBag from /home/airflow/.local/lib/python3.12/site-packages/airflow/example_dags/example_params_trigger_ui.py
[2024-05-24T05:48:22.835+0000] {processor.py:840} INFO - DAG(s) 'example_params_trigger_ui' retrieved from /home/airflow/.local/lib/python3.12/site-packages/airflow/example_dags/example_params_trigger_ui.py
[2024-05-24T05:48:22.851+0000] {logging_mixin.py:188} INFO - [2024-05-24T05:48:22.850+0000] {dag.py:3096} INFO - Sync 1 DAGs
[2024-05-24T05:48:22.855+0000] {logging_mixin.py:188} INFO - [2024-05-24T05:48:22.855+0000] {dag.py:3954} INFO - Setting next_dagrun for example_params_trigger_ui to None, run_after=None
[2024-05-24T05:48:22.861+0000] {processor.py:183} INFO - Processing /home/airflow/.local/lib/python3.12/site-packages/airflow/example_dags/example_params_trigger_ui.py took 0.035 seconds
[2024-05-24T05:48:53.133+0000] {processor.py:161} INFO - Started process (PID=2062) to work on /home/airflow/.local/lib/python3.12/site-packages/airflow/example_dags/example_params_trigger_ui.py
[2024-05-24T05:48:53.134+0000] {processor.py:830} INFO - Processing file /home/airflow/.local/lib/python3.12/site-packages/airflow/example_dags/example_params_trigger_ui.py for tasks to queue
[2024-05-24T05:48:53.135+0000] {logging_mixin.py:188} INFO - [2024-05-24T05:48:53.134+0000] {dagbag.py:545} INFO - Filling up the DagBag from /home/airflow/.local/lib/python3.12/site-packages/airflow/example_dags/example_params_trigger_ui.py
[2024-05-24T05:48:53.140+0000] {processor.py:840} INFO - DAG(s) 'example_params_trigger_ui' retrieved from /home/airflow/.local/lib/python3.12/site-packages/airflow/example_dags/example_params_trigger_ui.py
[2024-05-24T05:48:53.154+0000] {logging_mixin.py:188} INFO - [2024-05-24T05:48:53.154+0000] {dag.py:3096} INFO - Sync 1 DAGs
[2024-05-24T05:48:53.159+0000] {logging_mixin.py:188} INFO - [2024-05-24T05:48:53.159+0000] {dag.py:3954} INFO - Setting next_dagrun for example_params_trigger_ui to None, run_after=None
[2024-05-24T05:48:53.165+0000] {processor.py:183} INFO - Processing /home/airflow/.local/lib/python3.12/site-packages/airflow/example_dags/example_params_trigger_ui.py took 0.034 seconds
[2024-05-24T05:49:23.466+0000] {processor.py:161} INFO - Started process (PID=2322) to work on /home/airflow/.local/lib/python3.12/site-packages/airflow/example_dags/example_params_trigger_ui.py
[2024-05-24T05:49:23.467+0000] {processor.py:830} INFO - Processing file /home/airflow/.local/lib/python3.12/site-packages/airflow/example_dags/example_params_trigger_ui.py for tasks to queue
[2024-05-24T05:49:23.468+0000] {logging_mixin.py:188} INFO - [2024-05-24T05:49:23.468+0000] {dagbag.py:545} INFO - Filling up the DagBag from /home/airflow/.local/lib/python3.12/site-packages/airflow/example_dags/example_params_trigger_ui.py
[2024-05-24T05:49:23.474+0000] {processor.py:840} INFO - DAG(s) 'example_params_trigger_ui' retrieved from /home/airflow/.local/lib/python3.12/site-packages/airflow/example_dags/example_params_trigger_ui.py
[2024-05-24T05:49:23.488+0000] {logging_mixin.py:188} INFO - [2024-05-24T05:49:23.488+0000] {dag.py:3096} INFO - Sync 1 DAGs
[2024-05-24T05:49:23.493+0000] {logging_mixin.py:188} INFO - [2024-05-24T05:49:23.492+0000] {dag.py:3954} INFO - Setting next_dagrun for example_params_trigger_ui to None, run_after=None
[2024-05-24T05:49:23.499+0000] {processor.py:183} INFO - Processing /home/airflow/.local/lib/python3.12/site-packages/airflow/example_dags/example_params_trigger_ui.py took 0.036 seconds
[2024-05-24T05:49:53.728+0000] {processor.py:161} INFO - Started process (PID=2586) to work on /home/airflow/.local/lib/python3.12/site-packages/airflow/example_dags/example_params_trigger_ui.py
[2024-05-24T05:49:53.728+0000] {processor.py:830} INFO - Processing file /home/airflow/.local/lib/python3.12/site-packages/airflow/example_dags/example_params_trigger_ui.py for tasks to queue
[2024-05-24T05:49:53.729+0000] {logging_mixin.py:188} INFO - [2024-05-24T05:49:53.729+0000] {dagbag.py:545} INFO - Filling up the DagBag from /home/airflow/.local/lib/python3.12/site-packages/airflow/example_dags/example_params_trigger_ui.py
[2024-05-24T05:49:53.735+0000] {processor.py:840} INFO - DAG(s) 'example_params_trigger_ui' retrieved from /home/airflow/.local/lib/python3.12/site-packages/airflow/example_dags/example_params_trigger_ui.py
[2024-05-24T05:49:53.750+0000] {logging_mixin.py:188} INFO - [2024-05-24T05:49:53.749+0000] {dag.py:3096} INFO - Sync 1 DAGs
[2024-05-24T05:49:53.754+0000] {logging_mixin.py:188} INFO - [2024-05-24T05:49:53.754+0000] {dag.py:3954} INFO - Setting next_dagrun for example_params_trigger_ui to None, run_after=None
[2024-05-24T05:49:53.760+0000] {processor.py:183} INFO - Processing /home/airflow/.local/lib/python3.12/site-packages/airflow/example_dags/example_params_trigger_ui.py took 0.035 seconds
[2024-05-24T05:50:24.156+0000] {processor.py:161} INFO - Started process (PID=2848) to work on /home/airflow/.local/lib/python3.12/site-packages/airflow/example_dags/example_params_trigger_ui.py
[2024-05-24T05:50:24.157+0000] {processor.py:830} INFO - Processing file /home/airflow/.local/lib/python3.12/site-packages/airflow/example_dags/example_params_trigger_ui.py for tasks to queue
[2024-05-24T05:50:24.158+0000] {logging_mixin.py:188} INFO - [2024-05-24T05:50:24.157+0000] {dagbag.py:545} INFO - Filling up the DagBag from /home/airflow/.local/lib/python3.12/site-packages/airflow/example_dags/example_params_trigger_ui.py
[2024-05-24T05:50:24.164+0000] {processor.py:840} INFO - DAG(s) 'example_params_trigger_ui' retrieved from /home/airflow/.local/lib/python3.12/site-packages/airflow/example_dags/example_params_trigger_ui.py
[2024-05-24T05:50:24.180+0000] {logging_mixin.py:188} INFO - [2024-05-24T05:50:24.179+0000] {dag.py:3096} INFO - Sync 1 DAGs
[2024-05-24T05:50:24.184+0000] {logging_mixin.py:188} INFO - [2024-05-24T05:50:24.184+0000] {dag.py:3954} INFO - Setting next_dagrun for example_params_trigger_ui to None, run_after=None
[2024-05-24T05:50:24.191+0000] {processor.py:183} INFO - Processing /home/airflow/.local/lib/python3.12/site-packages/airflow/example_dags/example_params_trigger_ui.py took 0.039 seconds
[2024-05-24T05:50:54.496+0000] {processor.py:161} INFO - Started process (PID=3110) to work on /home/airflow/.local/lib/python3.12/site-packages/airflow/example_dags/example_params_trigger_ui.py
[2024-05-24T05:50:54.496+0000] {processor.py:830} INFO - Processing file /home/airflow/.local/lib/python3.12/site-packages/airflow/example_dags/example_params_trigger_ui.py for tasks to queue
[2024-05-24T05:50:54.497+0000] {logging_mixin.py:188} INFO - [2024-05-24T05:50:54.497+0000] {dagbag.py:545} INFO - Filling up the DagBag from /home/airflow/.local/lib/python3.12/site-packages/airflow/example_dags/example_params_trigger_ui.py
[2024-05-24T05:50:54.502+0000] {processor.py:840} INFO - DAG(s) 'example_params_trigger_ui' retrieved from /home/airflow/.local/lib/python3.12/site-packages/airflow/example_dags/example_params_trigger_ui.py
[2024-05-24T05:50:54.516+0000] {logging_mixin.py:188} INFO - [2024-05-24T05:50:54.516+0000] {dag.py:3096} INFO - Sync 1 DAGs
[2024-05-24T05:50:54.520+0000] {logging_mixin.py:188} INFO - [2024-05-24T05:50:54.520+0000] {dag.py:3954} INFO - Setting next_dagrun for example_params_trigger_ui to None, run_after=None
[2024-05-24T05:50:54.526+0000] {processor.py:183} INFO - Processing /home/airflow/.local/lib/python3.12/site-packages/airflow/example_dags/example_params_trigger_ui.py took 0.033 seconds
[2024-05-24T05:51:24.818+0000] {processor.py:161} INFO - Started process (PID=3372) to work on /home/airflow/.local/lib/python3.12/site-packages/airflow/example_dags/example_params_trigger_ui.py
[2024-05-24T05:51:24.818+0000] {processor.py:830} INFO - Processing file /home/airflow/.local/lib/python3.12/site-packages/airflow/example_dags/example_params_trigger_ui.py for tasks to queue
[2024-05-24T05:51:24.819+0000] {logging_mixin.py:188} INFO - [2024-05-24T05:51:24.819+0000] {dagbag.py:545} INFO - Filling up the DagBag from /home/airflow/.local/lib/python3.12/site-packages/airflow/example_dags/example_params_trigger_ui.py
[2024-05-24T05:51:24.824+0000] {processor.py:840} INFO - DAG(s) 'example_params_trigger_ui' retrieved from /home/airflow/.local/lib/python3.12/site-packages/airflow/example_dags/example_params_trigger_ui.py
[2024-05-24T05:51:24.839+0000] {logging_mixin.py:188} INFO - [2024-05-24T05:51:24.839+0000] {dag.py:3096} INFO - Sync 1 DAGs
[2024-05-24T05:51:24.843+0000] {logging_mixin.py:188} INFO - [2024-05-24T05:51:24.843+0000] {dag.py:3954} INFO - Setting next_dagrun for example_params_trigger_ui to None, run_after=None
[2024-05-24T05:51:24.848+0000] {processor.py:183} INFO - Processing /home/airflow/.local/lib/python3.12/site-packages/airflow/example_dags/example_params_trigger_ui.py took 0.032 seconds
[2024-05-24T05:51:55.121+0000] {processor.py:161} INFO - Started process (PID=3632) to work on /home/airflow/.local/lib/python3.12/site-packages/airflow/example_dags/example_params_trigger_ui.py
[2024-05-24T05:51:55.121+0000] {processor.py:830} INFO - Processing file /home/airflow/.local/lib/python3.12/site-packages/airflow/example_dags/example_params_trigger_ui.py for tasks to queue
[2024-05-24T05:51:55.123+0000] {logging_mixin.py:188} INFO - [2024-05-24T05:51:55.123+0000] {dagbag.py:545} INFO - Filling up the DagBag from /home/airflow/.local/lib/python3.12/site-packages/airflow/example_dags/example_params_trigger_ui.py
[2024-05-24T05:51:55.129+0000] {processor.py:840} INFO - DAG(s) 'example_params_trigger_ui' retrieved from /home/airflow/.local/lib/python3.12/site-packages/airflow/example_dags/example_params_trigger_ui.py
[2024-05-24T05:51:55.144+0000] {logging_mixin.py:188} INFO - [2024-05-24T05:51:55.144+0000] {dag.py:3096} INFO - Sync 1 DAGs
[2024-05-24T05:51:55.149+0000] {logging_mixin.py:188} INFO - [2024-05-24T05:51:55.148+0000] {dag.py:3954} INFO - Setting next_dagrun for example_params_trigger_ui to None, run_after=None
[2024-05-24T05:51:55.155+0000] {processor.py:183} INFO - Processing /home/airflow/.local/lib/python3.12/site-packages/airflow/example_dags/example_params_trigger_ui.py took 0.036 seconds
[2024-05-24T05:52:25.426+0000] {processor.py:161} INFO - Started process (PID=3894) to work on /home/airflow/.local/lib/python3.12/site-packages/airflow/example_dags/example_params_trigger_ui.py
[2024-05-24T05:52:25.427+0000] {processor.py:830} INFO - Processing file /home/airflow/.local/lib/python3.12/site-packages/airflow/example_dags/example_params_trigger_ui.py for tasks to queue
[2024-05-24T05:52:25.427+0000] {logging_mixin.py:188} INFO - [2024-05-24T05:52:25.427+0000] {dagbag.py:545} INFO - Filling up the DagBag from /home/airflow/.local/lib/python3.12/site-packages/airflow/example_dags/example_params_trigger_ui.py
[2024-05-24T05:52:25.433+0000] {processor.py:840} INFO - DAG(s) 'example_params_trigger_ui' retrieved from /home/airflow/.local/lib/python3.12/site-packages/airflow/example_dags/example_params_trigger_ui.py
[2024-05-24T05:52:25.447+0000] {logging_mixin.py:188} INFO - [2024-05-24T05:52:25.447+0000] {dag.py:3096} INFO - Sync 1 DAGs
[2024-05-24T05:52:25.451+0000] {logging_mixin.py:188} INFO - [2024-05-24T05:52:25.451+0000] {dag.py:3954} INFO - Setting next_dagrun for example_params_trigger_ui to None, run_after=None
[2024-05-24T05:52:25.457+0000] {processor.py:183} INFO - Processing /home/airflow/.local/lib/python3.12/site-packages/airflow/example_dags/example_params_trigger_ui.py took 0.033 seconds
[2024-05-24T05:52:55.674+0000] {processor.py:161} INFO - Started process (PID=4156) to work on /home/airflow/.local/lib/python3.12/site-packages/airflow/example_dags/example_params_trigger_ui.py
[2024-05-24T05:52:55.674+0000] {processor.py:830} INFO - Processing file /home/airflow/.local/lib/python3.12/site-packages/airflow/example_dags/example_params_trigger_ui.py for tasks to queue
[2024-05-24T05:52:55.675+0000] {logging_mixin.py:188} INFO - [2024-05-24T05:52:55.675+0000] {dagbag.py:545} INFO - Filling up the DagBag from /home/airflow/.local/lib/python3.12/site-packages/airflow/example_dags/example_params_trigger_ui.py
[2024-05-24T05:52:55.680+0000] {processor.py:840} INFO - DAG(s) 'example_params_trigger_ui' retrieved from /home/airflow/.local/lib/python3.12/site-packages/airflow/example_dags/example_params_trigger_ui.py
[2024-05-24T05:52:55.695+0000] {logging_mixin.py:188} INFO - [2024-05-24T05:52:55.695+0000] {dag.py:3096} INFO - Sync 1 DAGs
[2024-05-24T05:52:55.700+0000] {logging_mixin.py:188} INFO - [2024-05-24T05:52:55.700+0000] {dag.py:3954} INFO - Setting next_dagrun for example_params_trigger_ui to None, run_after=None
[2024-05-24T05:52:55.706+0000] {processor.py:183} INFO - Processing /home/airflow/.local/lib/python3.12/site-packages/airflow/example_dags/example_params_trigger_ui.py took 0.034 seconds
[2024-05-24T05:53:26.093+0000] {processor.py:161} INFO - Started process (PID=4420) to work on /home/airflow/.local/lib/python3.12/site-packages/airflow/example_dags/example_params_trigger_ui.py
[2024-05-24T05:53:26.094+0000] {processor.py:830} INFO - Processing file /home/airflow/.local/lib/python3.12/site-packages/airflow/example_dags/example_params_trigger_ui.py for tasks to queue
[2024-05-24T05:53:26.095+0000] {logging_mixin.py:188} INFO - [2024-05-24T05:53:26.095+0000] {dagbag.py:545} INFO - Filling up the DagBag from /home/airflow/.local/lib/python3.12/site-packages/airflow/example_dags/example_params_trigger_ui.py
[2024-05-24T05:53:26.103+0000] {processor.py:840} INFO - DAG(s) 'example_params_trigger_ui' retrieved from /home/airflow/.local/lib/python3.12/site-packages/airflow/example_dags/example_params_trigger_ui.py
[2024-05-24T05:53:26.121+0000] {logging_mixin.py:188} INFO - [2024-05-24T05:53:26.120+0000] {dag.py:3096} INFO - Sync 1 DAGs
[2024-05-24T05:53:26.125+0000] {logging_mixin.py:188} INFO - [2024-05-24T05:53:26.125+0000] {dag.py:3954} INFO - Setting next_dagrun for example_params_trigger_ui to None, run_after=None
[2024-05-24T05:53:26.133+0000] {processor.py:183} INFO - Processing /home/airflow/.local/lib/python3.12/site-packages/airflow/example_dags/example_params_trigger_ui.py took 0.043 seconds
[2024-05-24T05:53:56.566+0000] {processor.py:161} INFO - Started process (PID=4707) to work on /home/airflow/.local/lib/python3.12/site-packages/airflow/example_dags/example_params_trigger_ui.py
[2024-05-24T05:53:56.567+0000] {processor.py:830} INFO - Processing file /home/airflow/.local/lib/python3.12/site-packages/airflow/example_dags/example_params_trigger_ui.py for tasks to queue
[2024-05-24T05:53:56.568+0000] {logging_mixin.py:188} INFO - [2024-05-24T05:53:56.568+0000] {dagbag.py:545} INFO - Filling up the DagBag from /home/airflow/.local/lib/python3.12/site-packages/airflow/example_dags/example_params_trigger_ui.py
[2024-05-24T05:53:56.575+0000] {processor.py:840} INFO - DAG(s) 'example_params_trigger_ui' retrieved from /home/airflow/.local/lib/python3.12/site-packages/airflow/example_dags/example_params_trigger_ui.py
[2024-05-24T05:53:56.590+0000] {logging_mixin.py:188} INFO - [2024-05-24T05:53:56.590+0000] {dag.py:3096} INFO - Sync 1 DAGs
[2024-05-24T05:53:56.595+0000] {logging_mixin.py:188} INFO - [2024-05-24T05:53:56.595+0000] {dag.py:3954} INFO - Setting next_dagrun for example_params_trigger_ui to None, run_after=None
[2024-05-24T05:53:56.602+0000] {processor.py:183} INFO - Processing /home/airflow/.local/lib/python3.12/site-packages/airflow/example_dags/example_params_trigger_ui.py took 0.039 seconds
[2024-05-24T05:54:26.888+0000] {processor.py:161} INFO - Started process (PID=4969) to work on /home/airflow/.local/lib/python3.12/site-packages/airflow/example_dags/example_params_trigger_ui.py
[2024-05-24T05:54:26.888+0000] {processor.py:830} INFO - Processing file /home/airflow/.local/lib/python3.12/site-packages/airflow/example_dags/example_params_trigger_ui.py for tasks to queue
[2024-05-24T05:54:26.889+0000] {logging_mixin.py:188} INFO - [2024-05-24T05:54:26.889+0000] {dagbag.py:545} INFO - Filling up the DagBag from /home/airflow/.local/lib/python3.12/site-packages/airflow/example_dags/example_params_trigger_ui.py
[2024-05-24T05:54:26.895+0000] {processor.py:840} INFO - DAG(s) 'example_params_trigger_ui' retrieved from /home/airflow/.local/lib/python3.12/site-packages/airflow/example_dags/example_params_trigger_ui.py
[2024-05-24T05:54:26.910+0000] {logging_mixin.py:188} INFO - [2024-05-24T05:54:26.910+0000] {dag.py:3096} INFO - Sync 1 DAGs
[2024-05-24T05:54:26.915+0000] {logging_mixin.py:188} INFO - [2024-05-24T05:54:26.915+0000] {dag.py:3954} INFO - Setting next_dagrun for example_params_trigger_ui to None, run_after=None
[2024-05-24T05:54:26.921+0000] {processor.py:183} INFO - Processing /home/airflow/.local/lib/python3.12/site-packages/airflow/example_dags/example_params_trigger_ui.py took 0.036 seconds
[2024-05-24T05:54:57.226+0000] {processor.py:161} INFO - Started process (PID=5229) to work on /home/airflow/.local/lib/python3.12/site-packages/airflow/example_dags/example_params_trigger_ui.py
[2024-05-24T05:54:57.226+0000] {processor.py:830} INFO - Processing file /home/airflow/.local/lib/python3.12/site-packages/airflow/example_dags/example_params_trigger_ui.py for tasks to queue
[2024-05-24T05:54:57.227+0000] {logging_mixin.py:188} INFO - [2024-05-24T05:54:57.227+0000] {dagbag.py:545} INFO - Filling up the DagBag from /home/airflow/.local/lib/python3.12/site-packages/airflow/example_dags/example_params_trigger_ui.py
[2024-05-24T05:54:57.232+0000] {processor.py:840} INFO - DAG(s) 'example_params_trigger_ui' retrieved from /home/airflow/.local/lib/python3.12/site-packages/airflow/example_dags/example_params_trigger_ui.py
[2024-05-24T05:54:57.246+0000] {logging_mixin.py:188} INFO - [2024-05-24T05:54:57.246+0000] {dag.py:3096} INFO - Sync 1 DAGs
[2024-05-24T05:54:57.251+0000] {logging_mixin.py:188} INFO - [2024-05-24T05:54:57.251+0000] {dag.py:3954} INFO - Setting next_dagrun for example_params_trigger_ui to None, run_after=None
[2024-05-24T05:54:57.257+0000] {processor.py:183} INFO - Processing /home/airflow/.local/lib/python3.12/site-packages/airflow/example_dags/example_params_trigger_ui.py took 0.034 seconds
[2024-05-24T05:55:27.598+0000] {processor.py:161} INFO - Started process (PID=5491) to work on /home/airflow/.local/lib/python3.12/site-packages/airflow/example_dags/example_params_trigger_ui.py
[2024-05-24T05:55:27.598+0000] {processor.py:830} INFO - Processing file /home/airflow/.local/lib/python3.12/site-packages/airflow/example_dags/example_params_trigger_ui.py for tasks to queue
[2024-05-24T05:55:27.599+0000] {logging_mixin.py:188} INFO - [2024-05-24T05:55:27.599+0000] {dagbag.py:545} INFO - Filling up the DagBag from /home/airflow/.local/lib/python3.12/site-packages/airflow/example_dags/example_params_trigger_ui.py
[2024-05-24T05:55:27.604+0000] {processor.py:840} INFO - DAG(s) 'example_params_trigger_ui' retrieved from /home/airflow/.local/lib/python3.12/site-packages/airflow/example_dags/example_params_trigger_ui.py
[2024-05-24T05:55:27.619+0000] {logging_mixin.py:188} INFO - [2024-05-24T05:55:27.619+0000] {dag.py:3096} INFO - Sync 1 DAGs
[2024-05-24T05:55:27.623+0000] {logging_mixin.py:188} INFO - [2024-05-24T05:55:27.623+0000] {dag.py:3954} INFO - Setting next_dagrun for example_params_trigger_ui to None, run_after=None
[2024-05-24T05:55:27.629+0000] {processor.py:183} INFO - Processing /home/airflow/.local/lib/python3.12/site-packages/airflow/example_dags/example_params_trigger_ui.py took 0.034 seconds
[2024-05-24T05:55:57.944+0000] {processor.py:161} INFO - Started process (PID=5753) to work on /home/airflow/.local/lib/python3.12/site-packages/airflow/example_dags/example_params_trigger_ui.py
[2024-05-24T05:55:57.945+0000] {processor.py:830} INFO - Processing file /home/airflow/.local/lib/python3.12/site-packages/airflow/example_dags/example_params_trigger_ui.py for tasks to queue
[2024-05-24T05:55:57.945+0000] {logging_mixin.py:188} INFO - [2024-05-24T05:55:57.945+0000] {dagbag.py:545} INFO - Filling up the DagBag from /home/airflow/.local/lib/python3.12/site-packages/airflow/example_dags/example_params_trigger_ui.py
[2024-05-24T05:55:57.951+0000] {processor.py:840} INFO - DAG(s) 'example_params_trigger_ui' retrieved from /home/airflow/.local/lib/python3.12/site-packages/airflow/example_dags/example_params_trigger_ui.py
[2024-05-24T05:55:57.965+0000] {logging_mixin.py:188} INFO - [2024-05-24T05:55:57.965+0000] {dag.py:3096} INFO - Sync 1 DAGs
[2024-05-24T05:55:57.970+0000] {logging_mixin.py:188} INFO - [2024-05-24T05:55:57.970+0000] {dag.py:3954} INFO - Setting next_dagrun for example_params_trigger_ui to None, run_after=None
[2024-05-24T05:55:57.976+0000] {processor.py:183} INFO - Processing /home/airflow/.local/lib/python3.12/site-packages/airflow/example_dags/example_params_trigger_ui.py took 0.034 seconds
[2024-05-24T05:56:28.275+0000] {processor.py:161} INFO - Started process (PID=6015) to work on /home/airflow/.local/lib/python3.12/site-packages/airflow/example_dags/example_params_trigger_ui.py
[2024-05-24T05:56:28.275+0000] {processor.py:830} INFO - Processing file /home/airflow/.local/lib/python3.12/site-packages/airflow/example_dags/example_params_trigger_ui.py for tasks to queue
[2024-05-24T05:56:28.276+0000] {logging_mixin.py:188} INFO - [2024-05-24T05:56:28.276+0000] {dagbag.py:545} INFO - Filling up the DagBag from /home/airflow/.local/lib/python3.12/site-packages/airflow/example_dags/example_params_trigger_ui.py
[2024-05-24T05:56:28.281+0000] {processor.py:840} INFO - DAG(s) 'example_params_trigger_ui' retrieved from /home/airflow/.local/lib/python3.12/site-packages/airflow/example_dags/example_params_trigger_ui.py
[2024-05-24T05:56:28.296+0000] {logging_mixin.py:188} INFO - [2024-05-24T05:56:28.296+0000] {dag.py:3096} INFO - Sync 1 DAGs
[2024-05-24T05:56:28.301+0000] {logging_mixin.py:188} INFO - [2024-05-24T05:56:28.300+0000] {dag.py:3954} INFO - Setting next_dagrun for example_params_trigger_ui to None, run_after=None
[2024-05-24T05:56:28.307+0000] {processor.py:183} INFO - Processing /home/airflow/.local/lib/python3.12/site-packages/airflow/example_dags/example_params_trigger_ui.py took 0.034 seconds
[2024-05-24T05:56:58.594+0000] {processor.py:161} INFO - Started process (PID=6277) to work on /home/airflow/.local/lib/python3.12/site-packages/airflow/example_dags/example_params_trigger_ui.py
[2024-05-24T05:56:58.594+0000] {processor.py:830} INFO - Processing file /home/airflow/.local/lib/python3.12/site-packages/airflow/example_dags/example_params_trigger_ui.py for tasks to queue
[2024-05-24T05:56:58.595+0000] {logging_mixin.py:188} INFO - [2024-05-24T05:56:58.595+0000] {dagbag.py:545} INFO - Filling up the DagBag from /home/airflow/.local/lib/python3.12/site-packages/airflow/example_dags/example_params_trigger_ui.py
[2024-05-24T05:56:58.600+0000] {processor.py:840} INFO - DAG(s) 'example_params_trigger_ui' retrieved from /home/airflow/.local/lib/python3.12/site-packages/airflow/example_dags/example_params_trigger_ui.py
[2024-05-24T05:56:58.615+0000] {logging_mixin.py:188} INFO - [2024-05-24T05:56:58.614+0000] {dag.py:3096} INFO - Sync 1 DAGs
[2024-05-24T05:56:58.619+0000] {logging_mixin.py:188} INFO - [2024-05-24T05:56:58.619+0000] {dag.py:3954} INFO - Setting next_dagrun for example_params_trigger_ui to None, run_after=None
[2024-05-24T05:56:58.625+0000] {processor.py:183} INFO - Processing /home/airflow/.local/lib/python3.12/site-packages/airflow/example_dags/example_params_trigger_ui.py took 0.033 seconds
[2024-05-24T05:57:28.886+0000] {processor.py:161} INFO - Started process (PID=6539) to work on /home/airflow/.local/lib/python3.12/site-packages/airflow/example_dags/example_params_trigger_ui.py
[2024-05-24T05:57:28.886+0000] {processor.py:830} INFO - Processing file /home/airflow/.local/lib/python3.12/site-packages/airflow/example_dags/example_params_trigger_ui.py for tasks to queue
[2024-05-24T05:57:28.887+0000] {logging_mixin.py:188} INFO - [2024-05-24T05:57:28.887+0000] {dagbag.py:545} INFO - Filling up the DagBag from /home/airflow/.local/lib/python3.12/site-packages/airflow/example_dags/example_params_trigger_ui.py
[2024-05-24T05:57:28.892+0000] {processor.py:840} INFO - DAG(s) 'example_params_trigger_ui' retrieved from /home/airflow/.local/lib/python3.12/site-packages/airflow/example_dags/example_params_trigger_ui.py
[2024-05-24T05:57:28.906+0000] {logging_mixin.py:188} INFO - [2024-05-24T05:57:28.906+0000] {dag.py:3096} INFO - Sync 1 DAGs
[2024-05-24T05:57:28.911+0000] {logging_mixin.py:188} INFO - [2024-05-24T05:57:28.911+0000] {dag.py:3954} INFO - Setting next_dagrun for example_params_trigger_ui to None, run_after=None
[2024-05-24T05:57:28.917+0000] {processor.py:183} INFO - Processing /home/airflow/.local/lib/python3.12/site-packages/airflow/example_dags/example_params_trigger_ui.py took 0.033 seconds
[2024-05-24T05:57:59.241+0000] {processor.py:161} INFO - Started process (PID=6801) to work on /home/airflow/.local/lib/python3.12/site-packages/airflow/example_dags/example_params_trigger_ui.py
[2024-05-24T05:57:59.241+0000] {processor.py:830} INFO - Processing file /home/airflow/.local/lib/python3.12/site-packages/airflow/example_dags/example_params_trigger_ui.py for tasks to queue
[2024-05-24T05:57:59.242+0000] {logging_mixin.py:188} INFO - [2024-05-24T05:57:59.242+0000] {dagbag.py:545} INFO - Filling up the DagBag from /home/airflow/.local/lib/python3.12/site-packages/airflow/example_dags/example_params_trigger_ui.py
[2024-05-24T05:57:59.248+0000] {processor.py:840} INFO - DAG(s) 'example_params_trigger_ui' retrieved from /home/airflow/.local/lib/python3.12/site-packages/airflow/example_dags/example_params_trigger_ui.py
[2024-05-24T05:57:59.262+0000] {logging_mixin.py:188} INFO - [2024-05-24T05:57:59.262+0000] {dag.py:3096} INFO - Sync 1 DAGs
[2024-05-24T05:57:59.266+0000] {logging_mixin.py:188} INFO - [2024-05-24T05:57:59.266+0000] {dag.py:3954} INFO - Setting next_dagrun for example_params_trigger_ui to None, run_after=None
[2024-05-24T05:57:59.273+0000] {processor.py:183} INFO - Processing /home/airflow/.local/lib/python3.12/site-packages/airflow/example_dags/example_params_trigger_ui.py took 0.034 seconds
[2024-05-24T05:58:29.573+0000] {processor.py:161} INFO - Started process (PID=7063) to work on /home/airflow/.local/lib/python3.12/site-packages/airflow/example_dags/example_params_trigger_ui.py
[2024-05-24T05:58:29.573+0000] {processor.py:830} INFO - Processing file /home/airflow/.local/lib/python3.12/site-packages/airflow/example_dags/example_params_trigger_ui.py for tasks to queue
[2024-05-24T05:58:29.574+0000] {logging_mixin.py:188} INFO - [2024-05-24T05:58:29.574+0000] {dagbag.py:545} INFO - Filling up the DagBag from /home/airflow/.local/lib/python3.12/site-packages/airflow/example_dags/example_params_trigger_ui.py
[2024-05-24T05:58:29.579+0000] {processor.py:840} INFO - DAG(s) 'example_params_trigger_ui' retrieved from /home/airflow/.local/lib/python3.12/site-packages/airflow/example_dags/example_params_trigger_ui.py
[2024-05-24T05:58:29.594+0000] {logging_mixin.py:188} INFO - [2024-05-24T05:58:29.594+0000] {dag.py:3096} INFO - Sync 1 DAGs
[2024-05-24T05:58:29.599+0000] {logging_mixin.py:188} INFO - [2024-05-24T05:58:29.598+0000] {dag.py:3954} INFO - Setting next_dagrun for example_params_trigger_ui to None, run_after=None
[2024-05-24T05:58:29.605+0000] {processor.py:183} INFO - Processing /home/airflow/.local/lib/python3.12/site-packages/airflow/example_dags/example_params_trigger_ui.py took 0.034 seconds
[2024-05-24T06:13:52.949+0000] {processor.py:161} INFO - Started process (PID=7325) to work on /home/airflow/.local/lib/python3.12/site-packages/airflow/example_dags/example_params_trigger_ui.py
[2024-05-24T06:13:52.950+0000] {processor.py:830} INFO - Processing file /home/airflow/.local/lib/python3.12/site-packages/airflow/example_dags/example_params_trigger_ui.py for tasks to queue
[2024-05-24T06:13:52.951+0000] {logging_mixin.py:188} INFO - [2024-05-24T06:13:52.950+0000] {dagbag.py:545} INFO - Filling up the DagBag from /home/airflow/.local/lib/python3.12/site-packages/airflow/example_dags/example_params_trigger_ui.py
[2024-05-24T06:13:52.956+0000] {processor.py:840} INFO - DAG(s) 'example_params_trigger_ui' retrieved from /home/airflow/.local/lib/python3.12/site-packages/airflow/example_dags/example_params_trigger_ui.py
[2024-05-24T06:13:52.971+0000] {logging_mixin.py:188} INFO - [2024-05-24T06:13:52.971+0000] {dag.py:3096} INFO - Sync 1 DAGs
[2024-05-24T06:13:52.975+0000] {logging_mixin.py:188} INFO - [2024-05-24T06:13:52.975+0000] {dag.py:3954} INFO - Setting next_dagrun for example_params_trigger_ui to None, run_after=None
[2024-05-24T06:13:52.981+0000] {processor.py:183} INFO - Processing /home/airflow/.local/lib/python3.12/site-packages/airflow/example_dags/example_params_trigger_ui.py took 0.034 seconds
[2024-05-24T06:26:09.832+0000] {processor.py:161} INFO - Started process (PID=7588) to work on /home/airflow/.local/lib/python3.12/site-packages/airflow/example_dags/example_params_trigger_ui.py
[2024-05-24T06:26:09.832+0000] {processor.py:830} INFO - Processing file /home/airflow/.local/lib/python3.12/site-packages/airflow/example_dags/example_params_trigger_ui.py for tasks to queue
[2024-05-24T06:26:09.833+0000] {logging_mixin.py:188} INFO - [2024-05-24T06:26:09.833+0000] {dagbag.py:545} INFO - Filling up the DagBag from /home/airflow/.local/lib/python3.12/site-packages/airflow/example_dags/example_params_trigger_ui.py
[2024-05-24T06:26:09.839+0000] {processor.py:840} INFO - DAG(s) 'example_params_trigger_ui' retrieved from /home/airflow/.local/lib/python3.12/site-packages/airflow/example_dags/example_params_trigger_ui.py
[2024-05-24T06:26:09.853+0000] {logging_mixin.py:188} INFO - [2024-05-24T06:26:09.853+0000] {dag.py:3096} INFO - Sync 1 DAGs
[2024-05-24T06:26:09.858+0000] {logging_mixin.py:188} INFO - [2024-05-24T06:26:09.858+0000] {dag.py:3954} INFO - Setting next_dagrun for example_params_trigger_ui to None, run_after=None
[2024-05-24T06:26:09.864+0000] {processor.py:183} INFO - Processing /home/airflow/.local/lib/python3.12/site-packages/airflow/example_dags/example_params_trigger_ui.py took 0.035 seconds
[2024-05-24T06:26:40.275+0000] {processor.py:161} INFO - Started process (PID=7849) to work on /home/airflow/.local/lib/python3.12/site-packages/airflow/example_dags/example_params_trigger_ui.py
[2024-05-24T06:26:40.276+0000] {processor.py:830} INFO - Processing file /home/airflow/.local/lib/python3.12/site-packages/airflow/example_dags/example_params_trigger_ui.py for tasks to queue
[2024-05-24T06:26:40.276+0000] {logging_mixin.py:188} INFO - [2024-05-24T06:26:40.276+0000] {dagbag.py:545} INFO - Filling up the DagBag from /home/airflow/.local/lib/python3.12/site-packages/airflow/example_dags/example_params_trigger_ui.py
[2024-05-24T06:26:40.282+0000] {processor.py:840} INFO - DAG(s) 'example_params_trigger_ui' retrieved from /home/airflow/.local/lib/python3.12/site-packages/airflow/example_dags/example_params_trigger_ui.py
[2024-05-24T06:26:40.296+0000] {logging_mixin.py:188} INFO - [2024-05-24T06:26:40.296+0000] {dag.py:3096} INFO - Sync 1 DAGs
[2024-05-24T06:26:40.300+0000] {logging_mixin.py:188} INFO - [2024-05-24T06:26:40.300+0000] {dag.py:3954} INFO - Setting next_dagrun for example_params_trigger_ui to None, run_after=None
[2024-05-24T06:26:40.306+0000] {processor.py:183} INFO - Processing /home/airflow/.local/lib/python3.12/site-packages/airflow/example_dags/example_params_trigger_ui.py took 0.033 seconds
[2024-05-24T06:27:10.682+0000] {processor.py:161} INFO - Started process (PID=8111) to work on /home/airflow/.local/lib/python3.12/site-packages/airflow/example_dags/example_params_trigger_ui.py
[2024-05-24T06:27:10.683+0000] {processor.py:830} INFO - Processing file /home/airflow/.local/lib/python3.12/site-packages/airflow/example_dags/example_params_trigger_ui.py for tasks to queue
[2024-05-24T06:27:10.683+0000] {logging_mixin.py:188} INFO - [2024-05-24T06:27:10.683+0000] {dagbag.py:545} INFO - Filling up the DagBag from /home/airflow/.local/lib/python3.12/site-packages/airflow/example_dags/example_params_trigger_ui.py
[2024-05-24T06:27:10.689+0000] {processor.py:840} INFO - DAG(s) 'example_params_trigger_ui' retrieved from /home/airflow/.local/lib/python3.12/site-packages/airflow/example_dags/example_params_trigger_ui.py
[2024-05-24T06:27:10.703+0000] {logging_mixin.py:188} INFO - [2024-05-24T06:27:10.703+0000] {dag.py:3096} INFO - Sync 1 DAGs
[2024-05-24T06:27:10.707+0000] {logging_mixin.py:188} INFO - [2024-05-24T06:27:10.707+0000] {dag.py:3954} INFO - Setting next_dagrun for example_params_trigger_ui to None, run_after=None
[2024-05-24T06:27:10.713+0000] {processor.py:183} INFO - Processing /home/airflow/.local/lib/python3.12/site-packages/airflow/example_dags/example_params_trigger_ui.py took 0.033 seconds
[2024-05-24T06:28:25.811+0000] {processor.py:161} INFO - Started process (PID=8373) to work on /home/airflow/.local/lib/python3.12/site-packages/airflow/example_dags/example_params_trigger_ui.py
[2024-05-24T06:28:25.811+0000] {processor.py:830} INFO - Processing file /home/airflow/.local/lib/python3.12/site-packages/airflow/example_dags/example_params_trigger_ui.py for tasks to queue
[2024-05-24T06:28:25.812+0000] {logging_mixin.py:188} INFO - [2024-05-24T06:28:25.812+0000] {dagbag.py:545} INFO - Filling up the DagBag from /home/airflow/.local/lib/python3.12/site-packages/airflow/example_dags/example_params_trigger_ui.py
[2024-05-24T06:28:25.818+0000] {processor.py:840} INFO - DAG(s) 'example_params_trigger_ui' retrieved from /home/airflow/.local/lib/python3.12/site-packages/airflow/example_dags/example_params_trigger_ui.py
[2024-05-24T06:28:25.833+0000] {logging_mixin.py:188} INFO - [2024-05-24T06:28:25.833+0000] {dag.py:3096} INFO - Sync 1 DAGs
[2024-05-24T06:28:25.837+0000] {logging_mixin.py:188} INFO - [2024-05-24T06:28:25.837+0000] {dag.py:3954} INFO - Setting next_dagrun for example_params_trigger_ui to None, run_after=None
[2024-05-24T06:28:25.844+0000] {processor.py:183} INFO - Processing /home/airflow/.local/lib/python3.12/site-packages/airflow/example_dags/example_params_trigger_ui.py took 0.036 seconds
[2024-05-24T06:28:56.173+0000] {processor.py:161} INFO - Started process (PID=8633) to work on /home/airflow/.local/lib/python3.12/site-packages/airflow/example_dags/example_params_trigger_ui.py
[2024-05-24T06:28:56.174+0000] {processor.py:830} INFO - Processing file /home/airflow/.local/lib/python3.12/site-packages/airflow/example_dags/example_params_trigger_ui.py for tasks to queue
[2024-05-24T06:28:56.174+0000] {logging_mixin.py:188} INFO - [2024-05-24T06:28:56.174+0000] {dagbag.py:545} INFO - Filling up the DagBag from /home/airflow/.local/lib/python3.12/site-packages/airflow/example_dags/example_params_trigger_ui.py
[2024-05-24T06:28:56.180+0000] {processor.py:840} INFO - DAG(s) 'example_params_trigger_ui' retrieved from /home/airflow/.local/lib/python3.12/site-packages/airflow/example_dags/example_params_trigger_ui.py
[2024-05-24T06:28:56.194+0000] {logging_mixin.py:188} INFO - [2024-05-24T06:28:56.194+0000] {dag.py:3096} INFO - Sync 1 DAGs
[2024-05-24T06:28:56.199+0000] {logging_mixin.py:188} INFO - [2024-05-24T06:28:56.199+0000] {dag.py:3954} INFO - Setting next_dagrun for example_params_trigger_ui to None, run_after=None
[2024-05-24T06:28:56.205+0000] {processor.py:183} INFO - Processing /home/airflow/.local/lib/python3.12/site-packages/airflow/example_dags/example_params_trigger_ui.py took 0.034 seconds
[2024-05-24T06:29:26.685+0000] {processor.py:161} INFO - Started process (PID=8895) to work on /home/airflow/.local/lib/python3.12/site-packages/airflow/example_dags/example_params_trigger_ui.py
[2024-05-24T06:29:26.685+0000] {processor.py:830} INFO - Processing file /home/airflow/.local/lib/python3.12/site-packages/airflow/example_dags/example_params_trigger_ui.py for tasks to queue
[2024-05-24T06:29:26.686+0000] {logging_mixin.py:188} INFO - [2024-05-24T06:29:26.685+0000] {dagbag.py:545} INFO - Filling up the DagBag from /home/airflow/.local/lib/python3.12/site-packages/airflow/example_dags/example_params_trigger_ui.py
[2024-05-24T06:29:26.691+0000] {processor.py:840} INFO - DAG(s) 'example_params_trigger_ui' retrieved from /home/airflow/.local/lib/python3.12/site-packages/airflow/example_dags/example_params_trigger_ui.py
[2024-05-24T06:29:26.705+0000] {logging_mixin.py:188} INFO - [2024-05-24T06:29:26.705+0000] {dag.py:3096} INFO - Sync 1 DAGs
[2024-05-24T06:29:26.710+0000] {logging_mixin.py:188} INFO - [2024-05-24T06:29:26.710+0000] {dag.py:3954} INFO - Setting next_dagrun for example_params_trigger_ui to None, run_after=None
[2024-05-24T06:29:26.716+0000] {processor.py:183} INFO - Processing /home/airflow/.local/lib/python3.12/site-packages/airflow/example_dags/example_params_trigger_ui.py took 0.033 seconds
[2024-05-24T06:29:57.035+0000] {processor.py:161} INFO - Started process (PID=9157) to work on /home/airflow/.local/lib/python3.12/site-packages/airflow/example_dags/example_params_trigger_ui.py
[2024-05-24T06:29:57.035+0000] {processor.py:830} INFO - Processing file /home/airflow/.local/lib/python3.12/site-packages/airflow/example_dags/example_params_trigger_ui.py for tasks to queue
[2024-05-24T06:29:57.036+0000] {logging_mixin.py:188} INFO - [2024-05-24T06:29:57.035+0000] {dagbag.py:545} INFO - Filling up the DagBag from /home/airflow/.local/lib/python3.12/site-packages/airflow/example_dags/example_params_trigger_ui.py
[2024-05-24T06:29:57.041+0000] {processor.py:840} INFO - DAG(s) 'example_params_trigger_ui' retrieved from /home/airflow/.local/lib/python3.12/site-packages/airflow/example_dags/example_params_trigger_ui.py
[2024-05-24T06:29:57.055+0000] {logging_mixin.py:188} INFO - [2024-05-24T06:29:57.055+0000] {dag.py:3096} INFO - Sync 1 DAGs
[2024-05-24T06:29:57.060+0000] {logging_mixin.py:188} INFO - [2024-05-24T06:29:57.060+0000] {dag.py:3954} INFO - Setting next_dagrun for example_params_trigger_ui to None, run_after=None
[2024-05-24T06:29:57.066+0000] {processor.py:183} INFO - Processing /home/airflow/.local/lib/python3.12/site-packages/airflow/example_dags/example_params_trigger_ui.py took 0.033 seconds
[2024-05-24T06:32:50.674+0000] {processor.py:161} INFO - Started process (PID=9421) to work on /home/airflow/.local/lib/python3.12/site-packages/airflow/example_dags/example_params_trigger_ui.py
[2024-05-24T06:32:50.674+0000] {processor.py:830} INFO - Processing file /home/airflow/.local/lib/python3.12/site-packages/airflow/example_dags/example_params_trigger_ui.py for tasks to queue
[2024-05-24T06:32:50.675+0000] {logging_mixin.py:188} INFO - [2024-05-24T06:32:50.675+0000] {dagbag.py:545} INFO - Filling up the DagBag from /home/airflow/.local/lib/python3.12/site-packages/airflow/example_dags/example_params_trigger_ui.py
[2024-05-24T06:32:50.680+0000] {processor.py:840} INFO - DAG(s) 'example_params_trigger_ui' retrieved from /home/airflow/.local/lib/python3.12/site-packages/airflow/example_dags/example_params_trigger_ui.py
[2024-05-24T06:32:50.694+0000] {logging_mixin.py:188} INFO - [2024-05-24T06:32:50.693+0000] {dag.py:3096} INFO - Sync 1 DAGs
[2024-05-24T06:32:50.698+0000] {logging_mixin.py:188} INFO - [2024-05-24T06:32:50.697+0000] {dag.py:3954} INFO - Setting next_dagrun for example_params_trigger_ui to None, run_after=None
[2024-05-24T06:32:50.703+0000] {processor.py:183} INFO - Processing /home/airflow/.local/lib/python3.12/site-packages/airflow/example_dags/example_params_trigger_ui.py took 0.032 seconds
[2024-05-24T06:34:33.775+0000] {processor.py:161} INFO - Started process (PID=9681) to work on /home/airflow/.local/lib/python3.12/site-packages/airflow/example_dags/example_params_trigger_ui.py
[2024-05-24T06:34:33.775+0000] {processor.py:830} INFO - Processing file /home/airflow/.local/lib/python3.12/site-packages/airflow/example_dags/example_params_trigger_ui.py for tasks to queue
[2024-05-24T06:34:33.776+0000] {logging_mixin.py:188} INFO - [2024-05-24T06:34:33.776+0000] {dagbag.py:545} INFO - Filling up the DagBag from /home/airflow/.local/lib/python3.12/site-packages/airflow/example_dags/example_params_trigger_ui.py
[2024-05-24T06:34:33.781+0000] {processor.py:840} INFO - DAG(s) 'example_params_trigger_ui' retrieved from /home/airflow/.local/lib/python3.12/site-packages/airflow/example_dags/example_params_trigger_ui.py
[2024-05-24T06:34:33.796+0000] {logging_mixin.py:188} INFO - [2024-05-24T06:34:33.796+0000] {dag.py:3096} INFO - Sync 1 DAGs
[2024-05-24T06:34:33.801+0000] {logging_mixin.py:188} INFO - [2024-05-24T06:34:33.801+0000] {dag.py:3954} INFO - Setting next_dagrun for example_params_trigger_ui to None, run_after=None
[2024-05-24T06:34:33.808+0000] {processor.py:183} INFO - Processing /home/airflow/.local/lib/python3.12/site-packages/airflow/example_dags/example_params_trigger_ui.py took 0.035 seconds
[2024-05-24T06:35:04.390+0000] {processor.py:161} INFO - Started process (PID=9943) to work on /home/airflow/.local/lib/python3.12/site-packages/airflow/example_dags/example_params_trigger_ui.py
[2024-05-24T06:35:04.391+0000] {processor.py:830} INFO - Processing file /home/airflow/.local/lib/python3.12/site-packages/airflow/example_dags/example_params_trigger_ui.py for tasks to queue
[2024-05-24T06:35:04.391+0000] {logging_mixin.py:188} INFO - [2024-05-24T06:35:04.391+0000] {dagbag.py:545} INFO - Filling up the DagBag from /home/airflow/.local/lib/python3.12/site-packages/airflow/example_dags/example_params_trigger_ui.py
[2024-05-24T06:35:04.397+0000] {processor.py:840} INFO - DAG(s) 'example_params_trigger_ui' retrieved from /home/airflow/.local/lib/python3.12/site-packages/airflow/example_dags/example_params_trigger_ui.py
[2024-05-24T06:35:04.411+0000] {logging_mixin.py:188} INFO - [2024-05-24T06:35:04.411+0000] {dag.py:3096} INFO - Sync 1 DAGs
[2024-05-24T06:35:04.416+0000] {logging_mixin.py:188} INFO - [2024-05-24T06:35:04.416+0000] {dag.py:3954} INFO - Setting next_dagrun for example_params_trigger_ui to None, run_after=None
[2024-05-24T06:35:04.422+0000] {processor.py:183} INFO - Processing /home/airflow/.local/lib/python3.12/site-packages/airflow/example_dags/example_params_trigger_ui.py took 0.035 seconds
[2024-05-24T06:50:34.164+0000] {processor.py:161} INFO - Started process (PID=10205) to work on /home/airflow/.local/lib/python3.12/site-packages/airflow/example_dags/example_params_trigger_ui.py
[2024-05-24T06:50:34.165+0000] {processor.py:830} INFO - Processing file /home/airflow/.local/lib/python3.12/site-packages/airflow/example_dags/example_params_trigger_ui.py for tasks to queue
[2024-05-24T06:50:34.165+0000] {logging_mixin.py:188} INFO - [2024-05-24T06:50:34.165+0000] {dagbag.py:545} INFO - Filling up the DagBag from /home/airflow/.local/lib/python3.12/site-packages/airflow/example_dags/example_params_trigger_ui.py
[2024-05-24T06:50:34.171+0000] {processor.py:840} INFO - DAG(s) 'example_params_trigger_ui' retrieved from /home/airflow/.local/lib/python3.12/site-packages/airflow/example_dags/example_params_trigger_ui.py
[2024-05-24T06:50:34.186+0000] {logging_mixin.py:188} INFO - [2024-05-24T06:50:34.186+0000] {dag.py:3096} INFO - Sync 1 DAGs
[2024-05-24T06:50:34.190+0000] {logging_mixin.py:188} INFO - [2024-05-24T06:50:34.190+0000] {dag.py:3954} INFO - Setting next_dagrun for example_params_trigger_ui to None, run_after=None
[2024-05-24T06:50:34.197+0000] {processor.py:183} INFO - Processing /home/airflow/.local/lib/python3.12/site-packages/airflow/example_dags/example_params_trigger_ui.py took 0.034 seconds
[2024-05-24T07:06:10.743+0000] {processor.py:161} INFO - Started process (PID=10467) to work on /home/airflow/.local/lib/python3.12/site-packages/airflow/example_dags/example_params_trigger_ui.py
[2024-05-24T07:06:10.743+0000] {processor.py:830} INFO - Processing file /home/airflow/.local/lib/python3.12/site-packages/airflow/example_dags/example_params_trigger_ui.py for tasks to queue
[2024-05-24T07:06:10.744+0000] {logging_mixin.py:188} INFO - [2024-05-24T07:06:10.744+0000] {dagbag.py:545} INFO - Filling up the DagBag from /home/airflow/.local/lib/python3.12/site-packages/airflow/example_dags/example_params_trigger_ui.py
[2024-05-24T07:06:10.749+0000] {processor.py:840} INFO - DAG(s) 'example_params_trigger_ui' retrieved from /home/airflow/.local/lib/python3.12/site-packages/airflow/example_dags/example_params_trigger_ui.py
[2024-05-24T07:06:10.765+0000] {logging_mixin.py:188} INFO - [2024-05-24T07:06:10.765+0000] {dag.py:3096} INFO - Sync 1 DAGs
[2024-05-24T07:06:10.770+0000] {logging_mixin.py:188} INFO - [2024-05-24T07:06:10.770+0000] {dag.py:3954} INFO - Setting next_dagrun for example_params_trigger_ui to None, run_after=None
[2024-05-24T07:06:10.776+0000] {processor.py:183} INFO - Processing /home/airflow/.local/lib/python3.12/site-packages/airflow/example_dags/example_params_trigger_ui.py took 0.036 seconds
[2024-05-24T07:30:08.838+0000] {processor.py:161} INFO - Started process (PID=10729) to work on /home/airflow/.local/lib/python3.12/site-packages/airflow/example_dags/example_params_trigger_ui.py
[2024-05-24T07:30:08.838+0000] {processor.py:830} INFO - Processing file /home/airflow/.local/lib/python3.12/site-packages/airflow/example_dags/example_params_trigger_ui.py for tasks to queue
[2024-05-24T07:30:08.839+0000] {logging_mixin.py:188} INFO - [2024-05-24T07:30:08.839+0000] {dagbag.py:545} INFO - Filling up the DagBag from /home/airflow/.local/lib/python3.12/site-packages/airflow/example_dags/example_params_trigger_ui.py
[2024-05-24T07:30:08.845+0000] {processor.py:840} INFO - DAG(s) 'example_params_trigger_ui' retrieved from /home/airflow/.local/lib/python3.12/site-packages/airflow/example_dags/example_params_trigger_ui.py
[2024-05-24T07:30:08.928+0000] {logging_mixin.py:188} INFO - [2024-05-24T07:30:08.927+0000] {dag.py:3096} INFO - Sync 1 DAGs
[2024-05-24T07:30:08.932+0000] {logging_mixin.py:188} INFO - [2024-05-24T07:30:08.931+0000] {dag.py:3954} INFO - Setting next_dagrun for example_params_trigger_ui to None, run_after=None
[2024-05-24T07:30:08.938+0000] {processor.py:183} INFO - Processing /home/airflow/.local/lib/python3.12/site-packages/airflow/example_dags/example_params_trigger_ui.py took 0.102 seconds
[2024-05-24T07:30:39.531+0000] {processor.py:161} INFO - Started process (PID=10991) to work on /home/airflow/.local/lib/python3.12/site-packages/airflow/example_dags/example_params_trigger_ui.py
[2024-05-24T07:30:39.532+0000] {processor.py:830} INFO - Processing file /home/airflow/.local/lib/python3.12/site-packages/airflow/example_dags/example_params_trigger_ui.py for tasks to queue
[2024-05-24T07:30:39.532+0000] {logging_mixin.py:188} INFO - [2024-05-24T07:30:39.532+0000] {dagbag.py:545} INFO - Filling up the DagBag from /home/airflow/.local/lib/python3.12/site-packages/airflow/example_dags/example_params_trigger_ui.py
[2024-05-24T07:30:39.538+0000] {processor.py:840} INFO - DAG(s) 'example_params_trigger_ui' retrieved from /home/airflow/.local/lib/python3.12/site-packages/airflow/example_dags/example_params_trigger_ui.py
[2024-05-24T07:30:39.553+0000] {logging_mixin.py:188} INFO - [2024-05-24T07:30:39.553+0000] {dag.py:3096} INFO - Sync 1 DAGs
[2024-05-24T07:30:39.620+0000] {logging_mixin.py:188} INFO - [2024-05-24T07:30:39.619+0000] {dag.py:3954} INFO - Setting next_dagrun for example_params_trigger_ui to None, run_after=None
[2024-05-24T07:30:39.626+0000] {processor.py:183} INFO - Processing /home/airflow/.local/lib/python3.12/site-packages/airflow/example_dags/example_params_trigger_ui.py took 0.097 seconds
[2024-05-24T07:31:10.111+0000] {processor.py:161} INFO - Started process (PID=11255) to work on /home/airflow/.local/lib/python3.12/site-packages/airflow/example_dags/example_params_trigger_ui.py
[2024-05-24T07:31:10.111+0000] {processor.py:830} INFO - Processing file /home/airflow/.local/lib/python3.12/site-packages/airflow/example_dags/example_params_trigger_ui.py for tasks to queue
[2024-05-24T07:31:10.112+0000] {logging_mixin.py:188} INFO - [2024-05-24T07:31:10.112+0000] {dagbag.py:545} INFO - Filling up the DagBag from /home/airflow/.local/lib/python3.12/site-packages/airflow/example_dags/example_params_trigger_ui.py
[2024-05-24T07:31:10.117+0000] {processor.py:840} INFO - DAG(s) 'example_params_trigger_ui' retrieved from /home/airflow/.local/lib/python3.12/site-packages/airflow/example_dags/example_params_trigger_ui.py
[2024-05-24T07:31:10.132+0000] {logging_mixin.py:188} INFO - [2024-05-24T07:31:10.132+0000] {dag.py:3096} INFO - Sync 1 DAGs
[2024-05-24T07:31:10.137+0000] {logging_mixin.py:188} INFO - [2024-05-24T07:31:10.137+0000] {dag.py:3954} INFO - Setting next_dagrun for example_params_trigger_ui to None, run_after=None
[2024-05-24T07:31:10.143+0000] {processor.py:183} INFO - Processing /home/airflow/.local/lib/python3.12/site-packages/airflow/example_dags/example_params_trigger_ui.py took 0.035 seconds
[2024-05-24T07:31:40.496+0000] {processor.py:161} INFO - Started process (PID=11515) to work on /home/airflow/.local/lib/python3.12/site-packages/airflow/example_dags/example_params_trigger_ui.py
[2024-05-24T07:31:40.497+0000] {processor.py:830} INFO - Processing file /home/airflow/.local/lib/python3.12/site-packages/airflow/example_dags/example_params_trigger_ui.py for tasks to queue
[2024-05-24T07:31:40.498+0000] {logging_mixin.py:188} INFO - [2024-05-24T07:31:40.497+0000] {dagbag.py:545} INFO - Filling up the DagBag from /home/airflow/.local/lib/python3.12/site-packages/airflow/example_dags/example_params_trigger_ui.py
[2024-05-24T07:31:40.503+0000] {processor.py:840} INFO - DAG(s) 'example_params_trigger_ui' retrieved from /home/airflow/.local/lib/python3.12/site-packages/airflow/example_dags/example_params_trigger_ui.py
[2024-05-24T07:31:40.517+0000] {logging_mixin.py:188} INFO - [2024-05-24T07:31:40.517+0000] {dag.py:3096} INFO - Sync 1 DAGs
[2024-05-24T07:31:40.521+0000] {logging_mixin.py:188} INFO - [2024-05-24T07:31:40.521+0000] {dag.py:3954} INFO - Setting next_dagrun for example_params_trigger_ui to None, run_after=None
[2024-05-24T07:31:40.528+0000] {processor.py:183} INFO - Processing /home/airflow/.local/lib/python3.12/site-packages/airflow/example_dags/example_params_trigger_ui.py took 0.034 seconds
[2024-05-24T07:32:10.861+0000] {processor.py:161} INFO - Started process (PID=11779) to work on /home/airflow/.local/lib/python3.12/site-packages/airflow/example_dags/example_params_trigger_ui.py
[2024-05-24T07:32:10.862+0000] {processor.py:830} INFO - Processing file /home/airflow/.local/lib/python3.12/site-packages/airflow/example_dags/example_params_trigger_ui.py for tasks to queue
[2024-05-24T07:32:10.862+0000] {logging_mixin.py:188} INFO - [2024-05-24T07:32:10.862+0000] {dagbag.py:545} INFO - Filling up the DagBag from /home/airflow/.local/lib/python3.12/site-packages/airflow/example_dags/example_params_trigger_ui.py
[2024-05-24T07:32:10.868+0000] {processor.py:840} INFO - DAG(s) 'example_params_trigger_ui' retrieved from /home/airflow/.local/lib/python3.12/site-packages/airflow/example_dags/example_params_trigger_ui.py
[2024-05-24T07:32:10.882+0000] {logging_mixin.py:188} INFO - [2024-05-24T07:32:10.882+0000] {dag.py:3096} INFO - Sync 1 DAGs
[2024-05-24T07:32:10.886+0000] {logging_mixin.py:188} INFO - [2024-05-24T07:32:10.886+0000] {dag.py:3954} INFO - Setting next_dagrun for example_params_trigger_ui to None, run_after=None
[2024-05-24T07:32:10.892+0000] {processor.py:183} INFO - Processing /home/airflow/.local/lib/python3.12/site-packages/airflow/example_dags/example_params_trigger_ui.py took 0.033 seconds
[2024-05-24T07:32:58.675+0000] {processor.py:161} INFO - Started process (PID=12039) to work on /home/airflow/.local/lib/python3.12/site-packages/airflow/example_dags/example_params_trigger_ui.py
[2024-05-24T07:32:58.675+0000] {processor.py:830} INFO - Processing file /home/airflow/.local/lib/python3.12/site-packages/airflow/example_dags/example_params_trigger_ui.py for tasks to queue
[2024-05-24T07:32:58.676+0000] {logging_mixin.py:188} INFO - [2024-05-24T07:32:58.676+0000] {dagbag.py:545} INFO - Filling up the DagBag from /home/airflow/.local/lib/python3.12/site-packages/airflow/example_dags/example_params_trigger_ui.py
[2024-05-24T07:32:58.681+0000] {processor.py:840} INFO - DAG(s) 'example_params_trigger_ui' retrieved from /home/airflow/.local/lib/python3.12/site-packages/airflow/example_dags/example_params_trigger_ui.py
[2024-05-24T07:32:58.696+0000] {logging_mixin.py:188} INFO - [2024-05-24T07:32:58.696+0000] {dag.py:3096} INFO - Sync 1 DAGs
[2024-05-24T07:32:58.701+0000] {logging_mixin.py:188} INFO - [2024-05-24T07:32:58.701+0000] {dag.py:3954} INFO - Setting next_dagrun for example_params_trigger_ui to None, run_after=None
[2024-05-24T07:32:58.708+0000] {processor.py:183} INFO - Processing /home/airflow/.local/lib/python3.12/site-packages/airflow/example_dags/example_params_trigger_ui.py took 0.035 seconds
[2024-05-24T07:33:29.052+0000] {processor.py:161} INFO - Started process (PID=12301) to work on /home/airflow/.local/lib/python3.12/site-packages/airflow/example_dags/example_params_trigger_ui.py
[2024-05-24T07:33:29.052+0000] {processor.py:830} INFO - Processing file /home/airflow/.local/lib/python3.12/site-packages/airflow/example_dags/example_params_trigger_ui.py for tasks to queue
[2024-05-24T07:33:29.053+0000] {logging_mixin.py:188} INFO - [2024-05-24T07:33:29.053+0000] {dagbag.py:545} INFO - Filling up the DagBag from /home/airflow/.local/lib/python3.12/site-packages/airflow/example_dags/example_params_trigger_ui.py
[2024-05-24T07:33:29.058+0000] {processor.py:840} INFO - DAG(s) 'example_params_trigger_ui' retrieved from /home/airflow/.local/lib/python3.12/site-packages/airflow/example_dags/example_params_trigger_ui.py
[2024-05-24T07:33:29.073+0000] {logging_mixin.py:188} INFO - [2024-05-24T07:33:29.073+0000] {dag.py:3096} INFO - Sync 1 DAGs
[2024-05-24T07:33:29.078+0000] {logging_mixin.py:188} INFO - [2024-05-24T07:33:29.078+0000] {dag.py:3954} INFO - Setting next_dagrun for example_params_trigger_ui to None, run_after=None
[2024-05-24T07:33:29.084+0000] {processor.py:183} INFO - Processing /home/airflow/.local/lib/python3.12/site-packages/airflow/example_dags/example_params_trigger_ui.py took 0.035 seconds
[2024-05-24T07:33:59.394+0000] {processor.py:161} INFO - Started process (PID=12565) to work on /home/airflow/.local/lib/python3.12/site-packages/airflow/example_dags/example_params_trigger_ui.py
[2024-05-24T07:33:59.395+0000] {processor.py:830} INFO - Processing file /home/airflow/.local/lib/python3.12/site-packages/airflow/example_dags/example_params_trigger_ui.py for tasks to queue
[2024-05-24T07:33:59.396+0000] {logging_mixin.py:188} INFO - [2024-05-24T07:33:59.395+0000] {dagbag.py:545} INFO - Filling up the DagBag from /home/airflow/.local/lib/python3.12/site-packages/airflow/example_dags/example_params_trigger_ui.py
[2024-05-24T07:33:59.401+0000] {processor.py:840} INFO - DAG(s) 'example_params_trigger_ui' retrieved from /home/airflow/.local/lib/python3.12/site-packages/airflow/example_dags/example_params_trigger_ui.py
[2024-05-24T07:33:59.416+0000] {logging_mixin.py:188} INFO - [2024-05-24T07:33:59.415+0000] {dag.py:3096} INFO - Sync 1 DAGs
[2024-05-24T07:33:59.420+0000] {logging_mixin.py:188} INFO - [2024-05-24T07:33:59.420+0000] {dag.py:3954} INFO - Setting next_dagrun for example_params_trigger_ui to None, run_after=None
[2024-05-24T07:33:59.426+0000] {processor.py:183} INFO - Processing /home/airflow/.local/lib/python3.12/site-packages/airflow/example_dags/example_params_trigger_ui.py took 0.034 seconds
[2024-05-24T07:34:29.793+0000] {processor.py:161} INFO - Started process (PID=12826) to work on /home/airflow/.local/lib/python3.12/site-packages/airflow/example_dags/example_params_trigger_ui.py
[2024-05-24T07:34:29.794+0000] {processor.py:830} INFO - Processing file /home/airflow/.local/lib/python3.12/site-packages/airflow/example_dags/example_params_trigger_ui.py for tasks to queue
[2024-05-24T07:34:29.794+0000] {logging_mixin.py:188} INFO - [2024-05-24T07:34:29.794+0000] {dagbag.py:545} INFO - Filling up the DagBag from /home/airflow/.local/lib/python3.12/site-packages/airflow/example_dags/example_params_trigger_ui.py
[2024-05-24T07:34:29.800+0000] {processor.py:840} INFO - DAG(s) 'example_params_trigger_ui' retrieved from /home/airflow/.local/lib/python3.12/site-packages/airflow/example_dags/example_params_trigger_ui.py
[2024-05-24T07:34:29.815+0000] {logging_mixin.py:188} INFO - [2024-05-24T07:34:29.815+0000] {dag.py:3096} INFO - Sync 1 DAGs
[2024-05-24T07:34:29.819+0000] {logging_mixin.py:188} INFO - [2024-05-24T07:34:29.819+0000] {dag.py:3954} INFO - Setting next_dagrun for example_params_trigger_ui to None, run_after=None
[2024-05-24T07:34:29.826+0000] {processor.py:183} INFO - Processing /home/airflow/.local/lib/python3.12/site-packages/airflow/example_dags/example_params_trigger_ui.py took 0.035 seconds
[2024-05-24T07:35:00.306+0000] {processor.py:161} INFO - Started process (PID=13088) to work on /home/airflow/.local/lib/python3.12/site-packages/airflow/example_dags/example_params_trigger_ui.py
[2024-05-24T07:35:00.306+0000] {processor.py:830} INFO - Processing file /home/airflow/.local/lib/python3.12/site-packages/airflow/example_dags/example_params_trigger_ui.py for tasks to queue
[2024-05-24T07:35:00.307+0000] {logging_mixin.py:188} INFO - [2024-05-24T07:35:00.307+0000] {dagbag.py:545} INFO - Filling up the DagBag from /home/airflow/.local/lib/python3.12/site-packages/airflow/example_dags/example_params_trigger_ui.py
[2024-05-24T07:35:00.312+0000] {processor.py:840} INFO - DAG(s) 'example_params_trigger_ui' retrieved from /home/airflow/.local/lib/python3.12/site-packages/airflow/example_dags/example_params_trigger_ui.py
[2024-05-24T07:35:00.326+0000] {logging_mixin.py:188} INFO - [2024-05-24T07:35:00.326+0000] {dag.py:3096} INFO - Sync 1 DAGs
[2024-05-24T07:35:00.330+0000] {logging_mixin.py:188} INFO - [2024-05-24T07:35:00.330+0000] {dag.py:3954} INFO - Setting next_dagrun for example_params_trigger_ui to None, run_after=None
[2024-05-24T07:35:00.336+0000] {processor.py:183} INFO - Processing /home/airflow/.local/lib/python3.12/site-packages/airflow/example_dags/example_params_trigger_ui.py took 0.033 seconds
[2024-05-24T07:35:30.650+0000] {processor.py:161} INFO - Started process (PID=13348) to work on /home/airflow/.local/lib/python3.12/site-packages/airflow/example_dags/example_params_trigger_ui.py
[2024-05-24T07:35:30.650+0000] {processor.py:830} INFO - Processing file /home/airflow/.local/lib/python3.12/site-packages/airflow/example_dags/example_params_trigger_ui.py for tasks to queue
[2024-05-24T07:35:30.651+0000] {logging_mixin.py:188} INFO - [2024-05-24T07:35:30.651+0000] {dagbag.py:545} INFO - Filling up the DagBag from /home/airflow/.local/lib/python3.12/site-packages/airflow/example_dags/example_params_trigger_ui.py
[2024-05-24T07:35:30.657+0000] {processor.py:840} INFO - DAG(s) 'example_params_trigger_ui' retrieved from /home/airflow/.local/lib/python3.12/site-packages/airflow/example_dags/example_params_trigger_ui.py
[2024-05-24T07:35:30.671+0000] {logging_mixin.py:188} INFO - [2024-05-24T07:35:30.671+0000] {dag.py:3096} INFO - Sync 1 DAGs
[2024-05-24T07:35:30.676+0000] {logging_mixin.py:188} INFO - [2024-05-24T07:35:30.676+0000] {dag.py:3954} INFO - Setting next_dagrun for example_params_trigger_ui to None, run_after=None
[2024-05-24T07:35:30.682+0000] {processor.py:183} INFO - Processing /home/airflow/.local/lib/python3.12/site-packages/airflow/example_dags/example_params_trigger_ui.py took 0.035 seconds
[2024-05-24T07:36:01.021+0000] {processor.py:161} INFO - Started process (PID=13612) to work on /home/airflow/.local/lib/python3.12/site-packages/airflow/example_dags/example_params_trigger_ui.py
[2024-05-24T07:36:01.022+0000] {processor.py:830} INFO - Processing file /home/airflow/.local/lib/python3.12/site-packages/airflow/example_dags/example_params_trigger_ui.py for tasks to queue
[2024-05-24T07:36:01.022+0000] {logging_mixin.py:188} INFO - [2024-05-24T07:36:01.022+0000] {dagbag.py:545} INFO - Filling up the DagBag from /home/airflow/.local/lib/python3.12/site-packages/airflow/example_dags/example_params_trigger_ui.py
[2024-05-24T07:36:01.028+0000] {processor.py:840} INFO - DAG(s) 'example_params_trigger_ui' retrieved from /home/airflow/.local/lib/python3.12/site-packages/airflow/example_dags/example_params_trigger_ui.py
[2024-05-24T07:36:01.043+0000] {logging_mixin.py:188} INFO - [2024-05-24T07:36:01.042+0000] {dag.py:3096} INFO - Sync 1 DAGs
[2024-05-24T07:36:01.047+0000] {logging_mixin.py:188} INFO - [2024-05-24T07:36:01.047+0000] {dag.py:3954} INFO - Setting next_dagrun for example_params_trigger_ui to None, run_after=None
[2024-05-24T07:36:01.053+0000] {processor.py:183} INFO - Processing /home/airflow/.local/lib/python3.12/site-packages/airflow/example_dags/example_params_trigger_ui.py took 0.035 seconds
[2024-05-24T07:36:31.515+0000] {processor.py:161} INFO - Started process (PID=13874) to work on /home/airflow/.local/lib/python3.12/site-packages/airflow/example_dags/example_params_trigger_ui.py
[2024-05-24T07:36:31.516+0000] {processor.py:830} INFO - Processing file /home/airflow/.local/lib/python3.12/site-packages/airflow/example_dags/example_params_trigger_ui.py for tasks to queue
[2024-05-24T07:36:31.516+0000] {logging_mixin.py:188} INFO - [2024-05-24T07:36:31.516+0000] {dagbag.py:545} INFO - Filling up the DagBag from /home/airflow/.local/lib/python3.12/site-packages/airflow/example_dags/example_params_trigger_ui.py
[2024-05-24T07:36:31.522+0000] {processor.py:840} INFO - DAG(s) 'example_params_trigger_ui' retrieved from /home/airflow/.local/lib/python3.12/site-packages/airflow/example_dags/example_params_trigger_ui.py
[2024-05-24T07:36:31.537+0000] {logging_mixin.py:188} INFO - [2024-05-24T07:36:31.537+0000] {dag.py:3096} INFO - Sync 1 DAGs
[2024-05-24T07:36:31.542+0000] {logging_mixin.py:188} INFO - [2024-05-24T07:36:31.542+0000] {dag.py:3954} INFO - Setting next_dagrun for example_params_trigger_ui to None, run_after=None
[2024-05-24T07:36:31.548+0000] {processor.py:183} INFO - Processing /home/airflow/.local/lib/python3.12/site-packages/airflow/example_dags/example_params_trigger_ui.py took 0.035 seconds
[2024-05-24T07:37:01.831+0000] {processor.py:161} INFO - Started process (PID=14136) to work on /home/airflow/.local/lib/python3.12/site-packages/airflow/example_dags/example_params_trigger_ui.py
[2024-05-24T07:37:01.831+0000] {processor.py:830} INFO - Processing file /home/airflow/.local/lib/python3.12/site-packages/airflow/example_dags/example_params_trigger_ui.py for tasks to queue
[2024-05-24T07:37:01.832+0000] {logging_mixin.py:188} INFO - [2024-05-24T07:37:01.832+0000] {dagbag.py:545} INFO - Filling up the DagBag from /home/airflow/.local/lib/python3.12/site-packages/airflow/example_dags/example_params_trigger_ui.py
[2024-05-24T07:37:01.838+0000] {processor.py:840} INFO - DAG(s) 'example_params_trigger_ui' retrieved from /home/airflow/.local/lib/python3.12/site-packages/airflow/example_dags/example_params_trigger_ui.py
[2024-05-24T07:37:01.852+0000] {logging_mixin.py:188} INFO - [2024-05-24T07:37:01.852+0000] {dag.py:3096} INFO - Sync 1 DAGs
[2024-05-24T07:37:01.856+0000] {logging_mixin.py:188} INFO - [2024-05-24T07:37:01.856+0000] {dag.py:3954} INFO - Setting next_dagrun for example_params_trigger_ui to None, run_after=None
[2024-05-24T07:37:01.862+0000] {processor.py:183} INFO - Processing /home/airflow/.local/lib/python3.12/site-packages/airflow/example_dags/example_params_trigger_ui.py took 0.033 seconds
[2024-05-24T07:37:32.249+0000] {processor.py:161} INFO - Started process (PID=14398) to work on /home/airflow/.local/lib/python3.12/site-packages/airflow/example_dags/example_params_trigger_ui.py
[2024-05-24T07:37:32.250+0000] {processor.py:830} INFO - Processing file /home/airflow/.local/lib/python3.12/site-packages/airflow/example_dags/example_params_trigger_ui.py for tasks to queue
[2024-05-24T07:37:32.250+0000] {logging_mixin.py:188} INFO - [2024-05-24T07:37:32.250+0000] {dagbag.py:545} INFO - Filling up the DagBag from /home/airflow/.local/lib/python3.12/site-packages/airflow/example_dags/example_params_trigger_ui.py
[2024-05-24T07:37:32.256+0000] {processor.py:840} INFO - DAG(s) 'example_params_trigger_ui' retrieved from /home/airflow/.local/lib/python3.12/site-packages/airflow/example_dags/example_params_trigger_ui.py
[2024-05-24T07:37:32.270+0000] {logging_mixin.py:188} INFO - [2024-05-24T07:37:32.270+0000] {dag.py:3096} INFO - Sync 1 DAGs
[2024-05-24T07:37:32.275+0000] {logging_mixin.py:188} INFO - [2024-05-24T07:37:32.275+0000] {dag.py:3954} INFO - Setting next_dagrun for example_params_trigger_ui to None, run_after=None
[2024-05-24T07:37:32.281+0000] {processor.py:183} INFO - Processing /home/airflow/.local/lib/python3.12/site-packages/airflow/example_dags/example_params_trigger_ui.py took 0.035 seconds
[2024-05-24T07:38:02.740+0000] {processor.py:161} INFO - Started process (PID=14660) to work on /home/airflow/.local/lib/python3.12/site-packages/airflow/example_dags/example_params_trigger_ui.py
[2024-05-24T07:38:02.741+0000] {processor.py:830} INFO - Processing file /home/airflow/.local/lib/python3.12/site-packages/airflow/example_dags/example_params_trigger_ui.py for tasks to queue
[2024-05-24T07:38:02.741+0000] {logging_mixin.py:188} INFO - [2024-05-24T07:38:02.741+0000] {dagbag.py:545} INFO - Filling up the DagBag from /home/airflow/.local/lib/python3.12/site-packages/airflow/example_dags/example_params_trigger_ui.py
[2024-05-24T07:38:02.747+0000] {processor.py:840} INFO - DAG(s) 'example_params_trigger_ui' retrieved from /home/airflow/.local/lib/python3.12/site-packages/airflow/example_dags/example_params_trigger_ui.py
[2024-05-24T07:38:02.762+0000] {logging_mixin.py:188} INFO - [2024-05-24T07:38:02.762+0000] {dag.py:3096} INFO - Sync 1 DAGs
[2024-05-24T07:38:02.767+0000] {logging_mixin.py:188} INFO - [2024-05-24T07:38:02.767+0000] {dag.py:3954} INFO - Setting next_dagrun for example_params_trigger_ui to None, run_after=None
[2024-05-24T07:38:02.773+0000] {processor.py:183} INFO - Processing /home/airflow/.local/lib/python3.12/site-packages/airflow/example_dags/example_params_trigger_ui.py took 0.036 seconds
[2024-05-24T07:38:33.097+0000] {processor.py:161} INFO - Started process (PID=14922) to work on /home/airflow/.local/lib/python3.12/site-packages/airflow/example_dags/example_params_trigger_ui.py
[2024-05-24T07:38:33.097+0000] {processor.py:830} INFO - Processing file /home/airflow/.local/lib/python3.12/site-packages/airflow/example_dags/example_params_trigger_ui.py for tasks to queue
[2024-05-24T07:38:33.098+0000] {logging_mixin.py:188} INFO - [2024-05-24T07:38:33.098+0000] {dagbag.py:545} INFO - Filling up the DagBag from /home/airflow/.local/lib/python3.12/site-packages/airflow/example_dags/example_params_trigger_ui.py
[2024-05-24T07:38:33.104+0000] {processor.py:840} INFO - DAG(s) 'example_params_trigger_ui' retrieved from /home/airflow/.local/lib/python3.12/site-packages/airflow/example_dags/example_params_trigger_ui.py
[2024-05-24T07:38:33.118+0000] {logging_mixin.py:188} INFO - [2024-05-24T07:38:33.118+0000] {dag.py:3096} INFO - Sync 1 DAGs
[2024-05-24T07:38:33.122+0000] {logging_mixin.py:188} INFO - [2024-05-24T07:38:33.122+0000] {dag.py:3954} INFO - Setting next_dagrun for example_params_trigger_ui to None, run_after=None
[2024-05-24T07:38:33.129+0000] {processor.py:183} INFO - Processing /home/airflow/.local/lib/python3.12/site-packages/airflow/example_dags/example_params_trigger_ui.py took 0.035 seconds
[2024-05-24T07:39:03.411+0000] {processor.py:161} INFO - Started process (PID=15184) to work on /home/airflow/.local/lib/python3.12/site-packages/airflow/example_dags/example_params_trigger_ui.py
[2024-05-24T07:39:03.411+0000] {processor.py:830} INFO - Processing file /home/airflow/.local/lib/python3.12/site-packages/airflow/example_dags/example_params_trigger_ui.py for tasks to queue
[2024-05-24T07:39:03.412+0000] {logging_mixin.py:188} INFO - [2024-05-24T07:39:03.412+0000] {dagbag.py:545} INFO - Filling up the DagBag from /home/airflow/.local/lib/python3.12/site-packages/airflow/example_dags/example_params_trigger_ui.py
[2024-05-24T07:39:03.417+0000] {processor.py:840} INFO - DAG(s) 'example_params_trigger_ui' retrieved from /home/airflow/.local/lib/python3.12/site-packages/airflow/example_dags/example_params_trigger_ui.py
[2024-05-24T07:39:03.432+0000] {logging_mixin.py:188} INFO - [2024-05-24T07:39:03.432+0000] {dag.py:3096} INFO - Sync 1 DAGs
[2024-05-24T07:39:03.437+0000] {logging_mixin.py:188} INFO - [2024-05-24T07:39:03.437+0000] {dag.py:3954} INFO - Setting next_dagrun for example_params_trigger_ui to None, run_after=None
[2024-05-24T07:39:03.443+0000] {processor.py:183} INFO - Processing /home/airflow/.local/lib/python3.12/site-packages/airflow/example_dags/example_params_trigger_ui.py took 0.035 seconds
[2024-05-24T07:39:33.783+0000] {processor.py:161} INFO - Started process (PID=15445) to work on /home/airflow/.local/lib/python3.12/site-packages/airflow/example_dags/example_params_trigger_ui.py
[2024-05-24T07:39:33.783+0000] {processor.py:830} INFO - Processing file /home/airflow/.local/lib/python3.12/site-packages/airflow/example_dags/example_params_trigger_ui.py for tasks to queue
[2024-05-24T07:39:33.784+0000] {logging_mixin.py:188} INFO - [2024-05-24T07:39:33.784+0000] {dagbag.py:545} INFO - Filling up the DagBag from /home/airflow/.local/lib/python3.12/site-packages/airflow/example_dags/example_params_trigger_ui.py
[2024-05-24T07:39:33.790+0000] {processor.py:840} INFO - DAG(s) 'example_params_trigger_ui' retrieved from /home/airflow/.local/lib/python3.12/site-packages/airflow/example_dags/example_params_trigger_ui.py
[2024-05-24T07:39:33.804+0000] {logging_mixin.py:188} INFO - [2024-05-24T07:39:33.804+0000] {dag.py:3096} INFO - Sync 1 DAGs
[2024-05-24T07:39:33.809+0000] {logging_mixin.py:188} INFO - [2024-05-24T07:39:33.809+0000] {dag.py:3954} INFO - Setting next_dagrun for example_params_trigger_ui to None, run_after=None
[2024-05-24T07:39:33.815+0000] {processor.py:183} INFO - Processing /home/airflow/.local/lib/python3.12/site-packages/airflow/example_dags/example_params_trigger_ui.py took 0.034 seconds
[2024-05-24T07:40:04.252+0000] {processor.py:161} INFO - Started process (PID=15707) to work on /home/airflow/.local/lib/python3.12/site-packages/airflow/example_dags/example_params_trigger_ui.py
[2024-05-24T07:40:04.252+0000] {processor.py:830} INFO - Processing file /home/airflow/.local/lib/python3.12/site-packages/airflow/example_dags/example_params_trigger_ui.py for tasks to queue
[2024-05-24T07:40:04.253+0000] {logging_mixin.py:188} INFO - [2024-05-24T07:40:04.253+0000] {dagbag.py:545} INFO - Filling up the DagBag from /home/airflow/.local/lib/python3.12/site-packages/airflow/example_dags/example_params_trigger_ui.py
[2024-05-24T07:40:04.258+0000] {processor.py:840} INFO - DAG(s) 'example_params_trigger_ui' retrieved from /home/airflow/.local/lib/python3.12/site-packages/airflow/example_dags/example_params_trigger_ui.py
[2024-05-24T07:40:04.273+0000] {logging_mixin.py:188} INFO - [2024-05-24T07:40:04.273+0000] {dag.py:3096} INFO - Sync 1 DAGs
[2024-05-24T07:40:04.277+0000] {logging_mixin.py:188} INFO - [2024-05-24T07:40:04.277+0000] {dag.py:3954} INFO - Setting next_dagrun for example_params_trigger_ui to None, run_after=None
[2024-05-24T07:40:04.283+0000] {processor.py:183} INFO - Processing /home/airflow/.local/lib/python3.12/site-packages/airflow/example_dags/example_params_trigger_ui.py took 0.035 seconds
[2024-05-24T07:40:34.665+0000] {processor.py:161} INFO - Started process (PID=15969) to work on /home/airflow/.local/lib/python3.12/site-packages/airflow/example_dags/example_params_trigger_ui.py
[2024-05-24T07:40:34.665+0000] {processor.py:830} INFO - Processing file /home/airflow/.local/lib/python3.12/site-packages/airflow/example_dags/example_params_trigger_ui.py for tasks to queue
[2024-05-24T07:40:34.666+0000] {logging_mixin.py:188} INFO - [2024-05-24T07:40:34.666+0000] {dagbag.py:545} INFO - Filling up the DagBag from /home/airflow/.local/lib/python3.12/site-packages/airflow/example_dags/example_params_trigger_ui.py
[2024-05-24T07:40:34.672+0000] {processor.py:840} INFO - DAG(s) 'example_params_trigger_ui' retrieved from /home/airflow/.local/lib/python3.12/site-packages/airflow/example_dags/example_params_trigger_ui.py
[2024-05-24T07:40:34.687+0000] {logging_mixin.py:188} INFO - [2024-05-24T07:40:34.687+0000] {dag.py:3096} INFO - Sync 1 DAGs
[2024-05-24T07:40:34.691+0000] {logging_mixin.py:188} INFO - [2024-05-24T07:40:34.691+0000] {dag.py:3954} INFO - Setting next_dagrun for example_params_trigger_ui to None, run_after=None
[2024-05-24T07:40:34.697+0000] {processor.py:183} INFO - Processing /home/airflow/.local/lib/python3.12/site-packages/airflow/example_dags/example_params_trigger_ui.py took 0.035 seconds
[2024-05-24T07:41:05.071+0000] {processor.py:161} INFO - Started process (PID=16229) to work on /home/airflow/.local/lib/python3.12/site-packages/airflow/example_dags/example_params_trigger_ui.py
[2024-05-24T07:41:05.071+0000] {processor.py:830} INFO - Processing file /home/airflow/.local/lib/python3.12/site-packages/airflow/example_dags/example_params_trigger_ui.py for tasks to queue
[2024-05-24T07:41:05.072+0000] {logging_mixin.py:188} INFO - [2024-05-24T07:41:05.072+0000] {dagbag.py:545} INFO - Filling up the DagBag from /home/airflow/.local/lib/python3.12/site-packages/airflow/example_dags/example_params_trigger_ui.py
[2024-05-24T07:41:05.078+0000] {processor.py:840} INFO - DAG(s) 'example_params_trigger_ui' retrieved from /home/airflow/.local/lib/python3.12/site-packages/airflow/example_dags/example_params_trigger_ui.py
[2024-05-24T07:41:05.092+0000] {logging_mixin.py:188} INFO - [2024-05-24T07:41:05.092+0000] {dag.py:3096} INFO - Sync 1 DAGs
[2024-05-24T07:41:05.097+0000] {logging_mixin.py:188} INFO - [2024-05-24T07:41:05.097+0000] {dag.py:3954} INFO - Setting next_dagrun for example_params_trigger_ui to None, run_after=None
[2024-05-24T07:41:05.103+0000] {processor.py:183} INFO - Processing /home/airflow/.local/lib/python3.12/site-packages/airflow/example_dags/example_params_trigger_ui.py took 0.034 seconds
[2024-05-24T07:41:35.418+0000] {processor.py:161} INFO - Started process (PID=16493) to work on /home/airflow/.local/lib/python3.12/site-packages/airflow/example_dags/example_params_trigger_ui.py
[2024-05-24T07:41:35.418+0000] {processor.py:830} INFO - Processing file /home/airflow/.local/lib/python3.12/site-packages/airflow/example_dags/example_params_trigger_ui.py for tasks to queue
[2024-05-24T07:41:35.419+0000] {logging_mixin.py:188} INFO - [2024-05-24T07:41:35.419+0000] {dagbag.py:545} INFO - Filling up the DagBag from /home/airflow/.local/lib/python3.12/site-packages/airflow/example_dags/example_params_trigger_ui.py
[2024-05-24T07:41:35.424+0000] {processor.py:840} INFO - DAG(s) 'example_params_trigger_ui' retrieved from /home/airflow/.local/lib/python3.12/site-packages/airflow/example_dags/example_params_trigger_ui.py
[2024-05-24T07:41:35.439+0000] {logging_mixin.py:188} INFO - [2024-05-24T07:41:35.439+0000] {dag.py:3096} INFO - Sync 1 DAGs
[2024-05-24T07:41:35.443+0000] {logging_mixin.py:188} INFO - [2024-05-24T07:41:35.443+0000] {dag.py:3954} INFO - Setting next_dagrun for example_params_trigger_ui to None, run_after=None
[2024-05-24T07:41:35.449+0000] {processor.py:183} INFO - Processing /home/airflow/.local/lib/python3.12/site-packages/airflow/example_dags/example_params_trigger_ui.py took 0.034 seconds
[2024-05-24T07:42:05.751+0000] {processor.py:161} INFO - Started process (PID=16753) to work on /home/airflow/.local/lib/python3.12/site-packages/airflow/example_dags/example_params_trigger_ui.py
[2024-05-24T07:42:05.751+0000] {processor.py:830} INFO - Processing file /home/airflow/.local/lib/python3.12/site-packages/airflow/example_dags/example_params_trigger_ui.py for tasks to queue
[2024-05-24T07:42:05.752+0000] {logging_mixin.py:188} INFO - [2024-05-24T07:42:05.752+0000] {dagbag.py:545} INFO - Filling up the DagBag from /home/airflow/.local/lib/python3.12/site-packages/airflow/example_dags/example_params_trigger_ui.py
[2024-05-24T07:42:05.757+0000] {processor.py:840} INFO - DAG(s) 'example_params_trigger_ui' retrieved from /home/airflow/.local/lib/python3.12/site-packages/airflow/example_dags/example_params_trigger_ui.py
[2024-05-24T07:42:05.772+0000] {logging_mixin.py:188} INFO - [2024-05-24T07:42:05.772+0000] {dag.py:3096} INFO - Sync 1 DAGs
[2024-05-24T07:42:05.777+0000] {logging_mixin.py:188} INFO - [2024-05-24T07:42:05.777+0000] {dag.py:3954} INFO - Setting next_dagrun for example_params_trigger_ui to None, run_after=None
[2024-05-24T07:42:05.783+0000] {processor.py:183} INFO - Processing /home/airflow/.local/lib/python3.12/site-packages/airflow/example_dags/example_params_trigger_ui.py took 0.035 seconds
[2024-05-24T07:42:36.139+0000] {processor.py:161} INFO - Started process (PID=17017) to work on /home/airflow/.local/lib/python3.12/site-packages/airflow/example_dags/example_params_trigger_ui.py
[2024-05-24T07:42:36.139+0000] {processor.py:830} INFO - Processing file /home/airflow/.local/lib/python3.12/site-packages/airflow/example_dags/example_params_trigger_ui.py for tasks to queue
[2024-05-24T07:42:36.140+0000] {logging_mixin.py:188} INFO - [2024-05-24T07:42:36.140+0000] {dagbag.py:545} INFO - Filling up the DagBag from /home/airflow/.local/lib/python3.12/site-packages/airflow/example_dags/example_params_trigger_ui.py
[2024-05-24T07:42:36.145+0000] {processor.py:840} INFO - DAG(s) 'example_params_trigger_ui' retrieved from /home/airflow/.local/lib/python3.12/site-packages/airflow/example_dags/example_params_trigger_ui.py
[2024-05-24T07:42:36.160+0000] {logging_mixin.py:188} INFO - [2024-05-24T07:42:36.160+0000] {dag.py:3096} INFO - Sync 1 DAGs
[2024-05-24T07:42:36.165+0000] {logging_mixin.py:188} INFO - [2024-05-24T07:42:36.165+0000] {dag.py:3954} INFO - Setting next_dagrun for example_params_trigger_ui to None, run_after=None
[2024-05-24T07:42:36.171+0000] {processor.py:183} INFO - Processing /home/airflow/.local/lib/python3.12/site-packages/airflow/example_dags/example_params_trigger_ui.py took 0.035 seconds
[2024-05-24T07:43:06.619+0000] {processor.py:161} INFO - Started process (PID=17279) to work on /home/airflow/.local/lib/python3.12/site-packages/airflow/example_dags/example_params_trigger_ui.py
[2024-05-24T07:43:06.620+0000] {processor.py:830} INFO - Processing file /home/airflow/.local/lib/python3.12/site-packages/airflow/example_dags/example_params_trigger_ui.py for tasks to queue
[2024-05-24T07:43:06.620+0000] {logging_mixin.py:188} INFO - [2024-05-24T07:43:06.620+0000] {dagbag.py:545} INFO - Filling up the DagBag from /home/airflow/.local/lib/python3.12/site-packages/airflow/example_dags/example_params_trigger_ui.py
[2024-05-24T07:43:06.626+0000] {processor.py:840} INFO - DAG(s) 'example_params_trigger_ui' retrieved from /home/airflow/.local/lib/python3.12/site-packages/airflow/example_dags/example_params_trigger_ui.py
[2024-05-24T07:43:06.641+0000] {logging_mixin.py:188} INFO - [2024-05-24T07:43:06.641+0000] {dag.py:3096} INFO - Sync 1 DAGs
[2024-05-24T07:43:06.646+0000] {logging_mixin.py:188} INFO - [2024-05-24T07:43:06.645+0000] {dag.py:3954} INFO - Setting next_dagrun for example_params_trigger_ui to None, run_after=None
[2024-05-24T07:43:06.652+0000] {processor.py:183} INFO - Processing /home/airflow/.local/lib/python3.12/site-packages/airflow/example_dags/example_params_trigger_ui.py took 0.035 seconds
[2024-05-24T07:43:36.996+0000] {processor.py:161} INFO - Started process (PID=17546) to work on /home/airflow/.local/lib/python3.12/site-packages/airflow/example_dags/example_params_trigger_ui.py
[2024-05-24T07:43:36.996+0000] {processor.py:830} INFO - Processing file /home/airflow/.local/lib/python3.12/site-packages/airflow/example_dags/example_params_trigger_ui.py for tasks to queue
[2024-05-24T07:43:36.997+0000] {logging_mixin.py:188} INFO - [2024-05-24T07:43:36.997+0000] {dagbag.py:545} INFO - Filling up the DagBag from /home/airflow/.local/lib/python3.12/site-packages/airflow/example_dags/example_params_trigger_ui.py
[2024-05-24T07:43:37.002+0000] {processor.py:840} INFO - DAG(s) 'example_params_trigger_ui' retrieved from /home/airflow/.local/lib/python3.12/site-packages/airflow/example_dags/example_params_trigger_ui.py
[2024-05-24T07:43:37.017+0000] {logging_mixin.py:188} INFO - [2024-05-24T07:43:37.017+0000] {dag.py:3096} INFO - Sync 1 DAGs
[2024-05-24T07:43:37.021+0000] {logging_mixin.py:188} INFO - [2024-05-24T07:43:37.021+0000] {dag.py:3954} INFO - Setting next_dagrun for example_params_trigger_ui to None, run_after=None
[2024-05-24T07:43:37.028+0000] {processor.py:183} INFO - Processing /home/airflow/.local/lib/python3.12/site-packages/airflow/example_dags/example_params_trigger_ui.py took 0.034 seconds
[2024-05-24T07:44:07.309+0000] {processor.py:161} INFO - Started process (PID=17803) to work on /home/airflow/.local/lib/python3.12/site-packages/airflow/example_dags/example_params_trigger_ui.py
[2024-05-24T07:44:07.309+0000] {processor.py:830} INFO - Processing file /home/airflow/.local/lib/python3.12/site-packages/airflow/example_dags/example_params_trigger_ui.py for tasks to queue
[2024-05-24T07:44:07.310+0000] {logging_mixin.py:188} INFO - [2024-05-24T07:44:07.310+0000] {dagbag.py:545} INFO - Filling up the DagBag from /home/airflow/.local/lib/python3.12/site-packages/airflow/example_dags/example_params_trigger_ui.py
[2024-05-24T07:44:07.315+0000] {processor.py:840} INFO - DAG(s) 'example_params_trigger_ui' retrieved from /home/airflow/.local/lib/python3.12/site-packages/airflow/example_dags/example_params_trigger_ui.py
[2024-05-24T07:44:07.329+0000] {logging_mixin.py:188} INFO - [2024-05-24T07:44:07.329+0000] {dag.py:3096} INFO - Sync 1 DAGs
[2024-05-24T07:44:07.334+0000] {logging_mixin.py:188} INFO - [2024-05-24T07:44:07.334+0000] {dag.py:3954} INFO - Setting next_dagrun for example_params_trigger_ui to None, run_after=None
[2024-05-24T07:44:07.340+0000] {processor.py:183} INFO - Processing /home/airflow/.local/lib/python3.12/site-packages/airflow/example_dags/example_params_trigger_ui.py took 0.033 seconds
[2024-05-24T07:44:37.636+0000] {processor.py:161} INFO - Started process (PID=18065) to work on /home/airflow/.local/lib/python3.12/site-packages/airflow/example_dags/example_params_trigger_ui.py
[2024-05-24T07:44:37.636+0000] {processor.py:830} INFO - Processing file /home/airflow/.local/lib/python3.12/site-packages/airflow/example_dags/example_params_trigger_ui.py for tasks to queue
[2024-05-24T07:44:37.637+0000] {logging_mixin.py:188} INFO - [2024-05-24T07:44:37.637+0000] {dagbag.py:545} INFO - Filling up the DagBag from /home/airflow/.local/lib/python3.12/site-packages/airflow/example_dags/example_params_trigger_ui.py
[2024-05-24T07:44:37.642+0000] {processor.py:840} INFO - DAG(s) 'example_params_trigger_ui' retrieved from /home/airflow/.local/lib/python3.12/site-packages/airflow/example_dags/example_params_trigger_ui.py
[2024-05-24T07:44:37.657+0000] {logging_mixin.py:188} INFO - [2024-05-24T07:44:37.657+0000] {dag.py:3096} INFO - Sync 1 DAGs
[2024-05-24T07:44:37.661+0000] {logging_mixin.py:188} INFO - [2024-05-24T07:44:37.661+0000] {dag.py:3954} INFO - Setting next_dagrun for example_params_trigger_ui to None, run_after=None
[2024-05-24T07:44:37.667+0000] {processor.py:183} INFO - Processing /home/airflow/.local/lib/python3.12/site-packages/airflow/example_dags/example_params_trigger_ui.py took 0.033 seconds
