[2024-05-24T05:45:20.155+0000] {processor.py:161} INFO - Started process (PID=211) to work on /home/airflow/.local/lib/python3.12/site-packages/airflow/example_dags/example_bash_operator.py
[2024-05-24T05:45:20.156+0000] {processor.py:830} INFO - Processing file /home/airflow/.local/lib/python3.12/site-packages/airflow/example_dags/example_bash_operator.py for tasks to queue
[2024-05-24T05:45:20.156+0000] {logging_mixin.py:188} INFO - [2024-05-24T05:45:20.156+0000] {dagbag.py:545} INFO - Filling up the DagBag from /home/airflow/.local/lib/python3.12/site-packages/airflow/example_dags/example_bash_operator.py
[2024-05-24T05:45:20.162+0000] {processor.py:840} INFO - DAG(s) 'example_bash_operator' retrieved from /home/airflow/.local/lib/python3.12/site-packages/airflow/example_dags/example_bash_operator.py
[2024-05-24T05:45:20.167+0000] {logging_mixin.py:188} INFO - [2024-05-24T05:45:20.167+0000] {dag.py:3096} INFO - Sync 1 DAGs
[2024-05-24T05:45:20.175+0000] {logging_mixin.py:188} INFO - [2024-05-24T05:45:20.175+0000] {dag.py:3954} INFO - Setting next_dagrun for example_bash_operator to 2024-05-23 00:00:00+00:00, run_after=2024-05-24 00:00:00+00:00
[2024-05-24T05:45:20.183+0000] {processor.py:183} INFO - Processing /home/airflow/.local/lib/python3.12/site-packages/airflow/example_dags/example_bash_operator.py took 0.030 seconds
[2024-05-24T05:45:50.353+0000] {processor.py:161} INFO - Started process (PID=473) to work on /home/airflow/.local/lib/python3.12/site-packages/airflow/example_dags/example_bash_operator.py
[2024-05-24T05:45:50.353+0000] {processor.py:830} INFO - Processing file /home/airflow/.local/lib/python3.12/site-packages/airflow/example_dags/example_bash_operator.py for tasks to queue
[2024-05-24T05:45:50.354+0000] {logging_mixin.py:188} INFO - [2024-05-24T05:45:50.354+0000] {dagbag.py:545} INFO - Filling up the DagBag from /home/airflow/.local/lib/python3.12/site-packages/airflow/example_dags/example_bash_operator.py
[2024-05-24T05:45:50.358+0000] {processor.py:840} INFO - DAG(s) 'example_bash_operator' retrieved from /home/airflow/.local/lib/python3.12/site-packages/airflow/example_dags/example_bash_operator.py
[2024-05-24T05:45:50.396+0000] {logging_mixin.py:188} INFO - [2024-05-24T05:45:50.396+0000] {dag.py:3096} INFO - Sync 1 DAGs
[2024-05-24T05:45:50.403+0000] {logging_mixin.py:188} INFO - [2024-05-24T05:45:50.403+0000] {dag.py:3954} INFO - Setting next_dagrun for example_bash_operator to 2024-05-23 00:00:00+00:00, run_after=2024-05-24 00:00:00+00:00
[2024-05-24T05:45:50.410+0000] {processor.py:183} INFO - Processing /home/airflow/.local/lib/python3.12/site-packages/airflow/example_dags/example_bash_operator.py took 0.059 seconds
[2024-05-24T05:46:21.393+0000] {processor.py:161} INFO - Started process (PID=735) to work on /home/airflow/.local/lib/python3.12/site-packages/airflow/example_dags/example_bash_operator.py
[2024-05-24T05:46:21.393+0000] {processor.py:830} INFO - Processing file /home/airflow/.local/lib/python3.12/site-packages/airflow/example_dags/example_bash_operator.py for tasks to queue
[2024-05-24T05:46:21.394+0000] {logging_mixin.py:188} INFO - [2024-05-24T05:46:21.394+0000] {dagbag.py:545} INFO - Filling up the DagBag from /home/airflow/.local/lib/python3.12/site-packages/airflow/example_dags/example_bash_operator.py
[2024-05-24T05:46:21.399+0000] {processor.py:840} INFO - DAG(s) 'example_bash_operator' retrieved from /home/airflow/.local/lib/python3.12/site-packages/airflow/example_dags/example_bash_operator.py
[2024-05-24T05:46:21.419+0000] {logging_mixin.py:188} INFO - [2024-05-24T05:46:21.419+0000] {dag.py:3096} INFO - Sync 1 DAGs
[2024-05-24T05:46:21.431+0000] {logging_mixin.py:188} INFO - [2024-05-24T05:46:21.430+0000] {dag.py:3954} INFO - Setting next_dagrun for example_bash_operator to 2024-05-23 00:00:00+00:00, run_after=2024-05-24 00:00:00+00:00
[2024-05-24T05:46:21.438+0000] {processor.py:183} INFO - Processing /home/airflow/.local/lib/python3.12/site-packages/airflow/example_dags/example_bash_operator.py took 0.051 seconds
[2024-05-24T05:46:51.705+0000] {processor.py:161} INFO - Started process (PID=997) to work on /home/airflow/.local/lib/python3.12/site-packages/airflow/example_dags/example_bash_operator.py
[2024-05-24T05:46:51.706+0000] {processor.py:830} INFO - Processing file /home/airflow/.local/lib/python3.12/site-packages/airflow/example_dags/example_bash_operator.py for tasks to queue
[2024-05-24T05:46:51.707+0000] {logging_mixin.py:188} INFO - [2024-05-24T05:46:51.707+0000] {dagbag.py:545} INFO - Filling up the DagBag from /home/airflow/.local/lib/python3.12/site-packages/airflow/example_dags/example_bash_operator.py
[2024-05-24T05:46:51.715+0000] {processor.py:840} INFO - DAG(s) 'example_bash_operator' retrieved from /home/airflow/.local/lib/python3.12/site-packages/airflow/example_dags/example_bash_operator.py
[2024-05-24T05:46:51.730+0000] {logging_mixin.py:188} INFO - [2024-05-24T05:46:51.730+0000] {dag.py:3096} INFO - Sync 1 DAGs
[2024-05-24T05:46:51.740+0000] {logging_mixin.py:188} INFO - [2024-05-24T05:46:51.740+0000] {dag.py:3954} INFO - Setting next_dagrun for example_bash_operator to 2024-05-23 00:00:00+00:00, run_after=2024-05-24 00:00:00+00:00
[2024-05-24T05:46:51.748+0000] {processor.py:183} INFO - Processing /home/airflow/.local/lib/python3.12/site-packages/airflow/example_dags/example_bash_operator.py took 0.048 seconds
[2024-05-24T05:47:22.011+0000] {processor.py:161} INFO - Started process (PID=1259) to work on /home/airflow/.local/lib/python3.12/site-packages/airflow/example_dags/example_bash_operator.py
[2024-05-24T05:47:22.012+0000] {processor.py:830} INFO - Processing file /home/airflow/.local/lib/python3.12/site-packages/airflow/example_dags/example_bash_operator.py for tasks to queue
[2024-05-24T05:47:22.013+0000] {logging_mixin.py:188} INFO - [2024-05-24T05:47:22.013+0000] {dagbag.py:545} INFO - Filling up the DagBag from /home/airflow/.local/lib/python3.12/site-packages/airflow/example_dags/example_bash_operator.py
[2024-05-24T05:47:22.019+0000] {processor.py:840} INFO - DAG(s) 'example_bash_operator' retrieved from /home/airflow/.local/lib/python3.12/site-packages/airflow/example_dags/example_bash_operator.py
[2024-05-24T05:47:22.035+0000] {logging_mixin.py:188} INFO - [2024-05-24T05:47:22.035+0000] {dag.py:3096} INFO - Sync 1 DAGs
[2024-05-24T05:47:22.045+0000] {logging_mixin.py:188} INFO - [2024-05-24T05:47:22.045+0000] {dag.py:3954} INFO - Setting next_dagrun for example_bash_operator to 2024-05-23 00:00:00+00:00, run_after=2024-05-24 00:00:00+00:00
[2024-05-24T05:47:22.052+0000] {processor.py:183} INFO - Processing /home/airflow/.local/lib/python3.12/site-packages/airflow/example_dags/example_bash_operator.py took 0.045 seconds
[2024-05-24T05:47:52.346+0000] {processor.py:161} INFO - Started process (PID=1521) to work on /home/airflow/.local/lib/python3.12/site-packages/airflow/example_dags/example_bash_operator.py
[2024-05-24T05:47:52.347+0000] {processor.py:830} INFO - Processing file /home/airflow/.local/lib/python3.12/site-packages/airflow/example_dags/example_bash_operator.py for tasks to queue
[2024-05-24T05:47:52.348+0000] {logging_mixin.py:188} INFO - [2024-05-24T05:47:52.348+0000] {dagbag.py:545} INFO - Filling up the DagBag from /home/airflow/.local/lib/python3.12/site-packages/airflow/example_dags/example_bash_operator.py
[2024-05-24T05:47:52.355+0000] {processor.py:840} INFO - DAG(s) 'example_bash_operator' retrieved from /home/airflow/.local/lib/python3.12/site-packages/airflow/example_dags/example_bash_operator.py
[2024-05-24T05:47:52.370+0000] {logging_mixin.py:188} INFO - [2024-05-24T05:47:52.370+0000] {dag.py:3096} INFO - Sync 1 DAGs
[2024-05-24T05:47:52.380+0000] {logging_mixin.py:188} INFO - [2024-05-24T05:47:52.380+0000] {dag.py:3954} INFO - Setting next_dagrun for example_bash_operator to 2024-05-23 00:00:00+00:00, run_after=2024-05-24 00:00:00+00:00
[2024-05-24T05:47:52.388+0000] {processor.py:183} INFO - Processing /home/airflow/.local/lib/python3.12/site-packages/airflow/example_dags/example_bash_operator.py took 0.046 seconds
[2024-05-24T05:48:22.730+0000] {processor.py:161} INFO - Started process (PID=1783) to work on /home/airflow/.local/lib/python3.12/site-packages/airflow/example_dags/example_bash_operator.py
[2024-05-24T05:48:22.731+0000] {processor.py:830} INFO - Processing file /home/airflow/.local/lib/python3.12/site-packages/airflow/example_dags/example_bash_operator.py for tasks to queue
[2024-05-24T05:48:22.732+0000] {logging_mixin.py:188} INFO - [2024-05-24T05:48:22.732+0000] {dagbag.py:545} INFO - Filling up the DagBag from /home/airflow/.local/lib/python3.12/site-packages/airflow/example_dags/example_bash_operator.py
[2024-05-24T05:48:22.741+0000] {processor.py:840} INFO - DAG(s) 'example_bash_operator' retrieved from /home/airflow/.local/lib/python3.12/site-packages/airflow/example_dags/example_bash_operator.py
[2024-05-24T05:48:22.759+0000] {logging_mixin.py:188} INFO - [2024-05-24T05:48:22.758+0000] {dag.py:3096} INFO - Sync 1 DAGs
[2024-05-24T05:48:22.771+0000] {logging_mixin.py:188} INFO - [2024-05-24T05:48:22.770+0000] {dag.py:3954} INFO - Setting next_dagrun for example_bash_operator to 2024-05-23 00:00:00+00:00, run_after=2024-05-24 00:00:00+00:00
[2024-05-24T05:48:22.778+0000] {processor.py:183} INFO - Processing /home/airflow/.local/lib/python3.12/site-packages/airflow/example_dags/example_bash_operator.py took 0.054 seconds
[2024-05-24T05:48:53.028+0000] {processor.py:161} INFO - Started process (PID=2045) to work on /home/airflow/.local/lib/python3.12/site-packages/airflow/example_dags/example_bash_operator.py
[2024-05-24T05:48:53.029+0000] {processor.py:830} INFO - Processing file /home/airflow/.local/lib/python3.12/site-packages/airflow/example_dags/example_bash_operator.py for tasks to queue
[2024-05-24T05:48:53.029+0000] {logging_mixin.py:188} INFO - [2024-05-24T05:48:53.029+0000] {dagbag.py:545} INFO - Filling up the DagBag from /home/airflow/.local/lib/python3.12/site-packages/airflow/example_dags/example_bash_operator.py
[2024-05-24T05:48:53.037+0000] {processor.py:840} INFO - DAG(s) 'example_bash_operator' retrieved from /home/airflow/.local/lib/python3.12/site-packages/airflow/example_dags/example_bash_operator.py
[2024-05-24T05:48:53.058+0000] {logging_mixin.py:188} INFO - [2024-05-24T05:48:53.058+0000] {dag.py:3096} INFO - Sync 1 DAGs
[2024-05-24T05:48:53.074+0000] {logging_mixin.py:188} INFO - [2024-05-24T05:48:53.074+0000] {dag.py:3954} INFO - Setting next_dagrun for example_bash_operator to 2024-05-23 00:00:00+00:00, run_after=2024-05-24 00:00:00+00:00
[2024-05-24T05:48:53.084+0000] {processor.py:183} INFO - Processing /home/airflow/.local/lib/python3.12/site-packages/airflow/example_dags/example_bash_operator.py took 0.061 seconds
[2024-05-24T05:49:23.378+0000] {processor.py:161} INFO - Started process (PID=2307) to work on /home/airflow/.local/lib/python3.12/site-packages/airflow/example_dags/example_bash_operator.py
[2024-05-24T05:49:23.379+0000] {processor.py:830} INFO - Processing file /home/airflow/.local/lib/python3.12/site-packages/airflow/example_dags/example_bash_operator.py for tasks to queue
[2024-05-24T05:49:23.381+0000] {logging_mixin.py:188} INFO - [2024-05-24T05:49:23.381+0000] {dagbag.py:545} INFO - Filling up the DagBag from /home/airflow/.local/lib/python3.12/site-packages/airflow/example_dags/example_bash_operator.py
[2024-05-24T05:49:23.388+0000] {processor.py:840} INFO - DAG(s) 'example_bash_operator' retrieved from /home/airflow/.local/lib/python3.12/site-packages/airflow/example_dags/example_bash_operator.py
[2024-05-24T05:49:23.404+0000] {logging_mixin.py:188} INFO - [2024-05-24T05:49:23.404+0000] {dag.py:3096} INFO - Sync 1 DAGs
[2024-05-24T05:49:23.414+0000] {logging_mixin.py:188} INFO - [2024-05-24T05:49:23.414+0000] {dag.py:3954} INFO - Setting next_dagrun for example_bash_operator to 2024-05-23 00:00:00+00:00, run_after=2024-05-24 00:00:00+00:00
[2024-05-24T05:49:23.421+0000] {processor.py:183} INFO - Processing /home/airflow/.local/lib/python3.12/site-packages/airflow/example_dags/example_bash_operator.py took 0.048 seconds
[2024-05-24T05:49:53.651+0000] {processor.py:161} INFO - Started process (PID=2569) to work on /home/airflow/.local/lib/python3.12/site-packages/airflow/example_dags/example_bash_operator.py
[2024-05-24T05:49:53.652+0000] {processor.py:830} INFO - Processing file /home/airflow/.local/lib/python3.12/site-packages/airflow/example_dags/example_bash_operator.py for tasks to queue
[2024-05-24T05:49:53.653+0000] {logging_mixin.py:188} INFO - [2024-05-24T05:49:53.653+0000] {dagbag.py:545} INFO - Filling up the DagBag from /home/airflow/.local/lib/python3.12/site-packages/airflow/example_dags/example_bash_operator.py
[2024-05-24T05:49:53.657+0000] {processor.py:840} INFO - DAG(s) 'example_bash_operator' retrieved from /home/airflow/.local/lib/python3.12/site-packages/airflow/example_dags/example_bash_operator.py
[2024-05-24T05:49:53.666+0000] {logging_mixin.py:188} INFO - [2024-05-24T05:49:53.666+0000] {dag.py:3096} INFO - Sync 1 DAGs
[2024-05-24T05:49:53.674+0000] {logging_mixin.py:188} INFO - [2024-05-24T05:49:53.674+0000] {dag.py:3954} INFO - Setting next_dagrun for example_bash_operator to 2024-05-23 00:00:00+00:00, run_after=2024-05-24 00:00:00+00:00
[2024-05-24T05:49:53.681+0000] {processor.py:183} INFO - Processing /home/airflow/.local/lib/python3.12/site-packages/airflow/example_dags/example_bash_operator.py took 0.032 seconds
[2024-05-24T05:50:24.045+0000] {processor.py:161} INFO - Started process (PID=2831) to work on /home/airflow/.local/lib/python3.12/site-packages/airflow/example_dags/example_bash_operator.py
[2024-05-24T05:50:24.045+0000] {processor.py:830} INFO - Processing file /home/airflow/.local/lib/python3.12/site-packages/airflow/example_dags/example_bash_operator.py for tasks to queue
[2024-05-24T05:50:24.047+0000] {logging_mixin.py:188} INFO - [2024-05-24T05:50:24.047+0000] {dagbag.py:545} INFO - Filling up the DagBag from /home/airflow/.local/lib/python3.12/site-packages/airflow/example_dags/example_bash_operator.py
[2024-05-24T05:50:24.055+0000] {processor.py:840} INFO - DAG(s) 'example_bash_operator' retrieved from /home/airflow/.local/lib/python3.12/site-packages/airflow/example_dags/example_bash_operator.py
[2024-05-24T05:50:24.073+0000] {logging_mixin.py:188} INFO - [2024-05-24T05:50:24.073+0000] {dag.py:3096} INFO - Sync 1 DAGs
[2024-05-24T05:50:24.085+0000] {logging_mixin.py:188} INFO - [2024-05-24T05:50:24.085+0000] {dag.py:3954} INFO - Setting next_dagrun for example_bash_operator to 2024-05-23 00:00:00+00:00, run_after=2024-05-24 00:00:00+00:00
[2024-05-24T05:50:24.094+0000] {processor.py:183} INFO - Processing /home/airflow/.local/lib/python3.12/site-packages/airflow/example_dags/example_bash_operator.py took 0.054 seconds
[2024-05-24T05:50:54.409+0000] {processor.py:161} INFO - Started process (PID=3093) to work on /home/airflow/.local/lib/python3.12/site-packages/airflow/example_dags/example_bash_operator.py
[2024-05-24T05:50:54.409+0000] {processor.py:830} INFO - Processing file /home/airflow/.local/lib/python3.12/site-packages/airflow/example_dags/example_bash_operator.py for tasks to queue
[2024-05-24T05:50:54.411+0000] {logging_mixin.py:188} INFO - [2024-05-24T05:50:54.410+0000] {dagbag.py:545} INFO - Filling up the DagBag from /home/airflow/.local/lib/python3.12/site-packages/airflow/example_dags/example_bash_operator.py
[2024-05-24T05:50:54.417+0000] {processor.py:840} INFO - DAG(s) 'example_bash_operator' retrieved from /home/airflow/.local/lib/python3.12/site-packages/airflow/example_dags/example_bash_operator.py
[2024-05-24T05:50:54.431+0000] {logging_mixin.py:188} INFO - [2024-05-24T05:50:54.431+0000] {dag.py:3096} INFO - Sync 1 DAGs
[2024-05-24T05:50:54.441+0000] {logging_mixin.py:188} INFO - [2024-05-24T05:50:54.441+0000] {dag.py:3954} INFO - Setting next_dagrun for example_bash_operator to 2024-05-23 00:00:00+00:00, run_after=2024-05-24 00:00:00+00:00
[2024-05-24T05:50:54.448+0000] {processor.py:183} INFO - Processing /home/airflow/.local/lib/python3.12/site-packages/airflow/example_dags/example_bash_operator.py took 0.043 seconds
[2024-05-24T05:51:24.730+0000] {processor.py:161} INFO - Started process (PID=3355) to work on /home/airflow/.local/lib/python3.12/site-packages/airflow/example_dags/example_bash_operator.py
[2024-05-24T05:51:24.730+0000] {processor.py:830} INFO - Processing file /home/airflow/.local/lib/python3.12/site-packages/airflow/example_dags/example_bash_operator.py for tasks to queue
[2024-05-24T05:51:24.732+0000] {logging_mixin.py:188} INFO - [2024-05-24T05:51:24.732+0000] {dagbag.py:545} INFO - Filling up the DagBag from /home/airflow/.local/lib/python3.12/site-packages/airflow/example_dags/example_bash_operator.py
[2024-05-24T05:51:24.740+0000] {processor.py:840} INFO - DAG(s) 'example_bash_operator' retrieved from /home/airflow/.local/lib/python3.12/site-packages/airflow/example_dags/example_bash_operator.py
[2024-05-24T05:51:24.755+0000] {logging_mixin.py:188} INFO - [2024-05-24T05:51:24.755+0000] {dag.py:3096} INFO - Sync 1 DAGs
[2024-05-24T05:51:24.765+0000] {logging_mixin.py:188} INFO - [2024-05-24T05:51:24.765+0000] {dag.py:3954} INFO - Setting next_dagrun for example_bash_operator to 2024-05-23 00:00:00+00:00, run_after=2024-05-24 00:00:00+00:00
[2024-05-24T05:51:24.773+0000] {processor.py:183} INFO - Processing /home/airflow/.local/lib/python3.12/site-packages/airflow/example_dags/example_bash_operator.py took 0.048 seconds
[2024-05-24T05:51:55.023+0000] {processor.py:161} INFO - Started process (PID=3617) to work on /home/airflow/.local/lib/python3.12/site-packages/airflow/example_dags/example_bash_operator.py
[2024-05-24T05:51:55.024+0000] {processor.py:830} INFO - Processing file /home/airflow/.local/lib/python3.12/site-packages/airflow/example_dags/example_bash_operator.py for tasks to queue
[2024-05-24T05:51:55.026+0000] {logging_mixin.py:188} INFO - [2024-05-24T05:51:55.026+0000] {dagbag.py:545} INFO - Filling up the DagBag from /home/airflow/.local/lib/python3.12/site-packages/airflow/example_dags/example_bash_operator.py
[2024-05-24T05:51:55.035+0000] {processor.py:840} INFO - DAG(s) 'example_bash_operator' retrieved from /home/airflow/.local/lib/python3.12/site-packages/airflow/example_dags/example_bash_operator.py
[2024-05-24T05:51:55.052+0000] {logging_mixin.py:188} INFO - [2024-05-24T05:51:55.052+0000] {dag.py:3096} INFO - Sync 1 DAGs
[2024-05-24T05:51:55.063+0000] {logging_mixin.py:188} INFO - [2024-05-24T05:51:55.063+0000] {dag.py:3954} INFO - Setting next_dagrun for example_bash_operator to 2024-05-23 00:00:00+00:00, run_after=2024-05-24 00:00:00+00:00
[2024-05-24T05:51:55.071+0000] {processor.py:183} INFO - Processing /home/airflow/.local/lib/python3.12/site-packages/airflow/example_dags/example_bash_operator.py took 0.054 seconds
[2024-05-24T05:52:25.342+0000] {processor.py:161} INFO - Started process (PID=3879) to work on /home/airflow/.local/lib/python3.12/site-packages/airflow/example_dags/example_bash_operator.py
[2024-05-24T05:52:25.342+0000] {processor.py:830} INFO - Processing file /home/airflow/.local/lib/python3.12/site-packages/airflow/example_dags/example_bash_operator.py for tasks to queue
[2024-05-24T05:52:25.344+0000] {logging_mixin.py:188} INFO - [2024-05-24T05:52:25.344+0000] {dagbag.py:545} INFO - Filling up the DagBag from /home/airflow/.local/lib/python3.12/site-packages/airflow/example_dags/example_bash_operator.py
[2024-05-24T05:52:25.351+0000] {processor.py:840} INFO - DAG(s) 'example_bash_operator' retrieved from /home/airflow/.local/lib/python3.12/site-packages/airflow/example_dags/example_bash_operator.py
[2024-05-24T05:52:25.366+0000] {logging_mixin.py:188} INFO - [2024-05-24T05:52:25.366+0000] {dag.py:3096} INFO - Sync 1 DAGs
[2024-05-24T05:52:25.376+0000] {logging_mixin.py:188} INFO - [2024-05-24T05:52:25.376+0000] {dag.py:3954} INFO - Setting next_dagrun for example_bash_operator to 2024-05-23 00:00:00+00:00, run_after=2024-05-24 00:00:00+00:00
[2024-05-24T05:52:25.383+0000] {processor.py:183} INFO - Processing /home/airflow/.local/lib/python3.12/site-packages/airflow/example_dags/example_bash_operator.py took 0.047 seconds
[2024-05-24T05:52:55.586+0000] {processor.py:161} INFO - Started process (PID=4141) to work on /home/airflow/.local/lib/python3.12/site-packages/airflow/example_dags/example_bash_operator.py
[2024-05-24T05:52:55.587+0000] {processor.py:830} INFO - Processing file /home/airflow/.local/lib/python3.12/site-packages/airflow/example_dags/example_bash_operator.py for tasks to queue
[2024-05-24T05:52:55.588+0000] {logging_mixin.py:188} INFO - [2024-05-24T05:52:55.588+0000] {dagbag.py:545} INFO - Filling up the DagBag from /home/airflow/.local/lib/python3.12/site-packages/airflow/example_dags/example_bash_operator.py
[2024-05-24T05:52:55.596+0000] {processor.py:840} INFO - DAG(s) 'example_bash_operator' retrieved from /home/airflow/.local/lib/python3.12/site-packages/airflow/example_dags/example_bash_operator.py
[2024-05-24T05:52:55.612+0000] {logging_mixin.py:188} INFO - [2024-05-24T05:52:55.612+0000] {dag.py:3096} INFO - Sync 1 DAGs
[2024-05-24T05:52:55.622+0000] {logging_mixin.py:188} INFO - [2024-05-24T05:52:55.622+0000] {dag.py:3954} INFO - Setting next_dagrun for example_bash_operator to 2024-05-23 00:00:00+00:00, run_after=2024-05-24 00:00:00+00:00
[2024-05-24T05:52:55.630+0000] {processor.py:183} INFO - Processing /home/airflow/.local/lib/python3.12/site-packages/airflow/example_dags/example_bash_operator.py took 0.050 seconds
[2024-05-24T05:53:25.974+0000] {processor.py:161} INFO - Started process (PID=4403) to work on /home/airflow/.local/lib/python3.12/site-packages/airflow/example_dags/example_bash_operator.py
[2024-05-24T05:53:25.975+0000] {processor.py:830} INFO - Processing file /home/airflow/.local/lib/python3.12/site-packages/airflow/example_dags/example_bash_operator.py for tasks to queue
[2024-05-24T05:53:25.976+0000] {logging_mixin.py:188} INFO - [2024-05-24T05:53:25.976+0000] {dagbag.py:545} INFO - Filling up the DagBag from /home/airflow/.local/lib/python3.12/site-packages/airflow/example_dags/example_bash_operator.py
[2024-05-24T05:53:25.985+0000] {processor.py:840} INFO - DAG(s) 'example_bash_operator' retrieved from /home/airflow/.local/lib/python3.12/site-packages/airflow/example_dags/example_bash_operator.py
[2024-05-24T05:53:26.004+0000] {logging_mixin.py:188} INFO - [2024-05-24T05:53:26.004+0000] {dag.py:3096} INFO - Sync 1 DAGs
[2024-05-24T05:53:26.017+0000] {logging_mixin.py:188} INFO - [2024-05-24T05:53:26.017+0000] {dag.py:3954} INFO - Setting next_dagrun for example_bash_operator to 2024-05-23 00:00:00+00:00, run_after=2024-05-24 00:00:00+00:00
[2024-05-24T05:53:26.026+0000] {processor.py:183} INFO - Processing /home/airflow/.local/lib/python3.12/site-packages/airflow/example_dags/example_bash_operator.py took 0.057 seconds
[2024-05-24T05:53:56.449+0000] {processor.py:161} INFO - Started process (PID=4690) to work on /home/airflow/.local/lib/python3.12/site-packages/airflow/example_dags/example_bash_operator.py
[2024-05-24T05:53:56.450+0000] {processor.py:830} INFO - Processing file /home/airflow/.local/lib/python3.12/site-packages/airflow/example_dags/example_bash_operator.py for tasks to queue
[2024-05-24T05:53:56.452+0000] {logging_mixin.py:188} INFO - [2024-05-24T05:53:56.451+0000] {dagbag.py:545} INFO - Filling up the DagBag from /home/airflow/.local/lib/python3.12/site-packages/airflow/example_dags/example_bash_operator.py
[2024-05-24T05:53:56.461+0000] {processor.py:840} INFO - DAG(s) 'example_bash_operator' retrieved from /home/airflow/.local/lib/python3.12/site-packages/airflow/example_dags/example_bash_operator.py
[2024-05-24T05:53:56.480+0000] {logging_mixin.py:188} INFO - [2024-05-24T05:53:56.479+0000] {dag.py:3096} INFO - Sync 1 DAGs
[2024-05-24T05:53:56.492+0000] {logging_mixin.py:188} INFO - [2024-05-24T05:53:56.492+0000] {dag.py:3954} INFO - Setting next_dagrun for example_bash_operator to 2024-05-24 00:00:00+00:00, run_after=2024-05-25 00:00:00+00:00
[2024-05-24T05:53:56.501+0000] {processor.py:183} INFO - Processing /home/airflow/.local/lib/python3.12/site-packages/airflow/example_dags/example_bash_operator.py took 0.058 seconds
[2024-05-24T05:54:26.774+0000] {processor.py:161} INFO - Started process (PID=4952) to work on /home/airflow/.local/lib/python3.12/site-packages/airflow/example_dags/example_bash_operator.py
[2024-05-24T05:54:26.775+0000] {processor.py:830} INFO - Processing file /home/airflow/.local/lib/python3.12/site-packages/airflow/example_dags/example_bash_operator.py for tasks to queue
[2024-05-24T05:54:26.777+0000] {logging_mixin.py:188} INFO - [2024-05-24T05:54:26.777+0000] {dagbag.py:545} INFO - Filling up the DagBag from /home/airflow/.local/lib/python3.12/site-packages/airflow/example_dags/example_bash_operator.py
[2024-05-24T05:54:26.785+0000] {processor.py:840} INFO - DAG(s) 'example_bash_operator' retrieved from /home/airflow/.local/lib/python3.12/site-packages/airflow/example_dags/example_bash_operator.py
[2024-05-24T05:54:26.804+0000] {logging_mixin.py:188} INFO - [2024-05-24T05:54:26.804+0000] {dag.py:3096} INFO - Sync 1 DAGs
[2024-05-24T05:54:26.817+0000] {logging_mixin.py:188} INFO - [2024-05-24T05:54:26.816+0000] {dag.py:3954} INFO - Setting next_dagrun for example_bash_operator to 2024-05-24 00:00:00+00:00, run_after=2024-05-25 00:00:00+00:00
[2024-05-24T05:54:26.825+0000] {processor.py:183} INFO - Processing /home/airflow/.local/lib/python3.12/site-packages/airflow/example_dags/example_bash_operator.py took 0.056 seconds
[2024-05-24T05:54:57.139+0000] {processor.py:161} INFO - Started process (PID=5214) to work on /home/airflow/.local/lib/python3.12/site-packages/airflow/example_dags/example_bash_operator.py
[2024-05-24T05:54:57.140+0000] {processor.py:830} INFO - Processing file /home/airflow/.local/lib/python3.12/site-packages/airflow/example_dags/example_bash_operator.py for tasks to queue
[2024-05-24T05:54:57.141+0000] {logging_mixin.py:188} INFO - [2024-05-24T05:54:57.141+0000] {dagbag.py:545} INFO - Filling up the DagBag from /home/airflow/.local/lib/python3.12/site-packages/airflow/example_dags/example_bash_operator.py
[2024-05-24T05:54:57.149+0000] {processor.py:840} INFO - DAG(s) 'example_bash_operator' retrieved from /home/airflow/.local/lib/python3.12/site-packages/airflow/example_dags/example_bash_operator.py
[2024-05-24T05:54:57.164+0000] {logging_mixin.py:188} INFO - [2024-05-24T05:54:57.163+0000] {dag.py:3096} INFO - Sync 1 DAGs
[2024-05-24T05:54:57.174+0000] {logging_mixin.py:188} INFO - [2024-05-24T05:54:57.174+0000] {dag.py:3954} INFO - Setting next_dagrun for example_bash_operator to 2024-05-24 00:00:00+00:00, run_after=2024-05-25 00:00:00+00:00
[2024-05-24T05:54:57.182+0000] {processor.py:183} INFO - Processing /home/airflow/.local/lib/python3.12/site-packages/airflow/example_dags/example_bash_operator.py took 0.048 seconds
[2024-05-24T05:55:27.505+0000] {processor.py:161} INFO - Started process (PID=5476) to work on /home/airflow/.local/lib/python3.12/site-packages/airflow/example_dags/example_bash_operator.py
[2024-05-24T05:55:27.506+0000] {processor.py:830} INFO - Processing file /home/airflow/.local/lib/python3.12/site-packages/airflow/example_dags/example_bash_operator.py for tasks to queue
[2024-05-24T05:55:27.508+0000] {logging_mixin.py:188} INFO - [2024-05-24T05:55:27.508+0000] {dagbag.py:545} INFO - Filling up the DagBag from /home/airflow/.local/lib/python3.12/site-packages/airflow/example_dags/example_bash_operator.py
[2024-05-24T05:55:27.521+0000] {processor.py:840} INFO - DAG(s) 'example_bash_operator' retrieved from /home/airflow/.local/lib/python3.12/site-packages/airflow/example_dags/example_bash_operator.py
[2024-05-24T05:55:27.537+0000] {logging_mixin.py:188} INFO - [2024-05-24T05:55:27.537+0000] {dag.py:3096} INFO - Sync 1 DAGs
[2024-05-24T05:55:27.547+0000] {logging_mixin.py:188} INFO - [2024-05-24T05:55:27.547+0000] {dag.py:3954} INFO - Setting next_dagrun for example_bash_operator to 2024-05-24 00:00:00+00:00, run_after=2024-05-25 00:00:00+00:00
[2024-05-24T05:55:27.554+0000] {processor.py:183} INFO - Processing /home/airflow/.local/lib/python3.12/site-packages/airflow/example_dags/example_bash_operator.py took 0.056 seconds
[2024-05-24T05:55:57.858+0000] {processor.py:161} INFO - Started process (PID=5738) to work on /home/airflow/.local/lib/python3.12/site-packages/airflow/example_dags/example_bash_operator.py
[2024-05-24T05:55:57.859+0000] {processor.py:830} INFO - Processing file /home/airflow/.local/lib/python3.12/site-packages/airflow/example_dags/example_bash_operator.py for tasks to queue
[2024-05-24T05:55:57.861+0000] {logging_mixin.py:188} INFO - [2024-05-24T05:55:57.860+0000] {dagbag.py:545} INFO - Filling up the DagBag from /home/airflow/.local/lib/python3.12/site-packages/airflow/example_dags/example_bash_operator.py
[2024-05-24T05:55:57.868+0000] {processor.py:840} INFO - DAG(s) 'example_bash_operator' retrieved from /home/airflow/.local/lib/python3.12/site-packages/airflow/example_dags/example_bash_operator.py
[2024-05-24T05:55:57.883+0000] {logging_mixin.py:188} INFO - [2024-05-24T05:55:57.883+0000] {dag.py:3096} INFO - Sync 1 DAGs
[2024-05-24T05:55:57.893+0000] {logging_mixin.py:188} INFO - [2024-05-24T05:55:57.893+0000] {dag.py:3954} INFO - Setting next_dagrun for example_bash_operator to 2024-05-24 00:00:00+00:00, run_after=2024-05-25 00:00:00+00:00
[2024-05-24T05:55:57.900+0000] {processor.py:183} INFO - Processing /home/airflow/.local/lib/python3.12/site-packages/airflow/example_dags/example_bash_operator.py took 0.048 seconds
[2024-05-24T05:56:28.188+0000] {processor.py:161} INFO - Started process (PID=6000) to work on /home/airflow/.local/lib/python3.12/site-packages/airflow/example_dags/example_bash_operator.py
[2024-05-24T05:56:28.189+0000] {processor.py:830} INFO - Processing file /home/airflow/.local/lib/python3.12/site-packages/airflow/example_dags/example_bash_operator.py for tasks to queue
[2024-05-24T05:56:28.190+0000] {logging_mixin.py:188} INFO - [2024-05-24T05:56:28.190+0000] {dagbag.py:545} INFO - Filling up the DagBag from /home/airflow/.local/lib/python3.12/site-packages/airflow/example_dags/example_bash_operator.py
[2024-05-24T05:56:28.198+0000] {processor.py:840} INFO - DAG(s) 'example_bash_operator' retrieved from /home/airflow/.local/lib/python3.12/site-packages/airflow/example_dags/example_bash_operator.py
[2024-05-24T05:56:28.213+0000] {logging_mixin.py:188} INFO - [2024-05-24T05:56:28.213+0000] {dag.py:3096} INFO - Sync 1 DAGs
[2024-05-24T05:56:28.223+0000] {logging_mixin.py:188} INFO - [2024-05-24T05:56:28.223+0000] {dag.py:3954} INFO - Setting next_dagrun for example_bash_operator to 2024-05-24 00:00:00+00:00, run_after=2024-05-25 00:00:00+00:00
[2024-05-24T05:56:28.230+0000] {processor.py:183} INFO - Processing /home/airflow/.local/lib/python3.12/site-packages/airflow/example_dags/example_bash_operator.py took 0.047 seconds
[2024-05-24T05:56:58.505+0000] {processor.py:161} INFO - Started process (PID=6262) to work on /home/airflow/.local/lib/python3.12/site-packages/airflow/example_dags/example_bash_operator.py
[2024-05-24T05:56:58.506+0000] {processor.py:830} INFO - Processing file /home/airflow/.local/lib/python3.12/site-packages/airflow/example_dags/example_bash_operator.py for tasks to queue
[2024-05-24T05:56:58.508+0000] {logging_mixin.py:188} INFO - [2024-05-24T05:56:58.507+0000] {dagbag.py:545} INFO - Filling up the DagBag from /home/airflow/.local/lib/python3.12/site-packages/airflow/example_dags/example_bash_operator.py
[2024-05-24T05:56:58.516+0000] {processor.py:840} INFO - DAG(s) 'example_bash_operator' retrieved from /home/airflow/.local/lib/python3.12/site-packages/airflow/example_dags/example_bash_operator.py
[2024-05-24T05:56:58.531+0000] {logging_mixin.py:188} INFO - [2024-05-24T05:56:58.531+0000] {dag.py:3096} INFO - Sync 1 DAGs
[2024-05-24T05:56:58.542+0000] {logging_mixin.py:188} INFO - [2024-05-24T05:56:58.542+0000] {dag.py:3954} INFO - Setting next_dagrun for example_bash_operator to 2024-05-24 00:00:00+00:00, run_after=2024-05-25 00:00:00+00:00
[2024-05-24T05:56:58.550+0000] {processor.py:183} INFO - Processing /home/airflow/.local/lib/python3.12/site-packages/airflow/example_dags/example_bash_operator.py took 0.050 seconds
[2024-05-24T05:57:28.798+0000] {processor.py:161} INFO - Started process (PID=6524) to work on /home/airflow/.local/lib/python3.12/site-packages/airflow/example_dags/example_bash_operator.py
[2024-05-24T05:57:28.798+0000] {processor.py:830} INFO - Processing file /home/airflow/.local/lib/python3.12/site-packages/airflow/example_dags/example_bash_operator.py for tasks to queue
[2024-05-24T05:57:28.800+0000] {logging_mixin.py:188} INFO - [2024-05-24T05:57:28.799+0000] {dagbag.py:545} INFO - Filling up the DagBag from /home/airflow/.local/lib/python3.12/site-packages/airflow/example_dags/example_bash_operator.py
[2024-05-24T05:57:28.807+0000] {processor.py:840} INFO - DAG(s) 'example_bash_operator' retrieved from /home/airflow/.local/lib/python3.12/site-packages/airflow/example_dags/example_bash_operator.py
[2024-05-24T05:57:28.823+0000] {logging_mixin.py:188} INFO - [2024-05-24T05:57:28.822+0000] {dag.py:3096} INFO - Sync 1 DAGs
[2024-05-24T05:57:28.834+0000] {logging_mixin.py:188} INFO - [2024-05-24T05:57:28.834+0000] {dag.py:3954} INFO - Setting next_dagrun for example_bash_operator to 2024-05-24 00:00:00+00:00, run_after=2024-05-25 00:00:00+00:00
[2024-05-24T05:57:28.841+0000] {processor.py:183} INFO - Processing /home/airflow/.local/lib/python3.12/site-packages/airflow/example_dags/example_bash_operator.py took 0.049 seconds
[2024-05-24T05:57:59.154+0000] {processor.py:161} INFO - Started process (PID=6786) to work on /home/airflow/.local/lib/python3.12/site-packages/airflow/example_dags/example_bash_operator.py
[2024-05-24T05:57:59.155+0000] {processor.py:830} INFO - Processing file /home/airflow/.local/lib/python3.12/site-packages/airflow/example_dags/example_bash_operator.py for tasks to queue
[2024-05-24T05:57:59.156+0000] {logging_mixin.py:188} INFO - [2024-05-24T05:57:59.156+0000] {dagbag.py:545} INFO - Filling up the DagBag from /home/airflow/.local/lib/python3.12/site-packages/airflow/example_dags/example_bash_operator.py
[2024-05-24T05:57:59.164+0000] {processor.py:840} INFO - DAG(s) 'example_bash_operator' retrieved from /home/airflow/.local/lib/python3.12/site-packages/airflow/example_dags/example_bash_operator.py
[2024-05-24T05:57:59.179+0000] {logging_mixin.py:188} INFO - [2024-05-24T05:57:59.179+0000] {dag.py:3096} INFO - Sync 1 DAGs
[2024-05-24T05:57:59.190+0000] {logging_mixin.py:188} INFO - [2024-05-24T05:57:59.190+0000] {dag.py:3954} INFO - Setting next_dagrun for example_bash_operator to 2024-05-24 00:00:00+00:00, run_after=2024-05-25 00:00:00+00:00
[2024-05-24T05:57:59.197+0000] {processor.py:183} INFO - Processing /home/airflow/.local/lib/python3.12/site-packages/airflow/example_dags/example_bash_operator.py took 0.049 seconds
[2024-05-24T05:58:29.484+0000] {processor.py:161} INFO - Started process (PID=7048) to work on /home/airflow/.local/lib/python3.12/site-packages/airflow/example_dags/example_bash_operator.py
[2024-05-24T05:58:29.485+0000] {processor.py:830} INFO - Processing file /home/airflow/.local/lib/python3.12/site-packages/airflow/example_dags/example_bash_operator.py for tasks to queue
[2024-05-24T05:58:29.487+0000] {logging_mixin.py:188} INFO - [2024-05-24T05:58:29.486+0000] {dagbag.py:545} INFO - Filling up the DagBag from /home/airflow/.local/lib/python3.12/site-packages/airflow/example_dags/example_bash_operator.py
[2024-05-24T05:58:29.494+0000] {processor.py:840} INFO - DAG(s) 'example_bash_operator' retrieved from /home/airflow/.local/lib/python3.12/site-packages/airflow/example_dags/example_bash_operator.py
[2024-05-24T05:58:29.510+0000] {logging_mixin.py:188} INFO - [2024-05-24T05:58:29.509+0000] {dag.py:3096} INFO - Sync 1 DAGs
[2024-05-24T05:58:29.520+0000] {logging_mixin.py:188} INFO - [2024-05-24T05:58:29.520+0000] {dag.py:3954} INFO - Setting next_dagrun for example_bash_operator to 2024-05-24 00:00:00+00:00, run_after=2024-05-25 00:00:00+00:00
[2024-05-24T05:58:29.528+0000] {processor.py:183} INFO - Processing /home/airflow/.local/lib/python3.12/site-packages/airflow/example_dags/example_bash_operator.py took 0.049 seconds
[2024-05-24T06:13:52.882+0000] {processor.py:161} INFO - Started process (PID=7310) to work on /home/airflow/.local/lib/python3.12/site-packages/airflow/example_dags/example_bash_operator.py
[2024-05-24T06:13:52.883+0000] {processor.py:830} INFO - Processing file /home/airflow/.local/lib/python3.12/site-packages/airflow/example_dags/example_bash_operator.py for tasks to queue
[2024-05-24T06:13:52.884+0000] {logging_mixin.py:188} INFO - [2024-05-24T06:13:52.883+0000] {dagbag.py:545} INFO - Filling up the DagBag from /home/airflow/.local/lib/python3.12/site-packages/airflow/example_dags/example_bash_operator.py
[2024-05-24T06:13:52.888+0000] {processor.py:840} INFO - DAG(s) 'example_bash_operator' retrieved from /home/airflow/.local/lib/python3.12/site-packages/airflow/example_dags/example_bash_operator.py
[2024-05-24T06:13:52.898+0000] {logging_mixin.py:188} INFO - [2024-05-24T06:13:52.898+0000] {dag.py:3096} INFO - Sync 1 DAGs
[2024-05-24T06:13:52.906+0000] {logging_mixin.py:188} INFO - [2024-05-24T06:13:52.906+0000] {dag.py:3954} INFO - Setting next_dagrun for example_bash_operator to 2024-05-24 00:00:00+00:00, run_after=2024-05-25 00:00:00+00:00
[2024-05-24T06:13:52.912+0000] {processor.py:183} INFO - Processing /home/airflow/.local/lib/python3.12/site-packages/airflow/example_dags/example_bash_operator.py took 0.032 seconds
[2024-05-24T06:26:09.755+0000] {processor.py:161} INFO - Started process (PID=7571) to work on /home/airflow/.local/lib/python3.12/site-packages/airflow/example_dags/example_bash_operator.py
[2024-05-24T06:26:09.755+0000] {processor.py:830} INFO - Processing file /home/airflow/.local/lib/python3.12/site-packages/airflow/example_dags/example_bash_operator.py for tasks to queue
[2024-05-24T06:26:09.756+0000] {logging_mixin.py:188} INFO - [2024-05-24T06:26:09.756+0000] {dagbag.py:545} INFO - Filling up the DagBag from /home/airflow/.local/lib/python3.12/site-packages/airflow/example_dags/example_bash_operator.py
[2024-05-24T06:26:09.760+0000] {processor.py:840} INFO - DAG(s) 'example_bash_operator' retrieved from /home/airflow/.local/lib/python3.12/site-packages/airflow/example_dags/example_bash_operator.py
[2024-05-24T06:26:09.770+0000] {logging_mixin.py:188} INFO - [2024-05-24T06:26:09.770+0000] {dag.py:3096} INFO - Sync 1 DAGs
[2024-05-24T06:26:09.779+0000] {logging_mixin.py:188} INFO - [2024-05-24T06:26:09.779+0000] {dag.py:3954} INFO - Setting next_dagrun for example_bash_operator to 2024-05-24 00:00:00+00:00, run_after=2024-05-25 00:00:00+00:00
[2024-05-24T06:26:09.785+0000] {processor.py:183} INFO - Processing /home/airflow/.local/lib/python3.12/site-packages/airflow/example_dags/example_bash_operator.py took 0.033 seconds
[2024-05-24T06:26:40.208+0000] {processor.py:161} INFO - Started process (PID=7834) to work on /home/airflow/.local/lib/python3.12/site-packages/airflow/example_dags/example_bash_operator.py
[2024-05-24T06:26:40.208+0000] {processor.py:830} INFO - Processing file /home/airflow/.local/lib/python3.12/site-packages/airflow/example_dags/example_bash_operator.py for tasks to queue
[2024-05-24T06:26:40.209+0000] {logging_mixin.py:188} INFO - [2024-05-24T06:26:40.209+0000] {dagbag.py:545} INFO - Filling up the DagBag from /home/airflow/.local/lib/python3.12/site-packages/airflow/example_dags/example_bash_operator.py
[2024-05-24T06:26:40.213+0000] {processor.py:840} INFO - DAG(s) 'example_bash_operator' retrieved from /home/airflow/.local/lib/python3.12/site-packages/airflow/example_dags/example_bash_operator.py
[2024-05-24T06:26:40.221+0000] {logging_mixin.py:188} INFO - [2024-05-24T06:26:40.221+0000] {dag.py:3096} INFO - Sync 1 DAGs
[2024-05-24T06:26:40.229+0000] {logging_mixin.py:188} INFO - [2024-05-24T06:26:40.229+0000] {dag.py:3954} INFO - Setting next_dagrun for example_bash_operator to 2024-05-24 00:00:00+00:00, run_after=2024-05-25 00:00:00+00:00
[2024-05-24T06:26:40.235+0000] {processor.py:183} INFO - Processing /home/airflow/.local/lib/python3.12/site-packages/airflow/example_dags/example_bash_operator.py took 0.029 seconds
[2024-05-24T06:27:10.616+0000] {processor.py:161} INFO - Started process (PID=8096) to work on /home/airflow/.local/lib/python3.12/site-packages/airflow/example_dags/example_bash_operator.py
[2024-05-24T06:27:10.616+0000] {processor.py:830} INFO - Processing file /home/airflow/.local/lib/python3.12/site-packages/airflow/example_dags/example_bash_operator.py for tasks to queue
[2024-05-24T06:27:10.617+0000] {logging_mixin.py:188} INFO - [2024-05-24T06:27:10.617+0000] {dagbag.py:545} INFO - Filling up the DagBag from /home/airflow/.local/lib/python3.12/site-packages/airflow/example_dags/example_bash_operator.py
[2024-05-24T06:27:10.621+0000] {processor.py:840} INFO - DAG(s) 'example_bash_operator' retrieved from /home/airflow/.local/lib/python3.12/site-packages/airflow/example_dags/example_bash_operator.py
[2024-05-24T06:27:10.629+0000] {logging_mixin.py:188} INFO - [2024-05-24T06:27:10.629+0000] {dag.py:3096} INFO - Sync 1 DAGs
[2024-05-24T06:27:10.637+0000] {logging_mixin.py:188} INFO - [2024-05-24T06:27:10.637+0000] {dag.py:3954} INFO - Setting next_dagrun for example_bash_operator to 2024-05-24 00:00:00+00:00, run_after=2024-05-25 00:00:00+00:00
[2024-05-24T06:27:10.643+0000] {processor.py:183} INFO - Processing /home/airflow/.local/lib/python3.12/site-packages/airflow/example_dags/example_bash_operator.py took 0.029 seconds
[2024-05-24T06:28:25.738+0000] {processor.py:161} INFO - Started process (PID=8358) to work on /home/airflow/.local/lib/python3.12/site-packages/airflow/example_dags/example_bash_operator.py
[2024-05-24T06:28:25.738+0000] {processor.py:830} INFO - Processing file /home/airflow/.local/lib/python3.12/site-packages/airflow/example_dags/example_bash_operator.py for tasks to queue
[2024-05-24T06:28:25.739+0000] {logging_mixin.py:188} INFO - [2024-05-24T06:28:25.739+0000] {dagbag.py:545} INFO - Filling up the DagBag from /home/airflow/.local/lib/python3.12/site-packages/airflow/example_dags/example_bash_operator.py
[2024-05-24T06:28:25.744+0000] {processor.py:840} INFO - DAG(s) 'example_bash_operator' retrieved from /home/airflow/.local/lib/python3.12/site-packages/airflow/example_dags/example_bash_operator.py
[2024-05-24T06:28:25.753+0000] {logging_mixin.py:188} INFO - [2024-05-24T06:28:25.753+0000] {dag.py:3096} INFO - Sync 1 DAGs
[2024-05-24T06:28:25.761+0000] {logging_mixin.py:188} INFO - [2024-05-24T06:28:25.761+0000] {dag.py:3954} INFO - Setting next_dagrun for example_bash_operator to 2024-05-24 00:00:00+00:00, run_after=2024-05-25 00:00:00+00:00
[2024-05-24T06:28:25.767+0000] {processor.py:183} INFO - Processing /home/airflow/.local/lib/python3.12/site-packages/airflow/example_dags/example_bash_operator.py took 0.032 seconds
[2024-05-24T06:28:56.101+0000] {processor.py:161} INFO - Started process (PID=8618) to work on /home/airflow/.local/lib/python3.12/site-packages/airflow/example_dags/example_bash_operator.py
[2024-05-24T06:28:56.102+0000] {processor.py:830} INFO - Processing file /home/airflow/.local/lib/python3.12/site-packages/airflow/example_dags/example_bash_operator.py for tasks to queue
[2024-05-24T06:28:56.103+0000] {logging_mixin.py:188} INFO - [2024-05-24T06:28:56.102+0000] {dagbag.py:545} INFO - Filling up the DagBag from /home/airflow/.local/lib/python3.12/site-packages/airflow/example_dags/example_bash_operator.py
[2024-05-24T06:28:56.107+0000] {processor.py:840} INFO - DAG(s) 'example_bash_operator' retrieved from /home/airflow/.local/lib/python3.12/site-packages/airflow/example_dags/example_bash_operator.py
[2024-05-24T06:28:56.116+0000] {logging_mixin.py:188} INFO - [2024-05-24T06:28:56.116+0000] {dag.py:3096} INFO - Sync 1 DAGs
[2024-05-24T06:28:56.124+0000] {logging_mixin.py:188} INFO - [2024-05-24T06:28:56.124+0000] {dag.py:3954} INFO - Setting next_dagrun for example_bash_operator to 2024-05-24 00:00:00+00:00, run_after=2024-05-25 00:00:00+00:00
[2024-05-24T06:28:56.130+0000] {processor.py:183} INFO - Processing /home/airflow/.local/lib/python3.12/site-packages/airflow/example_dags/example_bash_operator.py took 0.031 seconds
[2024-05-24T06:29:26.647+0000] {processor.py:161} INFO - Started process (PID=8882) to work on /home/airflow/.local/lib/python3.12/site-packages/airflow/example_dags/example_bash_operator.py
[2024-05-24T06:29:26.648+0000] {processor.py:830} INFO - Processing file /home/airflow/.local/lib/python3.12/site-packages/airflow/example_dags/example_bash_operator.py for tasks to queue
[2024-05-24T06:29:26.649+0000] {logging_mixin.py:188} INFO - [2024-05-24T06:29:26.648+0000] {dagbag.py:545} INFO - Filling up the DagBag from /home/airflow/.local/lib/python3.12/site-packages/airflow/example_dags/example_bash_operator.py
[2024-05-24T06:29:26.653+0000] {processor.py:840} INFO - DAG(s) 'example_bash_operator' retrieved from /home/airflow/.local/lib/python3.12/site-packages/airflow/example_dags/example_bash_operator.py
[2024-05-24T06:29:26.661+0000] {logging_mixin.py:188} INFO - [2024-05-24T06:29:26.661+0000] {dag.py:3096} INFO - Sync 1 DAGs
[2024-05-24T06:29:26.669+0000] {logging_mixin.py:188} INFO - [2024-05-24T06:29:26.669+0000] {dag.py:3954} INFO - Setting next_dagrun for example_bash_operator to 2024-05-24 00:00:00+00:00, run_after=2024-05-25 00:00:00+00:00
[2024-05-24T06:29:26.675+0000] {processor.py:183} INFO - Processing /home/airflow/.local/lib/python3.12/site-packages/airflow/example_dags/example_bash_operator.py took 0.030 seconds
[2024-05-24T06:29:56.962+0000] {processor.py:161} INFO - Started process (PID=9142) to work on /home/airflow/.local/lib/python3.12/site-packages/airflow/example_dags/example_bash_operator.py
[2024-05-24T06:29:56.962+0000] {processor.py:830} INFO - Processing file /home/airflow/.local/lib/python3.12/site-packages/airflow/example_dags/example_bash_operator.py for tasks to queue
[2024-05-24T06:29:56.963+0000] {logging_mixin.py:188} INFO - [2024-05-24T06:29:56.963+0000] {dagbag.py:545} INFO - Filling up the DagBag from /home/airflow/.local/lib/python3.12/site-packages/airflow/example_dags/example_bash_operator.py
[2024-05-24T06:29:56.967+0000] {processor.py:840} INFO - DAG(s) 'example_bash_operator' retrieved from /home/airflow/.local/lib/python3.12/site-packages/airflow/example_dags/example_bash_operator.py
[2024-05-24T06:29:56.977+0000] {logging_mixin.py:188} INFO - [2024-05-24T06:29:56.976+0000] {dag.py:3096} INFO - Sync 1 DAGs
[2024-05-24T06:29:56.986+0000] {logging_mixin.py:188} INFO - [2024-05-24T06:29:56.986+0000] {dag.py:3954} INFO - Setting next_dagrun for example_bash_operator to 2024-05-24 00:00:00+00:00, run_after=2024-05-25 00:00:00+00:00
[2024-05-24T06:29:56.993+0000] {processor.py:183} INFO - Processing /home/airflow/.local/lib/python3.12/site-packages/airflow/example_dags/example_bash_operator.py took 0.033 seconds
[2024-05-24T06:32:50.604+0000] {processor.py:161} INFO - Started process (PID=9404) to work on /home/airflow/.local/lib/python3.12/site-packages/airflow/example_dags/example_bash_operator.py
[2024-05-24T06:32:50.604+0000] {processor.py:830} INFO - Processing file /home/airflow/.local/lib/python3.12/site-packages/airflow/example_dags/example_bash_operator.py for tasks to queue
[2024-05-24T06:32:50.605+0000] {logging_mixin.py:188} INFO - [2024-05-24T06:32:50.605+0000] {dagbag.py:545} INFO - Filling up the DagBag from /home/airflow/.local/lib/python3.12/site-packages/airflow/example_dags/example_bash_operator.py
[2024-05-24T06:32:50.609+0000] {processor.py:840} INFO - DAG(s) 'example_bash_operator' retrieved from /home/airflow/.local/lib/python3.12/site-packages/airflow/example_dags/example_bash_operator.py
[2024-05-24T06:32:50.618+0000] {logging_mixin.py:188} INFO - [2024-05-24T06:32:50.618+0000] {dag.py:3096} INFO - Sync 1 DAGs
[2024-05-24T06:32:50.626+0000] {logging_mixin.py:188} INFO - [2024-05-24T06:32:50.626+0000] {dag.py:3954} INFO - Setting next_dagrun for example_bash_operator to 2024-05-24 00:00:00+00:00, run_after=2024-05-25 00:00:00+00:00
[2024-05-24T06:32:50.632+0000] {processor.py:183} INFO - Processing /home/airflow/.local/lib/python3.12/site-packages/airflow/example_dags/example_bash_operator.py took 0.030 seconds
[2024-05-24T06:34:33.734+0000] {processor.py:161} INFO - Started process (PID=9668) to work on /home/airflow/.local/lib/python3.12/site-packages/airflow/example_dags/example_bash_operator.py
[2024-05-24T06:34:33.735+0000] {processor.py:830} INFO - Processing file /home/airflow/.local/lib/python3.12/site-packages/airflow/example_dags/example_bash_operator.py for tasks to queue
[2024-05-24T06:34:33.735+0000] {logging_mixin.py:188} INFO - [2024-05-24T06:34:33.735+0000] {dagbag.py:545} INFO - Filling up the DagBag from /home/airflow/.local/lib/python3.12/site-packages/airflow/example_dags/example_bash_operator.py
[2024-05-24T06:34:33.740+0000] {processor.py:840} INFO - DAG(s) 'example_bash_operator' retrieved from /home/airflow/.local/lib/python3.12/site-packages/airflow/example_dags/example_bash_operator.py
[2024-05-24T06:34:33.749+0000] {logging_mixin.py:188} INFO - [2024-05-24T06:34:33.749+0000] {dag.py:3096} INFO - Sync 1 DAGs
[2024-05-24T06:34:33.758+0000] {logging_mixin.py:188} INFO - [2024-05-24T06:34:33.758+0000] {dag.py:3954} INFO - Setting next_dagrun for example_bash_operator to 2024-05-24 00:00:00+00:00, run_after=2024-05-25 00:00:00+00:00
[2024-05-24T06:34:33.764+0000] {processor.py:183} INFO - Processing /home/airflow/.local/lib/python3.12/site-packages/airflow/example_dags/example_bash_operator.py took 0.032 seconds
[2024-05-24T06:35:04.349+0000] {processor.py:161} INFO - Started process (PID=9930) to work on /home/airflow/.local/lib/python3.12/site-packages/airflow/example_dags/example_bash_operator.py
[2024-05-24T06:35:04.349+0000] {processor.py:830} INFO - Processing file /home/airflow/.local/lib/python3.12/site-packages/airflow/example_dags/example_bash_operator.py for tasks to queue
[2024-05-24T06:35:04.350+0000] {logging_mixin.py:188} INFO - [2024-05-24T06:35:04.350+0000] {dagbag.py:545} INFO - Filling up the DagBag from /home/airflow/.local/lib/python3.12/site-packages/airflow/example_dags/example_bash_operator.py
[2024-05-24T06:35:04.354+0000] {processor.py:840} INFO - DAG(s) 'example_bash_operator' retrieved from /home/airflow/.local/lib/python3.12/site-packages/airflow/example_dags/example_bash_operator.py
[2024-05-24T06:35:04.364+0000] {logging_mixin.py:188} INFO - [2024-05-24T06:35:04.364+0000] {dag.py:3096} INFO - Sync 1 DAGs
[2024-05-24T06:35:04.371+0000] {logging_mixin.py:188} INFO - [2024-05-24T06:35:04.371+0000] {dag.py:3954} INFO - Setting next_dagrun for example_bash_operator to 2024-05-24 00:00:00+00:00, run_after=2024-05-25 00:00:00+00:00
[2024-05-24T06:35:04.378+0000] {processor.py:183} INFO - Processing /home/airflow/.local/lib/python3.12/site-packages/airflow/example_dags/example_bash_operator.py took 0.032 seconds
[2024-05-24T06:50:34.101+0000] {processor.py:161} INFO - Started process (PID=10190) to work on /home/airflow/.local/lib/python3.12/site-packages/airflow/example_dags/example_bash_operator.py
[2024-05-24T06:50:34.102+0000] {processor.py:830} INFO - Processing file /home/airflow/.local/lib/python3.12/site-packages/airflow/example_dags/example_bash_operator.py for tasks to queue
[2024-05-24T06:50:34.102+0000] {logging_mixin.py:188} INFO - [2024-05-24T06:50:34.102+0000] {dagbag.py:545} INFO - Filling up the DagBag from /home/airflow/.local/lib/python3.12/site-packages/airflow/example_dags/example_bash_operator.py
[2024-05-24T06:50:34.107+0000] {processor.py:840} INFO - DAG(s) 'example_bash_operator' retrieved from /home/airflow/.local/lib/python3.12/site-packages/airflow/example_dags/example_bash_operator.py
[2024-05-24T06:50:34.117+0000] {logging_mixin.py:188} INFO - [2024-05-24T06:50:34.117+0000] {dag.py:3096} INFO - Sync 1 DAGs
[2024-05-24T06:50:34.125+0000] {logging_mixin.py:188} INFO - [2024-05-24T06:50:34.125+0000] {dag.py:3954} INFO - Setting next_dagrun for example_bash_operator to 2024-05-24 00:00:00+00:00, run_after=2024-05-25 00:00:00+00:00
[2024-05-24T06:50:34.131+0000] {processor.py:183} INFO - Processing /home/airflow/.local/lib/python3.12/site-packages/airflow/example_dags/example_bash_operator.py took 0.033 seconds
[2024-05-24T07:06:10.592+0000] {processor.py:161} INFO - Started process (PID=10452) to work on /home/airflow/.local/lib/python3.12/site-packages/airflow/example_dags/example_bash_operator.py
[2024-05-24T07:06:10.592+0000] {processor.py:830} INFO - Processing file /home/airflow/.local/lib/python3.12/site-packages/airflow/example_dags/example_bash_operator.py for tasks to queue
[2024-05-24T07:06:10.593+0000] {logging_mixin.py:188} INFO - [2024-05-24T07:06:10.593+0000] {dagbag.py:545} INFO - Filling up the DagBag from /home/airflow/.local/lib/python3.12/site-packages/airflow/example_dags/example_bash_operator.py
[2024-05-24T07:06:10.598+0000] {processor.py:840} INFO - DAG(s) 'example_bash_operator' retrieved from /home/airflow/.local/lib/python3.12/site-packages/airflow/example_dags/example_bash_operator.py
[2024-05-24T07:06:10.608+0000] {logging_mixin.py:188} INFO - [2024-05-24T07:06:10.608+0000] {dag.py:3096} INFO - Sync 1 DAGs
[2024-05-24T07:06:10.685+0000] {logging_mixin.py:188} INFO - [2024-05-24T07:06:10.685+0000] {dag.py:3954} INFO - Setting next_dagrun for example_bash_operator to 2024-05-24 00:00:00+00:00, run_after=2024-05-25 00:00:00+00:00
[2024-05-24T07:06:10.692+0000] {processor.py:183} INFO - Processing /home/airflow/.local/lib/python3.12/site-packages/airflow/example_dags/example_bash_operator.py took 0.103 seconds
[2024-05-24T07:30:08.686+0000] {processor.py:161} INFO - Started process (PID=10714) to work on /home/airflow/.local/lib/python3.12/site-packages/airflow/example_dags/example_bash_operator.py
[2024-05-24T07:30:08.686+0000] {processor.py:830} INFO - Processing file /home/airflow/.local/lib/python3.12/site-packages/airflow/example_dags/example_bash_operator.py for tasks to queue
[2024-05-24T07:30:08.687+0000] {logging_mixin.py:188} INFO - [2024-05-24T07:30:08.687+0000] {dagbag.py:545} INFO - Filling up the DagBag from /home/airflow/.local/lib/python3.12/site-packages/airflow/example_dags/example_bash_operator.py
[2024-05-24T07:30:08.692+0000] {processor.py:840} INFO - DAG(s) 'example_bash_operator' retrieved from /home/airflow/.local/lib/python3.12/site-packages/airflow/example_dags/example_bash_operator.py
[2024-05-24T07:30:08.703+0000] {logging_mixin.py:188} INFO - [2024-05-24T07:30:08.703+0000] {dag.py:3096} INFO - Sync 1 DAGs
[2024-05-24T07:30:08.781+0000] {logging_mixin.py:188} INFO - [2024-05-24T07:30:08.780+0000] {dag.py:3954} INFO - Setting next_dagrun for example_bash_operator to 2024-05-24 00:00:00+00:00, run_after=2024-05-25 00:00:00+00:00
[2024-05-24T07:30:08.787+0000] {processor.py:183} INFO - Processing /home/airflow/.local/lib/python3.12/site-packages/airflow/example_dags/example_bash_operator.py took 0.103 seconds
[2024-05-24T07:30:39.328+0000] {processor.py:161} INFO - Started process (PID=10976) to work on /home/airflow/.local/lib/python3.12/site-packages/airflow/example_dags/example_bash_operator.py
[2024-05-24T07:30:39.328+0000] {processor.py:830} INFO - Processing file /home/airflow/.local/lib/python3.12/site-packages/airflow/example_dags/example_bash_operator.py for tasks to queue
[2024-05-24T07:30:39.329+0000] {logging_mixin.py:188} INFO - [2024-05-24T07:30:39.329+0000] {dagbag.py:545} INFO - Filling up the DagBag from /home/airflow/.local/lib/python3.12/site-packages/airflow/example_dags/example_bash_operator.py
[2024-05-24T07:30:39.333+0000] {processor.py:840} INFO - DAG(s) 'example_bash_operator' retrieved from /home/airflow/.local/lib/python3.12/site-packages/airflow/example_dags/example_bash_operator.py
[2024-05-24T07:30:39.343+0000] {logging_mixin.py:188} INFO - [2024-05-24T07:30:39.343+0000] {dag.py:3096} INFO - Sync 1 DAGs
[2024-05-24T07:30:39.422+0000] {logging_mixin.py:188} INFO - [2024-05-24T07:30:39.422+0000] {dag.py:3954} INFO - Setting next_dagrun for example_bash_operator to 2024-05-24 00:00:00+00:00, run_after=2024-05-25 00:00:00+00:00
[2024-05-24T07:30:39.428+0000] {processor.py:183} INFO - Processing /home/airflow/.local/lib/python3.12/site-packages/airflow/example_dags/example_bash_operator.py took 0.103 seconds
[2024-05-24T07:31:10.036+0000] {processor.py:161} INFO - Started process (PID=11238) to work on /home/airflow/.local/lib/python3.12/site-packages/airflow/example_dags/example_bash_operator.py
[2024-05-24T07:31:10.037+0000] {processor.py:830} INFO - Processing file /home/airflow/.local/lib/python3.12/site-packages/airflow/example_dags/example_bash_operator.py for tasks to queue
[2024-05-24T07:31:10.037+0000] {logging_mixin.py:188} INFO - [2024-05-24T07:31:10.037+0000] {dagbag.py:545} INFO - Filling up the DagBag from /home/airflow/.local/lib/python3.12/site-packages/airflow/example_dags/example_bash_operator.py
[2024-05-24T07:31:10.041+0000] {processor.py:840} INFO - DAG(s) 'example_bash_operator' retrieved from /home/airflow/.local/lib/python3.12/site-packages/airflow/example_dags/example_bash_operator.py
[2024-05-24T07:31:10.050+0000] {logging_mixin.py:188} INFO - [2024-05-24T07:31:10.050+0000] {dag.py:3096} INFO - Sync 1 DAGs
[2024-05-24T07:31:10.058+0000] {logging_mixin.py:188} INFO - [2024-05-24T07:31:10.058+0000] {dag.py:3954} INFO - Setting next_dagrun for example_bash_operator to 2024-05-24 00:00:00+00:00, run_after=2024-05-25 00:00:00+00:00
[2024-05-24T07:31:10.064+0000] {processor.py:183} INFO - Processing /home/airflow/.local/lib/python3.12/site-packages/airflow/example_dags/example_bash_operator.py took 0.031 seconds
[2024-05-24T07:31:40.458+0000] {processor.py:161} INFO - Started process (PID=11502) to work on /home/airflow/.local/lib/python3.12/site-packages/airflow/example_dags/example_bash_operator.py
[2024-05-24T07:31:40.458+0000] {processor.py:830} INFO - Processing file /home/airflow/.local/lib/python3.12/site-packages/airflow/example_dags/example_bash_operator.py for tasks to queue
[2024-05-24T07:31:40.459+0000] {logging_mixin.py:188} INFO - [2024-05-24T07:31:40.459+0000] {dagbag.py:545} INFO - Filling up the DagBag from /home/airflow/.local/lib/python3.12/site-packages/airflow/example_dags/example_bash_operator.py
[2024-05-24T07:31:40.463+0000] {processor.py:840} INFO - DAG(s) 'example_bash_operator' retrieved from /home/airflow/.local/lib/python3.12/site-packages/airflow/example_dags/example_bash_operator.py
[2024-05-24T07:31:40.471+0000] {logging_mixin.py:188} INFO - [2024-05-24T07:31:40.471+0000] {dag.py:3096} INFO - Sync 1 DAGs
[2024-05-24T07:31:40.480+0000] {logging_mixin.py:188} INFO - [2024-05-24T07:31:40.480+0000] {dag.py:3954} INFO - Setting next_dagrun for example_bash_operator to 2024-05-24 00:00:00+00:00, run_after=2024-05-25 00:00:00+00:00
[2024-05-24T07:31:40.486+0000] {processor.py:183} INFO - Processing /home/airflow/.local/lib/python3.12/site-packages/airflow/example_dags/example_bash_operator.py took 0.031 seconds
[2024-05-24T07:32:10.794+0000] {processor.py:161} INFO - Started process (PID=11764) to work on /home/airflow/.local/lib/python3.12/site-packages/airflow/example_dags/example_bash_operator.py
[2024-05-24T07:32:10.794+0000] {processor.py:830} INFO - Processing file /home/airflow/.local/lib/python3.12/site-packages/airflow/example_dags/example_bash_operator.py for tasks to queue
[2024-05-24T07:32:10.795+0000] {logging_mixin.py:188} INFO - [2024-05-24T07:32:10.795+0000] {dagbag.py:545} INFO - Filling up the DagBag from /home/airflow/.local/lib/python3.12/site-packages/airflow/example_dags/example_bash_operator.py
[2024-05-24T07:32:10.799+0000] {processor.py:840} INFO - DAG(s) 'example_bash_operator' retrieved from /home/airflow/.local/lib/python3.12/site-packages/airflow/example_dags/example_bash_operator.py
[2024-05-24T07:32:10.808+0000] {logging_mixin.py:188} INFO - [2024-05-24T07:32:10.808+0000] {dag.py:3096} INFO - Sync 1 DAGs
[2024-05-24T07:32:10.815+0000] {logging_mixin.py:188} INFO - [2024-05-24T07:32:10.815+0000] {dag.py:3954} INFO - Setting next_dagrun for example_bash_operator to 2024-05-24 00:00:00+00:00, run_after=2024-05-25 00:00:00+00:00
[2024-05-24T07:32:10.821+0000] {processor.py:183} INFO - Processing /home/airflow/.local/lib/python3.12/site-packages/airflow/example_dags/example_bash_operator.py took 0.029 seconds
[2024-05-24T07:32:58.598+0000] {processor.py:161} INFO - Started process (PID=12024) to work on /home/airflow/.local/lib/python3.12/site-packages/airflow/example_dags/example_bash_operator.py
[2024-05-24T07:32:58.598+0000] {processor.py:830} INFO - Processing file /home/airflow/.local/lib/python3.12/site-packages/airflow/example_dags/example_bash_operator.py for tasks to queue
[2024-05-24T07:32:58.599+0000] {logging_mixin.py:188} INFO - [2024-05-24T07:32:58.599+0000] {dagbag.py:545} INFO - Filling up the DagBag from /home/airflow/.local/lib/python3.12/site-packages/airflow/example_dags/example_bash_operator.py
[2024-05-24T07:32:58.603+0000] {processor.py:840} INFO - DAG(s) 'example_bash_operator' retrieved from /home/airflow/.local/lib/python3.12/site-packages/airflow/example_dags/example_bash_operator.py
[2024-05-24T07:32:58.614+0000] {logging_mixin.py:188} INFO - [2024-05-24T07:32:58.614+0000] {dag.py:3096} INFO - Sync 1 DAGs
[2024-05-24T07:32:58.623+0000] {logging_mixin.py:188} INFO - [2024-05-24T07:32:58.622+0000] {dag.py:3954} INFO - Setting next_dagrun for example_bash_operator to 2024-05-24 00:00:00+00:00, run_after=2024-05-25 00:00:00+00:00
[2024-05-24T07:32:58.629+0000] {processor.py:183} INFO - Processing /home/airflow/.local/lib/python3.12/site-packages/airflow/example_dags/example_bash_operator.py took 0.034 seconds
[2024-05-24T07:33:29.007+0000] {processor.py:161} INFO - Started process (PID=12286) to work on /home/airflow/.local/lib/python3.12/site-packages/airflow/example_dags/example_bash_operator.py
[2024-05-24T07:33:29.007+0000] {processor.py:830} INFO - Processing file /home/airflow/.local/lib/python3.12/site-packages/airflow/example_dags/example_bash_operator.py for tasks to queue
[2024-05-24T07:33:29.008+0000] {logging_mixin.py:188} INFO - [2024-05-24T07:33:29.008+0000] {dagbag.py:545} INFO - Filling up the DagBag from /home/airflow/.local/lib/python3.12/site-packages/airflow/example_dags/example_bash_operator.py
[2024-05-24T07:33:29.012+0000] {processor.py:840} INFO - DAG(s) 'example_bash_operator' retrieved from /home/airflow/.local/lib/python3.12/site-packages/airflow/example_dags/example_bash_operator.py
[2024-05-24T07:33:29.022+0000] {logging_mixin.py:188} INFO - [2024-05-24T07:33:29.022+0000] {dag.py:3096} INFO - Sync 1 DAGs
[2024-05-24T07:33:29.030+0000] {logging_mixin.py:188} INFO - [2024-05-24T07:33:29.030+0000] {dag.py:3954} INFO - Setting next_dagrun for example_bash_operator to 2024-05-24 00:00:00+00:00, run_after=2024-05-25 00:00:00+00:00
[2024-05-24T07:33:29.037+0000] {processor.py:183} INFO - Processing /home/airflow/.local/lib/python3.12/site-packages/airflow/example_dags/example_bash_operator.py took 0.033 seconds
[2024-05-24T07:33:59.321+0000] {processor.py:161} INFO - Started process (PID=12548) to work on /home/airflow/.local/lib/python3.12/site-packages/airflow/example_dags/example_bash_operator.py
[2024-05-24T07:33:59.321+0000] {processor.py:830} INFO - Processing file /home/airflow/.local/lib/python3.12/site-packages/airflow/example_dags/example_bash_operator.py for tasks to queue
[2024-05-24T07:33:59.322+0000] {logging_mixin.py:188} INFO - [2024-05-24T07:33:59.322+0000] {dagbag.py:545} INFO - Filling up the DagBag from /home/airflow/.local/lib/python3.12/site-packages/airflow/example_dags/example_bash_operator.py
[2024-05-24T07:33:59.326+0000] {processor.py:840} INFO - DAG(s) 'example_bash_operator' retrieved from /home/airflow/.local/lib/python3.12/site-packages/airflow/example_dags/example_bash_operator.py
[2024-05-24T07:33:59.335+0000] {logging_mixin.py:188} INFO - [2024-05-24T07:33:59.335+0000] {dag.py:3096} INFO - Sync 1 DAGs
[2024-05-24T07:33:59.343+0000] {logging_mixin.py:188} INFO - [2024-05-24T07:33:59.342+0000] {dag.py:3954} INFO - Setting next_dagrun for example_bash_operator to 2024-05-24 00:00:00+00:00, run_after=2024-05-25 00:00:00+00:00
[2024-05-24T07:33:59.349+0000] {processor.py:183} INFO - Processing /home/airflow/.local/lib/python3.12/site-packages/airflow/example_dags/example_bash_operator.py took 0.031 seconds
[2024-05-24T07:34:29.715+0000] {processor.py:161} INFO - Started process (PID=12809) to work on /home/airflow/.local/lib/python3.12/site-packages/airflow/example_dags/example_bash_operator.py
[2024-05-24T07:34:29.716+0000] {processor.py:830} INFO - Processing file /home/airflow/.local/lib/python3.12/site-packages/airflow/example_dags/example_bash_operator.py for tasks to queue
[2024-05-24T07:34:29.716+0000] {logging_mixin.py:188} INFO - [2024-05-24T07:34:29.716+0000] {dagbag.py:545} INFO - Filling up the DagBag from /home/airflow/.local/lib/python3.12/site-packages/airflow/example_dags/example_bash_operator.py
[2024-05-24T07:34:29.721+0000] {processor.py:840} INFO - DAG(s) 'example_bash_operator' retrieved from /home/airflow/.local/lib/python3.12/site-packages/airflow/example_dags/example_bash_operator.py
[2024-05-24T07:34:29.730+0000] {logging_mixin.py:188} INFO - [2024-05-24T07:34:29.730+0000] {dag.py:3096} INFO - Sync 1 DAGs
[2024-05-24T07:34:29.739+0000] {logging_mixin.py:188} INFO - [2024-05-24T07:34:29.739+0000] {dag.py:3954} INFO - Setting next_dagrun for example_bash_operator to 2024-05-24 00:00:00+00:00, run_after=2024-05-25 00:00:00+00:00
[2024-05-24T07:34:29.745+0000] {processor.py:183} INFO - Processing /home/airflow/.local/lib/python3.12/site-packages/airflow/example_dags/example_bash_operator.py took 0.032 seconds
[2024-05-24T07:35:00.232+0000] {processor.py:161} INFO - Started process (PID=13071) to work on /home/airflow/.local/lib/python3.12/site-packages/airflow/example_dags/example_bash_operator.py
[2024-05-24T07:35:00.232+0000] {processor.py:830} INFO - Processing file /home/airflow/.local/lib/python3.12/site-packages/airflow/example_dags/example_bash_operator.py for tasks to queue
[2024-05-24T07:35:00.233+0000] {logging_mixin.py:188} INFO - [2024-05-24T07:35:00.233+0000] {dagbag.py:545} INFO - Filling up the DagBag from /home/airflow/.local/lib/python3.12/site-packages/airflow/example_dags/example_bash_operator.py
[2024-05-24T07:35:00.237+0000] {processor.py:840} INFO - DAG(s) 'example_bash_operator' retrieved from /home/airflow/.local/lib/python3.12/site-packages/airflow/example_dags/example_bash_operator.py
[2024-05-24T07:35:00.246+0000] {logging_mixin.py:188} INFO - [2024-05-24T07:35:00.246+0000] {dag.py:3096} INFO - Sync 1 DAGs
[2024-05-24T07:35:00.254+0000] {logging_mixin.py:188} INFO - [2024-05-24T07:35:00.254+0000] {dag.py:3954} INFO - Setting next_dagrun for example_bash_operator to 2024-05-24 00:00:00+00:00, run_after=2024-05-25 00:00:00+00:00
[2024-05-24T07:35:00.260+0000] {processor.py:183} INFO - Processing /home/airflow/.local/lib/python3.12/site-packages/airflow/example_dags/example_bash_operator.py took 0.031 seconds
[2024-05-24T07:35:30.609+0000] {processor.py:161} INFO - Started process (PID=13335) to work on /home/airflow/.local/lib/python3.12/site-packages/airflow/example_dags/example_bash_operator.py
[2024-05-24T07:35:30.609+0000] {processor.py:830} INFO - Processing file /home/airflow/.local/lib/python3.12/site-packages/airflow/example_dags/example_bash_operator.py for tasks to queue
[2024-05-24T07:35:30.610+0000] {logging_mixin.py:188} INFO - [2024-05-24T07:35:30.610+0000] {dagbag.py:545} INFO - Filling up the DagBag from /home/airflow/.local/lib/python3.12/site-packages/airflow/example_dags/example_bash_operator.py
[2024-05-24T07:35:30.614+0000] {processor.py:840} INFO - DAG(s) 'example_bash_operator' retrieved from /home/airflow/.local/lib/python3.12/site-packages/airflow/example_dags/example_bash_operator.py
[2024-05-24T07:35:30.624+0000] {logging_mixin.py:188} INFO - [2024-05-24T07:35:30.624+0000] {dag.py:3096} INFO - Sync 1 DAGs
[2024-05-24T07:35:30.632+0000] {logging_mixin.py:188} INFO - [2024-05-24T07:35:30.632+0000] {dag.py:3954} INFO - Setting next_dagrun for example_bash_operator to 2024-05-24 00:00:00+00:00, run_after=2024-05-25 00:00:00+00:00
[2024-05-24T07:35:30.639+0000] {processor.py:183} INFO - Processing /home/airflow/.local/lib/python3.12/site-packages/airflow/example_dags/example_bash_operator.py took 0.032 seconds
[2024-05-24T07:36:00.945+0000] {processor.py:161} INFO - Started process (PID=13595) to work on /home/airflow/.local/lib/python3.12/site-packages/airflow/example_dags/example_bash_operator.py
[2024-05-24T07:36:00.946+0000] {processor.py:830} INFO - Processing file /home/airflow/.local/lib/python3.12/site-packages/airflow/example_dags/example_bash_operator.py for tasks to queue
[2024-05-24T07:36:00.946+0000] {logging_mixin.py:188} INFO - [2024-05-24T07:36:00.946+0000] {dagbag.py:545} INFO - Filling up the DagBag from /home/airflow/.local/lib/python3.12/site-packages/airflow/example_dags/example_bash_operator.py
[2024-05-24T07:36:00.950+0000] {processor.py:840} INFO - DAG(s) 'example_bash_operator' retrieved from /home/airflow/.local/lib/python3.12/site-packages/airflow/example_dags/example_bash_operator.py
[2024-05-24T07:36:00.960+0000] {logging_mixin.py:188} INFO - [2024-05-24T07:36:00.960+0000] {dag.py:3096} INFO - Sync 1 DAGs
[2024-05-24T07:36:00.968+0000] {logging_mixin.py:188} INFO - [2024-05-24T07:36:00.968+0000] {dag.py:3954} INFO - Setting next_dagrun for example_bash_operator to 2024-05-24 00:00:00+00:00, run_after=2024-05-25 00:00:00+00:00
[2024-05-24T07:36:00.974+0000] {processor.py:183} INFO - Processing /home/airflow/.local/lib/python3.12/site-packages/airflow/example_dags/example_bash_operator.py took 0.031 seconds
[2024-05-24T07:36:31.445+0000] {processor.py:161} INFO - Started process (PID=13859) to work on /home/airflow/.local/lib/python3.12/site-packages/airflow/example_dags/example_bash_operator.py
[2024-05-24T07:36:31.445+0000] {processor.py:830} INFO - Processing file /home/airflow/.local/lib/python3.12/site-packages/airflow/example_dags/example_bash_operator.py for tasks to queue
[2024-05-24T07:36:31.446+0000] {logging_mixin.py:188} INFO - [2024-05-24T07:36:31.446+0000] {dagbag.py:545} INFO - Filling up the DagBag from /home/airflow/.local/lib/python3.12/site-packages/airflow/example_dags/example_bash_operator.py
[2024-05-24T07:36:31.450+0000] {processor.py:840} INFO - DAG(s) 'example_bash_operator' retrieved from /home/airflow/.local/lib/python3.12/site-packages/airflow/example_dags/example_bash_operator.py
[2024-05-24T07:36:31.460+0000] {logging_mixin.py:188} INFO - [2024-05-24T07:36:31.459+0000] {dag.py:3096} INFO - Sync 1 DAGs
[2024-05-24T07:36:31.467+0000] {logging_mixin.py:188} INFO - [2024-05-24T07:36:31.467+0000] {dag.py:3954} INFO - Setting next_dagrun for example_bash_operator to 2024-05-24 00:00:00+00:00, run_after=2024-05-25 00:00:00+00:00
[2024-05-24T07:36:31.474+0000] {processor.py:183} INFO - Processing /home/airflow/.local/lib/python3.12/site-packages/airflow/example_dags/example_bash_operator.py took 0.031 seconds
[2024-05-24T07:37:01.755+0000] {processor.py:161} INFO - Started process (PID=14119) to work on /home/airflow/.local/lib/python3.12/site-packages/airflow/example_dags/example_bash_operator.py
[2024-05-24T07:37:01.755+0000] {processor.py:830} INFO - Processing file /home/airflow/.local/lib/python3.12/site-packages/airflow/example_dags/example_bash_operator.py for tasks to queue
[2024-05-24T07:37:01.756+0000] {logging_mixin.py:188} INFO - [2024-05-24T07:37:01.756+0000] {dagbag.py:545} INFO - Filling up the DagBag from /home/airflow/.local/lib/python3.12/site-packages/airflow/example_dags/example_bash_operator.py
[2024-05-24T07:37:01.760+0000] {processor.py:840} INFO - DAG(s) 'example_bash_operator' retrieved from /home/airflow/.local/lib/python3.12/site-packages/airflow/example_dags/example_bash_operator.py
[2024-05-24T07:37:01.770+0000] {logging_mixin.py:188} INFO - [2024-05-24T07:37:01.770+0000] {dag.py:3096} INFO - Sync 1 DAGs
[2024-05-24T07:37:01.778+0000] {logging_mixin.py:188} INFO - [2024-05-24T07:37:01.777+0000] {dag.py:3954} INFO - Setting next_dagrun for example_bash_operator to 2024-05-24 00:00:00+00:00, run_after=2024-05-25 00:00:00+00:00
[2024-05-24T07:37:01.784+0000] {processor.py:183} INFO - Processing /home/airflow/.local/lib/python3.12/site-packages/airflow/example_dags/example_bash_operator.py took 0.032 seconds
[2024-05-24T07:37:32.174+0000] {processor.py:161} INFO - Started process (PID=14381) to work on /home/airflow/.local/lib/python3.12/site-packages/airflow/example_dags/example_bash_operator.py
[2024-05-24T07:37:32.175+0000] {processor.py:830} INFO - Processing file /home/airflow/.local/lib/python3.12/site-packages/airflow/example_dags/example_bash_operator.py for tasks to queue
[2024-05-24T07:37:32.175+0000] {logging_mixin.py:188} INFO - [2024-05-24T07:37:32.175+0000] {dagbag.py:545} INFO - Filling up the DagBag from /home/airflow/.local/lib/python3.12/site-packages/airflow/example_dags/example_bash_operator.py
[2024-05-24T07:37:32.179+0000] {processor.py:840} INFO - DAG(s) 'example_bash_operator' retrieved from /home/airflow/.local/lib/python3.12/site-packages/airflow/example_dags/example_bash_operator.py
[2024-05-24T07:37:32.188+0000] {logging_mixin.py:188} INFO - [2024-05-24T07:37:32.188+0000] {dag.py:3096} INFO - Sync 1 DAGs
[2024-05-24T07:37:32.196+0000] {logging_mixin.py:188} INFO - [2024-05-24T07:37:32.196+0000] {dag.py:3954} INFO - Setting next_dagrun for example_bash_operator to 2024-05-24 00:00:00+00:00, run_after=2024-05-25 00:00:00+00:00
[2024-05-24T07:37:32.203+0000] {processor.py:183} INFO - Processing /home/airflow/.local/lib/python3.12/site-packages/airflow/example_dags/example_bash_operator.py took 0.031 seconds
[2024-05-24T07:38:02.662+0000] {processor.py:161} INFO - Started process (PID=14645) to work on /home/airflow/.local/lib/python3.12/site-packages/airflow/example_dags/example_bash_operator.py
[2024-05-24T07:38:02.662+0000] {processor.py:830} INFO - Processing file /home/airflow/.local/lib/python3.12/site-packages/airflow/example_dags/example_bash_operator.py for tasks to queue
[2024-05-24T07:38:02.663+0000] {logging_mixin.py:188} INFO - [2024-05-24T07:38:02.663+0000] {dagbag.py:545} INFO - Filling up the DagBag from /home/airflow/.local/lib/python3.12/site-packages/airflow/example_dags/example_bash_operator.py
[2024-05-24T07:38:02.667+0000] {processor.py:840} INFO - DAG(s) 'example_bash_operator' retrieved from /home/airflow/.local/lib/python3.12/site-packages/airflow/example_dags/example_bash_operator.py
[2024-05-24T07:38:02.676+0000] {logging_mixin.py:188} INFO - [2024-05-24T07:38:02.676+0000] {dag.py:3096} INFO - Sync 1 DAGs
[2024-05-24T07:38:02.684+0000] {logging_mixin.py:188} INFO - [2024-05-24T07:38:02.684+0000] {dag.py:3954} INFO - Setting next_dagrun for example_bash_operator to 2024-05-24 00:00:00+00:00, run_after=2024-05-25 00:00:00+00:00
[2024-05-24T07:38:02.691+0000] {processor.py:183} INFO - Processing /home/airflow/.local/lib/python3.12/site-packages/airflow/example_dags/example_bash_operator.py took 0.032 seconds
[2024-05-24T07:38:33.024+0000] {processor.py:161} INFO - Started process (PID=14905) to work on /home/airflow/.local/lib/python3.12/site-packages/airflow/example_dags/example_bash_operator.py
[2024-05-24T07:38:33.024+0000] {processor.py:830} INFO - Processing file /home/airflow/.local/lib/python3.12/site-packages/airflow/example_dags/example_bash_operator.py for tasks to queue
[2024-05-24T07:38:33.025+0000] {logging_mixin.py:188} INFO - [2024-05-24T07:38:33.025+0000] {dagbag.py:545} INFO - Filling up the DagBag from /home/airflow/.local/lib/python3.12/site-packages/airflow/example_dags/example_bash_operator.py
[2024-05-24T07:38:33.029+0000] {processor.py:840} INFO - DAG(s) 'example_bash_operator' retrieved from /home/airflow/.local/lib/python3.12/site-packages/airflow/example_dags/example_bash_operator.py
[2024-05-24T07:38:33.039+0000] {logging_mixin.py:188} INFO - [2024-05-24T07:38:33.038+0000] {dag.py:3096} INFO - Sync 1 DAGs
[2024-05-24T07:38:33.046+0000] {logging_mixin.py:188} INFO - [2024-05-24T07:38:33.046+0000] {dag.py:3954} INFO - Setting next_dagrun for example_bash_operator to 2024-05-24 00:00:00+00:00, run_after=2024-05-25 00:00:00+00:00
[2024-05-24T07:38:33.052+0000] {processor.py:183} INFO - Processing /home/airflow/.local/lib/python3.12/site-packages/airflow/example_dags/example_bash_operator.py took 0.030 seconds
[2024-05-24T07:39:03.341+0000] {processor.py:161} INFO - Started process (PID=15169) to work on /home/airflow/.local/lib/python3.12/site-packages/airflow/example_dags/example_bash_operator.py
[2024-05-24T07:39:03.341+0000] {processor.py:830} INFO - Processing file /home/airflow/.local/lib/python3.12/site-packages/airflow/example_dags/example_bash_operator.py for tasks to queue
[2024-05-24T07:39:03.342+0000] {logging_mixin.py:188} INFO - [2024-05-24T07:39:03.342+0000] {dagbag.py:545} INFO - Filling up the DagBag from /home/airflow/.local/lib/python3.12/site-packages/airflow/example_dags/example_bash_operator.py
[2024-05-24T07:39:03.346+0000] {processor.py:840} INFO - DAG(s) 'example_bash_operator' retrieved from /home/airflow/.local/lib/python3.12/site-packages/airflow/example_dags/example_bash_operator.py
[2024-05-24T07:39:03.355+0000] {logging_mixin.py:188} INFO - [2024-05-24T07:39:03.355+0000] {dag.py:3096} INFO - Sync 1 DAGs
[2024-05-24T07:39:03.363+0000] {logging_mixin.py:188} INFO - [2024-05-24T07:39:03.363+0000] {dag.py:3954} INFO - Setting next_dagrun for example_bash_operator to 2024-05-24 00:00:00+00:00, run_after=2024-05-25 00:00:00+00:00
[2024-05-24T07:39:03.369+0000] {processor.py:183} INFO - Processing /home/airflow/.local/lib/python3.12/site-packages/airflow/example_dags/example_bash_operator.py took 0.031 seconds
[2024-05-24T07:39:33.708+0000] {processor.py:161} INFO - Started process (PID=15428) to work on /home/airflow/.local/lib/python3.12/site-packages/airflow/example_dags/example_bash_operator.py
[2024-05-24T07:39:33.709+0000] {processor.py:830} INFO - Processing file /home/airflow/.local/lib/python3.12/site-packages/airflow/example_dags/example_bash_operator.py for tasks to queue
[2024-05-24T07:39:33.709+0000] {logging_mixin.py:188} INFO - [2024-05-24T07:39:33.709+0000] {dagbag.py:545} INFO - Filling up the DagBag from /home/airflow/.local/lib/python3.12/site-packages/airflow/example_dags/example_bash_operator.py
[2024-05-24T07:39:33.714+0000] {processor.py:840} INFO - DAG(s) 'example_bash_operator' retrieved from /home/airflow/.local/lib/python3.12/site-packages/airflow/example_dags/example_bash_operator.py
[2024-05-24T07:39:33.723+0000] {logging_mixin.py:188} INFO - [2024-05-24T07:39:33.723+0000] {dag.py:3096} INFO - Sync 1 DAGs
[2024-05-24T07:39:33.730+0000] {logging_mixin.py:188} INFO - [2024-05-24T07:39:33.730+0000] {dag.py:3954} INFO - Setting next_dagrun for example_bash_operator to 2024-05-24 00:00:00+00:00, run_after=2024-05-25 00:00:00+00:00
[2024-05-24T07:39:33.736+0000] {processor.py:183} INFO - Processing /home/airflow/.local/lib/python3.12/site-packages/airflow/example_dags/example_bash_operator.py took 0.030 seconds
[2024-05-24T07:40:04.176+0000] {processor.py:161} INFO - Started process (PID=15690) to work on /home/airflow/.local/lib/python3.12/site-packages/airflow/example_dags/example_bash_operator.py
[2024-05-24T07:40:04.176+0000] {processor.py:830} INFO - Processing file /home/airflow/.local/lib/python3.12/site-packages/airflow/example_dags/example_bash_operator.py for tasks to queue
[2024-05-24T07:40:04.177+0000] {logging_mixin.py:188} INFO - [2024-05-24T07:40:04.177+0000] {dagbag.py:545} INFO - Filling up the DagBag from /home/airflow/.local/lib/python3.12/site-packages/airflow/example_dags/example_bash_operator.py
[2024-05-24T07:40:04.181+0000] {processor.py:840} INFO - DAG(s) 'example_bash_operator' retrieved from /home/airflow/.local/lib/python3.12/site-packages/airflow/example_dags/example_bash_operator.py
[2024-05-24T07:40:04.190+0000] {logging_mixin.py:188} INFO - [2024-05-24T07:40:04.190+0000] {dag.py:3096} INFO - Sync 1 DAGs
[2024-05-24T07:40:04.198+0000] {logging_mixin.py:188} INFO - [2024-05-24T07:40:04.198+0000] {dag.py:3954} INFO - Setting next_dagrun for example_bash_operator to 2024-05-24 00:00:00+00:00, run_after=2024-05-25 00:00:00+00:00
[2024-05-24T07:40:04.204+0000] {processor.py:183} INFO - Processing /home/airflow/.local/lib/python3.12/site-packages/airflow/example_dags/example_bash_operator.py took 0.031 seconds
[2024-05-24T07:40:34.590+0000] {processor.py:161} INFO - Started process (PID=15952) to work on /home/airflow/.local/lib/python3.12/site-packages/airflow/example_dags/example_bash_operator.py
[2024-05-24T07:40:34.590+0000] {processor.py:830} INFO - Processing file /home/airflow/.local/lib/python3.12/site-packages/airflow/example_dags/example_bash_operator.py for tasks to queue
[2024-05-24T07:40:34.591+0000] {logging_mixin.py:188} INFO - [2024-05-24T07:40:34.591+0000] {dagbag.py:545} INFO - Filling up the DagBag from /home/airflow/.local/lib/python3.12/site-packages/airflow/example_dags/example_bash_operator.py
[2024-05-24T07:40:34.596+0000] {processor.py:840} INFO - DAG(s) 'example_bash_operator' retrieved from /home/airflow/.local/lib/python3.12/site-packages/airflow/example_dags/example_bash_operator.py
[2024-05-24T07:40:34.605+0000] {logging_mixin.py:188} INFO - [2024-05-24T07:40:34.605+0000] {dag.py:3096} INFO - Sync 1 DAGs
[2024-05-24T07:40:34.612+0000] {logging_mixin.py:188} INFO - [2024-05-24T07:40:34.612+0000] {dag.py:3954} INFO - Setting next_dagrun for example_bash_operator to 2024-05-24 00:00:00+00:00, run_after=2024-05-25 00:00:00+00:00
[2024-05-24T07:40:34.619+0000] {processor.py:183} INFO - Processing /home/airflow/.local/lib/python3.12/site-packages/airflow/example_dags/example_bash_operator.py took 0.031 seconds
[2024-05-24T07:41:04.997+0000] {processor.py:161} INFO - Started process (PID=16214) to work on /home/airflow/.local/lib/python3.12/site-packages/airflow/example_dags/example_bash_operator.py
[2024-05-24T07:41:04.998+0000] {processor.py:830} INFO - Processing file /home/airflow/.local/lib/python3.12/site-packages/airflow/example_dags/example_bash_operator.py for tasks to queue
[2024-05-24T07:41:04.998+0000] {logging_mixin.py:188} INFO - [2024-05-24T07:41:04.998+0000] {dagbag.py:545} INFO - Filling up the DagBag from /home/airflow/.local/lib/python3.12/site-packages/airflow/example_dags/example_bash_operator.py
[2024-05-24T07:41:05.002+0000] {processor.py:840} INFO - DAG(s) 'example_bash_operator' retrieved from /home/airflow/.local/lib/python3.12/site-packages/airflow/example_dags/example_bash_operator.py
[2024-05-24T07:41:05.011+0000] {logging_mixin.py:188} INFO - [2024-05-24T07:41:05.011+0000] {dag.py:3096} INFO - Sync 1 DAGs
[2024-05-24T07:41:05.019+0000] {logging_mixin.py:188} INFO - [2024-05-24T07:41:05.019+0000] {dag.py:3954} INFO - Setting next_dagrun for example_bash_operator to 2024-05-24 00:00:00+00:00, run_after=2024-05-25 00:00:00+00:00
[2024-05-24T07:41:05.025+0000] {processor.py:183} INFO - Processing /home/airflow/.local/lib/python3.12/site-packages/airflow/example_dags/example_bash_operator.py took 0.030 seconds
[2024-05-24T07:41:35.341+0000] {processor.py:161} INFO - Started process (PID=16476) to work on /home/airflow/.local/lib/python3.12/site-packages/airflow/example_dags/example_bash_operator.py
[2024-05-24T07:41:35.342+0000] {processor.py:830} INFO - Processing file /home/airflow/.local/lib/python3.12/site-packages/airflow/example_dags/example_bash_operator.py for tasks to queue
[2024-05-24T07:41:35.343+0000] {logging_mixin.py:188} INFO - [2024-05-24T07:41:35.342+0000] {dagbag.py:545} INFO - Filling up the DagBag from /home/airflow/.local/lib/python3.12/site-packages/airflow/example_dags/example_bash_operator.py
[2024-05-24T07:41:35.347+0000] {processor.py:840} INFO - DAG(s) 'example_bash_operator' retrieved from /home/airflow/.local/lib/python3.12/site-packages/airflow/example_dags/example_bash_operator.py
[2024-05-24T07:41:35.356+0000] {logging_mixin.py:188} INFO - [2024-05-24T07:41:35.356+0000] {dag.py:3096} INFO - Sync 1 DAGs
[2024-05-24T07:41:35.364+0000] {logging_mixin.py:188} INFO - [2024-05-24T07:41:35.363+0000] {dag.py:3954} INFO - Setting next_dagrun for example_bash_operator to 2024-05-24 00:00:00+00:00, run_after=2024-05-25 00:00:00+00:00
[2024-05-24T07:41:35.370+0000] {processor.py:183} INFO - Processing /home/airflow/.local/lib/python3.12/site-packages/airflow/example_dags/example_bash_operator.py took 0.031 seconds
[2024-05-24T07:42:05.676+0000] {processor.py:161} INFO - Started process (PID=16738) to work on /home/airflow/.local/lib/python3.12/site-packages/airflow/example_dags/example_bash_operator.py
[2024-05-24T07:42:05.677+0000] {processor.py:830} INFO - Processing file /home/airflow/.local/lib/python3.12/site-packages/airflow/example_dags/example_bash_operator.py for tasks to queue
[2024-05-24T07:42:05.677+0000] {logging_mixin.py:188} INFO - [2024-05-24T07:42:05.677+0000] {dagbag.py:545} INFO - Filling up the DagBag from /home/airflow/.local/lib/python3.12/site-packages/airflow/example_dags/example_bash_operator.py
[2024-05-24T07:42:05.681+0000] {processor.py:840} INFO - DAG(s) 'example_bash_operator' retrieved from /home/airflow/.local/lib/python3.12/site-packages/airflow/example_dags/example_bash_operator.py
[2024-05-24T07:42:05.691+0000] {logging_mixin.py:188} INFO - [2024-05-24T07:42:05.691+0000] {dag.py:3096} INFO - Sync 1 DAGs
[2024-05-24T07:42:05.700+0000] {logging_mixin.py:188} INFO - [2024-05-24T07:42:05.699+0000] {dag.py:3954} INFO - Setting next_dagrun for example_bash_operator to 2024-05-24 00:00:00+00:00, run_after=2024-05-25 00:00:00+00:00
[2024-05-24T07:42:05.706+0000] {processor.py:183} INFO - Processing /home/airflow/.local/lib/python3.12/site-packages/airflow/example_dags/example_bash_operator.py took 0.032 seconds
[2024-05-24T07:42:36.062+0000] {processor.py:161} INFO - Started process (PID=17000) to work on /home/airflow/.local/lib/python3.12/site-packages/airflow/example_dags/example_bash_operator.py
[2024-05-24T07:42:36.063+0000] {processor.py:830} INFO - Processing file /home/airflow/.local/lib/python3.12/site-packages/airflow/example_dags/example_bash_operator.py for tasks to queue
[2024-05-24T07:42:36.063+0000] {logging_mixin.py:188} INFO - [2024-05-24T07:42:36.063+0000] {dagbag.py:545} INFO - Filling up the DagBag from /home/airflow/.local/lib/python3.12/site-packages/airflow/example_dags/example_bash_operator.py
[2024-05-24T07:42:36.067+0000] {processor.py:840} INFO - DAG(s) 'example_bash_operator' retrieved from /home/airflow/.local/lib/python3.12/site-packages/airflow/example_dags/example_bash_operator.py
[2024-05-24T07:42:36.077+0000] {logging_mixin.py:188} INFO - [2024-05-24T07:42:36.077+0000] {dag.py:3096} INFO - Sync 1 DAGs
[2024-05-24T07:42:36.085+0000] {logging_mixin.py:188} INFO - [2024-05-24T07:42:36.085+0000] {dag.py:3954} INFO - Setting next_dagrun for example_bash_operator to 2024-05-24 00:00:00+00:00, run_after=2024-05-25 00:00:00+00:00
[2024-05-24T07:42:36.092+0000] {processor.py:183} INFO - Processing /home/airflow/.local/lib/python3.12/site-packages/airflow/example_dags/example_bash_operator.py took 0.032 seconds
[2024-05-24T07:43:06.549+0000] {processor.py:161} INFO - Started process (PID=17264) to work on /home/airflow/.local/lib/python3.12/site-packages/airflow/example_dags/example_bash_operator.py
[2024-05-24T07:43:06.549+0000] {processor.py:830} INFO - Processing file /home/airflow/.local/lib/python3.12/site-packages/airflow/example_dags/example_bash_operator.py for tasks to queue
[2024-05-24T07:43:06.550+0000] {logging_mixin.py:188} INFO - [2024-05-24T07:43:06.550+0000] {dagbag.py:545} INFO - Filling up the DagBag from /home/airflow/.local/lib/python3.12/site-packages/airflow/example_dags/example_bash_operator.py
[2024-05-24T07:43:06.554+0000] {processor.py:840} INFO - DAG(s) 'example_bash_operator' retrieved from /home/airflow/.local/lib/python3.12/site-packages/airflow/example_dags/example_bash_operator.py
[2024-05-24T07:43:06.563+0000] {logging_mixin.py:188} INFO - [2024-05-24T07:43:06.563+0000] {dag.py:3096} INFO - Sync 1 DAGs
[2024-05-24T07:43:06.571+0000] {logging_mixin.py:188} INFO - [2024-05-24T07:43:06.571+0000] {dag.py:3954} INFO - Setting next_dagrun for example_bash_operator to 2024-05-24 00:00:00+00:00, run_after=2024-05-25 00:00:00+00:00
[2024-05-24T07:43:06.578+0000] {processor.py:183} INFO - Processing /home/airflow/.local/lib/python3.12/site-packages/airflow/example_dags/example_bash_operator.py took 0.032 seconds
[2024-05-24T07:43:36.887+0000] {processor.py:161} INFO - Started process (PID=17526) to work on /home/airflow/.local/lib/python3.12/site-packages/airflow/example_dags/example_bash_operator.py
[2024-05-24T07:43:36.887+0000] {processor.py:830} INFO - Processing file /home/airflow/.local/lib/python3.12/site-packages/airflow/example_dags/example_bash_operator.py for tasks to queue
[2024-05-24T07:43:36.888+0000] {logging_mixin.py:188} INFO - [2024-05-24T07:43:36.888+0000] {dagbag.py:545} INFO - Filling up the DagBag from /home/airflow/.local/lib/python3.12/site-packages/airflow/example_dags/example_bash_operator.py
[2024-05-24T07:43:36.892+0000] {processor.py:840} INFO - DAG(s) 'example_bash_operator' retrieved from /home/airflow/.local/lib/python3.12/site-packages/airflow/example_dags/example_bash_operator.py
[2024-05-24T07:43:36.902+0000] {logging_mixin.py:188} INFO - [2024-05-24T07:43:36.902+0000] {dag.py:3096} INFO - Sync 1 DAGs
[2024-05-24T07:43:36.910+0000] {logging_mixin.py:188} INFO - [2024-05-24T07:43:36.910+0000] {dag.py:3954} INFO - Setting next_dagrun for example_bash_operator to 2024-05-24 00:00:00+00:00, run_after=2024-05-25 00:00:00+00:00
[2024-05-24T07:43:36.917+0000] {processor.py:183} INFO - Processing /home/airflow/.local/lib/python3.12/site-packages/airflow/example_dags/example_bash_operator.py took 0.032 seconds
[2024-05-24T07:44:07.234+0000] {processor.py:161} INFO - Started process (PID=17786) to work on /home/airflow/.local/lib/python3.12/site-packages/airflow/example_dags/example_bash_operator.py
[2024-05-24T07:44:07.235+0000] {processor.py:830} INFO - Processing file /home/airflow/.local/lib/python3.12/site-packages/airflow/example_dags/example_bash_operator.py for tasks to queue
[2024-05-24T07:44:07.235+0000] {logging_mixin.py:188} INFO - [2024-05-24T07:44:07.235+0000] {dagbag.py:545} INFO - Filling up the DagBag from /home/airflow/.local/lib/python3.12/site-packages/airflow/example_dags/example_bash_operator.py
[2024-05-24T07:44:07.239+0000] {processor.py:840} INFO - DAG(s) 'example_bash_operator' retrieved from /home/airflow/.local/lib/python3.12/site-packages/airflow/example_dags/example_bash_operator.py
[2024-05-24T07:44:07.249+0000] {logging_mixin.py:188} INFO - [2024-05-24T07:44:07.249+0000] {dag.py:3096} INFO - Sync 1 DAGs
[2024-05-24T07:44:07.257+0000] {logging_mixin.py:188} INFO - [2024-05-24T07:44:07.257+0000] {dag.py:3954} INFO - Setting next_dagrun for example_bash_operator to 2024-05-24 00:00:00+00:00, run_after=2024-05-25 00:00:00+00:00
[2024-05-24T07:44:07.263+0000] {processor.py:183} INFO - Processing /home/airflow/.local/lib/python3.12/site-packages/airflow/example_dags/example_bash_operator.py took 0.031 seconds
[2024-05-24T07:44:37.567+0000] {processor.py:161} INFO - Started process (PID=18050) to work on /home/airflow/.local/lib/python3.12/site-packages/airflow/example_dags/example_bash_operator.py
[2024-05-24T07:44:37.568+0000] {processor.py:830} INFO - Processing file /home/airflow/.local/lib/python3.12/site-packages/airflow/example_dags/example_bash_operator.py for tasks to queue
[2024-05-24T07:44:37.568+0000] {logging_mixin.py:188} INFO - [2024-05-24T07:44:37.568+0000] {dagbag.py:545} INFO - Filling up the DagBag from /home/airflow/.local/lib/python3.12/site-packages/airflow/example_dags/example_bash_operator.py
[2024-05-24T07:44:37.573+0000] {processor.py:840} INFO - DAG(s) 'example_bash_operator' retrieved from /home/airflow/.local/lib/python3.12/site-packages/airflow/example_dags/example_bash_operator.py
[2024-05-24T07:44:37.582+0000] {logging_mixin.py:188} INFO - [2024-05-24T07:44:37.581+0000] {dag.py:3096} INFO - Sync 1 DAGs
[2024-05-24T07:44:37.589+0000] {logging_mixin.py:188} INFO - [2024-05-24T07:44:37.589+0000] {dag.py:3954} INFO - Setting next_dagrun for example_bash_operator to 2024-05-24 00:00:00+00:00, run_after=2024-05-25 00:00:00+00:00
[2024-05-24T07:44:37.595+0000] {processor.py:183} INFO - Processing /home/airflow/.local/lib/python3.12/site-packages/airflow/example_dags/example_bash_operator.py took 0.030 seconds
