[2024-05-24T05:45:20.763+0000] {processor.py:161} INFO - Started process (PID=341) to work on /home/airflow/.local/lib/python3.12/site-packages/airflow/example_dags/example_python_decorator.py
[2024-05-24T05:45:20.763+0000] {processor.py:830} INFO - Processing file /home/airflow/.local/lib/python3.12/site-packages/airflow/example_dags/example_python_decorator.py for tasks to queue
[2024-05-24T05:45:20.764+0000] {logging_mixin.py:188} INFO - [2024-05-24T05:45:20.764+0000] {dagbag.py:545} INFO - Filling up the DagBag from /home/airflow/.local/lib/python3.12/site-packages/airflow/example_dags/example_python_decorator.py
[2024-05-24T05:45:20.770+0000] {processor.py:840} INFO - DAG(s) 'example_python_decorator' retrieved from /home/airflow/.local/lib/python3.12/site-packages/airflow/example_dags/example_python_decorator.py
[2024-05-24T05:45:20.774+0000] {logging_mixin.py:188} INFO - [2024-05-24T05:45:20.774+0000] {dag.py:3096} INFO - Sync 1 DAGs
[2024-05-24T05:45:20.780+0000] {logging_mixin.py:188} INFO - [2024-05-24T05:45:20.780+0000] {dag.py:3954} INFO - Setting next_dagrun for example_python_decorator to None, run_after=None
[2024-05-24T05:45:20.786+0000] {processor.py:183} INFO - Processing /home/airflow/.local/lib/python3.12/site-packages/airflow/example_dags/example_python_decorator.py took 0.026 seconds
[2024-05-24T05:45:51.309+0000] {processor.py:161} INFO - Started process (PID=603) to work on /home/airflow/.local/lib/python3.12/site-packages/airflow/example_dags/example_python_decorator.py
[2024-05-24T05:45:51.309+0000] {processor.py:830} INFO - Processing file /home/airflow/.local/lib/python3.12/site-packages/airflow/example_dags/example_python_decorator.py for tasks to queue
[2024-05-24T05:45:51.310+0000] {logging_mixin.py:188} INFO - [2024-05-24T05:45:51.310+0000] {dagbag.py:545} INFO - Filling up the DagBag from /home/airflow/.local/lib/python3.12/site-packages/airflow/example_dags/example_python_decorator.py
[2024-05-24T05:45:51.315+0000] {processor.py:840} INFO - DAG(s) 'example_python_decorator' retrieved from /home/airflow/.local/lib/python3.12/site-packages/airflow/example_dags/example_python_decorator.py
[2024-05-24T05:45:51.352+0000] {logging_mixin.py:188} INFO - [2024-05-24T05:45:51.352+0000] {dag.py:3096} INFO - Sync 1 DAGs
[2024-05-24T05:45:51.356+0000] {logging_mixin.py:188} INFO - [2024-05-24T05:45:51.356+0000] {dag.py:3954} INFO - Setting next_dagrun for example_python_decorator to None, run_after=None
[2024-05-24T05:45:51.363+0000] {processor.py:183} INFO - Processing /home/airflow/.local/lib/python3.12/site-packages/airflow/example_dags/example_python_decorator.py took 0.057 seconds
[2024-05-24T05:46:21.954+0000] {processor.py:161} INFO - Started process (PID=865) to work on /home/airflow/.local/lib/python3.12/site-packages/airflow/example_dags/example_python_decorator.py
[2024-05-24T05:46:21.954+0000] {processor.py:830} INFO - Processing file /home/airflow/.local/lib/python3.12/site-packages/airflow/example_dags/example_python_decorator.py for tasks to queue
[2024-05-24T05:46:21.955+0000] {logging_mixin.py:188} INFO - [2024-05-24T05:46:21.955+0000] {dagbag.py:545} INFO - Filling up the DagBag from /home/airflow/.local/lib/python3.12/site-packages/airflow/example_dags/example_python_decorator.py
[2024-05-24T05:46:21.960+0000] {processor.py:840} INFO - DAG(s) 'example_python_decorator' retrieved from /home/airflow/.local/lib/python3.12/site-packages/airflow/example_dags/example_python_decorator.py
[2024-05-24T05:46:21.968+0000] {logging_mixin.py:188} INFO - [2024-05-24T05:46:21.968+0000] {dag.py:3096} INFO - Sync 1 DAGs
[2024-05-24T05:46:21.973+0000] {logging_mixin.py:188} INFO - [2024-05-24T05:46:21.973+0000] {dag.py:3954} INFO - Setting next_dagrun for example_python_decorator to None, run_after=None
[2024-05-24T05:46:21.980+0000] {processor.py:183} INFO - Processing /home/airflow/.local/lib/python3.12/site-packages/airflow/example_dags/example_python_decorator.py took 0.028 seconds
[2024-05-24T05:46:52.271+0000] {processor.py:161} INFO - Started process (PID=1129) to work on /home/airflow/.local/lib/python3.12/site-packages/airflow/example_dags/example_python_decorator.py
[2024-05-24T05:46:52.271+0000] {processor.py:830} INFO - Processing file /home/airflow/.local/lib/python3.12/site-packages/airflow/example_dags/example_python_decorator.py for tasks to queue
[2024-05-24T05:46:52.272+0000] {logging_mixin.py:188} INFO - [2024-05-24T05:46:52.272+0000] {dagbag.py:545} INFO - Filling up the DagBag from /home/airflow/.local/lib/python3.12/site-packages/airflow/example_dags/example_python_decorator.py
[2024-05-24T05:46:52.277+0000] {processor.py:840} INFO - DAG(s) 'example_python_decorator' retrieved from /home/airflow/.local/lib/python3.12/site-packages/airflow/example_dags/example_python_decorator.py
[2024-05-24T05:46:52.286+0000] {logging_mixin.py:188} INFO - [2024-05-24T05:46:52.285+0000] {dag.py:3096} INFO - Sync 1 DAGs
[2024-05-24T05:46:52.290+0000] {logging_mixin.py:188} INFO - [2024-05-24T05:46:52.290+0000] {dag.py:3954} INFO - Setting next_dagrun for example_python_decorator to None, run_after=None
[2024-05-24T05:46:52.297+0000] {processor.py:183} INFO - Processing /home/airflow/.local/lib/python3.12/site-packages/airflow/example_dags/example_python_decorator.py took 0.029 seconds
[2024-05-24T05:47:22.594+0000] {processor.py:161} INFO - Started process (PID=1389) to work on /home/airflow/.local/lib/python3.12/site-packages/airflow/example_dags/example_python_decorator.py
[2024-05-24T05:47:22.594+0000] {processor.py:830} INFO - Processing file /home/airflow/.local/lib/python3.12/site-packages/airflow/example_dags/example_python_decorator.py for tasks to queue
[2024-05-24T05:47:22.595+0000] {logging_mixin.py:188} INFO - [2024-05-24T05:47:22.595+0000] {dagbag.py:545} INFO - Filling up the DagBag from /home/airflow/.local/lib/python3.12/site-packages/airflow/example_dags/example_python_decorator.py
[2024-05-24T05:47:22.600+0000] {processor.py:840} INFO - DAG(s) 'example_python_decorator' retrieved from /home/airflow/.local/lib/python3.12/site-packages/airflow/example_dags/example_python_decorator.py
[2024-05-24T05:47:22.609+0000] {logging_mixin.py:188} INFO - [2024-05-24T05:47:22.609+0000] {dag.py:3096} INFO - Sync 1 DAGs
[2024-05-24T05:47:22.613+0000] {logging_mixin.py:188} INFO - [2024-05-24T05:47:22.613+0000] {dag.py:3954} INFO - Setting next_dagrun for example_python_decorator to None, run_after=None
[2024-05-24T05:47:22.620+0000] {processor.py:183} INFO - Processing /home/airflow/.local/lib/python3.12/site-packages/airflow/example_dags/example_python_decorator.py took 0.029 seconds
[2024-05-24T05:47:52.964+0000] {processor.py:161} INFO - Started process (PID=1651) to work on /home/airflow/.local/lib/python3.12/site-packages/airflow/example_dags/example_python_decorator.py
[2024-05-24T05:47:52.964+0000] {processor.py:830} INFO - Processing file /home/airflow/.local/lib/python3.12/site-packages/airflow/example_dags/example_python_decorator.py for tasks to queue
[2024-05-24T05:47:52.965+0000] {logging_mixin.py:188} INFO - [2024-05-24T05:47:52.965+0000] {dagbag.py:545} INFO - Filling up the DagBag from /home/airflow/.local/lib/python3.12/site-packages/airflow/example_dags/example_python_decorator.py
[2024-05-24T05:47:52.970+0000] {processor.py:840} INFO - DAG(s) 'example_python_decorator' retrieved from /home/airflow/.local/lib/python3.12/site-packages/airflow/example_dags/example_python_decorator.py
[2024-05-24T05:47:52.979+0000] {logging_mixin.py:188} INFO - [2024-05-24T05:47:52.979+0000] {dag.py:3096} INFO - Sync 1 DAGs
[2024-05-24T05:47:52.984+0000] {logging_mixin.py:188} INFO - [2024-05-24T05:47:52.984+0000] {dag.py:3954} INFO - Setting next_dagrun for example_python_decorator to None, run_after=None
[2024-05-24T05:47:52.990+0000] {processor.py:183} INFO - Processing /home/airflow/.local/lib/python3.12/site-packages/airflow/example_dags/example_python_decorator.py took 0.029 seconds
[2024-05-24T05:48:23.337+0000] {processor.py:161} INFO - Started process (PID=1913) to work on /home/airflow/.local/lib/python3.12/site-packages/airflow/example_dags/example_python_decorator.py
[2024-05-24T05:48:23.338+0000] {processor.py:830} INFO - Processing file /home/airflow/.local/lib/python3.12/site-packages/airflow/example_dags/example_python_decorator.py for tasks to queue
[2024-05-24T05:48:23.338+0000] {logging_mixin.py:188} INFO - [2024-05-24T05:48:23.338+0000] {dagbag.py:545} INFO - Filling up the DagBag from /home/airflow/.local/lib/python3.12/site-packages/airflow/example_dags/example_python_decorator.py
[2024-05-24T05:48:23.344+0000] {processor.py:840} INFO - DAG(s) 'example_python_decorator' retrieved from /home/airflow/.local/lib/python3.12/site-packages/airflow/example_dags/example_python_decorator.py
[2024-05-24T05:48:23.352+0000] {logging_mixin.py:188} INFO - [2024-05-24T05:48:23.352+0000] {dag.py:3096} INFO - Sync 1 DAGs
[2024-05-24T05:48:23.357+0000] {logging_mixin.py:188} INFO - [2024-05-24T05:48:23.357+0000] {dag.py:3954} INFO - Setting next_dagrun for example_python_decorator to None, run_after=None
[2024-05-24T05:48:23.363+0000] {processor.py:183} INFO - Processing /home/airflow/.local/lib/python3.12/site-packages/airflow/example_dags/example_python_decorator.py took 0.028 seconds
[2024-05-24T05:48:53.626+0000] {processor.py:161} INFO - Started process (PID=2177) to work on /home/airflow/.local/lib/python3.12/site-packages/airflow/example_dags/example_python_decorator.py
[2024-05-24T05:48:53.626+0000] {processor.py:830} INFO - Processing file /home/airflow/.local/lib/python3.12/site-packages/airflow/example_dags/example_python_decorator.py for tasks to queue
[2024-05-24T05:48:53.627+0000] {logging_mixin.py:188} INFO - [2024-05-24T05:48:53.627+0000] {dagbag.py:545} INFO - Filling up the DagBag from /home/airflow/.local/lib/python3.12/site-packages/airflow/example_dags/example_python_decorator.py
[2024-05-24T05:48:53.632+0000] {processor.py:840} INFO - DAG(s) 'example_python_decorator' retrieved from /home/airflow/.local/lib/python3.12/site-packages/airflow/example_dags/example_python_decorator.py
[2024-05-24T05:48:53.641+0000] {logging_mixin.py:188} INFO - [2024-05-24T05:48:53.640+0000] {dag.py:3096} INFO - Sync 1 DAGs
[2024-05-24T05:48:53.645+0000] {logging_mixin.py:188} INFO - [2024-05-24T05:48:53.645+0000] {dag.py:3954} INFO - Setting next_dagrun for example_python_decorator to None, run_after=None
[2024-05-24T05:48:53.651+0000] {processor.py:183} INFO - Processing /home/airflow/.local/lib/python3.12/site-packages/airflow/example_dags/example_python_decorator.py took 0.028 seconds
[2024-05-24T05:49:23.947+0000] {processor.py:161} INFO - Started process (PID=2437) to work on /home/airflow/.local/lib/python3.12/site-packages/airflow/example_dags/example_python_decorator.py
[2024-05-24T05:49:23.948+0000] {processor.py:830} INFO - Processing file /home/airflow/.local/lib/python3.12/site-packages/airflow/example_dags/example_python_decorator.py for tasks to queue
[2024-05-24T05:49:23.949+0000] {logging_mixin.py:188} INFO - [2024-05-24T05:49:23.948+0000] {dagbag.py:545} INFO - Filling up the DagBag from /home/airflow/.local/lib/python3.12/site-packages/airflow/example_dags/example_python_decorator.py
[2024-05-24T05:49:23.954+0000] {processor.py:840} INFO - DAG(s) 'example_python_decorator' retrieved from /home/airflow/.local/lib/python3.12/site-packages/airflow/example_dags/example_python_decorator.py
[2024-05-24T05:49:23.962+0000] {logging_mixin.py:188} INFO - [2024-05-24T05:49:23.962+0000] {dag.py:3096} INFO - Sync 1 DAGs
[2024-05-24T05:49:23.967+0000] {logging_mixin.py:188} INFO - [2024-05-24T05:49:23.967+0000] {dag.py:3954} INFO - Setting next_dagrun for example_python_decorator to None, run_after=None
[2024-05-24T05:49:23.974+0000] {processor.py:183} INFO - Processing /home/airflow/.local/lib/python3.12/site-packages/airflow/example_dags/example_python_decorator.py took 0.028 seconds
[2024-05-24T05:49:54.240+0000] {processor.py:161} INFO - Started process (PID=2699) to work on /home/airflow/.local/lib/python3.12/site-packages/airflow/example_dags/example_python_decorator.py
[2024-05-24T05:49:54.241+0000] {processor.py:830} INFO - Processing file /home/airflow/.local/lib/python3.12/site-packages/airflow/example_dags/example_python_decorator.py for tasks to queue
[2024-05-24T05:49:54.242+0000] {logging_mixin.py:188} INFO - [2024-05-24T05:49:54.241+0000] {dagbag.py:545} INFO - Filling up the DagBag from /home/airflow/.local/lib/python3.12/site-packages/airflow/example_dags/example_python_decorator.py
[2024-05-24T05:49:54.247+0000] {processor.py:840} INFO - DAG(s) 'example_python_decorator' retrieved from /home/airflow/.local/lib/python3.12/site-packages/airflow/example_dags/example_python_decorator.py
[2024-05-24T05:49:54.256+0000] {logging_mixin.py:188} INFO - [2024-05-24T05:49:54.256+0000] {dag.py:3096} INFO - Sync 1 DAGs
[2024-05-24T05:49:54.261+0000] {logging_mixin.py:188} INFO - [2024-05-24T05:49:54.261+0000] {dag.py:3954} INFO - Setting next_dagrun for example_python_decorator to None, run_after=None
[2024-05-24T05:49:54.268+0000] {processor.py:183} INFO - Processing /home/airflow/.local/lib/python3.12/site-packages/airflow/example_dags/example_python_decorator.py took 0.030 seconds
[2024-05-24T05:50:24.666+0000] {processor.py:161} INFO - Started process (PID=2962) to work on /home/airflow/.local/lib/python3.12/site-packages/airflow/example_dags/example_python_decorator.py
[2024-05-24T05:50:24.666+0000] {processor.py:830} INFO - Processing file /home/airflow/.local/lib/python3.12/site-packages/airflow/example_dags/example_python_decorator.py for tasks to queue
[2024-05-24T05:50:24.667+0000] {logging_mixin.py:188} INFO - [2024-05-24T05:50:24.667+0000] {dagbag.py:545} INFO - Filling up the DagBag from /home/airflow/.local/lib/python3.12/site-packages/airflow/example_dags/example_python_decorator.py
[2024-05-24T05:50:24.672+0000] {processor.py:840} INFO - DAG(s) 'example_python_decorator' retrieved from /home/airflow/.local/lib/python3.12/site-packages/airflow/example_dags/example_python_decorator.py
[2024-05-24T05:50:24.681+0000] {logging_mixin.py:188} INFO - [2024-05-24T05:50:24.681+0000] {dag.py:3096} INFO - Sync 1 DAGs
[2024-05-24T05:50:24.686+0000] {logging_mixin.py:188} INFO - [2024-05-24T05:50:24.685+0000] {dag.py:3954} INFO - Setting next_dagrun for example_python_decorator to None, run_after=None
[2024-05-24T05:50:24.692+0000] {processor.py:183} INFO - Processing /home/airflow/.local/lib/python3.12/site-packages/airflow/example_dags/example_python_decorator.py took 0.029 seconds
[2024-05-24T05:50:54.972+0000] {processor.py:161} INFO - Started process (PID=3223) to work on /home/airflow/.local/lib/python3.12/site-packages/airflow/example_dags/example_python_decorator.py
[2024-05-24T05:50:54.973+0000] {processor.py:830} INFO - Processing file /home/airflow/.local/lib/python3.12/site-packages/airflow/example_dags/example_python_decorator.py for tasks to queue
[2024-05-24T05:50:54.974+0000] {logging_mixin.py:188} INFO - [2024-05-24T05:50:54.974+0000] {dagbag.py:545} INFO - Filling up the DagBag from /home/airflow/.local/lib/python3.12/site-packages/airflow/example_dags/example_python_decorator.py
[2024-05-24T05:50:54.979+0000] {processor.py:840} INFO - DAG(s) 'example_python_decorator' retrieved from /home/airflow/.local/lib/python3.12/site-packages/airflow/example_dags/example_python_decorator.py
[2024-05-24T05:50:54.987+0000] {logging_mixin.py:188} INFO - [2024-05-24T05:50:54.987+0000] {dag.py:3096} INFO - Sync 1 DAGs
[2024-05-24T05:50:54.992+0000] {logging_mixin.py:188} INFO - [2024-05-24T05:50:54.992+0000] {dag.py:3954} INFO - Setting next_dagrun for example_python_decorator to None, run_after=None
[2024-05-24T05:50:54.998+0000] {processor.py:183} INFO - Processing /home/airflow/.local/lib/python3.12/site-packages/airflow/example_dags/example_python_decorator.py took 0.029 seconds
[2024-05-24T05:51:25.311+0000] {processor.py:161} INFO - Started process (PID=3487) to work on /home/airflow/.local/lib/python3.12/site-packages/airflow/example_dags/example_python_decorator.py
[2024-05-24T05:51:25.312+0000] {processor.py:830} INFO - Processing file /home/airflow/.local/lib/python3.12/site-packages/airflow/example_dags/example_python_decorator.py for tasks to queue
[2024-05-24T05:51:25.312+0000] {logging_mixin.py:188} INFO - [2024-05-24T05:51:25.312+0000] {dagbag.py:545} INFO - Filling up the DagBag from /home/airflow/.local/lib/python3.12/site-packages/airflow/example_dags/example_python_decorator.py
[2024-05-24T05:51:25.317+0000] {processor.py:840} INFO - DAG(s) 'example_python_decorator' retrieved from /home/airflow/.local/lib/python3.12/site-packages/airflow/example_dags/example_python_decorator.py
[2024-05-24T05:51:25.325+0000] {logging_mixin.py:188} INFO - [2024-05-24T05:51:25.325+0000] {dag.py:3096} INFO - Sync 1 DAGs
[2024-05-24T05:51:25.329+0000] {logging_mixin.py:188} INFO - [2024-05-24T05:51:25.329+0000] {dag.py:3954} INFO - Setting next_dagrun for example_python_decorator to None, run_after=None
[2024-05-24T05:51:25.336+0000] {processor.py:183} INFO - Processing /home/airflow/.local/lib/python3.12/site-packages/airflow/example_dags/example_python_decorator.py took 0.027 seconds
[2024-05-24T05:51:55.598+0000] {processor.py:161} INFO - Started process (PID=3747) to work on /home/airflow/.local/lib/python3.12/site-packages/airflow/example_dags/example_python_decorator.py
[2024-05-24T05:51:55.599+0000] {processor.py:830} INFO - Processing file /home/airflow/.local/lib/python3.12/site-packages/airflow/example_dags/example_python_decorator.py for tasks to queue
[2024-05-24T05:51:55.599+0000] {logging_mixin.py:188} INFO - [2024-05-24T05:51:55.599+0000] {dagbag.py:545} INFO - Filling up the DagBag from /home/airflow/.local/lib/python3.12/site-packages/airflow/example_dags/example_python_decorator.py
[2024-05-24T05:51:55.604+0000] {processor.py:840} INFO - DAG(s) 'example_python_decorator' retrieved from /home/airflow/.local/lib/python3.12/site-packages/airflow/example_dags/example_python_decorator.py
[2024-05-24T05:51:55.613+0000] {logging_mixin.py:188} INFO - [2024-05-24T05:51:55.613+0000] {dag.py:3096} INFO - Sync 1 DAGs
[2024-05-24T05:51:55.617+0000] {logging_mixin.py:188} INFO - [2024-05-24T05:51:55.617+0000] {dag.py:3954} INFO - Setting next_dagrun for example_python_decorator to None, run_after=None
[2024-05-24T05:51:55.623+0000] {processor.py:183} INFO - Processing /home/airflow/.local/lib/python3.12/site-packages/airflow/example_dags/example_python_decorator.py took 0.028 seconds
[2024-05-24T05:52:25.904+0000] {processor.py:161} INFO - Started process (PID=4009) to work on /home/airflow/.local/lib/python3.12/site-packages/airflow/example_dags/example_python_decorator.py
[2024-05-24T05:52:25.904+0000] {processor.py:830} INFO - Processing file /home/airflow/.local/lib/python3.12/site-packages/airflow/example_dags/example_python_decorator.py for tasks to queue
[2024-05-24T05:52:25.905+0000] {logging_mixin.py:188} INFO - [2024-05-24T05:52:25.905+0000] {dagbag.py:545} INFO - Filling up the DagBag from /home/airflow/.local/lib/python3.12/site-packages/airflow/example_dags/example_python_decorator.py
[2024-05-24T05:52:25.910+0000] {processor.py:840} INFO - DAG(s) 'example_python_decorator' retrieved from /home/airflow/.local/lib/python3.12/site-packages/airflow/example_dags/example_python_decorator.py
[2024-05-24T05:52:25.918+0000] {logging_mixin.py:188} INFO - [2024-05-24T05:52:25.918+0000] {dag.py:3096} INFO - Sync 1 DAGs
[2024-05-24T05:52:25.923+0000] {logging_mixin.py:188} INFO - [2024-05-24T05:52:25.923+0000] {dag.py:3954} INFO - Setting next_dagrun for example_python_decorator to None, run_after=None
[2024-05-24T05:52:25.929+0000] {processor.py:183} INFO - Processing /home/airflow/.local/lib/python3.12/site-packages/airflow/example_dags/example_python_decorator.py took 0.028 seconds
[2024-05-24T05:52:56.219+0000] {processor.py:161} INFO - Started process (PID=4271) to work on /home/airflow/.local/lib/python3.12/site-packages/airflow/example_dags/example_python_decorator.py
[2024-05-24T05:52:56.219+0000] {processor.py:830} INFO - Processing file /home/airflow/.local/lib/python3.12/site-packages/airflow/example_dags/example_python_decorator.py for tasks to queue
[2024-05-24T05:52:56.220+0000] {logging_mixin.py:188} INFO - [2024-05-24T05:52:56.220+0000] {dagbag.py:545} INFO - Filling up the DagBag from /home/airflow/.local/lib/python3.12/site-packages/airflow/example_dags/example_python_decorator.py
[2024-05-24T05:52:56.226+0000] {processor.py:840} INFO - DAG(s) 'example_python_decorator' retrieved from /home/airflow/.local/lib/python3.12/site-packages/airflow/example_dags/example_python_decorator.py
[2024-05-24T05:52:56.234+0000] {logging_mixin.py:188} INFO - [2024-05-24T05:52:56.234+0000] {dag.py:3096} INFO - Sync 1 DAGs
[2024-05-24T05:52:56.239+0000] {logging_mixin.py:188} INFO - [2024-05-24T05:52:56.239+0000] {dag.py:3954} INFO - Setting next_dagrun for example_python_decorator to None, run_after=None
[2024-05-24T05:52:56.245+0000] {processor.py:183} INFO - Processing /home/airflow/.local/lib/python3.12/site-packages/airflow/example_dags/example_python_decorator.py took 0.028 seconds
[2024-05-24T05:53:26.669+0000] {processor.py:161} INFO - Started process (PID=4533) to work on /home/airflow/.local/lib/python3.12/site-packages/airflow/example_dags/example_python_decorator.py
[2024-05-24T05:53:26.670+0000] {processor.py:830} INFO - Processing file /home/airflow/.local/lib/python3.12/site-packages/airflow/example_dags/example_python_decorator.py for tasks to queue
[2024-05-24T05:53:26.671+0000] {logging_mixin.py:188} INFO - [2024-05-24T05:53:26.670+0000] {dagbag.py:545} INFO - Filling up the DagBag from /home/airflow/.local/lib/python3.12/site-packages/airflow/example_dags/example_python_decorator.py
[2024-05-24T05:53:26.676+0000] {processor.py:840} INFO - DAG(s) 'example_python_decorator' retrieved from /home/airflow/.local/lib/python3.12/site-packages/airflow/example_dags/example_python_decorator.py
[2024-05-24T05:53:26.684+0000] {logging_mixin.py:188} INFO - [2024-05-24T05:53:26.684+0000] {dag.py:3096} INFO - Sync 1 DAGs
[2024-05-24T05:53:26.689+0000] {logging_mixin.py:188} INFO - [2024-05-24T05:53:26.689+0000] {dag.py:3954} INFO - Setting next_dagrun for example_python_decorator to None, run_after=None
[2024-05-24T05:53:26.696+0000] {processor.py:183} INFO - Processing /home/airflow/.local/lib/python3.12/site-packages/airflow/example_dags/example_python_decorator.py took 0.029 seconds
[2024-05-24T05:53:57.061+0000] {processor.py:161} INFO - Started process (PID=4820) to work on /home/airflow/.local/lib/python3.12/site-packages/airflow/example_dags/example_python_decorator.py
[2024-05-24T05:53:57.061+0000] {processor.py:830} INFO - Processing file /home/airflow/.local/lib/python3.12/site-packages/airflow/example_dags/example_python_decorator.py for tasks to queue
[2024-05-24T05:53:57.062+0000] {logging_mixin.py:188} INFO - [2024-05-24T05:53:57.062+0000] {dagbag.py:545} INFO - Filling up the DagBag from /home/airflow/.local/lib/python3.12/site-packages/airflow/example_dags/example_python_decorator.py
[2024-05-24T05:53:57.068+0000] {processor.py:840} INFO - DAG(s) 'example_python_decorator' retrieved from /home/airflow/.local/lib/python3.12/site-packages/airflow/example_dags/example_python_decorator.py
[2024-05-24T05:53:57.076+0000] {logging_mixin.py:188} INFO - [2024-05-24T05:53:57.076+0000] {dag.py:3096} INFO - Sync 1 DAGs
[2024-05-24T05:53:57.081+0000] {logging_mixin.py:188} INFO - [2024-05-24T05:53:57.081+0000] {dag.py:3954} INFO - Setting next_dagrun for example_python_decorator to None, run_after=None
[2024-05-24T05:53:57.087+0000] {processor.py:183} INFO - Processing /home/airflow/.local/lib/python3.12/site-packages/airflow/example_dags/example_python_decorator.py took 0.029 seconds
[2024-05-24T05:54:27.397+0000] {processor.py:161} INFO - Started process (PID=5082) to work on /home/airflow/.local/lib/python3.12/site-packages/airflow/example_dags/example_python_decorator.py
[2024-05-24T05:54:27.397+0000] {processor.py:830} INFO - Processing file /home/airflow/.local/lib/python3.12/site-packages/airflow/example_dags/example_python_decorator.py for tasks to queue
[2024-05-24T05:54:27.398+0000] {logging_mixin.py:188} INFO - [2024-05-24T05:54:27.398+0000] {dagbag.py:545} INFO - Filling up the DagBag from /home/airflow/.local/lib/python3.12/site-packages/airflow/example_dags/example_python_decorator.py
[2024-05-24T05:54:27.403+0000] {processor.py:840} INFO - DAG(s) 'example_python_decorator' retrieved from /home/airflow/.local/lib/python3.12/site-packages/airflow/example_dags/example_python_decorator.py
[2024-05-24T05:54:27.413+0000] {logging_mixin.py:188} INFO - [2024-05-24T05:54:27.413+0000] {dag.py:3096} INFO - Sync 1 DAGs
[2024-05-24T05:54:27.418+0000] {logging_mixin.py:188} INFO - [2024-05-24T05:54:27.418+0000] {dag.py:3954} INFO - Setting next_dagrun for example_python_decorator to None, run_after=None
[2024-05-24T05:54:27.425+0000] {processor.py:183} INFO - Processing /home/airflow/.local/lib/python3.12/site-packages/airflow/example_dags/example_python_decorator.py took 0.030 seconds
[2024-05-24T05:54:57.691+0000] {processor.py:161} INFO - Started process (PID=5344) to work on /home/airflow/.local/lib/python3.12/site-packages/airflow/example_dags/example_python_decorator.py
[2024-05-24T05:54:57.692+0000] {processor.py:830} INFO - Processing file /home/airflow/.local/lib/python3.12/site-packages/airflow/example_dags/example_python_decorator.py for tasks to queue
[2024-05-24T05:54:57.692+0000] {logging_mixin.py:188} INFO - [2024-05-24T05:54:57.692+0000] {dagbag.py:545} INFO - Filling up the DagBag from /home/airflow/.local/lib/python3.12/site-packages/airflow/example_dags/example_python_decorator.py
[2024-05-24T05:54:57.698+0000] {processor.py:840} INFO - DAG(s) 'example_python_decorator' retrieved from /home/airflow/.local/lib/python3.12/site-packages/airflow/example_dags/example_python_decorator.py
[2024-05-24T05:54:57.706+0000] {logging_mixin.py:188} INFO - [2024-05-24T05:54:57.706+0000] {dag.py:3096} INFO - Sync 1 DAGs
[2024-05-24T05:54:57.711+0000] {logging_mixin.py:188} INFO - [2024-05-24T05:54:57.711+0000] {dag.py:3954} INFO - Setting next_dagrun for example_python_decorator to None, run_after=None
[2024-05-24T05:54:57.717+0000] {processor.py:183} INFO - Processing /home/airflow/.local/lib/python3.12/site-packages/airflow/example_dags/example_python_decorator.py took 0.028 seconds
[2024-05-24T05:55:28.069+0000] {processor.py:161} INFO - Started process (PID=5606) to work on /home/airflow/.local/lib/python3.12/site-packages/airflow/example_dags/example_python_decorator.py
[2024-05-24T05:55:28.069+0000] {processor.py:830} INFO - Processing file /home/airflow/.local/lib/python3.12/site-packages/airflow/example_dags/example_python_decorator.py for tasks to queue
[2024-05-24T05:55:28.070+0000] {logging_mixin.py:188} INFO - [2024-05-24T05:55:28.070+0000] {dagbag.py:545} INFO - Filling up the DagBag from /home/airflow/.local/lib/python3.12/site-packages/airflow/example_dags/example_python_decorator.py
[2024-05-24T05:55:28.076+0000] {processor.py:840} INFO - DAG(s) 'example_python_decorator' retrieved from /home/airflow/.local/lib/python3.12/site-packages/airflow/example_dags/example_python_decorator.py
[2024-05-24T05:55:28.084+0000] {logging_mixin.py:188} INFO - [2024-05-24T05:55:28.084+0000] {dag.py:3096} INFO - Sync 1 DAGs
[2024-05-24T05:55:28.089+0000] {logging_mixin.py:188} INFO - [2024-05-24T05:55:28.089+0000] {dag.py:3954} INFO - Setting next_dagrun for example_python_decorator to None, run_after=None
[2024-05-24T05:55:28.094+0000] {processor.py:183} INFO - Processing /home/airflow/.local/lib/python3.12/site-packages/airflow/example_dags/example_python_decorator.py took 0.028 seconds
[2024-05-24T05:55:58.413+0000] {processor.py:161} INFO - Started process (PID=5868) to work on /home/airflow/.local/lib/python3.12/site-packages/airflow/example_dags/example_python_decorator.py
[2024-05-24T05:55:58.414+0000] {processor.py:830} INFO - Processing file /home/airflow/.local/lib/python3.12/site-packages/airflow/example_dags/example_python_decorator.py for tasks to queue
[2024-05-24T05:55:58.414+0000] {logging_mixin.py:188} INFO - [2024-05-24T05:55:58.414+0000] {dagbag.py:545} INFO - Filling up the DagBag from /home/airflow/.local/lib/python3.12/site-packages/airflow/example_dags/example_python_decorator.py
[2024-05-24T05:55:58.420+0000] {processor.py:840} INFO - DAG(s) 'example_python_decorator' retrieved from /home/airflow/.local/lib/python3.12/site-packages/airflow/example_dags/example_python_decorator.py
[2024-05-24T05:55:58.428+0000] {logging_mixin.py:188} INFO - [2024-05-24T05:55:58.428+0000] {dag.py:3096} INFO - Sync 1 DAGs
[2024-05-24T05:55:58.433+0000] {logging_mixin.py:188} INFO - [2024-05-24T05:55:58.433+0000] {dag.py:3954} INFO - Setting next_dagrun for example_python_decorator to None, run_after=None
[2024-05-24T05:55:58.439+0000] {processor.py:183} INFO - Processing /home/airflow/.local/lib/python3.12/site-packages/airflow/example_dags/example_python_decorator.py took 0.028 seconds
[2024-05-24T05:56:28.747+0000] {processor.py:161} INFO - Started process (PID=6130) to work on /home/airflow/.local/lib/python3.12/site-packages/airflow/example_dags/example_python_decorator.py
[2024-05-24T05:56:28.747+0000] {processor.py:830} INFO - Processing file /home/airflow/.local/lib/python3.12/site-packages/airflow/example_dags/example_python_decorator.py for tasks to queue
[2024-05-24T05:56:28.748+0000] {logging_mixin.py:188} INFO - [2024-05-24T05:56:28.748+0000] {dagbag.py:545} INFO - Filling up the DagBag from /home/airflow/.local/lib/python3.12/site-packages/airflow/example_dags/example_python_decorator.py
[2024-05-24T05:56:28.753+0000] {processor.py:840} INFO - DAG(s) 'example_python_decorator' retrieved from /home/airflow/.local/lib/python3.12/site-packages/airflow/example_dags/example_python_decorator.py
[2024-05-24T05:56:28.762+0000] {logging_mixin.py:188} INFO - [2024-05-24T05:56:28.761+0000] {dag.py:3096} INFO - Sync 1 DAGs
[2024-05-24T05:56:28.767+0000] {logging_mixin.py:188} INFO - [2024-05-24T05:56:28.766+0000] {dag.py:3954} INFO - Setting next_dagrun for example_python_decorator to None, run_after=None
[2024-05-24T05:56:28.773+0000] {processor.py:183} INFO - Processing /home/airflow/.local/lib/python3.12/site-packages/airflow/example_dags/example_python_decorator.py took 0.029 seconds
[2024-05-24T05:56:59.061+0000] {processor.py:161} INFO - Started process (PID=6392) to work on /home/airflow/.local/lib/python3.12/site-packages/airflow/example_dags/example_python_decorator.py
[2024-05-24T05:56:59.061+0000] {processor.py:830} INFO - Processing file /home/airflow/.local/lib/python3.12/site-packages/airflow/example_dags/example_python_decorator.py for tasks to queue
[2024-05-24T05:56:59.062+0000] {logging_mixin.py:188} INFO - [2024-05-24T05:56:59.062+0000] {dagbag.py:545} INFO - Filling up the DagBag from /home/airflow/.local/lib/python3.12/site-packages/airflow/example_dags/example_python_decorator.py
[2024-05-24T05:56:59.067+0000] {processor.py:840} INFO - DAG(s) 'example_python_decorator' retrieved from /home/airflow/.local/lib/python3.12/site-packages/airflow/example_dags/example_python_decorator.py
[2024-05-24T05:56:59.075+0000] {logging_mixin.py:188} INFO - [2024-05-24T05:56:59.075+0000] {dag.py:3096} INFO - Sync 1 DAGs
[2024-05-24T05:56:59.080+0000] {logging_mixin.py:188} INFO - [2024-05-24T05:56:59.080+0000] {dag.py:3954} INFO - Setting next_dagrun for example_python_decorator to None, run_after=None
[2024-05-24T05:56:59.087+0000] {processor.py:183} INFO - Processing /home/airflow/.local/lib/python3.12/site-packages/airflow/example_dags/example_python_decorator.py took 0.028 seconds
[2024-05-24T05:57:29.383+0000] {processor.py:161} INFO - Started process (PID=6654) to work on /home/airflow/.local/lib/python3.12/site-packages/airflow/example_dags/example_python_decorator.py
[2024-05-24T05:57:29.383+0000] {processor.py:830} INFO - Processing file /home/airflow/.local/lib/python3.12/site-packages/airflow/example_dags/example_python_decorator.py for tasks to queue
[2024-05-24T05:57:29.384+0000] {logging_mixin.py:188} INFO - [2024-05-24T05:57:29.384+0000] {dagbag.py:545} INFO - Filling up the DagBag from /home/airflow/.local/lib/python3.12/site-packages/airflow/example_dags/example_python_decorator.py
[2024-05-24T05:57:29.389+0000] {processor.py:840} INFO - DAG(s) 'example_python_decorator' retrieved from /home/airflow/.local/lib/python3.12/site-packages/airflow/example_dags/example_python_decorator.py
[2024-05-24T05:57:29.398+0000] {logging_mixin.py:188} INFO - [2024-05-24T05:57:29.398+0000] {dag.py:3096} INFO - Sync 1 DAGs
[2024-05-24T05:57:29.403+0000] {logging_mixin.py:188} INFO - [2024-05-24T05:57:29.403+0000] {dag.py:3954} INFO - Setting next_dagrun for example_python_decorator to None, run_after=None
[2024-05-24T05:57:29.409+0000] {processor.py:183} INFO - Processing /home/airflow/.local/lib/python3.12/site-packages/airflow/example_dags/example_python_decorator.py took 0.029 seconds
[2024-05-24T05:57:59.740+0000] {processor.py:161} INFO - Started process (PID=6916) to work on /home/airflow/.local/lib/python3.12/site-packages/airflow/example_dags/example_python_decorator.py
[2024-05-24T05:57:59.740+0000] {processor.py:830} INFO - Processing file /home/airflow/.local/lib/python3.12/site-packages/airflow/example_dags/example_python_decorator.py for tasks to queue
[2024-05-24T05:57:59.741+0000] {logging_mixin.py:188} INFO - [2024-05-24T05:57:59.741+0000] {dagbag.py:545} INFO - Filling up the DagBag from /home/airflow/.local/lib/python3.12/site-packages/airflow/example_dags/example_python_decorator.py
[2024-05-24T05:57:59.746+0000] {processor.py:840} INFO - DAG(s) 'example_python_decorator' retrieved from /home/airflow/.local/lib/python3.12/site-packages/airflow/example_dags/example_python_decorator.py
[2024-05-24T05:57:59.754+0000] {logging_mixin.py:188} INFO - [2024-05-24T05:57:59.754+0000] {dag.py:3096} INFO - Sync 1 DAGs
[2024-05-24T05:57:59.759+0000] {logging_mixin.py:188} INFO - [2024-05-24T05:57:59.759+0000] {dag.py:3954} INFO - Setting next_dagrun for example_python_decorator to None, run_after=None
[2024-05-24T05:57:59.765+0000] {processor.py:183} INFO - Processing /home/airflow/.local/lib/python3.12/site-packages/airflow/example_dags/example_python_decorator.py took 0.028 seconds
[2024-05-24T05:58:30.126+0000] {processor.py:161} INFO - Started process (PID=7178) to work on /home/airflow/.local/lib/python3.12/site-packages/airflow/example_dags/example_python_decorator.py
[2024-05-24T05:58:30.127+0000] {processor.py:830} INFO - Processing file /home/airflow/.local/lib/python3.12/site-packages/airflow/example_dags/example_python_decorator.py for tasks to queue
[2024-05-24T05:58:30.127+0000] {logging_mixin.py:188} INFO - [2024-05-24T05:58:30.127+0000] {dagbag.py:545} INFO - Filling up the DagBag from /home/airflow/.local/lib/python3.12/site-packages/airflow/example_dags/example_python_decorator.py
[2024-05-24T05:58:30.132+0000] {processor.py:840} INFO - DAG(s) 'example_python_decorator' retrieved from /home/airflow/.local/lib/python3.12/site-packages/airflow/example_dags/example_python_decorator.py
[2024-05-24T05:58:30.140+0000] {logging_mixin.py:188} INFO - [2024-05-24T05:58:30.140+0000] {dag.py:3096} INFO - Sync 1 DAGs
[2024-05-24T05:58:30.145+0000] {logging_mixin.py:188} INFO - [2024-05-24T05:58:30.145+0000] {dag.py:3954} INFO - Setting next_dagrun for example_python_decorator to None, run_after=None
[2024-05-24T05:58:30.151+0000] {processor.py:183} INFO - Processing /home/airflow/.local/lib/python3.12/site-packages/airflow/example_dags/example_python_decorator.py took 0.027 seconds
[2024-05-24T06:13:53.479+0000] {processor.py:161} INFO - Started process (PID=7440) to work on /home/airflow/.local/lib/python3.12/site-packages/airflow/example_dags/example_python_decorator.py
[2024-05-24T06:13:53.480+0000] {processor.py:830} INFO - Processing file /home/airflow/.local/lib/python3.12/site-packages/airflow/example_dags/example_python_decorator.py for tasks to queue
[2024-05-24T06:13:53.480+0000] {logging_mixin.py:188} INFO - [2024-05-24T06:13:53.480+0000] {dagbag.py:545} INFO - Filling up the DagBag from /home/airflow/.local/lib/python3.12/site-packages/airflow/example_dags/example_python_decorator.py
[2024-05-24T06:13:53.485+0000] {processor.py:840} INFO - DAG(s) 'example_python_decorator' retrieved from /home/airflow/.local/lib/python3.12/site-packages/airflow/example_dags/example_python_decorator.py
[2024-05-24T06:13:53.494+0000] {logging_mixin.py:188} INFO - [2024-05-24T06:13:53.494+0000] {dag.py:3096} INFO - Sync 1 DAGs
[2024-05-24T06:13:53.499+0000] {logging_mixin.py:188} INFO - [2024-05-24T06:13:53.499+0000] {dag.py:3954} INFO - Setting next_dagrun for example_python_decorator to None, run_after=None
[2024-05-24T06:13:53.505+0000] {processor.py:183} INFO - Processing /home/airflow/.local/lib/python3.12/site-packages/airflow/example_dags/example_python_decorator.py took 0.028 seconds
[2024-05-24T06:26:10.352+0000] {processor.py:161} INFO - Started process (PID=7701) to work on /home/airflow/.local/lib/python3.12/site-packages/airflow/example_dags/example_python_decorator.py
[2024-05-24T06:26:10.353+0000] {processor.py:830} INFO - Processing file /home/airflow/.local/lib/python3.12/site-packages/airflow/example_dags/example_python_decorator.py for tasks to queue
[2024-05-24T06:26:10.354+0000] {logging_mixin.py:188} INFO - [2024-05-24T06:26:10.354+0000] {dagbag.py:545} INFO - Filling up the DagBag from /home/airflow/.local/lib/python3.12/site-packages/airflow/example_dags/example_python_decorator.py
[2024-05-24T06:26:10.359+0000] {processor.py:840} INFO - DAG(s) 'example_python_decorator' retrieved from /home/airflow/.local/lib/python3.12/site-packages/airflow/example_dags/example_python_decorator.py
[2024-05-24T06:26:10.368+0000] {logging_mixin.py:188} INFO - [2024-05-24T06:26:10.368+0000] {dag.py:3096} INFO - Sync 1 DAGs
[2024-05-24T06:26:10.372+0000] {logging_mixin.py:188} INFO - [2024-05-24T06:26:10.372+0000] {dag.py:3954} INFO - Setting next_dagrun for example_python_decorator to None, run_after=None
[2024-05-24T06:26:10.379+0000] {processor.py:183} INFO - Processing /home/airflow/.local/lib/python3.12/site-packages/airflow/example_dags/example_python_decorator.py took 0.029 seconds
[2024-05-24T06:26:40.787+0000] {processor.py:161} INFO - Started process (PID=7962) to work on /home/airflow/.local/lib/python3.12/site-packages/airflow/example_dags/example_python_decorator.py
[2024-05-24T06:26:40.788+0000] {processor.py:830} INFO - Processing file /home/airflow/.local/lib/python3.12/site-packages/airflow/example_dags/example_python_decorator.py for tasks to queue
[2024-05-24T06:26:40.788+0000] {logging_mixin.py:188} INFO - [2024-05-24T06:26:40.788+0000] {dagbag.py:545} INFO - Filling up the DagBag from /home/airflow/.local/lib/python3.12/site-packages/airflow/example_dags/example_python_decorator.py
[2024-05-24T06:26:40.793+0000] {processor.py:840} INFO - DAG(s) 'example_python_decorator' retrieved from /home/airflow/.local/lib/python3.12/site-packages/airflow/example_dags/example_python_decorator.py
[2024-05-24T06:26:40.802+0000] {logging_mixin.py:188} INFO - [2024-05-24T06:26:40.801+0000] {dag.py:3096} INFO - Sync 1 DAGs
[2024-05-24T06:26:40.806+0000] {logging_mixin.py:188} INFO - [2024-05-24T06:26:40.806+0000] {dag.py:3954} INFO - Setting next_dagrun for example_python_decorator to None, run_after=None
[2024-05-24T06:26:40.812+0000] {processor.py:183} INFO - Processing /home/airflow/.local/lib/python3.12/site-packages/airflow/example_dags/example_python_decorator.py took 0.027 seconds
[2024-05-24T06:27:11.205+0000] {processor.py:161} INFO - Started process (PID=8224) to work on /home/airflow/.local/lib/python3.12/site-packages/airflow/example_dags/example_python_decorator.py
[2024-05-24T06:27:11.206+0000] {processor.py:830} INFO - Processing file /home/airflow/.local/lib/python3.12/site-packages/airflow/example_dags/example_python_decorator.py for tasks to queue
[2024-05-24T06:27:11.207+0000] {logging_mixin.py:188} INFO - [2024-05-24T06:27:11.206+0000] {dagbag.py:545} INFO - Filling up the DagBag from /home/airflow/.local/lib/python3.12/site-packages/airflow/example_dags/example_python_decorator.py
[2024-05-24T06:27:11.211+0000] {processor.py:840} INFO - DAG(s) 'example_python_decorator' retrieved from /home/airflow/.local/lib/python3.12/site-packages/airflow/example_dags/example_python_decorator.py
[2024-05-24T06:27:11.220+0000] {logging_mixin.py:188} INFO - [2024-05-24T06:27:11.220+0000] {dag.py:3096} INFO - Sync 1 DAGs
[2024-05-24T06:27:11.224+0000] {logging_mixin.py:188} INFO - [2024-05-24T06:27:11.224+0000] {dag.py:3954} INFO - Setting next_dagrun for example_python_decorator to None, run_after=None
[2024-05-24T06:27:11.230+0000] {processor.py:183} INFO - Processing /home/airflow/.local/lib/python3.12/site-packages/airflow/example_dags/example_python_decorator.py took 0.027 seconds
[2024-05-24T06:28:26.346+0000] {processor.py:161} INFO - Started process (PID=8486) to work on /home/airflow/.local/lib/python3.12/site-packages/airflow/example_dags/example_python_decorator.py
[2024-05-24T06:28:26.346+0000] {processor.py:830} INFO - Processing file /home/airflow/.local/lib/python3.12/site-packages/airflow/example_dags/example_python_decorator.py for tasks to queue
[2024-05-24T06:28:26.347+0000] {logging_mixin.py:188} INFO - [2024-05-24T06:28:26.347+0000] {dagbag.py:545} INFO - Filling up the DagBag from /home/airflow/.local/lib/python3.12/site-packages/airflow/example_dags/example_python_decorator.py
[2024-05-24T06:28:26.352+0000] {processor.py:840} INFO - DAG(s) 'example_python_decorator' retrieved from /home/airflow/.local/lib/python3.12/site-packages/airflow/example_dags/example_python_decorator.py
[2024-05-24T06:28:26.361+0000] {logging_mixin.py:188} INFO - [2024-05-24T06:28:26.361+0000] {dag.py:3096} INFO - Sync 1 DAGs
[2024-05-24T06:28:26.366+0000] {logging_mixin.py:188} INFO - [2024-05-24T06:28:26.366+0000] {dag.py:3954} INFO - Setting next_dagrun for example_python_decorator to None, run_after=None
[2024-05-24T06:28:26.372+0000] {processor.py:183} INFO - Processing /home/airflow/.local/lib/python3.12/site-packages/airflow/example_dags/example_python_decorator.py took 0.029 seconds
[2024-05-24T06:28:56.721+0000] {processor.py:161} INFO - Started process (PID=8748) to work on /home/airflow/.local/lib/python3.12/site-packages/airflow/example_dags/example_python_decorator.py
[2024-05-24T06:28:56.724+0000] {processor.py:830} INFO - Processing file /home/airflow/.local/lib/python3.12/site-packages/airflow/example_dags/example_python_decorator.py for tasks to queue
[2024-05-24T06:28:56.724+0000] {logging_mixin.py:188} INFO - [2024-05-24T06:28:56.724+0000] {dagbag.py:545} INFO - Filling up the DagBag from /home/airflow/.local/lib/python3.12/site-packages/airflow/example_dags/example_python_decorator.py
[2024-05-24T06:28:56.730+0000] {processor.py:840} INFO - DAG(s) 'example_python_decorator' retrieved from /home/airflow/.local/lib/python3.12/site-packages/airflow/example_dags/example_python_decorator.py
[2024-05-24T06:28:56.739+0000] {logging_mixin.py:188} INFO - [2024-05-24T06:28:56.738+0000] {dag.py:3096} INFO - Sync 1 DAGs
[2024-05-24T06:28:56.743+0000] {logging_mixin.py:188} INFO - [2024-05-24T06:28:56.743+0000] {dag.py:3954} INFO - Setting next_dagrun for example_python_decorator to None, run_after=None
[2024-05-24T06:28:56.750+0000] {processor.py:183} INFO - Processing /home/airflow/.local/lib/python3.12/site-packages/airflow/example_dags/example_python_decorator.py took 0.031 seconds
[2024-05-24T06:29:27.195+0000] {processor.py:161} INFO - Started process (PID=9010) to work on /home/airflow/.local/lib/python3.12/site-packages/airflow/example_dags/example_python_decorator.py
[2024-05-24T06:29:27.196+0000] {processor.py:830} INFO - Processing file /home/airflow/.local/lib/python3.12/site-packages/airflow/example_dags/example_python_decorator.py for tasks to queue
[2024-05-24T06:29:27.196+0000] {logging_mixin.py:188} INFO - [2024-05-24T06:29:27.196+0000] {dagbag.py:545} INFO - Filling up the DagBag from /home/airflow/.local/lib/python3.12/site-packages/airflow/example_dags/example_python_decorator.py
[2024-05-24T06:29:27.202+0000] {processor.py:840} INFO - DAG(s) 'example_python_decorator' retrieved from /home/airflow/.local/lib/python3.12/site-packages/airflow/example_dags/example_python_decorator.py
[2024-05-24T06:29:27.210+0000] {logging_mixin.py:188} INFO - [2024-05-24T06:29:27.210+0000] {dag.py:3096} INFO - Sync 1 DAGs
[2024-05-24T06:29:27.215+0000] {logging_mixin.py:188} INFO - [2024-05-24T06:29:27.215+0000] {dag.py:3954} INFO - Setting next_dagrun for example_python_decorator to None, run_after=None
[2024-05-24T06:29:27.221+0000] {processor.py:183} INFO - Processing /home/airflow/.local/lib/python3.12/site-packages/airflow/example_dags/example_python_decorator.py took 0.028 seconds
[2024-05-24T06:29:57.574+0000] {processor.py:161} INFO - Started process (PID=9272) to work on /home/airflow/.local/lib/python3.12/site-packages/airflow/example_dags/example_python_decorator.py
[2024-05-24T06:29:57.574+0000] {processor.py:830} INFO - Processing file /home/airflow/.local/lib/python3.12/site-packages/airflow/example_dags/example_python_decorator.py for tasks to queue
[2024-05-24T06:29:57.575+0000] {logging_mixin.py:188} INFO - [2024-05-24T06:29:57.575+0000] {dagbag.py:545} INFO - Filling up the DagBag from /home/airflow/.local/lib/python3.12/site-packages/airflow/example_dags/example_python_decorator.py
[2024-05-24T06:29:57.580+0000] {processor.py:840} INFO - DAG(s) 'example_python_decorator' retrieved from /home/airflow/.local/lib/python3.12/site-packages/airflow/example_dags/example_python_decorator.py
[2024-05-24T06:29:57.590+0000] {logging_mixin.py:188} INFO - [2024-05-24T06:29:57.590+0000] {dag.py:3096} INFO - Sync 1 DAGs
[2024-05-24T06:29:57.595+0000] {logging_mixin.py:188} INFO - [2024-05-24T06:29:57.595+0000] {dag.py:3954} INFO - Setting next_dagrun for example_python_decorator to None, run_after=None
[2024-05-24T06:29:57.601+0000] {processor.py:183} INFO - Processing /home/airflow/.local/lib/python3.12/site-packages/airflow/example_dags/example_python_decorator.py took 0.029 seconds
[2024-05-24T06:32:51.207+0000] {processor.py:161} INFO - Started process (PID=9534) to work on /home/airflow/.local/lib/python3.12/site-packages/airflow/example_dags/example_python_decorator.py
[2024-05-24T06:32:51.208+0000] {processor.py:830} INFO - Processing file /home/airflow/.local/lib/python3.12/site-packages/airflow/example_dags/example_python_decorator.py for tasks to queue
[2024-05-24T06:32:51.208+0000] {logging_mixin.py:188} INFO - [2024-05-24T06:32:51.208+0000] {dagbag.py:545} INFO - Filling up the DagBag from /home/airflow/.local/lib/python3.12/site-packages/airflow/example_dags/example_python_decorator.py
[2024-05-24T06:32:51.213+0000] {processor.py:840} INFO - DAG(s) 'example_python_decorator' retrieved from /home/airflow/.local/lib/python3.12/site-packages/airflow/example_dags/example_python_decorator.py
[2024-05-24T06:32:51.222+0000] {logging_mixin.py:188} INFO - [2024-05-24T06:32:51.221+0000] {dag.py:3096} INFO - Sync 1 DAGs
[2024-05-24T06:32:51.227+0000] {logging_mixin.py:188} INFO - [2024-05-24T06:32:51.227+0000] {dag.py:3954} INFO - Setting next_dagrun for example_python_decorator to None, run_after=None
[2024-05-24T06:32:51.234+0000] {processor.py:183} INFO - Processing /home/airflow/.local/lib/python3.12/site-packages/airflow/example_dags/example_python_decorator.py took 0.029 seconds
[2024-05-24T06:34:34.406+0000] {processor.py:161} INFO - Started process (PID=9796) to work on /home/airflow/.local/lib/python3.12/site-packages/airflow/example_dags/example_python_decorator.py
[2024-05-24T06:34:34.408+0000] {processor.py:830} INFO - Processing file /home/airflow/.local/lib/python3.12/site-packages/airflow/example_dags/example_python_decorator.py for tasks to queue
[2024-05-24T06:34:34.409+0000] {logging_mixin.py:188} INFO - [2024-05-24T06:34:34.409+0000] {dagbag.py:545} INFO - Filling up the DagBag from /home/airflow/.local/lib/python3.12/site-packages/airflow/example_dags/example_python_decorator.py
[2024-05-24T06:34:34.415+0000] {processor.py:840} INFO - DAG(s) 'example_python_decorator' retrieved from /home/airflow/.local/lib/python3.12/site-packages/airflow/example_dags/example_python_decorator.py
[2024-05-24T06:34:34.424+0000] {logging_mixin.py:188} INFO - [2024-05-24T06:34:34.424+0000] {dag.py:3096} INFO - Sync 1 DAGs
[2024-05-24T06:34:34.429+0000] {logging_mixin.py:188} INFO - [2024-05-24T06:34:34.429+0000] {dag.py:3954} INFO - Setting next_dagrun for example_python_decorator to None, run_after=None
[2024-05-24T06:34:34.436+0000] {processor.py:183} INFO - Processing /home/airflow/.local/lib/python3.12/site-packages/airflow/example_dags/example_python_decorator.py took 0.033 seconds
[2024-05-24T06:35:04.925+0000] {processor.py:161} INFO - Started process (PID=10058) to work on /home/airflow/.local/lib/python3.12/site-packages/airflow/example_dags/example_python_decorator.py
[2024-05-24T06:35:04.925+0000] {processor.py:830} INFO - Processing file /home/airflow/.local/lib/python3.12/site-packages/airflow/example_dags/example_python_decorator.py for tasks to queue
[2024-05-24T06:35:04.926+0000] {logging_mixin.py:188} INFO - [2024-05-24T06:35:04.926+0000] {dagbag.py:545} INFO - Filling up the DagBag from /home/airflow/.local/lib/python3.12/site-packages/airflow/example_dags/example_python_decorator.py
[2024-05-24T06:35:04.931+0000] {processor.py:840} INFO - DAG(s) 'example_python_decorator' retrieved from /home/airflow/.local/lib/python3.12/site-packages/airflow/example_dags/example_python_decorator.py
[2024-05-24T06:35:04.940+0000] {logging_mixin.py:188} INFO - [2024-05-24T06:35:04.940+0000] {dag.py:3096} INFO - Sync 1 DAGs
[2024-05-24T06:35:04.944+0000] {logging_mixin.py:188} INFO - [2024-05-24T06:35:04.944+0000] {dag.py:3954} INFO - Setting next_dagrun for example_python_decorator to None, run_after=None
[2024-05-24T06:35:04.951+0000] {processor.py:183} INFO - Processing /home/airflow/.local/lib/python3.12/site-packages/airflow/example_dags/example_python_decorator.py took 0.028 seconds
[2024-05-24T06:50:34.654+0000] {processor.py:161} INFO - Started process (PID=10320) to work on /home/airflow/.local/lib/python3.12/site-packages/airflow/example_dags/example_python_decorator.py
[2024-05-24T06:50:34.655+0000] {processor.py:830} INFO - Processing file /home/airflow/.local/lib/python3.12/site-packages/airflow/example_dags/example_python_decorator.py for tasks to queue
[2024-05-24T06:50:34.655+0000] {logging_mixin.py:188} INFO - [2024-05-24T06:50:34.655+0000] {dagbag.py:545} INFO - Filling up the DagBag from /home/airflow/.local/lib/python3.12/site-packages/airflow/example_dags/example_python_decorator.py
[2024-05-24T06:50:34.661+0000] {processor.py:840} INFO - DAG(s) 'example_python_decorator' retrieved from /home/airflow/.local/lib/python3.12/site-packages/airflow/example_dags/example_python_decorator.py
[2024-05-24T06:50:34.669+0000] {logging_mixin.py:188} INFO - [2024-05-24T06:50:34.669+0000] {dag.py:3096} INFO - Sync 1 DAGs
[2024-05-24T06:50:34.673+0000] {logging_mixin.py:188} INFO - [2024-05-24T06:50:34.673+0000] {dag.py:3954} INFO - Setting next_dagrun for example_python_decorator to None, run_after=None
[2024-05-24T06:50:34.680+0000] {processor.py:183} INFO - Processing /home/airflow/.local/lib/python3.12/site-packages/airflow/example_dags/example_python_decorator.py took 0.028 seconds
[2024-05-24T07:06:11.264+0000] {processor.py:161} INFO - Started process (PID=10584) to work on /home/airflow/.local/lib/python3.12/site-packages/airflow/example_dags/example_python_decorator.py
[2024-05-24T07:06:11.264+0000] {processor.py:830} INFO - Processing file /home/airflow/.local/lib/python3.12/site-packages/airflow/example_dags/example_python_decorator.py for tasks to queue
[2024-05-24T07:06:11.265+0000] {logging_mixin.py:188} INFO - [2024-05-24T07:06:11.264+0000] {dagbag.py:545} INFO - Filling up the DagBag from /home/airflow/.local/lib/python3.12/site-packages/airflow/example_dags/example_python_decorator.py
[2024-05-24T07:06:11.269+0000] {processor.py:840} INFO - DAG(s) 'example_python_decorator' retrieved from /home/airflow/.local/lib/python3.12/site-packages/airflow/example_dags/example_python_decorator.py
[2024-05-24T07:06:11.277+0000] {logging_mixin.py:188} INFO - [2024-05-24T07:06:11.277+0000] {dag.py:3096} INFO - Sync 1 DAGs
[2024-05-24T07:06:11.281+0000] {logging_mixin.py:188} INFO - [2024-05-24T07:06:11.281+0000] {dag.py:3954} INFO - Setting next_dagrun for example_python_decorator to None, run_after=None
[2024-05-24T07:06:11.287+0000] {processor.py:183} INFO - Processing /home/airflow/.local/lib/python3.12/site-packages/airflow/example_dags/example_python_decorator.py took 0.025 seconds
[2024-05-24T07:30:09.516+0000] {processor.py:161} INFO - Started process (PID=10844) to work on /home/airflow/.local/lib/python3.12/site-packages/airflow/example_dags/example_python_decorator.py
[2024-05-24T07:30:09.517+0000] {processor.py:830} INFO - Processing file /home/airflow/.local/lib/python3.12/site-packages/airflow/example_dags/example_python_decorator.py for tasks to queue
[2024-05-24T07:30:09.518+0000] {logging_mixin.py:188} INFO - [2024-05-24T07:30:09.517+0000] {dagbag.py:545} INFO - Filling up the DagBag from /home/airflow/.local/lib/python3.12/site-packages/airflow/example_dags/example_python_decorator.py
[2024-05-24T07:30:09.523+0000] {processor.py:840} INFO - DAG(s) 'example_python_decorator' retrieved from /home/airflow/.local/lib/python3.12/site-packages/airflow/example_dags/example_python_decorator.py
[2024-05-24T07:30:09.532+0000] {logging_mixin.py:188} INFO - [2024-05-24T07:30:09.532+0000] {dag.py:3096} INFO - Sync 1 DAGs
[2024-05-24T07:30:09.537+0000] {logging_mixin.py:188} INFO - [2024-05-24T07:30:09.537+0000] {dag.py:3954} INFO - Setting next_dagrun for example_python_decorator to None, run_after=None
[2024-05-24T07:30:09.543+0000] {processor.py:183} INFO - Processing /home/airflow/.local/lib/python3.12/site-packages/airflow/example_dags/example_python_decorator.py took 0.030 seconds
[2024-05-24T07:30:41.001+0000] {processor.py:161} INFO - Started process (PID=11106) to work on /home/airflow/.local/lib/python3.12/site-packages/airflow/example_dags/example_python_decorator.py
[2024-05-24T07:30:41.001+0000] {processor.py:830} INFO - Processing file /home/airflow/.local/lib/python3.12/site-packages/airflow/example_dags/example_python_decorator.py for tasks to queue
[2024-05-24T07:30:41.004+0000] {logging_mixin.py:188} INFO - [2024-05-24T07:30:41.004+0000] {dagbag.py:545} INFO - Filling up the DagBag from /home/airflow/.local/lib/python3.12/site-packages/airflow/example_dags/example_python_decorator.py
[2024-05-24T07:30:41.078+0000] {processor.py:840} INFO - DAG(s) 'example_python_decorator' retrieved from /home/airflow/.local/lib/python3.12/site-packages/airflow/example_dags/example_python_decorator.py
[2024-05-24T07:30:41.085+0000] {logging_mixin.py:188} INFO - [2024-05-24T07:30:41.085+0000] {dag.py:3096} INFO - Sync 1 DAGs
[2024-05-24T07:30:41.089+0000] {logging_mixin.py:188} INFO - [2024-05-24T07:30:41.089+0000] {dag.py:3954} INFO - Setting next_dagrun for example_python_decorator to None, run_after=None
[2024-05-24T07:30:41.095+0000] {processor.py:183} INFO - Processing /home/airflow/.local/lib/python3.12/site-packages/airflow/example_dags/example_python_decorator.py took 0.096 seconds
[2024-05-24T07:31:11.624+0000] {processor.py:161} INFO - Started process (PID=11370) to work on /home/airflow/.local/lib/python3.12/site-packages/airflow/example_dags/example_python_decorator.py
[2024-05-24T07:31:11.624+0000] {processor.py:830} INFO - Processing file /home/airflow/.local/lib/python3.12/site-packages/airflow/example_dags/example_python_decorator.py for tasks to queue
[2024-05-24T07:31:11.625+0000] {logging_mixin.py:188} INFO - [2024-05-24T07:31:11.625+0000] {dagbag.py:545} INFO - Filling up the DagBag from /home/airflow/.local/lib/python3.12/site-packages/airflow/example_dags/example_python_decorator.py
[2024-05-24T07:31:11.630+0000] {processor.py:840} INFO - DAG(s) 'example_python_decorator' retrieved from /home/airflow/.local/lib/python3.12/site-packages/airflow/example_dags/example_python_decorator.py
[2024-05-24T07:31:11.637+0000] {logging_mixin.py:188} INFO - [2024-05-24T07:31:11.637+0000] {dag.py:3096} INFO - Sync 1 DAGs
[2024-05-24T07:31:11.641+0000] {logging_mixin.py:188} INFO - [2024-05-24T07:31:11.641+0000] {dag.py:3954} INFO - Setting next_dagrun for example_python_decorator to None, run_after=None
[2024-05-24T07:31:11.648+0000] {processor.py:183} INFO - Processing /home/airflow/.local/lib/python3.12/site-packages/airflow/example_dags/example_python_decorator.py took 0.027 seconds
[2024-05-24T07:31:42.019+0000] {processor.py:161} INFO - Started process (PID=11630) to work on /home/airflow/.local/lib/python3.12/site-packages/airflow/example_dags/example_python_decorator.py
[2024-05-24T07:31:42.020+0000] {processor.py:830} INFO - Processing file /home/airflow/.local/lib/python3.12/site-packages/airflow/example_dags/example_python_decorator.py for tasks to queue
[2024-05-24T07:31:42.020+0000] {logging_mixin.py:188} INFO - [2024-05-24T07:31:42.020+0000] {dagbag.py:545} INFO - Filling up the DagBag from /home/airflow/.local/lib/python3.12/site-packages/airflow/example_dags/example_python_decorator.py
[2024-05-24T07:31:42.025+0000] {processor.py:840} INFO - DAG(s) 'example_python_decorator' retrieved from /home/airflow/.local/lib/python3.12/site-packages/airflow/example_dags/example_python_decorator.py
[2024-05-24T07:31:42.033+0000] {logging_mixin.py:188} INFO - [2024-05-24T07:31:42.033+0000] {dag.py:3096} INFO - Sync 1 DAGs
[2024-05-24T07:31:42.038+0000] {logging_mixin.py:188} INFO - [2024-05-24T07:31:42.038+0000] {dag.py:3954} INFO - Setting next_dagrun for example_python_decorator to None, run_after=None
[2024-05-24T07:31:42.044+0000] {processor.py:183} INFO - Processing /home/airflow/.local/lib/python3.12/site-packages/airflow/example_dags/example_python_decorator.py took 0.027 seconds
[2024-05-24T07:32:12.405+0000] {processor.py:161} INFO - Started process (PID=11892) to work on /home/airflow/.local/lib/python3.12/site-packages/airflow/example_dags/example_python_decorator.py
[2024-05-24T07:32:12.405+0000] {processor.py:830} INFO - Processing file /home/airflow/.local/lib/python3.12/site-packages/airflow/example_dags/example_python_decorator.py for tasks to queue
[2024-05-24T07:32:12.406+0000] {logging_mixin.py:188} INFO - [2024-05-24T07:32:12.406+0000] {dagbag.py:545} INFO - Filling up the DagBag from /home/airflow/.local/lib/python3.12/site-packages/airflow/example_dags/example_python_decorator.py
[2024-05-24T07:32:12.411+0000] {processor.py:840} INFO - DAG(s) 'example_python_decorator' retrieved from /home/airflow/.local/lib/python3.12/site-packages/airflow/example_dags/example_python_decorator.py
[2024-05-24T07:32:12.419+0000] {logging_mixin.py:188} INFO - [2024-05-24T07:32:12.419+0000] {dag.py:3096} INFO - Sync 1 DAGs
[2024-05-24T07:32:12.424+0000] {logging_mixin.py:188} INFO - [2024-05-24T07:32:12.423+0000] {dag.py:3954} INFO - Setting next_dagrun for example_python_decorator to None, run_after=None
[2024-05-24T07:32:12.430+0000] {processor.py:183} INFO - Processing /home/airflow/.local/lib/python3.12/site-packages/airflow/example_dags/example_python_decorator.py took 0.027 seconds
[2024-05-24T07:32:59.174+0000] {processor.py:161} INFO - Started process (PID=12154) to work on /home/airflow/.local/lib/python3.12/site-packages/airflow/example_dags/example_python_decorator.py
[2024-05-24T07:32:59.174+0000] {processor.py:830} INFO - Processing file /home/airflow/.local/lib/python3.12/site-packages/airflow/example_dags/example_python_decorator.py for tasks to queue
[2024-05-24T07:32:59.175+0000] {logging_mixin.py:188} INFO - [2024-05-24T07:32:59.175+0000] {dagbag.py:545} INFO - Filling up the DagBag from /home/airflow/.local/lib/python3.12/site-packages/airflow/example_dags/example_python_decorator.py
[2024-05-24T07:32:59.181+0000] {processor.py:840} INFO - DAG(s) 'example_python_decorator' retrieved from /home/airflow/.local/lib/python3.12/site-packages/airflow/example_dags/example_python_decorator.py
[2024-05-24T07:32:59.189+0000] {logging_mixin.py:188} INFO - [2024-05-24T07:32:59.189+0000] {dag.py:3096} INFO - Sync 1 DAGs
[2024-05-24T07:32:59.195+0000] {logging_mixin.py:188} INFO - [2024-05-24T07:32:59.194+0000] {dag.py:3954} INFO - Setting next_dagrun for example_python_decorator to None, run_after=None
[2024-05-24T07:32:59.202+0000] {processor.py:183} INFO - Processing /home/airflow/.local/lib/python3.12/site-packages/airflow/example_dags/example_python_decorator.py took 0.030 seconds
[2024-05-24T07:33:29.539+0000] {processor.py:161} INFO - Started process (PID=12416) to work on /home/airflow/.local/lib/python3.12/site-packages/airflow/example_dags/example_python_decorator.py
[2024-05-24T07:33:29.540+0000] {processor.py:830} INFO - Processing file /home/airflow/.local/lib/python3.12/site-packages/airflow/example_dags/example_python_decorator.py for tasks to queue
[2024-05-24T07:33:29.540+0000] {logging_mixin.py:188} INFO - [2024-05-24T07:33:29.540+0000] {dagbag.py:545} INFO - Filling up the DagBag from /home/airflow/.local/lib/python3.12/site-packages/airflow/example_dags/example_python_decorator.py
[2024-05-24T07:33:29.546+0000] {processor.py:840} INFO - DAG(s) 'example_python_decorator' retrieved from /home/airflow/.local/lib/python3.12/site-packages/airflow/example_dags/example_python_decorator.py
[2024-05-24T07:33:29.554+0000] {logging_mixin.py:188} INFO - [2024-05-24T07:33:29.554+0000] {dag.py:3096} INFO - Sync 1 DAGs
[2024-05-24T07:33:29.559+0000] {logging_mixin.py:188} INFO - [2024-05-24T07:33:29.559+0000] {dag.py:3954} INFO - Setting next_dagrun for example_python_decorator to None, run_after=None
[2024-05-24T07:33:29.567+0000] {processor.py:183} INFO - Processing /home/airflow/.local/lib/python3.12/site-packages/airflow/example_dags/example_python_decorator.py took 0.030 seconds
[2024-05-24T07:33:59.871+0000] {processor.py:161} INFO - Started process (PID=12678) to work on /home/airflow/.local/lib/python3.12/site-packages/airflow/example_dags/example_python_decorator.py
[2024-05-24T07:33:59.872+0000] {processor.py:830} INFO - Processing file /home/airflow/.local/lib/python3.12/site-packages/airflow/example_dags/example_python_decorator.py for tasks to queue
[2024-05-24T07:33:59.872+0000] {logging_mixin.py:188} INFO - [2024-05-24T07:33:59.872+0000] {dagbag.py:545} INFO - Filling up the DagBag from /home/airflow/.local/lib/python3.12/site-packages/airflow/example_dags/example_python_decorator.py
[2024-05-24T07:33:59.878+0000] {processor.py:840} INFO - DAG(s) 'example_python_decorator' retrieved from /home/airflow/.local/lib/python3.12/site-packages/airflow/example_dags/example_python_decorator.py
[2024-05-24T07:33:59.886+0000] {logging_mixin.py:188} INFO - [2024-05-24T07:33:59.886+0000] {dag.py:3096} INFO - Sync 1 DAGs
[2024-05-24T07:33:59.891+0000] {logging_mixin.py:188} INFO - [2024-05-24T07:33:59.891+0000] {dag.py:3954} INFO - Setting next_dagrun for example_python_decorator to None, run_after=None
[2024-05-24T07:33:59.898+0000] {processor.py:183} INFO - Processing /home/airflow/.local/lib/python3.12/site-packages/airflow/example_dags/example_python_decorator.py took 0.029 seconds
[2024-05-24T07:34:30.351+0000] {processor.py:161} INFO - Started process (PID=12939) to work on /home/airflow/.local/lib/python3.12/site-packages/airflow/example_dags/example_python_decorator.py
[2024-05-24T07:34:30.351+0000] {processor.py:830} INFO - Processing file /home/airflow/.local/lib/python3.12/site-packages/airflow/example_dags/example_python_decorator.py for tasks to queue
[2024-05-24T07:34:30.352+0000] {logging_mixin.py:188} INFO - [2024-05-24T07:34:30.352+0000] {dagbag.py:545} INFO - Filling up the DagBag from /home/airflow/.local/lib/python3.12/site-packages/airflow/example_dags/example_python_decorator.py
[2024-05-24T07:34:30.357+0000] {processor.py:840} INFO - DAG(s) 'example_python_decorator' retrieved from /home/airflow/.local/lib/python3.12/site-packages/airflow/example_dags/example_python_decorator.py
[2024-05-24T07:34:30.365+0000] {logging_mixin.py:188} INFO - [2024-05-24T07:34:30.365+0000] {dag.py:3096} INFO - Sync 1 DAGs
[2024-05-24T07:34:30.369+0000] {logging_mixin.py:188} INFO - [2024-05-24T07:34:30.369+0000] {dag.py:3954} INFO - Setting next_dagrun for example_python_decorator to None, run_after=None
[2024-05-24T07:34:30.375+0000] {processor.py:183} INFO - Processing /home/airflow/.local/lib/python3.12/site-packages/airflow/example_dags/example_python_decorator.py took 0.026 seconds
[2024-05-24T07:35:00.799+0000] {processor.py:161} INFO - Started process (PID=13201) to work on /home/airflow/.local/lib/python3.12/site-packages/airflow/example_dags/example_python_decorator.py
[2024-05-24T07:35:00.800+0000] {processor.py:830} INFO - Processing file /home/airflow/.local/lib/python3.12/site-packages/airflow/example_dags/example_python_decorator.py for tasks to queue
[2024-05-24T07:35:00.800+0000] {logging_mixin.py:188} INFO - [2024-05-24T07:35:00.800+0000] {dagbag.py:545} INFO - Filling up the DagBag from /home/airflow/.local/lib/python3.12/site-packages/airflow/example_dags/example_python_decorator.py
[2024-05-24T07:35:00.806+0000] {processor.py:840} INFO - DAG(s) 'example_python_decorator' retrieved from /home/airflow/.local/lib/python3.12/site-packages/airflow/example_dags/example_python_decorator.py
[2024-05-24T07:35:00.814+0000] {logging_mixin.py:188} INFO - [2024-05-24T07:35:00.814+0000] {dag.py:3096} INFO - Sync 1 DAGs
[2024-05-24T07:35:00.818+0000] {logging_mixin.py:188} INFO - [2024-05-24T07:35:00.818+0000] {dag.py:3954} INFO - Setting next_dagrun for example_python_decorator to None, run_after=None
[2024-05-24T07:35:00.825+0000] {processor.py:183} INFO - Processing /home/airflow/.local/lib/python3.12/site-packages/airflow/example_dags/example_python_decorator.py took 0.029 seconds
[2024-05-24T07:35:31.152+0000] {processor.py:161} INFO - Started process (PID=13463) to work on /home/airflow/.local/lib/python3.12/site-packages/airflow/example_dags/example_python_decorator.py
[2024-05-24T07:35:31.152+0000] {processor.py:830} INFO - Processing file /home/airflow/.local/lib/python3.12/site-packages/airflow/example_dags/example_python_decorator.py for tasks to queue
[2024-05-24T07:35:31.153+0000] {logging_mixin.py:188} INFO - [2024-05-24T07:35:31.153+0000] {dagbag.py:545} INFO - Filling up the DagBag from /home/airflow/.local/lib/python3.12/site-packages/airflow/example_dags/example_python_decorator.py
[2024-05-24T07:35:31.158+0000] {processor.py:840} INFO - DAG(s) 'example_python_decorator' retrieved from /home/airflow/.local/lib/python3.12/site-packages/airflow/example_dags/example_python_decorator.py
[2024-05-24T07:35:31.167+0000] {logging_mixin.py:188} INFO - [2024-05-24T07:35:31.167+0000] {dag.py:3096} INFO - Sync 1 DAGs
[2024-05-24T07:35:31.172+0000] {logging_mixin.py:188} INFO - [2024-05-24T07:35:31.172+0000] {dag.py:3954} INFO - Setting next_dagrun for example_python_decorator to None, run_after=None
[2024-05-24T07:35:31.179+0000] {processor.py:183} INFO - Processing /home/airflow/.local/lib/python3.12/site-packages/airflow/example_dags/example_python_decorator.py took 0.029 seconds
[2024-05-24T07:36:01.495+0000] {processor.py:161} INFO - Started process (PID=13725) to work on /home/airflow/.local/lib/python3.12/site-packages/airflow/example_dags/example_python_decorator.py
[2024-05-24T07:36:01.495+0000] {processor.py:830} INFO - Processing file /home/airflow/.local/lib/python3.12/site-packages/airflow/example_dags/example_python_decorator.py for tasks to queue
[2024-05-24T07:36:01.496+0000] {logging_mixin.py:188} INFO - [2024-05-24T07:36:01.496+0000] {dagbag.py:545} INFO - Filling up the DagBag from /home/airflow/.local/lib/python3.12/site-packages/airflow/example_dags/example_python_decorator.py
[2024-05-24T07:36:01.501+0000] {processor.py:840} INFO - DAG(s) 'example_python_decorator' retrieved from /home/airflow/.local/lib/python3.12/site-packages/airflow/example_dags/example_python_decorator.py
[2024-05-24T07:36:01.510+0000] {logging_mixin.py:188} INFO - [2024-05-24T07:36:01.510+0000] {dag.py:3096} INFO - Sync 1 DAGs
[2024-05-24T07:36:01.514+0000] {logging_mixin.py:188} INFO - [2024-05-24T07:36:01.514+0000] {dag.py:3954} INFO - Setting next_dagrun for example_python_decorator to None, run_after=None
[2024-05-24T07:36:01.521+0000] {processor.py:183} INFO - Processing /home/airflow/.local/lib/python3.12/site-packages/airflow/example_dags/example_python_decorator.py took 0.029 seconds
[2024-05-24T07:36:31.988+0000] {processor.py:161} INFO - Started process (PID=13987) to work on /home/airflow/.local/lib/python3.12/site-packages/airflow/example_dags/example_python_decorator.py
[2024-05-24T07:36:31.989+0000] {processor.py:830} INFO - Processing file /home/airflow/.local/lib/python3.12/site-packages/airflow/example_dags/example_python_decorator.py for tasks to queue
[2024-05-24T07:36:31.989+0000] {logging_mixin.py:188} INFO - [2024-05-24T07:36:31.989+0000] {dagbag.py:545} INFO - Filling up the DagBag from /home/airflow/.local/lib/python3.12/site-packages/airflow/example_dags/example_python_decorator.py
[2024-05-24T07:36:31.995+0000] {processor.py:840} INFO - DAG(s) 'example_python_decorator' retrieved from /home/airflow/.local/lib/python3.12/site-packages/airflow/example_dags/example_python_decorator.py
[2024-05-24T07:36:32.003+0000] {logging_mixin.py:188} INFO - [2024-05-24T07:36:32.003+0000] {dag.py:3096} INFO - Sync 1 DAGs
[2024-05-24T07:36:32.008+0000] {logging_mixin.py:188} INFO - [2024-05-24T07:36:32.008+0000] {dag.py:3954} INFO - Setting next_dagrun for example_python_decorator to None, run_after=None
[2024-05-24T07:36:32.015+0000] {processor.py:183} INFO - Processing /home/airflow/.local/lib/python3.12/site-packages/airflow/example_dags/example_python_decorator.py took 0.029 seconds
[2024-05-24T07:37:02.353+0000] {processor.py:161} INFO - Started process (PID=14249) to work on /home/airflow/.local/lib/python3.12/site-packages/airflow/example_dags/example_python_decorator.py
[2024-05-24T07:37:02.353+0000] {processor.py:830} INFO - Processing file /home/airflow/.local/lib/python3.12/site-packages/airflow/example_dags/example_python_decorator.py for tasks to queue
[2024-05-24T07:37:02.354+0000] {logging_mixin.py:188} INFO - [2024-05-24T07:37:02.354+0000] {dagbag.py:545} INFO - Filling up the DagBag from /home/airflow/.local/lib/python3.12/site-packages/airflow/example_dags/example_python_decorator.py
[2024-05-24T07:37:02.359+0000] {processor.py:840} INFO - DAG(s) 'example_python_decorator' retrieved from /home/airflow/.local/lib/python3.12/site-packages/airflow/example_dags/example_python_decorator.py
[2024-05-24T07:37:02.368+0000] {logging_mixin.py:188} INFO - [2024-05-24T07:37:02.368+0000] {dag.py:3096} INFO - Sync 1 DAGs
[2024-05-24T07:37:02.373+0000] {logging_mixin.py:188} INFO - [2024-05-24T07:37:02.373+0000] {dag.py:3954} INFO - Setting next_dagrun for example_python_decorator to None, run_after=None
[2024-05-24T07:37:02.380+0000] {processor.py:183} INFO - Processing /home/airflow/.local/lib/python3.12/site-packages/airflow/example_dags/example_python_decorator.py took 0.030 seconds
[2024-05-24T07:37:32.828+0000] {processor.py:161} INFO - Started process (PID=14511) to work on /home/airflow/.local/lib/python3.12/site-packages/airflow/example_dags/example_python_decorator.py
[2024-05-24T07:37:32.828+0000] {processor.py:830} INFO - Processing file /home/airflow/.local/lib/python3.12/site-packages/airflow/example_dags/example_python_decorator.py for tasks to queue
[2024-05-24T07:37:32.829+0000] {logging_mixin.py:188} INFO - [2024-05-24T07:37:32.829+0000] {dagbag.py:545} INFO - Filling up the DagBag from /home/airflow/.local/lib/python3.12/site-packages/airflow/example_dags/example_python_decorator.py
[2024-05-24T07:37:32.835+0000] {processor.py:840} INFO - DAG(s) 'example_python_decorator' retrieved from /home/airflow/.local/lib/python3.12/site-packages/airflow/example_dags/example_python_decorator.py
[2024-05-24T07:37:32.843+0000] {logging_mixin.py:188} INFO - [2024-05-24T07:37:32.843+0000] {dag.py:3096} INFO - Sync 1 DAGs
[2024-05-24T07:37:32.848+0000] {logging_mixin.py:188} INFO - [2024-05-24T07:37:32.847+0000] {dag.py:3954} INFO - Setting next_dagrun for example_python_decorator to None, run_after=None
[2024-05-24T07:37:32.854+0000] {processor.py:183} INFO - Processing /home/airflow/.local/lib/python3.12/site-packages/airflow/example_dags/example_python_decorator.py took 0.029 seconds
[2024-05-24T07:38:03.232+0000] {processor.py:161} INFO - Started process (PID=14773) to work on /home/airflow/.local/lib/python3.12/site-packages/airflow/example_dags/example_python_decorator.py
[2024-05-24T07:38:03.232+0000] {processor.py:830} INFO - Processing file /home/airflow/.local/lib/python3.12/site-packages/airflow/example_dags/example_python_decorator.py for tasks to queue
[2024-05-24T07:38:03.233+0000] {logging_mixin.py:188} INFO - [2024-05-24T07:38:03.233+0000] {dagbag.py:545} INFO - Filling up the DagBag from /home/airflow/.local/lib/python3.12/site-packages/airflow/example_dags/example_python_decorator.py
[2024-05-24T07:38:03.239+0000] {processor.py:840} INFO - DAG(s) 'example_python_decorator' retrieved from /home/airflow/.local/lib/python3.12/site-packages/airflow/example_dags/example_python_decorator.py
[2024-05-24T07:38:03.247+0000] {logging_mixin.py:188} INFO - [2024-05-24T07:38:03.247+0000] {dag.py:3096} INFO - Sync 1 DAGs
[2024-05-24T07:38:03.253+0000] {logging_mixin.py:188} INFO - [2024-05-24T07:38:03.252+0000] {dag.py:3954} INFO - Setting next_dagrun for example_python_decorator to None, run_after=None
[2024-05-24T07:38:03.260+0000] {processor.py:183} INFO - Processing /home/airflow/.local/lib/python3.12/site-packages/airflow/example_dags/example_python_decorator.py took 0.030 seconds
[2024-05-24T07:38:33.577+0000] {processor.py:161} INFO - Started process (PID=15035) to work on /home/airflow/.local/lib/python3.12/site-packages/airflow/example_dags/example_python_decorator.py
[2024-05-24T07:38:33.577+0000] {processor.py:830} INFO - Processing file /home/airflow/.local/lib/python3.12/site-packages/airflow/example_dags/example_python_decorator.py for tasks to queue
[2024-05-24T07:38:33.578+0000] {logging_mixin.py:188} INFO - [2024-05-24T07:38:33.578+0000] {dagbag.py:545} INFO - Filling up the DagBag from /home/airflow/.local/lib/python3.12/site-packages/airflow/example_dags/example_python_decorator.py
[2024-05-24T07:38:33.583+0000] {processor.py:840} INFO - DAG(s) 'example_python_decorator' retrieved from /home/airflow/.local/lib/python3.12/site-packages/airflow/example_dags/example_python_decorator.py
[2024-05-24T07:38:33.592+0000] {logging_mixin.py:188} INFO - [2024-05-24T07:38:33.591+0000] {dag.py:3096} INFO - Sync 1 DAGs
[2024-05-24T07:38:33.596+0000] {logging_mixin.py:188} INFO - [2024-05-24T07:38:33.596+0000] {dag.py:3954} INFO - Setting next_dagrun for example_python_decorator to None, run_after=None
[2024-05-24T07:38:33.603+0000] {processor.py:183} INFO - Processing /home/airflow/.local/lib/python3.12/site-packages/airflow/example_dags/example_python_decorator.py took 0.029 seconds
[2024-05-24T07:39:03.925+0000] {processor.py:161} INFO - Started process (PID=15297) to work on /home/airflow/.local/lib/python3.12/site-packages/airflow/example_dags/example_python_decorator.py
[2024-05-24T07:39:03.925+0000] {processor.py:830} INFO - Processing file /home/airflow/.local/lib/python3.12/site-packages/airflow/example_dags/example_python_decorator.py for tasks to queue
[2024-05-24T07:39:03.926+0000] {logging_mixin.py:188} INFO - [2024-05-24T07:39:03.926+0000] {dagbag.py:545} INFO - Filling up the DagBag from /home/airflow/.local/lib/python3.12/site-packages/airflow/example_dags/example_python_decorator.py
[2024-05-24T07:39:03.931+0000] {processor.py:840} INFO - DAG(s) 'example_python_decorator' retrieved from /home/airflow/.local/lib/python3.12/site-packages/airflow/example_dags/example_python_decorator.py
[2024-05-24T07:39:03.940+0000] {logging_mixin.py:188} INFO - [2024-05-24T07:39:03.940+0000] {dag.py:3096} INFO - Sync 1 DAGs
[2024-05-24T07:39:03.945+0000] {logging_mixin.py:188} INFO - [2024-05-24T07:39:03.945+0000] {dag.py:3954} INFO - Setting next_dagrun for example_python_decorator to None, run_after=None
[2024-05-24T07:39:03.951+0000] {processor.py:183} INFO - Processing /home/airflow/.local/lib/python3.12/site-packages/airflow/example_dags/example_python_decorator.py took 0.029 seconds
[2024-05-24T07:39:34.252+0000] {processor.py:161} INFO - Started process (PID=15558) to work on /home/airflow/.local/lib/python3.12/site-packages/airflow/example_dags/example_python_decorator.py
[2024-05-24T07:39:34.252+0000] {processor.py:830} INFO - Processing file /home/airflow/.local/lib/python3.12/site-packages/airflow/example_dags/example_python_decorator.py for tasks to queue
[2024-05-24T07:39:34.253+0000] {logging_mixin.py:188} INFO - [2024-05-24T07:39:34.253+0000] {dagbag.py:545} INFO - Filling up the DagBag from /home/airflow/.local/lib/python3.12/site-packages/airflow/example_dags/example_python_decorator.py
[2024-05-24T07:39:34.258+0000] {processor.py:840} INFO - DAG(s) 'example_python_decorator' retrieved from /home/airflow/.local/lib/python3.12/site-packages/airflow/example_dags/example_python_decorator.py
[2024-05-24T07:39:34.267+0000] {logging_mixin.py:188} INFO - [2024-05-24T07:39:34.267+0000] {dag.py:3096} INFO - Sync 1 DAGs
[2024-05-24T07:39:34.272+0000] {logging_mixin.py:188} INFO - [2024-05-24T07:39:34.272+0000] {dag.py:3954} INFO - Setting next_dagrun for example_python_decorator to None, run_after=None
[2024-05-24T07:39:34.278+0000] {processor.py:183} INFO - Processing /home/airflow/.local/lib/python3.12/site-packages/airflow/example_dags/example_python_decorator.py took 0.029 seconds
[2024-05-24T07:40:04.740+0000] {processor.py:161} INFO - Started process (PID=15820) to work on /home/airflow/.local/lib/python3.12/site-packages/airflow/example_dags/example_python_decorator.py
[2024-05-24T07:40:04.740+0000] {processor.py:830} INFO - Processing file /home/airflow/.local/lib/python3.12/site-packages/airflow/example_dags/example_python_decorator.py for tasks to queue
[2024-05-24T07:40:04.741+0000] {logging_mixin.py:188} INFO - [2024-05-24T07:40:04.741+0000] {dagbag.py:545} INFO - Filling up the DagBag from /home/airflow/.local/lib/python3.12/site-packages/airflow/example_dags/example_python_decorator.py
[2024-05-24T07:40:04.747+0000] {processor.py:840} INFO - DAG(s) 'example_python_decorator' retrieved from /home/airflow/.local/lib/python3.12/site-packages/airflow/example_dags/example_python_decorator.py
[2024-05-24T07:40:04.756+0000] {logging_mixin.py:188} INFO - [2024-05-24T07:40:04.755+0000] {dag.py:3096} INFO - Sync 1 DAGs
[2024-05-24T07:40:04.760+0000] {logging_mixin.py:188} INFO - [2024-05-24T07:40:04.760+0000] {dag.py:3954} INFO - Setting next_dagrun for example_python_decorator to None, run_after=None
[2024-05-24T07:40:04.767+0000] {processor.py:183} INFO - Processing /home/airflow/.local/lib/python3.12/site-packages/airflow/example_dags/example_python_decorator.py took 0.029 seconds
[2024-05-24T07:40:35.196+0000] {processor.py:161} INFO - Started process (PID=16082) to work on /home/airflow/.local/lib/python3.12/site-packages/airflow/example_dags/example_python_decorator.py
[2024-05-24T07:40:35.196+0000] {processor.py:830} INFO - Processing file /home/airflow/.local/lib/python3.12/site-packages/airflow/example_dags/example_python_decorator.py for tasks to queue
[2024-05-24T07:40:35.197+0000] {logging_mixin.py:188} INFO - [2024-05-24T07:40:35.197+0000] {dagbag.py:545} INFO - Filling up the DagBag from /home/airflow/.local/lib/python3.12/site-packages/airflow/example_dags/example_python_decorator.py
[2024-05-24T07:40:35.202+0000] {processor.py:840} INFO - DAG(s) 'example_python_decorator' retrieved from /home/airflow/.local/lib/python3.12/site-packages/airflow/example_dags/example_python_decorator.py
[2024-05-24T07:40:35.211+0000] {logging_mixin.py:188} INFO - [2024-05-24T07:40:35.211+0000] {dag.py:3096} INFO - Sync 1 DAGs
[2024-05-24T07:40:35.216+0000] {logging_mixin.py:188} INFO - [2024-05-24T07:40:35.216+0000] {dag.py:3954} INFO - Setting next_dagrun for example_python_decorator to None, run_after=None
[2024-05-24T07:40:35.222+0000] {processor.py:183} INFO - Processing /home/airflow/.local/lib/python3.12/site-packages/airflow/example_dags/example_python_decorator.py took 0.029 seconds
[2024-05-24T07:41:05.563+0000] {processor.py:161} INFO - Started process (PID=16344) to work on /home/airflow/.local/lib/python3.12/site-packages/airflow/example_dags/example_python_decorator.py
[2024-05-24T07:41:05.564+0000] {processor.py:830} INFO - Processing file /home/airflow/.local/lib/python3.12/site-packages/airflow/example_dags/example_python_decorator.py for tasks to queue
[2024-05-24T07:41:05.565+0000] {logging_mixin.py:188} INFO - [2024-05-24T07:41:05.564+0000] {dagbag.py:545} INFO - Filling up the DagBag from /home/airflow/.local/lib/python3.12/site-packages/airflow/example_dags/example_python_decorator.py
[2024-05-24T07:41:05.570+0000] {processor.py:840} INFO - DAG(s) 'example_python_decorator' retrieved from /home/airflow/.local/lib/python3.12/site-packages/airflow/example_dags/example_python_decorator.py
[2024-05-24T07:41:05.578+0000] {logging_mixin.py:188} INFO - [2024-05-24T07:41:05.578+0000] {dag.py:3096} INFO - Sync 1 DAGs
[2024-05-24T07:41:05.583+0000] {logging_mixin.py:188} INFO - [2024-05-24T07:41:05.583+0000] {dag.py:3954} INFO - Setting next_dagrun for example_python_decorator to None, run_after=None
[2024-05-24T07:41:05.590+0000] {processor.py:183} INFO - Processing /home/airflow/.local/lib/python3.12/site-packages/airflow/example_dags/example_python_decorator.py took 0.029 seconds
[2024-05-24T07:41:35.898+0000] {processor.py:161} INFO - Started process (PID=16608) to work on /home/airflow/.local/lib/python3.12/site-packages/airflow/example_dags/example_python_decorator.py
[2024-05-24T07:41:35.899+0000] {processor.py:830} INFO - Processing file /home/airflow/.local/lib/python3.12/site-packages/airflow/example_dags/example_python_decorator.py for tasks to queue
[2024-05-24T07:41:35.899+0000] {logging_mixin.py:188} INFO - [2024-05-24T07:41:35.899+0000] {dagbag.py:545} INFO - Filling up the DagBag from /home/airflow/.local/lib/python3.12/site-packages/airflow/example_dags/example_python_decorator.py
[2024-05-24T07:41:35.905+0000] {processor.py:840} INFO - DAG(s) 'example_python_decorator' retrieved from /home/airflow/.local/lib/python3.12/site-packages/airflow/example_dags/example_python_decorator.py
[2024-05-24T07:41:35.913+0000] {logging_mixin.py:188} INFO - [2024-05-24T07:41:35.913+0000] {dag.py:3096} INFO - Sync 1 DAGs
[2024-05-24T07:41:35.918+0000] {logging_mixin.py:188} INFO - [2024-05-24T07:41:35.918+0000] {dag.py:3954} INFO - Setting next_dagrun for example_python_decorator to None, run_after=None
[2024-05-24T07:41:35.924+0000] {processor.py:183} INFO - Processing /home/airflow/.local/lib/python3.12/site-packages/airflow/example_dags/example_python_decorator.py took 0.028 seconds
[2024-05-24T07:42:06.257+0000] {processor.py:161} INFO - Started process (PID=16868) to work on /home/airflow/.local/lib/python3.12/site-packages/airflow/example_dags/example_python_decorator.py
[2024-05-24T07:42:06.257+0000] {processor.py:830} INFO - Processing file /home/airflow/.local/lib/python3.12/site-packages/airflow/example_dags/example_python_decorator.py for tasks to queue
[2024-05-24T07:42:06.258+0000] {logging_mixin.py:188} INFO - [2024-05-24T07:42:06.258+0000] {dagbag.py:545} INFO - Filling up the DagBag from /home/airflow/.local/lib/python3.12/site-packages/airflow/example_dags/example_python_decorator.py
[2024-05-24T07:42:06.263+0000] {processor.py:840} INFO - DAG(s) 'example_python_decorator' retrieved from /home/airflow/.local/lib/python3.12/site-packages/airflow/example_dags/example_python_decorator.py
[2024-05-24T07:42:06.272+0000] {logging_mixin.py:188} INFO - [2024-05-24T07:42:06.272+0000] {dag.py:3096} INFO - Sync 1 DAGs
[2024-05-24T07:42:06.277+0000] {logging_mixin.py:188} INFO - [2024-05-24T07:42:06.277+0000] {dag.py:3954} INFO - Setting next_dagrun for example_python_decorator to None, run_after=None
[2024-05-24T07:42:06.283+0000] {processor.py:183} INFO - Processing /home/airflow/.local/lib/python3.12/site-packages/airflow/example_dags/example_python_decorator.py took 0.029 seconds
[2024-05-24T07:42:36.714+0000] {processor.py:161} INFO - Started process (PID=17130) to work on /home/airflow/.local/lib/python3.12/site-packages/airflow/example_dags/example_python_decorator.py
[2024-05-24T07:42:36.714+0000] {processor.py:830} INFO - Processing file /home/airflow/.local/lib/python3.12/site-packages/airflow/example_dags/example_python_decorator.py for tasks to queue
[2024-05-24T07:42:36.715+0000] {logging_mixin.py:188} INFO - [2024-05-24T07:42:36.715+0000] {dagbag.py:545} INFO - Filling up the DagBag from /home/airflow/.local/lib/python3.12/site-packages/airflow/example_dags/example_python_decorator.py
[2024-05-24T07:42:36.720+0000] {processor.py:840} INFO - DAG(s) 'example_python_decorator' retrieved from /home/airflow/.local/lib/python3.12/site-packages/airflow/example_dags/example_python_decorator.py
[2024-05-24T07:42:36.729+0000] {logging_mixin.py:188} INFO - [2024-05-24T07:42:36.729+0000] {dag.py:3096} INFO - Sync 1 DAGs
[2024-05-24T07:42:36.734+0000] {logging_mixin.py:188} INFO - [2024-05-24T07:42:36.733+0000] {dag.py:3954} INFO - Setting next_dagrun for example_python_decorator to None, run_after=None
[2024-05-24T07:42:36.740+0000] {processor.py:183} INFO - Processing /home/airflow/.local/lib/python3.12/site-packages/airflow/example_dags/example_python_decorator.py took 0.029 seconds
[2024-05-24T07:43:07.101+0000] {processor.py:161} INFO - Started process (PID=17392) to work on /home/airflow/.local/lib/python3.12/site-packages/airflow/example_dags/example_python_decorator.py
[2024-05-24T07:43:07.102+0000] {processor.py:830} INFO - Processing file /home/airflow/.local/lib/python3.12/site-packages/airflow/example_dags/example_python_decorator.py for tasks to queue
[2024-05-24T07:43:07.103+0000] {logging_mixin.py:188} INFO - [2024-05-24T07:43:07.103+0000] {dagbag.py:545} INFO - Filling up the DagBag from /home/airflow/.local/lib/python3.12/site-packages/airflow/example_dags/example_python_decorator.py
[2024-05-24T07:43:07.109+0000] {processor.py:840} INFO - DAG(s) 'example_python_decorator' retrieved from /home/airflow/.local/lib/python3.12/site-packages/airflow/example_dags/example_python_decorator.py
[2024-05-24T07:43:07.117+0000] {logging_mixin.py:188} INFO - [2024-05-24T07:43:07.117+0000] {dag.py:3096} INFO - Sync 1 DAGs
[2024-05-24T07:43:07.122+0000] {logging_mixin.py:188} INFO - [2024-05-24T07:43:07.122+0000] {dag.py:3954} INFO - Setting next_dagrun for example_python_decorator to None, run_after=None
[2024-05-24T07:43:07.128+0000] {processor.py:183} INFO - Processing /home/airflow/.local/lib/python3.12/site-packages/airflow/example_dags/example_python_decorator.py took 0.030 seconds
[2024-05-24T07:43:37.447+0000] {processor.py:161} INFO - Started process (PID=17654) to work on /home/airflow/.local/lib/python3.12/site-packages/airflow/example_dags/example_python_decorator.py
[2024-05-24T07:43:37.448+0000] {processor.py:830} INFO - Processing file /home/airflow/.local/lib/python3.12/site-packages/airflow/example_dags/example_python_decorator.py for tasks to queue
[2024-05-24T07:43:37.448+0000] {logging_mixin.py:188} INFO - [2024-05-24T07:43:37.448+0000] {dagbag.py:545} INFO - Filling up the DagBag from /home/airflow/.local/lib/python3.12/site-packages/airflow/example_dags/example_python_decorator.py
[2024-05-24T07:43:37.454+0000] {processor.py:840} INFO - DAG(s) 'example_python_decorator' retrieved from /home/airflow/.local/lib/python3.12/site-packages/airflow/example_dags/example_python_decorator.py
[2024-05-24T07:43:37.465+0000] {logging_mixin.py:188} INFO - [2024-05-24T07:43:37.465+0000] {dag.py:3096} INFO - Sync 1 DAGs
[2024-05-24T07:43:37.470+0000] {logging_mixin.py:188} INFO - [2024-05-24T07:43:37.470+0000] {dag.py:3954} INFO - Setting next_dagrun for example_python_decorator to None, run_after=None
[2024-05-24T07:43:37.476+0000] {processor.py:183} INFO - Processing /home/airflow/.local/lib/python3.12/site-packages/airflow/example_dags/example_python_decorator.py took 0.031 seconds
[2024-05-24T07:44:07.791+0000] {processor.py:161} INFO - Started process (PID=17916) to work on /home/airflow/.local/lib/python3.12/site-packages/airflow/example_dags/example_python_decorator.py
[2024-05-24T07:44:07.792+0000] {processor.py:830} INFO - Processing file /home/airflow/.local/lib/python3.12/site-packages/airflow/example_dags/example_python_decorator.py for tasks to queue
[2024-05-24T07:44:07.793+0000] {logging_mixin.py:188} INFO - [2024-05-24T07:44:07.792+0000] {dagbag.py:545} INFO - Filling up the DagBag from /home/airflow/.local/lib/python3.12/site-packages/airflow/example_dags/example_python_decorator.py
[2024-05-24T07:44:07.798+0000] {processor.py:840} INFO - DAG(s) 'example_python_decorator' retrieved from /home/airflow/.local/lib/python3.12/site-packages/airflow/example_dags/example_python_decorator.py
[2024-05-24T07:44:07.807+0000] {logging_mixin.py:188} INFO - [2024-05-24T07:44:07.806+0000] {dag.py:3096} INFO - Sync 1 DAGs
[2024-05-24T07:44:07.812+0000] {logging_mixin.py:188} INFO - [2024-05-24T07:44:07.812+0000] {dag.py:3954} INFO - Setting next_dagrun for example_python_decorator to None, run_after=None
[2024-05-24T07:44:07.819+0000] {processor.py:183} INFO - Processing /home/airflow/.local/lib/python3.12/site-packages/airflow/example_dags/example_python_decorator.py took 0.030 seconds
[2024-05-24T07:44:38.119+0000] {processor.py:161} INFO - Started process (PID=18180) to work on /home/airflow/.local/lib/python3.12/site-packages/airflow/example_dags/example_python_decorator.py
[2024-05-24T07:44:38.119+0000] {processor.py:830} INFO - Processing file /home/airflow/.local/lib/python3.12/site-packages/airflow/example_dags/example_python_decorator.py for tasks to queue
[2024-05-24T07:44:38.120+0000] {logging_mixin.py:188} INFO - [2024-05-24T07:44:38.119+0000] {dagbag.py:545} INFO - Filling up the DagBag from /home/airflow/.local/lib/python3.12/site-packages/airflow/example_dags/example_python_decorator.py
[2024-05-24T07:44:38.125+0000] {processor.py:840} INFO - DAG(s) 'example_python_decorator' retrieved from /home/airflow/.local/lib/python3.12/site-packages/airflow/example_dags/example_python_decorator.py
[2024-05-24T07:44:38.132+0000] {logging_mixin.py:188} INFO - [2024-05-24T07:44:38.132+0000] {dag.py:3096} INFO - Sync 1 DAGs
[2024-05-24T07:44:38.136+0000] {logging_mixin.py:188} INFO - [2024-05-24T07:44:38.136+0000] {dag.py:3954} INFO - Setting next_dagrun for example_python_decorator to None, run_after=None
[2024-05-24T07:44:38.142+0000] {processor.py:183} INFO - Processing /home/airflow/.local/lib/python3.12/site-packages/airflow/example_dags/example_python_decorator.py took 0.026 seconds
