[2024-05-24T05:45:20.843+0000] {processor.py:161} INFO - Started process (PID=356) to work on /home/airflow/.local/lib/python3.12/site-packages/airflow/example_dags/example_latest_only_with_trigger.py
[2024-05-24T05:45:20.844+0000] {processor.py:830} INFO - Processing file /home/airflow/.local/lib/python3.12/site-packages/airflow/example_dags/example_latest_only_with_trigger.py for tasks to queue
[2024-05-24T05:45:20.845+0000] {logging_mixin.py:188} INFO - [2024-05-24T05:45:20.844+0000] {dagbag.py:545} INFO - Filling up the DagBag from /home/airflow/.local/lib/python3.12/site-packages/airflow/example_dags/example_latest_only_with_trigger.py
[2024-05-24T05:45:20.847+0000] {processor.py:840} INFO - DAG(s) 'latest_only_with_trigger' retrieved from /home/airflow/.local/lib/python3.12/site-packages/airflow/example_dags/example_latest_only_with_trigger.py
[2024-05-24T05:45:20.854+0000] {logging_mixin.py:188} INFO - [2024-05-24T05:45:20.853+0000] {dag.py:3096} INFO - Sync 1 DAGs
[2024-05-24T05:45:20.862+0000] {logging_mixin.py:188} INFO - [2024-05-24T05:45:20.862+0000] {dag.py:3954} INFO - Setting next_dagrun for latest_only_with_trigger to 2024-05-24 00:00:00+00:00, run_after=2024-05-24 04:00:00+00:00
[2024-05-24T05:45:20.870+0000] {processor.py:183} INFO - Processing /home/airflow/.local/lib/python3.12/site-packages/airflow/example_dags/example_latest_only_with_trigger.py took 0.029 seconds
[2024-05-24T05:45:51.377+0000] {processor.py:161} INFO - Started process (PID=618) to work on /home/airflow/.local/lib/python3.12/site-packages/airflow/example_dags/example_latest_only_with_trigger.py
[2024-05-24T05:45:51.377+0000] {processor.py:830} INFO - Processing file /home/airflow/.local/lib/python3.12/site-packages/airflow/example_dags/example_latest_only_with_trigger.py for tasks to queue
[2024-05-24T05:45:51.378+0000] {logging_mixin.py:188} INFO - [2024-05-24T05:45:51.378+0000] {dagbag.py:545} INFO - Filling up the DagBag from /home/airflow/.local/lib/python3.12/site-packages/airflow/example_dags/example_latest_only_with_trigger.py
[2024-05-24T05:45:51.380+0000] {processor.py:840} INFO - DAG(s) 'latest_only_with_trigger' retrieved from /home/airflow/.local/lib/python3.12/site-packages/airflow/example_dags/example_latest_only_with_trigger.py
[2024-05-24T05:45:51.415+0000] {logging_mixin.py:188} INFO - [2024-05-24T05:45:51.415+0000] {dag.py:3096} INFO - Sync 1 DAGs
[2024-05-24T05:45:51.422+0000] {logging_mixin.py:188} INFO - [2024-05-24T05:45:51.422+0000] {dag.py:3954} INFO - Setting next_dagrun for latest_only_with_trigger to 2024-05-24 00:00:00+00:00, run_after=2024-05-24 04:00:00+00:00
[2024-05-24T05:45:51.429+0000] {processor.py:183} INFO - Processing /home/airflow/.local/lib/python3.12/site-packages/airflow/example_dags/example_latest_only_with_trigger.py took 0.055 seconds
[2024-05-24T05:46:21.999+0000] {processor.py:161} INFO - Started process (PID=880) to work on /home/airflow/.local/lib/python3.12/site-packages/airflow/example_dags/example_latest_only_with_trigger.py
[2024-05-24T05:46:22.000+0000] {processor.py:830} INFO - Processing file /home/airflow/.local/lib/python3.12/site-packages/airflow/example_dags/example_latest_only_with_trigger.py for tasks to queue
[2024-05-24T05:46:22.001+0000] {logging_mixin.py:188} INFO - [2024-05-24T05:46:22.000+0000] {dagbag.py:545} INFO - Filling up the DagBag from /home/airflow/.local/lib/python3.12/site-packages/airflow/example_dags/example_latest_only_with_trigger.py
[2024-05-24T05:46:22.003+0000] {processor.py:840} INFO - DAG(s) 'latest_only_with_trigger' retrieved from /home/airflow/.local/lib/python3.12/site-packages/airflow/example_dags/example_latest_only_with_trigger.py
[2024-05-24T05:46:22.011+0000] {logging_mixin.py:188} INFO - [2024-05-24T05:46:22.011+0000] {dag.py:3096} INFO - Sync 1 DAGs
[2024-05-24T05:46:22.018+0000] {logging_mixin.py:188} INFO - [2024-05-24T05:46:22.018+0000] {dag.py:3954} INFO - Setting next_dagrun for latest_only_with_trigger to 2024-05-24 00:00:00+00:00, run_after=2024-05-24 04:00:00+00:00
[2024-05-24T05:46:22.025+0000] {processor.py:183} INFO - Processing /home/airflow/.local/lib/python3.12/site-packages/airflow/example_dags/example_latest_only_with_trigger.py took 0.028 seconds
[2024-05-24T05:46:52.341+0000] {processor.py:161} INFO - Started process (PID=1144) to work on /home/airflow/.local/lib/python3.12/site-packages/airflow/example_dags/example_latest_only_with_trigger.py
[2024-05-24T05:46:52.342+0000] {processor.py:830} INFO - Processing file /home/airflow/.local/lib/python3.12/site-packages/airflow/example_dags/example_latest_only_with_trigger.py for tasks to queue
[2024-05-24T05:46:52.342+0000] {logging_mixin.py:188} INFO - [2024-05-24T05:46:52.342+0000] {dagbag.py:545} INFO - Filling up the DagBag from /home/airflow/.local/lib/python3.12/site-packages/airflow/example_dags/example_latest_only_with_trigger.py
[2024-05-24T05:46:52.345+0000] {processor.py:840} INFO - DAG(s) 'latest_only_with_trigger' retrieved from /home/airflow/.local/lib/python3.12/site-packages/airflow/example_dags/example_latest_only_with_trigger.py
[2024-05-24T05:46:52.353+0000] {logging_mixin.py:188} INFO - [2024-05-24T05:46:52.353+0000] {dag.py:3096} INFO - Sync 1 DAGs
[2024-05-24T05:46:52.361+0000] {logging_mixin.py:188} INFO - [2024-05-24T05:46:52.361+0000] {dag.py:3954} INFO - Setting next_dagrun for latest_only_with_trigger to 2024-05-24 00:00:00+00:00, run_after=2024-05-24 04:00:00+00:00
[2024-05-24T05:46:52.367+0000] {processor.py:183} INFO - Processing /home/airflow/.local/lib/python3.12/site-packages/airflow/example_dags/example_latest_only_with_trigger.py took 0.028 seconds
[2024-05-24T05:47:22.642+0000] {processor.py:161} INFO - Started process (PID=1404) to work on /home/airflow/.local/lib/python3.12/site-packages/airflow/example_dags/example_latest_only_with_trigger.py
[2024-05-24T05:47:22.642+0000] {processor.py:830} INFO - Processing file /home/airflow/.local/lib/python3.12/site-packages/airflow/example_dags/example_latest_only_with_trigger.py for tasks to queue
[2024-05-24T05:47:22.643+0000] {logging_mixin.py:188} INFO - [2024-05-24T05:47:22.643+0000] {dagbag.py:545} INFO - Filling up the DagBag from /home/airflow/.local/lib/python3.12/site-packages/airflow/example_dags/example_latest_only_with_trigger.py
[2024-05-24T05:47:22.645+0000] {processor.py:840} INFO - DAG(s) 'latest_only_with_trigger' retrieved from /home/airflow/.local/lib/python3.12/site-packages/airflow/example_dags/example_latest_only_with_trigger.py
[2024-05-24T05:47:22.653+0000] {logging_mixin.py:188} INFO - [2024-05-24T05:47:22.653+0000] {dag.py:3096} INFO - Sync 1 DAGs
[2024-05-24T05:47:22.661+0000] {logging_mixin.py:188} INFO - [2024-05-24T05:47:22.661+0000] {dag.py:3954} INFO - Setting next_dagrun for latest_only_with_trigger to 2024-05-24 00:00:00+00:00, run_after=2024-05-24 04:00:00+00:00
[2024-05-24T05:47:22.668+0000] {processor.py:183} INFO - Processing /home/airflow/.local/lib/python3.12/site-packages/airflow/example_dags/example_latest_only_with_trigger.py took 0.028 seconds
[2024-05-24T05:47:53.022+0000] {processor.py:161} INFO - Started process (PID=1666) to work on /home/airflow/.local/lib/python3.12/site-packages/airflow/example_dags/example_latest_only_with_trigger.py
[2024-05-24T05:47:53.023+0000] {processor.py:830} INFO - Processing file /home/airflow/.local/lib/python3.12/site-packages/airflow/example_dags/example_latest_only_with_trigger.py for tasks to queue
[2024-05-24T05:47:53.024+0000] {logging_mixin.py:188} INFO - [2024-05-24T05:47:53.024+0000] {dagbag.py:545} INFO - Filling up the DagBag from /home/airflow/.local/lib/python3.12/site-packages/airflow/example_dags/example_latest_only_with_trigger.py
[2024-05-24T05:47:53.026+0000] {processor.py:840} INFO - DAG(s) 'latest_only_with_trigger' retrieved from /home/airflow/.local/lib/python3.12/site-packages/airflow/example_dags/example_latest_only_with_trigger.py
[2024-05-24T05:47:53.035+0000] {logging_mixin.py:188} INFO - [2024-05-24T05:47:53.035+0000] {dag.py:3096} INFO - Sync 1 DAGs
[2024-05-24T05:47:53.044+0000] {logging_mixin.py:188} INFO - [2024-05-24T05:47:53.044+0000] {dag.py:3954} INFO - Setting next_dagrun for latest_only_with_trigger to 2024-05-24 00:00:00+00:00, run_after=2024-05-24 04:00:00+00:00
[2024-05-24T05:47:53.051+0000] {processor.py:183} INFO - Processing /home/airflow/.local/lib/python3.12/site-packages/airflow/example_dags/example_latest_only_with_trigger.py took 0.031 seconds
[2024-05-24T05:48:23.379+0000] {processor.py:161} INFO - Started process (PID=1928) to work on /home/airflow/.local/lib/python3.12/site-packages/airflow/example_dags/example_latest_only_with_trigger.py
[2024-05-24T05:48:23.380+0000] {processor.py:830} INFO - Processing file /home/airflow/.local/lib/python3.12/site-packages/airflow/example_dags/example_latest_only_with_trigger.py for tasks to queue
[2024-05-24T05:48:23.380+0000] {logging_mixin.py:188} INFO - [2024-05-24T05:48:23.380+0000] {dagbag.py:545} INFO - Filling up the DagBag from /home/airflow/.local/lib/python3.12/site-packages/airflow/example_dags/example_latest_only_with_trigger.py
[2024-05-24T05:48:23.383+0000] {processor.py:840} INFO - DAG(s) 'latest_only_with_trigger' retrieved from /home/airflow/.local/lib/python3.12/site-packages/airflow/example_dags/example_latest_only_with_trigger.py
[2024-05-24T05:48:23.390+0000] {logging_mixin.py:188} INFO - [2024-05-24T05:48:23.390+0000] {dag.py:3096} INFO - Sync 1 DAGs
[2024-05-24T05:48:23.397+0000] {logging_mixin.py:188} INFO - [2024-05-24T05:48:23.397+0000] {dag.py:3954} INFO - Setting next_dagrun for latest_only_with_trigger to 2024-05-24 00:00:00+00:00, run_after=2024-05-24 04:00:00+00:00
[2024-05-24T05:48:23.404+0000] {processor.py:183} INFO - Processing /home/airflow/.local/lib/python3.12/site-packages/airflow/example_dags/example_latest_only_with_trigger.py took 0.027 seconds
[2024-05-24T05:48:53.696+0000] {processor.py:161} INFO - Started process (PID=2192) to work on /home/airflow/.local/lib/python3.12/site-packages/airflow/example_dags/example_latest_only_with_trigger.py
[2024-05-24T05:48:53.696+0000] {processor.py:830} INFO - Processing file /home/airflow/.local/lib/python3.12/site-packages/airflow/example_dags/example_latest_only_with_trigger.py for tasks to queue
[2024-05-24T05:48:53.697+0000] {logging_mixin.py:188} INFO - [2024-05-24T05:48:53.697+0000] {dagbag.py:545} INFO - Filling up the DagBag from /home/airflow/.local/lib/python3.12/site-packages/airflow/example_dags/example_latest_only_with_trigger.py
[2024-05-24T05:48:53.699+0000] {processor.py:840} INFO - DAG(s) 'latest_only_with_trigger' retrieved from /home/airflow/.local/lib/python3.12/site-packages/airflow/example_dags/example_latest_only_with_trigger.py
[2024-05-24T05:48:53.707+0000] {logging_mixin.py:188} INFO - [2024-05-24T05:48:53.707+0000] {dag.py:3096} INFO - Sync 1 DAGs
[2024-05-24T05:48:53.715+0000] {logging_mixin.py:188} INFO - [2024-05-24T05:48:53.715+0000] {dag.py:3954} INFO - Setting next_dagrun for latest_only_with_trigger to 2024-05-24 00:00:00+00:00, run_after=2024-05-24 04:00:00+00:00
[2024-05-24T05:48:53.721+0000] {processor.py:183} INFO - Processing /home/airflow/.local/lib/python3.12/site-packages/airflow/example_dags/example_latest_only_with_trigger.py took 0.028 seconds
[2024-05-24T05:49:23.996+0000] {processor.py:161} INFO - Started process (PID=2452) to work on /home/airflow/.local/lib/python3.12/site-packages/airflow/example_dags/example_latest_only_with_trigger.py
[2024-05-24T05:49:23.997+0000] {processor.py:830} INFO - Processing file /home/airflow/.local/lib/python3.12/site-packages/airflow/example_dags/example_latest_only_with_trigger.py for tasks to queue
[2024-05-24T05:49:23.997+0000] {logging_mixin.py:188} INFO - [2024-05-24T05:49:23.997+0000] {dagbag.py:545} INFO - Filling up the DagBag from /home/airflow/.local/lib/python3.12/site-packages/airflow/example_dags/example_latest_only_with_trigger.py
[2024-05-24T05:49:23.999+0000] {processor.py:840} INFO - DAG(s) 'latest_only_with_trigger' retrieved from /home/airflow/.local/lib/python3.12/site-packages/airflow/example_dags/example_latest_only_with_trigger.py
[2024-05-24T05:49:24.007+0000] {logging_mixin.py:188} INFO - [2024-05-24T05:49:24.007+0000] {dag.py:3096} INFO - Sync 1 DAGs
[2024-05-24T05:49:24.015+0000] {logging_mixin.py:188} INFO - [2024-05-24T05:49:24.015+0000] {dag.py:3954} INFO - Setting next_dagrun for latest_only_with_trigger to 2024-05-24 00:00:00+00:00, run_after=2024-05-24 04:00:00+00:00
[2024-05-24T05:49:24.021+0000] {processor.py:183} INFO - Processing /home/airflow/.local/lib/python3.12/site-packages/airflow/example_dags/example_latest_only_with_trigger.py took 0.027 seconds
[2024-05-24T05:49:54.288+0000] {processor.py:161} INFO - Started process (PID=2714) to work on /home/airflow/.local/lib/python3.12/site-packages/airflow/example_dags/example_latest_only_with_trigger.py
[2024-05-24T05:49:54.288+0000] {processor.py:830} INFO - Processing file /home/airflow/.local/lib/python3.12/site-packages/airflow/example_dags/example_latest_only_with_trigger.py for tasks to queue
[2024-05-24T05:49:54.289+0000] {logging_mixin.py:188} INFO - [2024-05-24T05:49:54.289+0000] {dagbag.py:545} INFO - Filling up the DagBag from /home/airflow/.local/lib/python3.12/site-packages/airflow/example_dags/example_latest_only_with_trigger.py
[2024-05-24T05:49:54.291+0000] {processor.py:840} INFO - DAG(s) 'latest_only_with_trigger' retrieved from /home/airflow/.local/lib/python3.12/site-packages/airflow/example_dags/example_latest_only_with_trigger.py
[2024-05-24T05:49:54.300+0000] {logging_mixin.py:188} INFO - [2024-05-24T05:49:54.300+0000] {dag.py:3096} INFO - Sync 1 DAGs
[2024-05-24T05:49:54.308+0000] {logging_mixin.py:188} INFO - [2024-05-24T05:49:54.308+0000] {dag.py:3954} INFO - Setting next_dagrun for latest_only_with_trigger to 2024-05-24 00:00:00+00:00, run_after=2024-05-24 04:00:00+00:00
[2024-05-24T05:49:54.315+0000] {processor.py:183} INFO - Processing /home/airflow/.local/lib/python3.12/site-packages/airflow/example_dags/example_latest_only_with_trigger.py took 0.029 seconds
[2024-05-24T05:50:24.706+0000] {processor.py:161} INFO - Started process (PID=2976) to work on /home/airflow/.local/lib/python3.12/site-packages/airflow/example_dags/example_latest_only_with_trigger.py
[2024-05-24T05:50:24.707+0000] {processor.py:830} INFO - Processing file /home/airflow/.local/lib/python3.12/site-packages/airflow/example_dags/example_latest_only_with_trigger.py for tasks to queue
[2024-05-24T05:50:24.707+0000] {logging_mixin.py:188} INFO - [2024-05-24T05:50:24.707+0000] {dagbag.py:545} INFO - Filling up the DagBag from /home/airflow/.local/lib/python3.12/site-packages/airflow/example_dags/example_latest_only_with_trigger.py
[2024-05-24T05:50:24.710+0000] {processor.py:840} INFO - DAG(s) 'latest_only_with_trigger' retrieved from /home/airflow/.local/lib/python3.12/site-packages/airflow/example_dags/example_latest_only_with_trigger.py
[2024-05-24T05:50:24.717+0000] {logging_mixin.py:188} INFO - [2024-05-24T05:50:24.717+0000] {dag.py:3096} INFO - Sync 1 DAGs
[2024-05-24T05:50:24.724+0000] {logging_mixin.py:188} INFO - [2024-05-24T05:50:24.724+0000] {dag.py:3954} INFO - Setting next_dagrun for latest_only_with_trigger to 2024-05-24 00:00:00+00:00, run_after=2024-05-24 04:00:00+00:00
[2024-05-24T05:50:24.731+0000] {processor.py:183} INFO - Processing /home/airflow/.local/lib/python3.12/site-packages/airflow/example_dags/example_latest_only_with_trigger.py took 0.027 seconds
[2024-05-24T05:50:55.014+0000] {processor.py:161} INFO - Started process (PID=3238) to work on /home/airflow/.local/lib/python3.12/site-packages/airflow/example_dags/example_latest_only_with_trigger.py
[2024-05-24T05:50:55.014+0000] {processor.py:830} INFO - Processing file /home/airflow/.local/lib/python3.12/site-packages/airflow/example_dags/example_latest_only_with_trigger.py for tasks to queue
[2024-05-24T05:50:55.015+0000] {logging_mixin.py:188} INFO - [2024-05-24T05:50:55.015+0000] {dagbag.py:545} INFO - Filling up the DagBag from /home/airflow/.local/lib/python3.12/site-packages/airflow/example_dags/example_latest_only_with_trigger.py
[2024-05-24T05:50:55.017+0000] {processor.py:840} INFO - DAG(s) 'latest_only_with_trigger' retrieved from /home/airflow/.local/lib/python3.12/site-packages/airflow/example_dags/example_latest_only_with_trigger.py
[2024-05-24T05:50:55.024+0000] {logging_mixin.py:188} INFO - [2024-05-24T05:50:55.024+0000] {dag.py:3096} INFO - Sync 1 DAGs
[2024-05-24T05:50:55.032+0000] {logging_mixin.py:188} INFO - [2024-05-24T05:50:55.032+0000] {dag.py:3954} INFO - Setting next_dagrun for latest_only_with_trigger to 2024-05-24 00:00:00+00:00, run_after=2024-05-24 04:00:00+00:00
[2024-05-24T05:50:55.038+0000] {processor.py:183} INFO - Processing /home/airflow/.local/lib/python3.12/site-packages/airflow/example_dags/example_latest_only_with_trigger.py took 0.027 seconds
[2024-05-24T05:51:25.381+0000] {processor.py:161} INFO - Started process (PID=3500) to work on /home/airflow/.local/lib/python3.12/site-packages/airflow/example_dags/example_latest_only_with_trigger.py
[2024-05-24T05:51:25.381+0000] {processor.py:830} INFO - Processing file /home/airflow/.local/lib/python3.12/site-packages/airflow/example_dags/example_latest_only_with_trigger.py for tasks to queue
[2024-05-24T05:51:25.382+0000] {logging_mixin.py:188} INFO - [2024-05-24T05:51:25.382+0000] {dagbag.py:545} INFO - Filling up the DagBag from /home/airflow/.local/lib/python3.12/site-packages/airflow/example_dags/example_latest_only_with_trigger.py
[2024-05-24T05:51:25.384+0000] {processor.py:840} INFO - DAG(s) 'latest_only_with_trigger' retrieved from /home/airflow/.local/lib/python3.12/site-packages/airflow/example_dags/example_latest_only_with_trigger.py
[2024-05-24T05:51:25.392+0000] {logging_mixin.py:188} INFO - [2024-05-24T05:51:25.392+0000] {dag.py:3096} INFO - Sync 1 DAGs
[2024-05-24T05:51:25.400+0000] {logging_mixin.py:188} INFO - [2024-05-24T05:51:25.400+0000] {dag.py:3954} INFO - Setting next_dagrun for latest_only_with_trigger to 2024-05-24 00:00:00+00:00, run_after=2024-05-24 04:00:00+00:00
[2024-05-24T05:51:25.406+0000] {processor.py:183} INFO - Processing /home/airflow/.local/lib/python3.12/site-packages/airflow/example_dags/example_latest_only_with_trigger.py took 0.028 seconds
[2024-05-24T05:51:55.656+0000] {processor.py:161} INFO - Started process (PID=3762) to work on /home/airflow/.local/lib/python3.12/site-packages/airflow/example_dags/example_latest_only_with_trigger.py
[2024-05-24T05:51:55.657+0000] {processor.py:830} INFO - Processing file /home/airflow/.local/lib/python3.12/site-packages/airflow/example_dags/example_latest_only_with_trigger.py for tasks to queue
[2024-05-24T05:51:55.657+0000] {logging_mixin.py:188} INFO - [2024-05-24T05:51:55.657+0000] {dagbag.py:545} INFO - Filling up the DagBag from /home/airflow/.local/lib/python3.12/site-packages/airflow/example_dags/example_latest_only_with_trigger.py
[2024-05-24T05:51:55.659+0000] {processor.py:840} INFO - DAG(s) 'latest_only_with_trigger' retrieved from /home/airflow/.local/lib/python3.12/site-packages/airflow/example_dags/example_latest_only_with_trigger.py
[2024-05-24T05:51:55.668+0000] {logging_mixin.py:188} INFO - [2024-05-24T05:51:55.667+0000] {dag.py:3096} INFO - Sync 1 DAGs
[2024-05-24T05:51:55.675+0000] {logging_mixin.py:188} INFO - [2024-05-24T05:51:55.675+0000] {dag.py:3954} INFO - Setting next_dagrun for latest_only_with_trigger to 2024-05-24 00:00:00+00:00, run_after=2024-05-24 04:00:00+00:00
[2024-05-24T05:51:55.682+0000] {processor.py:183} INFO - Processing /home/airflow/.local/lib/python3.12/site-packages/airflow/example_dags/example_latest_only_with_trigger.py took 0.028 seconds
[2024-05-24T05:52:25.947+0000] {processor.py:161} INFO - Started process (PID=4024) to work on /home/airflow/.local/lib/python3.12/site-packages/airflow/example_dags/example_latest_only_with_trigger.py
[2024-05-24T05:52:25.948+0000] {processor.py:830} INFO - Processing file /home/airflow/.local/lib/python3.12/site-packages/airflow/example_dags/example_latest_only_with_trigger.py for tasks to queue
[2024-05-24T05:52:25.948+0000] {logging_mixin.py:188} INFO - [2024-05-24T05:52:25.948+0000] {dagbag.py:545} INFO - Filling up the DagBag from /home/airflow/.local/lib/python3.12/site-packages/airflow/example_dags/example_latest_only_with_trigger.py
[2024-05-24T05:52:25.951+0000] {processor.py:840} INFO - DAG(s) 'latest_only_with_trigger' retrieved from /home/airflow/.local/lib/python3.12/site-packages/airflow/example_dags/example_latest_only_with_trigger.py
[2024-05-24T05:52:25.958+0000] {logging_mixin.py:188} INFO - [2024-05-24T05:52:25.958+0000] {dag.py:3096} INFO - Sync 1 DAGs
[2024-05-24T05:52:25.966+0000] {logging_mixin.py:188} INFO - [2024-05-24T05:52:25.966+0000] {dag.py:3954} INFO - Setting next_dagrun for latest_only_with_trigger to 2024-05-24 00:00:00+00:00, run_after=2024-05-24 04:00:00+00:00
[2024-05-24T05:52:25.972+0000] {processor.py:183} INFO - Processing /home/airflow/.local/lib/python3.12/site-packages/airflow/example_dags/example_latest_only_with_trigger.py took 0.027 seconds
[2024-05-24T05:52:56.262+0000] {processor.py:161} INFO - Started process (PID=4286) to work on /home/airflow/.local/lib/python3.12/site-packages/airflow/example_dags/example_latest_only_with_trigger.py
[2024-05-24T05:52:56.262+0000] {processor.py:830} INFO - Processing file /home/airflow/.local/lib/python3.12/site-packages/airflow/example_dags/example_latest_only_with_trigger.py for tasks to queue
[2024-05-24T05:52:56.263+0000] {logging_mixin.py:188} INFO - [2024-05-24T05:52:56.263+0000] {dagbag.py:545} INFO - Filling up the DagBag from /home/airflow/.local/lib/python3.12/site-packages/airflow/example_dags/example_latest_only_with_trigger.py
[2024-05-24T05:52:56.265+0000] {processor.py:840} INFO - DAG(s) 'latest_only_with_trigger' retrieved from /home/airflow/.local/lib/python3.12/site-packages/airflow/example_dags/example_latest_only_with_trigger.py
[2024-05-24T05:52:56.272+0000] {logging_mixin.py:188} INFO - [2024-05-24T05:52:56.272+0000] {dag.py:3096} INFO - Sync 1 DAGs
[2024-05-24T05:52:56.280+0000] {logging_mixin.py:188} INFO - [2024-05-24T05:52:56.280+0000] {dag.py:3954} INFO - Setting next_dagrun for latest_only_with_trigger to 2024-05-24 00:00:00+00:00, run_after=2024-05-24 04:00:00+00:00
[2024-05-24T05:52:56.286+0000] {processor.py:183} INFO - Processing /home/airflow/.local/lib/python3.12/site-packages/airflow/example_dags/example_latest_only_with_trigger.py took 0.027 seconds
[2024-05-24T05:53:26.713+0000] {processor.py:161} INFO - Started process (PID=4548) to work on /home/airflow/.local/lib/python3.12/site-packages/airflow/example_dags/example_latest_only_with_trigger.py
[2024-05-24T05:53:26.713+0000] {processor.py:830} INFO - Processing file /home/airflow/.local/lib/python3.12/site-packages/airflow/example_dags/example_latest_only_with_trigger.py for tasks to queue
[2024-05-24T05:53:26.714+0000] {logging_mixin.py:188} INFO - [2024-05-24T05:53:26.714+0000] {dagbag.py:545} INFO - Filling up the DagBag from /home/airflow/.local/lib/python3.12/site-packages/airflow/example_dags/example_latest_only_with_trigger.py
[2024-05-24T05:53:26.716+0000] {processor.py:840} INFO - DAG(s) 'latest_only_with_trigger' retrieved from /home/airflow/.local/lib/python3.12/site-packages/airflow/example_dags/example_latest_only_with_trigger.py
[2024-05-24T05:53:26.724+0000] {logging_mixin.py:188} INFO - [2024-05-24T05:53:26.724+0000] {dag.py:3096} INFO - Sync 1 DAGs
[2024-05-24T05:53:26.732+0000] {logging_mixin.py:188} INFO - [2024-05-24T05:53:26.731+0000] {dag.py:3954} INFO - Setting next_dagrun for latest_only_with_trigger to 2024-05-24 00:00:00+00:00, run_after=2024-05-24 04:00:00+00:00
[2024-05-24T05:53:26.738+0000] {processor.py:183} INFO - Processing /home/airflow/.local/lib/python3.12/site-packages/airflow/example_dags/example_latest_only_with_trigger.py took 0.028 seconds
[2024-05-24T05:53:57.104+0000] {processor.py:161} INFO - Started process (PID=4835) to work on /home/airflow/.local/lib/python3.12/site-packages/airflow/example_dags/example_latest_only_with_trigger.py
[2024-05-24T05:53:57.104+0000] {processor.py:830} INFO - Processing file /home/airflow/.local/lib/python3.12/site-packages/airflow/example_dags/example_latest_only_with_trigger.py for tasks to queue
[2024-05-24T05:53:57.105+0000] {logging_mixin.py:188} INFO - [2024-05-24T05:53:57.105+0000] {dagbag.py:545} INFO - Filling up the DagBag from /home/airflow/.local/lib/python3.12/site-packages/airflow/example_dags/example_latest_only_with_trigger.py
[2024-05-24T05:53:57.107+0000] {processor.py:840} INFO - DAG(s) 'latest_only_with_trigger' retrieved from /home/airflow/.local/lib/python3.12/site-packages/airflow/example_dags/example_latest_only_with_trigger.py
[2024-05-24T05:53:57.114+0000] {logging_mixin.py:188} INFO - [2024-05-24T05:53:57.114+0000] {dag.py:3096} INFO - Sync 1 DAGs
[2024-05-24T05:53:57.121+0000] {logging_mixin.py:188} INFO - [2024-05-24T05:53:57.121+0000] {dag.py:3954} INFO - Setting next_dagrun for latest_only_with_trigger to 2024-05-24 00:00:00+00:00, run_after=2024-05-24 04:00:00+00:00
[2024-05-24T05:53:57.127+0000] {processor.py:183} INFO - Processing /home/airflow/.local/lib/python3.12/site-packages/airflow/example_dags/example_latest_only_with_trigger.py took 0.026 seconds
[2024-05-24T05:54:27.441+0000] {processor.py:161} INFO - Started process (PID=5097) to work on /home/airflow/.local/lib/python3.12/site-packages/airflow/example_dags/example_latest_only_with_trigger.py
[2024-05-24T05:54:27.441+0000] {processor.py:830} INFO - Processing file /home/airflow/.local/lib/python3.12/site-packages/airflow/example_dags/example_latest_only_with_trigger.py for tasks to queue
[2024-05-24T05:54:27.442+0000] {logging_mixin.py:188} INFO - [2024-05-24T05:54:27.442+0000] {dagbag.py:545} INFO - Filling up the DagBag from /home/airflow/.local/lib/python3.12/site-packages/airflow/example_dags/example_latest_only_with_trigger.py
[2024-05-24T05:54:27.444+0000] {processor.py:840} INFO - DAG(s) 'latest_only_with_trigger' retrieved from /home/airflow/.local/lib/python3.12/site-packages/airflow/example_dags/example_latest_only_with_trigger.py
[2024-05-24T05:54:27.452+0000] {logging_mixin.py:188} INFO - [2024-05-24T05:54:27.452+0000] {dag.py:3096} INFO - Sync 1 DAGs
[2024-05-24T05:54:27.460+0000] {logging_mixin.py:188} INFO - [2024-05-24T05:54:27.459+0000] {dag.py:3954} INFO - Setting next_dagrun for latest_only_with_trigger to 2024-05-24 00:00:00+00:00, run_after=2024-05-24 04:00:00+00:00
[2024-05-24T05:54:27.466+0000] {processor.py:183} INFO - Processing /home/airflow/.local/lib/python3.12/site-packages/airflow/example_dags/example_latest_only_with_trigger.py took 0.027 seconds
[2024-05-24T05:54:57.739+0000] {processor.py:161} INFO - Started process (PID=5359) to work on /home/airflow/.local/lib/python3.12/site-packages/airflow/example_dags/example_latest_only_with_trigger.py
[2024-05-24T05:54:57.739+0000] {processor.py:830} INFO - Processing file /home/airflow/.local/lib/python3.12/site-packages/airflow/example_dags/example_latest_only_with_trigger.py for tasks to queue
[2024-05-24T05:54:57.740+0000] {logging_mixin.py:188} INFO - [2024-05-24T05:54:57.740+0000] {dagbag.py:545} INFO - Filling up the DagBag from /home/airflow/.local/lib/python3.12/site-packages/airflow/example_dags/example_latest_only_with_trigger.py
[2024-05-24T05:54:57.742+0000] {processor.py:840} INFO - DAG(s) 'latest_only_with_trigger' retrieved from /home/airflow/.local/lib/python3.12/site-packages/airflow/example_dags/example_latest_only_with_trigger.py
[2024-05-24T05:54:57.750+0000] {logging_mixin.py:188} INFO - [2024-05-24T05:54:57.750+0000] {dag.py:3096} INFO - Sync 1 DAGs
[2024-05-24T05:54:57.758+0000] {logging_mixin.py:188} INFO - [2024-05-24T05:54:57.758+0000] {dag.py:3954} INFO - Setting next_dagrun for latest_only_with_trigger to 2024-05-24 00:00:00+00:00, run_after=2024-05-24 04:00:00+00:00
[2024-05-24T05:54:57.764+0000] {processor.py:183} INFO - Processing /home/airflow/.local/lib/python3.12/site-packages/airflow/example_dags/example_latest_only_with_trigger.py took 0.027 seconds
[2024-05-24T05:55:28.115+0000] {processor.py:161} INFO - Started process (PID=5621) to work on /home/airflow/.local/lib/python3.12/site-packages/airflow/example_dags/example_latest_only_with_trigger.py
[2024-05-24T05:55:28.116+0000] {processor.py:830} INFO - Processing file /home/airflow/.local/lib/python3.12/site-packages/airflow/example_dags/example_latest_only_with_trigger.py for tasks to queue
[2024-05-24T05:55:28.116+0000] {logging_mixin.py:188} INFO - [2024-05-24T05:55:28.116+0000] {dagbag.py:545} INFO - Filling up the DagBag from /home/airflow/.local/lib/python3.12/site-packages/airflow/example_dags/example_latest_only_with_trigger.py
[2024-05-24T05:55:28.119+0000] {processor.py:840} INFO - DAG(s) 'latest_only_with_trigger' retrieved from /home/airflow/.local/lib/python3.12/site-packages/airflow/example_dags/example_latest_only_with_trigger.py
[2024-05-24T05:55:28.126+0000] {logging_mixin.py:188} INFO - [2024-05-24T05:55:28.126+0000] {dag.py:3096} INFO - Sync 1 DAGs
[2024-05-24T05:55:28.134+0000] {logging_mixin.py:188} INFO - [2024-05-24T05:55:28.133+0000] {dag.py:3954} INFO - Setting next_dagrun for latest_only_with_trigger to 2024-05-24 00:00:00+00:00, run_after=2024-05-24 04:00:00+00:00
[2024-05-24T05:55:28.140+0000] {processor.py:183} INFO - Processing /home/airflow/.local/lib/python3.12/site-packages/airflow/example_dags/example_latest_only_with_trigger.py took 0.027 seconds
[2024-05-24T05:55:58.457+0000] {processor.py:161} INFO - Started process (PID=5883) to work on /home/airflow/.local/lib/python3.12/site-packages/airflow/example_dags/example_latest_only_with_trigger.py
[2024-05-24T05:55:58.458+0000] {processor.py:830} INFO - Processing file /home/airflow/.local/lib/python3.12/site-packages/airflow/example_dags/example_latest_only_with_trigger.py for tasks to queue
[2024-05-24T05:55:58.458+0000] {logging_mixin.py:188} INFO - [2024-05-24T05:55:58.458+0000] {dagbag.py:545} INFO - Filling up the DagBag from /home/airflow/.local/lib/python3.12/site-packages/airflow/example_dags/example_latest_only_with_trigger.py
[2024-05-24T05:55:58.460+0000] {processor.py:840} INFO - DAG(s) 'latest_only_with_trigger' retrieved from /home/airflow/.local/lib/python3.12/site-packages/airflow/example_dags/example_latest_only_with_trigger.py
[2024-05-24T05:55:58.468+0000] {logging_mixin.py:188} INFO - [2024-05-24T05:55:58.468+0000] {dag.py:3096} INFO - Sync 1 DAGs
[2024-05-24T05:55:58.475+0000] {logging_mixin.py:188} INFO - [2024-05-24T05:55:58.475+0000] {dag.py:3954} INFO - Setting next_dagrun for latest_only_with_trigger to 2024-05-24 00:00:00+00:00, run_after=2024-05-24 04:00:00+00:00
[2024-05-24T05:55:58.482+0000] {processor.py:183} INFO - Processing /home/airflow/.local/lib/python3.12/site-packages/airflow/example_dags/example_latest_only_with_trigger.py took 0.027 seconds
[2024-05-24T05:56:28.795+0000] {processor.py:161} INFO - Started process (PID=6145) to work on /home/airflow/.local/lib/python3.12/site-packages/airflow/example_dags/example_latest_only_with_trigger.py
[2024-05-24T05:56:28.796+0000] {processor.py:830} INFO - Processing file /home/airflow/.local/lib/python3.12/site-packages/airflow/example_dags/example_latest_only_with_trigger.py for tasks to queue
[2024-05-24T05:56:28.796+0000] {logging_mixin.py:188} INFO - [2024-05-24T05:56:28.796+0000] {dagbag.py:545} INFO - Filling up the DagBag from /home/airflow/.local/lib/python3.12/site-packages/airflow/example_dags/example_latest_only_with_trigger.py
[2024-05-24T05:56:28.799+0000] {processor.py:840} INFO - DAG(s) 'latest_only_with_trigger' retrieved from /home/airflow/.local/lib/python3.12/site-packages/airflow/example_dags/example_latest_only_with_trigger.py
[2024-05-24T05:56:28.806+0000] {logging_mixin.py:188} INFO - [2024-05-24T05:56:28.806+0000] {dag.py:3096} INFO - Sync 1 DAGs
[2024-05-24T05:56:28.814+0000] {logging_mixin.py:188} INFO - [2024-05-24T05:56:28.814+0000] {dag.py:3954} INFO - Setting next_dagrun for latest_only_with_trigger to 2024-05-24 00:00:00+00:00, run_after=2024-05-24 04:00:00+00:00
[2024-05-24T05:56:28.821+0000] {processor.py:183} INFO - Processing /home/airflow/.local/lib/python3.12/site-packages/airflow/example_dags/example_latest_only_with_trigger.py took 0.028 seconds
[2024-05-24T05:56:59.110+0000] {processor.py:161} INFO - Started process (PID=6407) to work on /home/airflow/.local/lib/python3.12/site-packages/airflow/example_dags/example_latest_only_with_trigger.py
[2024-05-24T05:56:59.110+0000] {processor.py:830} INFO - Processing file /home/airflow/.local/lib/python3.12/site-packages/airflow/example_dags/example_latest_only_with_trigger.py for tasks to queue
[2024-05-24T05:56:59.111+0000] {logging_mixin.py:188} INFO - [2024-05-24T05:56:59.111+0000] {dagbag.py:545} INFO - Filling up the DagBag from /home/airflow/.local/lib/python3.12/site-packages/airflow/example_dags/example_latest_only_with_trigger.py
[2024-05-24T05:56:59.113+0000] {processor.py:840} INFO - DAG(s) 'latest_only_with_trigger' retrieved from /home/airflow/.local/lib/python3.12/site-packages/airflow/example_dags/example_latest_only_with_trigger.py
[2024-05-24T05:56:59.121+0000] {logging_mixin.py:188} INFO - [2024-05-24T05:56:59.120+0000] {dag.py:3096} INFO - Sync 1 DAGs
[2024-05-24T05:56:59.129+0000] {logging_mixin.py:188} INFO - [2024-05-24T05:56:59.128+0000] {dag.py:3954} INFO - Setting next_dagrun for latest_only_with_trigger to 2024-05-24 00:00:00+00:00, run_after=2024-05-24 04:00:00+00:00
[2024-05-24T05:56:59.135+0000] {processor.py:183} INFO - Processing /home/airflow/.local/lib/python3.12/site-packages/airflow/example_dags/example_latest_only_with_trigger.py took 0.028 seconds
[2024-05-24T05:57:29.434+0000] {processor.py:161} INFO - Started process (PID=6669) to work on /home/airflow/.local/lib/python3.12/site-packages/airflow/example_dags/example_latest_only_with_trigger.py
[2024-05-24T05:57:29.434+0000] {processor.py:830} INFO - Processing file /home/airflow/.local/lib/python3.12/site-packages/airflow/example_dags/example_latest_only_with_trigger.py for tasks to queue
[2024-05-24T05:57:29.435+0000] {logging_mixin.py:188} INFO - [2024-05-24T05:57:29.435+0000] {dagbag.py:545} INFO - Filling up the DagBag from /home/airflow/.local/lib/python3.12/site-packages/airflow/example_dags/example_latest_only_with_trigger.py
[2024-05-24T05:57:29.437+0000] {processor.py:840} INFO - DAG(s) 'latest_only_with_trigger' retrieved from /home/airflow/.local/lib/python3.12/site-packages/airflow/example_dags/example_latest_only_with_trigger.py
[2024-05-24T05:57:29.445+0000] {logging_mixin.py:188} INFO - [2024-05-24T05:57:29.445+0000] {dag.py:3096} INFO - Sync 1 DAGs
[2024-05-24T05:57:29.453+0000] {logging_mixin.py:188} INFO - [2024-05-24T05:57:29.453+0000] {dag.py:3954} INFO - Setting next_dagrun for latest_only_with_trigger to 2024-05-24 00:00:00+00:00, run_after=2024-05-24 04:00:00+00:00
[2024-05-24T05:57:29.459+0000] {processor.py:183} INFO - Processing /home/airflow/.local/lib/python3.12/site-packages/airflow/example_dags/example_latest_only_with_trigger.py took 0.027 seconds
[2024-05-24T05:57:59.790+0000] {processor.py:161} INFO - Started process (PID=6931) to work on /home/airflow/.local/lib/python3.12/site-packages/airflow/example_dags/example_latest_only_with_trigger.py
[2024-05-24T05:57:59.790+0000] {processor.py:830} INFO - Processing file /home/airflow/.local/lib/python3.12/site-packages/airflow/example_dags/example_latest_only_with_trigger.py for tasks to queue
[2024-05-24T05:57:59.791+0000] {logging_mixin.py:188} INFO - [2024-05-24T05:57:59.791+0000] {dagbag.py:545} INFO - Filling up the DagBag from /home/airflow/.local/lib/python3.12/site-packages/airflow/example_dags/example_latest_only_with_trigger.py
[2024-05-24T05:57:59.793+0000] {processor.py:840} INFO - DAG(s) 'latest_only_with_trigger' retrieved from /home/airflow/.local/lib/python3.12/site-packages/airflow/example_dags/example_latest_only_with_trigger.py
[2024-05-24T05:57:59.802+0000] {logging_mixin.py:188} INFO - [2024-05-24T05:57:59.802+0000] {dag.py:3096} INFO - Sync 1 DAGs
[2024-05-24T05:57:59.810+0000] {logging_mixin.py:188} INFO - [2024-05-24T05:57:59.809+0000] {dag.py:3954} INFO - Setting next_dagrun for latest_only_with_trigger to 2024-05-24 00:00:00+00:00, run_after=2024-05-24 04:00:00+00:00
[2024-05-24T05:57:59.816+0000] {processor.py:183} INFO - Processing /home/airflow/.local/lib/python3.12/site-packages/airflow/example_dags/example_latest_only_with_trigger.py took 0.028 seconds
[2024-05-24T05:58:30.167+0000] {processor.py:161} INFO - Started process (PID=7193) to work on /home/airflow/.local/lib/python3.12/site-packages/airflow/example_dags/example_latest_only_with_trigger.py
[2024-05-24T05:58:30.167+0000] {processor.py:830} INFO - Processing file /home/airflow/.local/lib/python3.12/site-packages/airflow/example_dags/example_latest_only_with_trigger.py for tasks to queue
[2024-05-24T05:58:30.168+0000] {logging_mixin.py:188} INFO - [2024-05-24T05:58:30.168+0000] {dagbag.py:545} INFO - Filling up the DagBag from /home/airflow/.local/lib/python3.12/site-packages/airflow/example_dags/example_latest_only_with_trigger.py
[2024-05-24T05:58:30.170+0000] {processor.py:840} INFO - DAG(s) 'latest_only_with_trigger' retrieved from /home/airflow/.local/lib/python3.12/site-packages/airflow/example_dags/example_latest_only_with_trigger.py
[2024-05-24T05:58:30.178+0000] {logging_mixin.py:188} INFO - [2024-05-24T05:58:30.178+0000] {dag.py:3096} INFO - Sync 1 DAGs
[2024-05-24T05:58:30.185+0000] {logging_mixin.py:188} INFO - [2024-05-24T05:58:30.185+0000] {dag.py:3954} INFO - Setting next_dagrun for latest_only_with_trigger to 2024-05-24 00:00:00+00:00, run_after=2024-05-24 04:00:00+00:00
[2024-05-24T05:58:30.191+0000] {processor.py:183} INFO - Processing /home/airflow/.local/lib/python3.12/site-packages/airflow/example_dags/example_latest_only_with_trigger.py took 0.027 seconds
[2024-05-24T06:13:53.537+0000] {processor.py:161} INFO - Started process (PID=7455) to work on /home/airflow/.local/lib/python3.12/site-packages/airflow/example_dags/example_latest_only_with_trigger.py
[2024-05-24T06:13:53.537+0000] {processor.py:830} INFO - Processing file /home/airflow/.local/lib/python3.12/site-packages/airflow/example_dags/example_latest_only_with_trigger.py for tasks to queue
[2024-05-24T06:13:53.538+0000] {logging_mixin.py:188} INFO - [2024-05-24T06:13:53.538+0000] {dagbag.py:545} INFO - Filling up the DagBag from /home/airflow/.local/lib/python3.12/site-packages/airflow/example_dags/example_latest_only_with_trigger.py
[2024-05-24T06:13:53.540+0000] {processor.py:840} INFO - DAG(s) 'latest_only_with_trigger' retrieved from /home/airflow/.local/lib/python3.12/site-packages/airflow/example_dags/example_latest_only_with_trigger.py
[2024-05-24T06:13:53.548+0000] {logging_mixin.py:188} INFO - [2024-05-24T06:13:53.548+0000] {dag.py:3096} INFO - Sync 1 DAGs
[2024-05-24T06:13:53.556+0000] {logging_mixin.py:188} INFO - [2024-05-24T06:13:53.556+0000] {dag.py:3954} INFO - Setting next_dagrun for latest_only_with_trigger to 2024-05-24 00:00:00+00:00, run_after=2024-05-24 04:00:00+00:00
[2024-05-24T06:13:53.562+0000] {processor.py:183} INFO - Processing /home/airflow/.local/lib/python3.12/site-packages/airflow/example_dags/example_latest_only_with_trigger.py took 0.028 seconds
[2024-05-24T06:26:10.395+0000] {processor.py:161} INFO - Started process (PID=7716) to work on /home/airflow/.local/lib/python3.12/site-packages/airflow/example_dags/example_latest_only_with_trigger.py
[2024-05-24T06:26:10.395+0000] {processor.py:830} INFO - Processing file /home/airflow/.local/lib/python3.12/site-packages/airflow/example_dags/example_latest_only_with_trigger.py for tasks to queue
[2024-05-24T06:26:10.396+0000] {logging_mixin.py:188} INFO - [2024-05-24T06:26:10.396+0000] {dagbag.py:545} INFO - Filling up the DagBag from /home/airflow/.local/lib/python3.12/site-packages/airflow/example_dags/example_latest_only_with_trigger.py
[2024-05-24T06:26:10.398+0000] {processor.py:840} INFO - DAG(s) 'latest_only_with_trigger' retrieved from /home/airflow/.local/lib/python3.12/site-packages/airflow/example_dags/example_latest_only_with_trigger.py
[2024-05-24T06:26:10.406+0000] {logging_mixin.py:188} INFO - [2024-05-24T06:26:10.406+0000] {dag.py:3096} INFO - Sync 1 DAGs
[2024-05-24T06:26:10.413+0000] {logging_mixin.py:188} INFO - [2024-05-24T06:26:10.413+0000] {dag.py:3954} INFO - Setting next_dagrun for latest_only_with_trigger to 2024-05-24 00:00:00+00:00, run_after=2024-05-24 04:00:00+00:00
[2024-05-24T06:26:10.419+0000] {processor.py:183} INFO - Processing /home/airflow/.local/lib/python3.12/site-packages/airflow/example_dags/example_latest_only_with_trigger.py took 0.027 seconds
[2024-05-24T06:26:40.828+0000] {processor.py:161} INFO - Started process (PID=7977) to work on /home/airflow/.local/lib/python3.12/site-packages/airflow/example_dags/example_latest_only_with_trigger.py
[2024-05-24T06:26:40.828+0000] {processor.py:830} INFO - Processing file /home/airflow/.local/lib/python3.12/site-packages/airflow/example_dags/example_latest_only_with_trigger.py for tasks to queue
[2024-05-24T06:26:40.829+0000] {logging_mixin.py:188} INFO - [2024-05-24T06:26:40.829+0000] {dagbag.py:545} INFO - Filling up the DagBag from /home/airflow/.local/lib/python3.12/site-packages/airflow/example_dags/example_latest_only_with_trigger.py
[2024-05-24T06:26:40.831+0000] {processor.py:840} INFO - DAG(s) 'latest_only_with_trigger' retrieved from /home/airflow/.local/lib/python3.12/site-packages/airflow/example_dags/example_latest_only_with_trigger.py
[2024-05-24T06:26:40.838+0000] {logging_mixin.py:188} INFO - [2024-05-24T06:26:40.838+0000] {dag.py:3096} INFO - Sync 1 DAGs
[2024-05-24T06:26:40.845+0000] {logging_mixin.py:188} INFO - [2024-05-24T06:26:40.845+0000] {dag.py:3954} INFO - Setting next_dagrun for latest_only_with_trigger to 2024-05-24 00:00:00+00:00, run_after=2024-05-24 04:00:00+00:00
[2024-05-24T06:26:40.851+0000] {processor.py:183} INFO - Processing /home/airflow/.local/lib/python3.12/site-packages/airflow/example_dags/example_latest_only_with_trigger.py took 0.026 seconds
[2024-05-24T06:27:11.267+0000] {processor.py:161} INFO - Started process (PID=8239) to work on /home/airflow/.local/lib/python3.12/site-packages/airflow/example_dags/example_latest_only_with_trigger.py
[2024-05-24T06:27:11.267+0000] {processor.py:830} INFO - Processing file /home/airflow/.local/lib/python3.12/site-packages/airflow/example_dags/example_latest_only_with_trigger.py for tasks to queue
[2024-05-24T06:27:11.268+0000] {logging_mixin.py:188} INFO - [2024-05-24T06:27:11.268+0000] {dagbag.py:545} INFO - Filling up the DagBag from /home/airflow/.local/lib/python3.12/site-packages/airflow/example_dags/example_latest_only_with_trigger.py
[2024-05-24T06:27:11.270+0000] {processor.py:840} INFO - DAG(s) 'latest_only_with_trigger' retrieved from /home/airflow/.local/lib/python3.12/site-packages/airflow/example_dags/example_latest_only_with_trigger.py
[2024-05-24T06:27:11.278+0000] {logging_mixin.py:188} INFO - [2024-05-24T06:27:11.278+0000] {dag.py:3096} INFO - Sync 1 DAGs
[2024-05-24T06:27:11.286+0000] {logging_mixin.py:188} INFO - [2024-05-24T06:27:11.286+0000] {dag.py:3954} INFO - Setting next_dagrun for latest_only_with_trigger to 2024-05-24 00:00:00+00:00, run_after=2024-05-24 04:00:00+00:00
[2024-05-24T06:27:11.292+0000] {processor.py:183} INFO - Processing /home/airflow/.local/lib/python3.12/site-packages/airflow/example_dags/example_latest_only_with_trigger.py took 0.027 seconds
[2024-05-24T06:28:26.410+0000] {processor.py:161} INFO - Started process (PID=8501) to work on /home/airflow/.local/lib/python3.12/site-packages/airflow/example_dags/example_latest_only_with_trigger.py
[2024-05-24T06:28:26.410+0000] {processor.py:830} INFO - Processing file /home/airflow/.local/lib/python3.12/site-packages/airflow/example_dags/example_latest_only_with_trigger.py for tasks to queue
[2024-05-24T06:28:26.411+0000] {logging_mixin.py:188} INFO - [2024-05-24T06:28:26.411+0000] {dagbag.py:545} INFO - Filling up the DagBag from /home/airflow/.local/lib/python3.12/site-packages/airflow/example_dags/example_latest_only_with_trigger.py
[2024-05-24T06:28:26.413+0000] {processor.py:840} INFO - DAG(s) 'latest_only_with_trigger' retrieved from /home/airflow/.local/lib/python3.12/site-packages/airflow/example_dags/example_latest_only_with_trigger.py
[2024-05-24T06:28:26.422+0000] {logging_mixin.py:188} INFO - [2024-05-24T06:28:26.422+0000] {dag.py:3096} INFO - Sync 1 DAGs
[2024-05-24T06:28:26.430+0000] {logging_mixin.py:188} INFO - [2024-05-24T06:28:26.430+0000] {dag.py:3954} INFO - Setting next_dagrun for latest_only_with_trigger to 2024-05-24 00:00:00+00:00, run_after=2024-05-24 04:00:00+00:00
[2024-05-24T06:28:26.437+0000] {processor.py:183} INFO - Processing /home/airflow/.local/lib/python3.12/site-packages/airflow/example_dags/example_latest_only_with_trigger.py took 0.030 seconds
[2024-05-24T06:28:56.766+0000] {processor.py:161} INFO - Started process (PID=8763) to work on /home/airflow/.local/lib/python3.12/site-packages/airflow/example_dags/example_latest_only_with_trigger.py
[2024-05-24T06:28:56.766+0000] {processor.py:830} INFO - Processing file /home/airflow/.local/lib/python3.12/site-packages/airflow/example_dags/example_latest_only_with_trigger.py for tasks to queue
[2024-05-24T06:28:56.767+0000] {logging_mixin.py:188} INFO - [2024-05-24T06:28:56.767+0000] {dagbag.py:545} INFO - Filling up the DagBag from /home/airflow/.local/lib/python3.12/site-packages/airflow/example_dags/example_latest_only_with_trigger.py
[2024-05-24T06:28:56.769+0000] {processor.py:840} INFO - DAG(s) 'latest_only_with_trigger' retrieved from /home/airflow/.local/lib/python3.12/site-packages/airflow/example_dags/example_latest_only_with_trigger.py
[2024-05-24T06:28:56.777+0000] {logging_mixin.py:188} INFO - [2024-05-24T06:28:56.777+0000] {dag.py:3096} INFO - Sync 1 DAGs
[2024-05-24T06:28:56.784+0000] {logging_mixin.py:188} INFO - [2024-05-24T06:28:56.784+0000] {dag.py:3954} INFO - Setting next_dagrun for latest_only_with_trigger to 2024-05-24 00:00:00+00:00, run_after=2024-05-24 04:00:00+00:00
[2024-05-24T06:28:56.790+0000] {processor.py:183} INFO - Processing /home/airflow/.local/lib/python3.12/site-packages/airflow/example_dags/example_latest_only_with_trigger.py took 0.027 seconds
[2024-05-24T06:29:27.252+0000] {processor.py:161} INFO - Started process (PID=9025) to work on /home/airflow/.local/lib/python3.12/site-packages/airflow/example_dags/example_latest_only_with_trigger.py
[2024-05-24T06:29:27.252+0000] {processor.py:830} INFO - Processing file /home/airflow/.local/lib/python3.12/site-packages/airflow/example_dags/example_latest_only_with_trigger.py for tasks to queue
[2024-05-24T06:29:27.253+0000] {logging_mixin.py:188} INFO - [2024-05-24T06:29:27.253+0000] {dagbag.py:545} INFO - Filling up the DagBag from /home/airflow/.local/lib/python3.12/site-packages/airflow/example_dags/example_latest_only_with_trigger.py
[2024-05-24T06:29:27.255+0000] {processor.py:840} INFO - DAG(s) 'latest_only_with_trigger' retrieved from /home/airflow/.local/lib/python3.12/site-packages/airflow/example_dags/example_latest_only_with_trigger.py
[2024-05-24T06:29:27.263+0000] {logging_mixin.py:188} INFO - [2024-05-24T06:29:27.263+0000] {dag.py:3096} INFO - Sync 1 DAGs
[2024-05-24T06:29:27.271+0000] {logging_mixin.py:188} INFO - [2024-05-24T06:29:27.271+0000] {dag.py:3954} INFO - Setting next_dagrun for latest_only_with_trigger to 2024-05-24 00:00:00+00:00, run_after=2024-05-24 04:00:00+00:00
[2024-05-24T06:29:27.278+0000] {processor.py:183} INFO - Processing /home/airflow/.local/lib/python3.12/site-packages/airflow/example_dags/example_latest_only_with_trigger.py took 0.028 seconds
[2024-05-24T06:29:57.623+0000] {processor.py:161} INFO - Started process (PID=9287) to work on /home/airflow/.local/lib/python3.12/site-packages/airflow/example_dags/example_latest_only_with_trigger.py
[2024-05-24T06:29:57.623+0000] {processor.py:830} INFO - Processing file /home/airflow/.local/lib/python3.12/site-packages/airflow/example_dags/example_latest_only_with_trigger.py for tasks to queue
[2024-05-24T06:29:57.624+0000] {logging_mixin.py:188} INFO - [2024-05-24T06:29:57.624+0000] {dagbag.py:545} INFO - Filling up the DagBag from /home/airflow/.local/lib/python3.12/site-packages/airflow/example_dags/example_latest_only_with_trigger.py
[2024-05-24T06:29:57.626+0000] {processor.py:840} INFO - DAG(s) 'latest_only_with_trigger' retrieved from /home/airflow/.local/lib/python3.12/site-packages/airflow/example_dags/example_latest_only_with_trigger.py
[2024-05-24T06:29:57.634+0000] {logging_mixin.py:188} INFO - [2024-05-24T06:29:57.633+0000] {dag.py:3096} INFO - Sync 1 DAGs
[2024-05-24T06:29:57.641+0000] {logging_mixin.py:188} INFO - [2024-05-24T06:29:57.641+0000] {dag.py:3954} INFO - Setting next_dagrun for latest_only_with_trigger to 2024-05-24 00:00:00+00:00, run_after=2024-05-24 04:00:00+00:00
[2024-05-24T06:29:57.648+0000] {processor.py:183} INFO - Processing /home/airflow/.local/lib/python3.12/site-packages/airflow/example_dags/example_latest_only_with_trigger.py took 0.027 seconds
[2024-05-24T06:32:51.263+0000] {processor.py:161} INFO - Started process (PID=9549) to work on /home/airflow/.local/lib/python3.12/site-packages/airflow/example_dags/example_latest_only_with_trigger.py
[2024-05-24T06:32:51.263+0000] {processor.py:830} INFO - Processing file /home/airflow/.local/lib/python3.12/site-packages/airflow/example_dags/example_latest_only_with_trigger.py for tasks to queue
[2024-05-24T06:32:51.264+0000] {logging_mixin.py:188} INFO - [2024-05-24T06:32:51.264+0000] {dagbag.py:545} INFO - Filling up the DagBag from /home/airflow/.local/lib/python3.12/site-packages/airflow/example_dags/example_latest_only_with_trigger.py
[2024-05-24T06:32:51.266+0000] {processor.py:840} INFO - DAG(s) 'latest_only_with_trigger' retrieved from /home/airflow/.local/lib/python3.12/site-packages/airflow/example_dags/example_latest_only_with_trigger.py
[2024-05-24T06:32:51.274+0000] {logging_mixin.py:188} INFO - [2024-05-24T06:32:51.274+0000] {dag.py:3096} INFO - Sync 1 DAGs
[2024-05-24T06:32:51.282+0000] {logging_mixin.py:188} INFO - [2024-05-24T06:32:51.282+0000] {dag.py:3954} INFO - Setting next_dagrun for latest_only_with_trigger to 2024-05-24 00:00:00+00:00, run_after=2024-05-24 04:00:00+00:00
[2024-05-24T06:32:51.289+0000] {processor.py:183} INFO - Processing /home/airflow/.local/lib/python3.12/site-packages/airflow/example_dags/example_latest_only_with_trigger.py took 0.028 seconds
[2024-05-24T06:34:34.454+0000] {processor.py:161} INFO - Started process (PID=9811) to work on /home/airflow/.local/lib/python3.12/site-packages/airflow/example_dags/example_latest_only_with_trigger.py
[2024-05-24T06:34:34.455+0000] {processor.py:830} INFO - Processing file /home/airflow/.local/lib/python3.12/site-packages/airflow/example_dags/example_latest_only_with_trigger.py for tasks to queue
[2024-05-24T06:34:34.455+0000] {logging_mixin.py:188} INFO - [2024-05-24T06:34:34.455+0000] {dagbag.py:545} INFO - Filling up the DagBag from /home/airflow/.local/lib/python3.12/site-packages/airflow/example_dags/example_latest_only_with_trigger.py
[2024-05-24T06:34:34.458+0000] {processor.py:840} INFO - DAG(s) 'latest_only_with_trigger' retrieved from /home/airflow/.local/lib/python3.12/site-packages/airflow/example_dags/example_latest_only_with_trigger.py
[2024-05-24T06:34:34.466+0000] {logging_mixin.py:188} INFO - [2024-05-24T06:34:34.466+0000] {dag.py:3096} INFO - Sync 1 DAGs
[2024-05-24T06:34:34.474+0000] {logging_mixin.py:188} INFO - [2024-05-24T06:34:34.474+0000] {dag.py:3954} INFO - Setting next_dagrun for latest_only_with_trigger to 2024-05-24 00:00:00+00:00, run_after=2024-05-24 04:00:00+00:00
[2024-05-24T06:34:34.481+0000] {processor.py:183} INFO - Processing /home/airflow/.local/lib/python3.12/site-packages/airflow/example_dags/example_latest_only_with_trigger.py took 0.030 seconds
[2024-05-24T06:35:04.987+0000] {processor.py:161} INFO - Started process (PID=10073) to work on /home/airflow/.local/lib/python3.12/site-packages/airflow/example_dags/example_latest_only_with_trigger.py
[2024-05-24T06:35:04.987+0000] {processor.py:830} INFO - Processing file /home/airflow/.local/lib/python3.12/site-packages/airflow/example_dags/example_latest_only_with_trigger.py for tasks to queue
[2024-05-24T06:35:04.988+0000] {logging_mixin.py:188} INFO - [2024-05-24T06:35:04.988+0000] {dagbag.py:545} INFO - Filling up the DagBag from /home/airflow/.local/lib/python3.12/site-packages/airflow/example_dags/example_latest_only_with_trigger.py
[2024-05-24T06:35:04.990+0000] {processor.py:840} INFO - DAG(s) 'latest_only_with_trigger' retrieved from /home/airflow/.local/lib/python3.12/site-packages/airflow/example_dags/example_latest_only_with_trigger.py
[2024-05-24T06:35:04.998+0000] {logging_mixin.py:188} INFO - [2024-05-24T06:35:04.998+0000] {dag.py:3096} INFO - Sync 1 DAGs
[2024-05-24T06:35:05.006+0000] {logging_mixin.py:188} INFO - [2024-05-24T06:35:05.006+0000] {dag.py:3954} INFO - Setting next_dagrun for latest_only_with_trigger to 2024-05-24 00:00:00+00:00, run_after=2024-05-24 04:00:00+00:00
[2024-05-24T06:35:05.012+0000] {processor.py:183} INFO - Processing /home/airflow/.local/lib/python3.12/site-packages/airflow/example_dags/example_latest_only_with_trigger.py took 0.028 seconds
[2024-05-24T06:50:34.699+0000] {processor.py:161} INFO - Started process (PID=10335) to work on /home/airflow/.local/lib/python3.12/site-packages/airflow/example_dags/example_latest_only_with_trigger.py
[2024-05-24T06:50:34.699+0000] {processor.py:830} INFO - Processing file /home/airflow/.local/lib/python3.12/site-packages/airflow/example_dags/example_latest_only_with_trigger.py for tasks to queue
[2024-05-24T06:50:34.700+0000] {logging_mixin.py:188} INFO - [2024-05-24T06:50:34.700+0000] {dagbag.py:545} INFO - Filling up the DagBag from /home/airflow/.local/lib/python3.12/site-packages/airflow/example_dags/example_latest_only_with_trigger.py
[2024-05-24T06:50:34.702+0000] {processor.py:840} INFO - DAG(s) 'latest_only_with_trigger' retrieved from /home/airflow/.local/lib/python3.12/site-packages/airflow/example_dags/example_latest_only_with_trigger.py
[2024-05-24T06:50:34.709+0000] {logging_mixin.py:188} INFO - [2024-05-24T06:50:34.709+0000] {dag.py:3096} INFO - Sync 1 DAGs
[2024-05-24T06:50:34.717+0000] {logging_mixin.py:188} INFO - [2024-05-24T06:50:34.717+0000] {dag.py:3954} INFO - Setting next_dagrun for latest_only_with_trigger to 2024-05-24 00:00:00+00:00, run_after=2024-05-24 04:00:00+00:00
[2024-05-24T06:50:34.723+0000] {processor.py:183} INFO - Processing /home/airflow/.local/lib/python3.12/site-packages/airflow/example_dags/example_latest_only_with_trigger.py took 0.027 seconds
[2024-05-24T07:06:11.331+0000] {processor.py:161} INFO - Started process (PID=10599) to work on /home/airflow/.local/lib/python3.12/site-packages/airflow/example_dags/example_latest_only_with_trigger.py
[2024-05-24T07:06:11.332+0000] {processor.py:830} INFO - Processing file /home/airflow/.local/lib/python3.12/site-packages/airflow/example_dags/example_latest_only_with_trigger.py for tasks to queue
[2024-05-24T07:06:11.333+0000] {logging_mixin.py:188} INFO - [2024-05-24T07:06:11.332+0000] {dagbag.py:545} INFO - Filling up the DagBag from /home/airflow/.local/lib/python3.12/site-packages/airflow/example_dags/example_latest_only_with_trigger.py
[2024-05-24T07:06:11.334+0000] {processor.py:840} INFO - DAG(s) 'latest_only_with_trigger' retrieved from /home/airflow/.local/lib/python3.12/site-packages/airflow/example_dags/example_latest_only_with_trigger.py
[2024-05-24T07:06:11.342+0000] {logging_mixin.py:188} INFO - [2024-05-24T07:06:11.342+0000] {dag.py:3096} INFO - Sync 1 DAGs
[2024-05-24T07:06:11.349+0000] {logging_mixin.py:188} INFO - [2024-05-24T07:06:11.349+0000] {dag.py:3954} INFO - Setting next_dagrun for latest_only_with_trigger to 2024-05-24 00:00:00+00:00, run_after=2024-05-24 04:00:00+00:00
[2024-05-24T07:06:11.355+0000] {processor.py:183} INFO - Processing /home/airflow/.local/lib/python3.12/site-packages/airflow/example_dags/example_latest_only_with_trigger.py took 0.026 seconds
[2024-05-24T07:30:09.570+0000] {processor.py:161} INFO - Started process (PID=10859) to work on /home/airflow/.local/lib/python3.12/site-packages/airflow/example_dags/example_latest_only_with_trigger.py
[2024-05-24T07:30:09.571+0000] {processor.py:830} INFO - Processing file /home/airflow/.local/lib/python3.12/site-packages/airflow/example_dags/example_latest_only_with_trigger.py for tasks to queue
[2024-05-24T07:30:09.571+0000] {logging_mixin.py:188} INFO - [2024-05-24T07:30:09.571+0000] {dagbag.py:545} INFO - Filling up the DagBag from /home/airflow/.local/lib/python3.12/site-packages/airflow/example_dags/example_latest_only_with_trigger.py
[2024-05-24T07:30:09.574+0000] {processor.py:840} INFO - DAG(s) 'latest_only_with_trigger' retrieved from /home/airflow/.local/lib/python3.12/site-packages/airflow/example_dags/example_latest_only_with_trigger.py
[2024-05-24T07:30:09.582+0000] {logging_mixin.py:188} INFO - [2024-05-24T07:30:09.582+0000] {dag.py:3096} INFO - Sync 1 DAGs
[2024-05-24T07:30:09.590+0000] {logging_mixin.py:188} INFO - [2024-05-24T07:30:09.590+0000] {dag.py:3954} INFO - Setting next_dagrun for latest_only_with_trigger to 2024-05-24 00:00:00+00:00, run_after=2024-05-24 04:00:00+00:00
[2024-05-24T07:30:09.596+0000] {processor.py:183} INFO - Processing /home/airflow/.local/lib/python3.12/site-packages/airflow/example_dags/example_latest_only_with_trigger.py took 0.028 seconds
[2024-05-24T07:30:41.110+0000] {processor.py:161} INFO - Started process (PID=11121) to work on /home/airflow/.local/lib/python3.12/site-packages/airflow/example_dags/example_latest_only_with_trigger.py
[2024-05-24T07:30:41.110+0000] {processor.py:830} INFO - Processing file /home/airflow/.local/lib/python3.12/site-packages/airflow/example_dags/example_latest_only_with_trigger.py for tasks to queue
[2024-05-24T07:30:41.111+0000] {logging_mixin.py:188} INFO - [2024-05-24T07:30:41.111+0000] {dagbag.py:545} INFO - Filling up the DagBag from /home/airflow/.local/lib/python3.12/site-packages/airflow/example_dags/example_latest_only_with_trigger.py
[2024-05-24T07:30:41.179+0000] {processor.py:840} INFO - DAG(s) 'latest_only_with_trigger' retrieved from /home/airflow/.local/lib/python3.12/site-packages/airflow/example_dags/example_latest_only_with_trigger.py
[2024-05-24T07:30:41.186+0000] {logging_mixin.py:188} INFO - [2024-05-24T07:30:41.186+0000] {dag.py:3096} INFO - Sync 1 DAGs
[2024-05-24T07:30:41.192+0000] {logging_mixin.py:188} INFO - [2024-05-24T07:30:41.192+0000] {dag.py:3954} INFO - Setting next_dagrun for latest_only_with_trigger to 2024-05-24 00:00:00+00:00, run_after=2024-05-24 04:00:00+00:00
[2024-05-24T07:30:41.198+0000] {processor.py:183} INFO - Processing /home/airflow/.local/lib/python3.12/site-packages/airflow/example_dags/example_latest_only_with_trigger.py took 0.091 seconds
[2024-05-24T07:31:11.690+0000] {processor.py:161} INFO - Started process (PID=11385) to work on /home/airflow/.local/lib/python3.12/site-packages/airflow/example_dags/example_latest_only_with_trigger.py
[2024-05-24T07:31:11.691+0000] {processor.py:830} INFO - Processing file /home/airflow/.local/lib/python3.12/site-packages/airflow/example_dags/example_latest_only_with_trigger.py for tasks to queue
[2024-05-24T07:31:11.691+0000] {logging_mixin.py:188} INFO - [2024-05-24T07:31:11.691+0000] {dagbag.py:545} INFO - Filling up the DagBag from /home/airflow/.local/lib/python3.12/site-packages/airflow/example_dags/example_latest_only_with_trigger.py
[2024-05-24T07:31:11.694+0000] {processor.py:840} INFO - DAG(s) 'latest_only_with_trigger' retrieved from /home/airflow/.local/lib/python3.12/site-packages/airflow/example_dags/example_latest_only_with_trigger.py
[2024-05-24T07:31:11.701+0000] {logging_mixin.py:188} INFO - [2024-05-24T07:31:11.701+0000] {dag.py:3096} INFO - Sync 1 DAGs
[2024-05-24T07:31:11.708+0000] {logging_mixin.py:188} INFO - [2024-05-24T07:31:11.708+0000] {dag.py:3954} INFO - Setting next_dagrun for latest_only_with_trigger to 2024-05-24 00:00:00+00:00, run_after=2024-05-24 04:00:00+00:00
[2024-05-24T07:31:11.715+0000] {processor.py:183} INFO - Processing /home/airflow/.local/lib/python3.12/site-packages/airflow/example_dags/example_latest_only_with_trigger.py took 0.027 seconds
[2024-05-24T07:31:42.078+0000] {processor.py:161} INFO - Started process (PID=11645) to work on /home/airflow/.local/lib/python3.12/site-packages/airflow/example_dags/example_latest_only_with_trigger.py
[2024-05-24T07:31:42.079+0000] {processor.py:830} INFO - Processing file /home/airflow/.local/lib/python3.12/site-packages/airflow/example_dags/example_latest_only_with_trigger.py for tasks to queue
[2024-05-24T07:31:42.079+0000] {logging_mixin.py:188} INFO - [2024-05-24T07:31:42.079+0000] {dagbag.py:545} INFO - Filling up the DagBag from /home/airflow/.local/lib/python3.12/site-packages/airflow/example_dags/example_latest_only_with_trigger.py
[2024-05-24T07:31:42.082+0000] {processor.py:840} INFO - DAG(s) 'latest_only_with_trigger' retrieved from /home/airflow/.local/lib/python3.12/site-packages/airflow/example_dags/example_latest_only_with_trigger.py
[2024-05-24T07:31:42.090+0000] {logging_mixin.py:188} INFO - [2024-05-24T07:31:42.090+0000] {dag.py:3096} INFO - Sync 1 DAGs
[2024-05-24T07:31:42.098+0000] {logging_mixin.py:188} INFO - [2024-05-24T07:31:42.098+0000] {dag.py:3954} INFO - Setting next_dagrun for latest_only_with_trigger to 2024-05-24 00:00:00+00:00, run_after=2024-05-24 04:00:00+00:00
[2024-05-24T07:31:42.106+0000] {processor.py:183} INFO - Processing /home/airflow/.local/lib/python3.12/site-packages/airflow/example_dags/example_latest_only_with_trigger.py took 0.030 seconds
[2024-05-24T07:32:12.445+0000] {processor.py:161} INFO - Started process (PID=11907) to work on /home/airflow/.local/lib/python3.12/site-packages/airflow/example_dags/example_latest_only_with_trigger.py
[2024-05-24T07:32:12.445+0000] {processor.py:830} INFO - Processing file /home/airflow/.local/lib/python3.12/site-packages/airflow/example_dags/example_latest_only_with_trigger.py for tasks to queue
[2024-05-24T07:32:12.446+0000] {logging_mixin.py:188} INFO - [2024-05-24T07:32:12.446+0000] {dagbag.py:545} INFO - Filling up the DagBag from /home/airflow/.local/lib/python3.12/site-packages/airflow/example_dags/example_latest_only_with_trigger.py
[2024-05-24T07:32:12.448+0000] {processor.py:840} INFO - DAG(s) 'latest_only_with_trigger' retrieved from /home/airflow/.local/lib/python3.12/site-packages/airflow/example_dags/example_latest_only_with_trigger.py
[2024-05-24T07:32:12.455+0000] {logging_mixin.py:188} INFO - [2024-05-24T07:32:12.455+0000] {dag.py:3096} INFO - Sync 1 DAGs
[2024-05-24T07:32:12.462+0000] {logging_mixin.py:188} INFO - [2024-05-24T07:32:12.462+0000] {dag.py:3954} INFO - Setting next_dagrun for latest_only_with_trigger to 2024-05-24 00:00:00+00:00, run_after=2024-05-24 04:00:00+00:00
[2024-05-24T07:32:12.468+0000] {processor.py:183} INFO - Processing /home/airflow/.local/lib/python3.12/site-packages/airflow/example_dags/example_latest_only_with_trigger.py took 0.026 seconds
[2024-05-24T07:32:59.226+0000] {processor.py:161} INFO - Started process (PID=12169) to work on /home/airflow/.local/lib/python3.12/site-packages/airflow/example_dags/example_latest_only_with_trigger.py
[2024-05-24T07:32:59.226+0000] {processor.py:830} INFO - Processing file /home/airflow/.local/lib/python3.12/site-packages/airflow/example_dags/example_latest_only_with_trigger.py for tasks to queue
[2024-05-24T07:32:59.227+0000] {logging_mixin.py:188} INFO - [2024-05-24T07:32:59.227+0000] {dagbag.py:545} INFO - Filling up the DagBag from /home/airflow/.local/lib/python3.12/site-packages/airflow/example_dags/example_latest_only_with_trigger.py
[2024-05-24T07:32:59.230+0000] {processor.py:840} INFO - DAG(s) 'latest_only_with_trigger' retrieved from /home/airflow/.local/lib/python3.12/site-packages/airflow/example_dags/example_latest_only_with_trigger.py
[2024-05-24T07:32:59.237+0000] {logging_mixin.py:188} INFO - [2024-05-24T07:32:59.237+0000] {dag.py:3096} INFO - Sync 1 DAGs
[2024-05-24T07:32:59.246+0000] {logging_mixin.py:188} INFO - [2024-05-24T07:32:59.246+0000] {dag.py:3954} INFO - Setting next_dagrun for latest_only_with_trigger to 2024-05-24 00:00:00+00:00, run_after=2024-05-24 04:00:00+00:00
[2024-05-24T07:32:59.252+0000] {processor.py:183} INFO - Processing /home/airflow/.local/lib/python3.12/site-packages/airflow/example_dags/example_latest_only_with_trigger.py took 0.028 seconds
[2024-05-24T07:33:29.595+0000] {processor.py:161} INFO - Started process (PID=12431) to work on /home/airflow/.local/lib/python3.12/site-packages/airflow/example_dags/example_latest_only_with_trigger.py
[2024-05-24T07:33:29.595+0000] {processor.py:830} INFO - Processing file /home/airflow/.local/lib/python3.12/site-packages/airflow/example_dags/example_latest_only_with_trigger.py for tasks to queue
[2024-05-24T07:33:29.596+0000] {logging_mixin.py:188} INFO - [2024-05-24T07:33:29.596+0000] {dagbag.py:545} INFO - Filling up the DagBag from /home/airflow/.local/lib/python3.12/site-packages/airflow/example_dags/example_latest_only_with_trigger.py
[2024-05-24T07:33:29.599+0000] {processor.py:840} INFO - DAG(s) 'latest_only_with_trigger' retrieved from /home/airflow/.local/lib/python3.12/site-packages/airflow/example_dags/example_latest_only_with_trigger.py
[2024-05-24T07:33:29.607+0000] {logging_mixin.py:188} INFO - [2024-05-24T07:33:29.607+0000] {dag.py:3096} INFO - Sync 1 DAGs
[2024-05-24T07:33:29.615+0000] {logging_mixin.py:188} INFO - [2024-05-24T07:33:29.615+0000] {dag.py:3954} INFO - Setting next_dagrun for latest_only_with_trigger to 2024-05-24 00:00:00+00:00, run_after=2024-05-24 04:00:00+00:00
[2024-05-24T07:33:29.621+0000] {processor.py:183} INFO - Processing /home/airflow/.local/lib/python3.12/site-packages/airflow/example_dags/example_latest_only_with_trigger.py took 0.029 seconds
[2024-05-24T07:33:59.920+0000] {processor.py:161} INFO - Started process (PID=12693) to work on /home/airflow/.local/lib/python3.12/site-packages/airflow/example_dags/example_latest_only_with_trigger.py
[2024-05-24T07:33:59.920+0000] {processor.py:830} INFO - Processing file /home/airflow/.local/lib/python3.12/site-packages/airflow/example_dags/example_latest_only_with_trigger.py for tasks to queue
[2024-05-24T07:33:59.921+0000] {logging_mixin.py:188} INFO - [2024-05-24T07:33:59.921+0000] {dagbag.py:545} INFO - Filling up the DagBag from /home/airflow/.local/lib/python3.12/site-packages/airflow/example_dags/example_latest_only_with_trigger.py
[2024-05-24T07:33:59.923+0000] {processor.py:840} INFO - DAG(s) 'latest_only_with_trigger' retrieved from /home/airflow/.local/lib/python3.12/site-packages/airflow/example_dags/example_latest_only_with_trigger.py
[2024-05-24T07:33:59.933+0000] {logging_mixin.py:188} INFO - [2024-05-24T07:33:59.933+0000] {dag.py:3096} INFO - Sync 1 DAGs
[2024-05-24T07:33:59.941+0000] {logging_mixin.py:188} INFO - [2024-05-24T07:33:59.941+0000] {dag.py:3954} INFO - Setting next_dagrun for latest_only_with_trigger to 2024-05-24 00:00:00+00:00, run_after=2024-05-24 04:00:00+00:00
[2024-05-24T07:33:59.948+0000] {processor.py:183} INFO - Processing /home/airflow/.local/lib/python3.12/site-packages/airflow/example_dags/example_latest_only_with_trigger.py took 0.031 seconds
[2024-05-24T07:34:30.423+0000] {processor.py:161} INFO - Started process (PID=12956) to work on /home/airflow/.local/lib/python3.12/site-packages/airflow/example_dags/example_latest_only_with_trigger.py
[2024-05-24T07:34:30.423+0000] {processor.py:830} INFO - Processing file /home/airflow/.local/lib/python3.12/site-packages/airflow/example_dags/example_latest_only_with_trigger.py for tasks to queue
[2024-05-24T07:34:30.424+0000] {logging_mixin.py:188} INFO - [2024-05-24T07:34:30.424+0000] {dagbag.py:545} INFO - Filling up the DagBag from /home/airflow/.local/lib/python3.12/site-packages/airflow/example_dags/example_latest_only_with_trigger.py
[2024-05-24T07:34:30.426+0000] {processor.py:840} INFO - DAG(s) 'latest_only_with_trigger' retrieved from /home/airflow/.local/lib/python3.12/site-packages/airflow/example_dags/example_latest_only_with_trigger.py
[2024-05-24T07:34:30.434+0000] {logging_mixin.py:188} INFO - [2024-05-24T07:34:30.434+0000] {dag.py:3096} INFO - Sync 1 DAGs
[2024-05-24T07:34:30.442+0000] {logging_mixin.py:188} INFO - [2024-05-24T07:34:30.442+0000] {dag.py:3954} INFO - Setting next_dagrun for latest_only_with_trigger to 2024-05-24 00:00:00+00:00, run_after=2024-05-24 04:00:00+00:00
[2024-05-24T07:34:30.448+0000] {processor.py:183} INFO - Processing /home/airflow/.local/lib/python3.12/site-packages/airflow/example_dags/example_latest_only_with_trigger.py took 0.028 seconds
[2024-05-24T07:35:00.854+0000] {processor.py:161} INFO - Started process (PID=13216) to work on /home/airflow/.local/lib/python3.12/site-packages/airflow/example_dags/example_latest_only_with_trigger.py
[2024-05-24T07:35:00.855+0000] {processor.py:830} INFO - Processing file /home/airflow/.local/lib/python3.12/site-packages/airflow/example_dags/example_latest_only_with_trigger.py for tasks to queue
[2024-05-24T07:35:00.855+0000] {logging_mixin.py:188} INFO - [2024-05-24T07:35:00.855+0000] {dagbag.py:545} INFO - Filling up the DagBag from /home/airflow/.local/lib/python3.12/site-packages/airflow/example_dags/example_latest_only_with_trigger.py
[2024-05-24T07:35:00.858+0000] {processor.py:840} INFO - DAG(s) 'latest_only_with_trigger' retrieved from /home/airflow/.local/lib/python3.12/site-packages/airflow/example_dags/example_latest_only_with_trigger.py
[2024-05-24T07:35:00.866+0000] {logging_mixin.py:188} INFO - [2024-05-24T07:35:00.865+0000] {dag.py:3096} INFO - Sync 1 DAGs
[2024-05-24T07:35:00.874+0000] {logging_mixin.py:188} INFO - [2024-05-24T07:35:00.874+0000] {dag.py:3954} INFO - Setting next_dagrun for latest_only_with_trigger to 2024-05-24 00:00:00+00:00, run_after=2024-05-24 04:00:00+00:00
[2024-05-24T07:35:00.880+0000] {processor.py:183} INFO - Processing /home/airflow/.local/lib/python3.12/site-packages/airflow/example_dags/example_latest_only_with_trigger.py took 0.029 seconds
[2024-05-24T07:35:31.206+0000] {processor.py:161} INFO - Started process (PID=13478) to work on /home/airflow/.local/lib/python3.12/site-packages/airflow/example_dags/example_latest_only_with_trigger.py
[2024-05-24T07:35:31.206+0000] {processor.py:830} INFO - Processing file /home/airflow/.local/lib/python3.12/site-packages/airflow/example_dags/example_latest_only_with_trigger.py for tasks to queue
[2024-05-24T07:35:31.207+0000] {logging_mixin.py:188} INFO - [2024-05-24T07:35:31.207+0000] {dagbag.py:545} INFO - Filling up the DagBag from /home/airflow/.local/lib/python3.12/site-packages/airflow/example_dags/example_latest_only_with_trigger.py
[2024-05-24T07:35:31.209+0000] {processor.py:840} INFO - DAG(s) 'latest_only_with_trigger' retrieved from /home/airflow/.local/lib/python3.12/site-packages/airflow/example_dags/example_latest_only_with_trigger.py
[2024-05-24T07:35:31.218+0000] {logging_mixin.py:188} INFO - [2024-05-24T07:35:31.218+0000] {dag.py:3096} INFO - Sync 1 DAGs
[2024-05-24T07:35:31.226+0000] {logging_mixin.py:188} INFO - [2024-05-24T07:35:31.226+0000] {dag.py:3954} INFO - Setting next_dagrun for latest_only_with_trigger to 2024-05-24 00:00:00+00:00, run_after=2024-05-24 04:00:00+00:00
[2024-05-24T07:35:31.232+0000] {processor.py:183} INFO - Processing /home/airflow/.local/lib/python3.12/site-packages/airflow/example_dags/example_latest_only_with_trigger.py took 0.029 seconds
[2024-05-24T07:36:01.554+0000] {processor.py:161} INFO - Started process (PID=13740) to work on /home/airflow/.local/lib/python3.12/site-packages/airflow/example_dags/example_latest_only_with_trigger.py
[2024-05-24T07:36:01.554+0000] {processor.py:830} INFO - Processing file /home/airflow/.local/lib/python3.12/site-packages/airflow/example_dags/example_latest_only_with_trigger.py for tasks to queue
[2024-05-24T07:36:01.555+0000] {logging_mixin.py:188} INFO - [2024-05-24T07:36:01.555+0000] {dagbag.py:545} INFO - Filling up the DagBag from /home/airflow/.local/lib/python3.12/site-packages/airflow/example_dags/example_latest_only_with_trigger.py
[2024-05-24T07:36:01.557+0000] {processor.py:840} INFO - DAG(s) 'latest_only_with_trigger' retrieved from /home/airflow/.local/lib/python3.12/site-packages/airflow/example_dags/example_latest_only_with_trigger.py
[2024-05-24T07:36:01.565+0000] {logging_mixin.py:188} INFO - [2024-05-24T07:36:01.565+0000] {dag.py:3096} INFO - Sync 1 DAGs
[2024-05-24T07:36:01.574+0000] {logging_mixin.py:188} INFO - [2024-05-24T07:36:01.573+0000] {dag.py:3954} INFO - Setting next_dagrun for latest_only_with_trigger to 2024-05-24 00:00:00+00:00, run_after=2024-05-24 04:00:00+00:00
[2024-05-24T07:36:01.580+0000] {processor.py:183} INFO - Processing /home/airflow/.local/lib/python3.12/site-packages/airflow/example_dags/example_latest_only_with_trigger.py took 0.029 seconds
[2024-05-24T07:36:32.037+0000] {processor.py:161} INFO - Started process (PID=14002) to work on /home/airflow/.local/lib/python3.12/site-packages/airflow/example_dags/example_latest_only_with_trigger.py
[2024-05-24T07:36:32.038+0000] {processor.py:830} INFO - Processing file /home/airflow/.local/lib/python3.12/site-packages/airflow/example_dags/example_latest_only_with_trigger.py for tasks to queue
[2024-05-24T07:36:32.039+0000] {logging_mixin.py:188} INFO - [2024-05-24T07:36:32.038+0000] {dagbag.py:545} INFO - Filling up the DagBag from /home/airflow/.local/lib/python3.12/site-packages/airflow/example_dags/example_latest_only_with_trigger.py
[2024-05-24T07:36:32.041+0000] {processor.py:840} INFO - DAG(s) 'latest_only_with_trigger' retrieved from /home/airflow/.local/lib/python3.12/site-packages/airflow/example_dags/example_latest_only_with_trigger.py
[2024-05-24T07:36:32.049+0000] {logging_mixin.py:188} INFO - [2024-05-24T07:36:32.049+0000] {dag.py:3096} INFO - Sync 1 DAGs
[2024-05-24T07:36:32.057+0000] {logging_mixin.py:188} INFO - [2024-05-24T07:36:32.057+0000] {dag.py:3954} INFO - Setting next_dagrun for latest_only_with_trigger to 2024-05-24 00:00:00+00:00, run_after=2024-05-24 04:00:00+00:00
[2024-05-24T07:36:32.063+0000] {processor.py:183} INFO - Processing /home/airflow/.local/lib/python3.12/site-packages/airflow/example_dags/example_latest_only_with_trigger.py took 0.028 seconds
[2024-05-24T07:37:02.401+0000] {processor.py:161} INFO - Started process (PID=14264) to work on /home/airflow/.local/lib/python3.12/site-packages/airflow/example_dags/example_latest_only_with_trigger.py
[2024-05-24T07:37:02.401+0000] {processor.py:830} INFO - Processing file /home/airflow/.local/lib/python3.12/site-packages/airflow/example_dags/example_latest_only_with_trigger.py for tasks to queue
[2024-05-24T07:37:02.402+0000] {logging_mixin.py:188} INFO - [2024-05-24T07:37:02.402+0000] {dagbag.py:545} INFO - Filling up the DagBag from /home/airflow/.local/lib/python3.12/site-packages/airflow/example_dags/example_latest_only_with_trigger.py
[2024-05-24T07:37:02.404+0000] {processor.py:840} INFO - DAG(s) 'latest_only_with_trigger' retrieved from /home/airflow/.local/lib/python3.12/site-packages/airflow/example_dags/example_latest_only_with_trigger.py
[2024-05-24T07:37:02.412+0000] {logging_mixin.py:188} INFO - [2024-05-24T07:37:02.412+0000] {dag.py:3096} INFO - Sync 1 DAGs
[2024-05-24T07:37:02.420+0000] {logging_mixin.py:188} INFO - [2024-05-24T07:37:02.419+0000] {dag.py:3954} INFO - Setting next_dagrun for latest_only_with_trigger to 2024-05-24 00:00:00+00:00, run_after=2024-05-24 04:00:00+00:00
[2024-05-24T07:37:02.426+0000] {processor.py:183} INFO - Processing /home/airflow/.local/lib/python3.12/site-packages/airflow/example_dags/example_latest_only_with_trigger.py took 0.028 seconds
[2024-05-24T07:37:32.875+0000] {processor.py:161} INFO - Started process (PID=14526) to work on /home/airflow/.local/lib/python3.12/site-packages/airflow/example_dags/example_latest_only_with_trigger.py
[2024-05-24T07:37:32.875+0000] {processor.py:830} INFO - Processing file /home/airflow/.local/lib/python3.12/site-packages/airflow/example_dags/example_latest_only_with_trigger.py for tasks to queue
[2024-05-24T07:37:32.876+0000] {logging_mixin.py:188} INFO - [2024-05-24T07:37:32.876+0000] {dagbag.py:545} INFO - Filling up the DagBag from /home/airflow/.local/lib/python3.12/site-packages/airflow/example_dags/example_latest_only_with_trigger.py
[2024-05-24T07:37:32.878+0000] {processor.py:840} INFO - DAG(s) 'latest_only_with_trigger' retrieved from /home/airflow/.local/lib/python3.12/site-packages/airflow/example_dags/example_latest_only_with_trigger.py
[2024-05-24T07:37:32.886+0000] {logging_mixin.py:188} INFO - [2024-05-24T07:37:32.886+0000] {dag.py:3096} INFO - Sync 1 DAGs
[2024-05-24T07:37:32.894+0000] {logging_mixin.py:188} INFO - [2024-05-24T07:37:32.894+0000] {dag.py:3954} INFO - Setting next_dagrun for latest_only_with_trigger to 2024-05-24 00:00:00+00:00, run_after=2024-05-24 04:00:00+00:00
[2024-05-24T07:37:32.900+0000] {processor.py:183} INFO - Processing /home/airflow/.local/lib/python3.12/site-packages/airflow/example_dags/example_latest_only_with_trigger.py took 0.028 seconds
[2024-05-24T07:38:03.285+0000] {processor.py:161} INFO - Started process (PID=14788) to work on /home/airflow/.local/lib/python3.12/site-packages/airflow/example_dags/example_latest_only_with_trigger.py
[2024-05-24T07:38:03.285+0000] {processor.py:830} INFO - Processing file /home/airflow/.local/lib/python3.12/site-packages/airflow/example_dags/example_latest_only_with_trigger.py for tasks to queue
[2024-05-24T07:38:03.286+0000] {logging_mixin.py:188} INFO - [2024-05-24T07:38:03.286+0000] {dagbag.py:545} INFO - Filling up the DagBag from /home/airflow/.local/lib/python3.12/site-packages/airflow/example_dags/example_latest_only_with_trigger.py
[2024-05-24T07:38:03.289+0000] {processor.py:840} INFO - DAG(s) 'latest_only_with_trigger' retrieved from /home/airflow/.local/lib/python3.12/site-packages/airflow/example_dags/example_latest_only_with_trigger.py
[2024-05-24T07:38:03.296+0000] {logging_mixin.py:188} INFO - [2024-05-24T07:38:03.296+0000] {dag.py:3096} INFO - Sync 1 DAGs
[2024-05-24T07:38:03.305+0000] {logging_mixin.py:188} INFO - [2024-05-24T07:38:03.305+0000] {dag.py:3954} INFO - Setting next_dagrun for latest_only_with_trigger to 2024-05-24 00:00:00+00:00, run_after=2024-05-24 04:00:00+00:00
[2024-05-24T07:38:03.311+0000] {processor.py:183} INFO - Processing /home/airflow/.local/lib/python3.12/site-packages/airflow/example_dags/example_latest_only_with_trigger.py took 0.028 seconds
[2024-05-24T07:38:33.618+0000] {processor.py:161} INFO - Started process (PID=15050) to work on /home/airflow/.local/lib/python3.12/site-packages/airflow/example_dags/example_latest_only_with_trigger.py
[2024-05-24T07:38:33.619+0000] {processor.py:830} INFO - Processing file /home/airflow/.local/lib/python3.12/site-packages/airflow/example_dags/example_latest_only_with_trigger.py for tasks to queue
[2024-05-24T07:38:33.619+0000] {logging_mixin.py:188} INFO - [2024-05-24T07:38:33.619+0000] {dagbag.py:545} INFO - Filling up the DagBag from /home/airflow/.local/lib/python3.12/site-packages/airflow/example_dags/example_latest_only_with_trigger.py
[2024-05-24T07:38:33.622+0000] {processor.py:840} INFO - DAG(s) 'latest_only_with_trigger' retrieved from /home/airflow/.local/lib/python3.12/site-packages/airflow/example_dags/example_latest_only_with_trigger.py
[2024-05-24T07:38:33.629+0000] {logging_mixin.py:188} INFO - [2024-05-24T07:38:33.629+0000] {dag.py:3096} INFO - Sync 1 DAGs
[2024-05-24T07:38:33.637+0000] {logging_mixin.py:188} INFO - [2024-05-24T07:38:33.637+0000] {dag.py:3954} INFO - Setting next_dagrun for latest_only_with_trigger to 2024-05-24 00:00:00+00:00, run_after=2024-05-24 04:00:00+00:00
[2024-05-24T07:38:33.643+0000] {processor.py:183} INFO - Processing /home/airflow/.local/lib/python3.12/site-packages/airflow/example_dags/example_latest_only_with_trigger.py took 0.027 seconds
[2024-05-24T07:39:03.970+0000] {processor.py:161} INFO - Started process (PID=15312) to work on /home/airflow/.local/lib/python3.12/site-packages/airflow/example_dags/example_latest_only_with_trigger.py
[2024-05-24T07:39:03.970+0000] {processor.py:830} INFO - Processing file /home/airflow/.local/lib/python3.12/site-packages/airflow/example_dags/example_latest_only_with_trigger.py for tasks to queue
[2024-05-24T07:39:03.971+0000] {logging_mixin.py:188} INFO - [2024-05-24T07:39:03.971+0000] {dagbag.py:545} INFO - Filling up the DagBag from /home/airflow/.local/lib/python3.12/site-packages/airflow/example_dags/example_latest_only_with_trigger.py
[2024-05-24T07:39:03.974+0000] {processor.py:840} INFO - DAG(s) 'latest_only_with_trigger' retrieved from /home/airflow/.local/lib/python3.12/site-packages/airflow/example_dags/example_latest_only_with_trigger.py
[2024-05-24T07:39:03.981+0000] {logging_mixin.py:188} INFO - [2024-05-24T07:39:03.981+0000] {dag.py:3096} INFO - Sync 1 DAGs
[2024-05-24T07:39:03.989+0000] {logging_mixin.py:188} INFO - [2024-05-24T07:39:03.989+0000] {dag.py:3954} INFO - Setting next_dagrun for latest_only_with_trigger to 2024-05-24 00:00:00+00:00, run_after=2024-05-24 04:00:00+00:00
[2024-05-24T07:39:03.996+0000] {processor.py:183} INFO - Processing /home/airflow/.local/lib/python3.12/site-packages/airflow/example_dags/example_latest_only_with_trigger.py took 0.028 seconds
[2024-05-24T07:39:34.299+0000] {processor.py:161} INFO - Started process (PID=15573) to work on /home/airflow/.local/lib/python3.12/site-packages/airflow/example_dags/example_latest_only_with_trigger.py
[2024-05-24T07:39:34.300+0000] {processor.py:830} INFO - Processing file /home/airflow/.local/lib/python3.12/site-packages/airflow/example_dags/example_latest_only_with_trigger.py for tasks to queue
[2024-05-24T07:39:34.300+0000] {logging_mixin.py:188} INFO - [2024-05-24T07:39:34.300+0000] {dagbag.py:545} INFO - Filling up the DagBag from /home/airflow/.local/lib/python3.12/site-packages/airflow/example_dags/example_latest_only_with_trigger.py
[2024-05-24T07:39:34.303+0000] {processor.py:840} INFO - DAG(s) 'latest_only_with_trigger' retrieved from /home/airflow/.local/lib/python3.12/site-packages/airflow/example_dags/example_latest_only_with_trigger.py
[2024-05-24T07:39:34.311+0000] {logging_mixin.py:188} INFO - [2024-05-24T07:39:34.310+0000] {dag.py:3096} INFO - Sync 1 DAGs
[2024-05-24T07:39:34.318+0000] {logging_mixin.py:188} INFO - [2024-05-24T07:39:34.318+0000] {dag.py:3954} INFO - Setting next_dagrun for latest_only_with_trigger to 2024-05-24 00:00:00+00:00, run_after=2024-05-24 04:00:00+00:00
[2024-05-24T07:39:34.325+0000] {processor.py:183} INFO - Processing /home/airflow/.local/lib/python3.12/site-packages/airflow/example_dags/example_latest_only_with_trigger.py took 0.028 seconds
[2024-05-24T07:40:04.787+0000] {processor.py:161} INFO - Started process (PID=15835) to work on /home/airflow/.local/lib/python3.12/site-packages/airflow/example_dags/example_latest_only_with_trigger.py
[2024-05-24T07:40:04.788+0000] {processor.py:830} INFO - Processing file /home/airflow/.local/lib/python3.12/site-packages/airflow/example_dags/example_latest_only_with_trigger.py for tasks to queue
[2024-05-24T07:40:04.789+0000] {logging_mixin.py:188} INFO - [2024-05-24T07:40:04.788+0000] {dagbag.py:545} INFO - Filling up the DagBag from /home/airflow/.local/lib/python3.12/site-packages/airflow/example_dags/example_latest_only_with_trigger.py
[2024-05-24T07:40:04.791+0000] {processor.py:840} INFO - DAG(s) 'latest_only_with_trigger' retrieved from /home/airflow/.local/lib/python3.12/site-packages/airflow/example_dags/example_latest_only_with_trigger.py
[2024-05-24T07:40:04.799+0000] {logging_mixin.py:188} INFO - [2024-05-24T07:40:04.798+0000] {dag.py:3096} INFO - Sync 1 DAGs
[2024-05-24T07:40:04.806+0000] {logging_mixin.py:188} INFO - [2024-05-24T07:40:04.806+0000] {dag.py:3954} INFO - Setting next_dagrun for latest_only_with_trigger to 2024-05-24 00:00:00+00:00, run_after=2024-05-24 04:00:00+00:00
[2024-05-24T07:40:04.812+0000] {processor.py:183} INFO - Processing /home/airflow/.local/lib/python3.12/site-packages/airflow/example_dags/example_latest_only_with_trigger.py took 0.027 seconds
[2024-05-24T07:40:35.246+0000] {processor.py:161} INFO - Started process (PID=16097) to work on /home/airflow/.local/lib/python3.12/site-packages/airflow/example_dags/example_latest_only_with_trigger.py
[2024-05-24T07:40:35.246+0000] {processor.py:830} INFO - Processing file /home/airflow/.local/lib/python3.12/site-packages/airflow/example_dags/example_latest_only_with_trigger.py for tasks to queue
[2024-05-24T07:40:35.247+0000] {logging_mixin.py:188} INFO - [2024-05-24T07:40:35.247+0000] {dagbag.py:545} INFO - Filling up the DagBag from /home/airflow/.local/lib/python3.12/site-packages/airflow/example_dags/example_latest_only_with_trigger.py
[2024-05-24T07:40:35.249+0000] {processor.py:840} INFO - DAG(s) 'latest_only_with_trigger' retrieved from /home/airflow/.local/lib/python3.12/site-packages/airflow/example_dags/example_latest_only_with_trigger.py
[2024-05-24T07:40:35.257+0000] {logging_mixin.py:188} INFO - [2024-05-24T07:40:35.257+0000] {dag.py:3096} INFO - Sync 1 DAGs
[2024-05-24T07:40:35.265+0000] {logging_mixin.py:188} INFO - [2024-05-24T07:40:35.265+0000] {dag.py:3954} INFO - Setting next_dagrun for latest_only_with_trigger to 2024-05-24 00:00:00+00:00, run_after=2024-05-24 04:00:00+00:00
[2024-05-24T07:40:35.271+0000] {processor.py:183} INFO - Processing /home/airflow/.local/lib/python3.12/site-packages/airflow/example_dags/example_latest_only_with_trigger.py took 0.028 seconds
[2024-05-24T07:41:05.607+0000] {processor.py:161} INFO - Started process (PID=16359) to work on /home/airflow/.local/lib/python3.12/site-packages/airflow/example_dags/example_latest_only_with_trigger.py
[2024-05-24T07:41:05.608+0000] {processor.py:830} INFO - Processing file /home/airflow/.local/lib/python3.12/site-packages/airflow/example_dags/example_latest_only_with_trigger.py for tasks to queue
[2024-05-24T07:41:05.609+0000] {logging_mixin.py:188} INFO - [2024-05-24T07:41:05.608+0000] {dagbag.py:545} INFO - Filling up the DagBag from /home/airflow/.local/lib/python3.12/site-packages/airflow/example_dags/example_latest_only_with_trigger.py
[2024-05-24T07:41:05.611+0000] {processor.py:840} INFO - DAG(s) 'latest_only_with_trigger' retrieved from /home/airflow/.local/lib/python3.12/site-packages/airflow/example_dags/example_latest_only_with_trigger.py
[2024-05-24T07:41:05.619+0000] {logging_mixin.py:188} INFO - [2024-05-24T07:41:05.619+0000] {dag.py:3096} INFO - Sync 1 DAGs
[2024-05-24T07:41:05.626+0000] {logging_mixin.py:188} INFO - [2024-05-24T07:41:05.626+0000] {dag.py:3954} INFO - Setting next_dagrun for latest_only_with_trigger to 2024-05-24 00:00:00+00:00, run_after=2024-05-24 04:00:00+00:00
[2024-05-24T07:41:05.632+0000] {processor.py:183} INFO - Processing /home/airflow/.local/lib/python3.12/site-packages/airflow/example_dags/example_latest_only_with_trigger.py took 0.027 seconds
[2024-05-24T07:41:35.968+0000] {processor.py:161} INFO - Started process (PID=16623) to work on /home/airflow/.local/lib/python3.12/site-packages/airflow/example_dags/example_latest_only_with_trigger.py
[2024-05-24T07:41:35.969+0000] {processor.py:830} INFO - Processing file /home/airflow/.local/lib/python3.12/site-packages/airflow/example_dags/example_latest_only_with_trigger.py for tasks to queue
[2024-05-24T07:41:35.969+0000] {logging_mixin.py:188} INFO - [2024-05-24T07:41:35.969+0000] {dagbag.py:545} INFO - Filling up the DagBag from /home/airflow/.local/lib/python3.12/site-packages/airflow/example_dags/example_latest_only_with_trigger.py
[2024-05-24T07:41:35.972+0000] {processor.py:840} INFO - DAG(s) 'latest_only_with_trigger' retrieved from /home/airflow/.local/lib/python3.12/site-packages/airflow/example_dags/example_latest_only_with_trigger.py
[2024-05-24T07:41:35.980+0000] {logging_mixin.py:188} INFO - [2024-05-24T07:41:35.980+0000] {dag.py:3096} INFO - Sync 1 DAGs
[2024-05-24T07:41:35.987+0000] {logging_mixin.py:188} INFO - [2024-05-24T07:41:35.987+0000] {dag.py:3954} INFO - Setting next_dagrun for latest_only_with_trigger to 2024-05-24 00:00:00+00:00, run_after=2024-05-24 04:00:00+00:00
[2024-05-24T07:41:35.994+0000] {processor.py:183} INFO - Processing /home/airflow/.local/lib/python3.12/site-packages/airflow/example_dags/example_latest_only_with_trigger.py took 0.028 seconds
[2024-05-24T07:42:06.308+0000] {processor.py:161} INFO - Started process (PID=16883) to work on /home/airflow/.local/lib/python3.12/site-packages/airflow/example_dags/example_latest_only_with_trigger.py
[2024-05-24T07:42:06.308+0000] {processor.py:830} INFO - Processing file /home/airflow/.local/lib/python3.12/site-packages/airflow/example_dags/example_latest_only_with_trigger.py for tasks to queue
[2024-05-24T07:42:06.309+0000] {logging_mixin.py:188} INFO - [2024-05-24T07:42:06.309+0000] {dagbag.py:545} INFO - Filling up the DagBag from /home/airflow/.local/lib/python3.12/site-packages/airflow/example_dags/example_latest_only_with_trigger.py
[2024-05-24T07:42:06.311+0000] {processor.py:840} INFO - DAG(s) 'latest_only_with_trigger' retrieved from /home/airflow/.local/lib/python3.12/site-packages/airflow/example_dags/example_latest_only_with_trigger.py
[2024-05-24T07:42:06.319+0000] {logging_mixin.py:188} INFO - [2024-05-24T07:42:06.319+0000] {dag.py:3096} INFO - Sync 1 DAGs
[2024-05-24T07:42:06.327+0000] {logging_mixin.py:188} INFO - [2024-05-24T07:42:06.327+0000] {dag.py:3954} INFO - Setting next_dagrun for latest_only_with_trigger to 2024-05-24 00:00:00+00:00, run_after=2024-05-24 04:00:00+00:00
[2024-05-24T07:42:06.333+0000] {processor.py:183} INFO - Processing /home/airflow/.local/lib/python3.12/site-packages/airflow/example_dags/example_latest_only_with_trigger.py took 0.028 seconds
[2024-05-24T07:42:36.756+0000] {processor.py:161} INFO - Started process (PID=17145) to work on /home/airflow/.local/lib/python3.12/site-packages/airflow/example_dags/example_latest_only_with_trigger.py
[2024-05-24T07:42:36.756+0000] {processor.py:830} INFO - Processing file /home/airflow/.local/lib/python3.12/site-packages/airflow/example_dags/example_latest_only_with_trigger.py for tasks to queue
[2024-05-24T07:42:36.757+0000] {logging_mixin.py:188} INFO - [2024-05-24T07:42:36.757+0000] {dagbag.py:545} INFO - Filling up the DagBag from /home/airflow/.local/lib/python3.12/site-packages/airflow/example_dags/example_latest_only_with_trigger.py
[2024-05-24T07:42:36.759+0000] {processor.py:840} INFO - DAG(s) 'latest_only_with_trigger' retrieved from /home/airflow/.local/lib/python3.12/site-packages/airflow/example_dags/example_latest_only_with_trigger.py
[2024-05-24T07:42:36.767+0000] {logging_mixin.py:188} INFO - [2024-05-24T07:42:36.766+0000] {dag.py:3096} INFO - Sync 1 DAGs
[2024-05-24T07:42:36.774+0000] {logging_mixin.py:188} INFO - [2024-05-24T07:42:36.774+0000] {dag.py:3954} INFO - Setting next_dagrun for latest_only_with_trigger to 2024-05-24 00:00:00+00:00, run_after=2024-05-24 04:00:00+00:00
[2024-05-24T07:42:36.780+0000] {processor.py:183} INFO - Processing /home/airflow/.local/lib/python3.12/site-packages/airflow/example_dags/example_latest_only_with_trigger.py took 0.027 seconds
[2024-05-24T07:43:07.175+0000] {processor.py:161} INFO - Started process (PID=17409) to work on /home/airflow/.local/lib/python3.12/site-packages/airflow/example_dags/example_latest_only_with_trigger.py
[2024-05-24T07:43:07.175+0000] {processor.py:830} INFO - Processing file /home/airflow/.local/lib/python3.12/site-packages/airflow/example_dags/example_latest_only_with_trigger.py for tasks to queue
[2024-05-24T07:43:07.176+0000] {logging_mixin.py:188} INFO - [2024-05-24T07:43:07.176+0000] {dagbag.py:545} INFO - Filling up the DagBag from /home/airflow/.local/lib/python3.12/site-packages/airflow/example_dags/example_latest_only_with_trigger.py
[2024-05-24T07:43:07.178+0000] {processor.py:840} INFO - DAG(s) 'latest_only_with_trigger' retrieved from /home/airflow/.local/lib/python3.12/site-packages/airflow/example_dags/example_latest_only_with_trigger.py
[2024-05-24T07:43:07.187+0000] {logging_mixin.py:188} INFO - [2024-05-24T07:43:07.187+0000] {dag.py:3096} INFO - Sync 1 DAGs
[2024-05-24T07:43:07.194+0000] {logging_mixin.py:188} INFO - [2024-05-24T07:43:07.194+0000] {dag.py:3954} INFO - Setting next_dagrun for latest_only_with_trigger to 2024-05-24 00:00:00+00:00, run_after=2024-05-24 04:00:00+00:00
[2024-05-24T07:43:07.201+0000] {processor.py:183} INFO - Processing /home/airflow/.local/lib/python3.12/site-packages/airflow/example_dags/example_latest_only_with_trigger.py took 0.028 seconds
[2024-05-24T07:43:37.500+0000] {processor.py:161} INFO - Started process (PID=17669) to work on /home/airflow/.local/lib/python3.12/site-packages/airflow/example_dags/example_latest_only_with_trigger.py
[2024-05-24T07:43:37.500+0000] {processor.py:830} INFO - Processing file /home/airflow/.local/lib/python3.12/site-packages/airflow/example_dags/example_latest_only_with_trigger.py for tasks to queue
[2024-05-24T07:43:37.501+0000] {logging_mixin.py:188} INFO - [2024-05-24T07:43:37.501+0000] {dagbag.py:545} INFO - Filling up the DagBag from /home/airflow/.local/lib/python3.12/site-packages/airflow/example_dags/example_latest_only_with_trigger.py
[2024-05-24T07:43:37.503+0000] {processor.py:840} INFO - DAG(s) 'latest_only_with_trigger' retrieved from /home/airflow/.local/lib/python3.12/site-packages/airflow/example_dags/example_latest_only_with_trigger.py
[2024-05-24T07:43:37.511+0000] {logging_mixin.py:188} INFO - [2024-05-24T07:43:37.511+0000] {dag.py:3096} INFO - Sync 1 DAGs
[2024-05-24T07:43:37.520+0000] {logging_mixin.py:188} INFO - [2024-05-24T07:43:37.520+0000] {dag.py:3954} INFO - Setting next_dagrun for latest_only_with_trigger to 2024-05-24 00:00:00+00:00, run_after=2024-05-24 04:00:00+00:00
[2024-05-24T07:43:37.529+0000] {processor.py:183} INFO - Processing /home/airflow/.local/lib/python3.12/site-packages/airflow/example_dags/example_latest_only_with_trigger.py took 0.032 seconds
[2024-05-24T07:44:07.844+0000] {processor.py:161} INFO - Started process (PID=17931) to work on /home/airflow/.local/lib/python3.12/site-packages/airflow/example_dags/example_latest_only_with_trigger.py
[2024-05-24T07:44:07.844+0000] {processor.py:830} INFO - Processing file /home/airflow/.local/lib/python3.12/site-packages/airflow/example_dags/example_latest_only_with_trigger.py for tasks to queue
[2024-05-24T07:44:07.845+0000] {logging_mixin.py:188} INFO - [2024-05-24T07:44:07.845+0000] {dagbag.py:545} INFO - Filling up the DagBag from /home/airflow/.local/lib/python3.12/site-packages/airflow/example_dags/example_latest_only_with_trigger.py
[2024-05-24T07:44:07.847+0000] {processor.py:840} INFO - DAG(s) 'latest_only_with_trigger' retrieved from /home/airflow/.local/lib/python3.12/site-packages/airflow/example_dags/example_latest_only_with_trigger.py
[2024-05-24T07:44:07.855+0000] {logging_mixin.py:188} INFO - [2024-05-24T07:44:07.855+0000] {dag.py:3096} INFO - Sync 1 DAGs
[2024-05-24T07:44:07.864+0000] {logging_mixin.py:188} INFO - [2024-05-24T07:44:07.864+0000] {dag.py:3954} INFO - Setting next_dagrun for latest_only_with_trigger to 2024-05-24 00:00:00+00:00, run_after=2024-05-24 04:00:00+00:00
[2024-05-24T07:44:07.870+0000] {processor.py:183} INFO - Processing /home/airflow/.local/lib/python3.12/site-packages/airflow/example_dags/example_latest_only_with_trigger.py took 0.029 seconds
[2024-05-24T07:44:38.188+0000] {processor.py:161} INFO - Started process (PID=18195) to work on /home/airflow/.local/lib/python3.12/site-packages/airflow/example_dags/example_latest_only_with_trigger.py
[2024-05-24T07:44:38.189+0000] {processor.py:830} INFO - Processing file /home/airflow/.local/lib/python3.12/site-packages/airflow/example_dags/example_latest_only_with_trigger.py for tasks to queue
[2024-05-24T07:44:38.189+0000] {logging_mixin.py:188} INFO - [2024-05-24T07:44:38.189+0000] {dagbag.py:545} INFO - Filling up the DagBag from /home/airflow/.local/lib/python3.12/site-packages/airflow/example_dags/example_latest_only_with_trigger.py
[2024-05-24T07:44:38.191+0000] {processor.py:840} INFO - DAG(s) 'latest_only_with_trigger' retrieved from /home/airflow/.local/lib/python3.12/site-packages/airflow/example_dags/example_latest_only_with_trigger.py
[2024-05-24T07:44:38.200+0000] {logging_mixin.py:188} INFO - [2024-05-24T07:44:38.199+0000] {dag.py:3096} INFO - Sync 1 DAGs
[2024-05-24T07:44:38.207+0000] {logging_mixin.py:188} INFO - [2024-05-24T07:44:38.207+0000] {dag.py:3954} INFO - Setting next_dagrun for latest_only_with_trigger to 2024-05-24 00:00:00+00:00, run_after=2024-05-24 04:00:00+00:00
[2024-05-24T07:44:38.214+0000] {processor.py:183} INFO - Processing /home/airflow/.local/lib/python3.12/site-packages/airflow/example_dags/example_latest_only_with_trigger.py took 0.028 seconds
