[2024-05-24T05:45:20.881+0000] {processor.py:161} INFO - Started process (PID=366) to work on /home/airflow/.local/lib/python3.12/site-packages/airflow/example_dags/example_latest_only.py
[2024-05-24T05:45:20.881+0000] {processor.py:830} INFO - Processing file /home/airflow/.local/lib/python3.12/site-packages/airflow/example_dags/example_latest_only.py for tasks to queue
[2024-05-24T05:45:20.882+0000] {logging_mixin.py:188} INFO - [2024-05-24T05:45:20.882+0000] {dagbag.py:545} INFO - Filling up the DagBag from /home/airflow/.local/lib/python3.12/site-packages/airflow/example_dags/example_latest_only.py
[2024-05-24T05:45:20.885+0000] {processor.py:840} INFO - DAG(s) 'latest_only' retrieved from /home/airflow/.local/lib/python3.12/site-packages/airflow/example_dags/example_latest_only.py
[2024-05-24T05:45:20.890+0000] {logging_mixin.py:188} INFO - [2024-05-24T05:45:20.890+0000] {dag.py:3096} INFO - Sync 1 DAGs
[2024-05-24T05:45:20.900+0000] {logging_mixin.py:188} INFO - [2024-05-24T05:45:20.899+0000] {dag.py:3954} INFO - Setting next_dagrun for latest_only to 2024-05-24 00:00:00+00:00, run_after=2024-05-24 04:00:00+00:00
[2024-05-24T05:45:20.908+0000] {processor.py:183} INFO - Processing /home/airflow/.local/lib/python3.12/site-packages/airflow/example_dags/example_latest_only.py took 0.030 seconds
[2024-05-24T05:45:51.508+0000] {processor.py:161} INFO - Started process (PID=630) to work on /home/airflow/.local/lib/python3.12/site-packages/airflow/example_dags/example_latest_only.py
[2024-05-24T05:45:51.508+0000] {processor.py:830} INFO - Processing file /home/airflow/.local/lib/python3.12/site-packages/airflow/example_dags/example_latest_only.py for tasks to queue
[2024-05-24T05:45:51.509+0000] {logging_mixin.py:188} INFO - [2024-05-24T05:45:51.509+0000] {dagbag.py:545} INFO - Filling up the DagBag from /home/airflow/.local/lib/python3.12/site-packages/airflow/example_dags/example_latest_only.py
[2024-05-24T05:45:51.512+0000] {processor.py:840} INFO - DAG(s) 'latest_only' retrieved from /home/airflow/.local/lib/python3.12/site-packages/airflow/example_dags/example_latest_only.py
[2024-05-24T05:45:51.554+0000] {logging_mixin.py:188} INFO - [2024-05-24T05:45:51.554+0000] {dag.py:3096} INFO - Sync 1 DAGs
[2024-05-24T05:45:51.562+0000] {logging_mixin.py:188} INFO - [2024-05-24T05:45:51.562+0000] {dag.py:3954} INFO - Setting next_dagrun for latest_only to 2024-05-24 00:00:00+00:00, run_after=2024-05-24 04:00:00+00:00
[2024-05-24T05:45:51.571+0000] {processor.py:183} INFO - Processing /home/airflow/.local/lib/python3.12/site-packages/airflow/example_dags/example_latest_only.py took 0.065 seconds
[2024-05-24T05:46:22.035+0000] {processor.py:161} INFO - Started process (PID=890) to work on /home/airflow/.local/lib/python3.12/site-packages/airflow/example_dags/example_latest_only.py
[2024-05-24T05:46:22.035+0000] {processor.py:830} INFO - Processing file /home/airflow/.local/lib/python3.12/site-packages/airflow/example_dags/example_latest_only.py for tasks to queue
[2024-05-24T05:46:22.036+0000] {logging_mixin.py:188} INFO - [2024-05-24T05:46:22.036+0000] {dagbag.py:545} INFO - Filling up the DagBag from /home/airflow/.local/lib/python3.12/site-packages/airflow/example_dags/example_latest_only.py
[2024-05-24T05:46:22.038+0000] {processor.py:840} INFO - DAG(s) 'latest_only' retrieved from /home/airflow/.local/lib/python3.12/site-packages/airflow/example_dags/example_latest_only.py
[2024-05-24T05:46:22.045+0000] {logging_mixin.py:188} INFO - [2024-05-24T05:46:22.045+0000] {dag.py:3096} INFO - Sync 1 DAGs
[2024-05-24T05:46:22.053+0000] {logging_mixin.py:188} INFO - [2024-05-24T05:46:22.053+0000] {dag.py:3954} INFO - Setting next_dagrun for latest_only to 2024-05-24 00:00:00+00:00, run_after=2024-05-24 04:00:00+00:00
[2024-05-24T05:46:22.060+0000] {processor.py:183} INFO - Processing /home/airflow/.local/lib/python3.12/site-packages/airflow/example_dags/example_latest_only.py took 0.027 seconds
[2024-05-24T05:46:52.377+0000] {processor.py:161} INFO - Started process (PID=1154) to work on /home/airflow/.local/lib/python3.12/site-packages/airflow/example_dags/example_latest_only.py
[2024-05-24T05:46:52.378+0000] {processor.py:830} INFO - Processing file /home/airflow/.local/lib/python3.12/site-packages/airflow/example_dags/example_latest_only.py for tasks to queue
[2024-05-24T05:46:52.378+0000] {logging_mixin.py:188} INFO - [2024-05-24T05:46:52.378+0000] {dagbag.py:545} INFO - Filling up the DagBag from /home/airflow/.local/lib/python3.12/site-packages/airflow/example_dags/example_latest_only.py
[2024-05-24T05:46:52.380+0000] {processor.py:840} INFO - DAG(s) 'latest_only' retrieved from /home/airflow/.local/lib/python3.12/site-packages/airflow/example_dags/example_latest_only.py
[2024-05-24T05:46:52.387+0000] {logging_mixin.py:188} INFO - [2024-05-24T05:46:52.387+0000] {dag.py:3096} INFO - Sync 1 DAGs
[2024-05-24T05:46:52.394+0000] {logging_mixin.py:188} INFO - [2024-05-24T05:46:52.394+0000] {dag.py:3954} INFO - Setting next_dagrun for latest_only to 2024-05-24 00:00:00+00:00, run_after=2024-05-24 04:00:00+00:00
[2024-05-24T05:46:52.400+0000] {processor.py:183} INFO - Processing /home/airflow/.local/lib/python3.12/site-packages/airflow/example_dags/example_latest_only.py took 0.025 seconds
[2024-05-24T05:47:22.678+0000] {processor.py:161} INFO - Started process (PID=1414) to work on /home/airflow/.local/lib/python3.12/site-packages/airflow/example_dags/example_latest_only.py
[2024-05-24T05:47:22.678+0000] {processor.py:830} INFO - Processing file /home/airflow/.local/lib/python3.12/site-packages/airflow/example_dags/example_latest_only.py for tasks to queue
[2024-05-24T05:47:22.679+0000] {logging_mixin.py:188} INFO - [2024-05-24T05:47:22.679+0000] {dagbag.py:545} INFO - Filling up the DagBag from /home/airflow/.local/lib/python3.12/site-packages/airflow/example_dags/example_latest_only.py
[2024-05-24T05:47:22.681+0000] {processor.py:840} INFO - DAG(s) 'latest_only' retrieved from /home/airflow/.local/lib/python3.12/site-packages/airflow/example_dags/example_latest_only.py
[2024-05-24T05:47:22.689+0000] {logging_mixin.py:188} INFO - [2024-05-24T05:47:22.688+0000] {dag.py:3096} INFO - Sync 1 DAGs
[2024-05-24T05:47:22.697+0000] {logging_mixin.py:188} INFO - [2024-05-24T05:47:22.696+0000] {dag.py:3954} INFO - Setting next_dagrun for latest_only to 2024-05-24 00:00:00+00:00, run_after=2024-05-24 04:00:00+00:00
[2024-05-24T05:47:22.703+0000] {processor.py:183} INFO - Processing /home/airflow/.local/lib/python3.12/site-packages/airflow/example_dags/example_latest_only.py took 0.027 seconds
[2024-05-24T05:47:53.061+0000] {processor.py:161} INFO - Started process (PID=1676) to work on /home/airflow/.local/lib/python3.12/site-packages/airflow/example_dags/example_latest_only.py
[2024-05-24T05:47:53.061+0000] {processor.py:830} INFO - Processing file /home/airflow/.local/lib/python3.12/site-packages/airflow/example_dags/example_latest_only.py for tasks to queue
[2024-05-24T05:47:53.062+0000] {logging_mixin.py:188} INFO - [2024-05-24T05:47:53.062+0000] {dagbag.py:545} INFO - Filling up the DagBag from /home/airflow/.local/lib/python3.12/site-packages/airflow/example_dags/example_latest_only.py
[2024-05-24T05:47:53.064+0000] {processor.py:840} INFO - DAG(s) 'latest_only' retrieved from /home/airflow/.local/lib/python3.12/site-packages/airflow/example_dags/example_latest_only.py
[2024-05-24T05:47:53.072+0000] {logging_mixin.py:188} INFO - [2024-05-24T05:47:53.072+0000] {dag.py:3096} INFO - Sync 1 DAGs
[2024-05-24T05:47:53.080+0000] {logging_mixin.py:188} INFO - [2024-05-24T05:47:53.080+0000] {dag.py:3954} INFO - Setting next_dagrun for latest_only to 2024-05-24 00:00:00+00:00, run_after=2024-05-24 04:00:00+00:00
[2024-05-24T05:47:53.086+0000] {processor.py:183} INFO - Processing /home/airflow/.local/lib/python3.12/site-packages/airflow/example_dags/example_latest_only.py took 0.027 seconds
[2024-05-24T05:48:23.443+0000] {processor.py:161} INFO - Started process (PID=1940) to work on /home/airflow/.local/lib/python3.12/site-packages/airflow/example_dags/example_latest_only.py
[2024-05-24T05:48:23.444+0000] {processor.py:830} INFO - Processing file /home/airflow/.local/lib/python3.12/site-packages/airflow/example_dags/example_latest_only.py for tasks to queue
[2024-05-24T05:48:23.445+0000] {logging_mixin.py:188} INFO - [2024-05-24T05:48:23.445+0000] {dagbag.py:545} INFO - Filling up the DagBag from /home/airflow/.local/lib/python3.12/site-packages/airflow/example_dags/example_latest_only.py
[2024-05-24T05:48:23.447+0000] {processor.py:840} INFO - DAG(s) 'latest_only' retrieved from /home/airflow/.local/lib/python3.12/site-packages/airflow/example_dags/example_latest_only.py
[2024-05-24T05:48:23.455+0000] {logging_mixin.py:188} INFO - [2024-05-24T05:48:23.455+0000] {dag.py:3096} INFO - Sync 1 DAGs
[2024-05-24T05:48:23.462+0000] {logging_mixin.py:188} INFO - [2024-05-24T05:48:23.462+0000] {dag.py:3954} INFO - Setting next_dagrun for latest_only to 2024-05-24 00:00:00+00:00, run_after=2024-05-24 04:00:00+00:00
[2024-05-24T05:48:23.469+0000] {processor.py:183} INFO - Processing /home/airflow/.local/lib/python3.12/site-packages/airflow/example_dags/example_latest_only.py took 0.028 seconds
[2024-05-24T05:48:53.731+0000] {processor.py:161} INFO - Started process (PID=2202) to work on /home/airflow/.local/lib/python3.12/site-packages/airflow/example_dags/example_latest_only.py
[2024-05-24T05:48:53.731+0000] {processor.py:830} INFO - Processing file /home/airflow/.local/lib/python3.12/site-packages/airflow/example_dags/example_latest_only.py for tasks to queue
[2024-05-24T05:48:53.732+0000] {logging_mixin.py:188} INFO - [2024-05-24T05:48:53.732+0000] {dagbag.py:545} INFO - Filling up the DagBag from /home/airflow/.local/lib/python3.12/site-packages/airflow/example_dags/example_latest_only.py
[2024-05-24T05:48:53.734+0000] {processor.py:840} INFO - DAG(s) 'latest_only' retrieved from /home/airflow/.local/lib/python3.12/site-packages/airflow/example_dags/example_latest_only.py
[2024-05-24T05:48:53.742+0000] {logging_mixin.py:188} INFO - [2024-05-24T05:48:53.742+0000] {dag.py:3096} INFO - Sync 1 DAGs
[2024-05-24T05:48:53.750+0000] {logging_mixin.py:188} INFO - [2024-05-24T05:48:53.749+0000] {dag.py:3954} INFO - Setting next_dagrun for latest_only to 2024-05-24 00:00:00+00:00, run_after=2024-05-24 04:00:00+00:00
[2024-05-24T05:48:53.755+0000] {processor.py:183} INFO - Processing /home/airflow/.local/lib/python3.12/site-packages/airflow/example_dags/example_latest_only.py took 0.027 seconds
[2024-05-24T05:49:24.031+0000] {processor.py:161} INFO - Started process (PID=2462) to work on /home/airflow/.local/lib/python3.12/site-packages/airflow/example_dags/example_latest_only.py
[2024-05-24T05:49:24.032+0000] {processor.py:830} INFO - Processing file /home/airflow/.local/lib/python3.12/site-packages/airflow/example_dags/example_latest_only.py for tasks to queue
[2024-05-24T05:49:24.033+0000] {logging_mixin.py:188} INFO - [2024-05-24T05:49:24.032+0000] {dagbag.py:545} INFO - Filling up the DagBag from /home/airflow/.local/lib/python3.12/site-packages/airflow/example_dags/example_latest_only.py
[2024-05-24T05:49:24.035+0000] {processor.py:840} INFO - DAG(s) 'latest_only' retrieved from /home/airflow/.local/lib/python3.12/site-packages/airflow/example_dags/example_latest_only.py
[2024-05-24T05:49:24.042+0000] {logging_mixin.py:188} INFO - [2024-05-24T05:49:24.042+0000] {dag.py:3096} INFO - Sync 1 DAGs
[2024-05-24T05:49:24.050+0000] {logging_mixin.py:188} INFO - [2024-05-24T05:49:24.050+0000] {dag.py:3954} INFO - Setting next_dagrun for latest_only to 2024-05-24 00:00:00+00:00, run_after=2024-05-24 04:00:00+00:00
[2024-05-24T05:49:24.056+0000] {processor.py:183} INFO - Processing /home/airflow/.local/lib/python3.12/site-packages/airflow/example_dags/example_latest_only.py took 0.027 seconds
[2024-05-24T05:49:54.326+0000] {processor.py:161} INFO - Started process (PID=2724) to work on /home/airflow/.local/lib/python3.12/site-packages/airflow/example_dags/example_latest_only.py
[2024-05-24T05:49:54.326+0000] {processor.py:830} INFO - Processing file /home/airflow/.local/lib/python3.12/site-packages/airflow/example_dags/example_latest_only.py for tasks to queue
[2024-05-24T05:49:54.327+0000] {logging_mixin.py:188} INFO - [2024-05-24T05:49:54.327+0000] {dagbag.py:545} INFO - Filling up the DagBag from /home/airflow/.local/lib/python3.12/site-packages/airflow/example_dags/example_latest_only.py
[2024-05-24T05:49:54.329+0000] {processor.py:840} INFO - DAG(s) 'latest_only' retrieved from /home/airflow/.local/lib/python3.12/site-packages/airflow/example_dags/example_latest_only.py
[2024-05-24T05:49:54.338+0000] {logging_mixin.py:188} INFO - [2024-05-24T05:49:54.338+0000] {dag.py:3096} INFO - Sync 1 DAGs
[2024-05-24T05:49:54.347+0000] {logging_mixin.py:188} INFO - [2024-05-24T05:49:54.346+0000] {dag.py:3954} INFO - Setting next_dagrun for latest_only to 2024-05-24 00:00:00+00:00, run_after=2024-05-24 04:00:00+00:00
[2024-05-24T05:49:54.353+0000] {processor.py:183} INFO - Processing /home/airflow/.local/lib/python3.12/site-packages/airflow/example_dags/example_latest_only.py took 0.030 seconds
[2024-05-24T05:50:24.779+0000] {processor.py:161} INFO - Started process (PID=2986) to work on /home/airflow/.local/lib/python3.12/site-packages/airflow/example_dags/example_latest_only.py
[2024-05-24T05:50:24.780+0000] {processor.py:830} INFO - Processing file /home/airflow/.local/lib/python3.12/site-packages/airflow/example_dags/example_latest_only.py for tasks to queue
[2024-05-24T05:50:24.781+0000] {logging_mixin.py:188} INFO - [2024-05-24T05:50:24.781+0000] {dagbag.py:545} INFO - Filling up the DagBag from /home/airflow/.local/lib/python3.12/site-packages/airflow/example_dags/example_latest_only.py
[2024-05-24T05:50:24.784+0000] {processor.py:840} INFO - DAG(s) 'latest_only' retrieved from /home/airflow/.local/lib/python3.12/site-packages/airflow/example_dags/example_latest_only.py
[2024-05-24T05:50:24.795+0000] {logging_mixin.py:188} INFO - [2024-05-24T05:50:24.795+0000] {dag.py:3096} INFO - Sync 1 DAGs
[2024-05-24T05:50:24.803+0000] {logging_mixin.py:188} INFO - [2024-05-24T05:50:24.803+0000] {dag.py:3954} INFO - Setting next_dagrun for latest_only to 2024-05-24 00:00:00+00:00, run_after=2024-05-24 04:00:00+00:00
[2024-05-24T05:50:24.810+0000] {processor.py:183} INFO - Processing /home/airflow/.local/lib/python3.12/site-packages/airflow/example_dags/example_latest_only.py took 0.050 seconds
[2024-05-24T05:50:55.080+0000] {processor.py:161} INFO - Started process (PID=3250) to work on /home/airflow/.local/lib/python3.12/site-packages/airflow/example_dags/example_latest_only.py
[2024-05-24T05:50:55.080+0000] {processor.py:830} INFO - Processing file /home/airflow/.local/lib/python3.12/site-packages/airflow/example_dags/example_latest_only.py for tasks to queue
[2024-05-24T05:50:55.081+0000] {logging_mixin.py:188} INFO - [2024-05-24T05:50:55.081+0000] {dagbag.py:545} INFO - Filling up the DagBag from /home/airflow/.local/lib/python3.12/site-packages/airflow/example_dags/example_latest_only.py
[2024-05-24T05:50:55.083+0000] {processor.py:840} INFO - DAG(s) 'latest_only' retrieved from /home/airflow/.local/lib/python3.12/site-packages/airflow/example_dags/example_latest_only.py
[2024-05-24T05:50:55.091+0000] {logging_mixin.py:188} INFO - [2024-05-24T05:50:55.090+0000] {dag.py:3096} INFO - Sync 1 DAGs
[2024-05-24T05:50:55.099+0000] {logging_mixin.py:188} INFO - [2024-05-24T05:50:55.099+0000] {dag.py:3954} INFO - Setting next_dagrun for latest_only to 2024-05-24 00:00:00+00:00, run_after=2024-05-24 04:00:00+00:00
[2024-05-24T05:50:55.108+0000] {processor.py:183} INFO - Processing /home/airflow/.local/lib/python3.12/site-packages/airflow/example_dags/example_latest_only.py took 0.031 seconds
[2024-05-24T05:51:25.418+0000] {processor.py:161} INFO - Started process (PID=3510) to work on /home/airflow/.local/lib/python3.12/site-packages/airflow/example_dags/example_latest_only.py
[2024-05-24T05:51:25.418+0000] {processor.py:830} INFO - Processing file /home/airflow/.local/lib/python3.12/site-packages/airflow/example_dags/example_latest_only.py for tasks to queue
[2024-05-24T05:51:25.419+0000] {logging_mixin.py:188} INFO - [2024-05-24T05:51:25.419+0000] {dagbag.py:545} INFO - Filling up the DagBag from /home/airflow/.local/lib/python3.12/site-packages/airflow/example_dags/example_latest_only.py
[2024-05-24T05:51:25.420+0000] {processor.py:840} INFO - DAG(s) 'latest_only' retrieved from /home/airflow/.local/lib/python3.12/site-packages/airflow/example_dags/example_latest_only.py
[2024-05-24T05:51:25.428+0000] {logging_mixin.py:188} INFO - [2024-05-24T05:51:25.428+0000] {dag.py:3096} INFO - Sync 1 DAGs
[2024-05-24T05:51:25.435+0000] {logging_mixin.py:188} INFO - [2024-05-24T05:51:25.435+0000] {dag.py:3954} INFO - Setting next_dagrun for latest_only to 2024-05-24 00:00:00+00:00, run_after=2024-05-24 04:00:00+00:00
[2024-05-24T05:51:25.442+0000] {processor.py:183} INFO - Processing /home/airflow/.local/lib/python3.12/site-packages/airflow/example_dags/example_latest_only.py took 0.026 seconds
[2024-05-24T05:51:55.692+0000] {processor.py:161} INFO - Started process (PID=3772) to work on /home/airflow/.local/lib/python3.12/site-packages/airflow/example_dags/example_latest_only.py
[2024-05-24T05:51:55.693+0000] {processor.py:830} INFO - Processing file /home/airflow/.local/lib/python3.12/site-packages/airflow/example_dags/example_latest_only.py for tasks to queue
[2024-05-24T05:51:55.693+0000] {logging_mixin.py:188} INFO - [2024-05-24T05:51:55.693+0000] {dagbag.py:545} INFO - Filling up the DagBag from /home/airflow/.local/lib/python3.12/site-packages/airflow/example_dags/example_latest_only.py
[2024-05-24T05:51:55.695+0000] {processor.py:840} INFO - DAG(s) 'latest_only' retrieved from /home/airflow/.local/lib/python3.12/site-packages/airflow/example_dags/example_latest_only.py
[2024-05-24T05:51:55.703+0000] {logging_mixin.py:188} INFO - [2024-05-24T05:51:55.703+0000] {dag.py:3096} INFO - Sync 1 DAGs
[2024-05-24T05:51:55.711+0000] {logging_mixin.py:188} INFO - [2024-05-24T05:51:55.711+0000] {dag.py:3954} INFO - Setting next_dagrun for latest_only to 2024-05-24 00:00:00+00:00, run_after=2024-05-24 04:00:00+00:00
[2024-05-24T05:51:55.718+0000] {processor.py:183} INFO - Processing /home/airflow/.local/lib/python3.12/site-packages/airflow/example_dags/example_latest_only.py took 0.028 seconds
[2024-05-24T05:52:25.982+0000] {processor.py:161} INFO - Started process (PID=4034) to work on /home/airflow/.local/lib/python3.12/site-packages/airflow/example_dags/example_latest_only.py
[2024-05-24T05:52:25.982+0000] {processor.py:830} INFO - Processing file /home/airflow/.local/lib/python3.12/site-packages/airflow/example_dags/example_latest_only.py for tasks to queue
[2024-05-24T05:52:25.983+0000] {logging_mixin.py:188} INFO - [2024-05-24T05:52:25.983+0000] {dagbag.py:545} INFO - Filling up the DagBag from /home/airflow/.local/lib/python3.12/site-packages/airflow/example_dags/example_latest_only.py
[2024-05-24T05:52:25.985+0000] {processor.py:840} INFO - DAG(s) 'latest_only' retrieved from /home/airflow/.local/lib/python3.12/site-packages/airflow/example_dags/example_latest_only.py
[2024-05-24T05:52:25.992+0000] {logging_mixin.py:188} INFO - [2024-05-24T05:52:25.992+0000] {dag.py:3096} INFO - Sync 1 DAGs
[2024-05-24T05:52:25.999+0000] {logging_mixin.py:188} INFO - [2024-05-24T05:52:25.999+0000] {dag.py:3954} INFO - Setting next_dagrun for latest_only to 2024-05-24 00:00:00+00:00, run_after=2024-05-24 04:00:00+00:00
[2024-05-24T05:52:26.005+0000] {processor.py:183} INFO - Processing /home/airflow/.local/lib/python3.12/site-packages/airflow/example_dags/example_latest_only.py took 0.026 seconds
[2024-05-24T05:52:56.296+0000] {processor.py:161} INFO - Started process (PID=4296) to work on /home/airflow/.local/lib/python3.12/site-packages/airflow/example_dags/example_latest_only.py
[2024-05-24T05:52:56.296+0000] {processor.py:830} INFO - Processing file /home/airflow/.local/lib/python3.12/site-packages/airflow/example_dags/example_latest_only.py for tasks to queue
[2024-05-24T05:52:56.297+0000] {logging_mixin.py:188} INFO - [2024-05-24T05:52:56.297+0000] {dagbag.py:545} INFO - Filling up the DagBag from /home/airflow/.local/lib/python3.12/site-packages/airflow/example_dags/example_latest_only.py
[2024-05-24T05:52:56.299+0000] {processor.py:840} INFO - DAG(s) 'latest_only' retrieved from /home/airflow/.local/lib/python3.12/site-packages/airflow/example_dags/example_latest_only.py
[2024-05-24T05:52:56.306+0000] {logging_mixin.py:188} INFO - [2024-05-24T05:52:56.306+0000] {dag.py:3096} INFO - Sync 1 DAGs
[2024-05-24T05:52:56.313+0000] {logging_mixin.py:188} INFO - [2024-05-24T05:52:56.313+0000] {dag.py:3954} INFO - Setting next_dagrun for latest_only to 2024-05-24 00:00:00+00:00, run_after=2024-05-24 04:00:00+00:00
[2024-05-24T05:52:56.319+0000] {processor.py:183} INFO - Processing /home/airflow/.local/lib/python3.12/site-packages/airflow/example_dags/example_latest_only.py took 0.026 seconds
[2024-05-24T05:53:26.748+0000] {processor.py:161} INFO - Started process (PID=4558) to work on /home/airflow/.local/lib/python3.12/site-packages/airflow/example_dags/example_latest_only.py
[2024-05-24T05:53:26.748+0000] {processor.py:830} INFO - Processing file /home/airflow/.local/lib/python3.12/site-packages/airflow/example_dags/example_latest_only.py for tasks to queue
[2024-05-24T05:53:26.749+0000] {logging_mixin.py:188} INFO - [2024-05-24T05:53:26.749+0000] {dagbag.py:545} INFO - Filling up the DagBag from /home/airflow/.local/lib/python3.12/site-packages/airflow/example_dags/example_latest_only.py
[2024-05-24T05:53:26.751+0000] {processor.py:840} INFO - DAG(s) 'latest_only' retrieved from /home/airflow/.local/lib/python3.12/site-packages/airflow/example_dags/example_latest_only.py
[2024-05-24T05:53:26.761+0000] {logging_mixin.py:188} INFO - [2024-05-24T05:53:26.761+0000] {dag.py:3096} INFO - Sync 1 DAGs
[2024-05-24T05:53:26.768+0000] {logging_mixin.py:188} INFO - [2024-05-24T05:53:26.768+0000] {dag.py:3954} INFO - Setting next_dagrun for latest_only to 2024-05-24 00:00:00+00:00, run_after=2024-05-24 04:00:00+00:00
[2024-05-24T05:53:26.775+0000] {processor.py:183} INFO - Processing /home/airflow/.local/lib/python3.12/site-packages/airflow/example_dags/example_latest_only.py took 0.029 seconds
[2024-05-24T05:53:57.168+0000] {processor.py:161} INFO - Started process (PID=4847) to work on /home/airflow/.local/lib/python3.12/site-packages/airflow/example_dags/example_latest_only.py
[2024-05-24T05:53:57.168+0000] {processor.py:830} INFO - Processing file /home/airflow/.local/lib/python3.12/site-packages/airflow/example_dags/example_latest_only.py for tasks to queue
[2024-05-24T05:53:57.169+0000] {logging_mixin.py:188} INFO - [2024-05-24T05:53:57.169+0000] {dagbag.py:545} INFO - Filling up the DagBag from /home/airflow/.local/lib/python3.12/site-packages/airflow/example_dags/example_latest_only.py
[2024-05-24T05:53:57.171+0000] {processor.py:840} INFO - DAG(s) 'latest_only' retrieved from /home/airflow/.local/lib/python3.12/site-packages/airflow/example_dags/example_latest_only.py
[2024-05-24T05:53:57.179+0000] {logging_mixin.py:188} INFO - [2024-05-24T05:53:57.179+0000] {dag.py:3096} INFO - Sync 1 DAGs
[2024-05-24T05:53:57.186+0000] {logging_mixin.py:188} INFO - [2024-05-24T05:53:57.186+0000] {dag.py:3954} INFO - Setting next_dagrun for latest_only to 2024-05-24 00:00:00+00:00, run_after=2024-05-24 04:00:00+00:00
[2024-05-24T05:53:57.192+0000] {processor.py:183} INFO - Processing /home/airflow/.local/lib/python3.12/site-packages/airflow/example_dags/example_latest_only.py took 0.027 seconds
[2024-05-24T05:54:27.506+0000] {processor.py:161} INFO - Started process (PID=5109) to work on /home/airflow/.local/lib/python3.12/site-packages/airflow/example_dags/example_latest_only.py
[2024-05-24T05:54:27.507+0000] {processor.py:830} INFO - Processing file /home/airflow/.local/lib/python3.12/site-packages/airflow/example_dags/example_latest_only.py for tasks to queue
[2024-05-24T05:54:27.508+0000] {logging_mixin.py:188} INFO - [2024-05-24T05:54:27.507+0000] {dagbag.py:545} INFO - Filling up the DagBag from /home/airflow/.local/lib/python3.12/site-packages/airflow/example_dags/example_latest_only.py
[2024-05-24T05:54:27.510+0000] {processor.py:840} INFO - DAG(s) 'latest_only' retrieved from /home/airflow/.local/lib/python3.12/site-packages/airflow/example_dags/example_latest_only.py
[2024-05-24T05:54:27.518+0000] {logging_mixin.py:188} INFO - [2024-05-24T05:54:27.518+0000] {dag.py:3096} INFO - Sync 1 DAGs
[2024-05-24T05:54:27.526+0000] {logging_mixin.py:188} INFO - [2024-05-24T05:54:27.526+0000] {dag.py:3954} INFO - Setting next_dagrun for latest_only to 2024-05-24 00:00:00+00:00, run_after=2024-05-24 04:00:00+00:00
[2024-05-24T05:54:27.534+0000] {processor.py:183} INFO - Processing /home/airflow/.local/lib/python3.12/site-packages/airflow/example_dags/example_latest_only.py took 0.030 seconds
[2024-05-24T05:54:57.774+0000] {processor.py:161} INFO - Started process (PID=5369) to work on /home/airflow/.local/lib/python3.12/site-packages/airflow/example_dags/example_latest_only.py
[2024-05-24T05:54:57.774+0000] {processor.py:830} INFO - Processing file /home/airflow/.local/lib/python3.12/site-packages/airflow/example_dags/example_latest_only.py for tasks to queue
[2024-05-24T05:54:57.775+0000] {logging_mixin.py:188} INFO - [2024-05-24T05:54:57.775+0000] {dagbag.py:545} INFO - Filling up the DagBag from /home/airflow/.local/lib/python3.12/site-packages/airflow/example_dags/example_latest_only.py
[2024-05-24T05:54:57.777+0000] {processor.py:840} INFO - DAG(s) 'latest_only' retrieved from /home/airflow/.local/lib/python3.12/site-packages/airflow/example_dags/example_latest_only.py
[2024-05-24T05:54:57.784+0000] {logging_mixin.py:188} INFO - [2024-05-24T05:54:57.784+0000] {dag.py:3096} INFO - Sync 1 DAGs
[2024-05-24T05:54:57.792+0000] {logging_mixin.py:188} INFO - [2024-05-24T05:54:57.792+0000] {dag.py:3954} INFO - Setting next_dagrun for latest_only to 2024-05-24 00:00:00+00:00, run_after=2024-05-24 04:00:00+00:00
[2024-05-24T05:54:57.798+0000] {processor.py:183} INFO - Processing /home/airflow/.local/lib/python3.12/site-packages/airflow/example_dags/example_latest_only.py took 0.026 seconds
[2024-05-24T05:55:28.150+0000] {processor.py:161} INFO - Started process (PID=5631) to work on /home/airflow/.local/lib/python3.12/site-packages/airflow/example_dags/example_latest_only.py
[2024-05-24T05:55:28.150+0000] {processor.py:830} INFO - Processing file /home/airflow/.local/lib/python3.12/site-packages/airflow/example_dags/example_latest_only.py for tasks to queue
[2024-05-24T05:55:28.151+0000] {logging_mixin.py:188} INFO - [2024-05-24T05:55:28.151+0000] {dagbag.py:545} INFO - Filling up the DagBag from /home/airflow/.local/lib/python3.12/site-packages/airflow/example_dags/example_latest_only.py
[2024-05-24T05:55:28.153+0000] {processor.py:840} INFO - DAG(s) 'latest_only' retrieved from /home/airflow/.local/lib/python3.12/site-packages/airflow/example_dags/example_latest_only.py
[2024-05-24T05:55:28.160+0000] {logging_mixin.py:188} INFO - [2024-05-24T05:55:28.160+0000] {dag.py:3096} INFO - Sync 1 DAGs
[2024-05-24T05:55:28.167+0000] {logging_mixin.py:188} INFO - [2024-05-24T05:55:28.167+0000] {dag.py:3954} INFO - Setting next_dagrun for latest_only to 2024-05-24 00:00:00+00:00, run_after=2024-05-24 04:00:00+00:00
[2024-05-24T05:55:28.173+0000] {processor.py:183} INFO - Processing /home/airflow/.local/lib/python3.12/site-packages/airflow/example_dags/example_latest_only.py took 0.026 seconds
[2024-05-24T05:55:58.492+0000] {processor.py:161} INFO - Started process (PID=5893) to work on /home/airflow/.local/lib/python3.12/site-packages/airflow/example_dags/example_latest_only.py
[2024-05-24T05:55:58.492+0000] {processor.py:830} INFO - Processing file /home/airflow/.local/lib/python3.12/site-packages/airflow/example_dags/example_latest_only.py for tasks to queue
[2024-05-24T05:55:58.493+0000] {logging_mixin.py:188} INFO - [2024-05-24T05:55:58.493+0000] {dagbag.py:545} INFO - Filling up the DagBag from /home/airflow/.local/lib/python3.12/site-packages/airflow/example_dags/example_latest_only.py
[2024-05-24T05:55:58.495+0000] {processor.py:840} INFO - DAG(s) 'latest_only' retrieved from /home/airflow/.local/lib/python3.12/site-packages/airflow/example_dags/example_latest_only.py
[2024-05-24T05:55:58.502+0000] {logging_mixin.py:188} INFO - [2024-05-24T05:55:58.502+0000] {dag.py:3096} INFO - Sync 1 DAGs
[2024-05-24T05:55:58.510+0000] {logging_mixin.py:188} INFO - [2024-05-24T05:55:58.509+0000] {dag.py:3954} INFO - Setting next_dagrun for latest_only to 2024-05-24 00:00:00+00:00, run_after=2024-05-24 04:00:00+00:00
[2024-05-24T05:55:58.516+0000] {processor.py:183} INFO - Processing /home/airflow/.local/lib/python3.12/site-packages/airflow/example_dags/example_latest_only.py took 0.026 seconds
[2024-05-24T05:56:28.832+0000] {processor.py:161} INFO - Started process (PID=6155) to work on /home/airflow/.local/lib/python3.12/site-packages/airflow/example_dags/example_latest_only.py
[2024-05-24T05:56:28.832+0000] {processor.py:830} INFO - Processing file /home/airflow/.local/lib/python3.12/site-packages/airflow/example_dags/example_latest_only.py for tasks to queue
[2024-05-24T05:56:28.833+0000] {logging_mixin.py:188} INFO - [2024-05-24T05:56:28.833+0000] {dagbag.py:545} INFO - Filling up the DagBag from /home/airflow/.local/lib/python3.12/site-packages/airflow/example_dags/example_latest_only.py
[2024-05-24T05:56:28.835+0000] {processor.py:840} INFO - DAG(s) 'latest_only' retrieved from /home/airflow/.local/lib/python3.12/site-packages/airflow/example_dags/example_latest_only.py
[2024-05-24T05:56:28.842+0000] {logging_mixin.py:188} INFO - [2024-05-24T05:56:28.842+0000] {dag.py:3096} INFO - Sync 1 DAGs
[2024-05-24T05:56:28.849+0000] {logging_mixin.py:188} INFO - [2024-05-24T05:56:28.849+0000] {dag.py:3954} INFO - Setting next_dagrun for latest_only to 2024-05-24 00:00:00+00:00, run_after=2024-05-24 04:00:00+00:00
[2024-05-24T05:56:28.856+0000] {processor.py:183} INFO - Processing /home/airflow/.local/lib/python3.12/site-packages/airflow/example_dags/example_latest_only.py took 0.027 seconds
[2024-05-24T05:56:59.145+0000] {processor.py:161} INFO - Started process (PID=6417) to work on /home/airflow/.local/lib/python3.12/site-packages/airflow/example_dags/example_latest_only.py
[2024-05-24T05:56:59.146+0000] {processor.py:830} INFO - Processing file /home/airflow/.local/lib/python3.12/site-packages/airflow/example_dags/example_latest_only.py for tasks to queue
[2024-05-24T05:56:59.147+0000] {logging_mixin.py:188} INFO - [2024-05-24T05:56:59.146+0000] {dagbag.py:545} INFO - Filling up the DagBag from /home/airflow/.local/lib/python3.12/site-packages/airflow/example_dags/example_latest_only.py
[2024-05-24T05:56:59.149+0000] {processor.py:840} INFO - DAG(s) 'latest_only' retrieved from /home/airflow/.local/lib/python3.12/site-packages/airflow/example_dags/example_latest_only.py
[2024-05-24T05:56:59.156+0000] {logging_mixin.py:188} INFO - [2024-05-24T05:56:59.156+0000] {dag.py:3096} INFO - Sync 1 DAGs
[2024-05-24T05:56:59.163+0000] {logging_mixin.py:188} INFO - [2024-05-24T05:56:59.163+0000] {dag.py:3954} INFO - Setting next_dagrun for latest_only to 2024-05-24 00:00:00+00:00, run_after=2024-05-24 04:00:00+00:00
[2024-05-24T05:56:59.170+0000] {processor.py:183} INFO - Processing /home/airflow/.local/lib/python3.12/site-packages/airflow/example_dags/example_latest_only.py took 0.026 seconds
[2024-05-24T05:57:29.469+0000] {processor.py:161} INFO - Started process (PID=6679) to work on /home/airflow/.local/lib/python3.12/site-packages/airflow/example_dags/example_latest_only.py
[2024-05-24T05:57:29.469+0000] {processor.py:830} INFO - Processing file /home/airflow/.local/lib/python3.12/site-packages/airflow/example_dags/example_latest_only.py for tasks to queue
[2024-05-24T05:57:29.470+0000] {logging_mixin.py:188} INFO - [2024-05-24T05:57:29.470+0000] {dagbag.py:545} INFO - Filling up the DagBag from /home/airflow/.local/lib/python3.12/site-packages/airflow/example_dags/example_latest_only.py
[2024-05-24T05:57:29.472+0000] {processor.py:840} INFO - DAG(s) 'latest_only' retrieved from /home/airflow/.local/lib/python3.12/site-packages/airflow/example_dags/example_latest_only.py
[2024-05-24T05:57:29.480+0000] {logging_mixin.py:188} INFO - [2024-05-24T05:57:29.479+0000] {dag.py:3096} INFO - Sync 1 DAGs
[2024-05-24T05:57:29.487+0000] {logging_mixin.py:188} INFO - [2024-05-24T05:57:29.487+0000] {dag.py:3954} INFO - Setting next_dagrun for latest_only to 2024-05-24 00:00:00+00:00, run_after=2024-05-24 04:00:00+00:00
[2024-05-24T05:57:29.494+0000] {processor.py:183} INFO - Processing /home/airflow/.local/lib/python3.12/site-packages/airflow/example_dags/example_latest_only.py took 0.027 seconds
[2024-05-24T05:57:59.826+0000] {processor.py:161} INFO - Started process (PID=6941) to work on /home/airflow/.local/lib/python3.12/site-packages/airflow/example_dags/example_latest_only.py
[2024-05-24T05:57:59.826+0000] {processor.py:830} INFO - Processing file /home/airflow/.local/lib/python3.12/site-packages/airflow/example_dags/example_latest_only.py for tasks to queue
[2024-05-24T05:57:59.827+0000] {logging_mixin.py:188} INFO - [2024-05-24T05:57:59.827+0000] {dagbag.py:545} INFO - Filling up the DagBag from /home/airflow/.local/lib/python3.12/site-packages/airflow/example_dags/example_latest_only.py
[2024-05-24T05:57:59.829+0000] {processor.py:840} INFO - DAG(s) 'latest_only' retrieved from /home/airflow/.local/lib/python3.12/site-packages/airflow/example_dags/example_latest_only.py
[2024-05-24T05:57:59.836+0000] {logging_mixin.py:188} INFO - [2024-05-24T05:57:59.836+0000] {dag.py:3096} INFO - Sync 1 DAGs
[2024-05-24T05:57:59.844+0000] {logging_mixin.py:188} INFO - [2024-05-24T05:57:59.844+0000] {dag.py:3954} INFO - Setting next_dagrun for latest_only to 2024-05-24 00:00:00+00:00, run_after=2024-05-24 04:00:00+00:00
[2024-05-24T05:57:59.850+0000] {processor.py:183} INFO - Processing /home/airflow/.local/lib/python3.12/site-packages/airflow/example_dags/example_latest_only.py took 0.027 seconds
[2024-05-24T05:58:30.229+0000] {processor.py:161} INFO - Started process (PID=7205) to work on /home/airflow/.local/lib/python3.12/site-packages/airflow/example_dags/example_latest_only.py
[2024-05-24T05:58:30.230+0000] {processor.py:830} INFO - Processing file /home/airflow/.local/lib/python3.12/site-packages/airflow/example_dags/example_latest_only.py for tasks to queue
[2024-05-24T05:58:30.230+0000] {logging_mixin.py:188} INFO - [2024-05-24T05:58:30.230+0000] {dagbag.py:545} INFO - Filling up the DagBag from /home/airflow/.local/lib/python3.12/site-packages/airflow/example_dags/example_latest_only.py
[2024-05-24T05:58:30.232+0000] {processor.py:840} INFO - DAG(s) 'latest_only' retrieved from /home/airflow/.local/lib/python3.12/site-packages/airflow/example_dags/example_latest_only.py
[2024-05-24T05:58:30.240+0000] {logging_mixin.py:188} INFO - [2024-05-24T05:58:30.240+0000] {dag.py:3096} INFO - Sync 1 DAGs
[2024-05-24T05:58:30.248+0000] {logging_mixin.py:188} INFO - [2024-05-24T05:58:30.247+0000] {dag.py:3954} INFO - Setting next_dagrun for latest_only to 2024-05-24 00:00:00+00:00, run_after=2024-05-24 04:00:00+00:00
[2024-05-24T05:58:30.253+0000] {processor.py:183} INFO - Processing /home/airflow/.local/lib/python3.12/site-packages/airflow/example_dags/example_latest_only.py took 0.027 seconds
[2024-05-24T06:13:53.571+0000] {processor.py:161} INFO - Started process (PID=7465) to work on /home/airflow/.local/lib/python3.12/site-packages/airflow/example_dags/example_latest_only.py
[2024-05-24T06:13:53.572+0000] {processor.py:830} INFO - Processing file /home/airflow/.local/lib/python3.12/site-packages/airflow/example_dags/example_latest_only.py for tasks to queue
[2024-05-24T06:13:53.572+0000] {logging_mixin.py:188} INFO - [2024-05-24T06:13:53.572+0000] {dagbag.py:545} INFO - Filling up the DagBag from /home/airflow/.local/lib/python3.12/site-packages/airflow/example_dags/example_latest_only.py
[2024-05-24T06:13:53.574+0000] {processor.py:840} INFO - DAG(s) 'latest_only' retrieved from /home/airflow/.local/lib/python3.12/site-packages/airflow/example_dags/example_latest_only.py
[2024-05-24T06:13:53.582+0000] {logging_mixin.py:188} INFO - [2024-05-24T06:13:53.582+0000] {dag.py:3096} INFO - Sync 1 DAGs
[2024-05-24T06:13:53.590+0000] {logging_mixin.py:188} INFO - [2024-05-24T06:13:53.590+0000] {dag.py:3954} INFO - Setting next_dagrun for latest_only to 2024-05-24 00:00:00+00:00, run_after=2024-05-24 04:00:00+00:00
[2024-05-24T06:13:53.596+0000] {processor.py:183} INFO - Processing /home/airflow/.local/lib/python3.12/site-packages/airflow/example_dags/example_latest_only.py took 0.027 seconds
[2024-05-24T06:26:10.461+0000] {processor.py:161} INFO - Started process (PID=7728) to work on /home/airflow/.local/lib/python3.12/site-packages/airflow/example_dags/example_latest_only.py
[2024-05-24T06:26:10.461+0000] {processor.py:830} INFO - Processing file /home/airflow/.local/lib/python3.12/site-packages/airflow/example_dags/example_latest_only.py for tasks to queue
[2024-05-24T06:26:10.462+0000] {logging_mixin.py:188} INFO - [2024-05-24T06:26:10.462+0000] {dagbag.py:545} INFO - Filling up the DagBag from /home/airflow/.local/lib/python3.12/site-packages/airflow/example_dags/example_latest_only.py
[2024-05-24T06:26:10.464+0000] {processor.py:840} INFO - DAG(s) 'latest_only' retrieved from /home/airflow/.local/lib/python3.12/site-packages/airflow/example_dags/example_latest_only.py
[2024-05-24T06:26:10.472+0000] {logging_mixin.py:188} INFO - [2024-05-24T06:26:10.472+0000] {dag.py:3096} INFO - Sync 1 DAGs
[2024-05-24T06:26:10.479+0000] {logging_mixin.py:188} INFO - [2024-05-24T06:26:10.479+0000] {dag.py:3954} INFO - Setting next_dagrun for latest_only to 2024-05-24 00:00:00+00:00, run_after=2024-05-24 04:00:00+00:00
[2024-05-24T06:26:10.486+0000] {processor.py:183} INFO - Processing /home/airflow/.local/lib/python3.12/site-packages/airflow/example_dags/example_latest_only.py took 0.027 seconds
[2024-05-24T06:26:40.891+0000] {processor.py:161} INFO - Started process (PID=7989) to work on /home/airflow/.local/lib/python3.12/site-packages/airflow/example_dags/example_latest_only.py
[2024-05-24T06:26:40.891+0000] {processor.py:830} INFO - Processing file /home/airflow/.local/lib/python3.12/site-packages/airflow/example_dags/example_latest_only.py for tasks to queue
[2024-05-24T06:26:40.892+0000] {logging_mixin.py:188} INFO - [2024-05-24T06:26:40.892+0000] {dagbag.py:545} INFO - Filling up the DagBag from /home/airflow/.local/lib/python3.12/site-packages/airflow/example_dags/example_latest_only.py
[2024-05-24T06:26:40.894+0000] {processor.py:840} INFO - DAG(s) 'latest_only' retrieved from /home/airflow/.local/lib/python3.12/site-packages/airflow/example_dags/example_latest_only.py
[2024-05-24T06:26:40.902+0000] {logging_mixin.py:188} INFO - [2024-05-24T06:26:40.902+0000] {dag.py:3096} INFO - Sync 1 DAGs
[2024-05-24T06:26:40.909+0000] {logging_mixin.py:188} INFO - [2024-05-24T06:26:40.909+0000] {dag.py:3954} INFO - Setting next_dagrun for latest_only to 2024-05-24 00:00:00+00:00, run_after=2024-05-24 04:00:00+00:00
[2024-05-24T06:26:40.915+0000] {processor.py:183} INFO - Processing /home/airflow/.local/lib/python3.12/site-packages/airflow/example_dags/example_latest_only.py took 0.026 seconds
[2024-05-24T06:27:11.302+0000] {processor.py:161} INFO - Started process (PID=8249) to work on /home/airflow/.local/lib/python3.12/site-packages/airflow/example_dags/example_latest_only.py
[2024-05-24T06:27:11.302+0000] {processor.py:830} INFO - Processing file /home/airflow/.local/lib/python3.12/site-packages/airflow/example_dags/example_latest_only.py for tasks to queue
[2024-05-24T06:27:11.303+0000] {logging_mixin.py:188} INFO - [2024-05-24T06:27:11.303+0000] {dagbag.py:545} INFO - Filling up the DagBag from /home/airflow/.local/lib/python3.12/site-packages/airflow/example_dags/example_latest_only.py
[2024-05-24T06:27:11.305+0000] {processor.py:840} INFO - DAG(s) 'latest_only' retrieved from /home/airflow/.local/lib/python3.12/site-packages/airflow/example_dags/example_latest_only.py
[2024-05-24T06:27:11.312+0000] {logging_mixin.py:188} INFO - [2024-05-24T06:27:11.312+0000] {dag.py:3096} INFO - Sync 1 DAGs
[2024-05-24T06:27:11.320+0000] {logging_mixin.py:188} INFO - [2024-05-24T06:27:11.320+0000] {dag.py:3954} INFO - Setting next_dagrun for latest_only to 2024-05-24 00:00:00+00:00, run_after=2024-05-24 04:00:00+00:00
[2024-05-24T06:27:11.326+0000] {processor.py:183} INFO - Processing /home/airflow/.local/lib/python3.12/site-packages/airflow/example_dags/example_latest_only.py took 0.027 seconds
[2024-05-24T06:28:26.447+0000] {processor.py:161} INFO - Started process (PID=8511) to work on /home/airflow/.local/lib/python3.12/site-packages/airflow/example_dags/example_latest_only.py
[2024-05-24T06:28:26.448+0000] {processor.py:830} INFO - Processing file /home/airflow/.local/lib/python3.12/site-packages/airflow/example_dags/example_latest_only.py for tasks to queue
[2024-05-24T06:28:26.449+0000] {logging_mixin.py:188} INFO - [2024-05-24T06:28:26.449+0000] {dagbag.py:545} INFO - Filling up the DagBag from /home/airflow/.local/lib/python3.12/site-packages/airflow/example_dags/example_latest_only.py
[2024-05-24T06:28:26.451+0000] {processor.py:840} INFO - DAG(s) 'latest_only' retrieved from /home/airflow/.local/lib/python3.12/site-packages/airflow/example_dags/example_latest_only.py
[2024-05-24T06:28:26.459+0000] {logging_mixin.py:188} INFO - [2024-05-24T06:28:26.459+0000] {dag.py:3096} INFO - Sync 1 DAGs
[2024-05-24T06:28:26.468+0000] {logging_mixin.py:188} INFO - [2024-05-24T06:28:26.467+0000] {dag.py:3954} INFO - Setting next_dagrun for latest_only to 2024-05-24 00:00:00+00:00, run_after=2024-05-24 04:00:00+00:00
[2024-05-24T06:28:26.474+0000] {processor.py:183} INFO - Processing /home/airflow/.local/lib/python3.12/site-packages/airflow/example_dags/example_latest_only.py took 0.029 seconds
[2024-05-24T06:28:56.834+0000] {processor.py:161} INFO - Started process (PID=8775) to work on /home/airflow/.local/lib/python3.12/site-packages/airflow/example_dags/example_latest_only.py
[2024-05-24T06:28:56.835+0000] {processor.py:830} INFO - Processing file /home/airflow/.local/lib/python3.12/site-packages/airflow/example_dags/example_latest_only.py for tasks to queue
[2024-05-24T06:28:56.836+0000] {logging_mixin.py:188} INFO - [2024-05-24T06:28:56.835+0000] {dagbag.py:545} INFO - Filling up the DagBag from /home/airflow/.local/lib/python3.12/site-packages/airflow/example_dags/example_latest_only.py
[2024-05-24T06:28:56.838+0000] {processor.py:840} INFO - DAG(s) 'latest_only' retrieved from /home/airflow/.local/lib/python3.12/site-packages/airflow/example_dags/example_latest_only.py
[2024-05-24T06:28:56.846+0000] {logging_mixin.py:188} INFO - [2024-05-24T06:28:56.846+0000] {dag.py:3096} INFO - Sync 1 DAGs
[2024-05-24T06:28:56.854+0000] {logging_mixin.py:188} INFO - [2024-05-24T06:28:56.854+0000] {dag.py:3954} INFO - Setting next_dagrun for latest_only to 2024-05-24 00:00:00+00:00, run_after=2024-05-24 04:00:00+00:00
[2024-05-24T06:28:56.860+0000] {processor.py:183} INFO - Processing /home/airflow/.local/lib/python3.12/site-packages/airflow/example_dags/example_latest_only.py took 0.028 seconds
[2024-05-24T06:29:27.289+0000] {processor.py:161} INFO - Started process (PID=9035) to work on /home/airflow/.local/lib/python3.12/site-packages/airflow/example_dags/example_latest_only.py
[2024-05-24T06:29:27.290+0000] {processor.py:830} INFO - Processing file /home/airflow/.local/lib/python3.12/site-packages/airflow/example_dags/example_latest_only.py for tasks to queue
[2024-05-24T06:29:27.291+0000] {logging_mixin.py:188} INFO - [2024-05-24T06:29:27.291+0000] {dagbag.py:545} INFO - Filling up the DagBag from /home/airflow/.local/lib/python3.12/site-packages/airflow/example_dags/example_latest_only.py
[2024-05-24T06:29:27.293+0000] {processor.py:840} INFO - DAG(s) 'latest_only' retrieved from /home/airflow/.local/lib/python3.12/site-packages/airflow/example_dags/example_latest_only.py
[2024-05-24T06:29:27.301+0000] {logging_mixin.py:188} INFO - [2024-05-24T06:29:27.301+0000] {dag.py:3096} INFO - Sync 1 DAGs
[2024-05-24T06:29:27.309+0000] {logging_mixin.py:188} INFO - [2024-05-24T06:29:27.309+0000] {dag.py:3954} INFO - Setting next_dagrun for latest_only to 2024-05-24 00:00:00+00:00, run_after=2024-05-24 04:00:00+00:00
[2024-05-24T06:29:27.315+0000] {processor.py:183} INFO - Processing /home/airflow/.local/lib/python3.12/site-packages/airflow/example_dags/example_latest_only.py took 0.028 seconds
[2024-05-24T06:29:57.658+0000] {processor.py:161} INFO - Started process (PID=9297) to work on /home/airflow/.local/lib/python3.12/site-packages/airflow/example_dags/example_latest_only.py
[2024-05-24T06:29:57.659+0000] {processor.py:830} INFO - Processing file /home/airflow/.local/lib/python3.12/site-packages/airflow/example_dags/example_latest_only.py for tasks to queue
[2024-05-24T06:29:57.660+0000] {logging_mixin.py:188} INFO - [2024-05-24T06:29:57.659+0000] {dagbag.py:545} INFO - Filling up the DagBag from /home/airflow/.local/lib/python3.12/site-packages/airflow/example_dags/example_latest_only.py
[2024-05-24T06:29:57.662+0000] {processor.py:840} INFO - DAG(s) 'latest_only' retrieved from /home/airflow/.local/lib/python3.12/site-packages/airflow/example_dags/example_latest_only.py
[2024-05-24T06:29:57.669+0000] {logging_mixin.py:188} INFO - [2024-05-24T06:29:57.669+0000] {dag.py:3096} INFO - Sync 1 DAGs
[2024-05-24T06:29:57.676+0000] {logging_mixin.py:188} INFO - [2024-05-24T06:29:57.676+0000] {dag.py:3954} INFO - Setting next_dagrun for latest_only to 2024-05-24 00:00:00+00:00, run_after=2024-05-24 04:00:00+00:00
[2024-05-24T06:29:57.683+0000] {processor.py:183} INFO - Processing /home/airflow/.local/lib/python3.12/site-packages/airflow/example_dags/example_latest_only.py took 0.027 seconds
[2024-05-24T06:32:51.298+0000] {processor.py:161} INFO - Started process (PID=9559) to work on /home/airflow/.local/lib/python3.12/site-packages/airflow/example_dags/example_latest_only.py
[2024-05-24T06:32:51.298+0000] {processor.py:830} INFO - Processing file /home/airflow/.local/lib/python3.12/site-packages/airflow/example_dags/example_latest_only.py for tasks to queue
[2024-05-24T06:32:51.299+0000] {logging_mixin.py:188} INFO - [2024-05-24T06:32:51.299+0000] {dagbag.py:545} INFO - Filling up the DagBag from /home/airflow/.local/lib/python3.12/site-packages/airflow/example_dags/example_latest_only.py
[2024-05-24T06:32:51.301+0000] {processor.py:840} INFO - DAG(s) 'latest_only' retrieved from /home/airflow/.local/lib/python3.12/site-packages/airflow/example_dags/example_latest_only.py
[2024-05-24T06:32:51.309+0000] {logging_mixin.py:188} INFO - [2024-05-24T06:32:51.308+0000] {dag.py:3096} INFO - Sync 1 DAGs
[2024-05-24T06:32:51.316+0000] {logging_mixin.py:188} INFO - [2024-05-24T06:32:51.316+0000] {dag.py:3954} INFO - Setting next_dagrun for latest_only to 2024-05-24 00:00:00+00:00, run_after=2024-05-24 04:00:00+00:00
[2024-05-24T06:32:51.322+0000] {processor.py:183} INFO - Processing /home/airflow/.local/lib/python3.12/site-packages/airflow/example_dags/example_latest_only.py took 0.027 seconds
[2024-05-24T06:34:34.493+0000] {processor.py:161} INFO - Started process (PID=9821) to work on /home/airflow/.local/lib/python3.12/site-packages/airflow/example_dags/example_latest_only.py
[2024-05-24T06:34:34.494+0000] {processor.py:830} INFO - Processing file /home/airflow/.local/lib/python3.12/site-packages/airflow/example_dags/example_latest_only.py for tasks to queue
[2024-05-24T06:34:34.494+0000] {logging_mixin.py:188} INFO - [2024-05-24T06:34:34.494+0000] {dagbag.py:545} INFO - Filling up the DagBag from /home/airflow/.local/lib/python3.12/site-packages/airflow/example_dags/example_latest_only.py
[2024-05-24T06:34:34.496+0000] {processor.py:840} INFO - DAG(s) 'latest_only' retrieved from /home/airflow/.local/lib/python3.12/site-packages/airflow/example_dags/example_latest_only.py
[2024-05-24T06:34:34.505+0000] {logging_mixin.py:188} INFO - [2024-05-24T06:34:34.505+0000] {dag.py:3096} INFO - Sync 1 DAGs
[2024-05-24T06:34:34.514+0000] {logging_mixin.py:188} INFO - [2024-05-24T06:34:34.514+0000] {dag.py:3954} INFO - Setting next_dagrun for latest_only to 2024-05-24 00:00:00+00:00, run_after=2024-05-24 04:00:00+00:00
[2024-05-24T06:34:34.521+0000] {processor.py:183} INFO - Processing /home/airflow/.local/lib/python3.12/site-packages/airflow/example_dags/example_latest_only.py took 0.030 seconds
[2024-05-24T06:35:05.022+0000] {processor.py:161} INFO - Started process (PID=10083) to work on /home/airflow/.local/lib/python3.12/site-packages/airflow/example_dags/example_latest_only.py
[2024-05-24T06:35:05.022+0000] {processor.py:830} INFO - Processing file /home/airflow/.local/lib/python3.12/site-packages/airflow/example_dags/example_latest_only.py for tasks to queue
[2024-05-24T06:35:05.023+0000] {logging_mixin.py:188} INFO - [2024-05-24T06:35:05.023+0000] {dagbag.py:545} INFO - Filling up the DagBag from /home/airflow/.local/lib/python3.12/site-packages/airflow/example_dags/example_latest_only.py
[2024-05-24T06:35:05.025+0000] {processor.py:840} INFO - DAG(s) 'latest_only' retrieved from /home/airflow/.local/lib/python3.12/site-packages/airflow/example_dags/example_latest_only.py
[2024-05-24T06:35:05.033+0000] {logging_mixin.py:188} INFO - [2024-05-24T06:35:05.033+0000] {dag.py:3096} INFO - Sync 1 DAGs
[2024-05-24T06:35:05.041+0000] {logging_mixin.py:188} INFO - [2024-05-24T06:35:05.041+0000] {dag.py:3954} INFO - Setting next_dagrun for latest_only to 2024-05-24 00:00:00+00:00, run_after=2024-05-24 04:00:00+00:00
[2024-05-24T06:35:05.048+0000] {processor.py:183} INFO - Processing /home/airflow/.local/lib/python3.12/site-packages/airflow/example_dags/example_latest_only.py took 0.028 seconds
[2024-05-24T06:50:34.733+0000] {processor.py:161} INFO - Started process (PID=10345) to work on /home/airflow/.local/lib/python3.12/site-packages/airflow/example_dags/example_latest_only.py
[2024-05-24T06:50:34.734+0000] {processor.py:830} INFO - Processing file /home/airflow/.local/lib/python3.12/site-packages/airflow/example_dags/example_latest_only.py for tasks to queue
[2024-05-24T06:50:34.735+0000] {logging_mixin.py:188} INFO - [2024-05-24T06:50:34.734+0000] {dagbag.py:545} INFO - Filling up the DagBag from /home/airflow/.local/lib/python3.12/site-packages/airflow/example_dags/example_latest_only.py
[2024-05-24T06:50:34.736+0000] {processor.py:840} INFO - DAG(s) 'latest_only' retrieved from /home/airflow/.local/lib/python3.12/site-packages/airflow/example_dags/example_latest_only.py
[2024-05-24T06:50:34.743+0000] {logging_mixin.py:188} INFO - [2024-05-24T06:50:34.743+0000] {dag.py:3096} INFO - Sync 1 DAGs
[2024-05-24T06:50:34.751+0000] {logging_mixin.py:188} INFO - [2024-05-24T06:50:34.751+0000] {dag.py:3954} INFO - Setting next_dagrun for latest_only to 2024-05-24 00:00:00+00:00, run_after=2024-05-24 04:00:00+00:00
[2024-05-24T06:50:34.757+0000] {processor.py:183} INFO - Processing /home/airflow/.local/lib/python3.12/site-packages/airflow/example_dags/example_latest_only.py took 0.026 seconds
[2024-05-24T07:06:11.364+0000] {processor.py:161} INFO - Started process (PID=10607) to work on /home/airflow/.local/lib/python3.12/site-packages/airflow/example_dags/example_latest_only.py
[2024-05-24T07:06:11.365+0000] {processor.py:830} INFO - Processing file /home/airflow/.local/lib/python3.12/site-packages/airflow/example_dags/example_latest_only.py for tasks to queue
[2024-05-24T07:06:11.365+0000] {logging_mixin.py:188} INFO - [2024-05-24T07:06:11.365+0000] {dagbag.py:545} INFO - Filling up the DagBag from /home/airflow/.local/lib/python3.12/site-packages/airflow/example_dags/example_latest_only.py
[2024-05-24T07:06:11.367+0000] {processor.py:840} INFO - DAG(s) 'latest_only' retrieved from /home/airflow/.local/lib/python3.12/site-packages/airflow/example_dags/example_latest_only.py
[2024-05-24T07:06:11.374+0000] {logging_mixin.py:188} INFO - [2024-05-24T07:06:11.374+0000] {dag.py:3096} INFO - Sync 1 DAGs
[2024-05-24T07:06:11.382+0000] {logging_mixin.py:188} INFO - [2024-05-24T07:06:11.382+0000] {dag.py:3954} INFO - Setting next_dagrun for latest_only to 2024-05-24 00:00:00+00:00, run_after=2024-05-24 04:00:00+00:00
[2024-05-24T07:06:11.388+0000] {processor.py:183} INFO - Processing /home/airflow/.local/lib/python3.12/site-packages/airflow/example_dags/example_latest_only.py took 0.025 seconds
[2024-05-24T07:30:09.607+0000] {processor.py:161} INFO - Started process (PID=10869) to work on /home/airflow/.local/lib/python3.12/site-packages/airflow/example_dags/example_latest_only.py
[2024-05-24T07:30:09.607+0000] {processor.py:830} INFO - Processing file /home/airflow/.local/lib/python3.12/site-packages/airflow/example_dags/example_latest_only.py for tasks to queue
[2024-05-24T07:30:09.608+0000] {logging_mixin.py:188} INFO - [2024-05-24T07:30:09.608+0000] {dagbag.py:545} INFO - Filling up the DagBag from /home/airflow/.local/lib/python3.12/site-packages/airflow/example_dags/example_latest_only.py
[2024-05-24T07:30:09.610+0000] {processor.py:840} INFO - DAG(s) 'latest_only' retrieved from /home/airflow/.local/lib/python3.12/site-packages/airflow/example_dags/example_latest_only.py
[2024-05-24T07:30:09.618+0000] {logging_mixin.py:188} INFO - [2024-05-24T07:30:09.618+0000] {dag.py:3096} INFO - Sync 1 DAGs
[2024-05-24T07:30:09.626+0000] {logging_mixin.py:188} INFO - [2024-05-24T07:30:09.626+0000] {dag.py:3954} INFO - Setting next_dagrun for latest_only to 2024-05-24 00:00:00+00:00, run_after=2024-05-24 04:00:00+00:00
[2024-05-24T07:30:09.633+0000] {processor.py:183} INFO - Processing /home/airflow/.local/lib/python3.12/site-packages/airflow/example_dags/example_latest_only.py took 0.028 seconds
[2024-05-24T07:30:41.213+0000] {processor.py:161} INFO - Started process (PID=11131) to work on /home/airflow/.local/lib/python3.12/site-packages/airflow/example_dags/example_latest_only.py
[2024-05-24T07:30:41.213+0000] {processor.py:830} INFO - Processing file /home/airflow/.local/lib/python3.12/site-packages/airflow/example_dags/example_latest_only.py for tasks to queue
[2024-05-24T07:30:41.214+0000] {logging_mixin.py:188} INFO - [2024-05-24T07:30:41.214+0000] {dagbag.py:545} INFO - Filling up the DagBag from /home/airflow/.local/lib/python3.12/site-packages/airflow/example_dags/example_latest_only.py
[2024-05-24T07:30:41.282+0000] {processor.py:840} INFO - DAG(s) 'latest_only' retrieved from /home/airflow/.local/lib/python3.12/site-packages/airflow/example_dags/example_latest_only.py
[2024-05-24T07:30:41.288+0000] {logging_mixin.py:188} INFO - [2024-05-24T07:30:41.288+0000] {dag.py:3096} INFO - Sync 1 DAGs
[2024-05-24T07:30:41.295+0000] {logging_mixin.py:188} INFO - [2024-05-24T07:30:41.294+0000] {dag.py:3954} INFO - Setting next_dagrun for latest_only to 2024-05-24 00:00:00+00:00, run_after=2024-05-24 04:00:00+00:00
[2024-05-24T07:30:41.301+0000] {processor.py:183} INFO - Processing /home/airflow/.local/lib/python3.12/site-packages/airflow/example_dags/example_latest_only.py took 0.091 seconds
[2024-05-24T07:31:11.691+0000] {processor.py:161} INFO - Started process (PID=11388) to work on /home/airflow/.local/lib/python3.12/site-packages/airflow/example_dags/example_latest_only.py
[2024-05-24T07:31:11.691+0000] {processor.py:830} INFO - Processing file /home/airflow/.local/lib/python3.12/site-packages/airflow/example_dags/example_latest_only.py for tasks to queue
[2024-05-24T07:31:11.692+0000] {logging_mixin.py:188} INFO - [2024-05-24T07:31:11.692+0000] {dagbag.py:545} INFO - Filling up the DagBag from /home/airflow/.local/lib/python3.12/site-packages/airflow/example_dags/example_latest_only.py
[2024-05-24T07:31:11.694+0000] {processor.py:840} INFO - DAG(s) 'latest_only' retrieved from /home/airflow/.local/lib/python3.12/site-packages/airflow/example_dags/example_latest_only.py
[2024-05-24T07:31:11.701+0000] {logging_mixin.py:188} INFO - [2024-05-24T07:31:11.701+0000] {dag.py:3096} INFO - Sync 1 DAGs
[2024-05-24T07:31:11.708+0000] {logging_mixin.py:188} INFO - [2024-05-24T07:31:11.708+0000] {dag.py:3954} INFO - Setting next_dagrun for latest_only to 2024-05-24 00:00:00+00:00, run_after=2024-05-24 04:00:00+00:00
[2024-05-24T07:31:11.715+0000] {processor.py:183} INFO - Processing /home/airflow/.local/lib/python3.12/site-packages/airflow/example_dags/example_latest_only.py took 0.026 seconds
[2024-05-24T07:31:42.090+0000] {processor.py:161} INFO - Started process (PID=11650) to work on /home/airflow/.local/lib/python3.12/site-packages/airflow/example_dags/example_latest_only.py
[2024-05-24T07:31:42.091+0000] {processor.py:830} INFO - Processing file /home/airflow/.local/lib/python3.12/site-packages/airflow/example_dags/example_latest_only.py for tasks to queue
[2024-05-24T07:31:42.091+0000] {logging_mixin.py:188} INFO - [2024-05-24T07:31:42.091+0000] {dagbag.py:545} INFO - Filling up the DagBag from /home/airflow/.local/lib/python3.12/site-packages/airflow/example_dags/example_latest_only.py
[2024-05-24T07:31:42.093+0000] {processor.py:840} INFO - DAG(s) 'latest_only' retrieved from /home/airflow/.local/lib/python3.12/site-packages/airflow/example_dags/example_latest_only.py
[2024-05-24T07:31:42.100+0000] {logging_mixin.py:188} INFO - [2024-05-24T07:31:42.100+0000] {dag.py:3096} INFO - Sync 1 DAGs
[2024-05-24T07:31:42.108+0000] {logging_mixin.py:188} INFO - [2024-05-24T07:31:42.108+0000] {dag.py:3954} INFO - Setting next_dagrun for latest_only to 2024-05-24 00:00:00+00:00, run_after=2024-05-24 04:00:00+00:00
[2024-05-24T07:31:42.114+0000] {processor.py:183} INFO - Processing /home/airflow/.local/lib/python3.12/site-packages/airflow/example_dags/example_latest_only.py took 0.026 seconds
[2024-05-24T07:32:12.508+0000] {processor.py:161} INFO - Started process (PID=11919) to work on /home/airflow/.local/lib/python3.12/site-packages/airflow/example_dags/example_latest_only.py
[2024-05-24T07:32:12.509+0000] {processor.py:830} INFO - Processing file /home/airflow/.local/lib/python3.12/site-packages/airflow/example_dags/example_latest_only.py for tasks to queue
[2024-05-24T07:32:12.509+0000] {logging_mixin.py:188} INFO - [2024-05-24T07:32:12.509+0000] {dagbag.py:545} INFO - Filling up the DagBag from /home/airflow/.local/lib/python3.12/site-packages/airflow/example_dags/example_latest_only.py
[2024-05-24T07:32:12.511+0000] {processor.py:840} INFO - DAG(s) 'latest_only' retrieved from /home/airflow/.local/lib/python3.12/site-packages/airflow/example_dags/example_latest_only.py
[2024-05-24T07:32:12.519+0000] {logging_mixin.py:188} INFO - [2024-05-24T07:32:12.519+0000] {dag.py:3096} INFO - Sync 1 DAGs
[2024-05-24T07:32:12.527+0000] {logging_mixin.py:188} INFO - [2024-05-24T07:32:12.527+0000] {dag.py:3954} INFO - Setting next_dagrun for latest_only to 2024-05-24 00:00:00+00:00, run_after=2024-05-24 04:00:00+00:00
[2024-05-24T07:32:12.533+0000] {processor.py:183} INFO - Processing /home/airflow/.local/lib/python3.12/site-packages/airflow/example_dags/example_latest_only.py took 0.028 seconds
[2024-05-24T07:32:59.263+0000] {processor.py:161} INFO - Started process (PID=12179) to work on /home/airflow/.local/lib/python3.12/site-packages/airflow/example_dags/example_latest_only.py
[2024-05-24T07:32:59.264+0000] {processor.py:830} INFO - Processing file /home/airflow/.local/lib/python3.12/site-packages/airflow/example_dags/example_latest_only.py for tasks to queue
[2024-05-24T07:32:59.264+0000] {logging_mixin.py:188} INFO - [2024-05-24T07:32:59.264+0000] {dagbag.py:545} INFO - Filling up the DagBag from /home/airflow/.local/lib/python3.12/site-packages/airflow/example_dags/example_latest_only.py
[2024-05-24T07:32:59.267+0000] {processor.py:840} INFO - DAG(s) 'latest_only' retrieved from /home/airflow/.local/lib/python3.12/site-packages/airflow/example_dags/example_latest_only.py
[2024-05-24T07:32:59.274+0000] {logging_mixin.py:188} INFO - [2024-05-24T07:32:59.274+0000] {dag.py:3096} INFO - Sync 1 DAGs
[2024-05-24T07:32:59.282+0000] {logging_mixin.py:188} INFO - [2024-05-24T07:32:59.282+0000] {dag.py:3954} INFO - Setting next_dagrun for latest_only to 2024-05-24 00:00:00+00:00, run_after=2024-05-24 04:00:00+00:00
[2024-05-24T07:32:59.289+0000] {processor.py:183} INFO - Processing /home/airflow/.local/lib/python3.12/site-packages/airflow/example_dags/example_latest_only.py took 0.028 seconds
[2024-05-24T07:33:29.632+0000] {processor.py:161} INFO - Started process (PID=12441) to work on /home/airflow/.local/lib/python3.12/site-packages/airflow/example_dags/example_latest_only.py
[2024-05-24T07:33:29.632+0000] {processor.py:830} INFO - Processing file /home/airflow/.local/lib/python3.12/site-packages/airflow/example_dags/example_latest_only.py for tasks to queue
[2024-05-24T07:33:29.633+0000] {logging_mixin.py:188} INFO - [2024-05-24T07:33:29.633+0000] {dagbag.py:545} INFO - Filling up the DagBag from /home/airflow/.local/lib/python3.12/site-packages/airflow/example_dags/example_latest_only.py
[2024-05-24T07:33:29.635+0000] {processor.py:840} INFO - DAG(s) 'latest_only' retrieved from /home/airflow/.local/lib/python3.12/site-packages/airflow/example_dags/example_latest_only.py
[2024-05-24T07:33:29.643+0000] {logging_mixin.py:188} INFO - [2024-05-24T07:33:29.643+0000] {dag.py:3096} INFO - Sync 1 DAGs
[2024-05-24T07:33:29.651+0000] {logging_mixin.py:188} INFO - [2024-05-24T07:33:29.651+0000] {dag.py:3954} INFO - Setting next_dagrun for latest_only to 2024-05-24 00:00:00+00:00, run_after=2024-05-24 04:00:00+00:00
[2024-05-24T07:33:29.658+0000] {processor.py:183} INFO - Processing /home/airflow/.local/lib/python3.12/site-packages/airflow/example_dags/example_latest_only.py took 0.028 seconds
[2024-05-24T07:33:59.959+0000] {processor.py:161} INFO - Started process (PID=12703) to work on /home/airflow/.local/lib/python3.12/site-packages/airflow/example_dags/example_latest_only.py
[2024-05-24T07:33:59.959+0000] {processor.py:830} INFO - Processing file /home/airflow/.local/lib/python3.12/site-packages/airflow/example_dags/example_latest_only.py for tasks to queue
[2024-05-24T07:33:59.960+0000] {logging_mixin.py:188} INFO - [2024-05-24T07:33:59.960+0000] {dagbag.py:545} INFO - Filling up the DagBag from /home/airflow/.local/lib/python3.12/site-packages/airflow/example_dags/example_latest_only.py
[2024-05-24T07:33:59.962+0000] {processor.py:840} INFO - DAG(s) 'latest_only' retrieved from /home/airflow/.local/lib/python3.12/site-packages/airflow/example_dags/example_latest_only.py
[2024-05-24T07:33:59.969+0000] {logging_mixin.py:188} INFO - [2024-05-24T07:33:59.969+0000] {dag.py:3096} INFO - Sync 1 DAGs
[2024-05-24T07:33:59.978+0000] {logging_mixin.py:188} INFO - [2024-05-24T07:33:59.978+0000] {dag.py:3954} INFO - Setting next_dagrun for latest_only to 2024-05-24 00:00:00+00:00, run_after=2024-05-24 04:00:00+00:00
[2024-05-24T07:33:59.984+0000] {processor.py:183} INFO - Processing /home/airflow/.local/lib/python3.12/site-packages/airflow/example_dags/example_latest_only.py took 0.028 seconds
[2024-05-24T07:34:30.459+0000] {processor.py:161} INFO - Started process (PID=12966) to work on /home/airflow/.local/lib/python3.12/site-packages/airflow/example_dags/example_latest_only.py
[2024-05-24T07:34:30.459+0000] {processor.py:830} INFO - Processing file /home/airflow/.local/lib/python3.12/site-packages/airflow/example_dags/example_latest_only.py for tasks to queue
[2024-05-24T07:34:30.460+0000] {logging_mixin.py:188} INFO - [2024-05-24T07:34:30.460+0000] {dagbag.py:545} INFO - Filling up the DagBag from /home/airflow/.local/lib/python3.12/site-packages/airflow/example_dags/example_latest_only.py
[2024-05-24T07:34:30.462+0000] {processor.py:840} INFO - DAG(s) 'latest_only' retrieved from /home/airflow/.local/lib/python3.12/site-packages/airflow/example_dags/example_latest_only.py
[2024-05-24T07:34:30.470+0000] {logging_mixin.py:188} INFO - [2024-05-24T07:34:30.470+0000] {dag.py:3096} INFO - Sync 1 DAGs
[2024-05-24T07:34:30.478+0000] {logging_mixin.py:188} INFO - [2024-05-24T07:34:30.478+0000] {dag.py:3954} INFO - Setting next_dagrun for latest_only to 2024-05-24 00:00:00+00:00, run_after=2024-05-24 04:00:00+00:00
[2024-05-24T07:34:30.484+0000] {processor.py:183} INFO - Processing /home/airflow/.local/lib/python3.12/site-packages/airflow/example_dags/example_latest_only.py took 0.028 seconds
[2024-05-24T07:35:00.891+0000] {processor.py:161} INFO - Started process (PID=13226) to work on /home/airflow/.local/lib/python3.12/site-packages/airflow/example_dags/example_latest_only.py
[2024-05-24T07:35:00.891+0000] {processor.py:830} INFO - Processing file /home/airflow/.local/lib/python3.12/site-packages/airflow/example_dags/example_latest_only.py for tasks to queue
[2024-05-24T07:35:00.892+0000] {logging_mixin.py:188} INFO - [2024-05-24T07:35:00.892+0000] {dagbag.py:545} INFO - Filling up the DagBag from /home/airflow/.local/lib/python3.12/site-packages/airflow/example_dags/example_latest_only.py
[2024-05-24T07:35:00.894+0000] {processor.py:840} INFO - DAG(s) 'latest_only' retrieved from /home/airflow/.local/lib/python3.12/site-packages/airflow/example_dags/example_latest_only.py
[2024-05-24T07:35:00.902+0000] {logging_mixin.py:188} INFO - [2024-05-24T07:35:00.902+0000] {dag.py:3096} INFO - Sync 1 DAGs
[2024-05-24T07:35:00.910+0000] {logging_mixin.py:188} INFO - [2024-05-24T07:35:00.910+0000] {dag.py:3954} INFO - Setting next_dagrun for latest_only to 2024-05-24 00:00:00+00:00, run_after=2024-05-24 04:00:00+00:00
[2024-05-24T07:35:00.917+0000] {processor.py:183} INFO - Processing /home/airflow/.local/lib/python3.12/site-packages/airflow/example_dags/example_latest_only.py took 0.028 seconds
[2024-05-24T07:35:31.243+0000] {processor.py:161} INFO - Started process (PID=13488) to work on /home/airflow/.local/lib/python3.12/site-packages/airflow/example_dags/example_latest_only.py
[2024-05-24T07:35:31.243+0000] {processor.py:830} INFO - Processing file /home/airflow/.local/lib/python3.12/site-packages/airflow/example_dags/example_latest_only.py for tasks to queue
[2024-05-24T07:35:31.244+0000] {logging_mixin.py:188} INFO - [2024-05-24T07:35:31.244+0000] {dagbag.py:545} INFO - Filling up the DagBag from /home/airflow/.local/lib/python3.12/site-packages/airflow/example_dags/example_latest_only.py
[2024-05-24T07:35:31.246+0000] {processor.py:840} INFO - DAG(s) 'latest_only' retrieved from /home/airflow/.local/lib/python3.12/site-packages/airflow/example_dags/example_latest_only.py
[2024-05-24T07:35:31.254+0000] {logging_mixin.py:188} INFO - [2024-05-24T07:35:31.254+0000] {dag.py:3096} INFO - Sync 1 DAGs
[2024-05-24T07:35:31.262+0000] {logging_mixin.py:188} INFO - [2024-05-24T07:35:31.262+0000] {dag.py:3954} INFO - Setting next_dagrun for latest_only to 2024-05-24 00:00:00+00:00, run_after=2024-05-24 04:00:00+00:00
[2024-05-24T07:35:31.269+0000] {processor.py:183} INFO - Processing /home/airflow/.local/lib/python3.12/site-packages/airflow/example_dags/example_latest_only.py took 0.028 seconds
[2024-05-24T07:36:01.591+0000] {processor.py:161} INFO - Started process (PID=13750) to work on /home/airflow/.local/lib/python3.12/site-packages/airflow/example_dags/example_latest_only.py
[2024-05-24T07:36:01.591+0000] {processor.py:830} INFO - Processing file /home/airflow/.local/lib/python3.12/site-packages/airflow/example_dags/example_latest_only.py for tasks to queue
[2024-05-24T07:36:01.592+0000] {logging_mixin.py:188} INFO - [2024-05-24T07:36:01.592+0000] {dagbag.py:545} INFO - Filling up the DagBag from /home/airflow/.local/lib/python3.12/site-packages/airflow/example_dags/example_latest_only.py
[2024-05-24T07:36:01.594+0000] {processor.py:840} INFO - DAG(s) 'latest_only' retrieved from /home/airflow/.local/lib/python3.12/site-packages/airflow/example_dags/example_latest_only.py
[2024-05-24T07:36:01.602+0000] {logging_mixin.py:188} INFO - [2024-05-24T07:36:01.602+0000] {dag.py:3096} INFO - Sync 1 DAGs
[2024-05-24T07:36:01.610+0000] {logging_mixin.py:188} INFO - [2024-05-24T07:36:01.610+0000] {dag.py:3954} INFO - Setting next_dagrun for latest_only to 2024-05-24 00:00:00+00:00, run_after=2024-05-24 04:00:00+00:00
[2024-05-24T07:36:01.617+0000] {processor.py:183} INFO - Processing /home/airflow/.local/lib/python3.12/site-packages/airflow/example_dags/example_latest_only.py took 0.029 seconds
[2024-05-24T07:36:32.074+0000] {processor.py:161} INFO - Started process (PID=14012) to work on /home/airflow/.local/lib/python3.12/site-packages/airflow/example_dags/example_latest_only.py
[2024-05-24T07:36:32.074+0000] {processor.py:830} INFO - Processing file /home/airflow/.local/lib/python3.12/site-packages/airflow/example_dags/example_latest_only.py for tasks to queue
[2024-05-24T07:36:32.075+0000] {logging_mixin.py:188} INFO - [2024-05-24T07:36:32.075+0000] {dagbag.py:545} INFO - Filling up the DagBag from /home/airflow/.local/lib/python3.12/site-packages/airflow/example_dags/example_latest_only.py
[2024-05-24T07:36:32.077+0000] {processor.py:840} INFO - DAG(s) 'latest_only' retrieved from /home/airflow/.local/lib/python3.12/site-packages/airflow/example_dags/example_latest_only.py
[2024-05-24T07:36:32.085+0000] {logging_mixin.py:188} INFO - [2024-05-24T07:36:32.085+0000] {dag.py:3096} INFO - Sync 1 DAGs
[2024-05-24T07:36:32.093+0000] {logging_mixin.py:188} INFO - [2024-05-24T07:36:32.093+0000] {dag.py:3954} INFO - Setting next_dagrun for latest_only to 2024-05-24 00:00:00+00:00, run_after=2024-05-24 04:00:00+00:00
[2024-05-24T07:36:32.099+0000] {processor.py:183} INFO - Processing /home/airflow/.local/lib/python3.12/site-packages/airflow/example_dags/example_latest_only.py took 0.027 seconds
[2024-05-24T07:37:02.436+0000] {processor.py:161} INFO - Started process (PID=14274) to work on /home/airflow/.local/lib/python3.12/site-packages/airflow/example_dags/example_latest_only.py
[2024-05-24T07:37:02.436+0000] {processor.py:830} INFO - Processing file /home/airflow/.local/lib/python3.12/site-packages/airflow/example_dags/example_latest_only.py for tasks to queue
[2024-05-24T07:37:02.437+0000] {logging_mixin.py:188} INFO - [2024-05-24T07:37:02.437+0000] {dagbag.py:545} INFO - Filling up the DagBag from /home/airflow/.local/lib/python3.12/site-packages/airflow/example_dags/example_latest_only.py
[2024-05-24T07:37:02.439+0000] {processor.py:840} INFO - DAG(s) 'latest_only' retrieved from /home/airflow/.local/lib/python3.12/site-packages/airflow/example_dags/example_latest_only.py
[2024-05-24T07:37:02.447+0000] {logging_mixin.py:188} INFO - [2024-05-24T07:37:02.447+0000] {dag.py:3096} INFO - Sync 1 DAGs
[2024-05-24T07:37:02.454+0000] {logging_mixin.py:188} INFO - [2024-05-24T07:37:02.454+0000] {dag.py:3954} INFO - Setting next_dagrun for latest_only to 2024-05-24 00:00:00+00:00, run_after=2024-05-24 04:00:00+00:00
[2024-05-24T07:37:02.461+0000] {processor.py:183} INFO - Processing /home/airflow/.local/lib/python3.12/site-packages/airflow/example_dags/example_latest_only.py took 0.027 seconds
[2024-05-24T07:37:32.911+0000] {processor.py:161} INFO - Started process (PID=14536) to work on /home/airflow/.local/lib/python3.12/site-packages/airflow/example_dags/example_latest_only.py
[2024-05-24T07:37:32.911+0000] {processor.py:830} INFO - Processing file /home/airflow/.local/lib/python3.12/site-packages/airflow/example_dags/example_latest_only.py for tasks to queue
[2024-05-24T07:37:32.912+0000] {logging_mixin.py:188} INFO - [2024-05-24T07:37:32.912+0000] {dagbag.py:545} INFO - Filling up the DagBag from /home/airflow/.local/lib/python3.12/site-packages/airflow/example_dags/example_latest_only.py
[2024-05-24T07:37:32.914+0000] {processor.py:840} INFO - DAG(s) 'latest_only' retrieved from /home/airflow/.local/lib/python3.12/site-packages/airflow/example_dags/example_latest_only.py
[2024-05-24T07:37:32.921+0000] {logging_mixin.py:188} INFO - [2024-05-24T07:37:32.921+0000] {dag.py:3096} INFO - Sync 1 DAGs
[2024-05-24T07:37:32.929+0000] {logging_mixin.py:188} INFO - [2024-05-24T07:37:32.929+0000] {dag.py:3954} INFO - Setting next_dagrun for latest_only to 2024-05-24 00:00:00+00:00, run_after=2024-05-24 04:00:00+00:00
[2024-05-24T07:37:32.935+0000] {processor.py:183} INFO - Processing /home/airflow/.local/lib/python3.12/site-packages/airflow/example_dags/example_latest_only.py took 0.027 seconds
[2024-05-24T07:38:03.321+0000] {processor.py:161} INFO - Started process (PID=14798) to work on /home/airflow/.local/lib/python3.12/site-packages/airflow/example_dags/example_latest_only.py
[2024-05-24T07:38:03.322+0000] {processor.py:830} INFO - Processing file /home/airflow/.local/lib/python3.12/site-packages/airflow/example_dags/example_latest_only.py for tasks to queue
[2024-05-24T07:38:03.323+0000] {logging_mixin.py:188} INFO - [2024-05-24T07:38:03.322+0000] {dagbag.py:545} INFO - Filling up the DagBag from /home/airflow/.local/lib/python3.12/site-packages/airflow/example_dags/example_latest_only.py
[2024-05-24T07:38:03.325+0000] {processor.py:840} INFO - DAG(s) 'latest_only' retrieved from /home/airflow/.local/lib/python3.12/site-packages/airflow/example_dags/example_latest_only.py
[2024-05-24T07:38:03.332+0000] {logging_mixin.py:188} INFO - [2024-05-24T07:38:03.332+0000] {dag.py:3096} INFO - Sync 1 DAGs
[2024-05-24T07:38:03.341+0000] {logging_mixin.py:188} INFO - [2024-05-24T07:38:03.341+0000] {dag.py:3954} INFO - Setting next_dagrun for latest_only to 2024-05-24 00:00:00+00:00, run_after=2024-05-24 04:00:00+00:00
[2024-05-24T07:38:03.347+0000] {processor.py:183} INFO - Processing /home/airflow/.local/lib/python3.12/site-packages/airflow/example_dags/example_latest_only.py took 0.028 seconds
[2024-05-24T07:38:33.685+0000] {processor.py:161} INFO - Started process (PID=15062) to work on /home/airflow/.local/lib/python3.12/site-packages/airflow/example_dags/example_latest_only.py
[2024-05-24T07:38:33.686+0000] {processor.py:830} INFO - Processing file /home/airflow/.local/lib/python3.12/site-packages/airflow/example_dags/example_latest_only.py for tasks to queue
[2024-05-24T07:38:33.687+0000] {logging_mixin.py:188} INFO - [2024-05-24T07:38:33.686+0000] {dagbag.py:545} INFO - Filling up the DagBag from /home/airflow/.local/lib/python3.12/site-packages/airflow/example_dags/example_latest_only.py
[2024-05-24T07:38:33.688+0000] {processor.py:840} INFO - DAG(s) 'latest_only' retrieved from /home/airflow/.local/lib/python3.12/site-packages/airflow/example_dags/example_latest_only.py
[2024-05-24T07:38:33.696+0000] {logging_mixin.py:188} INFO - [2024-05-24T07:38:33.696+0000] {dag.py:3096} INFO - Sync 1 DAGs
[2024-05-24T07:38:33.705+0000] {logging_mixin.py:188} INFO - [2024-05-24T07:38:33.705+0000] {dag.py:3954} INFO - Setting next_dagrun for latest_only to 2024-05-24 00:00:00+00:00, run_after=2024-05-24 04:00:00+00:00
[2024-05-24T07:38:33.711+0000] {processor.py:183} INFO - Processing /home/airflow/.local/lib/python3.12/site-packages/airflow/example_dags/example_latest_only.py took 0.028 seconds
[2024-05-24T07:39:04.006+0000] {processor.py:161} INFO - Started process (PID=15322) to work on /home/airflow/.local/lib/python3.12/site-packages/airflow/example_dags/example_latest_only.py
[2024-05-24T07:39:04.006+0000] {processor.py:830} INFO - Processing file /home/airflow/.local/lib/python3.12/site-packages/airflow/example_dags/example_latest_only.py for tasks to queue
[2024-05-24T07:39:04.007+0000] {logging_mixin.py:188} INFO - [2024-05-24T07:39:04.007+0000] {dagbag.py:545} INFO - Filling up the DagBag from /home/airflow/.local/lib/python3.12/site-packages/airflow/example_dags/example_latest_only.py
[2024-05-24T07:39:04.009+0000] {processor.py:840} INFO - DAG(s) 'latest_only' retrieved from /home/airflow/.local/lib/python3.12/site-packages/airflow/example_dags/example_latest_only.py
[2024-05-24T07:39:04.016+0000] {logging_mixin.py:188} INFO - [2024-05-24T07:39:04.016+0000] {dag.py:3096} INFO - Sync 1 DAGs
[2024-05-24T07:39:04.024+0000] {logging_mixin.py:188} INFO - [2024-05-24T07:39:04.023+0000] {dag.py:3954} INFO - Setting next_dagrun for latest_only to 2024-05-24 00:00:00+00:00, run_after=2024-05-24 04:00:00+00:00
[2024-05-24T07:39:04.030+0000] {processor.py:183} INFO - Processing /home/airflow/.local/lib/python3.12/site-packages/airflow/example_dags/example_latest_only.py took 0.027 seconds
[2024-05-24T07:39:34.335+0000] {processor.py:161} INFO - Started process (PID=15583) to work on /home/airflow/.local/lib/python3.12/site-packages/airflow/example_dags/example_latest_only.py
[2024-05-24T07:39:34.336+0000] {processor.py:830} INFO - Processing file /home/airflow/.local/lib/python3.12/site-packages/airflow/example_dags/example_latest_only.py for tasks to queue
[2024-05-24T07:39:34.337+0000] {logging_mixin.py:188} INFO - [2024-05-24T07:39:34.336+0000] {dagbag.py:545} INFO - Filling up the DagBag from /home/airflow/.local/lib/python3.12/site-packages/airflow/example_dags/example_latest_only.py
[2024-05-24T07:39:34.339+0000] {processor.py:840} INFO - DAG(s) 'latest_only' retrieved from /home/airflow/.local/lib/python3.12/site-packages/airflow/example_dags/example_latest_only.py
[2024-05-24T07:39:34.346+0000] {logging_mixin.py:188} INFO - [2024-05-24T07:39:34.346+0000] {dag.py:3096} INFO - Sync 1 DAGs
[2024-05-24T07:39:34.354+0000] {logging_mixin.py:188} INFO - [2024-05-24T07:39:34.354+0000] {dag.py:3954} INFO - Setting next_dagrun for latest_only to 2024-05-24 00:00:00+00:00, run_after=2024-05-24 04:00:00+00:00
[2024-05-24T07:39:34.360+0000] {processor.py:183} INFO - Processing /home/airflow/.local/lib/python3.12/site-packages/airflow/example_dags/example_latest_only.py took 0.028 seconds
[2024-05-24T07:40:04.823+0000] {processor.py:161} INFO - Started process (PID=15845) to work on /home/airflow/.local/lib/python3.12/site-packages/airflow/example_dags/example_latest_only.py
[2024-05-24T07:40:04.823+0000] {processor.py:830} INFO - Processing file /home/airflow/.local/lib/python3.12/site-packages/airflow/example_dags/example_latest_only.py for tasks to queue
[2024-05-24T07:40:04.824+0000] {logging_mixin.py:188} INFO - [2024-05-24T07:40:04.824+0000] {dagbag.py:545} INFO - Filling up the DagBag from /home/airflow/.local/lib/python3.12/site-packages/airflow/example_dags/example_latest_only.py
[2024-05-24T07:40:04.826+0000] {processor.py:840} INFO - DAG(s) 'latest_only' retrieved from /home/airflow/.local/lib/python3.12/site-packages/airflow/example_dags/example_latest_only.py
[2024-05-24T07:40:04.834+0000] {logging_mixin.py:188} INFO - [2024-05-24T07:40:04.834+0000] {dag.py:3096} INFO - Sync 1 DAGs
[2024-05-24T07:40:04.841+0000] {logging_mixin.py:188} INFO - [2024-05-24T07:40:04.841+0000] {dag.py:3954} INFO - Setting next_dagrun for latest_only to 2024-05-24 00:00:00+00:00, run_after=2024-05-24 04:00:00+00:00
[2024-05-24T07:40:04.848+0000] {processor.py:183} INFO - Processing /home/airflow/.local/lib/python3.12/site-packages/airflow/example_dags/example_latest_only.py took 0.027 seconds
[2024-05-24T07:40:35.282+0000] {processor.py:161} INFO - Started process (PID=16107) to work on /home/airflow/.local/lib/python3.12/site-packages/airflow/example_dags/example_latest_only.py
[2024-05-24T07:40:35.283+0000] {processor.py:830} INFO - Processing file /home/airflow/.local/lib/python3.12/site-packages/airflow/example_dags/example_latest_only.py for tasks to queue
[2024-05-24T07:40:35.283+0000] {logging_mixin.py:188} INFO - [2024-05-24T07:40:35.283+0000] {dagbag.py:545} INFO - Filling up the DagBag from /home/airflow/.local/lib/python3.12/site-packages/airflow/example_dags/example_latest_only.py
[2024-05-24T07:40:35.285+0000] {processor.py:840} INFO - DAG(s) 'latest_only' retrieved from /home/airflow/.local/lib/python3.12/site-packages/airflow/example_dags/example_latest_only.py
[2024-05-24T07:40:35.293+0000] {logging_mixin.py:188} INFO - [2024-05-24T07:40:35.293+0000] {dag.py:3096} INFO - Sync 1 DAGs
[2024-05-24T07:40:35.301+0000] {logging_mixin.py:188} INFO - [2024-05-24T07:40:35.301+0000] {dag.py:3954} INFO - Setting next_dagrun for latest_only to 2024-05-24 00:00:00+00:00, run_after=2024-05-24 04:00:00+00:00
[2024-05-24T07:40:35.307+0000] {processor.py:183} INFO - Processing /home/airflow/.local/lib/python3.12/site-packages/airflow/example_dags/example_latest_only.py took 0.028 seconds
[2024-05-24T07:41:05.673+0000] {processor.py:161} INFO - Started process (PID=16371) to work on /home/airflow/.local/lib/python3.12/site-packages/airflow/example_dags/example_latest_only.py
[2024-05-24T07:41:05.673+0000] {processor.py:830} INFO - Processing file /home/airflow/.local/lib/python3.12/site-packages/airflow/example_dags/example_latest_only.py for tasks to queue
[2024-05-24T07:41:05.674+0000] {logging_mixin.py:188} INFO - [2024-05-24T07:41:05.674+0000] {dagbag.py:545} INFO - Filling up the DagBag from /home/airflow/.local/lib/python3.12/site-packages/airflow/example_dags/example_latest_only.py
[2024-05-24T07:41:05.676+0000] {processor.py:840} INFO - DAG(s) 'latest_only' retrieved from /home/airflow/.local/lib/python3.12/site-packages/airflow/example_dags/example_latest_only.py
[2024-05-24T07:41:05.684+0000] {logging_mixin.py:188} INFO - [2024-05-24T07:41:05.684+0000] {dag.py:3096} INFO - Sync 1 DAGs
[2024-05-24T07:41:05.691+0000] {logging_mixin.py:188} INFO - [2024-05-24T07:41:05.691+0000] {dag.py:3954} INFO - Setting next_dagrun for latest_only to 2024-05-24 00:00:00+00:00, run_after=2024-05-24 04:00:00+00:00
[2024-05-24T07:41:05.698+0000] {processor.py:183} INFO - Processing /home/airflow/.local/lib/python3.12/site-packages/airflow/example_dags/example_latest_only.py took 0.028 seconds
[2024-05-24T07:41:36.004+0000] {processor.py:161} INFO - Started process (PID=16633) to work on /home/airflow/.local/lib/python3.12/site-packages/airflow/example_dags/example_latest_only.py
[2024-05-24T07:41:36.005+0000] {processor.py:830} INFO - Processing file /home/airflow/.local/lib/python3.12/site-packages/airflow/example_dags/example_latest_only.py for tasks to queue
[2024-05-24T07:41:36.005+0000] {logging_mixin.py:188} INFO - [2024-05-24T07:41:36.005+0000] {dagbag.py:545} INFO - Filling up the DagBag from /home/airflow/.local/lib/python3.12/site-packages/airflow/example_dags/example_latest_only.py
[2024-05-24T07:41:36.007+0000] {processor.py:840} INFO - DAG(s) 'latest_only' retrieved from /home/airflow/.local/lib/python3.12/site-packages/airflow/example_dags/example_latest_only.py
[2024-05-24T07:41:36.015+0000] {logging_mixin.py:188} INFO - [2024-05-24T07:41:36.015+0000] {dag.py:3096} INFO - Sync 1 DAGs
[2024-05-24T07:41:36.023+0000] {logging_mixin.py:188} INFO - [2024-05-24T07:41:36.023+0000] {dag.py:3954} INFO - Setting next_dagrun for latest_only to 2024-05-24 00:00:00+00:00, run_after=2024-05-24 04:00:00+00:00
[2024-05-24T07:41:36.029+0000] {processor.py:183} INFO - Processing /home/airflow/.local/lib/python3.12/site-packages/airflow/example_dags/example_latest_only.py took 0.027 seconds
[2024-05-24T07:42:06.344+0000] {processor.py:161} INFO - Started process (PID=16893) to work on /home/airflow/.local/lib/python3.12/site-packages/airflow/example_dags/example_latest_only.py
[2024-05-24T07:42:06.344+0000] {processor.py:830} INFO - Processing file /home/airflow/.local/lib/python3.12/site-packages/airflow/example_dags/example_latest_only.py for tasks to queue
[2024-05-24T07:42:06.345+0000] {logging_mixin.py:188} INFO - [2024-05-24T07:42:06.345+0000] {dagbag.py:545} INFO - Filling up the DagBag from /home/airflow/.local/lib/python3.12/site-packages/airflow/example_dags/example_latest_only.py
[2024-05-24T07:42:06.347+0000] {processor.py:840} INFO - DAG(s) 'latest_only' retrieved from /home/airflow/.local/lib/python3.12/site-packages/airflow/example_dags/example_latest_only.py
[2024-05-24T07:42:06.354+0000] {logging_mixin.py:188} INFO - [2024-05-24T07:42:06.354+0000] {dag.py:3096} INFO - Sync 1 DAGs
[2024-05-24T07:42:06.362+0000] {logging_mixin.py:188} INFO - [2024-05-24T07:42:06.362+0000] {dag.py:3954} INFO - Setting next_dagrun for latest_only to 2024-05-24 00:00:00+00:00, run_after=2024-05-24 04:00:00+00:00
[2024-05-24T07:42:06.368+0000] {processor.py:183} INFO - Processing /home/airflow/.local/lib/python3.12/site-packages/airflow/example_dags/example_latest_only.py took 0.026 seconds
[2024-05-24T07:42:36.823+0000] {processor.py:161} INFO - Started process (PID=17157) to work on /home/airflow/.local/lib/python3.12/site-packages/airflow/example_dags/example_latest_only.py
[2024-05-24T07:42:36.823+0000] {processor.py:830} INFO - Processing file /home/airflow/.local/lib/python3.12/site-packages/airflow/example_dags/example_latest_only.py for tasks to queue
[2024-05-24T07:42:36.824+0000] {logging_mixin.py:188} INFO - [2024-05-24T07:42:36.824+0000] {dagbag.py:545} INFO - Filling up the DagBag from /home/airflow/.local/lib/python3.12/site-packages/airflow/example_dags/example_latest_only.py
[2024-05-24T07:42:36.826+0000] {processor.py:840} INFO - DAG(s) 'latest_only' retrieved from /home/airflow/.local/lib/python3.12/site-packages/airflow/example_dags/example_latest_only.py
[2024-05-24T07:42:36.834+0000] {logging_mixin.py:188} INFO - [2024-05-24T07:42:36.834+0000] {dag.py:3096} INFO - Sync 1 DAGs
[2024-05-24T07:42:36.842+0000] {logging_mixin.py:188} INFO - [2024-05-24T07:42:36.842+0000] {dag.py:3954} INFO - Setting next_dagrun for latest_only to 2024-05-24 00:00:00+00:00, run_after=2024-05-24 04:00:00+00:00
[2024-05-24T07:42:36.849+0000] {processor.py:183} INFO - Processing /home/airflow/.local/lib/python3.12/site-packages/airflow/example_dags/example_latest_only.py took 0.028 seconds
[2024-05-24T07:43:07.211+0000] {processor.py:161} INFO - Started process (PID=17419) to work on /home/airflow/.local/lib/python3.12/site-packages/airflow/example_dags/example_latest_only.py
[2024-05-24T07:43:07.211+0000] {processor.py:830} INFO - Processing file /home/airflow/.local/lib/python3.12/site-packages/airflow/example_dags/example_latest_only.py for tasks to queue
[2024-05-24T07:43:07.212+0000] {logging_mixin.py:188} INFO - [2024-05-24T07:43:07.212+0000] {dagbag.py:545} INFO - Filling up the DagBag from /home/airflow/.local/lib/python3.12/site-packages/airflow/example_dags/example_latest_only.py
[2024-05-24T07:43:07.214+0000] {processor.py:840} INFO - DAG(s) 'latest_only' retrieved from /home/airflow/.local/lib/python3.12/site-packages/airflow/example_dags/example_latest_only.py
[2024-05-24T07:43:07.221+0000] {logging_mixin.py:188} INFO - [2024-05-24T07:43:07.221+0000] {dag.py:3096} INFO - Sync 1 DAGs
[2024-05-24T07:43:07.229+0000] {logging_mixin.py:188} INFO - [2024-05-24T07:43:07.229+0000] {dag.py:3954} INFO - Setting next_dagrun for latest_only to 2024-05-24 00:00:00+00:00, run_after=2024-05-24 04:00:00+00:00
[2024-05-24T07:43:07.234+0000] {processor.py:183} INFO - Processing /home/airflow/.local/lib/python3.12/site-packages/airflow/example_dags/example_latest_only.py took 0.026 seconds
[2024-05-24T07:43:37.545+0000] {processor.py:161} INFO - Started process (PID=17679) to work on /home/airflow/.local/lib/python3.12/site-packages/airflow/example_dags/example_latest_only.py
[2024-05-24T07:43:37.545+0000] {processor.py:830} INFO - Processing file /home/airflow/.local/lib/python3.12/site-packages/airflow/example_dags/example_latest_only.py for tasks to queue
[2024-05-24T07:43:37.546+0000] {logging_mixin.py:188} INFO - [2024-05-24T07:43:37.546+0000] {dagbag.py:545} INFO - Filling up the DagBag from /home/airflow/.local/lib/python3.12/site-packages/airflow/example_dags/example_latest_only.py
[2024-05-24T07:43:37.548+0000] {processor.py:840} INFO - DAG(s) 'latest_only' retrieved from /home/airflow/.local/lib/python3.12/site-packages/airflow/example_dags/example_latest_only.py
[2024-05-24T07:43:37.556+0000] {logging_mixin.py:188} INFO - [2024-05-24T07:43:37.556+0000] {dag.py:3096} INFO - Sync 1 DAGs
[2024-05-24T07:43:37.565+0000] {logging_mixin.py:188} INFO - [2024-05-24T07:43:37.565+0000] {dag.py:3954} INFO - Setting next_dagrun for latest_only to 2024-05-24 00:00:00+00:00, run_after=2024-05-24 04:00:00+00:00
[2024-05-24T07:43:37.572+0000] {processor.py:183} INFO - Processing /home/airflow/.local/lib/python3.12/site-packages/airflow/example_dags/example_latest_only.py took 0.030 seconds
[2024-05-24T07:44:07.881+0000] {processor.py:161} INFO - Started process (PID=17941) to work on /home/airflow/.local/lib/python3.12/site-packages/airflow/example_dags/example_latest_only.py
[2024-05-24T07:44:07.881+0000] {processor.py:830} INFO - Processing file /home/airflow/.local/lib/python3.12/site-packages/airflow/example_dags/example_latest_only.py for tasks to queue
[2024-05-24T07:44:07.882+0000] {logging_mixin.py:188} INFO - [2024-05-24T07:44:07.882+0000] {dagbag.py:545} INFO - Filling up the DagBag from /home/airflow/.local/lib/python3.12/site-packages/airflow/example_dags/example_latest_only.py
[2024-05-24T07:44:07.884+0000] {processor.py:840} INFO - DAG(s) 'latest_only' retrieved from /home/airflow/.local/lib/python3.12/site-packages/airflow/example_dags/example_latest_only.py
[2024-05-24T07:44:07.892+0000] {logging_mixin.py:188} INFO - [2024-05-24T07:44:07.892+0000] {dag.py:3096} INFO - Sync 1 DAGs
[2024-05-24T07:44:07.901+0000] {logging_mixin.py:188} INFO - [2024-05-24T07:44:07.901+0000] {dag.py:3954} INFO - Setting next_dagrun for latest_only to 2024-05-24 00:00:00+00:00, run_after=2024-05-24 04:00:00+00:00
[2024-05-24T07:44:07.907+0000] {processor.py:183} INFO - Processing /home/airflow/.local/lib/python3.12/site-packages/airflow/example_dags/example_latest_only.py took 0.028 seconds
[2024-05-24T07:44:38.224+0000] {processor.py:161} INFO - Started process (PID=18205) to work on /home/airflow/.local/lib/python3.12/site-packages/airflow/example_dags/example_latest_only.py
[2024-05-24T07:44:38.224+0000] {processor.py:830} INFO - Processing file /home/airflow/.local/lib/python3.12/site-packages/airflow/example_dags/example_latest_only.py for tasks to queue
[2024-05-24T07:44:38.225+0000] {logging_mixin.py:188} INFO - [2024-05-24T07:44:38.225+0000] {dagbag.py:545} INFO - Filling up the DagBag from /home/airflow/.local/lib/python3.12/site-packages/airflow/example_dags/example_latest_only.py
[2024-05-24T07:44:38.227+0000] {processor.py:840} INFO - DAG(s) 'latest_only' retrieved from /home/airflow/.local/lib/python3.12/site-packages/airflow/example_dags/example_latest_only.py
[2024-05-24T07:44:38.234+0000] {logging_mixin.py:188} INFO - [2024-05-24T07:44:38.234+0000] {dag.py:3096} INFO - Sync 1 DAGs
[2024-05-24T07:44:38.241+0000] {logging_mixin.py:188} INFO - [2024-05-24T07:44:38.241+0000] {dag.py:3954} INFO - Setting next_dagrun for latest_only to 2024-05-24 00:00:00+00:00, run_after=2024-05-24 04:00:00+00:00
[2024-05-24T07:44:38.247+0000] {processor.py:183} INFO - Processing /home/airflow/.local/lib/python3.12/site-packages/airflow/example_dags/example_latest_only.py took 0.026 seconds
