[2024-05-24T05:45:19.932+0000] {processor.py:161} INFO - Started process (PID=171) to work on /home/airflow/.local/lib/python3.12/site-packages/airflow/example_dags/example_branch_python_dop_operator_3.py
[2024-05-24T05:45:19.933+0000] {processor.py:830} INFO - Processing file /home/airflow/.local/lib/python3.12/site-packages/airflow/example_dags/example_branch_python_dop_operator_3.py for tasks to queue
[2024-05-24T05:45:19.934+0000] {logging_mixin.py:188} INFO - [2024-05-24T05:45:19.934+0000] {dagbag.py:545} INFO - Filling up the DagBag from /home/airflow/.local/lib/python3.12/site-packages/airflow/example_dags/example_branch_python_dop_operator_3.py
[2024-05-24T05:45:19.940+0000] {processor.py:840} INFO - DAG(s) 'example_branch_dop_operator_v3' retrieved from /home/airflow/.local/lib/python3.12/site-packages/airflow/example_dags/example_branch_python_dop_operator_3.py
[2024-05-24T05:45:19.950+0000] {logging_mixin.py:188} INFO - [2024-05-24T05:45:19.950+0000] {dag.py:3096} INFO - Sync 1 DAGs
[2024-05-24T05:45:19.960+0000] {logging_mixin.py:188} INFO - [2024-05-24T05:45:19.959+0000] {dag.py:3954} INFO - Setting next_dagrun for example_branch_dop_operator_v3 to 2024-05-24 05:44:00+00:00, run_after=2024-05-24 05:45:00+00:00
[2024-05-24T05:45:19.966+0000] {processor.py:183} INFO - Processing /home/airflow/.local/lib/python3.12/site-packages/airflow/example_dags/example_branch_python_dop_operator_3.py took 0.036 seconds
[2024-05-24T05:45:50.092+0000] {processor.py:161} INFO - Started process (PID=435) to work on /home/airflow/.local/lib/python3.12/site-packages/airflow/example_dags/example_branch_python_dop_operator_3.py
[2024-05-24T05:45:50.092+0000] {processor.py:830} INFO - Processing file /home/airflow/.local/lib/python3.12/site-packages/airflow/example_dags/example_branch_python_dop_operator_3.py for tasks to queue
[2024-05-24T05:45:50.093+0000] {logging_mixin.py:188} INFO - [2024-05-24T05:45:50.093+0000] {dagbag.py:545} INFO - Filling up the DagBag from /home/airflow/.local/lib/python3.12/site-packages/airflow/example_dags/example_branch_python_dop_operator_3.py
[2024-05-24T05:45:50.097+0000] {processor.py:840} INFO - DAG(s) 'example_branch_dop_operator_v3' retrieved from /home/airflow/.local/lib/python3.12/site-packages/airflow/example_dags/example_branch_python_dop_operator_3.py
[2024-05-24T05:45:50.135+0000] {logging_mixin.py:188} INFO - [2024-05-24T05:45:50.134+0000] {dag.py:3096} INFO - Sync 1 DAGs
[2024-05-24T05:45:50.142+0000] {logging_mixin.py:188} INFO - [2024-05-24T05:45:50.142+0000] {dag.py:3954} INFO - Setting next_dagrun for example_branch_dop_operator_v3 to 2024-05-24 05:44:00+00:00, run_after=2024-05-24 05:45:00+00:00
[2024-05-24T05:45:50.148+0000] {processor.py:183} INFO - Processing /home/airflow/.local/lib/python3.12/site-packages/airflow/example_dags/example_branch_python_dop_operator_3.py took 0.059 seconds
[2024-05-24T05:46:20.185+0000] {processor.py:161} INFO - Started process (PID=695) to work on /home/airflow/.local/lib/python3.12/site-packages/airflow/example_dags/example_branch_python_dop_operator_3.py
[2024-05-24T05:46:20.186+0000] {processor.py:830} INFO - Processing file /home/airflow/.local/lib/python3.12/site-packages/airflow/example_dags/example_branch_python_dop_operator_3.py for tasks to queue
[2024-05-24T05:46:20.188+0000] {logging_mixin.py:188} INFO - [2024-05-24T05:46:20.187+0000] {dagbag.py:545} INFO - Filling up the DagBag from /home/airflow/.local/lib/python3.12/site-packages/airflow/example_dags/example_branch_python_dop_operator_3.py
[2024-05-24T05:46:20.195+0000] {processor.py:840} INFO - DAG(s) 'example_branch_dop_operator_v3' retrieved from /home/airflow/.local/lib/python3.12/site-packages/airflow/example_dags/example_branch_python_dop_operator_3.py
[2024-05-24T05:46:20.208+0000] {logging_mixin.py:188} INFO - [2024-05-24T05:46:20.208+0000] {dag.py:3096} INFO - Sync 1 DAGs
[2024-05-24T05:46:20.221+0000] {logging_mixin.py:188} INFO - [2024-05-24T05:46:20.221+0000] {dag.py:3954} INFO - Setting next_dagrun for example_branch_dop_operator_v3 to 2024-05-24 05:45:00+00:00, run_after=2024-05-24 05:46:00+00:00
[2024-05-24T05:46:20.230+0000] {processor.py:183} INFO - Processing /home/airflow/.local/lib/python3.12/site-packages/airflow/example_dags/example_branch_python_dop_operator_3.py took 0.051 seconds
[2024-05-24T05:46:50.519+0000] {processor.py:161} INFO - Started process (PID=957) to work on /home/airflow/.local/lib/python3.12/site-packages/airflow/example_dags/example_branch_python_dop_operator_3.py
[2024-05-24T05:46:50.520+0000] {processor.py:830} INFO - Processing file /home/airflow/.local/lib/python3.12/site-packages/airflow/example_dags/example_branch_python_dop_operator_3.py for tasks to queue
[2024-05-24T05:46:50.521+0000] {logging_mixin.py:188} INFO - [2024-05-24T05:46:50.521+0000] {dagbag.py:545} INFO - Filling up the DagBag from /home/airflow/.local/lib/python3.12/site-packages/airflow/example_dags/example_branch_python_dop_operator_3.py
[2024-05-24T05:46:50.529+0000] {processor.py:840} INFO - DAG(s) 'example_branch_dop_operator_v3' retrieved from /home/airflow/.local/lib/python3.12/site-packages/airflow/example_dags/example_branch_python_dop_operator_3.py
[2024-05-24T05:46:50.541+0000] {logging_mixin.py:188} INFO - [2024-05-24T05:46:50.541+0000] {dag.py:3096} INFO - Sync 1 DAGs
[2024-05-24T05:46:50.553+0000] {logging_mixin.py:188} INFO - [2024-05-24T05:46:50.553+0000] {dag.py:3954} INFO - Setting next_dagrun for example_branch_dop_operator_v3 to 2024-05-24 05:45:00+00:00, run_after=2024-05-24 05:46:00+00:00
[2024-05-24T05:46:50.561+0000] {processor.py:183} INFO - Processing /home/airflow/.local/lib/python3.12/site-packages/airflow/example_dags/example_branch_python_dop_operator_3.py took 0.048 seconds
[2024-05-24T05:47:20.833+0000] {processor.py:161} INFO - Started process (PID=1219) to work on /home/airflow/.local/lib/python3.12/site-packages/airflow/example_dags/example_branch_python_dop_operator_3.py
[2024-05-24T05:47:20.833+0000] {processor.py:830} INFO - Processing file /home/airflow/.local/lib/python3.12/site-packages/airflow/example_dags/example_branch_python_dop_operator_3.py for tasks to queue
[2024-05-24T05:47:20.834+0000] {logging_mixin.py:188} INFO - [2024-05-24T05:47:20.834+0000] {dagbag.py:545} INFO - Filling up the DagBag from /home/airflow/.local/lib/python3.12/site-packages/airflow/example_dags/example_branch_python_dop_operator_3.py
[2024-05-24T05:47:20.837+0000] {processor.py:840} INFO - DAG(s) 'example_branch_dop_operator_v3' retrieved from /home/airflow/.local/lib/python3.12/site-packages/airflow/example_dags/example_branch_python_dop_operator_3.py
[2024-05-24T05:47:20.846+0000] {logging_mixin.py:188} INFO - [2024-05-24T05:47:20.846+0000] {dag.py:3096} INFO - Sync 1 DAGs
[2024-05-24T05:47:20.855+0000] {logging_mixin.py:188} INFO - [2024-05-24T05:47:20.855+0000] {dag.py:3954} INFO - Setting next_dagrun for example_branch_dop_operator_v3 to 2024-05-24 05:46:00+00:00, run_after=2024-05-24 05:47:00+00:00
[2024-05-24T05:47:20.862+0000] {processor.py:183} INFO - Processing /home/airflow/.local/lib/python3.12/site-packages/airflow/example_dags/example_branch_python_dop_operator_3.py took 0.032 seconds
[2024-05-24T05:47:51.163+0000] {processor.py:161} INFO - Started process (PID=1481) to work on /home/airflow/.local/lib/python3.12/site-packages/airflow/example_dags/example_branch_python_dop_operator_3.py
[2024-05-24T05:47:51.164+0000] {processor.py:830} INFO - Processing file /home/airflow/.local/lib/python3.12/site-packages/airflow/example_dags/example_branch_python_dop_operator_3.py for tasks to queue
[2024-05-24T05:47:51.166+0000] {logging_mixin.py:188} INFO - [2024-05-24T05:47:51.166+0000] {dagbag.py:545} INFO - Filling up the DagBag from /home/airflow/.local/lib/python3.12/site-packages/airflow/example_dags/example_branch_python_dop_operator_3.py
[2024-05-24T05:47:51.172+0000] {processor.py:840} INFO - DAG(s) 'example_branch_dop_operator_v3' retrieved from /home/airflow/.local/lib/python3.12/site-packages/airflow/example_dags/example_branch_python_dop_operator_3.py
[2024-05-24T05:47:51.183+0000] {logging_mixin.py:188} INFO - [2024-05-24T05:47:51.183+0000] {dag.py:3096} INFO - Sync 1 DAGs
[2024-05-24T05:47:51.196+0000] {logging_mixin.py:188} INFO - [2024-05-24T05:47:51.196+0000] {dag.py:3954} INFO - Setting next_dagrun for example_branch_dop_operator_v3 to 2024-05-24 05:46:00+00:00, run_after=2024-05-24 05:47:00+00:00
[2024-05-24T05:47:51.203+0000] {processor.py:183} INFO - Processing /home/airflow/.local/lib/python3.12/site-packages/airflow/example_dags/example_branch_python_dop_operator_3.py took 0.045 seconds
[2024-05-24T05:48:21.511+0000] {processor.py:161} INFO - Started process (PID=1743) to work on /home/airflow/.local/lib/python3.12/site-packages/airflow/example_dags/example_branch_python_dop_operator_3.py
[2024-05-24T05:48:21.514+0000] {processor.py:830} INFO - Processing file /home/airflow/.local/lib/python3.12/site-packages/airflow/example_dags/example_branch_python_dop_operator_3.py for tasks to queue
[2024-05-24T05:48:21.515+0000] {logging_mixin.py:188} INFO - [2024-05-24T05:48:21.515+0000] {dagbag.py:545} INFO - Filling up the DagBag from /home/airflow/.local/lib/python3.12/site-packages/airflow/example_dags/example_branch_python_dop_operator_3.py
[2024-05-24T05:48:21.522+0000] {processor.py:840} INFO - DAG(s) 'example_branch_dop_operator_v3' retrieved from /home/airflow/.local/lib/python3.12/site-packages/airflow/example_dags/example_branch_python_dop_operator_3.py
[2024-05-24T05:48:21.537+0000] {logging_mixin.py:188} INFO - [2024-05-24T05:48:21.537+0000] {dag.py:3096} INFO - Sync 1 DAGs
[2024-05-24T05:48:21.550+0000] {logging_mixin.py:188} INFO - [2024-05-24T05:48:21.550+0000] {dag.py:3954} INFO - Setting next_dagrun for example_branch_dop_operator_v3 to 2024-05-24 05:47:00+00:00, run_after=2024-05-24 05:48:00+00:00
[2024-05-24T05:48:21.560+0000] {processor.py:183} INFO - Processing /home/airflow/.local/lib/python3.12/site-packages/airflow/example_dags/example_branch_python_dop_operator_3.py took 0.054 seconds
[2024-05-24T05:48:51.825+0000] {processor.py:161} INFO - Started process (PID=2005) to work on /home/airflow/.local/lib/python3.12/site-packages/airflow/example_dags/example_branch_python_dop_operator_3.py
[2024-05-24T05:48:51.825+0000] {processor.py:830} INFO - Processing file /home/airflow/.local/lib/python3.12/site-packages/airflow/example_dags/example_branch_python_dop_operator_3.py for tasks to queue
[2024-05-24T05:48:51.826+0000] {logging_mixin.py:188} INFO - [2024-05-24T05:48:51.826+0000] {dagbag.py:545} INFO - Filling up the DagBag from /home/airflow/.local/lib/python3.12/site-packages/airflow/example_dags/example_branch_python_dop_operator_3.py
[2024-05-24T05:48:51.831+0000] {processor.py:840} INFO - DAG(s) 'example_branch_dop_operator_v3' retrieved from /home/airflow/.local/lib/python3.12/site-packages/airflow/example_dags/example_branch_python_dop_operator_3.py
[2024-05-24T05:48:51.843+0000] {logging_mixin.py:188} INFO - [2024-05-24T05:48:51.842+0000] {dag.py:3096} INFO - Sync 1 DAGs
[2024-05-24T05:48:51.862+0000] {logging_mixin.py:188} INFO - [2024-05-24T05:48:51.862+0000] {dag.py:3954} INFO - Setting next_dagrun for example_branch_dop_operator_v3 to 2024-05-24 05:47:00+00:00, run_after=2024-05-24 05:48:00+00:00
[2024-05-24T05:48:51.871+0000] {processor.py:183} INFO - Processing /home/airflow/.local/lib/python3.12/site-packages/airflow/example_dags/example_branch_python_dop_operator_3.py took 0.050 seconds
[2024-05-24T05:49:22.197+0000] {processor.py:161} INFO - Started process (PID=2267) to work on /home/airflow/.local/lib/python3.12/site-packages/airflow/example_dags/example_branch_python_dop_operator_3.py
[2024-05-24T05:49:22.198+0000] {processor.py:830} INFO - Processing file /home/airflow/.local/lib/python3.12/site-packages/airflow/example_dags/example_branch_python_dop_operator_3.py for tasks to queue
[2024-05-24T05:49:22.199+0000] {logging_mixin.py:188} INFO - [2024-05-24T05:49:22.199+0000] {dagbag.py:545} INFO - Filling up the DagBag from /home/airflow/.local/lib/python3.12/site-packages/airflow/example_dags/example_branch_python_dop_operator_3.py
[2024-05-24T05:49:22.204+0000] {processor.py:840} INFO - DAG(s) 'example_branch_dop_operator_v3' retrieved from /home/airflow/.local/lib/python3.12/site-packages/airflow/example_dags/example_branch_python_dop_operator_3.py
[2024-05-24T05:49:22.213+0000] {logging_mixin.py:188} INFO - [2024-05-24T05:49:22.213+0000] {dag.py:3096} INFO - Sync 1 DAGs
[2024-05-24T05:49:22.223+0000] {logging_mixin.py:188} INFO - [2024-05-24T05:49:22.223+0000] {dag.py:3954} INFO - Setting next_dagrun for example_branch_dop_operator_v3 to 2024-05-24 05:48:00+00:00, run_after=2024-05-24 05:49:00+00:00
[2024-05-24T05:49:22.230+0000] {processor.py:183} INFO - Processing /home/airflow/.local/lib/python3.12/site-packages/airflow/example_dags/example_branch_python_dop_operator_3.py took 0.035 seconds
[2024-05-24T05:49:52.521+0000] {processor.py:161} INFO - Started process (PID=2529) to work on /home/airflow/.local/lib/python3.12/site-packages/airflow/example_dags/example_branch_python_dop_operator_3.py
[2024-05-24T05:49:52.522+0000] {processor.py:830} INFO - Processing file /home/airflow/.local/lib/python3.12/site-packages/airflow/example_dags/example_branch_python_dop_operator_3.py for tasks to queue
[2024-05-24T05:49:52.523+0000] {logging_mixin.py:188} INFO - [2024-05-24T05:49:52.523+0000] {dagbag.py:545} INFO - Filling up the DagBag from /home/airflow/.local/lib/python3.12/site-packages/airflow/example_dags/example_branch_python_dop_operator_3.py
[2024-05-24T05:49:52.530+0000] {processor.py:840} INFO - DAG(s) 'example_branch_dop_operator_v3' retrieved from /home/airflow/.local/lib/python3.12/site-packages/airflow/example_dags/example_branch_python_dop_operator_3.py
[2024-05-24T05:49:52.541+0000] {logging_mixin.py:188} INFO - [2024-05-24T05:49:52.541+0000] {dag.py:3096} INFO - Sync 1 DAGs
[2024-05-24T05:49:52.553+0000] {logging_mixin.py:188} INFO - [2024-05-24T05:49:52.553+0000] {dag.py:3954} INFO - Setting next_dagrun for example_branch_dop_operator_v3 to 2024-05-24 05:48:00+00:00, run_after=2024-05-24 05:49:00+00:00
[2024-05-24T05:49:52.561+0000] {processor.py:183} INFO - Processing /home/airflow/.local/lib/python3.12/site-packages/airflow/example_dags/example_branch_python_dop_operator_3.py took 0.045 seconds
[2024-05-24T05:50:22.855+0000] {processor.py:161} INFO - Started process (PID=2791) to work on /home/airflow/.local/lib/python3.12/site-packages/airflow/example_dags/example_branch_python_dop_operator_3.py
[2024-05-24T05:50:22.856+0000] {processor.py:830} INFO - Processing file /home/airflow/.local/lib/python3.12/site-packages/airflow/example_dags/example_branch_python_dop_operator_3.py for tasks to queue
[2024-05-24T05:50:22.857+0000] {logging_mixin.py:188} INFO - [2024-05-24T05:50:22.857+0000] {dagbag.py:545} INFO - Filling up the DagBag from /home/airflow/.local/lib/python3.12/site-packages/airflow/example_dags/example_branch_python_dop_operator_3.py
[2024-05-24T05:50:22.864+0000] {processor.py:840} INFO - DAG(s) 'example_branch_dop_operator_v3' retrieved from /home/airflow/.local/lib/python3.12/site-packages/airflow/example_dags/example_branch_python_dop_operator_3.py
[2024-05-24T05:50:22.875+0000] {logging_mixin.py:188} INFO - [2024-05-24T05:50:22.875+0000] {dag.py:3096} INFO - Sync 1 DAGs
[2024-05-24T05:50:22.888+0000] {logging_mixin.py:188} INFO - [2024-05-24T05:50:22.887+0000] {dag.py:3954} INFO - Setting next_dagrun for example_branch_dop_operator_v3 to 2024-05-24 05:49:00+00:00, run_after=2024-05-24 05:50:00+00:00
[2024-05-24T05:50:22.895+0000] {processor.py:183} INFO - Processing /home/airflow/.local/lib/python3.12/site-packages/airflow/example_dags/example_branch_python_dop_operator_3.py took 0.046 seconds
[2024-05-24T05:50:53.227+0000] {processor.py:161} INFO - Started process (PID=3053) to work on /home/airflow/.local/lib/python3.12/site-packages/airflow/example_dags/example_branch_python_dop_operator_3.py
[2024-05-24T05:50:53.228+0000] {processor.py:830} INFO - Processing file /home/airflow/.local/lib/python3.12/site-packages/airflow/example_dags/example_branch_python_dop_operator_3.py for tasks to queue
[2024-05-24T05:50:53.229+0000] {logging_mixin.py:188} INFO - [2024-05-24T05:50:53.229+0000] {dagbag.py:545} INFO - Filling up the DagBag from /home/airflow/.local/lib/python3.12/site-packages/airflow/example_dags/example_branch_python_dop_operator_3.py
[2024-05-24T05:50:53.235+0000] {processor.py:840} INFO - DAG(s) 'example_branch_dop_operator_v3' retrieved from /home/airflow/.local/lib/python3.12/site-packages/airflow/example_dags/example_branch_python_dop_operator_3.py
[2024-05-24T05:50:53.245+0000] {logging_mixin.py:188} INFO - [2024-05-24T05:50:53.245+0000] {dag.py:3096} INFO - Sync 1 DAGs
[2024-05-24T05:50:53.256+0000] {logging_mixin.py:188} INFO - [2024-05-24T05:50:53.256+0000] {dag.py:3954} INFO - Setting next_dagrun for example_branch_dop_operator_v3 to 2024-05-24 05:49:00+00:00, run_after=2024-05-24 05:50:00+00:00
[2024-05-24T05:50:53.263+0000] {processor.py:183} INFO - Processing /home/airflow/.local/lib/python3.12/site-packages/airflow/example_dags/example_branch_python_dop_operator_3.py took 0.040 seconds
[2024-05-24T05:51:23.539+0000] {processor.py:161} INFO - Started process (PID=3315) to work on /home/airflow/.local/lib/python3.12/site-packages/airflow/example_dags/example_branch_python_dop_operator_3.py
[2024-05-24T05:51:23.540+0000] {processor.py:830} INFO - Processing file /home/airflow/.local/lib/python3.12/site-packages/airflow/example_dags/example_branch_python_dop_operator_3.py for tasks to queue
[2024-05-24T05:51:23.541+0000] {logging_mixin.py:188} INFO - [2024-05-24T05:51:23.541+0000] {dagbag.py:545} INFO - Filling up the DagBag from /home/airflow/.local/lib/python3.12/site-packages/airflow/example_dags/example_branch_python_dop_operator_3.py
[2024-05-24T05:51:23.547+0000] {processor.py:840} INFO - DAG(s) 'example_branch_dop_operator_v3' retrieved from /home/airflow/.local/lib/python3.12/site-packages/airflow/example_dags/example_branch_python_dop_operator_3.py
[2024-05-24T05:51:23.559+0000] {logging_mixin.py:188} INFO - [2024-05-24T05:51:23.559+0000] {dag.py:3096} INFO - Sync 1 DAGs
[2024-05-24T05:51:23.571+0000] {logging_mixin.py:188} INFO - [2024-05-24T05:51:23.570+0000] {dag.py:3954} INFO - Setting next_dagrun for example_branch_dop_operator_v3 to 2024-05-24 05:50:00+00:00, run_after=2024-05-24 05:51:00+00:00
[2024-05-24T05:51:23.578+0000] {processor.py:183} INFO - Processing /home/airflow/.local/lib/python3.12/site-packages/airflow/example_dags/example_branch_python_dop_operator_3.py took 0.044 seconds
[2024-05-24T05:51:53.859+0000] {processor.py:161} INFO - Started process (PID=3577) to work on /home/airflow/.local/lib/python3.12/site-packages/airflow/example_dags/example_branch_python_dop_operator_3.py
[2024-05-24T05:51:53.860+0000] {processor.py:830} INFO - Processing file /home/airflow/.local/lib/python3.12/site-packages/airflow/example_dags/example_branch_python_dop_operator_3.py for tasks to queue
[2024-05-24T05:51:53.862+0000] {logging_mixin.py:188} INFO - [2024-05-24T05:51:53.861+0000] {dagbag.py:545} INFO - Filling up the DagBag from /home/airflow/.local/lib/python3.12/site-packages/airflow/example_dags/example_branch_python_dop_operator_3.py
[2024-05-24T05:51:53.868+0000] {processor.py:840} INFO - DAG(s) 'example_branch_dop_operator_v3' retrieved from /home/airflow/.local/lib/python3.12/site-packages/airflow/example_dags/example_branch_python_dop_operator_3.py
[2024-05-24T05:51:53.880+0000] {logging_mixin.py:188} INFO - [2024-05-24T05:51:53.880+0000] {dag.py:3096} INFO - Sync 1 DAGs
[2024-05-24T05:51:53.891+0000] {logging_mixin.py:188} INFO - [2024-05-24T05:51:53.891+0000] {dag.py:3954} INFO - Setting next_dagrun for example_branch_dop_operator_v3 to 2024-05-24 05:50:00+00:00, run_after=2024-05-24 05:51:00+00:00
[2024-05-24T05:51:53.899+0000] {processor.py:183} INFO - Processing /home/airflow/.local/lib/python3.12/site-packages/airflow/example_dags/example_branch_python_dop_operator_3.py took 0.045 seconds
[2024-05-24T05:52:24.147+0000] {processor.py:161} INFO - Started process (PID=3839) to work on /home/airflow/.local/lib/python3.12/site-packages/airflow/example_dags/example_branch_python_dop_operator_3.py
[2024-05-24T05:52:24.148+0000] {processor.py:830} INFO - Processing file /home/airflow/.local/lib/python3.12/site-packages/airflow/example_dags/example_branch_python_dop_operator_3.py for tasks to queue
[2024-05-24T05:52:24.150+0000] {logging_mixin.py:188} INFO - [2024-05-24T05:52:24.149+0000] {dagbag.py:545} INFO - Filling up the DagBag from /home/airflow/.local/lib/python3.12/site-packages/airflow/example_dags/example_branch_python_dop_operator_3.py
[2024-05-24T05:52:24.157+0000] {processor.py:840} INFO - DAG(s) 'example_branch_dop_operator_v3' retrieved from /home/airflow/.local/lib/python3.12/site-packages/airflow/example_dags/example_branch_python_dop_operator_3.py
[2024-05-24T05:52:24.169+0000] {logging_mixin.py:188} INFO - [2024-05-24T05:52:24.169+0000] {dag.py:3096} INFO - Sync 1 DAGs
[2024-05-24T05:52:24.182+0000] {logging_mixin.py:188} INFO - [2024-05-24T05:52:24.182+0000] {dag.py:3954} INFO - Setting next_dagrun for example_branch_dop_operator_v3 to 2024-05-24 05:51:00+00:00, run_after=2024-05-24 05:52:00+00:00
[2024-05-24T05:52:24.190+0000] {processor.py:183} INFO - Processing /home/airflow/.local/lib/python3.12/site-packages/airflow/example_dags/example_branch_python_dop_operator_3.py took 0.050 seconds
[2024-05-24T05:52:54.425+0000] {processor.py:161} INFO - Started process (PID=4101) to work on /home/airflow/.local/lib/python3.12/site-packages/airflow/example_dags/example_branch_python_dop_operator_3.py
[2024-05-24T05:52:54.426+0000] {processor.py:830} INFO - Processing file /home/airflow/.local/lib/python3.12/site-packages/airflow/example_dags/example_branch_python_dop_operator_3.py for tasks to queue
[2024-05-24T05:52:54.427+0000] {logging_mixin.py:188} INFO - [2024-05-24T05:52:54.427+0000] {dagbag.py:545} INFO - Filling up the DagBag from /home/airflow/.local/lib/python3.12/site-packages/airflow/example_dags/example_branch_python_dop_operator_3.py
[2024-05-24T05:52:54.435+0000] {processor.py:840} INFO - DAG(s) 'example_branch_dop_operator_v3' retrieved from /home/airflow/.local/lib/python3.12/site-packages/airflow/example_dags/example_branch_python_dop_operator_3.py
[2024-05-24T05:52:54.447+0000] {logging_mixin.py:188} INFO - [2024-05-24T05:52:54.446+0000] {dag.py:3096} INFO - Sync 1 DAGs
[2024-05-24T05:52:54.460+0000] {logging_mixin.py:188} INFO - [2024-05-24T05:52:54.460+0000] {dag.py:3954} INFO - Setting next_dagrun for example_branch_dop_operator_v3 to 2024-05-24 05:51:00+00:00, run_after=2024-05-24 05:52:00+00:00
[2024-05-24T05:52:54.467+0000] {processor.py:183} INFO - Processing /home/airflow/.local/lib/python3.12/site-packages/airflow/example_dags/example_branch_python_dop_operator_3.py took 0.048 seconds
[2024-05-24T05:53:24.772+0000] {processor.py:161} INFO - Started process (PID=4363) to work on /home/airflow/.local/lib/python3.12/site-packages/airflow/example_dags/example_branch_python_dop_operator_3.py
[2024-05-24T05:53:24.773+0000] {processor.py:830} INFO - Processing file /home/airflow/.local/lib/python3.12/site-packages/airflow/example_dags/example_branch_python_dop_operator_3.py for tasks to queue
[2024-05-24T05:53:24.774+0000] {logging_mixin.py:188} INFO - [2024-05-24T05:53:24.774+0000] {dagbag.py:545} INFO - Filling up the DagBag from /home/airflow/.local/lib/python3.12/site-packages/airflow/example_dags/example_branch_python_dop_operator_3.py
[2024-05-24T05:53:24.783+0000] {processor.py:840} INFO - DAG(s) 'example_branch_dop_operator_v3' retrieved from /home/airflow/.local/lib/python3.12/site-packages/airflow/example_dags/example_branch_python_dop_operator_3.py
[2024-05-24T05:53:24.799+0000] {logging_mixin.py:188} INFO - [2024-05-24T05:53:24.799+0000] {dag.py:3096} INFO - Sync 1 DAGs
[2024-05-24T05:53:24.813+0000] {logging_mixin.py:188} INFO - [2024-05-24T05:53:24.813+0000] {dag.py:3954} INFO - Setting next_dagrun for example_branch_dop_operator_v3 to 2024-05-24 05:52:00+00:00, run_after=2024-05-24 05:53:00+00:00
[2024-05-24T05:53:24.821+0000] {processor.py:183} INFO - Processing /home/airflow/.local/lib/python3.12/site-packages/airflow/example_dags/example_branch_python_dop_operator_3.py took 0.055 seconds
[2024-05-24T05:53:55.261+0000] {processor.py:161} INFO - Started process (PID=4650) to work on /home/airflow/.local/lib/python3.12/site-packages/airflow/example_dags/example_branch_python_dop_operator_3.py
[2024-05-24T05:53:55.261+0000] {processor.py:830} INFO - Processing file /home/airflow/.local/lib/python3.12/site-packages/airflow/example_dags/example_branch_python_dop_operator_3.py for tasks to queue
[2024-05-24T05:53:55.263+0000] {logging_mixin.py:188} INFO - [2024-05-24T05:53:55.263+0000] {dagbag.py:545} INFO - Filling up the DagBag from /home/airflow/.local/lib/python3.12/site-packages/airflow/example_dags/example_branch_python_dop_operator_3.py
[2024-05-24T05:53:55.270+0000] {processor.py:840} INFO - DAG(s) 'example_branch_dop_operator_v3' retrieved from /home/airflow/.local/lib/python3.12/site-packages/airflow/example_dags/example_branch_python_dop_operator_3.py
[2024-05-24T05:53:55.282+0000] {logging_mixin.py:188} INFO - [2024-05-24T05:53:55.282+0000] {dag.py:3096} INFO - Sync 1 DAGs
[2024-05-24T05:53:55.294+0000] {logging_mixin.py:188} INFO - [2024-05-24T05:53:55.294+0000] {dag.py:3954} INFO - Setting next_dagrun for example_branch_dop_operator_v3 to 2024-05-24 05:52:00+00:00, run_after=2024-05-24 05:53:00+00:00
[2024-05-24T05:53:55.302+0000] {processor.py:183} INFO - Processing /home/airflow/.local/lib/python3.12/site-packages/airflow/example_dags/example_branch_python_dop_operator_3.py took 0.047 seconds
[2024-05-24T05:54:25.583+0000] {processor.py:161} INFO - Started process (PID=4912) to work on /home/airflow/.local/lib/python3.12/site-packages/airflow/example_dags/example_branch_python_dop_operator_3.py
[2024-05-24T05:54:25.584+0000] {processor.py:830} INFO - Processing file /home/airflow/.local/lib/python3.12/site-packages/airflow/example_dags/example_branch_python_dop_operator_3.py for tasks to queue
[2024-05-24T05:54:25.585+0000] {logging_mixin.py:188} INFO - [2024-05-24T05:54:25.585+0000] {dagbag.py:545} INFO - Filling up the DagBag from /home/airflow/.local/lib/python3.12/site-packages/airflow/example_dags/example_branch_python_dop_operator_3.py
[2024-05-24T05:54:25.591+0000] {processor.py:840} INFO - DAG(s) 'example_branch_dop_operator_v3' retrieved from /home/airflow/.local/lib/python3.12/site-packages/airflow/example_dags/example_branch_python_dop_operator_3.py
[2024-05-24T05:54:25.602+0000] {logging_mixin.py:188} INFO - [2024-05-24T05:54:25.602+0000] {dag.py:3096} INFO - Sync 1 DAGs
[2024-05-24T05:54:25.614+0000] {logging_mixin.py:188} INFO - [2024-05-24T05:54:25.614+0000] {dag.py:3954} INFO - Setting next_dagrun for example_branch_dop_operator_v3 to 2024-05-24 05:53:00+00:00, run_after=2024-05-24 05:54:00+00:00
[2024-05-24T05:54:25.622+0000] {processor.py:183} INFO - Processing /home/airflow/.local/lib/python3.12/site-packages/airflow/example_dags/example_branch_python_dop_operator_3.py took 0.044 seconds
[2024-05-24T05:54:55.979+0000] {processor.py:161} INFO - Started process (PID=5174) to work on /home/airflow/.local/lib/python3.12/site-packages/airflow/example_dags/example_branch_python_dop_operator_3.py
[2024-05-24T05:54:55.980+0000] {processor.py:830} INFO - Processing file /home/airflow/.local/lib/python3.12/site-packages/airflow/example_dags/example_branch_python_dop_operator_3.py for tasks to queue
[2024-05-24T05:54:55.981+0000] {logging_mixin.py:188} INFO - [2024-05-24T05:54:55.981+0000] {dagbag.py:545} INFO - Filling up the DagBag from /home/airflow/.local/lib/python3.12/site-packages/airflow/example_dags/example_branch_python_dop_operator_3.py
[2024-05-24T05:54:55.988+0000] {processor.py:840} INFO - DAG(s) 'example_branch_dop_operator_v3' retrieved from /home/airflow/.local/lib/python3.12/site-packages/airflow/example_dags/example_branch_python_dop_operator_3.py
[2024-05-24T05:54:56.000+0000] {logging_mixin.py:188} INFO - [2024-05-24T05:54:56.000+0000] {dag.py:3096} INFO - Sync 1 DAGs
[2024-05-24T05:54:56.013+0000] {logging_mixin.py:188} INFO - [2024-05-24T05:54:56.013+0000] {dag.py:3954} INFO - Setting next_dagrun for example_branch_dop_operator_v3 to 2024-05-24 05:53:00+00:00, run_after=2024-05-24 05:54:00+00:00
[2024-05-24T05:54:56.020+0000] {processor.py:183} INFO - Processing /home/airflow/.local/lib/python3.12/site-packages/airflow/example_dags/example_branch_python_dop_operator_3.py took 0.047 seconds
[2024-05-24T05:55:26.314+0000] {processor.py:161} INFO - Started process (PID=5436) to work on /home/airflow/.local/lib/python3.12/site-packages/airflow/example_dags/example_branch_python_dop_operator_3.py
[2024-05-24T05:55:26.315+0000] {processor.py:830} INFO - Processing file /home/airflow/.local/lib/python3.12/site-packages/airflow/example_dags/example_branch_python_dop_operator_3.py for tasks to queue
[2024-05-24T05:55:26.316+0000] {logging_mixin.py:188} INFO - [2024-05-24T05:55:26.316+0000] {dagbag.py:545} INFO - Filling up the DagBag from /home/airflow/.local/lib/python3.12/site-packages/airflow/example_dags/example_branch_python_dop_operator_3.py
[2024-05-24T05:55:26.322+0000] {processor.py:840} INFO - DAG(s) 'example_branch_dop_operator_v3' retrieved from /home/airflow/.local/lib/python3.12/site-packages/airflow/example_dags/example_branch_python_dop_operator_3.py
[2024-05-24T05:55:26.334+0000] {logging_mixin.py:188} INFO - [2024-05-24T05:55:26.333+0000] {dag.py:3096} INFO - Sync 1 DAGs
[2024-05-24T05:55:26.345+0000] {logging_mixin.py:188} INFO - [2024-05-24T05:55:26.345+0000] {dag.py:3954} INFO - Setting next_dagrun for example_branch_dop_operator_v3 to 2024-05-24 05:54:00+00:00, run_after=2024-05-24 05:55:00+00:00
[2024-05-24T05:55:26.353+0000] {processor.py:183} INFO - Processing /home/airflow/.local/lib/python3.12/site-packages/airflow/example_dags/example_branch_python_dop_operator_3.py took 0.044 seconds
[2024-05-24T05:55:56.671+0000] {processor.py:161} INFO - Started process (PID=5698) to work on /home/airflow/.local/lib/python3.12/site-packages/airflow/example_dags/example_branch_python_dop_operator_3.py
[2024-05-24T05:55:56.672+0000] {processor.py:830} INFO - Processing file /home/airflow/.local/lib/python3.12/site-packages/airflow/example_dags/example_branch_python_dop_operator_3.py for tasks to queue
[2024-05-24T05:55:56.673+0000] {logging_mixin.py:188} INFO - [2024-05-24T05:55:56.673+0000] {dagbag.py:545} INFO - Filling up the DagBag from /home/airflow/.local/lib/python3.12/site-packages/airflow/example_dags/example_branch_python_dop_operator_3.py
[2024-05-24T05:55:56.680+0000] {processor.py:840} INFO - DAG(s) 'example_branch_dop_operator_v3' retrieved from /home/airflow/.local/lib/python3.12/site-packages/airflow/example_dags/example_branch_python_dop_operator_3.py
[2024-05-24T05:55:56.691+0000] {logging_mixin.py:188} INFO - [2024-05-24T05:55:56.691+0000] {dag.py:3096} INFO - Sync 1 DAGs
[2024-05-24T05:55:56.703+0000] {logging_mixin.py:188} INFO - [2024-05-24T05:55:56.703+0000] {dag.py:3954} INFO - Setting next_dagrun for example_branch_dop_operator_v3 to 2024-05-24 05:54:00+00:00, run_after=2024-05-24 05:55:00+00:00
[2024-05-24T05:55:56.711+0000] {processor.py:183} INFO - Processing /home/airflow/.local/lib/python3.12/site-packages/airflow/example_dags/example_branch_python_dop_operator_3.py took 0.046 seconds
[2024-05-24T05:56:27.002+0000] {processor.py:161} INFO - Started process (PID=5960) to work on /home/airflow/.local/lib/python3.12/site-packages/airflow/example_dags/example_branch_python_dop_operator_3.py
[2024-05-24T05:56:27.003+0000] {processor.py:830} INFO - Processing file /home/airflow/.local/lib/python3.12/site-packages/airflow/example_dags/example_branch_python_dop_operator_3.py for tasks to queue
[2024-05-24T05:56:27.004+0000] {logging_mixin.py:188} INFO - [2024-05-24T05:56:27.004+0000] {dagbag.py:545} INFO - Filling up the DagBag from /home/airflow/.local/lib/python3.12/site-packages/airflow/example_dags/example_branch_python_dop_operator_3.py
[2024-05-24T05:56:27.010+0000] {processor.py:840} INFO - DAG(s) 'example_branch_dop_operator_v3' retrieved from /home/airflow/.local/lib/python3.12/site-packages/airflow/example_dags/example_branch_python_dop_operator_3.py
[2024-05-24T05:56:27.021+0000] {logging_mixin.py:188} INFO - [2024-05-24T05:56:27.021+0000] {dag.py:3096} INFO - Sync 1 DAGs
[2024-05-24T05:56:27.033+0000] {logging_mixin.py:188} INFO - [2024-05-24T05:56:27.033+0000] {dag.py:3954} INFO - Setting next_dagrun for example_branch_dop_operator_v3 to 2024-05-24 05:55:00+00:00, run_after=2024-05-24 05:56:00+00:00
[2024-05-24T05:56:27.041+0000] {processor.py:183} INFO - Processing /home/airflow/.local/lib/python3.12/site-packages/airflow/example_dags/example_branch_python_dop_operator_3.py took 0.045 seconds
[2024-05-24T05:56:57.318+0000] {processor.py:161} INFO - Started process (PID=6222) to work on /home/airflow/.local/lib/python3.12/site-packages/airflow/example_dags/example_branch_python_dop_operator_3.py
[2024-05-24T05:56:57.319+0000] {processor.py:830} INFO - Processing file /home/airflow/.local/lib/python3.12/site-packages/airflow/example_dags/example_branch_python_dop_operator_3.py for tasks to queue
[2024-05-24T05:56:57.320+0000] {logging_mixin.py:188} INFO - [2024-05-24T05:56:57.320+0000] {dagbag.py:545} INFO - Filling up the DagBag from /home/airflow/.local/lib/python3.12/site-packages/airflow/example_dags/example_branch_python_dop_operator_3.py
[2024-05-24T05:56:57.327+0000] {processor.py:840} INFO - DAG(s) 'example_branch_dop_operator_v3' retrieved from /home/airflow/.local/lib/python3.12/site-packages/airflow/example_dags/example_branch_python_dop_operator_3.py
[2024-05-24T05:56:57.339+0000] {logging_mixin.py:188} INFO - [2024-05-24T05:56:57.339+0000] {dag.py:3096} INFO - Sync 1 DAGs
[2024-05-24T05:56:57.351+0000] {logging_mixin.py:188} INFO - [2024-05-24T05:56:57.351+0000] {dag.py:3954} INFO - Setting next_dagrun for example_branch_dop_operator_v3 to 2024-05-24 05:55:00+00:00, run_after=2024-05-24 05:56:00+00:00
[2024-05-24T05:56:57.359+0000] {processor.py:183} INFO - Processing /home/airflow/.local/lib/python3.12/site-packages/airflow/example_dags/example_branch_python_dop_operator_3.py took 0.047 seconds
[2024-05-24T05:57:27.609+0000] {processor.py:161} INFO - Started process (PID=6484) to work on /home/airflow/.local/lib/python3.12/site-packages/airflow/example_dags/example_branch_python_dop_operator_3.py
[2024-05-24T05:57:27.610+0000] {processor.py:830} INFO - Processing file /home/airflow/.local/lib/python3.12/site-packages/airflow/example_dags/example_branch_python_dop_operator_3.py for tasks to queue
[2024-05-24T05:57:27.611+0000] {logging_mixin.py:188} INFO - [2024-05-24T05:57:27.611+0000] {dagbag.py:545} INFO - Filling up the DagBag from /home/airflow/.local/lib/python3.12/site-packages/airflow/example_dags/example_branch_python_dop_operator_3.py
[2024-05-24T05:57:27.617+0000] {processor.py:840} INFO - DAG(s) 'example_branch_dop_operator_v3' retrieved from /home/airflow/.local/lib/python3.12/site-packages/airflow/example_dags/example_branch_python_dop_operator_3.py
[2024-05-24T05:57:27.629+0000] {logging_mixin.py:188} INFO - [2024-05-24T05:57:27.629+0000] {dag.py:3096} INFO - Sync 1 DAGs
[2024-05-24T05:57:27.641+0000] {logging_mixin.py:188} INFO - [2024-05-24T05:57:27.641+0000] {dag.py:3954} INFO - Setting next_dagrun for example_branch_dop_operator_v3 to 2024-05-24 05:56:00+00:00, run_after=2024-05-24 05:57:00+00:00
[2024-05-24T05:57:27.649+0000] {processor.py:183} INFO - Processing /home/airflow/.local/lib/python3.12/site-packages/airflow/example_dags/example_branch_python_dop_operator_3.py took 0.046 seconds
[2024-05-24T05:57:57.968+0000] {processor.py:161} INFO - Started process (PID=6746) to work on /home/airflow/.local/lib/python3.12/site-packages/airflow/example_dags/example_branch_python_dop_operator_3.py
[2024-05-24T05:57:57.968+0000] {processor.py:830} INFO - Processing file /home/airflow/.local/lib/python3.12/site-packages/airflow/example_dags/example_branch_python_dop_operator_3.py for tasks to queue
[2024-05-24T05:57:57.970+0000] {logging_mixin.py:188} INFO - [2024-05-24T05:57:57.970+0000] {dagbag.py:545} INFO - Filling up the DagBag from /home/airflow/.local/lib/python3.12/site-packages/airflow/example_dags/example_branch_python_dop_operator_3.py
[2024-05-24T05:57:57.976+0000] {processor.py:840} INFO - DAG(s) 'example_branch_dop_operator_v3' retrieved from /home/airflow/.local/lib/python3.12/site-packages/airflow/example_dags/example_branch_python_dop_operator_3.py
[2024-05-24T05:57:57.988+0000] {logging_mixin.py:188} INFO - [2024-05-24T05:57:57.988+0000] {dag.py:3096} INFO - Sync 1 DAGs
[2024-05-24T05:57:58.000+0000] {logging_mixin.py:188} INFO - [2024-05-24T05:57:58.000+0000] {dag.py:3954} INFO - Setting next_dagrun for example_branch_dop_operator_v3 to 2024-05-24 05:56:00+00:00, run_after=2024-05-24 05:57:00+00:00
[2024-05-24T05:57:58.008+0000] {processor.py:183} INFO - Processing /home/airflow/.local/lib/python3.12/site-packages/airflow/example_dags/example_branch_python_dop_operator_3.py took 0.045 seconds
[2024-05-24T05:58:28.298+0000] {processor.py:161} INFO - Started process (PID=7008) to work on /home/airflow/.local/lib/python3.12/site-packages/airflow/example_dags/example_branch_python_dop_operator_3.py
[2024-05-24T05:58:28.299+0000] {processor.py:830} INFO - Processing file /home/airflow/.local/lib/python3.12/site-packages/airflow/example_dags/example_branch_python_dop_operator_3.py for tasks to queue
[2024-05-24T05:58:28.300+0000] {logging_mixin.py:188} INFO - [2024-05-24T05:58:28.300+0000] {dagbag.py:545} INFO - Filling up the DagBag from /home/airflow/.local/lib/python3.12/site-packages/airflow/example_dags/example_branch_python_dop_operator_3.py
[2024-05-24T05:58:28.306+0000] {processor.py:840} INFO - DAG(s) 'example_branch_dop_operator_v3' retrieved from /home/airflow/.local/lib/python3.12/site-packages/airflow/example_dags/example_branch_python_dop_operator_3.py
[2024-05-24T05:58:28.317+0000] {logging_mixin.py:188} INFO - [2024-05-24T05:58:28.317+0000] {dag.py:3096} INFO - Sync 1 DAGs
[2024-05-24T05:58:28.329+0000] {logging_mixin.py:188} INFO - [2024-05-24T05:58:28.329+0000] {dag.py:3954} INFO - Setting next_dagrun for example_branch_dop_operator_v3 to 2024-05-24 05:57:00+00:00, run_after=2024-05-24 05:58:00+00:00
[2024-05-24T05:58:28.337+0000] {processor.py:183} INFO - Processing /home/airflow/.local/lib/python3.12/site-packages/airflow/example_dags/example_branch_python_dop_operator_3.py took 0.045 seconds
[2024-05-24T06:13:52.724+0000] {processor.py:161} INFO - Started process (PID=7270) to work on /home/airflow/.local/lib/python3.12/site-packages/airflow/example_dags/example_branch_python_dop_operator_3.py
[2024-05-24T06:13:52.724+0000] {processor.py:830} INFO - Processing file /home/airflow/.local/lib/python3.12/site-packages/airflow/example_dags/example_branch_python_dop_operator_3.py for tasks to queue
[2024-05-24T06:13:52.725+0000] {logging_mixin.py:188} INFO - [2024-05-24T06:13:52.725+0000] {dagbag.py:545} INFO - Filling up the DagBag from /home/airflow/.local/lib/python3.12/site-packages/airflow/example_dags/example_branch_python_dop_operator_3.py
[2024-05-24T06:13:52.730+0000] {processor.py:840} INFO - DAG(s) 'example_branch_dop_operator_v3' retrieved from /home/airflow/.local/lib/python3.12/site-packages/airflow/example_dags/example_branch_python_dop_operator_3.py
[2024-05-24T06:13:52.740+0000] {logging_mixin.py:188} INFO - [2024-05-24T06:13:52.740+0000] {dag.py:3096} INFO - Sync 1 DAGs
[2024-05-24T06:13:52.750+0000] {logging_mixin.py:188} INFO - [2024-05-24T06:13:52.750+0000] {dag.py:3954} INFO - Setting next_dagrun for example_branch_dop_operator_v3 to 2024-05-24 06:12:00+00:00, run_after=2024-05-24 06:13:00+00:00
[2024-05-24T06:13:52.758+0000] {processor.py:183} INFO - Processing /home/airflow/.local/lib/python3.12/site-packages/airflow/example_dags/example_branch_python_dop_operator_3.py took 0.038 seconds
[2024-05-24T06:26:09.600+0000] {processor.py:161} INFO - Started process (PID=7531) to work on /home/airflow/.local/lib/python3.12/site-packages/airflow/example_dags/example_branch_python_dop_operator_3.py
[2024-05-24T06:26:09.600+0000] {processor.py:830} INFO - Processing file /home/airflow/.local/lib/python3.12/site-packages/airflow/example_dags/example_branch_python_dop_operator_3.py for tasks to queue
[2024-05-24T06:26:09.601+0000] {logging_mixin.py:188} INFO - [2024-05-24T06:26:09.601+0000] {dagbag.py:545} INFO - Filling up the DagBag from /home/airflow/.local/lib/python3.12/site-packages/airflow/example_dags/example_branch_python_dop_operator_3.py
[2024-05-24T06:26:09.606+0000] {processor.py:840} INFO - DAG(s) 'example_branch_dop_operator_v3' retrieved from /home/airflow/.local/lib/python3.12/site-packages/airflow/example_dags/example_branch_python_dop_operator_3.py
[2024-05-24T06:26:09.616+0000] {logging_mixin.py:188} INFO - [2024-05-24T06:26:09.616+0000] {dag.py:3096} INFO - Sync 1 DAGs
[2024-05-24T06:26:09.627+0000] {logging_mixin.py:188} INFO - [2024-05-24T06:26:09.626+0000] {dag.py:3954} INFO - Setting next_dagrun for example_branch_dop_operator_v3 to 2024-05-24 06:25:00+00:00, run_after=2024-05-24 06:26:00+00:00
[2024-05-24T06:26:09.634+0000] {processor.py:183} INFO - Processing /home/airflow/.local/lib/python3.12/site-packages/airflow/example_dags/example_branch_python_dop_operator_3.py took 0.037 seconds
[2024-05-24T06:26:40.016+0000] {processor.py:161} INFO - Started process (PID=7792) to work on /home/airflow/.local/lib/python3.12/site-packages/airflow/example_dags/example_branch_python_dop_operator_3.py
[2024-05-24T06:26:40.017+0000] {processor.py:830} INFO - Processing file /home/airflow/.local/lib/python3.12/site-packages/airflow/example_dags/example_branch_python_dop_operator_3.py for tasks to queue
[2024-05-24T06:26:40.018+0000] {logging_mixin.py:188} INFO - [2024-05-24T06:26:40.018+0000] {dagbag.py:545} INFO - Filling up the DagBag from /home/airflow/.local/lib/python3.12/site-packages/airflow/example_dags/example_branch_python_dop_operator_3.py
[2024-05-24T06:26:40.026+0000] {processor.py:840} INFO - DAG(s) 'example_branch_dop_operator_v3' retrieved from /home/airflow/.local/lib/python3.12/site-packages/airflow/example_dags/example_branch_python_dop_operator_3.py
[2024-05-24T06:26:40.038+0000] {logging_mixin.py:188} INFO - [2024-05-24T06:26:40.038+0000] {dag.py:3096} INFO - Sync 1 DAGs
[2024-05-24T06:26:40.050+0000] {logging_mixin.py:188} INFO - [2024-05-24T06:26:40.050+0000] {dag.py:3954} INFO - Setting next_dagrun for example_branch_dop_operator_v3 to 2024-05-24 06:25:00+00:00, run_after=2024-05-24 06:26:00+00:00
[2024-05-24T06:26:40.058+0000] {processor.py:183} INFO - Processing /home/airflow/.local/lib/python3.12/site-packages/airflow/example_dags/example_branch_python_dop_operator_3.py took 0.048 seconds
[2024-05-24T06:27:10.434+0000] {processor.py:161} INFO - Started process (PID=8054) to work on /home/airflow/.local/lib/python3.12/site-packages/airflow/example_dags/example_branch_python_dop_operator_3.py
[2024-05-24T06:27:10.434+0000] {processor.py:830} INFO - Processing file /home/airflow/.local/lib/python3.12/site-packages/airflow/example_dags/example_branch_python_dop_operator_3.py for tasks to queue
[2024-05-24T06:27:10.435+0000] {logging_mixin.py:188} INFO - [2024-05-24T06:27:10.435+0000] {dagbag.py:545} INFO - Filling up the DagBag from /home/airflow/.local/lib/python3.12/site-packages/airflow/example_dags/example_branch_python_dop_operator_3.py
[2024-05-24T06:27:10.440+0000] {processor.py:840} INFO - DAG(s) 'example_branch_dop_operator_v3' retrieved from /home/airflow/.local/lib/python3.12/site-packages/airflow/example_dags/example_branch_python_dop_operator_3.py
[2024-05-24T06:27:10.449+0000] {logging_mixin.py:188} INFO - [2024-05-24T06:27:10.449+0000] {dag.py:3096} INFO - Sync 1 DAGs
[2024-05-24T06:27:10.459+0000] {logging_mixin.py:188} INFO - [2024-05-24T06:27:10.459+0000] {dag.py:3954} INFO - Setting next_dagrun for example_branch_dop_operator_v3 to 2024-05-24 06:26:00+00:00, run_after=2024-05-24 06:27:00+00:00
[2024-05-24T06:27:10.466+0000] {processor.py:183} INFO - Processing /home/airflow/.local/lib/python3.12/site-packages/airflow/example_dags/example_branch_python_dop_operator_3.py took 0.035 seconds
[2024-05-24T06:28:25.517+0000] {processor.py:161} INFO - Started process (PID=8316) to work on /home/airflow/.local/lib/python3.12/site-packages/airflow/example_dags/example_branch_python_dop_operator_3.py
[2024-05-24T06:28:25.518+0000] {processor.py:830} INFO - Processing file /home/airflow/.local/lib/python3.12/site-packages/airflow/example_dags/example_branch_python_dop_operator_3.py for tasks to queue
[2024-05-24T06:28:25.520+0000] {logging_mixin.py:188} INFO - [2024-05-24T06:28:25.519+0000] {dagbag.py:545} INFO - Filling up the DagBag from /home/airflow/.local/lib/python3.12/site-packages/airflow/example_dags/example_branch_python_dop_operator_3.py
[2024-05-24T06:28:25.525+0000] {processor.py:840} INFO - DAG(s) 'example_branch_dop_operator_v3' retrieved from /home/airflow/.local/lib/python3.12/site-packages/airflow/example_dags/example_branch_python_dop_operator_3.py
[2024-05-24T06:28:25.537+0000] {logging_mixin.py:188} INFO - [2024-05-24T06:28:25.537+0000] {dag.py:3096} INFO - Sync 1 DAGs
[2024-05-24T06:28:25.549+0000] {logging_mixin.py:188} INFO - [2024-05-24T06:28:25.549+0000] {dag.py:3954} INFO - Setting next_dagrun for example_branch_dop_operator_v3 to 2024-05-24 06:27:00+00:00, run_after=2024-05-24 06:28:00+00:00
[2024-05-24T06:28:25.557+0000] {processor.py:183} INFO - Processing /home/airflow/.local/lib/python3.12/site-packages/airflow/example_dags/example_branch_python_dop_operator_3.py took 0.044 seconds
[2024-05-24T06:28:55.937+0000] {processor.py:161} INFO - Started process (PID=8578) to work on /home/airflow/.local/lib/python3.12/site-packages/airflow/example_dags/example_branch_python_dop_operator_3.py
[2024-05-24T06:28:55.938+0000] {processor.py:830} INFO - Processing file /home/airflow/.local/lib/python3.12/site-packages/airflow/example_dags/example_branch_python_dop_operator_3.py for tasks to queue
[2024-05-24T06:28:55.939+0000] {logging_mixin.py:188} INFO - [2024-05-24T06:28:55.939+0000] {dagbag.py:545} INFO - Filling up the DagBag from /home/airflow/.local/lib/python3.12/site-packages/airflow/example_dags/example_branch_python_dop_operator_3.py
[2024-05-24T06:28:55.946+0000] {processor.py:840} INFO - DAG(s) 'example_branch_dop_operator_v3' retrieved from /home/airflow/.local/lib/python3.12/site-packages/airflow/example_dags/example_branch_python_dop_operator_3.py
[2024-05-24T06:28:55.958+0000] {logging_mixin.py:188} INFO - [2024-05-24T06:28:55.958+0000] {dag.py:3096} INFO - Sync 1 DAGs
[2024-05-24T06:28:55.970+0000] {logging_mixin.py:188} INFO - [2024-05-24T06:28:55.970+0000] {dag.py:3954} INFO - Setting next_dagrun for example_branch_dop_operator_v3 to 2024-05-24 06:27:00+00:00, run_after=2024-05-24 06:28:00+00:00
[2024-05-24T06:28:55.977+0000] {processor.py:183} INFO - Processing /home/airflow/.local/lib/python3.12/site-packages/airflow/example_dags/example_branch_python_dop_operator_3.py took 0.047 seconds
[2024-05-24T06:29:26.451+0000] {processor.py:161} INFO - Started process (PID=8840) to work on /home/airflow/.local/lib/python3.12/site-packages/airflow/example_dags/example_branch_python_dop_operator_3.py
[2024-05-24T06:29:26.452+0000] {processor.py:830} INFO - Processing file /home/airflow/.local/lib/python3.12/site-packages/airflow/example_dags/example_branch_python_dop_operator_3.py for tasks to queue
[2024-05-24T06:29:26.454+0000] {logging_mixin.py:188} INFO - [2024-05-24T06:29:26.454+0000] {dagbag.py:545} INFO - Filling up the DagBag from /home/airflow/.local/lib/python3.12/site-packages/airflow/example_dags/example_branch_python_dop_operator_3.py
[2024-05-24T06:29:26.460+0000] {processor.py:840} INFO - DAG(s) 'example_branch_dop_operator_v3' retrieved from /home/airflow/.local/lib/python3.12/site-packages/airflow/example_dags/example_branch_python_dop_operator_3.py
[2024-05-24T06:29:26.472+0000] {logging_mixin.py:188} INFO - [2024-05-24T06:29:26.472+0000] {dag.py:3096} INFO - Sync 1 DAGs
[2024-05-24T06:29:26.485+0000] {logging_mixin.py:188} INFO - [2024-05-24T06:29:26.485+0000] {dag.py:3954} INFO - Setting next_dagrun for example_branch_dop_operator_v3 to 2024-05-24 06:28:00+00:00, run_after=2024-05-24 06:29:00+00:00
[2024-05-24T06:29:26.493+0000] {processor.py:183} INFO - Processing /home/airflow/.local/lib/python3.12/site-packages/airflow/example_dags/example_branch_python_dop_operator_3.py took 0.047 seconds
[2024-05-24T06:29:56.803+0000] {processor.py:161} INFO - Started process (PID=9102) to work on /home/airflow/.local/lib/python3.12/site-packages/airflow/example_dags/example_branch_python_dop_operator_3.py
[2024-05-24T06:29:56.804+0000] {processor.py:830} INFO - Processing file /home/airflow/.local/lib/python3.12/site-packages/airflow/example_dags/example_branch_python_dop_operator_3.py for tasks to queue
[2024-05-24T06:29:56.806+0000] {logging_mixin.py:188} INFO - [2024-05-24T06:29:56.805+0000] {dagbag.py:545} INFO - Filling up the DagBag from /home/airflow/.local/lib/python3.12/site-packages/airflow/example_dags/example_branch_python_dop_operator_3.py
[2024-05-24T06:29:56.813+0000] {processor.py:840} INFO - DAG(s) 'example_branch_dop_operator_v3' retrieved from /home/airflow/.local/lib/python3.12/site-packages/airflow/example_dags/example_branch_python_dop_operator_3.py
[2024-05-24T06:29:56.825+0000] {logging_mixin.py:188} INFO - [2024-05-24T06:29:56.825+0000] {dag.py:3096} INFO - Sync 1 DAGs
[2024-05-24T06:29:56.838+0000] {logging_mixin.py:188} INFO - [2024-05-24T06:29:56.837+0000] {dag.py:3954} INFO - Setting next_dagrun for example_branch_dop_operator_v3 to 2024-05-24 06:28:00+00:00, run_after=2024-05-24 06:29:00+00:00
[2024-05-24T06:29:56.845+0000] {processor.py:183} INFO - Processing /home/airflow/.local/lib/python3.12/site-packages/airflow/example_dags/example_branch_python_dop_operator_3.py took 0.047 seconds
[2024-05-24T06:32:50.447+0000] {processor.py:161} INFO - Started process (PID=9364) to work on /home/airflow/.local/lib/python3.12/site-packages/airflow/example_dags/example_branch_python_dop_operator_3.py
[2024-05-24T06:32:50.448+0000] {processor.py:830} INFO - Processing file /home/airflow/.local/lib/python3.12/site-packages/airflow/example_dags/example_branch_python_dop_operator_3.py for tasks to queue
[2024-05-24T06:32:50.449+0000] {logging_mixin.py:188} INFO - [2024-05-24T06:32:50.449+0000] {dagbag.py:545} INFO - Filling up the DagBag from /home/airflow/.local/lib/python3.12/site-packages/airflow/example_dags/example_branch_python_dop_operator_3.py
[2024-05-24T06:32:50.454+0000] {processor.py:840} INFO - DAG(s) 'example_branch_dop_operator_v3' retrieved from /home/airflow/.local/lib/python3.12/site-packages/airflow/example_dags/example_branch_python_dop_operator_3.py
[2024-05-24T06:32:50.463+0000] {logging_mixin.py:188} INFO - [2024-05-24T06:32:50.463+0000] {dag.py:3096} INFO - Sync 1 DAGs
[2024-05-24T06:32:50.473+0000] {logging_mixin.py:188} INFO - [2024-05-24T06:32:50.473+0000] {dag.py:3954} INFO - Setting next_dagrun for example_branch_dop_operator_v3 to 2024-05-24 06:31:00+00:00, run_after=2024-05-24 06:32:00+00:00
[2024-05-24T06:32:50.479+0000] {processor.py:183} INFO - Processing /home/airflow/.local/lib/python3.12/site-packages/airflow/example_dags/example_branch_python_dop_operator_3.py took 0.036 seconds
[2024-05-24T06:34:33.544+0000] {processor.py:161} INFO - Started process (PID=9626) to work on /home/airflow/.local/lib/python3.12/site-packages/airflow/example_dags/example_branch_python_dop_operator_3.py
[2024-05-24T06:34:33.545+0000] {processor.py:830} INFO - Processing file /home/airflow/.local/lib/python3.12/site-packages/airflow/example_dags/example_branch_python_dop_operator_3.py for tasks to queue
[2024-05-24T06:34:33.545+0000] {logging_mixin.py:188} INFO - [2024-05-24T06:34:33.545+0000] {dagbag.py:545} INFO - Filling up the DagBag from /home/airflow/.local/lib/python3.12/site-packages/airflow/example_dags/example_branch_python_dop_operator_3.py
[2024-05-24T06:34:33.548+0000] {processor.py:840} INFO - DAG(s) 'example_branch_dop_operator_v3' retrieved from /home/airflow/.local/lib/python3.12/site-packages/airflow/example_dags/example_branch_python_dop_operator_3.py
[2024-05-24T06:34:33.555+0000] {logging_mixin.py:188} INFO - [2024-05-24T06:34:33.555+0000] {dag.py:3096} INFO - Sync 1 DAGs
[2024-05-24T06:34:33.564+0000] {logging_mixin.py:188} INFO - [2024-05-24T06:34:33.564+0000] {dag.py:3954} INFO - Setting next_dagrun for example_branch_dop_operator_v3 to 2024-05-24 06:33:00+00:00, run_after=2024-05-24 06:34:00+00:00
[2024-05-24T06:34:33.571+0000] {processor.py:183} INFO - Processing /home/airflow/.local/lib/python3.12/site-packages/airflow/example_dags/example_branch_python_dop_operator_3.py took 0.029 seconds
[2024-05-24T06:35:04.149+0000] {processor.py:161} INFO - Started process (PID=9888) to work on /home/airflow/.local/lib/python3.12/site-packages/airflow/example_dags/example_branch_python_dop_operator_3.py
[2024-05-24T06:35:04.150+0000] {processor.py:830} INFO - Processing file /home/airflow/.local/lib/python3.12/site-packages/airflow/example_dags/example_branch_python_dop_operator_3.py for tasks to queue
[2024-05-24T06:35:04.152+0000] {logging_mixin.py:188} INFO - [2024-05-24T06:35:04.151+0000] {dagbag.py:545} INFO - Filling up the DagBag from /home/airflow/.local/lib/python3.12/site-packages/airflow/example_dags/example_branch_python_dop_operator_3.py
[2024-05-24T06:35:04.159+0000] {processor.py:840} INFO - DAG(s) 'example_branch_dop_operator_v3' retrieved from /home/airflow/.local/lib/python3.12/site-packages/airflow/example_dags/example_branch_python_dop_operator_3.py
[2024-05-24T06:35:04.171+0000] {logging_mixin.py:188} INFO - [2024-05-24T06:35:04.171+0000] {dag.py:3096} INFO - Sync 1 DAGs
[2024-05-24T06:35:04.183+0000] {logging_mixin.py:188} INFO - [2024-05-24T06:35:04.183+0000] {dag.py:3954} INFO - Setting next_dagrun for example_branch_dop_operator_v3 to 2024-05-24 06:34:00+00:00, run_after=2024-05-24 06:35:00+00:00
[2024-05-24T06:35:04.192+0000] {processor.py:183} INFO - Processing /home/airflow/.local/lib/python3.12/site-packages/airflow/example_dags/example_branch_python_dop_operator_3.py took 0.049 seconds
[2024-05-24T06:50:33.779+0000] {processor.py:161} INFO - Started process (PID=10150) to work on /home/airflow/.local/lib/python3.12/site-packages/airflow/example_dags/example_branch_python_dop_operator_3.py
[2024-05-24T06:50:33.779+0000] {processor.py:830} INFO - Processing file /home/airflow/.local/lib/python3.12/site-packages/airflow/example_dags/example_branch_python_dop_operator_3.py for tasks to queue
[2024-05-24T06:50:33.780+0000] {logging_mixin.py:188} INFO - [2024-05-24T06:50:33.780+0000] {dagbag.py:545} INFO - Filling up the DagBag from /home/airflow/.local/lib/python3.12/site-packages/airflow/example_dags/example_branch_python_dop_operator_3.py
[2024-05-24T06:50:33.785+0000] {processor.py:840} INFO - DAG(s) 'example_branch_dop_operator_v3' retrieved from /home/airflow/.local/lib/python3.12/site-packages/airflow/example_dags/example_branch_python_dop_operator_3.py
[2024-05-24T06:50:33.795+0000] {logging_mixin.py:188} INFO - [2024-05-24T06:50:33.795+0000] {dag.py:3096} INFO - Sync 1 DAGs
[2024-05-24T06:50:33.806+0000] {logging_mixin.py:188} INFO - [2024-05-24T06:50:33.806+0000] {dag.py:3954} INFO - Setting next_dagrun for example_branch_dop_operator_v3 to 2024-05-24 06:49:00+00:00, run_after=2024-05-24 06:50:00+00:00
[2024-05-24T06:50:33.877+0000] {processor.py:183} INFO - Processing /home/airflow/.local/lib/python3.12/site-packages/airflow/example_dags/example_branch_python_dop_operator_3.py took 0.102 seconds
[2024-05-24T07:06:10.178+0000] {processor.py:161} INFO - Started process (PID=10412) to work on /home/airflow/.local/lib/python3.12/site-packages/airflow/example_dags/example_branch_python_dop_operator_3.py
[2024-05-24T07:06:10.179+0000] {processor.py:830} INFO - Processing file /home/airflow/.local/lib/python3.12/site-packages/airflow/example_dags/example_branch_python_dop_operator_3.py for tasks to queue
[2024-05-24T07:06:10.180+0000] {logging_mixin.py:188} INFO - [2024-05-24T07:06:10.180+0000] {dagbag.py:545} INFO - Filling up the DagBag from /home/airflow/.local/lib/python3.12/site-packages/airflow/example_dags/example_branch_python_dop_operator_3.py
[2024-05-24T07:06:10.186+0000] {processor.py:840} INFO - DAG(s) 'example_branch_dop_operator_v3' retrieved from /home/airflow/.local/lib/python3.12/site-packages/airflow/example_dags/example_branch_python_dop_operator_3.py
[2024-05-24T07:06:10.198+0000] {logging_mixin.py:188} INFO - [2024-05-24T07:06:10.198+0000] {dag.py:3096} INFO - Sync 1 DAGs
[2024-05-24T07:06:10.210+0000] {logging_mixin.py:188} INFO - [2024-05-24T07:06:10.210+0000] {dag.py:3954} INFO - Setting next_dagrun for example_branch_dop_operator_v3 to 2024-05-24 07:05:00+00:00, run_after=2024-05-24 07:06:00+00:00
[2024-05-24T07:06:10.293+0000] {processor.py:183} INFO - Processing /home/airflow/.local/lib/python3.12/site-packages/airflow/example_dags/example_branch_python_dop_operator_3.py took 0.118 seconds
[2024-05-24T07:30:08.272+0000] {processor.py:161} INFO - Started process (PID=10674) to work on /home/airflow/.local/lib/python3.12/site-packages/airflow/example_dags/example_branch_python_dop_operator_3.py
[2024-05-24T07:30:08.273+0000] {processor.py:830} INFO - Processing file /home/airflow/.local/lib/python3.12/site-packages/airflow/example_dags/example_branch_python_dop_operator_3.py for tasks to queue
[2024-05-24T07:30:08.274+0000] {logging_mixin.py:188} INFO - [2024-05-24T07:30:08.274+0000] {dagbag.py:545} INFO - Filling up the DagBag from /home/airflow/.local/lib/python3.12/site-packages/airflow/example_dags/example_branch_python_dop_operator_3.py
[2024-05-24T07:30:08.279+0000] {processor.py:840} INFO - DAG(s) 'example_branch_dop_operator_v3' retrieved from /home/airflow/.local/lib/python3.12/site-packages/airflow/example_dags/example_branch_python_dop_operator_3.py
[2024-05-24T07:30:08.290+0000] {logging_mixin.py:188} INFO - [2024-05-24T07:30:08.290+0000] {dag.py:3096} INFO - Sync 1 DAGs
[2024-05-24T07:30:08.302+0000] {logging_mixin.py:188} INFO - [2024-05-24T07:30:08.301+0000] {dag.py:3954} INFO - Setting next_dagrun for example_branch_dop_operator_v3 to 2024-05-24 07:29:00+00:00, run_after=2024-05-24 07:30:00+00:00
[2024-05-24T07:30:08.385+0000] {processor.py:183} INFO - Processing /home/airflow/.local/lib/python3.12/site-packages/airflow/example_dags/example_branch_python_dop_operator_3.py took 0.117 seconds
[2024-05-24T07:30:39.084+0000] {processor.py:161} INFO - Started process (PID=10936) to work on /home/airflow/.local/lib/python3.12/site-packages/airflow/example_dags/example_branch_python_dop_operator_3.py
[2024-05-24T07:30:39.085+0000] {processor.py:830} INFO - Processing file /home/airflow/.local/lib/python3.12/site-packages/airflow/example_dags/example_branch_python_dop_operator_3.py for tasks to queue
[2024-05-24T07:30:39.087+0000] {logging_mixin.py:188} INFO - [2024-05-24T07:30:39.087+0000] {dagbag.py:545} INFO - Filling up the DagBag from /home/airflow/.local/lib/python3.12/site-packages/airflow/example_dags/example_branch_python_dop_operator_3.py
[2024-05-24T07:30:39.095+0000] {processor.py:840} INFO - DAG(s) 'example_branch_dop_operator_v3' retrieved from /home/airflow/.local/lib/python3.12/site-packages/airflow/example_dags/example_branch_python_dop_operator_3.py
[2024-05-24T07:30:39.106+0000] {logging_mixin.py:188} INFO - [2024-05-24T07:30:39.106+0000] {dag.py:3096} INFO - Sync 1 DAGs
[2024-05-24T07:30:39.118+0000] {logging_mixin.py:188} INFO - [2024-05-24T07:30:39.118+0000] {dag.py:3954} INFO - Setting next_dagrun for example_branch_dop_operator_v3 to 2024-05-24 07:29:00+00:00, run_after=2024-05-24 07:30:00+00:00
[2024-05-24T07:30:39.126+0000] {processor.py:183} INFO - Processing /home/airflow/.local/lib/python3.12/site-packages/airflow/example_dags/example_branch_python_dop_operator_3.py took 0.048 seconds
[2024-05-24T07:31:09.873+0000] {processor.py:161} INFO - Started process (PID=11198) to work on /home/airflow/.local/lib/python3.12/site-packages/airflow/example_dags/example_branch_python_dop_operator_3.py
[2024-05-24T07:31:09.874+0000] {processor.py:830} INFO - Processing file /home/airflow/.local/lib/python3.12/site-packages/airflow/example_dags/example_branch_python_dop_operator_3.py for tasks to queue
[2024-05-24T07:31:09.876+0000] {logging_mixin.py:188} INFO - [2024-05-24T07:31:09.875+0000] {dagbag.py:545} INFO - Filling up the DagBag from /home/airflow/.local/lib/python3.12/site-packages/airflow/example_dags/example_branch_python_dop_operator_3.py
[2024-05-24T07:31:09.883+0000] {processor.py:840} INFO - DAG(s) 'example_branch_dop_operator_v3' retrieved from /home/airflow/.local/lib/python3.12/site-packages/airflow/example_dags/example_branch_python_dop_operator_3.py
[2024-05-24T07:31:09.895+0000] {logging_mixin.py:188} INFO - [2024-05-24T07:31:09.895+0000] {dag.py:3096} INFO - Sync 1 DAGs
[2024-05-24T07:31:09.907+0000] {logging_mixin.py:188} INFO - [2024-05-24T07:31:09.907+0000] {dag.py:3954} INFO - Setting next_dagrun for example_branch_dop_operator_v3 to 2024-05-24 07:30:00+00:00, run_after=2024-05-24 07:31:00+00:00
[2024-05-24T07:31:09.916+0000] {processor.py:183} INFO - Processing /home/airflow/.local/lib/python3.12/site-packages/airflow/example_dags/example_branch_python_dop_operator_3.py took 0.049 seconds
[2024-05-24T07:31:40.262+0000] {processor.py:161} INFO - Started process (PID=11460) to work on /home/airflow/.local/lib/python3.12/site-packages/airflow/example_dags/example_branch_python_dop_operator_3.py
[2024-05-24T07:31:40.263+0000] {processor.py:830} INFO - Processing file /home/airflow/.local/lib/python3.12/site-packages/airflow/example_dags/example_branch_python_dop_operator_3.py for tasks to queue
[2024-05-24T07:31:40.264+0000] {logging_mixin.py:188} INFO - [2024-05-24T07:31:40.264+0000] {dagbag.py:545} INFO - Filling up the DagBag from /home/airflow/.local/lib/python3.12/site-packages/airflow/example_dags/example_branch_python_dop_operator_3.py
[2024-05-24T07:31:40.271+0000] {processor.py:840} INFO - DAG(s) 'example_branch_dop_operator_v3' retrieved from /home/airflow/.local/lib/python3.12/site-packages/airflow/example_dags/example_branch_python_dop_operator_3.py
[2024-05-24T07:31:40.282+0000] {logging_mixin.py:188} INFO - [2024-05-24T07:31:40.282+0000] {dag.py:3096} INFO - Sync 1 DAGs
[2024-05-24T07:31:40.294+0000] {logging_mixin.py:188} INFO - [2024-05-24T07:31:40.294+0000] {dag.py:3954} INFO - Setting next_dagrun for example_branch_dop_operator_v3 to 2024-05-24 07:30:00+00:00, run_after=2024-05-24 07:31:00+00:00
[2024-05-24T07:31:40.302+0000] {processor.py:183} INFO - Processing /home/airflow/.local/lib/python3.12/site-packages/airflow/example_dags/example_branch_python_dop_operator_3.py took 0.045 seconds
[2024-05-24T07:32:10.602+0000] {processor.py:161} INFO - Started process (PID=11722) to work on /home/airflow/.local/lib/python3.12/site-packages/airflow/example_dags/example_branch_python_dop_operator_3.py
[2024-05-24T07:32:10.603+0000] {processor.py:830} INFO - Processing file /home/airflow/.local/lib/python3.12/site-packages/airflow/example_dags/example_branch_python_dop_operator_3.py for tasks to queue
[2024-05-24T07:32:10.604+0000] {logging_mixin.py:188} INFO - [2024-05-24T07:32:10.604+0000] {dagbag.py:545} INFO - Filling up the DagBag from /home/airflow/.local/lib/python3.12/site-packages/airflow/example_dags/example_branch_python_dop_operator_3.py
[2024-05-24T07:32:10.611+0000] {processor.py:840} INFO - DAG(s) 'example_branch_dop_operator_v3' retrieved from /home/airflow/.local/lib/python3.12/site-packages/airflow/example_dags/example_branch_python_dop_operator_3.py
[2024-05-24T07:32:10.622+0000] {logging_mixin.py:188} INFO - [2024-05-24T07:32:10.622+0000] {dag.py:3096} INFO - Sync 1 DAGs
[2024-05-24T07:32:10.634+0000] {logging_mixin.py:188} INFO - [2024-05-24T07:32:10.634+0000] {dag.py:3954} INFO - Setting next_dagrun for example_branch_dop_operator_v3 to 2024-05-24 07:31:00+00:00, run_after=2024-05-24 07:32:00+00:00
[2024-05-24T07:32:10.642+0000] {processor.py:183} INFO - Processing /home/airflow/.local/lib/python3.12/site-packages/airflow/example_dags/example_branch_python_dop_operator_3.py took 0.046 seconds
[2024-05-24T07:32:58.416+0000] {processor.py:161} INFO - Started process (PID=11984) to work on /home/airflow/.local/lib/python3.12/site-packages/airflow/example_dags/example_branch_python_dop_operator_3.py
[2024-05-24T07:32:58.417+0000] {processor.py:830} INFO - Processing file /home/airflow/.local/lib/python3.12/site-packages/airflow/example_dags/example_branch_python_dop_operator_3.py for tasks to queue
[2024-05-24T07:32:58.419+0000] {logging_mixin.py:188} INFO - [2024-05-24T07:32:58.419+0000] {dagbag.py:545} INFO - Filling up the DagBag from /home/airflow/.local/lib/python3.12/site-packages/airflow/example_dags/example_branch_python_dop_operator_3.py
[2024-05-24T07:32:58.427+0000] {processor.py:840} INFO - DAG(s) 'example_branch_dop_operator_v3' retrieved from /home/airflow/.local/lib/python3.12/site-packages/airflow/example_dags/example_branch_python_dop_operator_3.py
[2024-05-24T07:32:58.441+0000] {logging_mixin.py:188} INFO - [2024-05-24T07:32:58.441+0000] {dag.py:3096} INFO - Sync 1 DAGs
[2024-05-24T07:32:58.454+0000] {logging_mixin.py:188} INFO - [2024-05-24T07:32:58.454+0000] {dag.py:3954} INFO - Setting next_dagrun for example_branch_dop_operator_v3 to 2024-05-24 07:31:00+00:00, run_after=2024-05-24 07:32:00+00:00
[2024-05-24T07:32:58.462+0000] {processor.py:183} INFO - Processing /home/airflow/.local/lib/python3.12/site-packages/airflow/example_dags/example_branch_python_dop_operator_3.py took 0.054 seconds
[2024-05-24T07:33:28.811+0000] {processor.py:161} INFO - Started process (PID=12246) to work on /home/airflow/.local/lib/python3.12/site-packages/airflow/example_dags/example_branch_python_dop_operator_3.py
[2024-05-24T07:33:28.812+0000] {processor.py:830} INFO - Processing file /home/airflow/.local/lib/python3.12/site-packages/airflow/example_dags/example_branch_python_dop_operator_3.py for tasks to queue
[2024-05-24T07:33:28.813+0000] {logging_mixin.py:188} INFO - [2024-05-24T07:33:28.813+0000] {dagbag.py:545} INFO - Filling up the DagBag from /home/airflow/.local/lib/python3.12/site-packages/airflow/example_dags/example_branch_python_dop_operator_3.py
[2024-05-24T07:33:28.821+0000] {processor.py:840} INFO - DAG(s) 'example_branch_dop_operator_v3' retrieved from /home/airflow/.local/lib/python3.12/site-packages/airflow/example_dags/example_branch_python_dop_operator_3.py
[2024-05-24T07:33:28.833+0000] {logging_mixin.py:188} INFO - [2024-05-24T07:33:28.832+0000] {dag.py:3096} INFO - Sync 1 DAGs
[2024-05-24T07:33:28.845+0000] {logging_mixin.py:188} INFO - [2024-05-24T07:33:28.844+0000] {dag.py:3954} INFO - Setting next_dagrun for example_branch_dop_operator_v3 to 2024-05-24 07:32:00+00:00, run_after=2024-05-24 07:33:00+00:00
[2024-05-24T07:33:28.852+0000] {processor.py:183} INFO - Processing /home/airflow/.local/lib/python3.12/site-packages/airflow/example_dags/example_branch_python_dop_operator_3.py took 0.048 seconds
[2024-05-24T07:33:59.161+0000] {processor.py:161} INFO - Started process (PID=12508) to work on /home/airflow/.local/lib/python3.12/site-packages/airflow/example_dags/example_branch_python_dop_operator_3.py
[2024-05-24T07:33:59.162+0000] {processor.py:830} INFO - Processing file /home/airflow/.local/lib/python3.12/site-packages/airflow/example_dags/example_branch_python_dop_operator_3.py for tasks to queue
[2024-05-24T07:33:59.164+0000] {logging_mixin.py:188} INFO - [2024-05-24T07:33:59.163+0000] {dagbag.py:545} INFO - Filling up the DagBag from /home/airflow/.local/lib/python3.12/site-packages/airflow/example_dags/example_branch_python_dop_operator_3.py
[2024-05-24T07:33:59.170+0000] {processor.py:840} INFO - DAG(s) 'example_branch_dop_operator_v3' retrieved from /home/airflow/.local/lib/python3.12/site-packages/airflow/example_dags/example_branch_python_dop_operator_3.py
[2024-05-24T07:33:59.181+0000] {logging_mixin.py:188} INFO - [2024-05-24T07:33:59.181+0000] {dag.py:3096} INFO - Sync 1 DAGs
[2024-05-24T07:33:59.193+0000] {logging_mixin.py:188} INFO - [2024-05-24T07:33:59.193+0000] {dag.py:3954} INFO - Setting next_dagrun for example_branch_dop_operator_v3 to 2024-05-24 07:32:00+00:00, run_after=2024-05-24 07:33:00+00:00
[2024-05-24T07:33:59.200+0000] {processor.py:183} INFO - Processing /home/airflow/.local/lib/python3.12/site-packages/airflow/example_dags/example_branch_python_dop_operator_3.py took 0.045 seconds
[2024-05-24T07:34:29.551+0000] {processor.py:161} INFO - Started process (PID=12769) to work on /home/airflow/.local/lib/python3.12/site-packages/airflow/example_dags/example_branch_python_dop_operator_3.py
[2024-05-24T07:34:29.552+0000] {processor.py:830} INFO - Processing file /home/airflow/.local/lib/python3.12/site-packages/airflow/example_dags/example_branch_python_dop_operator_3.py for tasks to queue
[2024-05-24T07:34:29.553+0000] {logging_mixin.py:188} INFO - [2024-05-24T07:34:29.553+0000] {dagbag.py:545} INFO - Filling up the DagBag from /home/airflow/.local/lib/python3.12/site-packages/airflow/example_dags/example_branch_python_dop_operator_3.py
[2024-05-24T07:34:29.560+0000] {processor.py:840} INFO - DAG(s) 'example_branch_dop_operator_v3' retrieved from /home/airflow/.local/lib/python3.12/site-packages/airflow/example_dags/example_branch_python_dop_operator_3.py
[2024-05-24T07:34:29.572+0000] {logging_mixin.py:188} INFO - [2024-05-24T07:34:29.571+0000] {dag.py:3096} INFO - Sync 1 DAGs
[2024-05-24T07:34:29.583+0000] {logging_mixin.py:188} INFO - [2024-05-24T07:34:29.583+0000] {dag.py:3954} INFO - Setting next_dagrun for example_branch_dop_operator_v3 to 2024-05-24 07:33:00+00:00, run_after=2024-05-24 07:34:00+00:00
[2024-05-24T07:34:29.591+0000] {processor.py:183} INFO - Processing /home/airflow/.local/lib/python3.12/site-packages/airflow/example_dags/example_branch_python_dop_operator_3.py took 0.046 seconds
[2024-05-24T07:35:00.069+0000] {processor.py:161} INFO - Started process (PID=13031) to work on /home/airflow/.local/lib/python3.12/site-packages/airflow/example_dags/example_branch_python_dop_operator_3.py
[2024-05-24T07:35:00.070+0000] {processor.py:830} INFO - Processing file /home/airflow/.local/lib/python3.12/site-packages/airflow/example_dags/example_branch_python_dop_operator_3.py for tasks to queue
[2024-05-24T07:35:00.072+0000] {logging_mixin.py:188} INFO - [2024-05-24T07:35:00.072+0000] {dagbag.py:545} INFO - Filling up the DagBag from /home/airflow/.local/lib/python3.12/site-packages/airflow/example_dags/example_branch_python_dop_operator_3.py
[2024-05-24T07:35:00.078+0000] {processor.py:840} INFO - DAG(s) 'example_branch_dop_operator_v3' retrieved from /home/airflow/.local/lib/python3.12/site-packages/airflow/example_dags/example_branch_python_dop_operator_3.py
[2024-05-24T07:35:00.090+0000] {logging_mixin.py:188} INFO - [2024-05-24T07:35:00.090+0000] {dag.py:3096} INFO - Sync 1 DAGs
[2024-05-24T07:35:00.103+0000] {logging_mixin.py:188} INFO - [2024-05-24T07:35:00.102+0000] {dag.py:3954} INFO - Setting next_dagrun for example_branch_dop_operator_v3 to 2024-05-24 07:34:00+00:00, run_after=2024-05-24 07:35:00+00:00
[2024-05-24T07:35:00.110+0000] {processor.py:183} INFO - Processing /home/airflow/.local/lib/python3.12/site-packages/airflow/example_dags/example_branch_python_dop_operator_3.py took 0.048 seconds
[2024-05-24T07:35:30.405+0000] {processor.py:161} INFO - Started process (PID=13293) to work on /home/airflow/.local/lib/python3.12/site-packages/airflow/example_dags/example_branch_python_dop_operator_3.py
[2024-05-24T07:35:30.406+0000] {processor.py:830} INFO - Processing file /home/airflow/.local/lib/python3.12/site-packages/airflow/example_dags/example_branch_python_dop_operator_3.py for tasks to queue
[2024-05-24T07:35:30.408+0000] {logging_mixin.py:188} INFO - [2024-05-24T07:35:30.408+0000] {dagbag.py:545} INFO - Filling up the DagBag from /home/airflow/.local/lib/python3.12/site-packages/airflow/example_dags/example_branch_python_dop_operator_3.py
[2024-05-24T07:35:30.415+0000] {processor.py:840} INFO - DAG(s) 'example_branch_dop_operator_v3' retrieved from /home/airflow/.local/lib/python3.12/site-packages/airflow/example_dags/example_branch_python_dop_operator_3.py
[2024-05-24T07:35:30.427+0000] {logging_mixin.py:188} INFO - [2024-05-24T07:35:30.427+0000] {dag.py:3096} INFO - Sync 1 DAGs
[2024-05-24T07:35:30.440+0000] {logging_mixin.py:188} INFO - [2024-05-24T07:35:30.440+0000] {dag.py:3954} INFO - Setting next_dagrun for example_branch_dop_operator_v3 to 2024-05-24 07:34:00+00:00, run_after=2024-05-24 07:35:00+00:00
[2024-05-24T07:35:30.447+0000] {processor.py:183} INFO - Processing /home/airflow/.local/lib/python3.12/site-packages/airflow/example_dags/example_branch_python_dop_operator_3.py took 0.048 seconds
[2024-05-24T07:36:00.785+0000] {processor.py:161} INFO - Started process (PID=13555) to work on /home/airflow/.local/lib/python3.12/site-packages/airflow/example_dags/example_branch_python_dop_operator_3.py
[2024-05-24T07:36:00.785+0000] {processor.py:830} INFO - Processing file /home/airflow/.local/lib/python3.12/site-packages/airflow/example_dags/example_branch_python_dop_operator_3.py for tasks to queue
[2024-05-24T07:36:00.787+0000] {logging_mixin.py:188} INFO - [2024-05-24T07:36:00.787+0000] {dagbag.py:545} INFO - Filling up the DagBag from /home/airflow/.local/lib/python3.12/site-packages/airflow/example_dags/example_branch_python_dop_operator_3.py
[2024-05-24T07:36:00.794+0000] {processor.py:840} INFO - DAG(s) 'example_branch_dop_operator_v3' retrieved from /home/airflow/.local/lib/python3.12/site-packages/airflow/example_dags/example_branch_python_dop_operator_3.py
[2024-05-24T07:36:00.805+0000] {logging_mixin.py:188} INFO - [2024-05-24T07:36:00.805+0000] {dag.py:3096} INFO - Sync 1 DAGs
[2024-05-24T07:36:00.818+0000] {logging_mixin.py:188} INFO - [2024-05-24T07:36:00.818+0000] {dag.py:3954} INFO - Setting next_dagrun for example_branch_dop_operator_v3 to 2024-05-24 07:35:00+00:00, run_after=2024-05-24 07:36:00+00:00
[2024-05-24T07:36:00.825+0000] {processor.py:183} INFO - Processing /home/airflow/.local/lib/python3.12/site-packages/airflow/example_dags/example_branch_python_dop_operator_3.py took 0.047 seconds
[2024-05-24T07:36:31.249+0000] {processor.py:161} INFO - Started process (PID=13817) to work on /home/airflow/.local/lib/python3.12/site-packages/airflow/example_dags/example_branch_python_dop_operator_3.py
[2024-05-24T07:36:31.249+0000] {processor.py:830} INFO - Processing file /home/airflow/.local/lib/python3.12/site-packages/airflow/example_dags/example_branch_python_dop_operator_3.py for tasks to queue
[2024-05-24T07:36:31.251+0000] {logging_mixin.py:188} INFO - [2024-05-24T07:36:31.251+0000] {dagbag.py:545} INFO - Filling up the DagBag from /home/airflow/.local/lib/python3.12/site-packages/airflow/example_dags/example_branch_python_dop_operator_3.py
[2024-05-24T07:36:31.257+0000] {processor.py:840} INFO - DAG(s) 'example_branch_dop_operator_v3' retrieved from /home/airflow/.local/lib/python3.12/site-packages/airflow/example_dags/example_branch_python_dop_operator_3.py
[2024-05-24T07:36:31.269+0000] {logging_mixin.py:188} INFO - [2024-05-24T07:36:31.268+0000] {dag.py:3096} INFO - Sync 1 DAGs
[2024-05-24T07:36:31.280+0000] {logging_mixin.py:188} INFO - [2024-05-24T07:36:31.280+0000] {dag.py:3954} INFO - Setting next_dagrun for example_branch_dop_operator_v3 to 2024-05-24 07:35:00+00:00, run_after=2024-05-24 07:36:00+00:00
[2024-05-24T07:36:31.288+0000] {processor.py:183} INFO - Processing /home/airflow/.local/lib/python3.12/site-packages/airflow/example_dags/example_branch_python_dop_operator_3.py took 0.045 seconds
[2024-05-24T07:37:01.593+0000] {processor.py:161} INFO - Started process (PID=14079) to work on /home/airflow/.local/lib/python3.12/site-packages/airflow/example_dags/example_branch_python_dop_operator_3.py
[2024-05-24T07:37:01.594+0000] {processor.py:830} INFO - Processing file /home/airflow/.local/lib/python3.12/site-packages/airflow/example_dags/example_branch_python_dop_operator_3.py for tasks to queue
[2024-05-24T07:37:01.595+0000] {logging_mixin.py:188} INFO - [2024-05-24T07:37:01.595+0000] {dagbag.py:545} INFO - Filling up the DagBag from /home/airflow/.local/lib/python3.12/site-packages/airflow/example_dags/example_branch_python_dop_operator_3.py
[2024-05-24T07:37:01.602+0000] {processor.py:840} INFO - DAG(s) 'example_branch_dop_operator_v3' retrieved from /home/airflow/.local/lib/python3.12/site-packages/airflow/example_dags/example_branch_python_dop_operator_3.py
[2024-05-24T07:37:01.614+0000] {logging_mixin.py:188} INFO - [2024-05-24T07:37:01.613+0000] {dag.py:3096} INFO - Sync 1 DAGs
[2024-05-24T07:37:01.625+0000] {logging_mixin.py:188} INFO - [2024-05-24T07:37:01.625+0000] {dag.py:3954} INFO - Setting next_dagrun for example_branch_dop_operator_v3 to 2024-05-24 07:36:00+00:00, run_after=2024-05-24 07:37:00+00:00
[2024-05-24T07:37:01.633+0000] {processor.py:183} INFO - Processing /home/airflow/.local/lib/python3.12/site-packages/airflow/example_dags/example_branch_python_dop_operator_3.py took 0.047 seconds
[2024-05-24T07:37:32.014+0000] {processor.py:161} INFO - Started process (PID=14341) to work on /home/airflow/.local/lib/python3.12/site-packages/airflow/example_dags/example_branch_python_dop_operator_3.py
[2024-05-24T07:37:32.015+0000] {processor.py:830} INFO - Processing file /home/airflow/.local/lib/python3.12/site-packages/airflow/example_dags/example_branch_python_dop_operator_3.py for tasks to queue
[2024-05-24T07:37:32.016+0000] {logging_mixin.py:188} INFO - [2024-05-24T07:37:32.016+0000] {dagbag.py:545} INFO - Filling up the DagBag from /home/airflow/.local/lib/python3.12/site-packages/airflow/example_dags/example_branch_python_dop_operator_3.py
[2024-05-24T07:37:32.024+0000] {processor.py:840} INFO - DAG(s) 'example_branch_dop_operator_v3' retrieved from /home/airflow/.local/lib/python3.12/site-packages/airflow/example_dags/example_branch_python_dop_operator_3.py
[2024-05-24T07:37:32.035+0000] {logging_mixin.py:188} INFO - [2024-05-24T07:37:32.034+0000] {dag.py:3096} INFO - Sync 1 DAGs
[2024-05-24T07:37:32.046+0000] {logging_mixin.py:188} INFO - [2024-05-24T07:37:32.046+0000] {dag.py:3954} INFO - Setting next_dagrun for example_branch_dop_operator_v3 to 2024-05-24 07:36:00+00:00, run_after=2024-05-24 07:37:00+00:00
[2024-05-24T07:37:32.054+0000] {processor.py:183} INFO - Processing /home/airflow/.local/lib/python3.12/site-packages/airflow/example_dags/example_branch_python_dop_operator_3.py took 0.045 seconds
[2024-05-24T07:38:02.458+0000] {processor.py:161} INFO - Started process (PID=14603) to work on /home/airflow/.local/lib/python3.12/site-packages/airflow/example_dags/example_branch_python_dop_operator_3.py
[2024-05-24T07:38:02.461+0000] {processor.py:830} INFO - Processing file /home/airflow/.local/lib/python3.12/site-packages/airflow/example_dags/example_branch_python_dop_operator_3.py for tasks to queue
[2024-05-24T07:38:02.463+0000] {logging_mixin.py:188} INFO - [2024-05-24T07:38:02.463+0000] {dagbag.py:545} INFO - Filling up the DagBag from /home/airflow/.local/lib/python3.12/site-packages/airflow/example_dags/example_branch_python_dop_operator_3.py
[2024-05-24T07:38:02.470+0000] {processor.py:840} INFO - DAG(s) 'example_branch_dop_operator_v3' retrieved from /home/airflow/.local/lib/python3.12/site-packages/airflow/example_dags/example_branch_python_dop_operator_3.py
[2024-05-24T07:38:02.481+0000] {logging_mixin.py:188} INFO - [2024-05-24T07:38:02.481+0000] {dag.py:3096} INFO - Sync 1 DAGs
[2024-05-24T07:38:02.493+0000] {logging_mixin.py:188} INFO - [2024-05-24T07:38:02.493+0000] {dag.py:3954} INFO - Setting next_dagrun for example_branch_dop_operator_v3 to 2024-05-24 07:37:00+00:00, run_after=2024-05-24 07:38:00+00:00
[2024-05-24T07:38:02.501+0000] {processor.py:183} INFO - Processing /home/airflow/.local/lib/python3.12/site-packages/airflow/example_dags/example_branch_python_dop_operator_3.py took 0.049 seconds
[2024-05-24T07:38:32.863+0000] {processor.py:161} INFO - Started process (PID=14865) to work on /home/airflow/.local/lib/python3.12/site-packages/airflow/example_dags/example_branch_python_dop_operator_3.py
[2024-05-24T07:38:32.864+0000] {processor.py:830} INFO - Processing file /home/airflow/.local/lib/python3.12/site-packages/airflow/example_dags/example_branch_python_dop_operator_3.py for tasks to queue
[2024-05-24T07:38:32.866+0000] {logging_mixin.py:188} INFO - [2024-05-24T07:38:32.865+0000] {dagbag.py:545} INFO - Filling up the DagBag from /home/airflow/.local/lib/python3.12/site-packages/airflow/example_dags/example_branch_python_dop_operator_3.py
[2024-05-24T07:38:32.872+0000] {processor.py:840} INFO - DAG(s) 'example_branch_dop_operator_v3' retrieved from /home/airflow/.local/lib/python3.12/site-packages/airflow/example_dags/example_branch_python_dop_operator_3.py
[2024-05-24T07:38:32.884+0000] {logging_mixin.py:188} INFO - [2024-05-24T07:38:32.884+0000] {dag.py:3096} INFO - Sync 1 DAGs
[2024-05-24T07:38:32.895+0000] {logging_mixin.py:188} INFO - [2024-05-24T07:38:32.895+0000] {dag.py:3954} INFO - Setting next_dagrun for example_branch_dop_operator_v3 to 2024-05-24 07:37:00+00:00, run_after=2024-05-24 07:38:00+00:00
[2024-05-24T07:38:32.905+0000] {processor.py:183} INFO - Processing /home/airflow/.local/lib/python3.12/site-packages/airflow/example_dags/example_branch_python_dop_operator_3.py took 0.050 seconds
[2024-05-24T07:39:03.150+0000] {processor.py:161} INFO - Started process (PID=15127) to work on /home/airflow/.local/lib/python3.12/site-packages/airflow/example_dags/example_branch_python_dop_operator_3.py
[2024-05-24T07:39:03.150+0000] {processor.py:830} INFO - Processing file /home/airflow/.local/lib/python3.12/site-packages/airflow/example_dags/example_branch_python_dop_operator_3.py for tasks to queue
[2024-05-24T07:39:03.151+0000] {logging_mixin.py:188} INFO - [2024-05-24T07:39:03.151+0000] {dagbag.py:545} INFO - Filling up the DagBag from /home/airflow/.local/lib/python3.12/site-packages/airflow/example_dags/example_branch_python_dop_operator_3.py
[2024-05-24T07:39:03.155+0000] {processor.py:840} INFO - DAG(s) 'example_branch_dop_operator_v3' retrieved from /home/airflow/.local/lib/python3.12/site-packages/airflow/example_dags/example_branch_python_dop_operator_3.py
[2024-05-24T07:39:03.164+0000] {logging_mixin.py:188} INFO - [2024-05-24T07:39:03.163+0000] {dag.py:3096} INFO - Sync 1 DAGs
[2024-05-24T07:39:03.173+0000] {logging_mixin.py:188} INFO - [2024-05-24T07:39:03.173+0000] {dag.py:3954} INFO - Setting next_dagrun for example_branch_dop_operator_v3 to 2024-05-24 07:38:00+00:00, run_after=2024-05-24 07:39:00+00:00
[2024-05-24T07:39:03.181+0000] {processor.py:183} INFO - Processing /home/airflow/.local/lib/python3.12/site-packages/airflow/example_dags/example_branch_python_dop_operator_3.py took 0.034 seconds
[2024-05-24T07:39:33.548+0000] {processor.py:161} INFO - Started process (PID=15388) to work on /home/airflow/.local/lib/python3.12/site-packages/airflow/example_dags/example_branch_python_dop_operator_3.py
[2024-05-24T07:39:33.549+0000] {processor.py:830} INFO - Processing file /home/airflow/.local/lib/python3.12/site-packages/airflow/example_dags/example_branch_python_dop_operator_3.py for tasks to queue
[2024-05-24T07:39:33.550+0000] {logging_mixin.py:188} INFO - [2024-05-24T07:39:33.550+0000] {dagbag.py:545} INFO - Filling up the DagBag from /home/airflow/.local/lib/python3.12/site-packages/airflow/example_dags/example_branch_python_dop_operator_3.py
[2024-05-24T07:39:33.556+0000] {processor.py:840} INFO - DAG(s) 'example_branch_dop_operator_v3' retrieved from /home/airflow/.local/lib/python3.12/site-packages/airflow/example_dags/example_branch_python_dop_operator_3.py
[2024-05-24T07:39:33.567+0000] {logging_mixin.py:188} INFO - [2024-05-24T07:39:33.567+0000] {dag.py:3096} INFO - Sync 1 DAGs
[2024-05-24T07:39:33.579+0000] {logging_mixin.py:188} INFO - [2024-05-24T07:39:33.579+0000] {dag.py:3954} INFO - Setting next_dagrun for example_branch_dop_operator_v3 to 2024-05-24 07:38:00+00:00, run_after=2024-05-24 07:39:00+00:00
[2024-05-24T07:39:33.587+0000] {processor.py:183} INFO - Processing /home/airflow/.local/lib/python3.12/site-packages/airflow/example_dags/example_branch_python_dop_operator_3.py took 0.044 seconds
[2024-05-24T07:40:04.013+0000] {processor.py:161} INFO - Started process (PID=15650) to work on /home/airflow/.local/lib/python3.12/site-packages/airflow/example_dags/example_branch_python_dop_operator_3.py
[2024-05-24T07:40:04.014+0000] {processor.py:830} INFO - Processing file /home/airflow/.local/lib/python3.12/site-packages/airflow/example_dags/example_branch_python_dop_operator_3.py for tasks to queue
[2024-05-24T07:40:04.016+0000] {logging_mixin.py:188} INFO - [2024-05-24T07:40:04.016+0000] {dagbag.py:545} INFO - Filling up the DagBag from /home/airflow/.local/lib/python3.12/site-packages/airflow/example_dags/example_branch_python_dop_operator_3.py
[2024-05-24T07:40:04.022+0000] {processor.py:840} INFO - DAG(s) 'example_branch_dop_operator_v3' retrieved from /home/airflow/.local/lib/python3.12/site-packages/airflow/example_dags/example_branch_python_dop_operator_3.py
[2024-05-24T07:40:04.034+0000] {logging_mixin.py:188} INFO - [2024-05-24T07:40:04.034+0000] {dag.py:3096} INFO - Sync 1 DAGs
[2024-05-24T07:40:04.046+0000] {logging_mixin.py:188} INFO - [2024-05-24T07:40:04.045+0000] {dag.py:3954} INFO - Setting next_dagrun for example_branch_dop_operator_v3 to 2024-05-24 07:39:00+00:00, run_after=2024-05-24 07:40:00+00:00
[2024-05-24T07:40:04.054+0000] {processor.py:183} INFO - Processing /home/airflow/.local/lib/python3.12/site-packages/airflow/example_dags/example_branch_python_dop_operator_3.py took 0.046 seconds
[2024-05-24T07:40:34.427+0000] {processor.py:161} INFO - Started process (PID=15912) to work on /home/airflow/.local/lib/python3.12/site-packages/airflow/example_dags/example_branch_python_dop_operator_3.py
[2024-05-24T07:40:34.428+0000] {processor.py:830} INFO - Processing file /home/airflow/.local/lib/python3.12/site-packages/airflow/example_dags/example_branch_python_dop_operator_3.py for tasks to queue
[2024-05-24T07:40:34.430+0000] {logging_mixin.py:188} INFO - [2024-05-24T07:40:34.429+0000] {dagbag.py:545} INFO - Filling up the DagBag from /home/airflow/.local/lib/python3.12/site-packages/airflow/example_dags/example_branch_python_dop_operator_3.py
[2024-05-24T07:40:34.436+0000] {processor.py:840} INFO - DAG(s) 'example_branch_dop_operator_v3' retrieved from /home/airflow/.local/lib/python3.12/site-packages/airflow/example_dags/example_branch_python_dop_operator_3.py
[2024-05-24T07:40:34.448+0000] {logging_mixin.py:188} INFO - [2024-05-24T07:40:34.447+0000] {dag.py:3096} INFO - Sync 1 DAGs
[2024-05-24T07:40:34.460+0000] {logging_mixin.py:188} INFO - [2024-05-24T07:40:34.460+0000] {dag.py:3954} INFO - Setting next_dagrun for example_branch_dop_operator_v3 to 2024-05-24 07:39:00+00:00, run_after=2024-05-24 07:40:00+00:00
[2024-05-24T07:40:34.468+0000] {processor.py:183} INFO - Processing /home/airflow/.local/lib/python3.12/site-packages/airflow/example_dags/example_branch_python_dop_operator_3.py took 0.047 seconds
[2024-05-24T07:41:04.835+0000] {processor.py:161} INFO - Started process (PID=16174) to work on /home/airflow/.local/lib/python3.12/site-packages/airflow/example_dags/example_branch_python_dop_operator_3.py
[2024-05-24T07:41:04.836+0000] {processor.py:830} INFO - Processing file /home/airflow/.local/lib/python3.12/site-packages/airflow/example_dags/example_branch_python_dop_operator_3.py for tasks to queue
[2024-05-24T07:41:04.837+0000] {logging_mixin.py:188} INFO - [2024-05-24T07:41:04.837+0000] {dagbag.py:545} INFO - Filling up the DagBag from /home/airflow/.local/lib/python3.12/site-packages/airflow/example_dags/example_branch_python_dop_operator_3.py
[2024-05-24T07:41:04.844+0000] {processor.py:840} INFO - DAG(s) 'example_branch_dop_operator_v3' retrieved from /home/airflow/.local/lib/python3.12/site-packages/airflow/example_dags/example_branch_python_dop_operator_3.py
[2024-05-24T07:41:04.855+0000] {logging_mixin.py:188} INFO - [2024-05-24T07:41:04.854+0000] {dag.py:3096} INFO - Sync 1 DAGs
[2024-05-24T07:41:04.867+0000] {logging_mixin.py:188} INFO - [2024-05-24T07:41:04.866+0000] {dag.py:3954} INFO - Setting next_dagrun for example_branch_dop_operator_v3 to 2024-05-24 07:40:00+00:00, run_after=2024-05-24 07:41:00+00:00
[2024-05-24T07:41:04.875+0000] {processor.py:183} INFO - Processing /home/airflow/.local/lib/python3.12/site-packages/airflow/example_dags/example_branch_python_dop_operator_3.py took 0.045 seconds
[2024-05-24T07:41:35.180+0000] {processor.py:161} INFO - Started process (PID=16436) to work on /home/airflow/.local/lib/python3.12/site-packages/airflow/example_dags/example_branch_python_dop_operator_3.py
[2024-05-24T07:41:35.180+0000] {processor.py:830} INFO - Processing file /home/airflow/.local/lib/python3.12/site-packages/airflow/example_dags/example_branch_python_dop_operator_3.py for tasks to queue
[2024-05-24T07:41:35.181+0000] {logging_mixin.py:188} INFO - [2024-05-24T07:41:35.181+0000] {dagbag.py:545} INFO - Filling up the DagBag from /home/airflow/.local/lib/python3.12/site-packages/airflow/example_dags/example_branch_python_dop_operator_3.py
[2024-05-24T07:41:35.187+0000] {processor.py:840} INFO - DAG(s) 'example_branch_dop_operator_v3' retrieved from /home/airflow/.local/lib/python3.12/site-packages/airflow/example_dags/example_branch_python_dop_operator_3.py
[2024-05-24T07:41:35.198+0000] {logging_mixin.py:188} INFO - [2024-05-24T07:41:35.198+0000] {dag.py:3096} INFO - Sync 1 DAGs
[2024-05-24T07:41:35.209+0000] {logging_mixin.py:188} INFO - [2024-05-24T07:41:35.208+0000] {dag.py:3954} INFO - Setting next_dagrun for example_branch_dop_operator_v3 to 2024-05-24 07:40:00+00:00, run_after=2024-05-24 07:41:00+00:00
[2024-05-24T07:41:35.216+0000] {processor.py:183} INFO - Processing /home/airflow/.local/lib/python3.12/site-packages/airflow/example_dags/example_branch_python_dop_operator_3.py took 0.042 seconds
[2024-05-24T07:42:05.514+0000] {processor.py:161} INFO - Started process (PID=16698) to work on /home/airflow/.local/lib/python3.12/site-packages/airflow/example_dags/example_branch_python_dop_operator_3.py
[2024-05-24T07:42:05.515+0000] {processor.py:830} INFO - Processing file /home/airflow/.local/lib/python3.12/site-packages/airflow/example_dags/example_branch_python_dop_operator_3.py for tasks to queue
[2024-05-24T07:42:05.517+0000] {logging_mixin.py:188} INFO - [2024-05-24T07:42:05.516+0000] {dagbag.py:545} INFO - Filling up the DagBag from /home/airflow/.local/lib/python3.12/site-packages/airflow/example_dags/example_branch_python_dop_operator_3.py
[2024-05-24T07:42:05.524+0000] {processor.py:840} INFO - DAG(s) 'example_branch_dop_operator_v3' retrieved from /home/airflow/.local/lib/python3.12/site-packages/airflow/example_dags/example_branch_python_dop_operator_3.py
[2024-05-24T07:42:05.535+0000] {logging_mixin.py:188} INFO - [2024-05-24T07:42:05.535+0000] {dag.py:3096} INFO - Sync 1 DAGs
[2024-05-24T07:42:05.547+0000] {logging_mixin.py:188} INFO - [2024-05-24T07:42:05.547+0000] {dag.py:3954} INFO - Setting next_dagrun for example_branch_dop_operator_v3 to 2024-05-24 07:41:00+00:00, run_after=2024-05-24 07:42:00+00:00
[2024-05-24T07:42:05.555+0000] {processor.py:183} INFO - Processing /home/airflow/.local/lib/python3.12/site-packages/airflow/example_dags/example_branch_python_dop_operator_3.py took 0.046 seconds
[2024-05-24T07:42:35.902+0000] {processor.py:161} INFO - Started process (PID=16960) to work on /home/airflow/.local/lib/python3.12/site-packages/airflow/example_dags/example_branch_python_dop_operator_3.py
[2024-05-24T07:42:35.903+0000] {processor.py:830} INFO - Processing file /home/airflow/.local/lib/python3.12/site-packages/airflow/example_dags/example_branch_python_dop_operator_3.py for tasks to queue
[2024-05-24T07:42:35.904+0000] {logging_mixin.py:188} INFO - [2024-05-24T07:42:35.904+0000] {dagbag.py:545} INFO - Filling up the DagBag from /home/airflow/.local/lib/python3.12/site-packages/airflow/example_dags/example_branch_python_dop_operator_3.py
[2024-05-24T07:42:35.911+0000] {processor.py:840} INFO - DAG(s) 'example_branch_dop_operator_v3' retrieved from /home/airflow/.local/lib/python3.12/site-packages/airflow/example_dags/example_branch_python_dop_operator_3.py
[2024-05-24T07:42:35.923+0000] {logging_mixin.py:188} INFO - [2024-05-24T07:42:35.923+0000] {dag.py:3096} INFO - Sync 1 DAGs
[2024-05-24T07:42:35.935+0000] {logging_mixin.py:188} INFO - [2024-05-24T07:42:35.935+0000] {dag.py:3954} INFO - Setting next_dagrun for example_branch_dop_operator_v3 to 2024-05-24 07:41:00+00:00, run_after=2024-05-24 07:42:00+00:00
[2024-05-24T07:42:35.942+0000] {processor.py:183} INFO - Processing /home/airflow/.local/lib/python3.12/site-packages/airflow/example_dags/example_branch_python_dop_operator_3.py took 0.047 seconds
[2024-05-24T07:43:06.349+0000] {processor.py:161} INFO - Started process (PID=17222) to work on /home/airflow/.local/lib/python3.12/site-packages/airflow/example_dags/example_branch_python_dop_operator_3.py
[2024-05-24T07:43:06.350+0000] {processor.py:830} INFO - Processing file /home/airflow/.local/lib/python3.12/site-packages/airflow/example_dags/example_branch_python_dop_operator_3.py for tasks to queue
[2024-05-24T07:43:06.352+0000] {logging_mixin.py:188} INFO - [2024-05-24T07:43:06.351+0000] {dagbag.py:545} INFO - Filling up the DagBag from /home/airflow/.local/lib/python3.12/site-packages/airflow/example_dags/example_branch_python_dop_operator_3.py
[2024-05-24T07:43:06.358+0000] {processor.py:840} INFO - DAG(s) 'example_branch_dop_operator_v3' retrieved from /home/airflow/.local/lib/python3.12/site-packages/airflow/example_dags/example_branch_python_dop_operator_3.py
[2024-05-24T07:43:06.370+0000] {logging_mixin.py:188} INFO - [2024-05-24T07:43:06.369+0000] {dag.py:3096} INFO - Sync 1 DAGs
[2024-05-24T07:43:06.381+0000] {logging_mixin.py:188} INFO - [2024-05-24T07:43:06.381+0000] {dag.py:3954} INFO - Setting next_dagrun for example_branch_dop_operator_v3 to 2024-05-24 07:42:00+00:00, run_after=2024-05-24 07:43:00+00:00
[2024-05-24T07:43:06.389+0000] {processor.py:183} INFO - Processing /home/airflow/.local/lib/python3.12/site-packages/airflow/example_dags/example_branch_python_dop_operator_3.py took 0.045 seconds
[2024-05-24T07:43:36.681+0000] {processor.py:161} INFO - Started process (PID=17484) to work on /home/airflow/.local/lib/python3.12/site-packages/airflow/example_dags/example_branch_python_dop_operator_3.py
[2024-05-24T07:43:36.682+0000] {processor.py:830} INFO - Processing file /home/airflow/.local/lib/python3.12/site-packages/airflow/example_dags/example_branch_python_dop_operator_3.py for tasks to queue
[2024-05-24T07:43:36.683+0000] {logging_mixin.py:188} INFO - [2024-05-24T07:43:36.683+0000] {dagbag.py:545} INFO - Filling up the DagBag from /home/airflow/.local/lib/python3.12/site-packages/airflow/example_dags/example_branch_python_dop_operator_3.py
[2024-05-24T07:43:36.688+0000] {processor.py:840} INFO - DAG(s) 'example_branch_dop_operator_v3' retrieved from /home/airflow/.local/lib/python3.12/site-packages/airflow/example_dags/example_branch_python_dop_operator_3.py
[2024-05-24T07:43:36.698+0000] {logging_mixin.py:188} INFO - [2024-05-24T07:43:36.698+0000] {dag.py:3096} INFO - Sync 1 DAGs
[2024-05-24T07:43:36.711+0000] {logging_mixin.py:188} INFO - [2024-05-24T07:43:36.711+0000] {dag.py:3954} INFO - Setting next_dagrun for example_branch_dop_operator_v3 to 2024-05-24 07:42:00+00:00, run_after=2024-05-24 07:43:00+00:00
[2024-05-24T07:43:36.720+0000] {processor.py:183} INFO - Processing /home/airflow/.local/lib/python3.12/site-packages/airflow/example_dags/example_branch_python_dop_operator_3.py took 0.043 seconds
[2024-05-24T07:44:07.068+0000] {processor.py:161} INFO - Started process (PID=17746) to work on /home/airflow/.local/lib/python3.12/site-packages/airflow/example_dags/example_branch_python_dop_operator_3.py
[2024-05-24T07:44:07.069+0000] {processor.py:830} INFO - Processing file /home/airflow/.local/lib/python3.12/site-packages/airflow/example_dags/example_branch_python_dop_operator_3.py for tasks to queue
[2024-05-24T07:44:07.071+0000] {logging_mixin.py:188} INFO - [2024-05-24T07:44:07.070+0000] {dagbag.py:545} INFO - Filling up the DagBag from /home/airflow/.local/lib/python3.12/site-packages/airflow/example_dags/example_branch_python_dop_operator_3.py
[2024-05-24T07:44:07.078+0000] {processor.py:840} INFO - DAG(s) 'example_branch_dop_operator_v3' retrieved from /home/airflow/.local/lib/python3.12/site-packages/airflow/example_dags/example_branch_python_dop_operator_3.py
[2024-05-24T07:44:07.090+0000] {logging_mixin.py:188} INFO - [2024-05-24T07:44:07.090+0000] {dag.py:3096} INFO - Sync 1 DAGs
[2024-05-24T07:44:07.102+0000] {logging_mixin.py:188} INFO - [2024-05-24T07:44:07.102+0000] {dag.py:3954} INFO - Setting next_dagrun for example_branch_dop_operator_v3 to 2024-05-24 07:43:00+00:00, run_after=2024-05-24 07:44:00+00:00
[2024-05-24T07:44:07.110+0000] {processor.py:183} INFO - Processing /home/airflow/.local/lib/python3.12/site-packages/airflow/example_dags/example_branch_python_dop_operator_3.py took 0.048 seconds
[2024-05-24T07:44:37.365+0000] {processor.py:161} INFO - Started process (PID=18008) to work on /home/airflow/.local/lib/python3.12/site-packages/airflow/example_dags/example_branch_python_dop_operator_3.py
[2024-05-24T07:44:37.367+0000] {processor.py:830} INFO - Processing file /home/airflow/.local/lib/python3.12/site-packages/airflow/example_dags/example_branch_python_dop_operator_3.py for tasks to queue
[2024-05-24T07:44:37.369+0000] {logging_mixin.py:188} INFO - [2024-05-24T07:44:37.368+0000] {dagbag.py:545} INFO - Filling up the DagBag from /home/airflow/.local/lib/python3.12/site-packages/airflow/example_dags/example_branch_python_dop_operator_3.py
[2024-05-24T07:44:37.376+0000] {processor.py:840} INFO - DAG(s) 'example_branch_dop_operator_v3' retrieved from /home/airflow/.local/lib/python3.12/site-packages/airflow/example_dags/example_branch_python_dop_operator_3.py
[2024-05-24T07:44:37.390+0000] {logging_mixin.py:188} INFO - [2024-05-24T07:44:37.390+0000] {dag.py:3096} INFO - Sync 1 DAGs
[2024-05-24T07:44:37.402+0000] {logging_mixin.py:188} INFO - [2024-05-24T07:44:37.402+0000] {dag.py:3954} INFO - Setting next_dagrun for example_branch_dop_operator_v3 to 2024-05-24 07:43:00+00:00, run_after=2024-05-24 07:44:00+00:00
[2024-05-24T07:44:37.411+0000] {processor.py:183} INFO - Processing /home/airflow/.local/lib/python3.12/site-packages/airflow/example_dags/example_branch_python_dop_operator_3.py took 0.052 seconds
