[2024-05-24T05:45:20.610+0000] {processor.py:161} INFO - Started process (PID=308) to work on /home/airflow/.local/lib/python3.12/site-packages/airflow/example_dags/example_nested_branch_dag.py
[2024-05-24T05:45:20.610+0000] {processor.py:830} INFO - Processing file /home/airflow/.local/lib/python3.12/site-packages/airflow/example_dags/example_nested_branch_dag.py for tasks to queue
[2024-05-24T05:45:20.611+0000] {logging_mixin.py:188} INFO - [2024-05-24T05:45:20.611+0000] {dagbag.py:545} INFO - Filling up the DagBag from /home/airflow/.local/lib/python3.12/site-packages/airflow/example_dags/example_nested_branch_dag.py
[2024-05-24T05:45:20.617+0000] {processor.py:840} INFO - DAG(s) 'example_nested_branch_dag' retrieved from /home/airflow/.local/lib/python3.12/site-packages/airflow/example_dags/example_nested_branch_dag.py
[2024-05-24T05:45:20.622+0000] {logging_mixin.py:188} INFO - [2024-05-24T05:45:20.622+0000] {dag.py:3096} INFO - Sync 1 DAGs
[2024-05-24T05:45:20.631+0000] {logging_mixin.py:188} INFO - [2024-05-24T05:45:20.631+0000] {dag.py:3954} INFO - Setting next_dagrun for example_nested_branch_dag to 2024-05-23 00:00:00+00:00, run_after=2024-05-24 00:00:00+00:00
[2024-05-24T05:45:20.638+0000] {processor.py:183} INFO - Processing /home/airflow/.local/lib/python3.12/site-packages/airflow/example_dags/example_nested_branch_dag.py took 0.030 seconds
[2024-05-24T05:45:51.057+0000] {processor.py:161} INFO - Started process (PID=568) to work on /home/airflow/.local/lib/python3.12/site-packages/airflow/example_dags/example_nested_branch_dag.py
[2024-05-24T05:45:51.057+0000] {processor.py:830} INFO - Processing file /home/airflow/.local/lib/python3.12/site-packages/airflow/example_dags/example_nested_branch_dag.py for tasks to queue
[2024-05-24T05:45:51.058+0000] {logging_mixin.py:188} INFO - [2024-05-24T05:45:51.058+0000] {dagbag.py:545} INFO - Filling up the DagBag from /home/airflow/.local/lib/python3.12/site-packages/airflow/example_dags/example_nested_branch_dag.py
[2024-05-24T05:45:51.062+0000] {processor.py:840} INFO - DAG(s) 'example_nested_branch_dag' retrieved from /home/airflow/.local/lib/python3.12/site-packages/airflow/example_dags/example_nested_branch_dag.py
[2024-05-24T05:45:51.098+0000] {logging_mixin.py:188} INFO - [2024-05-24T05:45:51.098+0000] {dag.py:3096} INFO - Sync 1 DAGs
[2024-05-24T05:45:51.106+0000] {logging_mixin.py:188} INFO - [2024-05-24T05:45:51.105+0000] {dag.py:3954} INFO - Setting next_dagrun for example_nested_branch_dag to 2024-05-23 00:00:00+00:00, run_after=2024-05-24 00:00:00+00:00
[2024-05-24T05:45:51.113+0000] {processor.py:183} INFO - Processing /home/airflow/.local/lib/python3.12/site-packages/airflow/example_dags/example_nested_branch_dag.py took 0.058 seconds
[2024-05-24T05:46:21.823+0000] {processor.py:161} INFO - Started process (PID=830) to work on /home/airflow/.local/lib/python3.12/site-packages/airflow/example_dags/example_nested_branch_dag.py
[2024-05-24T05:46:21.823+0000] {processor.py:830} INFO - Processing file /home/airflow/.local/lib/python3.12/site-packages/airflow/example_dags/example_nested_branch_dag.py for tasks to queue
[2024-05-24T05:46:21.824+0000] {logging_mixin.py:188} INFO - [2024-05-24T05:46:21.824+0000] {dagbag.py:545} INFO - Filling up the DagBag from /home/airflow/.local/lib/python3.12/site-packages/airflow/example_dags/example_nested_branch_dag.py
[2024-05-24T05:46:21.828+0000] {processor.py:840} INFO - DAG(s) 'example_nested_branch_dag' retrieved from /home/airflow/.local/lib/python3.12/site-packages/airflow/example_dags/example_nested_branch_dag.py
[2024-05-24T05:46:21.836+0000] {logging_mixin.py:188} INFO - [2024-05-24T05:46:21.836+0000] {dag.py:3096} INFO - Sync 1 DAGs
[2024-05-24T05:46:21.844+0000] {logging_mixin.py:188} INFO - [2024-05-24T05:46:21.844+0000] {dag.py:3954} INFO - Setting next_dagrun for example_nested_branch_dag to 2024-05-23 00:00:00+00:00, run_after=2024-05-24 00:00:00+00:00
[2024-05-24T05:46:21.851+0000] {processor.py:183} INFO - Processing /home/airflow/.local/lib/python3.12/site-packages/airflow/example_dags/example_nested_branch_dag.py took 0.030 seconds
[2024-05-24T05:46:52.135+0000] {processor.py:161} INFO - Started process (PID=1092) to work on /home/airflow/.local/lib/python3.12/site-packages/airflow/example_dags/example_nested_branch_dag.py
[2024-05-24T05:46:52.135+0000] {processor.py:830} INFO - Processing file /home/airflow/.local/lib/python3.12/site-packages/airflow/example_dags/example_nested_branch_dag.py for tasks to queue
[2024-05-24T05:46:52.136+0000] {logging_mixin.py:188} INFO - [2024-05-24T05:46:52.136+0000] {dagbag.py:545} INFO - Filling up the DagBag from /home/airflow/.local/lib/python3.12/site-packages/airflow/example_dags/example_nested_branch_dag.py
[2024-05-24T05:46:52.140+0000] {processor.py:840} INFO - DAG(s) 'example_nested_branch_dag' retrieved from /home/airflow/.local/lib/python3.12/site-packages/airflow/example_dags/example_nested_branch_dag.py
[2024-05-24T05:46:52.148+0000] {logging_mixin.py:188} INFO - [2024-05-24T05:46:52.148+0000] {dag.py:3096} INFO - Sync 1 DAGs
[2024-05-24T05:46:52.156+0000] {logging_mixin.py:188} INFO - [2024-05-24T05:46:52.156+0000] {dag.py:3954} INFO - Setting next_dagrun for example_nested_branch_dag to 2024-05-23 00:00:00+00:00, run_after=2024-05-24 00:00:00+00:00
[2024-05-24T05:46:52.163+0000] {processor.py:183} INFO - Processing /home/airflow/.local/lib/python3.12/site-packages/airflow/example_dags/example_nested_branch_dag.py took 0.031 seconds
[2024-05-24T05:47:22.461+0000] {processor.py:161} INFO - Started process (PID=1354) to work on /home/airflow/.local/lib/python3.12/site-packages/airflow/example_dags/example_nested_branch_dag.py
[2024-05-24T05:47:22.462+0000] {processor.py:830} INFO - Processing file /home/airflow/.local/lib/python3.12/site-packages/airflow/example_dags/example_nested_branch_dag.py for tasks to queue
[2024-05-24T05:47:22.462+0000] {logging_mixin.py:188} INFO - [2024-05-24T05:47:22.462+0000] {dagbag.py:545} INFO - Filling up the DagBag from /home/airflow/.local/lib/python3.12/site-packages/airflow/example_dags/example_nested_branch_dag.py
[2024-05-24T05:47:22.467+0000] {processor.py:840} INFO - DAG(s) 'example_nested_branch_dag' retrieved from /home/airflow/.local/lib/python3.12/site-packages/airflow/example_dags/example_nested_branch_dag.py
[2024-05-24T05:47:22.475+0000] {logging_mixin.py:188} INFO - [2024-05-24T05:47:22.475+0000] {dag.py:3096} INFO - Sync 1 DAGs
[2024-05-24T05:47:22.483+0000] {logging_mixin.py:188} INFO - [2024-05-24T05:47:22.483+0000] {dag.py:3954} INFO - Setting next_dagrun for example_nested_branch_dag to 2024-05-23 00:00:00+00:00, run_after=2024-05-24 00:00:00+00:00
[2024-05-24T05:47:22.490+0000] {processor.py:183} INFO - Processing /home/airflow/.local/lib/python3.12/site-packages/airflow/example_dags/example_nested_branch_dag.py took 0.031 seconds
[2024-05-24T05:47:52.842+0000] {processor.py:161} INFO - Started process (PID=1616) to work on /home/airflow/.local/lib/python3.12/site-packages/airflow/example_dags/example_nested_branch_dag.py
[2024-05-24T05:47:52.843+0000] {processor.py:830} INFO - Processing file /home/airflow/.local/lib/python3.12/site-packages/airflow/example_dags/example_nested_branch_dag.py for tasks to queue
[2024-05-24T05:47:52.844+0000] {logging_mixin.py:188} INFO - [2024-05-24T05:47:52.844+0000] {dagbag.py:545} INFO - Filling up the DagBag from /home/airflow/.local/lib/python3.12/site-packages/airflow/example_dags/example_nested_branch_dag.py
[2024-05-24T05:47:52.848+0000] {processor.py:840} INFO - DAG(s) 'example_nested_branch_dag' retrieved from /home/airflow/.local/lib/python3.12/site-packages/airflow/example_dags/example_nested_branch_dag.py
[2024-05-24T05:47:52.857+0000] {logging_mixin.py:188} INFO - [2024-05-24T05:47:52.856+0000] {dag.py:3096} INFO - Sync 1 DAGs
[2024-05-24T05:47:52.865+0000] {logging_mixin.py:188} INFO - [2024-05-24T05:47:52.865+0000] {dag.py:3954} INFO - Setting next_dagrun for example_nested_branch_dag to 2024-05-23 00:00:00+00:00, run_after=2024-05-24 00:00:00+00:00
[2024-05-24T05:47:52.871+0000] {processor.py:183} INFO - Processing /home/airflow/.local/lib/python3.12/site-packages/airflow/example_dags/example_nested_branch_dag.py took 0.031 seconds
[2024-05-24T05:48:23.169+0000] {processor.py:161} INFO - Started process (PID=1878) to work on /home/airflow/.local/lib/python3.12/site-packages/airflow/example_dags/example_nested_branch_dag.py
[2024-05-24T05:48:23.169+0000] {processor.py:830} INFO - Processing file /home/airflow/.local/lib/python3.12/site-packages/airflow/example_dags/example_nested_branch_dag.py for tasks to queue
[2024-05-24T05:48:23.170+0000] {logging_mixin.py:188} INFO - [2024-05-24T05:48:23.170+0000] {dagbag.py:545} INFO - Filling up the DagBag from /home/airflow/.local/lib/python3.12/site-packages/airflow/example_dags/example_nested_branch_dag.py
[2024-05-24T05:48:23.174+0000] {processor.py:840} INFO - DAG(s) 'example_nested_branch_dag' retrieved from /home/airflow/.local/lib/python3.12/site-packages/airflow/example_dags/example_nested_branch_dag.py
[2024-05-24T05:48:23.182+0000] {logging_mixin.py:188} INFO - [2024-05-24T05:48:23.181+0000] {dag.py:3096} INFO - Sync 1 DAGs
[2024-05-24T05:48:23.189+0000] {logging_mixin.py:188} INFO - [2024-05-24T05:48:23.189+0000] {dag.py:3954} INFO - Setting next_dagrun for example_nested_branch_dag to 2024-05-23 00:00:00+00:00, run_after=2024-05-24 00:00:00+00:00
[2024-05-24T05:48:23.196+0000] {processor.py:183} INFO - Processing /home/airflow/.local/lib/python3.12/site-packages/airflow/example_dags/example_nested_branch_dag.py took 0.029 seconds
[2024-05-24T05:48:53.488+0000] {processor.py:161} INFO - Started process (PID=2140) to work on /home/airflow/.local/lib/python3.12/site-packages/airflow/example_dags/example_nested_branch_dag.py
[2024-05-24T05:48:53.488+0000] {processor.py:830} INFO - Processing file /home/airflow/.local/lib/python3.12/site-packages/airflow/example_dags/example_nested_branch_dag.py for tasks to queue
[2024-05-24T05:48:53.489+0000] {logging_mixin.py:188} INFO - [2024-05-24T05:48:53.489+0000] {dagbag.py:545} INFO - Filling up the DagBag from /home/airflow/.local/lib/python3.12/site-packages/airflow/example_dags/example_nested_branch_dag.py
[2024-05-24T05:48:53.493+0000] {processor.py:840} INFO - DAG(s) 'example_nested_branch_dag' retrieved from /home/airflow/.local/lib/python3.12/site-packages/airflow/example_dags/example_nested_branch_dag.py
[2024-05-24T05:48:53.502+0000] {logging_mixin.py:188} INFO - [2024-05-24T05:48:53.502+0000] {dag.py:3096} INFO - Sync 1 DAGs
[2024-05-24T05:48:53.510+0000] {logging_mixin.py:188} INFO - [2024-05-24T05:48:53.510+0000] {dag.py:3954} INFO - Setting next_dagrun for example_nested_branch_dag to 2024-05-23 00:00:00+00:00, run_after=2024-05-24 00:00:00+00:00
[2024-05-24T05:48:53.516+0000] {processor.py:183} INFO - Processing /home/airflow/.local/lib/python3.12/site-packages/airflow/example_dags/example_nested_branch_dag.py took 0.031 seconds
[2024-05-24T05:49:23.817+0000] {processor.py:161} INFO - Started process (PID=2402) to work on /home/airflow/.local/lib/python3.12/site-packages/airflow/example_dags/example_nested_branch_dag.py
[2024-05-24T05:49:23.818+0000] {processor.py:830} INFO - Processing file /home/airflow/.local/lib/python3.12/site-packages/airflow/example_dags/example_nested_branch_dag.py for tasks to queue
[2024-05-24T05:49:23.819+0000] {logging_mixin.py:188} INFO - [2024-05-24T05:49:23.818+0000] {dagbag.py:545} INFO - Filling up the DagBag from /home/airflow/.local/lib/python3.12/site-packages/airflow/example_dags/example_nested_branch_dag.py
[2024-05-24T05:49:23.823+0000] {processor.py:840} INFO - DAG(s) 'example_nested_branch_dag' retrieved from /home/airflow/.local/lib/python3.12/site-packages/airflow/example_dags/example_nested_branch_dag.py
[2024-05-24T05:49:23.831+0000] {logging_mixin.py:188} INFO - [2024-05-24T05:49:23.831+0000] {dag.py:3096} INFO - Sync 1 DAGs
[2024-05-24T05:49:23.839+0000] {logging_mixin.py:188} INFO - [2024-05-24T05:49:23.839+0000] {dag.py:3954} INFO - Setting next_dagrun for example_nested_branch_dag to 2024-05-23 00:00:00+00:00, run_after=2024-05-24 00:00:00+00:00
[2024-05-24T05:49:23.846+0000] {processor.py:183} INFO - Processing /home/airflow/.local/lib/python3.12/site-packages/airflow/example_dags/example_nested_branch_dag.py took 0.031 seconds
[2024-05-24T05:49:54.099+0000] {processor.py:161} INFO - Started process (PID=2664) to work on /home/airflow/.local/lib/python3.12/site-packages/airflow/example_dags/example_nested_branch_dag.py
[2024-05-24T05:49:54.099+0000] {processor.py:830} INFO - Processing file /home/airflow/.local/lib/python3.12/site-packages/airflow/example_dags/example_nested_branch_dag.py for tasks to queue
[2024-05-24T05:49:54.100+0000] {logging_mixin.py:188} INFO - [2024-05-24T05:49:54.100+0000] {dagbag.py:545} INFO - Filling up the DagBag from /home/airflow/.local/lib/python3.12/site-packages/airflow/example_dags/example_nested_branch_dag.py
[2024-05-24T05:49:54.104+0000] {processor.py:840} INFO - DAG(s) 'example_nested_branch_dag' retrieved from /home/airflow/.local/lib/python3.12/site-packages/airflow/example_dags/example_nested_branch_dag.py
[2024-05-24T05:49:54.112+0000] {logging_mixin.py:188} INFO - [2024-05-24T05:49:54.112+0000] {dag.py:3096} INFO - Sync 1 DAGs
[2024-05-24T05:49:54.121+0000] {logging_mixin.py:188} INFO - [2024-05-24T05:49:54.121+0000] {dag.py:3954} INFO - Setting next_dagrun for example_nested_branch_dag to 2024-05-23 00:00:00+00:00, run_after=2024-05-24 00:00:00+00:00
[2024-05-24T05:49:54.128+0000] {processor.py:183} INFO - Processing /home/airflow/.local/lib/python3.12/site-packages/airflow/example_dags/example_nested_branch_dag.py took 0.031 seconds
[2024-05-24T05:50:24.522+0000] {processor.py:161} INFO - Started process (PID=2926) to work on /home/airflow/.local/lib/python3.12/site-packages/airflow/example_dags/example_nested_branch_dag.py
[2024-05-24T05:50:24.522+0000] {processor.py:830} INFO - Processing file /home/airflow/.local/lib/python3.12/site-packages/airflow/example_dags/example_nested_branch_dag.py for tasks to queue
[2024-05-24T05:50:24.523+0000] {logging_mixin.py:188} INFO - [2024-05-24T05:50:24.523+0000] {dagbag.py:545} INFO - Filling up the DagBag from /home/airflow/.local/lib/python3.12/site-packages/airflow/example_dags/example_nested_branch_dag.py
[2024-05-24T05:50:24.527+0000] {processor.py:840} INFO - DAG(s) 'example_nested_branch_dag' retrieved from /home/airflow/.local/lib/python3.12/site-packages/airflow/example_dags/example_nested_branch_dag.py
[2024-05-24T05:50:24.536+0000] {logging_mixin.py:188} INFO - [2024-05-24T05:50:24.536+0000] {dag.py:3096} INFO - Sync 1 DAGs
[2024-05-24T05:50:24.545+0000] {logging_mixin.py:188} INFO - [2024-05-24T05:50:24.545+0000] {dag.py:3954} INFO - Setting next_dagrun for example_nested_branch_dag to 2024-05-23 00:00:00+00:00, run_after=2024-05-24 00:00:00+00:00
[2024-05-24T05:50:24.552+0000] {processor.py:183} INFO - Processing /home/airflow/.local/lib/python3.12/site-packages/airflow/example_dags/example_nested_branch_dag.py took 0.033 seconds
[2024-05-24T05:50:54.827+0000] {processor.py:161} INFO - Started process (PID=3188) to work on /home/airflow/.local/lib/python3.12/site-packages/airflow/example_dags/example_nested_branch_dag.py
[2024-05-24T05:50:54.827+0000] {processor.py:830} INFO - Processing file /home/airflow/.local/lib/python3.12/site-packages/airflow/example_dags/example_nested_branch_dag.py for tasks to queue
[2024-05-24T05:50:54.828+0000] {logging_mixin.py:188} INFO - [2024-05-24T05:50:54.827+0000] {dagbag.py:545} INFO - Filling up the DagBag from /home/airflow/.local/lib/python3.12/site-packages/airflow/example_dags/example_nested_branch_dag.py
[2024-05-24T05:50:54.831+0000] {processor.py:840} INFO - DAG(s) 'example_nested_branch_dag' retrieved from /home/airflow/.local/lib/python3.12/site-packages/airflow/example_dags/example_nested_branch_dag.py
[2024-05-24T05:50:54.840+0000] {logging_mixin.py:188} INFO - [2024-05-24T05:50:54.840+0000] {dag.py:3096} INFO - Sync 1 DAGs
[2024-05-24T05:50:54.848+0000] {logging_mixin.py:188} INFO - [2024-05-24T05:50:54.848+0000] {dag.py:3954} INFO - Setting next_dagrun for example_nested_branch_dag to 2024-05-23 00:00:00+00:00, run_after=2024-05-24 00:00:00+00:00
[2024-05-24T05:50:54.855+0000] {processor.py:183} INFO - Processing /home/airflow/.local/lib/python3.12/site-packages/airflow/example_dags/example_nested_branch_dag.py took 0.030 seconds
[2024-05-24T05:51:25.169+0000] {processor.py:161} INFO - Started process (PID=3450) to work on /home/airflow/.local/lib/python3.12/site-packages/airflow/example_dags/example_nested_branch_dag.py
[2024-05-24T05:51:25.170+0000] {processor.py:830} INFO - Processing file /home/airflow/.local/lib/python3.12/site-packages/airflow/example_dags/example_nested_branch_dag.py for tasks to queue
[2024-05-24T05:51:25.171+0000] {logging_mixin.py:188} INFO - [2024-05-24T05:51:25.170+0000] {dagbag.py:545} INFO - Filling up the DagBag from /home/airflow/.local/lib/python3.12/site-packages/airflow/example_dags/example_nested_branch_dag.py
[2024-05-24T05:51:25.175+0000] {processor.py:840} INFO - DAG(s) 'example_nested_branch_dag' retrieved from /home/airflow/.local/lib/python3.12/site-packages/airflow/example_dags/example_nested_branch_dag.py
[2024-05-24T05:51:25.183+0000] {logging_mixin.py:188} INFO - [2024-05-24T05:51:25.183+0000] {dag.py:3096} INFO - Sync 1 DAGs
[2024-05-24T05:51:25.191+0000] {logging_mixin.py:188} INFO - [2024-05-24T05:51:25.191+0000] {dag.py:3954} INFO - Setting next_dagrun for example_nested_branch_dag to 2024-05-23 00:00:00+00:00, run_after=2024-05-24 00:00:00+00:00
[2024-05-24T05:51:25.198+0000] {processor.py:183} INFO - Processing /home/airflow/.local/lib/python3.12/site-packages/airflow/example_dags/example_nested_branch_dag.py took 0.031 seconds
[2024-05-24T05:51:55.479+0000] {processor.py:161} INFO - Started process (PID=3712) to work on /home/airflow/.local/lib/python3.12/site-packages/airflow/example_dags/example_nested_branch_dag.py
[2024-05-24T05:51:55.480+0000] {processor.py:830} INFO - Processing file /home/airflow/.local/lib/python3.12/site-packages/airflow/example_dags/example_nested_branch_dag.py for tasks to queue
[2024-05-24T05:51:55.480+0000] {logging_mixin.py:188} INFO - [2024-05-24T05:51:55.480+0000] {dagbag.py:545} INFO - Filling up the DagBag from /home/airflow/.local/lib/python3.12/site-packages/airflow/example_dags/example_nested_branch_dag.py
[2024-05-24T05:51:55.484+0000] {processor.py:840} INFO - DAG(s) 'example_nested_branch_dag' retrieved from /home/airflow/.local/lib/python3.12/site-packages/airflow/example_dags/example_nested_branch_dag.py
[2024-05-24T05:51:55.492+0000] {logging_mixin.py:188} INFO - [2024-05-24T05:51:55.492+0000] {dag.py:3096} INFO - Sync 1 DAGs
[2024-05-24T05:51:55.502+0000] {logging_mixin.py:188} INFO - [2024-05-24T05:51:55.502+0000] {dag.py:3954} INFO - Setting next_dagrun for example_nested_branch_dag to 2024-05-23 00:00:00+00:00, run_after=2024-05-24 00:00:00+00:00
[2024-05-24T05:51:55.508+0000] {processor.py:183} INFO - Processing /home/airflow/.local/lib/python3.12/site-packages/airflow/example_dags/example_nested_branch_dag.py took 0.031 seconds
[2024-05-24T05:52:25.772+0000] {processor.py:161} INFO - Started process (PID=3974) to work on /home/airflow/.local/lib/python3.12/site-packages/airflow/example_dags/example_nested_branch_dag.py
[2024-05-24T05:52:25.772+0000] {processor.py:830} INFO - Processing file /home/airflow/.local/lib/python3.12/site-packages/airflow/example_dags/example_nested_branch_dag.py for tasks to queue
[2024-05-24T05:52:25.773+0000] {logging_mixin.py:188} INFO - [2024-05-24T05:52:25.773+0000] {dagbag.py:545} INFO - Filling up the DagBag from /home/airflow/.local/lib/python3.12/site-packages/airflow/example_dags/example_nested_branch_dag.py
[2024-05-24T05:52:25.777+0000] {processor.py:840} INFO - DAG(s) 'example_nested_branch_dag' retrieved from /home/airflow/.local/lib/python3.12/site-packages/airflow/example_dags/example_nested_branch_dag.py
[2024-05-24T05:52:25.785+0000] {logging_mixin.py:188} INFO - [2024-05-24T05:52:25.785+0000] {dag.py:3096} INFO - Sync 1 DAGs
[2024-05-24T05:52:25.793+0000] {logging_mixin.py:188} INFO - [2024-05-24T05:52:25.793+0000] {dag.py:3954} INFO - Setting next_dagrun for example_nested_branch_dag to 2024-05-23 00:00:00+00:00, run_after=2024-05-24 00:00:00+00:00
[2024-05-24T05:52:25.800+0000] {processor.py:183} INFO - Processing /home/airflow/.local/lib/python3.12/site-packages/airflow/example_dags/example_nested_branch_dag.py took 0.030 seconds
[2024-05-24T05:52:56.086+0000] {processor.py:161} INFO - Started process (PID=4238) to work on /home/airflow/.local/lib/python3.12/site-packages/airflow/example_dags/example_nested_branch_dag.py
[2024-05-24T05:52:56.087+0000] {processor.py:830} INFO - Processing file /home/airflow/.local/lib/python3.12/site-packages/airflow/example_dags/example_nested_branch_dag.py for tasks to queue
[2024-05-24T05:52:56.087+0000] {logging_mixin.py:188} INFO - [2024-05-24T05:52:56.087+0000] {dagbag.py:545} INFO - Filling up the DagBag from /home/airflow/.local/lib/python3.12/site-packages/airflow/example_dags/example_nested_branch_dag.py
[2024-05-24T05:52:56.091+0000] {processor.py:840} INFO - DAG(s) 'example_nested_branch_dag' retrieved from /home/airflow/.local/lib/python3.12/site-packages/airflow/example_dags/example_nested_branch_dag.py
[2024-05-24T05:52:56.099+0000] {logging_mixin.py:188} INFO - [2024-05-24T05:52:56.098+0000] {dag.py:3096} INFO - Sync 1 DAGs
[2024-05-24T05:52:56.106+0000] {logging_mixin.py:188} INFO - [2024-05-24T05:52:56.106+0000] {dag.py:3954} INFO - Setting next_dagrun for example_nested_branch_dag to 2024-05-23 00:00:00+00:00, run_after=2024-05-24 00:00:00+00:00
[2024-05-24T05:52:56.112+0000] {processor.py:183} INFO - Processing /home/airflow/.local/lib/python3.12/site-packages/airflow/example_dags/example_nested_branch_dag.py took 0.029 seconds
[2024-05-24T05:53:26.499+0000] {processor.py:161} INFO - Started process (PID=4498) to work on /home/airflow/.local/lib/python3.12/site-packages/airflow/example_dags/example_nested_branch_dag.py
[2024-05-24T05:53:26.499+0000] {processor.py:830} INFO - Processing file /home/airflow/.local/lib/python3.12/site-packages/airflow/example_dags/example_nested_branch_dag.py for tasks to queue
[2024-05-24T05:53:26.500+0000] {logging_mixin.py:188} INFO - [2024-05-24T05:53:26.500+0000] {dagbag.py:545} INFO - Filling up the DagBag from /home/airflow/.local/lib/python3.12/site-packages/airflow/example_dags/example_nested_branch_dag.py
[2024-05-24T05:53:26.503+0000] {processor.py:840} INFO - DAG(s) 'example_nested_branch_dag' retrieved from /home/airflow/.local/lib/python3.12/site-packages/airflow/example_dags/example_nested_branch_dag.py
[2024-05-24T05:53:26.512+0000] {logging_mixin.py:188} INFO - [2024-05-24T05:53:26.511+0000] {dag.py:3096} INFO - Sync 1 DAGs
[2024-05-24T05:53:26.519+0000] {logging_mixin.py:188} INFO - [2024-05-24T05:53:26.519+0000] {dag.py:3954} INFO - Setting next_dagrun for example_nested_branch_dag to 2024-05-23 00:00:00+00:00, run_after=2024-05-24 00:00:00+00:00
[2024-05-24T05:53:26.526+0000] {processor.py:183} INFO - Processing /home/airflow/.local/lib/python3.12/site-packages/airflow/example_dags/example_nested_branch_dag.py took 0.029 seconds
[2024-05-24T05:53:56.925+0000] {processor.py:161} INFO - Started process (PID=4785) to work on /home/airflow/.local/lib/python3.12/site-packages/airflow/example_dags/example_nested_branch_dag.py
[2024-05-24T05:53:56.926+0000] {processor.py:830} INFO - Processing file /home/airflow/.local/lib/python3.12/site-packages/airflow/example_dags/example_nested_branch_dag.py for tasks to queue
[2024-05-24T05:53:56.926+0000] {logging_mixin.py:188} INFO - [2024-05-24T05:53:56.926+0000] {dagbag.py:545} INFO - Filling up the DagBag from /home/airflow/.local/lib/python3.12/site-packages/airflow/example_dags/example_nested_branch_dag.py
[2024-05-24T05:53:56.930+0000] {processor.py:840} INFO - DAG(s) 'example_nested_branch_dag' retrieved from /home/airflow/.local/lib/python3.12/site-packages/airflow/example_dags/example_nested_branch_dag.py
[2024-05-24T05:53:56.939+0000] {logging_mixin.py:188} INFO - [2024-05-24T05:53:56.939+0000] {dag.py:3096} INFO - Sync 1 DAGs
[2024-05-24T05:53:56.947+0000] {logging_mixin.py:188} INFO - [2024-05-24T05:53:56.947+0000] {dag.py:3954} INFO - Setting next_dagrun for example_nested_branch_dag to 2024-05-23 00:00:00+00:00, run_after=2024-05-24 00:00:00+00:00
[2024-05-24T05:53:56.954+0000] {processor.py:183} INFO - Processing /home/airflow/.local/lib/python3.12/site-packages/airflow/example_dags/example_nested_branch_dag.py took 0.031 seconds
[2024-05-24T05:54:27.257+0000] {processor.py:161} INFO - Started process (PID=5047) to work on /home/airflow/.local/lib/python3.12/site-packages/airflow/example_dags/example_nested_branch_dag.py
[2024-05-24T05:54:27.257+0000] {processor.py:830} INFO - Processing file /home/airflow/.local/lib/python3.12/site-packages/airflow/example_dags/example_nested_branch_dag.py for tasks to queue
[2024-05-24T05:54:27.258+0000] {logging_mixin.py:188} INFO - [2024-05-24T05:54:27.258+0000] {dagbag.py:545} INFO - Filling up the DagBag from /home/airflow/.local/lib/python3.12/site-packages/airflow/example_dags/example_nested_branch_dag.py
[2024-05-24T05:54:27.262+0000] {processor.py:840} INFO - DAG(s) 'example_nested_branch_dag' retrieved from /home/airflow/.local/lib/python3.12/site-packages/airflow/example_dags/example_nested_branch_dag.py
[2024-05-24T05:54:27.271+0000] {logging_mixin.py:188} INFO - [2024-05-24T05:54:27.271+0000] {dag.py:3096} INFO - Sync 1 DAGs
[2024-05-24T05:54:27.279+0000] {logging_mixin.py:188} INFO - [2024-05-24T05:54:27.279+0000] {dag.py:3954} INFO - Setting next_dagrun for example_nested_branch_dag to 2024-05-23 00:00:00+00:00, run_after=2024-05-24 00:00:00+00:00
[2024-05-24T05:54:27.286+0000] {processor.py:183} INFO - Processing /home/airflow/.local/lib/python3.12/site-packages/airflow/example_dags/example_nested_branch_dag.py took 0.032 seconds
[2024-05-24T05:54:57.563+0000] {processor.py:161} INFO - Started process (PID=5309) to work on /home/airflow/.local/lib/python3.12/site-packages/airflow/example_dags/example_nested_branch_dag.py
[2024-05-24T05:54:57.564+0000] {processor.py:830} INFO - Processing file /home/airflow/.local/lib/python3.12/site-packages/airflow/example_dags/example_nested_branch_dag.py for tasks to queue
[2024-05-24T05:54:57.564+0000] {logging_mixin.py:188} INFO - [2024-05-24T05:54:57.564+0000] {dagbag.py:545} INFO - Filling up the DagBag from /home/airflow/.local/lib/python3.12/site-packages/airflow/example_dags/example_nested_branch_dag.py
[2024-05-24T05:54:57.568+0000] {processor.py:840} INFO - DAG(s) 'example_nested_branch_dag' retrieved from /home/airflow/.local/lib/python3.12/site-packages/airflow/example_dags/example_nested_branch_dag.py
[2024-05-24T05:54:57.576+0000] {logging_mixin.py:188} INFO - [2024-05-24T05:54:57.576+0000] {dag.py:3096} INFO - Sync 1 DAGs
[2024-05-24T05:54:57.585+0000] {logging_mixin.py:188} INFO - [2024-05-24T05:54:57.585+0000] {dag.py:3954} INFO - Setting next_dagrun for example_nested_branch_dag to 2024-05-23 00:00:00+00:00, run_after=2024-05-24 00:00:00+00:00
[2024-05-24T05:54:57.591+0000] {processor.py:183} INFO - Processing /home/airflow/.local/lib/python3.12/site-packages/airflow/example_dags/example_nested_branch_dag.py took 0.030 seconds
[2024-05-24T05:55:27.939+0000] {processor.py:161} INFO - Started process (PID=5571) to work on /home/airflow/.local/lib/python3.12/site-packages/airflow/example_dags/example_nested_branch_dag.py
[2024-05-24T05:55:27.939+0000] {processor.py:830} INFO - Processing file /home/airflow/.local/lib/python3.12/site-packages/airflow/example_dags/example_nested_branch_dag.py for tasks to queue
[2024-05-24T05:55:27.940+0000] {logging_mixin.py:188} INFO - [2024-05-24T05:55:27.940+0000] {dagbag.py:545} INFO - Filling up the DagBag from /home/airflow/.local/lib/python3.12/site-packages/airflow/example_dags/example_nested_branch_dag.py
[2024-05-24T05:55:27.944+0000] {processor.py:840} INFO - DAG(s) 'example_nested_branch_dag' retrieved from /home/airflow/.local/lib/python3.12/site-packages/airflow/example_dags/example_nested_branch_dag.py
[2024-05-24T05:55:27.952+0000] {logging_mixin.py:188} INFO - [2024-05-24T05:55:27.952+0000] {dag.py:3096} INFO - Sync 1 DAGs
[2024-05-24T05:55:27.960+0000] {logging_mixin.py:188} INFO - [2024-05-24T05:55:27.960+0000] {dag.py:3954} INFO - Setting next_dagrun for example_nested_branch_dag to 2024-05-23 00:00:00+00:00, run_after=2024-05-24 00:00:00+00:00
[2024-05-24T05:55:27.967+0000] {processor.py:183} INFO - Processing /home/airflow/.local/lib/python3.12/site-packages/airflow/example_dags/example_nested_branch_dag.py took 0.031 seconds
[2024-05-24T05:55:58.280+0000] {processor.py:161} INFO - Started process (PID=5833) to work on /home/airflow/.local/lib/python3.12/site-packages/airflow/example_dags/example_nested_branch_dag.py
[2024-05-24T05:55:58.281+0000] {processor.py:830} INFO - Processing file /home/airflow/.local/lib/python3.12/site-packages/airflow/example_dags/example_nested_branch_dag.py for tasks to queue
[2024-05-24T05:55:58.281+0000] {logging_mixin.py:188} INFO - [2024-05-24T05:55:58.281+0000] {dagbag.py:545} INFO - Filling up the DagBag from /home/airflow/.local/lib/python3.12/site-packages/airflow/example_dags/example_nested_branch_dag.py
[2024-05-24T05:55:58.285+0000] {processor.py:840} INFO - DAG(s) 'example_nested_branch_dag' retrieved from /home/airflow/.local/lib/python3.12/site-packages/airflow/example_dags/example_nested_branch_dag.py
[2024-05-24T05:55:58.293+0000] {logging_mixin.py:188} INFO - [2024-05-24T05:55:58.293+0000] {dag.py:3096} INFO - Sync 1 DAGs
[2024-05-24T05:55:58.301+0000] {logging_mixin.py:188} INFO - [2024-05-24T05:55:58.301+0000] {dag.py:3954} INFO - Setting next_dagrun for example_nested_branch_dag to 2024-05-23 00:00:00+00:00, run_after=2024-05-24 00:00:00+00:00
[2024-05-24T05:55:58.308+0000] {processor.py:183} INFO - Processing /home/airflow/.local/lib/python3.12/site-packages/airflow/example_dags/example_nested_branch_dag.py took 0.030 seconds
[2024-05-24T05:56:28.616+0000] {processor.py:161} INFO - Started process (PID=6095) to work on /home/airflow/.local/lib/python3.12/site-packages/airflow/example_dags/example_nested_branch_dag.py
[2024-05-24T05:56:28.617+0000] {processor.py:830} INFO - Processing file /home/airflow/.local/lib/python3.12/site-packages/airflow/example_dags/example_nested_branch_dag.py for tasks to queue
[2024-05-24T05:56:28.617+0000] {logging_mixin.py:188} INFO - [2024-05-24T05:56:28.617+0000] {dagbag.py:545} INFO - Filling up the DagBag from /home/airflow/.local/lib/python3.12/site-packages/airflow/example_dags/example_nested_branch_dag.py
[2024-05-24T05:56:28.621+0000] {processor.py:840} INFO - DAG(s) 'example_nested_branch_dag' retrieved from /home/airflow/.local/lib/python3.12/site-packages/airflow/example_dags/example_nested_branch_dag.py
[2024-05-24T05:56:28.630+0000] {logging_mixin.py:188} INFO - [2024-05-24T05:56:28.629+0000] {dag.py:3096} INFO - Sync 1 DAGs
[2024-05-24T05:56:28.638+0000] {logging_mixin.py:188} INFO - [2024-05-24T05:56:28.637+0000] {dag.py:3954} INFO - Setting next_dagrun for example_nested_branch_dag to 2024-05-23 00:00:00+00:00, run_after=2024-05-24 00:00:00+00:00
[2024-05-24T05:56:28.645+0000] {processor.py:183} INFO - Processing /home/airflow/.local/lib/python3.12/site-packages/airflow/example_dags/example_nested_branch_dag.py took 0.031 seconds
[2024-05-24T05:56:58.933+0000] {processor.py:161} INFO - Started process (PID=6357) to work on /home/airflow/.local/lib/python3.12/site-packages/airflow/example_dags/example_nested_branch_dag.py
[2024-05-24T05:56:58.933+0000] {processor.py:830} INFO - Processing file /home/airflow/.local/lib/python3.12/site-packages/airflow/example_dags/example_nested_branch_dag.py for tasks to queue
[2024-05-24T05:56:58.934+0000] {logging_mixin.py:188} INFO - [2024-05-24T05:56:58.934+0000] {dagbag.py:545} INFO - Filling up the DagBag from /home/airflow/.local/lib/python3.12/site-packages/airflow/example_dags/example_nested_branch_dag.py
[2024-05-24T05:56:58.938+0000] {processor.py:840} INFO - DAG(s) 'example_nested_branch_dag' retrieved from /home/airflow/.local/lib/python3.12/site-packages/airflow/example_dags/example_nested_branch_dag.py
[2024-05-24T05:56:58.946+0000] {logging_mixin.py:188} INFO - [2024-05-24T05:56:58.946+0000] {dag.py:3096} INFO - Sync 1 DAGs
[2024-05-24T05:56:58.954+0000] {logging_mixin.py:188} INFO - [2024-05-24T05:56:58.954+0000] {dag.py:3954} INFO - Setting next_dagrun for example_nested_branch_dag to 2024-05-23 00:00:00+00:00, run_after=2024-05-24 00:00:00+00:00
[2024-05-24T05:56:58.961+0000] {processor.py:183} INFO - Processing /home/airflow/.local/lib/python3.12/site-packages/airflow/example_dags/example_nested_branch_dag.py took 0.030 seconds
[2024-05-24T05:57:29.256+0000] {processor.py:161} INFO - Started process (PID=6619) to work on /home/airflow/.local/lib/python3.12/site-packages/airflow/example_dags/example_nested_branch_dag.py
[2024-05-24T05:57:29.256+0000] {processor.py:830} INFO - Processing file /home/airflow/.local/lib/python3.12/site-packages/airflow/example_dags/example_nested_branch_dag.py for tasks to queue
[2024-05-24T05:57:29.257+0000] {logging_mixin.py:188} INFO - [2024-05-24T05:57:29.257+0000] {dagbag.py:545} INFO - Filling up the DagBag from /home/airflow/.local/lib/python3.12/site-packages/airflow/example_dags/example_nested_branch_dag.py
[2024-05-24T05:57:29.261+0000] {processor.py:840} INFO - DAG(s) 'example_nested_branch_dag' retrieved from /home/airflow/.local/lib/python3.12/site-packages/airflow/example_dags/example_nested_branch_dag.py
[2024-05-24T05:57:29.269+0000] {logging_mixin.py:188} INFO - [2024-05-24T05:57:29.269+0000] {dag.py:3096} INFO - Sync 1 DAGs
[2024-05-24T05:57:29.278+0000] {logging_mixin.py:188} INFO - [2024-05-24T05:57:29.278+0000] {dag.py:3954} INFO - Setting next_dagrun for example_nested_branch_dag to 2024-05-23 00:00:00+00:00, run_after=2024-05-24 00:00:00+00:00
[2024-05-24T05:57:29.284+0000] {processor.py:183} INFO - Processing /home/airflow/.local/lib/python3.12/site-packages/airflow/example_dags/example_nested_branch_dag.py took 0.031 seconds
[2024-05-24T05:57:59.615+0000] {processor.py:161} INFO - Started process (PID=6881) to work on /home/airflow/.local/lib/python3.12/site-packages/airflow/example_dags/example_nested_branch_dag.py
[2024-05-24T05:57:59.615+0000] {processor.py:830} INFO - Processing file /home/airflow/.local/lib/python3.12/site-packages/airflow/example_dags/example_nested_branch_dag.py for tasks to queue
[2024-05-24T05:57:59.616+0000] {logging_mixin.py:188} INFO - [2024-05-24T05:57:59.616+0000] {dagbag.py:545} INFO - Filling up the DagBag from /home/airflow/.local/lib/python3.12/site-packages/airflow/example_dags/example_nested_branch_dag.py
[2024-05-24T05:57:59.620+0000] {processor.py:840} INFO - DAG(s) 'example_nested_branch_dag' retrieved from /home/airflow/.local/lib/python3.12/site-packages/airflow/example_dags/example_nested_branch_dag.py
[2024-05-24T05:57:59.628+0000] {logging_mixin.py:188} INFO - [2024-05-24T05:57:59.628+0000] {dag.py:3096} INFO - Sync 1 DAGs
[2024-05-24T05:57:59.637+0000] {logging_mixin.py:188} INFO - [2024-05-24T05:57:59.637+0000] {dag.py:3954} INFO - Setting next_dagrun for example_nested_branch_dag to 2024-05-23 00:00:00+00:00, run_after=2024-05-24 00:00:00+00:00
[2024-05-24T05:57:59.643+0000] {processor.py:183} INFO - Processing /home/airflow/.local/lib/python3.12/site-packages/airflow/example_dags/example_nested_branch_dag.py took 0.030 seconds
[2024-05-24T05:58:29.991+0000] {processor.py:161} INFO - Started process (PID=7145) to work on /home/airflow/.local/lib/python3.12/site-packages/airflow/example_dags/example_nested_branch_dag.py
[2024-05-24T05:58:29.991+0000] {processor.py:830} INFO - Processing file /home/airflow/.local/lib/python3.12/site-packages/airflow/example_dags/example_nested_branch_dag.py for tasks to queue
[2024-05-24T05:58:29.992+0000] {logging_mixin.py:188} INFO - [2024-05-24T05:58:29.992+0000] {dagbag.py:545} INFO - Filling up the DagBag from /home/airflow/.local/lib/python3.12/site-packages/airflow/example_dags/example_nested_branch_dag.py
[2024-05-24T05:58:29.996+0000] {processor.py:840} INFO - DAG(s) 'example_nested_branch_dag' retrieved from /home/airflow/.local/lib/python3.12/site-packages/airflow/example_dags/example_nested_branch_dag.py
[2024-05-24T05:58:30.004+0000] {logging_mixin.py:188} INFO - [2024-05-24T05:58:30.004+0000] {dag.py:3096} INFO - Sync 1 DAGs
[2024-05-24T05:58:30.012+0000] {logging_mixin.py:188} INFO - [2024-05-24T05:58:30.012+0000] {dag.py:3954} INFO - Setting next_dagrun for example_nested_branch_dag to 2024-05-23 00:00:00+00:00, run_after=2024-05-24 00:00:00+00:00
[2024-05-24T05:58:30.018+0000] {processor.py:183} INFO - Processing /home/airflow/.local/lib/python3.12/site-packages/airflow/example_dags/example_nested_branch_dag.py took 0.029 seconds
[2024-05-24T06:13:53.365+0000] {processor.py:161} INFO - Started process (PID=7407) to work on /home/airflow/.local/lib/python3.12/site-packages/airflow/example_dags/example_nested_branch_dag.py
[2024-05-24T06:13:53.366+0000] {processor.py:830} INFO - Processing file /home/airflow/.local/lib/python3.12/site-packages/airflow/example_dags/example_nested_branch_dag.py for tasks to queue
[2024-05-24T06:13:53.366+0000] {logging_mixin.py:188} INFO - [2024-05-24T06:13:53.366+0000] {dagbag.py:545} INFO - Filling up the DagBag from /home/airflow/.local/lib/python3.12/site-packages/airflow/example_dags/example_nested_branch_dag.py
[2024-05-24T06:13:53.370+0000] {processor.py:840} INFO - DAG(s) 'example_nested_branch_dag' retrieved from /home/airflow/.local/lib/python3.12/site-packages/airflow/example_dags/example_nested_branch_dag.py
[2024-05-24T06:13:53.378+0000] {logging_mixin.py:188} INFO - [2024-05-24T06:13:53.378+0000] {dag.py:3096} INFO - Sync 1 DAGs
[2024-05-24T06:13:53.386+0000] {logging_mixin.py:188} INFO - [2024-05-24T06:13:53.386+0000] {dag.py:3954} INFO - Setting next_dagrun for example_nested_branch_dag to 2024-05-23 00:00:00+00:00, run_after=2024-05-24 00:00:00+00:00
[2024-05-24T06:13:53.392+0000] {processor.py:183} INFO - Processing /home/airflow/.local/lib/python3.12/site-packages/airflow/example_dags/example_nested_branch_dag.py took 0.029 seconds
[2024-05-24T06:26:10.213+0000] {processor.py:161} INFO - Started process (PID=7666) to work on /home/airflow/.local/lib/python3.12/site-packages/airflow/example_dags/example_nested_branch_dag.py
[2024-05-24T06:26:10.213+0000] {processor.py:830} INFO - Processing file /home/airflow/.local/lib/python3.12/site-packages/airflow/example_dags/example_nested_branch_dag.py for tasks to queue
[2024-05-24T06:26:10.214+0000] {logging_mixin.py:188} INFO - [2024-05-24T06:26:10.214+0000] {dagbag.py:545} INFO - Filling up the DagBag from /home/airflow/.local/lib/python3.12/site-packages/airflow/example_dags/example_nested_branch_dag.py
[2024-05-24T06:26:10.218+0000] {processor.py:840} INFO - DAG(s) 'example_nested_branch_dag' retrieved from /home/airflow/.local/lib/python3.12/site-packages/airflow/example_dags/example_nested_branch_dag.py
[2024-05-24T06:26:10.227+0000] {logging_mixin.py:188} INFO - [2024-05-24T06:26:10.227+0000] {dag.py:3096} INFO - Sync 1 DAGs
[2024-05-24T06:26:10.235+0000] {logging_mixin.py:188} INFO - [2024-05-24T06:26:10.235+0000] {dag.py:3954} INFO - Setting next_dagrun for example_nested_branch_dag to 2024-05-23 00:00:00+00:00, run_after=2024-05-24 00:00:00+00:00
[2024-05-24T06:26:10.242+0000] {processor.py:183} INFO - Processing /home/airflow/.local/lib/python3.12/site-packages/airflow/example_dags/example_nested_branch_dag.py took 0.031 seconds
[2024-05-24T06:26:40.652+0000] {processor.py:161} INFO - Started process (PID=7927) to work on /home/airflow/.local/lib/python3.12/site-packages/airflow/example_dags/example_nested_branch_dag.py
[2024-05-24T06:26:40.652+0000] {processor.py:830} INFO - Processing file /home/airflow/.local/lib/python3.12/site-packages/airflow/example_dags/example_nested_branch_dag.py for tasks to queue
[2024-05-24T06:26:40.653+0000] {logging_mixin.py:188} INFO - [2024-05-24T06:26:40.653+0000] {dagbag.py:545} INFO - Filling up the DagBag from /home/airflow/.local/lib/python3.12/site-packages/airflow/example_dags/example_nested_branch_dag.py
[2024-05-24T06:26:40.657+0000] {processor.py:840} INFO - DAG(s) 'example_nested_branch_dag' retrieved from /home/airflow/.local/lib/python3.12/site-packages/airflow/example_dags/example_nested_branch_dag.py
[2024-05-24T06:26:40.664+0000] {logging_mixin.py:188} INFO - [2024-05-24T06:26:40.664+0000] {dag.py:3096} INFO - Sync 1 DAGs
[2024-05-24T06:26:40.672+0000] {logging_mixin.py:188} INFO - [2024-05-24T06:26:40.672+0000] {dag.py:3954} INFO - Setting next_dagrun for example_nested_branch_dag to 2024-05-23 00:00:00+00:00, run_after=2024-05-24 00:00:00+00:00
[2024-05-24T06:26:40.678+0000] {processor.py:183} INFO - Processing /home/airflow/.local/lib/python3.12/site-packages/airflow/example_dags/example_nested_branch_dag.py took 0.028 seconds
[2024-05-24T06:27:11.064+0000] {processor.py:161} INFO - Started process (PID=8189) to work on /home/airflow/.local/lib/python3.12/site-packages/airflow/example_dags/example_nested_branch_dag.py
[2024-05-24T06:27:11.065+0000] {processor.py:830} INFO - Processing file /home/airflow/.local/lib/python3.12/site-packages/airflow/example_dags/example_nested_branch_dag.py for tasks to queue
[2024-05-24T06:27:11.065+0000] {logging_mixin.py:188} INFO - [2024-05-24T06:27:11.065+0000] {dagbag.py:545} INFO - Filling up the DagBag from /home/airflow/.local/lib/python3.12/site-packages/airflow/example_dags/example_nested_branch_dag.py
[2024-05-24T06:27:11.069+0000] {processor.py:840} INFO - DAG(s) 'example_nested_branch_dag' retrieved from /home/airflow/.local/lib/python3.12/site-packages/airflow/example_dags/example_nested_branch_dag.py
[2024-05-24T06:27:11.077+0000] {logging_mixin.py:188} INFO - [2024-05-24T06:27:11.076+0000] {dag.py:3096} INFO - Sync 1 DAGs
[2024-05-24T06:27:11.084+0000] {logging_mixin.py:188} INFO - [2024-05-24T06:27:11.084+0000] {dag.py:3954} INFO - Setting next_dagrun for example_nested_branch_dag to 2024-05-23 00:00:00+00:00, run_after=2024-05-24 00:00:00+00:00
[2024-05-24T06:27:11.090+0000] {processor.py:183} INFO - Processing /home/airflow/.local/lib/python3.12/site-packages/airflow/example_dags/example_nested_branch_dag.py took 0.028 seconds
[2024-05-24T06:28:26.193+0000] {processor.py:161} INFO - Started process (PID=8451) to work on /home/airflow/.local/lib/python3.12/site-packages/airflow/example_dags/example_nested_branch_dag.py
[2024-05-24T06:28:26.194+0000] {processor.py:830} INFO - Processing file /home/airflow/.local/lib/python3.12/site-packages/airflow/example_dags/example_nested_branch_dag.py for tasks to queue
[2024-05-24T06:28:26.195+0000] {logging_mixin.py:188} INFO - [2024-05-24T06:28:26.195+0000] {dagbag.py:545} INFO - Filling up the DagBag from /home/airflow/.local/lib/python3.12/site-packages/airflow/example_dags/example_nested_branch_dag.py
[2024-05-24T06:28:26.199+0000] {processor.py:840} INFO - DAG(s) 'example_nested_branch_dag' retrieved from /home/airflow/.local/lib/python3.12/site-packages/airflow/example_dags/example_nested_branch_dag.py
[2024-05-24T06:28:26.207+0000] {logging_mixin.py:188} INFO - [2024-05-24T06:28:26.207+0000] {dag.py:3096} INFO - Sync 1 DAGs
[2024-05-24T06:28:26.216+0000] {logging_mixin.py:188} INFO - [2024-05-24T06:28:26.216+0000] {dag.py:3954} INFO - Setting next_dagrun for example_nested_branch_dag to 2024-05-23 00:00:00+00:00, run_after=2024-05-24 00:00:00+00:00
[2024-05-24T06:28:26.222+0000] {processor.py:183} INFO - Processing /home/airflow/.local/lib/python3.12/site-packages/airflow/example_dags/example_nested_branch_dag.py took 0.031 seconds
[2024-05-24T06:28:56.582+0000] {processor.py:161} INFO - Started process (PID=8713) to work on /home/airflow/.local/lib/python3.12/site-packages/airflow/example_dags/example_nested_branch_dag.py
[2024-05-24T06:28:56.582+0000] {processor.py:830} INFO - Processing file /home/airflow/.local/lib/python3.12/site-packages/airflow/example_dags/example_nested_branch_dag.py for tasks to queue
[2024-05-24T06:28:56.583+0000] {logging_mixin.py:188} INFO - [2024-05-24T06:28:56.583+0000] {dagbag.py:545} INFO - Filling up the DagBag from /home/airflow/.local/lib/python3.12/site-packages/airflow/example_dags/example_nested_branch_dag.py
[2024-05-24T06:28:56.587+0000] {processor.py:840} INFO - DAG(s) 'example_nested_branch_dag' retrieved from /home/airflow/.local/lib/python3.12/site-packages/airflow/example_dags/example_nested_branch_dag.py
[2024-05-24T06:28:56.596+0000] {logging_mixin.py:188} INFO - [2024-05-24T06:28:56.596+0000] {dag.py:3096} INFO - Sync 1 DAGs
[2024-05-24T06:28:56.605+0000] {logging_mixin.py:188} INFO - [2024-05-24T06:28:56.605+0000] {dag.py:3954} INFO - Setting next_dagrun for example_nested_branch_dag to 2024-05-23 00:00:00+00:00, run_after=2024-05-24 00:00:00+00:00
[2024-05-24T06:28:56.611+0000] {processor.py:183} INFO - Processing /home/airflow/.local/lib/python3.12/site-packages/airflow/example_dags/example_nested_branch_dag.py took 0.032 seconds
[2024-05-24T06:29:27.075+0000] {processor.py:161} INFO - Started process (PID=8975) to work on /home/airflow/.local/lib/python3.12/site-packages/airflow/example_dags/example_nested_branch_dag.py
[2024-05-24T06:29:27.076+0000] {processor.py:830} INFO - Processing file /home/airflow/.local/lib/python3.12/site-packages/airflow/example_dags/example_nested_branch_dag.py for tasks to queue
[2024-05-24T06:29:27.076+0000] {logging_mixin.py:188} INFO - [2024-05-24T06:29:27.076+0000] {dagbag.py:545} INFO - Filling up the DagBag from /home/airflow/.local/lib/python3.12/site-packages/airflow/example_dags/example_nested_branch_dag.py
[2024-05-24T06:29:27.081+0000] {processor.py:840} INFO - DAG(s) 'example_nested_branch_dag' retrieved from /home/airflow/.local/lib/python3.12/site-packages/airflow/example_dags/example_nested_branch_dag.py
[2024-05-24T06:29:27.089+0000] {logging_mixin.py:188} INFO - [2024-05-24T06:29:27.089+0000] {dag.py:3096} INFO - Sync 1 DAGs
[2024-05-24T06:29:27.097+0000] {logging_mixin.py:188} INFO - [2024-05-24T06:29:27.097+0000] {dag.py:3954} INFO - Setting next_dagrun for example_nested_branch_dag to 2024-05-23 00:00:00+00:00, run_after=2024-05-24 00:00:00+00:00
[2024-05-24T06:29:27.103+0000] {processor.py:183} INFO - Processing /home/airflow/.local/lib/python3.12/site-packages/airflow/example_dags/example_nested_branch_dag.py took 0.030 seconds
[2024-05-24T06:29:57.444+0000] {processor.py:161} INFO - Started process (PID=9237) to work on /home/airflow/.local/lib/python3.12/site-packages/airflow/example_dags/example_nested_branch_dag.py
[2024-05-24T06:29:57.444+0000] {processor.py:830} INFO - Processing file /home/airflow/.local/lib/python3.12/site-packages/airflow/example_dags/example_nested_branch_dag.py for tasks to queue
[2024-05-24T06:29:57.445+0000] {logging_mixin.py:188} INFO - [2024-05-24T06:29:57.445+0000] {dagbag.py:545} INFO - Filling up the DagBag from /home/airflow/.local/lib/python3.12/site-packages/airflow/example_dags/example_nested_branch_dag.py
[2024-05-24T06:29:57.449+0000] {processor.py:840} INFO - DAG(s) 'example_nested_branch_dag' retrieved from /home/airflow/.local/lib/python3.12/site-packages/airflow/example_dags/example_nested_branch_dag.py
[2024-05-24T06:29:57.457+0000] {logging_mixin.py:188} INFO - [2024-05-24T06:29:57.457+0000] {dag.py:3096} INFO - Sync 1 DAGs
[2024-05-24T06:29:57.466+0000] {logging_mixin.py:188} INFO - [2024-05-24T06:29:57.466+0000] {dag.py:3954} INFO - Setting next_dagrun for example_nested_branch_dag to 2024-05-23 00:00:00+00:00, run_after=2024-05-24 00:00:00+00:00
[2024-05-24T06:29:57.473+0000] {processor.py:183} INFO - Processing /home/airflow/.local/lib/python3.12/site-packages/airflow/example_dags/example_nested_branch_dag.py took 0.031 seconds
[2024-05-24T06:32:51.088+0000] {processor.py:161} INFO - Started process (PID=9499) to work on /home/airflow/.local/lib/python3.12/site-packages/airflow/example_dags/example_nested_branch_dag.py
[2024-05-24T06:32:51.090+0000] {processor.py:830} INFO - Processing file /home/airflow/.local/lib/python3.12/site-packages/airflow/example_dags/example_nested_branch_dag.py for tasks to queue
[2024-05-24T06:32:51.090+0000] {logging_mixin.py:188} INFO - [2024-05-24T06:32:51.090+0000] {dagbag.py:545} INFO - Filling up the DagBag from /home/airflow/.local/lib/python3.12/site-packages/airflow/example_dags/example_nested_branch_dag.py
[2024-05-24T06:32:51.094+0000] {processor.py:840} INFO - DAG(s) 'example_nested_branch_dag' retrieved from /home/airflow/.local/lib/python3.12/site-packages/airflow/example_dags/example_nested_branch_dag.py
[2024-05-24T06:32:51.102+0000] {logging_mixin.py:188} INFO - [2024-05-24T06:32:51.102+0000] {dag.py:3096} INFO - Sync 1 DAGs
[2024-05-24T06:32:51.110+0000] {logging_mixin.py:188} INFO - [2024-05-24T06:32:51.110+0000] {dag.py:3954} INFO - Setting next_dagrun for example_nested_branch_dag to 2024-05-23 00:00:00+00:00, run_after=2024-05-24 00:00:00+00:00
[2024-05-24T06:32:51.116+0000] {processor.py:183} INFO - Processing /home/airflow/.local/lib/python3.12/site-packages/airflow/example_dags/example_nested_branch_dag.py took 0.030 seconds
[2024-05-24T06:34:34.259+0000] {processor.py:161} INFO - Started process (PID=9763) to work on /home/airflow/.local/lib/python3.12/site-packages/airflow/example_dags/example_nested_branch_dag.py
[2024-05-24T06:34:34.259+0000] {processor.py:830} INFO - Processing file /home/airflow/.local/lib/python3.12/site-packages/airflow/example_dags/example_nested_branch_dag.py for tasks to queue
[2024-05-24T06:34:34.260+0000] {logging_mixin.py:188} INFO - [2024-05-24T06:34:34.260+0000] {dagbag.py:545} INFO - Filling up the DagBag from /home/airflow/.local/lib/python3.12/site-packages/airflow/example_dags/example_nested_branch_dag.py
[2024-05-24T06:34:34.264+0000] {processor.py:840} INFO - DAG(s) 'example_nested_branch_dag' retrieved from /home/airflow/.local/lib/python3.12/site-packages/airflow/example_dags/example_nested_branch_dag.py
[2024-05-24T06:34:34.273+0000] {logging_mixin.py:188} INFO - [2024-05-24T06:34:34.273+0000] {dag.py:3096} INFO - Sync 1 DAGs
[2024-05-24T06:34:34.282+0000] {logging_mixin.py:188} INFO - [2024-05-24T06:34:34.282+0000] {dag.py:3954} INFO - Setting next_dagrun for example_nested_branch_dag to 2024-05-23 00:00:00+00:00, run_after=2024-05-24 00:00:00+00:00
[2024-05-24T06:34:34.289+0000] {processor.py:183} INFO - Processing /home/airflow/.local/lib/python3.12/site-packages/airflow/example_dags/example_nested_branch_dag.py took 0.032 seconds
[2024-05-24T06:35:04.778+0000] {processor.py:161} INFO - Started process (PID=10023) to work on /home/airflow/.local/lib/python3.12/site-packages/airflow/example_dags/example_nested_branch_dag.py
[2024-05-24T06:35:04.779+0000] {processor.py:830} INFO - Processing file /home/airflow/.local/lib/python3.12/site-packages/airflow/example_dags/example_nested_branch_dag.py for tasks to queue
[2024-05-24T06:35:04.779+0000] {logging_mixin.py:188} INFO - [2024-05-24T06:35:04.779+0000] {dagbag.py:545} INFO - Filling up the DagBag from /home/airflow/.local/lib/python3.12/site-packages/airflow/example_dags/example_nested_branch_dag.py
[2024-05-24T06:35:04.783+0000] {processor.py:840} INFO - DAG(s) 'example_nested_branch_dag' retrieved from /home/airflow/.local/lib/python3.12/site-packages/airflow/example_dags/example_nested_branch_dag.py
[2024-05-24T06:35:04.791+0000] {logging_mixin.py:188} INFO - [2024-05-24T06:35:04.791+0000] {dag.py:3096} INFO - Sync 1 DAGs
[2024-05-24T06:35:04.799+0000] {logging_mixin.py:188} INFO - [2024-05-24T06:35:04.799+0000] {dag.py:3954} INFO - Setting next_dagrun for example_nested_branch_dag to 2024-05-23 00:00:00+00:00, run_after=2024-05-24 00:00:00+00:00
[2024-05-24T06:35:04.805+0000] {processor.py:183} INFO - Processing /home/airflow/.local/lib/python3.12/site-packages/airflow/example_dags/example_nested_branch_dag.py took 0.029 seconds
[2024-05-24T06:50:34.525+0000] {processor.py:161} INFO - Started process (PID=10285) to work on /home/airflow/.local/lib/python3.12/site-packages/airflow/example_dags/example_nested_branch_dag.py
[2024-05-24T06:50:34.525+0000] {processor.py:830} INFO - Processing file /home/airflow/.local/lib/python3.12/site-packages/airflow/example_dags/example_nested_branch_dag.py for tasks to queue
[2024-05-24T06:50:34.526+0000] {logging_mixin.py:188} INFO - [2024-05-24T06:50:34.526+0000] {dagbag.py:545} INFO - Filling up the DagBag from /home/airflow/.local/lib/python3.12/site-packages/airflow/example_dags/example_nested_branch_dag.py
[2024-05-24T06:50:34.530+0000] {processor.py:840} INFO - DAG(s) 'example_nested_branch_dag' retrieved from /home/airflow/.local/lib/python3.12/site-packages/airflow/example_dags/example_nested_branch_dag.py
[2024-05-24T06:50:34.538+0000] {logging_mixin.py:188} INFO - [2024-05-24T06:50:34.538+0000] {dag.py:3096} INFO - Sync 1 DAGs
[2024-05-24T06:50:34.546+0000] {logging_mixin.py:188} INFO - [2024-05-24T06:50:34.546+0000] {dag.py:3954} INFO - Setting next_dagrun for example_nested_branch_dag to 2024-05-23 00:00:00+00:00, run_after=2024-05-24 00:00:00+00:00
[2024-05-24T06:50:34.552+0000] {processor.py:183} INFO - Processing /home/airflow/.local/lib/python3.12/site-packages/airflow/example_dags/example_nested_branch_dag.py took 0.030 seconds
[2024-05-24T07:06:11.129+0000] {processor.py:161} INFO - Started process (PID=10547) to work on /home/airflow/.local/lib/python3.12/site-packages/airflow/example_dags/example_nested_branch_dag.py
[2024-05-24T07:06:11.130+0000] {processor.py:830} INFO - Processing file /home/airflow/.local/lib/python3.12/site-packages/airflow/example_dags/example_nested_branch_dag.py for tasks to queue
[2024-05-24T07:06:11.130+0000] {logging_mixin.py:188} INFO - [2024-05-24T07:06:11.130+0000] {dagbag.py:545} INFO - Filling up the DagBag from /home/airflow/.local/lib/python3.12/site-packages/airflow/example_dags/example_nested_branch_dag.py
[2024-05-24T07:06:11.134+0000] {processor.py:840} INFO - DAG(s) 'example_nested_branch_dag' retrieved from /home/airflow/.local/lib/python3.12/site-packages/airflow/example_dags/example_nested_branch_dag.py
[2024-05-24T07:06:11.142+0000] {logging_mixin.py:188} INFO - [2024-05-24T07:06:11.142+0000] {dag.py:3096} INFO - Sync 1 DAGs
[2024-05-24T07:06:11.150+0000] {logging_mixin.py:188} INFO - [2024-05-24T07:06:11.150+0000] {dag.py:3954} INFO - Setting next_dagrun for example_nested_branch_dag to 2024-05-23 00:00:00+00:00, run_after=2024-05-24 00:00:00+00:00
[2024-05-24T07:06:11.156+0000] {processor.py:183} INFO - Processing /home/airflow/.local/lib/python3.12/site-packages/airflow/example_dags/example_nested_branch_dag.py took 0.029 seconds
[2024-05-24T07:30:09.385+0000] {processor.py:161} INFO - Started process (PID=10809) to work on /home/airflow/.local/lib/python3.12/site-packages/airflow/example_dags/example_nested_branch_dag.py
[2024-05-24T07:30:09.385+0000] {processor.py:830} INFO - Processing file /home/airflow/.local/lib/python3.12/site-packages/airflow/example_dags/example_nested_branch_dag.py for tasks to queue
[2024-05-24T07:30:09.386+0000] {logging_mixin.py:188} INFO - [2024-05-24T07:30:09.386+0000] {dagbag.py:545} INFO - Filling up the DagBag from /home/airflow/.local/lib/python3.12/site-packages/airflow/example_dags/example_nested_branch_dag.py
[2024-05-24T07:30:09.390+0000] {processor.py:840} INFO - DAG(s) 'example_nested_branch_dag' retrieved from /home/airflow/.local/lib/python3.12/site-packages/airflow/example_dags/example_nested_branch_dag.py
[2024-05-24T07:30:09.398+0000] {logging_mixin.py:188} INFO - [2024-05-24T07:30:09.398+0000] {dag.py:3096} INFO - Sync 1 DAGs
[2024-05-24T07:30:09.407+0000] {logging_mixin.py:188} INFO - [2024-05-24T07:30:09.407+0000] {dag.py:3954} INFO - Setting next_dagrun for example_nested_branch_dag to 2024-05-23 00:00:00+00:00, run_after=2024-05-24 00:00:00+00:00
[2024-05-24T07:30:09.413+0000] {processor.py:183} INFO - Processing /home/airflow/.local/lib/python3.12/site-packages/airflow/example_dags/example_nested_branch_dag.py took 0.031 seconds
[2024-05-24T07:30:40.595+0000] {processor.py:161} INFO - Started process (PID=11073) to work on /home/airflow/.local/lib/python3.12/site-packages/airflow/example_dags/example_nested_branch_dag.py
[2024-05-24T07:30:40.595+0000] {processor.py:830} INFO - Processing file /home/airflow/.local/lib/python3.12/site-packages/airflow/example_dags/example_nested_branch_dag.py for tasks to queue
[2024-05-24T07:30:40.596+0000] {logging_mixin.py:188} INFO - [2024-05-24T07:30:40.596+0000] {dagbag.py:545} INFO - Filling up the DagBag from /home/airflow/.local/lib/python3.12/site-packages/airflow/example_dags/example_nested_branch_dag.py
[2024-05-24T07:30:40.662+0000] {processor.py:840} INFO - DAG(s) 'example_nested_branch_dag' retrieved from /home/airflow/.local/lib/python3.12/site-packages/airflow/example_dags/example_nested_branch_dag.py
[2024-05-24T07:30:40.669+0000] {logging_mixin.py:188} INFO - [2024-05-24T07:30:40.669+0000] {dag.py:3096} INFO - Sync 1 DAGs
[2024-05-24T07:30:40.675+0000] {logging_mixin.py:188} INFO - [2024-05-24T07:30:40.675+0000] {dag.py:3954} INFO - Setting next_dagrun for example_nested_branch_dag to 2024-05-23 00:00:00+00:00, run_after=2024-05-24 00:00:00+00:00
[2024-05-24T07:30:40.681+0000] {processor.py:183} INFO - Processing /home/airflow/.local/lib/python3.12/site-packages/airflow/example_dags/example_nested_branch_dag.py took 0.088 seconds
[2024-05-24T07:31:11.480+0000] {processor.py:161} INFO - Started process (PID=11333) to work on /home/airflow/.local/lib/python3.12/site-packages/airflow/example_dags/example_nested_branch_dag.py
[2024-05-24T07:31:11.480+0000] {processor.py:830} INFO - Processing file /home/airflow/.local/lib/python3.12/site-packages/airflow/example_dags/example_nested_branch_dag.py for tasks to queue
[2024-05-24T07:31:11.481+0000] {logging_mixin.py:188} INFO - [2024-05-24T07:31:11.481+0000] {dagbag.py:545} INFO - Filling up the DagBag from /home/airflow/.local/lib/python3.12/site-packages/airflow/example_dags/example_nested_branch_dag.py
[2024-05-24T07:31:11.484+0000] {processor.py:840} INFO - DAG(s) 'example_nested_branch_dag' retrieved from /home/airflow/.local/lib/python3.12/site-packages/airflow/example_dags/example_nested_branch_dag.py
[2024-05-24T07:31:11.492+0000] {logging_mixin.py:188} INFO - [2024-05-24T07:31:11.492+0000] {dag.py:3096} INFO - Sync 1 DAGs
[2024-05-24T07:31:11.500+0000] {logging_mixin.py:188} INFO - [2024-05-24T07:31:11.500+0000] {dag.py:3954} INFO - Setting next_dagrun for example_nested_branch_dag to 2024-05-23 00:00:00+00:00, run_after=2024-05-24 00:00:00+00:00
[2024-05-24T07:31:11.506+0000] {processor.py:183} INFO - Processing /home/airflow/.local/lib/python3.12/site-packages/airflow/example_dags/example_nested_branch_dag.py took 0.028 seconds
[2024-05-24T07:31:41.877+0000] {processor.py:161} INFO - Started process (PID=11595) to work on /home/airflow/.local/lib/python3.12/site-packages/airflow/example_dags/example_nested_branch_dag.py
[2024-05-24T07:31:41.878+0000] {processor.py:830} INFO - Processing file /home/airflow/.local/lib/python3.12/site-packages/airflow/example_dags/example_nested_branch_dag.py for tasks to queue
[2024-05-24T07:31:41.878+0000] {logging_mixin.py:188} INFO - [2024-05-24T07:31:41.878+0000] {dagbag.py:545} INFO - Filling up the DagBag from /home/airflow/.local/lib/python3.12/site-packages/airflow/example_dags/example_nested_branch_dag.py
[2024-05-24T07:31:41.882+0000] {processor.py:840} INFO - DAG(s) 'example_nested_branch_dag' retrieved from /home/airflow/.local/lib/python3.12/site-packages/airflow/example_dags/example_nested_branch_dag.py
[2024-05-24T07:31:41.890+0000] {logging_mixin.py:188} INFO - [2024-05-24T07:31:41.890+0000] {dag.py:3096} INFO - Sync 1 DAGs
[2024-05-24T07:31:41.898+0000] {logging_mixin.py:188} INFO - [2024-05-24T07:31:41.898+0000] {dag.py:3954} INFO - Setting next_dagrun for example_nested_branch_dag to 2024-05-23 00:00:00+00:00, run_after=2024-05-24 00:00:00+00:00
[2024-05-24T07:31:41.904+0000] {processor.py:183} INFO - Processing /home/airflow/.local/lib/python3.12/site-packages/airflow/example_dags/example_nested_branch_dag.py took 0.029 seconds
[2024-05-24T07:32:12.241+0000] {processor.py:161} INFO - Started process (PID=11857) to work on /home/airflow/.local/lib/python3.12/site-packages/airflow/example_dags/example_nested_branch_dag.py
[2024-05-24T07:32:12.242+0000] {processor.py:830} INFO - Processing file /home/airflow/.local/lib/python3.12/site-packages/airflow/example_dags/example_nested_branch_dag.py for tasks to queue
[2024-05-24T07:32:12.242+0000] {logging_mixin.py:188} INFO - [2024-05-24T07:32:12.242+0000] {dagbag.py:545} INFO - Filling up the DagBag from /home/airflow/.local/lib/python3.12/site-packages/airflow/example_dags/example_nested_branch_dag.py
[2024-05-24T07:32:12.246+0000] {processor.py:840} INFO - DAG(s) 'example_nested_branch_dag' retrieved from /home/airflow/.local/lib/python3.12/site-packages/airflow/example_dags/example_nested_branch_dag.py
[2024-05-24T07:32:12.254+0000] {logging_mixin.py:188} INFO - [2024-05-24T07:32:12.254+0000] {dag.py:3096} INFO - Sync 1 DAGs
[2024-05-24T07:32:12.262+0000] {logging_mixin.py:188} INFO - [2024-05-24T07:32:12.261+0000] {dag.py:3954} INFO - Setting next_dagrun for example_nested_branch_dag to 2024-05-23 00:00:00+00:00, run_after=2024-05-24 00:00:00+00:00
[2024-05-24T07:32:12.268+0000] {processor.py:183} INFO - Processing /home/airflow/.local/lib/python3.12/site-packages/airflow/example_dags/example_nested_branch_dag.py took 0.029 seconds
[2024-05-24T07:32:59.040+0000] {processor.py:161} INFO - Started process (PID=12119) to work on /home/airflow/.local/lib/python3.12/site-packages/airflow/example_dags/example_nested_branch_dag.py
[2024-05-24T07:32:59.040+0000] {processor.py:830} INFO - Processing file /home/airflow/.local/lib/python3.12/site-packages/airflow/example_dags/example_nested_branch_dag.py for tasks to queue
[2024-05-24T07:32:59.041+0000] {logging_mixin.py:188} INFO - [2024-05-24T07:32:59.041+0000] {dagbag.py:545} INFO - Filling up the DagBag from /home/airflow/.local/lib/python3.12/site-packages/airflow/example_dags/example_nested_branch_dag.py
[2024-05-24T07:32:59.045+0000] {processor.py:840} INFO - DAG(s) 'example_nested_branch_dag' retrieved from /home/airflow/.local/lib/python3.12/site-packages/airflow/example_dags/example_nested_branch_dag.py
[2024-05-24T07:32:59.053+0000] {logging_mixin.py:188} INFO - [2024-05-24T07:32:59.053+0000] {dag.py:3096} INFO - Sync 1 DAGs
[2024-05-24T07:32:59.062+0000] {logging_mixin.py:188} INFO - [2024-05-24T07:32:59.062+0000] {dag.py:3954} INFO - Setting next_dagrun for example_nested_branch_dag to 2024-05-23 00:00:00+00:00, run_after=2024-05-24 00:00:00+00:00
[2024-05-24T07:32:59.068+0000] {processor.py:183} INFO - Processing /home/airflow/.local/lib/python3.12/site-packages/airflow/example_dags/example_nested_branch_dag.py took 0.031 seconds
[2024-05-24T07:33:29.409+0000] {processor.py:161} INFO - Started process (PID=12381) to work on /home/airflow/.local/lib/python3.12/site-packages/airflow/example_dags/example_nested_branch_dag.py
[2024-05-24T07:33:29.410+0000] {processor.py:830} INFO - Processing file /home/airflow/.local/lib/python3.12/site-packages/airflow/example_dags/example_nested_branch_dag.py for tasks to queue
[2024-05-24T07:33:29.410+0000] {logging_mixin.py:188} INFO - [2024-05-24T07:33:29.410+0000] {dagbag.py:545} INFO - Filling up the DagBag from /home/airflow/.local/lib/python3.12/site-packages/airflow/example_dags/example_nested_branch_dag.py
[2024-05-24T07:33:29.415+0000] {processor.py:840} INFO - DAG(s) 'example_nested_branch_dag' retrieved from /home/airflow/.local/lib/python3.12/site-packages/airflow/example_dags/example_nested_branch_dag.py
[2024-05-24T07:33:29.423+0000] {logging_mixin.py:188} INFO - [2024-05-24T07:33:29.423+0000] {dag.py:3096} INFO - Sync 1 DAGs
[2024-05-24T07:33:29.432+0000] {logging_mixin.py:188} INFO - [2024-05-24T07:33:29.432+0000] {dag.py:3954} INFO - Setting next_dagrun for example_nested_branch_dag to 2024-05-23 00:00:00+00:00, run_after=2024-05-24 00:00:00+00:00
[2024-05-24T07:33:29.439+0000] {processor.py:183} INFO - Processing /home/airflow/.local/lib/python3.12/site-packages/airflow/example_dags/example_nested_branch_dag.py took 0.032 seconds
[2024-05-24T07:33:59.734+0000] {processor.py:161} INFO - Started process (PID=12643) to work on /home/airflow/.local/lib/python3.12/site-packages/airflow/example_dags/example_nested_branch_dag.py
[2024-05-24T07:33:59.734+0000] {processor.py:830} INFO - Processing file /home/airflow/.local/lib/python3.12/site-packages/airflow/example_dags/example_nested_branch_dag.py for tasks to queue
[2024-05-24T07:33:59.735+0000] {logging_mixin.py:188} INFO - [2024-05-24T07:33:59.735+0000] {dagbag.py:545} INFO - Filling up the DagBag from /home/airflow/.local/lib/python3.12/site-packages/airflow/example_dags/example_nested_branch_dag.py
[2024-05-24T07:33:59.739+0000] {processor.py:840} INFO - DAG(s) 'example_nested_branch_dag' retrieved from /home/airflow/.local/lib/python3.12/site-packages/airflow/example_dags/example_nested_branch_dag.py
[2024-05-24T07:33:59.748+0000] {logging_mixin.py:188} INFO - [2024-05-24T07:33:59.748+0000] {dag.py:3096} INFO - Sync 1 DAGs
[2024-05-24T07:33:59.756+0000] {logging_mixin.py:188} INFO - [2024-05-24T07:33:59.756+0000] {dag.py:3954} INFO - Setting next_dagrun for example_nested_branch_dag to 2024-05-23 00:00:00+00:00, run_after=2024-05-24 00:00:00+00:00
[2024-05-24T07:33:59.764+0000] {processor.py:183} INFO - Processing /home/airflow/.local/lib/python3.12/site-packages/airflow/example_dags/example_nested_branch_dag.py took 0.032 seconds
[2024-05-24T07:34:30.206+0000] {processor.py:161} INFO - Started process (PID=12906) to work on /home/airflow/.local/lib/python3.12/site-packages/airflow/example_dags/example_nested_branch_dag.py
[2024-05-24T07:34:30.207+0000] {processor.py:830} INFO - Processing file /home/airflow/.local/lib/python3.12/site-packages/airflow/example_dags/example_nested_branch_dag.py for tasks to queue
[2024-05-24T07:34:30.207+0000] {logging_mixin.py:188} INFO - [2024-05-24T07:34:30.207+0000] {dagbag.py:545} INFO - Filling up the DagBag from /home/airflow/.local/lib/python3.12/site-packages/airflow/example_dags/example_nested_branch_dag.py
[2024-05-24T07:34:30.212+0000] {processor.py:840} INFO - DAG(s) 'example_nested_branch_dag' retrieved from /home/airflow/.local/lib/python3.12/site-packages/airflow/example_dags/example_nested_branch_dag.py
[2024-05-24T07:34:30.220+0000] {logging_mixin.py:188} INFO - [2024-05-24T07:34:30.220+0000] {dag.py:3096} INFO - Sync 1 DAGs
[2024-05-24T07:34:30.228+0000] {logging_mixin.py:188} INFO - [2024-05-24T07:34:30.228+0000] {dag.py:3954} INFO - Setting next_dagrun for example_nested_branch_dag to 2024-05-23 00:00:00+00:00, run_after=2024-05-24 00:00:00+00:00
[2024-05-24T07:34:30.234+0000] {processor.py:183} INFO - Processing /home/airflow/.local/lib/python3.12/site-packages/airflow/example_dags/example_nested_branch_dag.py took 0.030 seconds
[2024-05-24T07:35:00.661+0000] {processor.py:161} INFO - Started process (PID=13166) to work on /home/airflow/.local/lib/python3.12/site-packages/airflow/example_dags/example_nested_branch_dag.py
[2024-05-24T07:35:00.662+0000] {processor.py:830} INFO - Processing file /home/airflow/.local/lib/python3.12/site-packages/airflow/example_dags/example_nested_branch_dag.py for tasks to queue
[2024-05-24T07:35:00.662+0000] {logging_mixin.py:188} INFO - [2024-05-24T07:35:00.662+0000] {dagbag.py:545} INFO - Filling up the DagBag from /home/airflow/.local/lib/python3.12/site-packages/airflow/example_dags/example_nested_branch_dag.py
[2024-05-24T07:35:00.666+0000] {processor.py:840} INFO - DAG(s) 'example_nested_branch_dag' retrieved from /home/airflow/.local/lib/python3.12/site-packages/airflow/example_dags/example_nested_branch_dag.py
[2024-05-24T07:35:00.675+0000] {logging_mixin.py:188} INFO - [2024-05-24T07:35:00.675+0000] {dag.py:3096} INFO - Sync 1 DAGs
[2024-05-24T07:35:00.683+0000] {logging_mixin.py:188} INFO - [2024-05-24T07:35:00.683+0000] {dag.py:3954} INFO - Setting next_dagrun for example_nested_branch_dag to 2024-05-23 00:00:00+00:00, run_after=2024-05-24 00:00:00+00:00
[2024-05-24T07:35:00.690+0000] {processor.py:183} INFO - Processing /home/airflow/.local/lib/python3.12/site-packages/airflow/example_dags/example_nested_branch_dag.py took 0.031 seconds
[2024-05-24T07:35:31.023+0000] {processor.py:161} INFO - Started process (PID=13428) to work on /home/airflow/.local/lib/python3.12/site-packages/airflow/example_dags/example_nested_branch_dag.py
[2024-05-24T07:35:31.023+0000] {processor.py:830} INFO - Processing file /home/airflow/.local/lib/python3.12/site-packages/airflow/example_dags/example_nested_branch_dag.py for tasks to queue
[2024-05-24T07:35:31.024+0000] {logging_mixin.py:188} INFO - [2024-05-24T07:35:31.024+0000] {dagbag.py:545} INFO - Filling up the DagBag from /home/airflow/.local/lib/python3.12/site-packages/airflow/example_dags/example_nested_branch_dag.py
[2024-05-24T07:35:31.028+0000] {processor.py:840} INFO - DAG(s) 'example_nested_branch_dag' retrieved from /home/airflow/.local/lib/python3.12/site-packages/airflow/example_dags/example_nested_branch_dag.py
[2024-05-24T07:35:31.037+0000] {logging_mixin.py:188} INFO - [2024-05-24T07:35:31.036+0000] {dag.py:3096} INFO - Sync 1 DAGs
[2024-05-24T07:35:31.045+0000] {logging_mixin.py:188} INFO - [2024-05-24T07:35:31.045+0000] {dag.py:3954} INFO - Setting next_dagrun for example_nested_branch_dag to 2024-05-23 00:00:00+00:00, run_after=2024-05-24 00:00:00+00:00
[2024-05-24T07:35:31.051+0000] {processor.py:183} INFO - Processing /home/airflow/.local/lib/python3.12/site-packages/airflow/example_dags/example_nested_branch_dag.py took 0.031 seconds
[2024-05-24T07:36:01.368+0000] {processor.py:161} INFO - Started process (PID=13690) to work on /home/airflow/.local/lib/python3.12/site-packages/airflow/example_dags/example_nested_branch_dag.py
[2024-05-24T07:36:01.368+0000] {processor.py:830} INFO - Processing file /home/airflow/.local/lib/python3.12/site-packages/airflow/example_dags/example_nested_branch_dag.py for tasks to queue
[2024-05-24T07:36:01.369+0000] {logging_mixin.py:188} INFO - [2024-05-24T07:36:01.369+0000] {dagbag.py:545} INFO - Filling up the DagBag from /home/airflow/.local/lib/python3.12/site-packages/airflow/example_dags/example_nested_branch_dag.py
[2024-05-24T07:36:01.373+0000] {processor.py:840} INFO - DAG(s) 'example_nested_branch_dag' retrieved from /home/airflow/.local/lib/python3.12/site-packages/airflow/example_dags/example_nested_branch_dag.py
[2024-05-24T07:36:01.381+0000] {logging_mixin.py:188} INFO - [2024-05-24T07:36:01.381+0000] {dag.py:3096} INFO - Sync 1 DAGs
[2024-05-24T07:36:01.390+0000] {logging_mixin.py:188} INFO - [2024-05-24T07:36:01.390+0000] {dag.py:3954} INFO - Setting next_dagrun for example_nested_branch_dag to 2024-05-23 00:00:00+00:00, run_after=2024-05-24 00:00:00+00:00
[2024-05-24T07:36:01.396+0000] {processor.py:183} INFO - Processing /home/airflow/.local/lib/python3.12/site-packages/airflow/example_dags/example_nested_branch_dag.py took 0.031 seconds
[2024-05-24T07:36:31.853+0000] {processor.py:161} INFO - Started process (PID=13952) to work on /home/airflow/.local/lib/python3.12/site-packages/airflow/example_dags/example_nested_branch_dag.py
[2024-05-24T07:36:31.854+0000] {processor.py:830} INFO - Processing file /home/airflow/.local/lib/python3.12/site-packages/airflow/example_dags/example_nested_branch_dag.py for tasks to queue
[2024-05-24T07:36:31.854+0000] {logging_mixin.py:188} INFO - [2024-05-24T07:36:31.854+0000] {dagbag.py:545} INFO - Filling up the DagBag from /home/airflow/.local/lib/python3.12/site-packages/airflow/example_dags/example_nested_branch_dag.py
[2024-05-24T07:36:31.858+0000] {processor.py:840} INFO - DAG(s) 'example_nested_branch_dag' retrieved from /home/airflow/.local/lib/python3.12/site-packages/airflow/example_dags/example_nested_branch_dag.py
[2024-05-24T07:36:31.867+0000] {logging_mixin.py:188} INFO - [2024-05-24T07:36:31.867+0000] {dag.py:3096} INFO - Sync 1 DAGs
[2024-05-24T07:36:31.875+0000] {logging_mixin.py:188} INFO - [2024-05-24T07:36:31.875+0000] {dag.py:3954} INFO - Setting next_dagrun for example_nested_branch_dag to 2024-05-23 00:00:00+00:00, run_after=2024-05-24 00:00:00+00:00
[2024-05-24T07:36:31.882+0000] {processor.py:183} INFO - Processing /home/airflow/.local/lib/python3.12/site-packages/airflow/example_dags/example_nested_branch_dag.py took 0.031 seconds
[2024-05-24T07:37:02.209+0000] {processor.py:161} INFO - Started process (PID=14214) to work on /home/airflow/.local/lib/python3.12/site-packages/airflow/example_dags/example_nested_branch_dag.py
[2024-05-24T07:37:02.209+0000] {processor.py:830} INFO - Processing file /home/airflow/.local/lib/python3.12/site-packages/airflow/example_dags/example_nested_branch_dag.py for tasks to queue
[2024-05-24T07:37:02.210+0000] {logging_mixin.py:188} INFO - [2024-05-24T07:37:02.210+0000] {dagbag.py:545} INFO - Filling up the DagBag from /home/airflow/.local/lib/python3.12/site-packages/airflow/example_dags/example_nested_branch_dag.py
[2024-05-24T07:37:02.214+0000] {processor.py:840} INFO - DAG(s) 'example_nested_branch_dag' retrieved from /home/airflow/.local/lib/python3.12/site-packages/airflow/example_dags/example_nested_branch_dag.py
[2024-05-24T07:37:02.223+0000] {logging_mixin.py:188} INFO - [2024-05-24T07:37:02.222+0000] {dag.py:3096} INFO - Sync 1 DAGs
[2024-05-24T07:37:02.231+0000] {logging_mixin.py:188} INFO - [2024-05-24T07:37:02.231+0000] {dag.py:3954} INFO - Setting next_dagrun for example_nested_branch_dag to 2024-05-23 00:00:00+00:00, run_after=2024-05-24 00:00:00+00:00
[2024-05-24T07:37:02.238+0000] {processor.py:183} INFO - Processing /home/airflow/.local/lib/python3.12/site-packages/airflow/example_dags/example_nested_branch_dag.py took 0.031 seconds
[2024-05-24T07:37:32.657+0000] {processor.py:161} INFO - Started process (PID=14476) to work on /home/airflow/.local/lib/python3.12/site-packages/airflow/example_dags/example_nested_branch_dag.py
[2024-05-24T07:37:32.658+0000] {processor.py:830} INFO - Processing file /home/airflow/.local/lib/python3.12/site-packages/airflow/example_dags/example_nested_branch_dag.py for tasks to queue
[2024-05-24T07:37:32.659+0000] {logging_mixin.py:188} INFO - [2024-05-24T07:37:32.658+0000] {dagbag.py:545} INFO - Filling up the DagBag from /home/airflow/.local/lib/python3.12/site-packages/airflow/example_dags/example_nested_branch_dag.py
[2024-05-24T07:37:32.663+0000] {processor.py:840} INFO - DAG(s) 'example_nested_branch_dag' retrieved from /home/airflow/.local/lib/python3.12/site-packages/airflow/example_dags/example_nested_branch_dag.py
[2024-05-24T07:37:32.671+0000] {logging_mixin.py:188} INFO - [2024-05-24T07:37:32.671+0000] {dag.py:3096} INFO - Sync 1 DAGs
[2024-05-24T07:37:32.679+0000] {logging_mixin.py:188} INFO - [2024-05-24T07:37:32.679+0000] {dag.py:3954} INFO - Setting next_dagrun for example_nested_branch_dag to 2024-05-23 00:00:00+00:00, run_after=2024-05-24 00:00:00+00:00
[2024-05-24T07:37:32.685+0000] {processor.py:183} INFO - Processing /home/airflow/.local/lib/python3.12/site-packages/airflow/example_dags/example_nested_branch_dag.py took 0.030 seconds
[2024-05-24T07:38:03.098+0000] {processor.py:161} INFO - Started process (PID=14738) to work on /home/airflow/.local/lib/python3.12/site-packages/airflow/example_dags/example_nested_branch_dag.py
[2024-05-24T07:38:03.099+0000] {processor.py:830} INFO - Processing file /home/airflow/.local/lib/python3.12/site-packages/airflow/example_dags/example_nested_branch_dag.py for tasks to queue
[2024-05-24T07:38:03.100+0000] {logging_mixin.py:188} INFO - [2024-05-24T07:38:03.099+0000] {dagbag.py:545} INFO - Filling up the DagBag from /home/airflow/.local/lib/python3.12/site-packages/airflow/example_dags/example_nested_branch_dag.py
[2024-05-24T07:38:03.104+0000] {processor.py:840} INFO - DAG(s) 'example_nested_branch_dag' retrieved from /home/airflow/.local/lib/python3.12/site-packages/airflow/example_dags/example_nested_branch_dag.py
[2024-05-24T07:38:03.112+0000] {logging_mixin.py:188} INFO - [2024-05-24T07:38:03.112+0000] {dag.py:3096} INFO - Sync 1 DAGs
[2024-05-24T07:38:03.121+0000] {logging_mixin.py:188} INFO - [2024-05-24T07:38:03.121+0000] {dag.py:3954} INFO - Setting next_dagrun for example_nested_branch_dag to 2024-05-23 00:00:00+00:00, run_after=2024-05-24 00:00:00+00:00
[2024-05-24T07:38:03.128+0000] {processor.py:183} INFO - Processing /home/airflow/.local/lib/python3.12/site-packages/airflow/example_dags/example_nested_branch_dag.py took 0.032 seconds
[2024-05-24T07:38:33.437+0000] {processor.py:161} INFO - Started process (PID=15000) to work on /home/airflow/.local/lib/python3.12/site-packages/airflow/example_dags/example_nested_branch_dag.py
[2024-05-24T07:38:33.437+0000] {processor.py:830} INFO - Processing file /home/airflow/.local/lib/python3.12/site-packages/airflow/example_dags/example_nested_branch_dag.py for tasks to queue
[2024-05-24T07:38:33.438+0000] {logging_mixin.py:188} INFO - [2024-05-24T07:38:33.438+0000] {dagbag.py:545} INFO - Filling up the DagBag from /home/airflow/.local/lib/python3.12/site-packages/airflow/example_dags/example_nested_branch_dag.py
[2024-05-24T07:38:33.442+0000] {processor.py:840} INFO - DAG(s) 'example_nested_branch_dag' retrieved from /home/airflow/.local/lib/python3.12/site-packages/airflow/example_dags/example_nested_branch_dag.py
[2024-05-24T07:38:33.450+0000] {logging_mixin.py:188} INFO - [2024-05-24T07:38:33.450+0000] {dag.py:3096} INFO - Sync 1 DAGs
[2024-05-24T07:38:33.459+0000] {logging_mixin.py:188} INFO - [2024-05-24T07:38:33.459+0000] {dag.py:3954} INFO - Setting next_dagrun for example_nested_branch_dag to 2024-05-23 00:00:00+00:00, run_after=2024-05-24 00:00:00+00:00
[2024-05-24T07:38:33.466+0000] {processor.py:183} INFO - Processing /home/airflow/.local/lib/python3.12/site-packages/airflow/example_dags/example_nested_branch_dag.py took 0.031 seconds
[2024-05-24T07:39:03.766+0000] {processor.py:161} INFO - Started process (PID=15262) to work on /home/airflow/.local/lib/python3.12/site-packages/airflow/example_dags/example_nested_branch_dag.py
[2024-05-24T07:39:03.767+0000] {processor.py:830} INFO - Processing file /home/airflow/.local/lib/python3.12/site-packages/airflow/example_dags/example_nested_branch_dag.py for tasks to queue
[2024-05-24T07:39:03.767+0000] {logging_mixin.py:188} INFO - [2024-05-24T07:39:03.767+0000] {dagbag.py:545} INFO - Filling up the DagBag from /home/airflow/.local/lib/python3.12/site-packages/airflow/example_dags/example_nested_branch_dag.py
[2024-05-24T07:39:03.771+0000] {processor.py:840} INFO - DAG(s) 'example_nested_branch_dag' retrieved from /home/airflow/.local/lib/python3.12/site-packages/airflow/example_dags/example_nested_branch_dag.py
[2024-05-24T07:39:03.780+0000] {logging_mixin.py:188} INFO - [2024-05-24T07:39:03.780+0000] {dag.py:3096} INFO - Sync 1 DAGs
[2024-05-24T07:39:03.788+0000] {logging_mixin.py:188} INFO - [2024-05-24T07:39:03.788+0000] {dag.py:3954} INFO - Setting next_dagrun for example_nested_branch_dag to 2024-05-23 00:00:00+00:00, run_after=2024-05-24 00:00:00+00:00
[2024-05-24T07:39:03.795+0000] {processor.py:183} INFO - Processing /home/airflow/.local/lib/python3.12/site-packages/airflow/example_dags/example_nested_branch_dag.py took 0.031 seconds
[2024-05-24T07:39:34.117+0000] {processor.py:161} INFO - Started process (PID=15523) to work on /home/airflow/.local/lib/python3.12/site-packages/airflow/example_dags/example_nested_branch_dag.py
[2024-05-24T07:39:34.118+0000] {processor.py:830} INFO - Processing file /home/airflow/.local/lib/python3.12/site-packages/airflow/example_dags/example_nested_branch_dag.py for tasks to queue
[2024-05-24T07:39:34.118+0000] {logging_mixin.py:188} INFO - [2024-05-24T07:39:34.118+0000] {dagbag.py:545} INFO - Filling up the DagBag from /home/airflow/.local/lib/python3.12/site-packages/airflow/example_dags/example_nested_branch_dag.py
[2024-05-24T07:39:34.123+0000] {processor.py:840} INFO - DAG(s) 'example_nested_branch_dag' retrieved from /home/airflow/.local/lib/python3.12/site-packages/airflow/example_dags/example_nested_branch_dag.py
[2024-05-24T07:39:34.131+0000] {logging_mixin.py:188} INFO - [2024-05-24T07:39:34.131+0000] {dag.py:3096} INFO - Sync 1 DAGs
[2024-05-24T07:39:34.140+0000] {logging_mixin.py:188} INFO - [2024-05-24T07:39:34.140+0000] {dag.py:3954} INFO - Setting next_dagrun for example_nested_branch_dag to 2024-05-23 00:00:00+00:00, run_after=2024-05-24 00:00:00+00:00
[2024-05-24T07:39:34.146+0000] {processor.py:183} INFO - Processing /home/airflow/.local/lib/python3.12/site-packages/airflow/example_dags/example_nested_branch_dag.py took 0.031 seconds
[2024-05-24T07:40:04.604+0000] {processor.py:161} INFO - Started process (PID=15785) to work on /home/airflow/.local/lib/python3.12/site-packages/airflow/example_dags/example_nested_branch_dag.py
[2024-05-24T07:40:04.604+0000] {processor.py:830} INFO - Processing file /home/airflow/.local/lib/python3.12/site-packages/airflow/example_dags/example_nested_branch_dag.py for tasks to queue
[2024-05-24T07:40:04.605+0000] {logging_mixin.py:188} INFO - [2024-05-24T07:40:04.605+0000] {dagbag.py:545} INFO - Filling up the DagBag from /home/airflow/.local/lib/python3.12/site-packages/airflow/example_dags/example_nested_branch_dag.py
[2024-05-24T07:40:04.609+0000] {processor.py:840} INFO - DAG(s) 'example_nested_branch_dag' retrieved from /home/airflow/.local/lib/python3.12/site-packages/airflow/example_dags/example_nested_branch_dag.py
[2024-05-24T07:40:04.617+0000] {logging_mixin.py:188} INFO - [2024-05-24T07:40:04.617+0000] {dag.py:3096} INFO - Sync 1 DAGs
[2024-05-24T07:40:04.626+0000] {logging_mixin.py:188} INFO - [2024-05-24T07:40:04.626+0000] {dag.py:3954} INFO - Setting next_dagrun for example_nested_branch_dag to 2024-05-23 00:00:00+00:00, run_after=2024-05-24 00:00:00+00:00
[2024-05-24T07:40:04.633+0000] {processor.py:183} INFO - Processing /home/airflow/.local/lib/python3.12/site-packages/airflow/example_dags/example_nested_branch_dag.py took 0.031 seconds
[2024-05-24T07:40:35.061+0000] {processor.py:161} INFO - Started process (PID=16047) to work on /home/airflow/.local/lib/python3.12/site-packages/airflow/example_dags/example_nested_branch_dag.py
[2024-05-24T07:40:35.062+0000] {processor.py:830} INFO - Processing file /home/airflow/.local/lib/python3.12/site-packages/airflow/example_dags/example_nested_branch_dag.py for tasks to queue
[2024-05-24T07:40:35.063+0000] {logging_mixin.py:188} INFO - [2024-05-24T07:40:35.062+0000] {dagbag.py:545} INFO - Filling up the DagBag from /home/airflow/.local/lib/python3.12/site-packages/airflow/example_dags/example_nested_branch_dag.py
[2024-05-24T07:40:35.067+0000] {processor.py:840} INFO - DAG(s) 'example_nested_branch_dag' retrieved from /home/airflow/.local/lib/python3.12/site-packages/airflow/example_dags/example_nested_branch_dag.py
[2024-05-24T07:40:35.075+0000] {logging_mixin.py:188} INFO - [2024-05-24T07:40:35.075+0000] {dag.py:3096} INFO - Sync 1 DAGs
[2024-05-24T07:40:35.084+0000] {logging_mixin.py:188} INFO - [2024-05-24T07:40:35.084+0000] {dag.py:3954} INFO - Setting next_dagrun for example_nested_branch_dag to 2024-05-23 00:00:00+00:00, run_after=2024-05-24 00:00:00+00:00
[2024-05-24T07:40:35.090+0000] {processor.py:183} INFO - Processing /home/airflow/.local/lib/python3.12/site-packages/airflow/example_dags/example_nested_branch_dag.py took 0.031 seconds
[2024-05-24T07:41:05.425+0000] {processor.py:161} INFO - Started process (PID=16309) to work on /home/airflow/.local/lib/python3.12/site-packages/airflow/example_dags/example_nested_branch_dag.py
[2024-05-24T07:41:05.425+0000] {processor.py:830} INFO - Processing file /home/airflow/.local/lib/python3.12/site-packages/airflow/example_dags/example_nested_branch_dag.py for tasks to queue
[2024-05-24T07:41:05.426+0000] {logging_mixin.py:188} INFO - [2024-05-24T07:41:05.426+0000] {dagbag.py:545} INFO - Filling up the DagBag from /home/airflow/.local/lib/python3.12/site-packages/airflow/example_dags/example_nested_branch_dag.py
[2024-05-24T07:41:05.430+0000] {processor.py:840} INFO - DAG(s) 'example_nested_branch_dag' retrieved from /home/airflow/.local/lib/python3.12/site-packages/airflow/example_dags/example_nested_branch_dag.py
[2024-05-24T07:41:05.438+0000] {logging_mixin.py:188} INFO - [2024-05-24T07:41:05.438+0000] {dag.py:3096} INFO - Sync 1 DAGs
[2024-05-24T07:41:05.447+0000] {logging_mixin.py:188} INFO - [2024-05-24T07:41:05.447+0000] {dag.py:3954} INFO - Setting next_dagrun for example_nested_branch_dag to 2024-05-23 00:00:00+00:00, run_after=2024-05-24 00:00:00+00:00
[2024-05-24T07:41:05.453+0000] {processor.py:183} INFO - Processing /home/airflow/.local/lib/python3.12/site-packages/airflow/example_dags/example_nested_branch_dag.py took 0.031 seconds
[2024-05-24T07:41:35.754+0000] {processor.py:161} INFO - Started process (PID=16571) to work on /home/airflow/.local/lib/python3.12/site-packages/airflow/example_dags/example_nested_branch_dag.py
[2024-05-24T07:41:35.755+0000] {processor.py:830} INFO - Processing file /home/airflow/.local/lib/python3.12/site-packages/airflow/example_dags/example_nested_branch_dag.py for tasks to queue
[2024-05-24T07:41:35.755+0000] {logging_mixin.py:188} INFO - [2024-05-24T07:41:35.755+0000] {dagbag.py:545} INFO - Filling up the DagBag from /home/airflow/.local/lib/python3.12/site-packages/airflow/example_dags/example_nested_branch_dag.py
[2024-05-24T07:41:35.759+0000] {processor.py:840} INFO - DAG(s) 'example_nested_branch_dag' retrieved from /home/airflow/.local/lib/python3.12/site-packages/airflow/example_dags/example_nested_branch_dag.py
[2024-05-24T07:41:35.768+0000] {logging_mixin.py:188} INFO - [2024-05-24T07:41:35.768+0000] {dag.py:3096} INFO - Sync 1 DAGs
[2024-05-24T07:41:35.776+0000] {logging_mixin.py:188} INFO - [2024-05-24T07:41:35.776+0000] {dag.py:3954} INFO - Setting next_dagrun for example_nested_branch_dag to 2024-05-23 00:00:00+00:00, run_after=2024-05-24 00:00:00+00:00
[2024-05-24T07:41:35.782+0000] {processor.py:183} INFO - Processing /home/airflow/.local/lib/python3.12/site-packages/airflow/example_dags/example_nested_branch_dag.py took 0.031 seconds
[2024-05-24T07:42:06.118+0000] {processor.py:161} INFO - Started process (PID=16833) to work on /home/airflow/.local/lib/python3.12/site-packages/airflow/example_dags/example_nested_branch_dag.py
[2024-05-24T07:42:06.119+0000] {processor.py:830} INFO - Processing file /home/airflow/.local/lib/python3.12/site-packages/airflow/example_dags/example_nested_branch_dag.py for tasks to queue
[2024-05-24T07:42:06.119+0000] {logging_mixin.py:188} INFO - [2024-05-24T07:42:06.119+0000] {dagbag.py:545} INFO - Filling up the DagBag from /home/airflow/.local/lib/python3.12/site-packages/airflow/example_dags/example_nested_branch_dag.py
[2024-05-24T07:42:06.123+0000] {processor.py:840} INFO - DAG(s) 'example_nested_branch_dag' retrieved from /home/airflow/.local/lib/python3.12/site-packages/airflow/example_dags/example_nested_branch_dag.py
[2024-05-24T07:42:06.132+0000] {logging_mixin.py:188} INFO - [2024-05-24T07:42:06.132+0000] {dag.py:3096} INFO - Sync 1 DAGs
[2024-05-24T07:42:06.142+0000] {logging_mixin.py:188} INFO - [2024-05-24T07:42:06.142+0000] {dag.py:3954} INFO - Setting next_dagrun for example_nested_branch_dag to 2024-05-23 00:00:00+00:00, run_after=2024-05-24 00:00:00+00:00
[2024-05-24T07:42:06.149+0000] {processor.py:183} INFO - Processing /home/airflow/.local/lib/python3.12/site-packages/airflow/example_dags/example_nested_branch_dag.py took 0.033 seconds
[2024-05-24T07:42:36.575+0000] {processor.py:161} INFO - Started process (PID=17097) to work on /home/airflow/.local/lib/python3.12/site-packages/airflow/example_dags/example_nested_branch_dag.py
[2024-05-24T07:42:36.575+0000] {processor.py:830} INFO - Processing file /home/airflow/.local/lib/python3.12/site-packages/airflow/example_dags/example_nested_branch_dag.py for tasks to queue
[2024-05-24T07:42:36.576+0000] {logging_mixin.py:188} INFO - [2024-05-24T07:42:36.576+0000] {dagbag.py:545} INFO - Filling up the DagBag from /home/airflow/.local/lib/python3.12/site-packages/airflow/example_dags/example_nested_branch_dag.py
[2024-05-24T07:42:36.580+0000] {processor.py:840} INFO - DAG(s) 'example_nested_branch_dag' retrieved from /home/airflow/.local/lib/python3.12/site-packages/airflow/example_dags/example_nested_branch_dag.py
[2024-05-24T07:42:36.588+0000] {logging_mixin.py:188} INFO - [2024-05-24T07:42:36.588+0000] {dag.py:3096} INFO - Sync 1 DAGs
[2024-05-24T07:42:36.596+0000] {logging_mixin.py:188} INFO - [2024-05-24T07:42:36.596+0000] {dag.py:3954} INFO - Setting next_dagrun for example_nested_branch_dag to 2024-05-23 00:00:00+00:00, run_after=2024-05-24 00:00:00+00:00
[2024-05-24T07:42:36.602+0000] {processor.py:183} INFO - Processing /home/airflow/.local/lib/python3.12/site-packages/airflow/example_dags/example_nested_branch_dag.py took 0.029 seconds
[2024-05-24T07:43:06.960+0000] {processor.py:161} INFO - Started process (PID=17357) to work on /home/airflow/.local/lib/python3.12/site-packages/airflow/example_dags/example_nested_branch_dag.py
[2024-05-24T07:43:06.960+0000] {processor.py:830} INFO - Processing file /home/airflow/.local/lib/python3.12/site-packages/airflow/example_dags/example_nested_branch_dag.py for tasks to queue
[2024-05-24T07:43:06.961+0000] {logging_mixin.py:188} INFO - [2024-05-24T07:43:06.961+0000] {dagbag.py:545} INFO - Filling up the DagBag from /home/airflow/.local/lib/python3.12/site-packages/airflow/example_dags/example_nested_branch_dag.py
[2024-05-24T07:43:06.965+0000] {processor.py:840} INFO - DAG(s) 'example_nested_branch_dag' retrieved from /home/airflow/.local/lib/python3.12/site-packages/airflow/example_dags/example_nested_branch_dag.py
[2024-05-24T07:43:06.974+0000] {logging_mixin.py:188} INFO - [2024-05-24T07:43:06.974+0000] {dag.py:3096} INFO - Sync 1 DAGs
[2024-05-24T07:43:06.983+0000] {logging_mixin.py:188} INFO - [2024-05-24T07:43:06.983+0000] {dag.py:3954} INFO - Setting next_dagrun for example_nested_branch_dag to 2024-05-23 00:00:00+00:00, run_after=2024-05-24 00:00:00+00:00
[2024-05-24T07:43:06.989+0000] {processor.py:183} INFO - Processing /home/airflow/.local/lib/python3.12/site-packages/airflow/example_dags/example_nested_branch_dag.py took 0.032 seconds
[2024-05-24T07:43:37.310+0000] {processor.py:161} INFO - Started process (PID=17619) to work on /home/airflow/.local/lib/python3.12/site-packages/airflow/example_dags/example_nested_branch_dag.py
[2024-05-24T07:43:37.311+0000] {processor.py:830} INFO - Processing file /home/airflow/.local/lib/python3.12/site-packages/airflow/example_dags/example_nested_branch_dag.py for tasks to queue
[2024-05-24T07:43:37.311+0000] {logging_mixin.py:188} INFO - [2024-05-24T07:43:37.311+0000] {dagbag.py:545} INFO - Filling up the DagBag from /home/airflow/.local/lib/python3.12/site-packages/airflow/example_dags/example_nested_branch_dag.py
[2024-05-24T07:43:37.315+0000] {processor.py:840} INFO - DAG(s) 'example_nested_branch_dag' retrieved from /home/airflow/.local/lib/python3.12/site-packages/airflow/example_dags/example_nested_branch_dag.py
[2024-05-24T07:43:37.324+0000] {logging_mixin.py:188} INFO - [2024-05-24T07:43:37.324+0000] {dag.py:3096} INFO - Sync 1 DAGs
[2024-05-24T07:43:37.333+0000] {logging_mixin.py:188} INFO - [2024-05-24T07:43:37.333+0000] {dag.py:3954} INFO - Setting next_dagrun for example_nested_branch_dag to 2024-05-23 00:00:00+00:00, run_after=2024-05-24 00:00:00+00:00
[2024-05-24T07:43:37.339+0000] {processor.py:183} INFO - Processing /home/airflow/.local/lib/python3.12/site-packages/airflow/example_dags/example_nested_branch_dag.py took 0.031 seconds
[2024-05-24T07:44:07.658+0000] {processor.py:161} INFO - Started process (PID=17881) to work on /home/airflow/.local/lib/python3.12/site-packages/airflow/example_dags/example_nested_branch_dag.py
[2024-05-24T07:44:07.658+0000] {processor.py:830} INFO - Processing file /home/airflow/.local/lib/python3.12/site-packages/airflow/example_dags/example_nested_branch_dag.py for tasks to queue
[2024-05-24T07:44:07.659+0000] {logging_mixin.py:188} INFO - [2024-05-24T07:44:07.659+0000] {dagbag.py:545} INFO - Filling up the DagBag from /home/airflow/.local/lib/python3.12/site-packages/airflow/example_dags/example_nested_branch_dag.py
[2024-05-24T07:44:07.663+0000] {processor.py:840} INFO - DAG(s) 'example_nested_branch_dag' retrieved from /home/airflow/.local/lib/python3.12/site-packages/airflow/example_dags/example_nested_branch_dag.py
[2024-05-24T07:44:07.671+0000] {logging_mixin.py:188} INFO - [2024-05-24T07:44:07.671+0000] {dag.py:3096} INFO - Sync 1 DAGs
[2024-05-24T07:44:07.680+0000] {logging_mixin.py:188} INFO - [2024-05-24T07:44:07.680+0000] {dag.py:3954} INFO - Setting next_dagrun for example_nested_branch_dag to 2024-05-23 00:00:00+00:00, run_after=2024-05-24 00:00:00+00:00
[2024-05-24T07:44:07.687+0000] {processor.py:183} INFO - Processing /home/airflow/.local/lib/python3.12/site-packages/airflow/example_dags/example_nested_branch_dag.py took 0.032 seconds
[2024-05-24T07:44:37.978+0000] {processor.py:161} INFO - Started process (PID=18143) to work on /home/airflow/.local/lib/python3.12/site-packages/airflow/example_dags/example_nested_branch_dag.py
[2024-05-24T07:44:37.979+0000] {processor.py:830} INFO - Processing file /home/airflow/.local/lib/python3.12/site-packages/airflow/example_dags/example_nested_branch_dag.py for tasks to queue
[2024-05-24T07:44:37.979+0000] {logging_mixin.py:188} INFO - [2024-05-24T07:44:37.979+0000] {dagbag.py:545} INFO - Filling up the DagBag from /home/airflow/.local/lib/python3.12/site-packages/airflow/example_dags/example_nested_branch_dag.py
[2024-05-24T07:44:37.983+0000] {processor.py:840} INFO - DAG(s) 'example_nested_branch_dag' retrieved from /home/airflow/.local/lib/python3.12/site-packages/airflow/example_dags/example_nested_branch_dag.py
[2024-05-24T07:44:37.991+0000] {logging_mixin.py:188} INFO - [2024-05-24T07:44:37.991+0000] {dag.py:3096} INFO - Sync 1 DAGs
[2024-05-24T07:44:38.000+0000] {logging_mixin.py:188} INFO - [2024-05-24T07:44:38.000+0000] {dag.py:3954} INFO - Setting next_dagrun for example_nested_branch_dag to 2024-05-23 00:00:00+00:00, run_after=2024-05-24 00:00:00+00:00
[2024-05-24T07:44:38.006+0000] {processor.py:183} INFO - Processing /home/airflow/.local/lib/python3.12/site-packages/airflow/example_dags/example_nested_branch_dag.py took 0.030 seconds
