[2024-05-24T05:45:20.302+0000] {processor.py:161} INFO - Started process (PID=246) to work on /home/airflow/.local/lib/python3.12/site-packages/airflow/example_dags/example_bash_decorator.py
[2024-05-24T05:45:20.302+0000] {processor.py:830} INFO - Processing file /home/airflow/.local/lib/python3.12/site-packages/airflow/example_dags/example_bash_decorator.py for tasks to queue
[2024-05-24T05:45:20.303+0000] {logging_mixin.py:188} INFO - [2024-05-24T05:45:20.303+0000] {dagbag.py:545} INFO - Filling up the DagBag from /home/airflow/.local/lib/python3.12/site-packages/airflow/example_dags/example_bash_decorator.py
[2024-05-24T05:45:20.309+0000] {processor.py:840} INFO - DAG(s) 'example_bash_decorator' retrieved from /home/airflow/.local/lib/python3.12/site-packages/airflow/example_dags/example_bash_decorator.py
[2024-05-24T05:45:20.314+0000] {logging_mixin.py:188} INFO - [2024-05-24T05:45:20.314+0000] {dag.py:3096} INFO - Sync 1 DAGs
[2024-05-24T05:45:20.320+0000] {logging_mixin.py:188} INFO - [2024-05-24T05:45:20.320+0000] {dag.py:3954} INFO - Setting next_dagrun for example_bash_decorator to None, run_after=None
[2024-05-24T05:45:20.326+0000] {processor.py:183} INFO - Processing /home/airflow/.local/lib/python3.12/site-packages/airflow/example_dags/example_bash_decorator.py took 0.026 seconds
[2024-05-24T05:45:50.613+0000] {processor.py:161} INFO - Started process (PID=508) to work on /home/airflow/.local/lib/python3.12/site-packages/airflow/example_dags/example_bash_decorator.py
[2024-05-24T05:45:50.614+0000] {processor.py:830} INFO - Processing file /home/airflow/.local/lib/python3.12/site-packages/airflow/example_dags/example_bash_decorator.py for tasks to queue
[2024-05-24T05:45:50.614+0000] {logging_mixin.py:188} INFO - [2024-05-24T05:45:50.614+0000] {dagbag.py:545} INFO - Filling up the DagBag from /home/airflow/.local/lib/python3.12/site-packages/airflow/example_dags/example_bash_decorator.py
[2024-05-24T05:45:50.619+0000] {processor.py:840} INFO - DAG(s) 'example_bash_decorator' retrieved from /home/airflow/.local/lib/python3.12/site-packages/airflow/example_dags/example_bash_decorator.py
[2024-05-24T05:45:50.657+0000] {logging_mixin.py:188} INFO - [2024-05-24T05:45:50.657+0000] {dag.py:3096} INFO - Sync 1 DAGs
[2024-05-24T05:45:50.660+0000] {logging_mixin.py:188} INFO - [2024-05-24T05:45:50.660+0000] {dag.py:3954} INFO - Setting next_dagrun for example_bash_decorator to None, run_after=None
[2024-05-24T05:45:50.667+0000] {processor.py:183} INFO - Processing /home/airflow/.local/lib/python3.12/site-packages/airflow/example_dags/example_bash_decorator.py took 0.056 seconds
[2024-05-24T05:46:21.566+0000] {processor.py:161} INFO - Started process (PID=770) to work on /home/airflow/.local/lib/python3.12/site-packages/airflow/example_dags/example_bash_decorator.py
[2024-05-24T05:46:21.566+0000] {processor.py:830} INFO - Processing file /home/airflow/.local/lib/python3.12/site-packages/airflow/example_dags/example_bash_decorator.py for tasks to queue
[2024-05-24T05:46:21.567+0000] {logging_mixin.py:188} INFO - [2024-05-24T05:46:21.567+0000] {dagbag.py:545} INFO - Filling up the DagBag from /home/airflow/.local/lib/python3.12/site-packages/airflow/example_dags/example_bash_decorator.py
[2024-05-24T05:46:21.572+0000] {processor.py:840} INFO - DAG(s) 'example_bash_decorator' retrieved from /home/airflow/.local/lib/python3.12/site-packages/airflow/example_dags/example_bash_decorator.py
[2024-05-24T05:46:21.581+0000] {logging_mixin.py:188} INFO - [2024-05-24T05:46:21.581+0000] {dag.py:3096} INFO - Sync 1 DAGs
[2024-05-24T05:46:21.586+0000] {logging_mixin.py:188} INFO - [2024-05-24T05:46:21.586+0000] {dag.py:3954} INFO - Setting next_dagrun for example_bash_decorator to None, run_after=None
[2024-05-24T05:46:21.592+0000] {processor.py:183} INFO - Processing /home/airflow/.local/lib/python3.12/site-packages/airflow/example_dags/example_bash_decorator.py took 0.028 seconds
[2024-05-24T05:46:51.869+0000] {processor.py:161} INFO - Started process (PID=1032) to work on /home/airflow/.local/lib/python3.12/site-packages/airflow/example_dags/example_bash_decorator.py
[2024-05-24T05:46:51.869+0000] {processor.py:830} INFO - Processing file /home/airflow/.local/lib/python3.12/site-packages/airflow/example_dags/example_bash_decorator.py for tasks to queue
[2024-05-24T05:46:51.870+0000] {logging_mixin.py:188} INFO - [2024-05-24T05:46:51.870+0000] {dagbag.py:545} INFO - Filling up the DagBag from /home/airflow/.local/lib/python3.12/site-packages/airflow/example_dags/example_bash_decorator.py
[2024-05-24T05:46:51.875+0000] {processor.py:840} INFO - DAG(s) 'example_bash_decorator' retrieved from /home/airflow/.local/lib/python3.12/site-packages/airflow/example_dags/example_bash_decorator.py
[2024-05-24T05:46:51.884+0000] {logging_mixin.py:188} INFO - [2024-05-24T05:46:51.884+0000] {dag.py:3096} INFO - Sync 1 DAGs
[2024-05-24T05:46:51.888+0000] {logging_mixin.py:188} INFO - [2024-05-24T05:46:51.888+0000] {dag.py:3954} INFO - Setting next_dagrun for example_bash_decorator to None, run_after=None
[2024-05-24T05:46:51.894+0000] {processor.py:183} INFO - Processing /home/airflow/.local/lib/python3.12/site-packages/airflow/example_dags/example_bash_decorator.py took 0.028 seconds
[2024-05-24T05:47:22.187+0000] {processor.py:161} INFO - Started process (PID=1294) to work on /home/airflow/.local/lib/python3.12/site-packages/airflow/example_dags/example_bash_decorator.py
[2024-05-24T05:47:22.188+0000] {processor.py:830} INFO - Processing file /home/airflow/.local/lib/python3.12/site-packages/airflow/example_dags/example_bash_decorator.py for tasks to queue
[2024-05-24T05:47:22.189+0000] {logging_mixin.py:188} INFO - [2024-05-24T05:47:22.188+0000] {dagbag.py:545} INFO - Filling up the DagBag from /home/airflow/.local/lib/python3.12/site-packages/airflow/example_dags/example_bash_decorator.py
[2024-05-24T05:47:22.194+0000] {processor.py:840} INFO - DAG(s) 'example_bash_decorator' retrieved from /home/airflow/.local/lib/python3.12/site-packages/airflow/example_dags/example_bash_decorator.py
[2024-05-24T05:47:22.203+0000] {logging_mixin.py:188} INFO - [2024-05-24T05:47:22.203+0000] {dag.py:3096} INFO - Sync 1 DAGs
[2024-05-24T05:47:22.207+0000] {logging_mixin.py:188} INFO - [2024-05-24T05:47:22.207+0000] {dag.py:3954} INFO - Setting next_dagrun for example_bash_decorator to None, run_after=None
[2024-05-24T05:47:22.214+0000] {processor.py:183} INFO - Processing /home/airflow/.local/lib/python3.12/site-packages/airflow/example_dags/example_bash_decorator.py took 0.029 seconds
[2024-05-24T05:47:52.513+0000] {processor.py:161} INFO - Started process (PID=1556) to work on /home/airflow/.local/lib/python3.12/site-packages/airflow/example_dags/example_bash_decorator.py
[2024-05-24T05:47:52.513+0000] {processor.py:830} INFO - Processing file /home/airflow/.local/lib/python3.12/site-packages/airflow/example_dags/example_bash_decorator.py for tasks to queue
[2024-05-24T05:47:52.514+0000] {logging_mixin.py:188} INFO - [2024-05-24T05:47:52.514+0000] {dagbag.py:545} INFO - Filling up the DagBag from /home/airflow/.local/lib/python3.12/site-packages/airflow/example_dags/example_bash_decorator.py
[2024-05-24T05:47:52.519+0000] {processor.py:840} INFO - DAG(s) 'example_bash_decorator' retrieved from /home/airflow/.local/lib/python3.12/site-packages/airflow/example_dags/example_bash_decorator.py
[2024-05-24T05:47:52.527+0000] {logging_mixin.py:188} INFO - [2024-05-24T05:47:52.527+0000] {dag.py:3096} INFO - Sync 1 DAGs
[2024-05-24T05:47:52.532+0000] {logging_mixin.py:188} INFO - [2024-05-24T05:47:52.532+0000] {dag.py:3954} INFO - Setting next_dagrun for example_bash_decorator to None, run_after=None
[2024-05-24T05:47:52.538+0000] {processor.py:183} INFO - Processing /home/airflow/.local/lib/python3.12/site-packages/airflow/example_dags/example_bash_decorator.py took 0.027 seconds
[2024-05-24T05:48:22.904+0000] {processor.py:161} INFO - Started process (PID=1818) to work on /home/airflow/.local/lib/python3.12/site-packages/airflow/example_dags/example_bash_decorator.py
[2024-05-24T05:48:22.904+0000] {processor.py:830} INFO - Processing file /home/airflow/.local/lib/python3.12/site-packages/airflow/example_dags/example_bash_decorator.py for tasks to queue
[2024-05-24T05:48:22.905+0000] {logging_mixin.py:188} INFO - [2024-05-24T05:48:22.905+0000] {dagbag.py:545} INFO - Filling up the DagBag from /home/airflow/.local/lib/python3.12/site-packages/airflow/example_dags/example_bash_decorator.py
[2024-05-24T05:48:22.911+0000] {processor.py:840} INFO - DAG(s) 'example_bash_decorator' retrieved from /home/airflow/.local/lib/python3.12/site-packages/airflow/example_dags/example_bash_decorator.py
[2024-05-24T05:48:22.919+0000] {logging_mixin.py:188} INFO - [2024-05-24T05:48:22.919+0000] {dag.py:3096} INFO - Sync 1 DAGs
[2024-05-24T05:48:22.924+0000] {logging_mixin.py:188} INFO - [2024-05-24T05:48:22.924+0000] {dag.py:3954} INFO - Setting next_dagrun for example_bash_decorator to None, run_after=None
[2024-05-24T05:48:22.930+0000] {processor.py:183} INFO - Processing /home/airflow/.local/lib/python3.12/site-packages/airflow/example_dags/example_bash_decorator.py took 0.028 seconds
[2024-05-24T05:48:53.215+0000] {processor.py:161} INFO - Started process (PID=2080) to work on /home/airflow/.local/lib/python3.12/site-packages/airflow/example_dags/example_bash_decorator.py
[2024-05-24T05:48:53.216+0000] {processor.py:830} INFO - Processing file /home/airflow/.local/lib/python3.12/site-packages/airflow/example_dags/example_bash_decorator.py for tasks to queue
[2024-05-24T05:48:53.216+0000] {logging_mixin.py:188} INFO - [2024-05-24T05:48:53.216+0000] {dagbag.py:545} INFO - Filling up the DagBag from /home/airflow/.local/lib/python3.12/site-packages/airflow/example_dags/example_bash_decorator.py
[2024-05-24T05:48:53.222+0000] {processor.py:840} INFO - DAG(s) 'example_bash_decorator' retrieved from /home/airflow/.local/lib/python3.12/site-packages/airflow/example_dags/example_bash_decorator.py
[2024-05-24T05:48:53.231+0000] {logging_mixin.py:188} INFO - [2024-05-24T05:48:53.230+0000] {dag.py:3096} INFO - Sync 1 DAGs
[2024-05-24T05:48:53.236+0000] {logging_mixin.py:188} INFO - [2024-05-24T05:48:53.235+0000] {dag.py:3954} INFO - Setting next_dagrun for example_bash_decorator to None, run_after=None
[2024-05-24T05:48:53.242+0000] {processor.py:183} INFO - Processing /home/airflow/.local/lib/python3.12/site-packages/airflow/example_dags/example_bash_decorator.py took 0.028 seconds
[2024-05-24T05:49:23.544+0000] {processor.py:161} INFO - Started process (PID=2342) to work on /home/airflow/.local/lib/python3.12/site-packages/airflow/example_dags/example_bash_decorator.py
[2024-05-24T05:49:23.544+0000] {processor.py:830} INFO - Processing file /home/airflow/.local/lib/python3.12/site-packages/airflow/example_dags/example_bash_decorator.py for tasks to queue
[2024-05-24T05:49:23.545+0000] {logging_mixin.py:188} INFO - [2024-05-24T05:49:23.545+0000] {dagbag.py:545} INFO - Filling up the DagBag from /home/airflow/.local/lib/python3.12/site-packages/airflow/example_dags/example_bash_decorator.py
[2024-05-24T05:49:23.550+0000] {processor.py:840} INFO - DAG(s) 'example_bash_decorator' retrieved from /home/airflow/.local/lib/python3.12/site-packages/airflow/example_dags/example_bash_decorator.py
[2024-05-24T05:49:23.559+0000] {logging_mixin.py:188} INFO - [2024-05-24T05:49:23.559+0000] {dag.py:3096} INFO - Sync 1 DAGs
[2024-05-24T05:49:23.564+0000] {logging_mixin.py:188} INFO - [2024-05-24T05:49:23.563+0000] {dag.py:3954} INFO - Setting next_dagrun for example_bash_decorator to None, run_after=None
[2024-05-24T05:49:23.571+0000] {processor.py:183} INFO - Processing /home/airflow/.local/lib/python3.12/site-packages/airflow/example_dags/example_bash_decorator.py took 0.029 seconds
[2024-05-24T05:49:53.812+0000] {processor.py:161} INFO - Started process (PID=2604) to work on /home/airflow/.local/lib/python3.12/site-packages/airflow/example_dags/example_bash_decorator.py
[2024-05-24T05:49:53.813+0000] {processor.py:830} INFO - Processing file /home/airflow/.local/lib/python3.12/site-packages/airflow/example_dags/example_bash_decorator.py for tasks to queue
[2024-05-24T05:49:53.814+0000] {logging_mixin.py:188} INFO - [2024-05-24T05:49:53.814+0000] {dagbag.py:545} INFO - Filling up the DagBag from /home/airflow/.local/lib/python3.12/site-packages/airflow/example_dags/example_bash_decorator.py
[2024-05-24T05:49:53.822+0000] {processor.py:840} INFO - DAG(s) 'example_bash_decorator' retrieved from /home/airflow/.local/lib/python3.12/site-packages/airflow/example_dags/example_bash_decorator.py
[2024-05-24T05:49:53.833+0000] {logging_mixin.py:188} INFO - [2024-05-24T05:49:53.833+0000] {dag.py:3096} INFO - Sync 1 DAGs
[2024-05-24T05:49:53.838+0000] {logging_mixin.py:188} INFO - [2024-05-24T05:49:53.838+0000] {dag.py:3954} INFO - Setting next_dagrun for example_bash_decorator to None, run_after=None
[2024-05-24T05:49:53.844+0000] {processor.py:183} INFO - Processing /home/airflow/.local/lib/python3.12/site-packages/airflow/example_dags/example_bash_decorator.py took 0.034 seconds
[2024-05-24T05:50:24.239+0000] {processor.py:161} INFO - Started process (PID=2866) to work on /home/airflow/.local/lib/python3.12/site-packages/airflow/example_dags/example_bash_decorator.py
[2024-05-24T05:50:24.239+0000] {processor.py:830} INFO - Processing file /home/airflow/.local/lib/python3.12/site-packages/airflow/example_dags/example_bash_decorator.py for tasks to queue
[2024-05-24T05:50:24.240+0000] {logging_mixin.py:188} INFO - [2024-05-24T05:50:24.240+0000] {dagbag.py:545} INFO - Filling up the DagBag from /home/airflow/.local/lib/python3.12/site-packages/airflow/example_dags/example_bash_decorator.py
[2024-05-24T05:50:24.246+0000] {processor.py:840} INFO - DAG(s) 'example_bash_decorator' retrieved from /home/airflow/.local/lib/python3.12/site-packages/airflow/example_dags/example_bash_decorator.py
[2024-05-24T05:50:24.255+0000] {logging_mixin.py:188} INFO - [2024-05-24T05:50:24.255+0000] {dag.py:3096} INFO - Sync 1 DAGs
[2024-05-24T05:50:24.260+0000] {logging_mixin.py:188} INFO - [2024-05-24T05:50:24.260+0000] {dag.py:3954} INFO - Setting next_dagrun for example_bash_decorator to None, run_after=None
[2024-05-24T05:50:24.266+0000] {processor.py:183} INFO - Processing /home/airflow/.local/lib/python3.12/site-packages/airflow/example_dags/example_bash_decorator.py took 0.030 seconds
[2024-05-24T05:50:54.571+0000] {processor.py:161} INFO - Started process (PID=3128) to work on /home/airflow/.local/lib/python3.12/site-packages/airflow/example_dags/example_bash_decorator.py
[2024-05-24T05:50:54.571+0000] {processor.py:830} INFO - Processing file /home/airflow/.local/lib/python3.12/site-packages/airflow/example_dags/example_bash_decorator.py for tasks to queue
[2024-05-24T05:50:54.572+0000] {logging_mixin.py:188} INFO - [2024-05-24T05:50:54.572+0000] {dagbag.py:545} INFO - Filling up the DagBag from /home/airflow/.local/lib/python3.12/site-packages/airflow/example_dags/example_bash_decorator.py
[2024-05-24T05:50:54.577+0000] {processor.py:840} INFO - DAG(s) 'example_bash_decorator' retrieved from /home/airflow/.local/lib/python3.12/site-packages/airflow/example_dags/example_bash_decorator.py
[2024-05-24T05:50:54.585+0000] {logging_mixin.py:188} INFO - [2024-05-24T05:50:54.585+0000] {dag.py:3096} INFO - Sync 1 DAGs
[2024-05-24T05:50:54.590+0000] {logging_mixin.py:188} INFO - [2024-05-24T05:50:54.590+0000] {dag.py:3954} INFO - Setting next_dagrun for example_bash_decorator to None, run_after=None
[2024-05-24T05:50:54.596+0000] {processor.py:183} INFO - Processing /home/airflow/.local/lib/python3.12/site-packages/airflow/example_dags/example_bash_decorator.py took 0.028 seconds
[2024-05-24T05:51:24.896+0000] {processor.py:161} INFO - Started process (PID=3390) to work on /home/airflow/.local/lib/python3.12/site-packages/airflow/example_dags/example_bash_decorator.py
[2024-05-24T05:51:24.896+0000] {processor.py:830} INFO - Processing file /home/airflow/.local/lib/python3.12/site-packages/airflow/example_dags/example_bash_decorator.py for tasks to queue
[2024-05-24T05:51:24.897+0000] {logging_mixin.py:188} INFO - [2024-05-24T05:51:24.897+0000] {dagbag.py:545} INFO - Filling up the DagBag from /home/airflow/.local/lib/python3.12/site-packages/airflow/example_dags/example_bash_decorator.py
[2024-05-24T05:51:24.902+0000] {processor.py:840} INFO - DAG(s) 'example_bash_decorator' retrieved from /home/airflow/.local/lib/python3.12/site-packages/airflow/example_dags/example_bash_decorator.py
[2024-05-24T05:51:24.911+0000] {logging_mixin.py:188} INFO - [2024-05-24T05:51:24.910+0000] {dag.py:3096} INFO - Sync 1 DAGs
[2024-05-24T05:51:24.915+0000] {logging_mixin.py:188} INFO - [2024-05-24T05:51:24.915+0000] {dag.py:3954} INFO - Setting next_dagrun for example_bash_decorator to None, run_after=None
[2024-05-24T05:51:24.921+0000] {processor.py:183} INFO - Processing /home/airflow/.local/lib/python3.12/site-packages/airflow/example_dags/example_bash_decorator.py took 0.028 seconds
[2024-05-24T05:51:55.201+0000] {processor.py:161} INFO - Started process (PID=3652) to work on /home/airflow/.local/lib/python3.12/site-packages/airflow/example_dags/example_bash_decorator.py
[2024-05-24T05:51:55.202+0000] {processor.py:830} INFO - Processing file /home/airflow/.local/lib/python3.12/site-packages/airflow/example_dags/example_bash_decorator.py for tasks to queue
[2024-05-24T05:51:55.202+0000] {logging_mixin.py:188} INFO - [2024-05-24T05:51:55.202+0000] {dagbag.py:545} INFO - Filling up the DagBag from /home/airflow/.local/lib/python3.12/site-packages/airflow/example_dags/example_bash_decorator.py
[2024-05-24T05:51:55.207+0000] {processor.py:840} INFO - DAG(s) 'example_bash_decorator' retrieved from /home/airflow/.local/lib/python3.12/site-packages/airflow/example_dags/example_bash_decorator.py
[2024-05-24T05:51:55.216+0000] {logging_mixin.py:188} INFO - [2024-05-24T05:51:55.215+0000] {dag.py:3096} INFO - Sync 1 DAGs
[2024-05-24T05:51:55.220+0000] {logging_mixin.py:188} INFO - [2024-05-24T05:51:55.220+0000] {dag.py:3954} INFO - Setting next_dagrun for example_bash_decorator to None, run_after=None
[2024-05-24T05:51:55.226+0000] {processor.py:183} INFO - Processing /home/airflow/.local/lib/python3.12/site-packages/airflow/example_dags/example_bash_decorator.py took 0.027 seconds
[2024-05-24T05:52:25.502+0000] {processor.py:161} INFO - Started process (PID=3914) to work on /home/airflow/.local/lib/python3.12/site-packages/airflow/example_dags/example_bash_decorator.py
[2024-05-24T05:52:25.503+0000] {processor.py:830} INFO - Processing file /home/airflow/.local/lib/python3.12/site-packages/airflow/example_dags/example_bash_decorator.py for tasks to queue
[2024-05-24T05:52:25.503+0000] {logging_mixin.py:188} INFO - [2024-05-24T05:52:25.503+0000] {dagbag.py:545} INFO - Filling up the DagBag from /home/airflow/.local/lib/python3.12/site-packages/airflow/example_dags/example_bash_decorator.py
[2024-05-24T05:52:25.508+0000] {processor.py:840} INFO - DAG(s) 'example_bash_decorator' retrieved from /home/airflow/.local/lib/python3.12/site-packages/airflow/example_dags/example_bash_decorator.py
[2024-05-24T05:52:25.516+0000] {logging_mixin.py:188} INFO - [2024-05-24T05:52:25.516+0000] {dag.py:3096} INFO - Sync 1 DAGs
[2024-05-24T05:52:25.521+0000] {logging_mixin.py:188} INFO - [2024-05-24T05:52:25.521+0000] {dag.py:3954} INFO - Setting next_dagrun for example_bash_decorator to None, run_after=None
[2024-05-24T05:52:25.527+0000] {processor.py:183} INFO - Processing /home/airflow/.local/lib/python3.12/site-packages/airflow/example_dags/example_bash_decorator.py took 0.027 seconds
[2024-05-24T05:52:55.745+0000] {processor.py:161} INFO - Started process (PID=4171) to work on /home/airflow/.local/lib/python3.12/site-packages/airflow/example_dags/example_bash_decorator.py
[2024-05-24T05:52:55.746+0000] {processor.py:830} INFO - Processing file /home/airflow/.local/lib/python3.12/site-packages/airflow/example_dags/example_bash_decorator.py for tasks to queue
[2024-05-24T05:52:55.746+0000] {logging_mixin.py:188} INFO - [2024-05-24T05:52:55.746+0000] {dagbag.py:545} INFO - Filling up the DagBag from /home/airflow/.local/lib/python3.12/site-packages/airflow/example_dags/example_bash_decorator.py
[2024-05-24T05:52:55.752+0000] {processor.py:840} INFO - DAG(s) 'example_bash_decorator' retrieved from /home/airflow/.local/lib/python3.12/site-packages/airflow/example_dags/example_bash_decorator.py
[2024-05-24T05:52:55.761+0000] {logging_mixin.py:188} INFO - [2024-05-24T05:52:55.761+0000] {dag.py:3096} INFO - Sync 1 DAGs
[2024-05-24T05:52:55.765+0000] {logging_mixin.py:188} INFO - [2024-05-24T05:52:55.765+0000] {dag.py:3954} INFO - Setting next_dagrun for example_bash_decorator to None, run_after=None
[2024-05-24T05:52:55.772+0000] {processor.py:183} INFO - Processing /home/airflow/.local/lib/python3.12/site-packages/airflow/example_dags/example_bash_decorator.py took 0.029 seconds
[2024-05-24T05:53:26.180+0000] {processor.py:161} INFO - Started process (PID=4438) to work on /home/airflow/.local/lib/python3.12/site-packages/airflow/example_dags/example_bash_decorator.py
[2024-05-24T05:53:26.181+0000] {processor.py:830} INFO - Processing file /home/airflow/.local/lib/python3.12/site-packages/airflow/example_dags/example_bash_decorator.py for tasks to queue
[2024-05-24T05:53:26.181+0000] {logging_mixin.py:188} INFO - [2024-05-24T05:53:26.181+0000] {dagbag.py:545} INFO - Filling up the DagBag from /home/airflow/.local/lib/python3.12/site-packages/airflow/example_dags/example_bash_decorator.py
[2024-05-24T05:53:26.187+0000] {processor.py:840} INFO - DAG(s) 'example_bash_decorator' retrieved from /home/airflow/.local/lib/python3.12/site-packages/airflow/example_dags/example_bash_decorator.py
[2024-05-24T05:53:26.197+0000] {logging_mixin.py:188} INFO - [2024-05-24T05:53:26.197+0000] {dag.py:3096} INFO - Sync 1 DAGs
[2024-05-24T05:53:26.202+0000] {logging_mixin.py:188} INFO - [2024-05-24T05:53:26.202+0000] {dag.py:3954} INFO - Setting next_dagrun for example_bash_decorator to None, run_after=None
[2024-05-24T05:53:26.208+0000] {processor.py:183} INFO - Processing /home/airflow/.local/lib/python3.12/site-packages/airflow/example_dags/example_bash_decorator.py took 0.030 seconds
[2024-05-24T05:53:56.650+0000] {processor.py:161} INFO - Started process (PID=4725) to work on /home/airflow/.local/lib/python3.12/site-packages/airflow/example_dags/example_bash_decorator.py
[2024-05-24T05:53:56.650+0000] {processor.py:830} INFO - Processing file /home/airflow/.local/lib/python3.12/site-packages/airflow/example_dags/example_bash_decorator.py for tasks to queue
[2024-05-24T05:53:56.651+0000] {logging_mixin.py:188} INFO - [2024-05-24T05:53:56.650+0000] {dagbag.py:545} INFO - Filling up the DagBag from /home/airflow/.local/lib/python3.12/site-packages/airflow/example_dags/example_bash_decorator.py
[2024-05-24T05:53:56.656+0000] {processor.py:840} INFO - DAG(s) 'example_bash_decorator' retrieved from /home/airflow/.local/lib/python3.12/site-packages/airflow/example_dags/example_bash_decorator.py
[2024-05-24T05:53:56.666+0000] {logging_mixin.py:188} INFO - [2024-05-24T05:53:56.666+0000] {dag.py:3096} INFO - Sync 1 DAGs
[2024-05-24T05:53:56.671+0000] {logging_mixin.py:188} INFO - [2024-05-24T05:53:56.671+0000] {dag.py:3954} INFO - Setting next_dagrun for example_bash_decorator to None, run_after=None
[2024-05-24T05:53:56.677+0000] {processor.py:183} INFO - Processing /home/airflow/.local/lib/python3.12/site-packages/airflow/example_dags/example_bash_decorator.py took 0.030 seconds
[2024-05-24T05:54:26.975+0000] {processor.py:161} INFO - Started process (PID=4987) to work on /home/airflow/.local/lib/python3.12/site-packages/airflow/example_dags/example_bash_decorator.py
[2024-05-24T05:54:26.975+0000] {processor.py:830} INFO - Processing file /home/airflow/.local/lib/python3.12/site-packages/airflow/example_dags/example_bash_decorator.py for tasks to queue
[2024-05-24T05:54:26.976+0000] {logging_mixin.py:188} INFO - [2024-05-24T05:54:26.976+0000] {dagbag.py:545} INFO - Filling up the DagBag from /home/airflow/.local/lib/python3.12/site-packages/airflow/example_dags/example_bash_decorator.py
[2024-05-24T05:54:26.982+0000] {processor.py:840} INFO - DAG(s) 'example_bash_decorator' retrieved from /home/airflow/.local/lib/python3.12/site-packages/airflow/example_dags/example_bash_decorator.py
[2024-05-24T05:54:26.991+0000] {logging_mixin.py:188} INFO - [2024-05-24T05:54:26.991+0000] {dag.py:3096} INFO - Sync 1 DAGs
[2024-05-24T05:54:26.997+0000] {logging_mixin.py:188} INFO - [2024-05-24T05:54:26.997+0000] {dag.py:3954} INFO - Setting next_dagrun for example_bash_decorator to None, run_after=None
[2024-05-24T05:54:27.003+0000] {processor.py:183} INFO - Processing /home/airflow/.local/lib/python3.12/site-packages/airflow/example_dags/example_bash_decorator.py took 0.031 seconds
[2024-05-24T05:54:57.301+0000] {processor.py:161} INFO - Started process (PID=5249) to work on /home/airflow/.local/lib/python3.12/site-packages/airflow/example_dags/example_bash_decorator.py
[2024-05-24T05:54:57.302+0000] {processor.py:830} INFO - Processing file /home/airflow/.local/lib/python3.12/site-packages/airflow/example_dags/example_bash_decorator.py for tasks to queue
[2024-05-24T05:54:57.303+0000] {logging_mixin.py:188} INFO - [2024-05-24T05:54:57.302+0000] {dagbag.py:545} INFO - Filling up the DagBag from /home/airflow/.local/lib/python3.12/site-packages/airflow/example_dags/example_bash_decorator.py
[2024-05-24T05:54:57.307+0000] {processor.py:840} INFO - DAG(s) 'example_bash_decorator' retrieved from /home/airflow/.local/lib/python3.12/site-packages/airflow/example_dags/example_bash_decorator.py
[2024-05-24T05:54:57.316+0000] {logging_mixin.py:188} INFO - [2024-05-24T05:54:57.316+0000] {dag.py:3096} INFO - Sync 1 DAGs
[2024-05-24T05:54:57.320+0000] {logging_mixin.py:188} INFO - [2024-05-24T05:54:57.320+0000] {dag.py:3954} INFO - Setting next_dagrun for example_bash_decorator to None, run_after=None
[2024-05-24T05:54:57.326+0000] {processor.py:183} INFO - Processing /home/airflow/.local/lib/python3.12/site-packages/airflow/example_dags/example_bash_decorator.py took 0.027 seconds
[2024-05-24T05:55:27.673+0000] {processor.py:161} INFO - Started process (PID=5511) to work on /home/airflow/.local/lib/python3.12/site-packages/airflow/example_dags/example_bash_decorator.py
[2024-05-24T05:55:27.674+0000] {processor.py:830} INFO - Processing file /home/airflow/.local/lib/python3.12/site-packages/airflow/example_dags/example_bash_decorator.py for tasks to queue
[2024-05-24T05:55:27.675+0000] {logging_mixin.py:188} INFO - [2024-05-24T05:55:27.675+0000] {dagbag.py:545} INFO - Filling up the DagBag from /home/airflow/.local/lib/python3.12/site-packages/airflow/example_dags/example_bash_decorator.py
[2024-05-24T05:55:27.679+0000] {processor.py:840} INFO - DAG(s) 'example_bash_decorator' retrieved from /home/airflow/.local/lib/python3.12/site-packages/airflow/example_dags/example_bash_decorator.py
[2024-05-24T05:55:27.688+0000] {logging_mixin.py:188} INFO - [2024-05-24T05:55:27.688+0000] {dag.py:3096} INFO - Sync 1 DAGs
[2024-05-24T05:55:27.692+0000] {logging_mixin.py:188} INFO - [2024-05-24T05:55:27.692+0000] {dag.py:3954} INFO - Setting next_dagrun for example_bash_decorator to None, run_after=None
[2024-05-24T05:55:27.698+0000] {processor.py:183} INFO - Processing /home/airflow/.local/lib/python3.12/site-packages/airflow/example_dags/example_bash_decorator.py took 0.027 seconds
[2024-05-24T05:55:58.019+0000] {processor.py:161} INFO - Started process (PID=5773) to work on /home/airflow/.local/lib/python3.12/site-packages/airflow/example_dags/example_bash_decorator.py
[2024-05-24T05:55:58.020+0000] {processor.py:830} INFO - Processing file /home/airflow/.local/lib/python3.12/site-packages/airflow/example_dags/example_bash_decorator.py for tasks to queue
[2024-05-24T05:55:58.020+0000] {logging_mixin.py:188} INFO - [2024-05-24T05:55:58.020+0000] {dagbag.py:545} INFO - Filling up the DagBag from /home/airflow/.local/lib/python3.12/site-packages/airflow/example_dags/example_bash_decorator.py
[2024-05-24T05:55:58.025+0000] {processor.py:840} INFO - DAG(s) 'example_bash_decorator' retrieved from /home/airflow/.local/lib/python3.12/site-packages/airflow/example_dags/example_bash_decorator.py
[2024-05-24T05:55:58.034+0000] {logging_mixin.py:188} INFO - [2024-05-24T05:55:58.034+0000] {dag.py:3096} INFO - Sync 1 DAGs
[2024-05-24T05:55:58.038+0000] {logging_mixin.py:188} INFO - [2024-05-24T05:55:58.038+0000] {dag.py:3954} INFO - Setting next_dagrun for example_bash_decorator to None, run_after=None
[2024-05-24T05:55:58.044+0000] {processor.py:183} INFO - Processing /home/airflow/.local/lib/python3.12/site-packages/airflow/example_dags/example_bash_decorator.py took 0.027 seconds
[2024-05-24T05:56:28.351+0000] {processor.py:161} INFO - Started process (PID=6035) to work on /home/airflow/.local/lib/python3.12/site-packages/airflow/example_dags/example_bash_decorator.py
[2024-05-24T05:56:28.352+0000] {processor.py:830} INFO - Processing file /home/airflow/.local/lib/python3.12/site-packages/airflow/example_dags/example_bash_decorator.py for tasks to queue
[2024-05-24T05:56:28.352+0000] {logging_mixin.py:188} INFO - [2024-05-24T05:56:28.352+0000] {dagbag.py:545} INFO - Filling up the DagBag from /home/airflow/.local/lib/python3.12/site-packages/airflow/example_dags/example_bash_decorator.py
[2024-05-24T05:56:28.357+0000] {processor.py:840} INFO - DAG(s) 'example_bash_decorator' retrieved from /home/airflow/.local/lib/python3.12/site-packages/airflow/example_dags/example_bash_decorator.py
[2024-05-24T05:56:28.366+0000] {logging_mixin.py:188} INFO - [2024-05-24T05:56:28.366+0000] {dag.py:3096} INFO - Sync 1 DAGs
[2024-05-24T05:56:28.370+0000] {logging_mixin.py:188} INFO - [2024-05-24T05:56:28.370+0000] {dag.py:3954} INFO - Setting next_dagrun for example_bash_decorator to None, run_after=None
[2024-05-24T05:56:28.376+0000] {processor.py:183} INFO - Processing /home/airflow/.local/lib/python3.12/site-packages/airflow/example_dags/example_bash_decorator.py took 0.027 seconds
[2024-05-24T05:56:58.669+0000] {processor.py:161} INFO - Started process (PID=6297) to work on /home/airflow/.local/lib/python3.12/site-packages/airflow/example_dags/example_bash_decorator.py
[2024-05-24T05:56:58.669+0000] {processor.py:830} INFO - Processing file /home/airflow/.local/lib/python3.12/site-packages/airflow/example_dags/example_bash_decorator.py for tasks to queue
[2024-05-24T05:56:58.670+0000] {logging_mixin.py:188} INFO - [2024-05-24T05:56:58.670+0000] {dagbag.py:545} INFO - Filling up the DagBag from /home/airflow/.local/lib/python3.12/site-packages/airflow/example_dags/example_bash_decorator.py
[2024-05-24T05:56:58.675+0000] {processor.py:840} INFO - DAG(s) 'example_bash_decorator' retrieved from /home/airflow/.local/lib/python3.12/site-packages/airflow/example_dags/example_bash_decorator.py
[2024-05-24T05:56:58.683+0000] {logging_mixin.py:188} INFO - [2024-05-24T05:56:58.683+0000] {dag.py:3096} INFO - Sync 1 DAGs
[2024-05-24T05:56:58.687+0000] {logging_mixin.py:188} INFO - [2024-05-24T05:56:58.687+0000] {dag.py:3954} INFO - Setting next_dagrun for example_bash_decorator to None, run_after=None
[2024-05-24T05:56:58.693+0000] {processor.py:183} INFO - Processing /home/airflow/.local/lib/python3.12/site-packages/airflow/example_dags/example_bash_decorator.py took 0.026 seconds
[2024-05-24T05:57:28.960+0000] {processor.py:161} INFO - Started process (PID=6559) to work on /home/airflow/.local/lib/python3.12/site-packages/airflow/example_dags/example_bash_decorator.py
[2024-05-24T05:57:28.960+0000] {processor.py:830} INFO - Processing file /home/airflow/.local/lib/python3.12/site-packages/airflow/example_dags/example_bash_decorator.py for tasks to queue
[2024-05-24T05:57:28.961+0000] {logging_mixin.py:188} INFO - [2024-05-24T05:57:28.961+0000] {dagbag.py:545} INFO - Filling up the DagBag from /home/airflow/.local/lib/python3.12/site-packages/airflow/example_dags/example_bash_decorator.py
[2024-05-24T05:57:28.965+0000] {processor.py:840} INFO - DAG(s) 'example_bash_decorator' retrieved from /home/airflow/.local/lib/python3.12/site-packages/airflow/example_dags/example_bash_decorator.py
[2024-05-24T05:57:28.974+0000] {logging_mixin.py:188} INFO - [2024-05-24T05:57:28.974+0000] {dag.py:3096} INFO - Sync 1 DAGs
[2024-05-24T05:57:28.978+0000] {logging_mixin.py:188} INFO - [2024-05-24T05:57:28.978+0000] {dag.py:3954} INFO - Setting next_dagrun for example_bash_decorator to None, run_after=None
[2024-05-24T05:57:28.984+0000] {processor.py:183} INFO - Processing /home/airflow/.local/lib/python3.12/site-packages/airflow/example_dags/example_bash_decorator.py took 0.026 seconds
[2024-05-24T05:57:59.316+0000] {processor.py:161} INFO - Started process (PID=6821) to work on /home/airflow/.local/lib/python3.12/site-packages/airflow/example_dags/example_bash_decorator.py
[2024-05-24T05:57:59.317+0000] {processor.py:830} INFO - Processing file /home/airflow/.local/lib/python3.12/site-packages/airflow/example_dags/example_bash_decorator.py for tasks to queue
[2024-05-24T05:57:59.317+0000] {logging_mixin.py:188} INFO - [2024-05-24T05:57:59.317+0000] {dagbag.py:545} INFO - Filling up the DagBag from /home/airflow/.local/lib/python3.12/site-packages/airflow/example_dags/example_bash_decorator.py
[2024-05-24T05:57:59.322+0000] {processor.py:840} INFO - DAG(s) 'example_bash_decorator' retrieved from /home/airflow/.local/lib/python3.12/site-packages/airflow/example_dags/example_bash_decorator.py
[2024-05-24T05:57:59.331+0000] {logging_mixin.py:188} INFO - [2024-05-24T05:57:59.330+0000] {dag.py:3096} INFO - Sync 1 DAGs
[2024-05-24T05:57:59.335+0000] {logging_mixin.py:188} INFO - [2024-05-24T05:57:59.335+0000] {dag.py:3954} INFO - Setting next_dagrun for example_bash_decorator to None, run_after=None
[2024-05-24T05:57:59.341+0000] {processor.py:183} INFO - Processing /home/airflow/.local/lib/python3.12/site-packages/airflow/example_dags/example_bash_decorator.py took 0.027 seconds
[2024-05-24T05:58:29.646+0000] {processor.py:161} INFO - Started process (PID=7078) to work on /home/airflow/.local/lib/python3.12/site-packages/airflow/example_dags/example_bash_decorator.py
[2024-05-24T05:58:29.646+0000] {processor.py:830} INFO - Processing file /home/airflow/.local/lib/python3.12/site-packages/airflow/example_dags/example_bash_decorator.py for tasks to queue
[2024-05-24T05:58:29.647+0000] {logging_mixin.py:188} INFO - [2024-05-24T05:58:29.647+0000] {dagbag.py:545} INFO - Filling up the DagBag from /home/airflow/.local/lib/python3.12/site-packages/airflow/example_dags/example_bash_decorator.py
[2024-05-24T05:58:29.652+0000] {processor.py:840} INFO - DAG(s) 'example_bash_decorator' retrieved from /home/airflow/.local/lib/python3.12/site-packages/airflow/example_dags/example_bash_decorator.py
[2024-05-24T05:58:29.661+0000] {logging_mixin.py:188} INFO - [2024-05-24T05:58:29.661+0000] {dag.py:3096} INFO - Sync 1 DAGs
[2024-05-24T05:58:29.665+0000] {logging_mixin.py:188} INFO - [2024-05-24T05:58:29.665+0000] {dag.py:3954} INFO - Setting next_dagrun for example_bash_decorator to None, run_after=None
[2024-05-24T05:58:29.671+0000] {processor.py:183} INFO - Processing /home/airflow/.local/lib/python3.12/site-packages/airflow/example_dags/example_bash_decorator.py took 0.028 seconds
[2024-05-24T06:13:53.027+0000] {processor.py:161} INFO - Started process (PID=7345) to work on /home/airflow/.local/lib/python3.12/site-packages/airflow/example_dags/example_bash_decorator.py
[2024-05-24T06:13:53.028+0000] {processor.py:830} INFO - Processing file /home/airflow/.local/lib/python3.12/site-packages/airflow/example_dags/example_bash_decorator.py for tasks to queue
[2024-05-24T06:13:53.028+0000] {logging_mixin.py:188} INFO - [2024-05-24T06:13:53.028+0000] {dagbag.py:545} INFO - Filling up the DagBag from /home/airflow/.local/lib/python3.12/site-packages/airflow/example_dags/example_bash_decorator.py
[2024-05-24T06:13:53.033+0000] {processor.py:840} INFO - DAG(s) 'example_bash_decorator' retrieved from /home/airflow/.local/lib/python3.12/site-packages/airflow/example_dags/example_bash_decorator.py
[2024-05-24T06:13:53.041+0000] {logging_mixin.py:188} INFO - [2024-05-24T06:13:53.041+0000] {dag.py:3096} INFO - Sync 1 DAGs
[2024-05-24T06:13:53.046+0000] {logging_mixin.py:188} INFO - [2024-05-24T06:13:53.046+0000] {dag.py:3954} INFO - Setting next_dagrun for example_bash_decorator to None, run_after=None
[2024-05-24T06:13:53.051+0000] {processor.py:183} INFO - Processing /home/airflow/.local/lib/python3.12/site-packages/airflow/example_dags/example_bash_decorator.py took 0.027 seconds
[2024-05-24T06:26:09.909+0000] {processor.py:161} INFO - Started process (PID=7606) to work on /home/airflow/.local/lib/python3.12/site-packages/airflow/example_dags/example_bash_decorator.py
[2024-05-24T06:26:09.909+0000] {processor.py:830} INFO - Processing file /home/airflow/.local/lib/python3.12/site-packages/airflow/example_dags/example_bash_decorator.py for tasks to queue
[2024-05-24T06:26:09.910+0000] {logging_mixin.py:188} INFO - [2024-05-24T06:26:09.910+0000] {dagbag.py:545} INFO - Filling up the DagBag from /home/airflow/.local/lib/python3.12/site-packages/airflow/example_dags/example_bash_decorator.py
[2024-05-24T06:26:09.916+0000] {processor.py:840} INFO - DAG(s) 'example_bash_decorator' retrieved from /home/airflow/.local/lib/python3.12/site-packages/airflow/example_dags/example_bash_decorator.py
[2024-05-24T06:26:09.925+0000] {logging_mixin.py:188} INFO - [2024-05-24T06:26:09.924+0000] {dag.py:3096} INFO - Sync 1 DAGs
[2024-05-24T06:26:09.929+0000] {logging_mixin.py:188} INFO - [2024-05-24T06:26:09.929+0000] {dag.py:3954} INFO - Setting next_dagrun for example_bash_decorator to None, run_after=None
[2024-05-24T06:26:09.935+0000] {processor.py:183} INFO - Processing /home/airflow/.local/lib/python3.12/site-packages/airflow/example_dags/example_bash_decorator.py took 0.029 seconds
[2024-05-24T06:26:40.316+0000] {processor.py:161} INFO - Started process (PID=7862) to work on /home/airflow/.local/lib/python3.12/site-packages/airflow/example_dags/example_bash_decorator.py
[2024-05-24T06:26:40.316+0000] {processor.py:830} INFO - Processing file /home/airflow/.local/lib/python3.12/site-packages/airflow/example_dags/example_bash_decorator.py for tasks to queue
[2024-05-24T06:26:40.317+0000] {logging_mixin.py:188} INFO - [2024-05-24T06:26:40.317+0000] {dagbag.py:545} INFO - Filling up the DagBag from /home/airflow/.local/lib/python3.12/site-packages/airflow/example_dags/example_bash_decorator.py
[2024-05-24T06:26:40.322+0000] {processor.py:840} INFO - DAG(s) 'example_bash_decorator' retrieved from /home/airflow/.local/lib/python3.12/site-packages/airflow/example_dags/example_bash_decorator.py
[2024-05-24T06:26:40.330+0000] {logging_mixin.py:188} INFO - [2024-05-24T06:26:40.330+0000] {dag.py:3096} INFO - Sync 1 DAGs
[2024-05-24T06:26:40.334+0000] {logging_mixin.py:188} INFO - [2024-05-24T06:26:40.334+0000] {dag.py:3954} INFO - Setting next_dagrun for example_bash_decorator to None, run_after=None
[2024-05-24T06:26:40.340+0000] {processor.py:183} INFO - Processing /home/airflow/.local/lib/python3.12/site-packages/airflow/example_dags/example_bash_decorator.py took 0.027 seconds
[2024-05-24T06:27:10.754+0000] {processor.py:161} INFO - Started process (PID=8126) to work on /home/airflow/.local/lib/python3.12/site-packages/airflow/example_dags/example_bash_decorator.py
[2024-05-24T06:27:10.755+0000] {processor.py:830} INFO - Processing file /home/airflow/.local/lib/python3.12/site-packages/airflow/example_dags/example_bash_decorator.py for tasks to queue
[2024-05-24T06:27:10.756+0000] {logging_mixin.py:188} INFO - [2024-05-24T06:27:10.755+0000] {dagbag.py:545} INFO - Filling up the DagBag from /home/airflow/.local/lib/python3.12/site-packages/airflow/example_dags/example_bash_decorator.py
[2024-05-24T06:27:10.760+0000] {processor.py:840} INFO - DAG(s) 'example_bash_decorator' retrieved from /home/airflow/.local/lib/python3.12/site-packages/airflow/example_dags/example_bash_decorator.py
[2024-05-24T06:27:10.769+0000] {logging_mixin.py:188} INFO - [2024-05-24T06:27:10.769+0000] {dag.py:3096} INFO - Sync 1 DAGs
[2024-05-24T06:27:10.774+0000] {logging_mixin.py:188} INFO - [2024-05-24T06:27:10.774+0000] {dag.py:3954} INFO - Setting next_dagrun for example_bash_decorator to None, run_after=None
[2024-05-24T06:27:10.780+0000] {processor.py:183} INFO - Processing /home/airflow/.local/lib/python3.12/site-packages/airflow/example_dags/example_bash_decorator.py took 0.028 seconds
[2024-05-24T06:28:25.888+0000] {processor.py:161} INFO - Started process (PID=8391) to work on /home/airflow/.local/lib/python3.12/site-packages/airflow/example_dags/example_bash_decorator.py
[2024-05-24T06:28:25.888+0000] {processor.py:830} INFO - Processing file /home/airflow/.local/lib/python3.12/site-packages/airflow/example_dags/example_bash_decorator.py for tasks to queue
[2024-05-24T06:28:25.889+0000] {logging_mixin.py:188} INFO - [2024-05-24T06:28:25.889+0000] {dagbag.py:545} INFO - Filling up the DagBag from /home/airflow/.local/lib/python3.12/site-packages/airflow/example_dags/example_bash_decorator.py
[2024-05-24T06:28:25.894+0000] {processor.py:840} INFO - DAG(s) 'example_bash_decorator' retrieved from /home/airflow/.local/lib/python3.12/site-packages/airflow/example_dags/example_bash_decorator.py
[2024-05-24T06:28:25.904+0000] {logging_mixin.py:188} INFO - [2024-05-24T06:28:25.904+0000] {dag.py:3096} INFO - Sync 1 DAGs
[2024-05-24T06:28:25.908+0000] {logging_mixin.py:188} INFO - [2024-05-24T06:28:25.908+0000] {dag.py:3954} INFO - Setting next_dagrun for example_bash_decorator to None, run_after=None
[2024-05-24T06:28:25.915+0000] {processor.py:183} INFO - Processing /home/airflow/.local/lib/python3.12/site-packages/airflow/example_dags/example_bash_decorator.py took 0.030 seconds
[2024-05-24T06:28:56.255+0000] {processor.py:161} INFO - Started process (PID=8653) to work on /home/airflow/.local/lib/python3.12/site-packages/airflow/example_dags/example_bash_decorator.py
[2024-05-24T06:28:56.256+0000] {processor.py:830} INFO - Processing file /home/airflow/.local/lib/python3.12/site-packages/airflow/example_dags/example_bash_decorator.py for tasks to queue
[2024-05-24T06:28:56.256+0000] {logging_mixin.py:188} INFO - [2024-05-24T06:28:56.256+0000] {dagbag.py:545} INFO - Filling up the DagBag from /home/airflow/.local/lib/python3.12/site-packages/airflow/example_dags/example_bash_decorator.py
[2024-05-24T06:28:56.261+0000] {processor.py:840} INFO - DAG(s) 'example_bash_decorator' retrieved from /home/airflow/.local/lib/python3.12/site-packages/airflow/example_dags/example_bash_decorator.py
[2024-05-24T06:28:56.270+0000] {logging_mixin.py:188} INFO - [2024-05-24T06:28:56.270+0000] {dag.py:3096} INFO - Sync 1 DAGs
[2024-05-24T06:28:56.274+0000] {logging_mixin.py:188} INFO - [2024-05-24T06:28:56.274+0000] {dag.py:3954} INFO - Setting next_dagrun for example_bash_decorator to None, run_after=None
[2024-05-24T06:28:56.280+0000] {processor.py:183} INFO - Processing /home/airflow/.local/lib/python3.12/site-packages/airflow/example_dags/example_bash_decorator.py took 0.028 seconds
[2024-05-24T06:29:26.760+0000] {processor.py:161} INFO - Started process (PID=8915) to work on /home/airflow/.local/lib/python3.12/site-packages/airflow/example_dags/example_bash_decorator.py
[2024-05-24T06:29:26.761+0000] {processor.py:830} INFO - Processing file /home/airflow/.local/lib/python3.12/site-packages/airflow/example_dags/example_bash_decorator.py for tasks to queue
[2024-05-24T06:29:26.761+0000] {logging_mixin.py:188} INFO - [2024-05-24T06:29:26.761+0000] {dagbag.py:545} INFO - Filling up the DagBag from /home/airflow/.local/lib/python3.12/site-packages/airflow/example_dags/example_bash_decorator.py
[2024-05-24T06:29:26.766+0000] {processor.py:840} INFO - DAG(s) 'example_bash_decorator' retrieved from /home/airflow/.local/lib/python3.12/site-packages/airflow/example_dags/example_bash_decorator.py
[2024-05-24T06:29:26.774+0000] {logging_mixin.py:188} INFO - [2024-05-24T06:29:26.774+0000] {dag.py:3096} INFO - Sync 1 DAGs
[2024-05-24T06:29:26.778+0000] {logging_mixin.py:188} INFO - [2024-05-24T06:29:26.778+0000] {dag.py:3954} INFO - Setting next_dagrun for example_bash_decorator to None, run_after=None
[2024-05-24T06:29:26.784+0000] {processor.py:183} INFO - Processing /home/airflow/.local/lib/python3.12/site-packages/airflow/example_dags/example_bash_decorator.py took 0.026 seconds
[2024-05-24T06:29:57.142+0000] {processor.py:161} INFO - Started process (PID=9177) to work on /home/airflow/.local/lib/python3.12/site-packages/airflow/example_dags/example_bash_decorator.py
[2024-05-24T06:29:57.142+0000] {processor.py:830} INFO - Processing file /home/airflow/.local/lib/python3.12/site-packages/airflow/example_dags/example_bash_decorator.py for tasks to queue
[2024-05-24T06:29:57.143+0000] {logging_mixin.py:188} INFO - [2024-05-24T06:29:57.143+0000] {dagbag.py:545} INFO - Filling up the DagBag from /home/airflow/.local/lib/python3.12/site-packages/airflow/example_dags/example_bash_decorator.py
[2024-05-24T06:29:57.147+0000] {processor.py:840} INFO - DAG(s) 'example_bash_decorator' retrieved from /home/airflow/.local/lib/python3.12/site-packages/airflow/example_dags/example_bash_decorator.py
[2024-05-24T06:29:57.156+0000] {logging_mixin.py:188} INFO - [2024-05-24T06:29:57.156+0000] {dag.py:3096} INFO - Sync 1 DAGs
[2024-05-24T06:29:57.160+0000] {logging_mixin.py:188} INFO - [2024-05-24T06:29:57.160+0000] {dag.py:3954} INFO - Setting next_dagrun for example_bash_decorator to None, run_after=None
[2024-05-24T06:29:57.166+0000] {processor.py:183} INFO - Processing /home/airflow/.local/lib/python3.12/site-packages/airflow/example_dags/example_bash_decorator.py took 0.026 seconds
[2024-05-24T06:32:50.750+0000] {processor.py:161} INFO - Started process (PID=9439) to work on /home/airflow/.local/lib/python3.12/site-packages/airflow/example_dags/example_bash_decorator.py
[2024-05-24T06:32:50.750+0000] {processor.py:830} INFO - Processing file /home/airflow/.local/lib/python3.12/site-packages/airflow/example_dags/example_bash_decorator.py for tasks to queue
[2024-05-24T06:32:50.751+0000] {logging_mixin.py:188} INFO - [2024-05-24T06:32:50.751+0000] {dagbag.py:545} INFO - Filling up the DagBag from /home/airflow/.local/lib/python3.12/site-packages/airflow/example_dags/example_bash_decorator.py
[2024-05-24T06:32:50.756+0000] {processor.py:840} INFO - DAG(s) 'example_bash_decorator' retrieved from /home/airflow/.local/lib/python3.12/site-packages/airflow/example_dags/example_bash_decorator.py
[2024-05-24T06:32:50.765+0000] {logging_mixin.py:188} INFO - [2024-05-24T06:32:50.765+0000] {dag.py:3096} INFO - Sync 1 DAGs
[2024-05-24T06:32:50.769+0000] {logging_mixin.py:188} INFO - [2024-05-24T06:32:50.769+0000] {dag.py:3954} INFO - Setting next_dagrun for example_bash_decorator to None, run_after=None
[2024-05-24T06:32:50.776+0000] {processor.py:183} INFO - Processing /home/airflow/.local/lib/python3.12/site-packages/airflow/example_dags/example_bash_decorator.py took 0.028 seconds
[2024-05-24T06:34:33.861+0000] {processor.py:161} INFO - Started process (PID=9701) to work on /home/airflow/.local/lib/python3.12/site-packages/airflow/example_dags/example_bash_decorator.py
[2024-05-24T06:34:33.861+0000] {processor.py:830} INFO - Processing file /home/airflow/.local/lib/python3.12/site-packages/airflow/example_dags/example_bash_decorator.py for tasks to queue
[2024-05-24T06:34:33.862+0000] {logging_mixin.py:188} INFO - [2024-05-24T06:34:33.862+0000] {dagbag.py:545} INFO - Filling up the DagBag from /home/airflow/.local/lib/python3.12/site-packages/airflow/example_dags/example_bash_decorator.py
[2024-05-24T06:34:33.867+0000] {processor.py:840} INFO - DAG(s) 'example_bash_decorator' retrieved from /home/airflow/.local/lib/python3.12/site-packages/airflow/example_dags/example_bash_decorator.py
[2024-05-24T06:34:33.875+0000] {logging_mixin.py:188} INFO - [2024-05-24T06:34:33.875+0000] {dag.py:3096} INFO - Sync 1 DAGs
[2024-05-24T06:34:33.880+0000] {logging_mixin.py:188} INFO - [2024-05-24T06:34:33.880+0000] {dag.py:3954} INFO - Setting next_dagrun for example_bash_decorator to None, run_after=None
[2024-05-24T06:34:33.887+0000] {processor.py:183} INFO - Processing /home/airflow/.local/lib/python3.12/site-packages/airflow/example_dags/example_bash_decorator.py took 0.028 seconds
[2024-05-24T06:35:04.466+0000] {processor.py:161} INFO - Started process (PID=9963) to work on /home/airflow/.local/lib/python3.12/site-packages/airflow/example_dags/example_bash_decorator.py
[2024-05-24T06:35:04.467+0000] {processor.py:830} INFO - Processing file /home/airflow/.local/lib/python3.12/site-packages/airflow/example_dags/example_bash_decorator.py for tasks to queue
[2024-05-24T06:35:04.467+0000] {logging_mixin.py:188} INFO - [2024-05-24T06:35:04.467+0000] {dagbag.py:545} INFO - Filling up the DagBag from /home/airflow/.local/lib/python3.12/site-packages/airflow/example_dags/example_bash_decorator.py
[2024-05-24T06:35:04.472+0000] {processor.py:840} INFO - DAG(s) 'example_bash_decorator' retrieved from /home/airflow/.local/lib/python3.12/site-packages/airflow/example_dags/example_bash_decorator.py
[2024-05-24T06:35:04.481+0000] {logging_mixin.py:188} INFO - [2024-05-24T06:35:04.481+0000] {dag.py:3096} INFO - Sync 1 DAGs
[2024-05-24T06:35:04.485+0000] {logging_mixin.py:188} INFO - [2024-05-24T06:35:04.485+0000] {dag.py:3954} INFO - Setting next_dagrun for example_bash_decorator to None, run_after=None
[2024-05-24T06:35:04.491+0000] {processor.py:183} INFO - Processing /home/airflow/.local/lib/python3.12/site-packages/airflow/example_dags/example_bash_decorator.py took 0.027 seconds
[2024-05-24T06:50:34.242+0000] {processor.py:161} INFO - Started process (PID=10225) to work on /home/airflow/.local/lib/python3.12/site-packages/airflow/example_dags/example_bash_decorator.py
[2024-05-24T06:50:34.242+0000] {processor.py:830} INFO - Processing file /home/airflow/.local/lib/python3.12/site-packages/airflow/example_dags/example_bash_decorator.py for tasks to queue
[2024-05-24T06:50:34.243+0000] {logging_mixin.py:188} INFO - [2024-05-24T06:50:34.243+0000] {dagbag.py:545} INFO - Filling up the DagBag from /home/airflow/.local/lib/python3.12/site-packages/airflow/example_dags/example_bash_decorator.py
[2024-05-24T06:50:34.248+0000] {processor.py:840} INFO - DAG(s) 'example_bash_decorator' retrieved from /home/airflow/.local/lib/python3.12/site-packages/airflow/example_dags/example_bash_decorator.py
[2024-05-24T06:50:34.256+0000] {logging_mixin.py:188} INFO - [2024-05-24T06:50:34.256+0000] {dag.py:3096} INFO - Sync 1 DAGs
[2024-05-24T06:50:34.260+0000] {logging_mixin.py:188} INFO - [2024-05-24T06:50:34.260+0000] {dag.py:3954} INFO - Setting next_dagrun for example_bash_decorator to None, run_after=None
[2024-05-24T06:50:34.267+0000] {processor.py:183} INFO - Processing /home/airflow/.local/lib/python3.12/site-packages/airflow/example_dags/example_bash_decorator.py took 0.027 seconds
[2024-05-24T07:06:10.845+0000] {processor.py:161} INFO - Started process (PID=10487) to work on /home/airflow/.local/lib/python3.12/site-packages/airflow/example_dags/example_bash_decorator.py
[2024-05-24T07:06:10.845+0000] {processor.py:830} INFO - Processing file /home/airflow/.local/lib/python3.12/site-packages/airflow/example_dags/example_bash_decorator.py for tasks to queue
[2024-05-24T07:06:10.846+0000] {logging_mixin.py:188} INFO - [2024-05-24T07:06:10.846+0000] {dagbag.py:545} INFO - Filling up the DagBag from /home/airflow/.local/lib/python3.12/site-packages/airflow/example_dags/example_bash_decorator.py
[2024-05-24T07:06:10.851+0000] {processor.py:840} INFO - DAG(s) 'example_bash_decorator' retrieved from /home/airflow/.local/lib/python3.12/site-packages/airflow/example_dags/example_bash_decorator.py
[2024-05-24T07:06:10.860+0000] {logging_mixin.py:188} INFO - [2024-05-24T07:06:10.860+0000] {dag.py:3096} INFO - Sync 1 DAGs
[2024-05-24T07:06:10.865+0000] {logging_mixin.py:188} INFO - [2024-05-24T07:06:10.865+0000] {dag.py:3954} INFO - Setting next_dagrun for example_bash_decorator to None, run_after=None
[2024-05-24T07:06:10.871+0000] {processor.py:183} INFO - Processing /home/airflow/.local/lib/python3.12/site-packages/airflow/example_dags/example_bash_decorator.py took 0.028 seconds
[2024-05-24T07:30:09.046+0000] {processor.py:161} INFO - Started process (PID=10749) to work on /home/airflow/.local/lib/python3.12/site-packages/airflow/example_dags/example_bash_decorator.py
[2024-05-24T07:30:09.047+0000] {processor.py:830} INFO - Processing file /home/airflow/.local/lib/python3.12/site-packages/airflow/example_dags/example_bash_decorator.py for tasks to queue
[2024-05-24T07:30:09.047+0000] {logging_mixin.py:188} INFO - [2024-05-24T07:30:09.047+0000] {dagbag.py:545} INFO - Filling up the DagBag from /home/airflow/.local/lib/python3.12/site-packages/airflow/example_dags/example_bash_decorator.py
[2024-05-24T07:30:09.053+0000] {processor.py:840} INFO - DAG(s) 'example_bash_decorator' retrieved from /home/airflow/.local/lib/python3.12/site-packages/airflow/example_dags/example_bash_decorator.py
[2024-05-24T07:30:09.062+0000] {logging_mixin.py:188} INFO - [2024-05-24T07:30:09.062+0000] {dag.py:3096} INFO - Sync 1 DAGs
[2024-05-24T07:30:09.067+0000] {logging_mixin.py:188} INFO - [2024-05-24T07:30:09.066+0000] {dag.py:3954} INFO - Setting next_dagrun for example_bash_decorator to None, run_after=None
[2024-05-24T07:30:09.073+0000] {processor.py:183} INFO - Processing /home/airflow/.local/lib/python3.12/site-packages/airflow/example_dags/example_bash_decorator.py took 0.028 seconds
[2024-05-24T07:30:39.881+0000] {processor.py:161} INFO - Started process (PID=11013) to work on /home/airflow/.local/lib/python3.12/site-packages/airflow/example_dags/example_bash_decorator.py
[2024-05-24T07:30:39.882+0000] {processor.py:830} INFO - Processing file /home/airflow/.local/lib/python3.12/site-packages/airflow/example_dags/example_bash_decorator.py for tasks to queue
[2024-05-24T07:30:39.882+0000] {logging_mixin.py:188} INFO - [2024-05-24T07:30:39.882+0000] {dagbag.py:545} INFO - Filling up the DagBag from /home/airflow/.local/lib/python3.12/site-packages/airflow/example_dags/example_bash_decorator.py
[2024-05-24T07:30:39.888+0000] {processor.py:840} INFO - DAG(s) 'example_bash_decorator' retrieved from /home/airflow/.local/lib/python3.12/site-packages/airflow/example_dags/example_bash_decorator.py
[2024-05-24T07:30:39.897+0000] {logging_mixin.py:188} INFO - [2024-05-24T07:30:39.897+0000] {dag.py:3096} INFO - Sync 1 DAGs
[2024-05-24T07:30:39.965+0000] {logging_mixin.py:188} INFO - [2024-05-24T07:30:39.965+0000] {dag.py:3954} INFO - Setting next_dagrun for example_bash_decorator to None, run_after=None
[2024-05-24T07:30:39.972+0000] {processor.py:183} INFO - Processing /home/airflow/.local/lib/python3.12/site-packages/airflow/example_dags/example_bash_decorator.py took 0.093 seconds
[2024-05-24T07:31:10.186+0000] {processor.py:161} INFO - Started process (PID=11273) to work on /home/airflow/.local/lib/python3.12/site-packages/airflow/example_dags/example_bash_decorator.py
[2024-05-24T07:31:10.187+0000] {processor.py:830} INFO - Processing file /home/airflow/.local/lib/python3.12/site-packages/airflow/example_dags/example_bash_decorator.py for tasks to queue
[2024-05-24T07:31:10.187+0000] {logging_mixin.py:188} INFO - [2024-05-24T07:31:10.187+0000] {dagbag.py:545} INFO - Filling up the DagBag from /home/airflow/.local/lib/python3.12/site-packages/airflow/example_dags/example_bash_decorator.py
[2024-05-24T07:31:10.193+0000] {processor.py:840} INFO - DAG(s) 'example_bash_decorator' retrieved from /home/airflow/.local/lib/python3.12/site-packages/airflow/example_dags/example_bash_decorator.py
[2024-05-24T07:31:10.201+0000] {logging_mixin.py:188} INFO - [2024-05-24T07:31:10.201+0000] {dag.py:3096} INFO - Sync 1 DAGs
[2024-05-24T07:31:10.206+0000] {logging_mixin.py:188} INFO - [2024-05-24T07:31:10.205+0000] {dag.py:3954} INFO - Setting next_dagrun for example_bash_decorator to None, run_after=None
[2024-05-24T07:31:10.212+0000] {processor.py:183} INFO - Processing /home/airflow/.local/lib/python3.12/site-packages/airflow/example_dags/example_bash_decorator.py took 0.028 seconds
[2024-05-24T07:31:40.567+0000] {processor.py:161} INFO - Started process (PID=11530) to work on /home/airflow/.local/lib/python3.12/site-packages/airflow/example_dags/example_bash_decorator.py
[2024-05-24T07:31:40.569+0000] {processor.py:830} INFO - Processing file /home/airflow/.local/lib/python3.12/site-packages/airflow/example_dags/example_bash_decorator.py for tasks to queue
[2024-05-24T07:31:40.570+0000] {logging_mixin.py:188} INFO - [2024-05-24T07:31:40.570+0000] {dagbag.py:545} INFO - Filling up the DagBag from /home/airflow/.local/lib/python3.12/site-packages/airflow/example_dags/example_bash_decorator.py
[2024-05-24T07:31:40.575+0000] {processor.py:840} INFO - DAG(s) 'example_bash_decorator' retrieved from /home/airflow/.local/lib/python3.12/site-packages/airflow/example_dags/example_bash_decorator.py
[2024-05-24T07:31:40.583+0000] {logging_mixin.py:188} INFO - [2024-05-24T07:31:40.583+0000] {dag.py:3096} INFO - Sync 1 DAGs
[2024-05-24T07:31:40.588+0000] {logging_mixin.py:188} INFO - [2024-05-24T07:31:40.588+0000] {dag.py:3954} INFO - Setting next_dagrun for example_bash_decorator to None, run_after=None
[2024-05-24T07:31:40.594+0000] {processor.py:183} INFO - Processing /home/airflow/.local/lib/python3.12/site-packages/airflow/example_dags/example_bash_decorator.py took 0.030 seconds
[2024-05-24T07:32:10.934+0000] {processor.py:161} INFO - Started process (PID=11797) to work on /home/airflow/.local/lib/python3.12/site-packages/airflow/example_dags/example_bash_decorator.py
[2024-05-24T07:32:10.934+0000] {processor.py:830} INFO - Processing file /home/airflow/.local/lib/python3.12/site-packages/airflow/example_dags/example_bash_decorator.py for tasks to queue
[2024-05-24T07:32:10.935+0000] {logging_mixin.py:188} INFO - [2024-05-24T07:32:10.935+0000] {dagbag.py:545} INFO - Filling up the DagBag from /home/airflow/.local/lib/python3.12/site-packages/airflow/example_dags/example_bash_decorator.py
[2024-05-24T07:32:10.940+0000] {processor.py:840} INFO - DAG(s) 'example_bash_decorator' retrieved from /home/airflow/.local/lib/python3.12/site-packages/airflow/example_dags/example_bash_decorator.py
[2024-05-24T07:32:10.948+0000] {logging_mixin.py:188} INFO - [2024-05-24T07:32:10.948+0000] {dag.py:3096} INFO - Sync 1 DAGs
[2024-05-24T07:32:10.953+0000] {logging_mixin.py:188} INFO - [2024-05-24T07:32:10.953+0000] {dag.py:3954} INFO - Setting next_dagrun for example_bash_decorator to None, run_after=None
[2024-05-24T07:32:10.959+0000] {processor.py:183} INFO - Processing /home/airflow/.local/lib/python3.12/site-packages/airflow/example_dags/example_bash_decorator.py took 0.027 seconds
[2024-05-24T07:32:58.756+0000] {processor.py:161} INFO - Started process (PID=12059) to work on /home/airflow/.local/lib/python3.12/site-packages/airflow/example_dags/example_bash_decorator.py
[2024-05-24T07:32:58.757+0000] {processor.py:830} INFO - Processing file /home/airflow/.local/lib/python3.12/site-packages/airflow/example_dags/example_bash_decorator.py for tasks to queue
[2024-05-24T07:32:58.757+0000] {logging_mixin.py:188} INFO - [2024-05-24T07:32:58.757+0000] {dagbag.py:545} INFO - Filling up the DagBag from /home/airflow/.local/lib/python3.12/site-packages/airflow/example_dags/example_bash_decorator.py
[2024-05-24T07:32:58.762+0000] {processor.py:840} INFO - DAG(s) 'example_bash_decorator' retrieved from /home/airflow/.local/lib/python3.12/site-packages/airflow/example_dags/example_bash_decorator.py
[2024-05-24T07:32:58.772+0000] {logging_mixin.py:188} INFO - [2024-05-24T07:32:58.772+0000] {dag.py:3096} INFO - Sync 1 DAGs
[2024-05-24T07:32:58.776+0000] {logging_mixin.py:188} INFO - [2024-05-24T07:32:58.776+0000] {dag.py:3954} INFO - Setting next_dagrun for example_bash_decorator to None, run_after=None
[2024-05-24T07:32:58.783+0000] {processor.py:183} INFO - Processing /home/airflow/.local/lib/python3.12/site-packages/airflow/example_dags/example_bash_decorator.py took 0.029 seconds
[2024-05-24T07:33:29.133+0000] {processor.py:161} INFO - Started process (PID=12321) to work on /home/airflow/.local/lib/python3.12/site-packages/airflow/example_dags/example_bash_decorator.py
[2024-05-24T07:33:29.133+0000] {processor.py:830} INFO - Processing file /home/airflow/.local/lib/python3.12/site-packages/airflow/example_dags/example_bash_decorator.py for tasks to queue
[2024-05-24T07:33:29.134+0000] {logging_mixin.py:188} INFO - [2024-05-24T07:33:29.134+0000] {dagbag.py:545} INFO - Filling up the DagBag from /home/airflow/.local/lib/python3.12/site-packages/airflow/example_dags/example_bash_decorator.py
[2024-05-24T07:33:29.139+0000] {processor.py:840} INFO - DAG(s) 'example_bash_decorator' retrieved from /home/airflow/.local/lib/python3.12/site-packages/airflow/example_dags/example_bash_decorator.py
[2024-05-24T07:33:29.147+0000] {logging_mixin.py:188} INFO - [2024-05-24T07:33:29.147+0000] {dag.py:3096} INFO - Sync 1 DAGs
[2024-05-24T07:33:29.152+0000] {logging_mixin.py:188} INFO - [2024-05-24T07:33:29.152+0000] {dag.py:3954} INFO - Setting next_dagrun for example_bash_decorator to None, run_after=None
[2024-05-24T07:33:29.158+0000] {processor.py:183} INFO - Processing /home/airflow/.local/lib/python3.12/site-packages/airflow/example_dags/example_bash_decorator.py took 0.028 seconds
[2024-05-24T07:33:59.469+0000] {processor.py:161} INFO - Started process (PID=12583) to work on /home/airflow/.local/lib/python3.12/site-packages/airflow/example_dags/example_bash_decorator.py
[2024-05-24T07:33:59.470+0000] {processor.py:830} INFO - Processing file /home/airflow/.local/lib/python3.12/site-packages/airflow/example_dags/example_bash_decorator.py for tasks to queue
[2024-05-24T07:33:59.470+0000] {logging_mixin.py:188} INFO - [2024-05-24T07:33:59.470+0000] {dagbag.py:545} INFO - Filling up the DagBag from /home/airflow/.local/lib/python3.12/site-packages/airflow/example_dags/example_bash_decorator.py
[2024-05-24T07:33:59.476+0000] {processor.py:840} INFO - DAG(s) 'example_bash_decorator' retrieved from /home/airflow/.local/lib/python3.12/site-packages/airflow/example_dags/example_bash_decorator.py
[2024-05-24T07:33:59.484+0000] {logging_mixin.py:188} INFO - [2024-05-24T07:33:59.484+0000] {dag.py:3096} INFO - Sync 1 DAGs
[2024-05-24T07:33:59.489+0000] {logging_mixin.py:188} INFO - [2024-05-24T07:33:59.489+0000] {dag.py:3954} INFO - Setting next_dagrun for example_bash_decorator to None, run_after=None
[2024-05-24T07:33:59.495+0000] {processor.py:183} INFO - Processing /home/airflow/.local/lib/python3.12/site-packages/airflow/example_dags/example_bash_decorator.py took 0.028 seconds
[2024-05-24T07:34:29.837+0000] {processor.py:161} INFO - Started process (PID=12839) to work on /home/airflow/.local/lib/python3.12/site-packages/airflow/example_dags/example_bash_decorator.py
[2024-05-24T07:34:29.837+0000] {processor.py:830} INFO - Processing file /home/airflow/.local/lib/python3.12/site-packages/airflow/example_dags/example_bash_decorator.py for tasks to queue
[2024-05-24T07:34:29.838+0000] {logging_mixin.py:188} INFO - [2024-05-24T07:34:29.838+0000] {dagbag.py:545} INFO - Filling up the DagBag from /home/airflow/.local/lib/python3.12/site-packages/airflow/example_dags/example_bash_decorator.py
[2024-05-24T07:34:29.843+0000] {processor.py:840} INFO - DAG(s) 'example_bash_decorator' retrieved from /home/airflow/.local/lib/python3.12/site-packages/airflow/example_dags/example_bash_decorator.py
[2024-05-24T07:34:29.852+0000] {logging_mixin.py:188} INFO - [2024-05-24T07:34:29.852+0000] {dag.py:3096} INFO - Sync 1 DAGs
[2024-05-24T07:34:29.856+0000] {logging_mixin.py:188} INFO - [2024-05-24T07:34:29.856+0000] {dag.py:3954} INFO - Setting next_dagrun for example_bash_decorator to None, run_after=None
[2024-05-24T07:34:29.863+0000] {processor.py:183} INFO - Processing /home/airflow/.local/lib/python3.12/site-packages/airflow/example_dags/example_bash_decorator.py took 0.028 seconds
[2024-05-24T07:35:00.386+0000] {processor.py:161} INFO - Started process (PID=13106) to work on /home/airflow/.local/lib/python3.12/site-packages/airflow/example_dags/example_bash_decorator.py
[2024-05-24T07:35:00.386+0000] {processor.py:830} INFO - Processing file /home/airflow/.local/lib/python3.12/site-packages/airflow/example_dags/example_bash_decorator.py for tasks to queue
[2024-05-24T07:35:00.387+0000] {logging_mixin.py:188} INFO - [2024-05-24T07:35:00.387+0000] {dagbag.py:545} INFO - Filling up the DagBag from /home/airflow/.local/lib/python3.12/site-packages/airflow/example_dags/example_bash_decorator.py
[2024-05-24T07:35:00.392+0000] {processor.py:840} INFO - DAG(s) 'example_bash_decorator' retrieved from /home/airflow/.local/lib/python3.12/site-packages/airflow/example_dags/example_bash_decorator.py
[2024-05-24T07:35:00.400+0000] {logging_mixin.py:188} INFO - [2024-05-24T07:35:00.400+0000] {dag.py:3096} INFO - Sync 1 DAGs
[2024-05-24T07:35:00.405+0000] {logging_mixin.py:188} INFO - [2024-05-24T07:35:00.405+0000] {dag.py:3954} INFO - Setting next_dagrun for example_bash_decorator to None, run_after=None
[2024-05-24T07:35:00.411+0000] {processor.py:183} INFO - Processing /home/airflow/.local/lib/python3.12/site-packages/airflow/example_dags/example_bash_decorator.py took 0.028 seconds
[2024-05-24T07:35:30.732+0000] {processor.py:161} INFO - Started process (PID=13368) to work on /home/airflow/.local/lib/python3.12/site-packages/airflow/example_dags/example_bash_decorator.py
[2024-05-24T07:35:30.732+0000] {processor.py:830} INFO - Processing file /home/airflow/.local/lib/python3.12/site-packages/airflow/example_dags/example_bash_decorator.py for tasks to queue
[2024-05-24T07:35:30.733+0000] {logging_mixin.py:188} INFO - [2024-05-24T07:35:30.733+0000] {dagbag.py:545} INFO - Filling up the DagBag from /home/airflow/.local/lib/python3.12/site-packages/airflow/example_dags/example_bash_decorator.py
[2024-05-24T07:35:30.738+0000] {processor.py:840} INFO - DAG(s) 'example_bash_decorator' retrieved from /home/airflow/.local/lib/python3.12/site-packages/airflow/example_dags/example_bash_decorator.py
[2024-05-24T07:35:30.747+0000] {logging_mixin.py:188} INFO - [2024-05-24T07:35:30.747+0000] {dag.py:3096} INFO - Sync 1 DAGs
[2024-05-24T07:35:30.752+0000] {logging_mixin.py:188} INFO - [2024-05-24T07:35:30.752+0000] {dag.py:3954} INFO - Setting next_dagrun for example_bash_decorator to None, run_after=None
[2024-05-24T07:35:30.758+0000] {processor.py:183} INFO - Processing /home/airflow/.local/lib/python3.12/site-packages/airflow/example_dags/example_bash_decorator.py took 0.028 seconds
[2024-05-24T07:36:01.098+0000] {processor.py:161} INFO - Started process (PID=13630) to work on /home/airflow/.local/lib/python3.12/site-packages/airflow/example_dags/example_bash_decorator.py
[2024-05-24T07:36:01.098+0000] {processor.py:830} INFO - Processing file /home/airflow/.local/lib/python3.12/site-packages/airflow/example_dags/example_bash_decorator.py for tasks to queue
[2024-05-24T07:36:01.099+0000] {logging_mixin.py:188} INFO - [2024-05-24T07:36:01.099+0000] {dagbag.py:545} INFO - Filling up the DagBag from /home/airflow/.local/lib/python3.12/site-packages/airflow/example_dags/example_bash_decorator.py
[2024-05-24T07:36:01.104+0000] {processor.py:840} INFO - DAG(s) 'example_bash_decorator' retrieved from /home/airflow/.local/lib/python3.12/site-packages/airflow/example_dags/example_bash_decorator.py
[2024-05-24T07:36:01.112+0000] {logging_mixin.py:188} INFO - [2024-05-24T07:36:01.112+0000] {dag.py:3096} INFO - Sync 1 DAGs
[2024-05-24T07:36:01.117+0000] {logging_mixin.py:188} INFO - [2024-05-24T07:36:01.117+0000] {dag.py:3954} INFO - Setting next_dagrun for example_bash_decorator to None, run_after=None
[2024-05-24T07:36:01.123+0000] {processor.py:183} INFO - Processing /home/airflow/.local/lib/python3.12/site-packages/airflow/example_dags/example_bash_decorator.py took 0.028 seconds
[2024-05-24T07:36:31.591+0000] {processor.py:161} INFO - Started process (PID=13892) to work on /home/airflow/.local/lib/python3.12/site-packages/airflow/example_dags/example_bash_decorator.py
[2024-05-24T07:36:31.591+0000] {processor.py:830} INFO - Processing file /home/airflow/.local/lib/python3.12/site-packages/airflow/example_dags/example_bash_decorator.py for tasks to queue
[2024-05-24T07:36:31.592+0000] {logging_mixin.py:188} INFO - [2024-05-24T07:36:31.592+0000] {dagbag.py:545} INFO - Filling up the DagBag from /home/airflow/.local/lib/python3.12/site-packages/airflow/example_dags/example_bash_decorator.py
[2024-05-24T07:36:31.597+0000] {processor.py:840} INFO - DAG(s) 'example_bash_decorator' retrieved from /home/airflow/.local/lib/python3.12/site-packages/airflow/example_dags/example_bash_decorator.py
[2024-05-24T07:36:31.606+0000] {logging_mixin.py:188} INFO - [2024-05-24T07:36:31.606+0000] {dag.py:3096} INFO - Sync 1 DAGs
[2024-05-24T07:36:31.610+0000] {logging_mixin.py:188} INFO - [2024-05-24T07:36:31.610+0000] {dag.py:3954} INFO - Setting next_dagrun for example_bash_decorator to None, run_after=None
[2024-05-24T07:36:31.617+0000] {processor.py:183} INFO - Processing /home/airflow/.local/lib/python3.12/site-packages/airflow/example_dags/example_bash_decorator.py took 0.028 seconds
[2024-05-24T07:37:01.946+0000] {processor.py:161} INFO - Started process (PID=14154) to work on /home/airflow/.local/lib/python3.12/site-packages/airflow/example_dags/example_bash_decorator.py
[2024-05-24T07:37:01.946+0000] {processor.py:830} INFO - Processing file /home/airflow/.local/lib/python3.12/site-packages/airflow/example_dags/example_bash_decorator.py for tasks to queue
[2024-05-24T07:37:01.947+0000] {logging_mixin.py:188} INFO - [2024-05-24T07:37:01.947+0000] {dagbag.py:545} INFO - Filling up the DagBag from /home/airflow/.local/lib/python3.12/site-packages/airflow/example_dags/example_bash_decorator.py
[2024-05-24T07:37:01.952+0000] {processor.py:840} INFO - DAG(s) 'example_bash_decorator' retrieved from /home/airflow/.local/lib/python3.12/site-packages/airflow/example_dags/example_bash_decorator.py
[2024-05-24T07:37:01.961+0000] {logging_mixin.py:188} INFO - [2024-05-24T07:37:01.961+0000] {dag.py:3096} INFO - Sync 1 DAGs
[2024-05-24T07:37:01.966+0000] {logging_mixin.py:188} INFO - [2024-05-24T07:37:01.966+0000] {dag.py:3954} INFO - Setting next_dagrun for example_bash_decorator to None, run_after=None
[2024-05-24T07:37:01.973+0000] {processor.py:183} INFO - Processing /home/airflow/.local/lib/python3.12/site-packages/airflow/example_dags/example_bash_decorator.py took 0.029 seconds
[2024-05-24T07:37:32.292+0000] {processor.py:161} INFO - Started process (PID=14411) to work on /home/airflow/.local/lib/python3.12/site-packages/airflow/example_dags/example_bash_decorator.py
[2024-05-24T07:37:32.292+0000] {processor.py:830} INFO - Processing file /home/airflow/.local/lib/python3.12/site-packages/airflow/example_dags/example_bash_decorator.py for tasks to queue
[2024-05-24T07:37:32.293+0000] {logging_mixin.py:188} INFO - [2024-05-24T07:37:32.293+0000] {dagbag.py:545} INFO - Filling up the DagBag from /home/airflow/.local/lib/python3.12/site-packages/airflow/example_dags/example_bash_decorator.py
[2024-05-24T07:37:32.298+0000] {processor.py:840} INFO - DAG(s) 'example_bash_decorator' retrieved from /home/airflow/.local/lib/python3.12/site-packages/airflow/example_dags/example_bash_decorator.py
[2024-05-24T07:37:32.307+0000] {logging_mixin.py:188} INFO - [2024-05-24T07:37:32.306+0000] {dag.py:3096} INFO - Sync 1 DAGs
[2024-05-24T07:37:32.311+0000] {logging_mixin.py:188} INFO - [2024-05-24T07:37:32.311+0000] {dag.py:3954} INFO - Setting next_dagrun for example_bash_decorator to None, run_after=None
[2024-05-24T07:37:32.317+0000] {processor.py:183} INFO - Processing /home/airflow/.local/lib/python3.12/site-packages/airflow/example_dags/example_bash_decorator.py took 0.028 seconds
[2024-05-24T07:38:02.817+0000] {processor.py:161} INFO - Started process (PID=14678) to work on /home/airflow/.local/lib/python3.12/site-packages/airflow/example_dags/example_bash_decorator.py
[2024-05-24T07:38:02.817+0000] {processor.py:830} INFO - Processing file /home/airflow/.local/lib/python3.12/site-packages/airflow/example_dags/example_bash_decorator.py for tasks to queue
[2024-05-24T07:38:02.818+0000] {logging_mixin.py:188} INFO - [2024-05-24T07:38:02.818+0000] {dagbag.py:545} INFO - Filling up the DagBag from /home/airflow/.local/lib/python3.12/site-packages/airflow/example_dags/example_bash_decorator.py
[2024-05-24T07:38:02.824+0000] {processor.py:840} INFO - DAG(s) 'example_bash_decorator' retrieved from /home/airflow/.local/lib/python3.12/site-packages/airflow/example_dags/example_bash_decorator.py
[2024-05-24T07:38:02.832+0000] {logging_mixin.py:188} INFO - [2024-05-24T07:38:02.832+0000] {dag.py:3096} INFO - Sync 1 DAGs
[2024-05-24T07:38:02.837+0000] {logging_mixin.py:188} INFO - [2024-05-24T07:38:02.837+0000] {dag.py:3954} INFO - Setting next_dagrun for example_bash_decorator to None, run_after=None
[2024-05-24T07:38:02.843+0000] {processor.py:183} INFO - Processing /home/airflow/.local/lib/python3.12/site-packages/airflow/example_dags/example_bash_decorator.py took 0.028 seconds
[2024-05-24T07:38:33.173+0000] {processor.py:161} INFO - Started process (PID=14940) to work on /home/airflow/.local/lib/python3.12/site-packages/airflow/example_dags/example_bash_decorator.py
[2024-05-24T07:38:33.173+0000] {processor.py:830} INFO - Processing file /home/airflow/.local/lib/python3.12/site-packages/airflow/example_dags/example_bash_decorator.py for tasks to queue
[2024-05-24T07:38:33.174+0000] {logging_mixin.py:188} INFO - [2024-05-24T07:38:33.174+0000] {dagbag.py:545} INFO - Filling up the DagBag from /home/airflow/.local/lib/python3.12/site-packages/airflow/example_dags/example_bash_decorator.py
[2024-05-24T07:38:33.179+0000] {processor.py:840} INFO - DAG(s) 'example_bash_decorator' retrieved from /home/airflow/.local/lib/python3.12/site-packages/airflow/example_dags/example_bash_decorator.py
[2024-05-24T07:38:33.188+0000] {logging_mixin.py:188} INFO - [2024-05-24T07:38:33.187+0000] {dag.py:3096} INFO - Sync 1 DAGs
[2024-05-24T07:38:33.192+0000] {logging_mixin.py:188} INFO - [2024-05-24T07:38:33.192+0000] {dag.py:3954} INFO - Setting next_dagrun for example_bash_decorator to None, run_after=None
[2024-05-24T07:38:33.198+0000] {processor.py:183} INFO - Processing /home/airflow/.local/lib/python3.12/site-packages/airflow/example_dags/example_bash_decorator.py took 0.028 seconds
[2024-05-24T07:39:03.487+0000] {processor.py:161} INFO - Started process (PID=15202) to work on /home/airflow/.local/lib/python3.12/site-packages/airflow/example_dags/example_bash_decorator.py
[2024-05-24T07:39:03.487+0000] {processor.py:830} INFO - Processing file /home/airflow/.local/lib/python3.12/site-packages/airflow/example_dags/example_bash_decorator.py for tasks to queue
[2024-05-24T07:39:03.488+0000] {logging_mixin.py:188} INFO - [2024-05-24T07:39:03.488+0000] {dagbag.py:545} INFO - Filling up the DagBag from /home/airflow/.local/lib/python3.12/site-packages/airflow/example_dags/example_bash_decorator.py
[2024-05-24T07:39:03.493+0000] {processor.py:840} INFO - DAG(s) 'example_bash_decorator' retrieved from /home/airflow/.local/lib/python3.12/site-packages/airflow/example_dags/example_bash_decorator.py
[2024-05-24T07:39:03.501+0000] {logging_mixin.py:188} INFO - [2024-05-24T07:39:03.501+0000] {dag.py:3096} INFO - Sync 1 DAGs
[2024-05-24T07:39:03.506+0000] {logging_mixin.py:188} INFO - [2024-05-24T07:39:03.506+0000] {dag.py:3954} INFO - Setting next_dagrun for example_bash_decorator to None, run_after=None
[2024-05-24T07:39:03.512+0000] {processor.py:183} INFO - Processing /home/airflow/.local/lib/python3.12/site-packages/airflow/example_dags/example_bash_decorator.py took 0.028 seconds
[2024-05-24T07:39:33.858+0000] {processor.py:161} INFO - Started process (PID=15463) to work on /home/airflow/.local/lib/python3.12/site-packages/airflow/example_dags/example_bash_decorator.py
[2024-05-24T07:39:33.858+0000] {processor.py:830} INFO - Processing file /home/airflow/.local/lib/python3.12/site-packages/airflow/example_dags/example_bash_decorator.py for tasks to queue
[2024-05-24T07:39:33.859+0000] {logging_mixin.py:188} INFO - [2024-05-24T07:39:33.859+0000] {dagbag.py:545} INFO - Filling up the DagBag from /home/airflow/.local/lib/python3.12/site-packages/airflow/example_dags/example_bash_decorator.py
[2024-05-24T07:39:33.864+0000] {processor.py:840} INFO - DAG(s) 'example_bash_decorator' retrieved from /home/airflow/.local/lib/python3.12/site-packages/airflow/example_dags/example_bash_decorator.py
[2024-05-24T07:39:33.873+0000] {logging_mixin.py:188} INFO - [2024-05-24T07:39:33.873+0000] {dag.py:3096} INFO - Sync 1 DAGs
[2024-05-24T07:39:33.877+0000] {logging_mixin.py:188} INFO - [2024-05-24T07:39:33.877+0000] {dag.py:3954} INFO - Setting next_dagrun for example_bash_decorator to None, run_after=None
[2024-05-24T07:39:33.883+0000] {processor.py:183} INFO - Processing /home/airflow/.local/lib/python3.12/site-packages/airflow/example_dags/example_bash_decorator.py took 0.027 seconds
[2024-05-24T07:40:04.326+0000] {processor.py:161} INFO - Started process (PID=15725) to work on /home/airflow/.local/lib/python3.12/site-packages/airflow/example_dags/example_bash_decorator.py
[2024-05-24T07:40:04.326+0000] {processor.py:830} INFO - Processing file /home/airflow/.local/lib/python3.12/site-packages/airflow/example_dags/example_bash_decorator.py for tasks to queue
[2024-05-24T07:40:04.327+0000] {logging_mixin.py:188} INFO - [2024-05-24T07:40:04.327+0000] {dagbag.py:545} INFO - Filling up the DagBag from /home/airflow/.local/lib/python3.12/site-packages/airflow/example_dags/example_bash_decorator.py
[2024-05-24T07:40:04.332+0000] {processor.py:840} INFO - DAG(s) 'example_bash_decorator' retrieved from /home/airflow/.local/lib/python3.12/site-packages/airflow/example_dags/example_bash_decorator.py
[2024-05-24T07:40:04.341+0000] {logging_mixin.py:188} INFO - [2024-05-24T07:40:04.341+0000] {dag.py:3096} INFO - Sync 1 DAGs
[2024-05-24T07:40:04.345+0000] {logging_mixin.py:188} INFO - [2024-05-24T07:40:04.345+0000] {dag.py:3954} INFO - Setting next_dagrun for example_bash_decorator to None, run_after=None
[2024-05-24T07:40:04.351+0000] {processor.py:183} INFO - Processing /home/airflow/.local/lib/python3.12/site-packages/airflow/example_dags/example_bash_decorator.py took 0.028 seconds
[2024-05-24T07:40:34.740+0000] {processor.py:161} INFO - Started process (PID=15984) to work on /home/airflow/.local/lib/python3.12/site-packages/airflow/example_dags/example_bash_decorator.py
[2024-05-24T07:40:34.740+0000] {processor.py:830} INFO - Processing file /home/airflow/.local/lib/python3.12/site-packages/airflow/example_dags/example_bash_decorator.py for tasks to queue
[2024-05-24T07:40:34.741+0000] {logging_mixin.py:188} INFO - [2024-05-24T07:40:34.741+0000] {dagbag.py:545} INFO - Filling up the DagBag from /home/airflow/.local/lib/python3.12/site-packages/airflow/example_dags/example_bash_decorator.py
[2024-05-24T07:40:34.746+0000] {processor.py:840} INFO - DAG(s) 'example_bash_decorator' retrieved from /home/airflow/.local/lib/python3.12/site-packages/airflow/example_dags/example_bash_decorator.py
[2024-05-24T07:40:34.754+0000] {logging_mixin.py:188} INFO - [2024-05-24T07:40:34.754+0000] {dag.py:3096} INFO - Sync 1 DAGs
[2024-05-24T07:40:34.758+0000] {logging_mixin.py:188} INFO - [2024-05-24T07:40:34.758+0000] {dag.py:3954} INFO - Setting next_dagrun for example_bash_decorator to None, run_after=None
[2024-05-24T07:40:34.765+0000] {processor.py:183} INFO - Processing /home/airflow/.local/lib/python3.12/site-packages/airflow/example_dags/example_bash_decorator.py took 0.028 seconds
[2024-05-24T07:41:05.144+0000] {processor.py:161} INFO - Started process (PID=16244) to work on /home/airflow/.local/lib/python3.12/site-packages/airflow/example_dags/example_bash_decorator.py
[2024-05-24T07:41:05.145+0000] {processor.py:830} INFO - Processing file /home/airflow/.local/lib/python3.12/site-packages/airflow/example_dags/example_bash_decorator.py for tasks to queue
[2024-05-24T07:41:05.145+0000] {logging_mixin.py:188} INFO - [2024-05-24T07:41:05.145+0000] {dagbag.py:545} INFO - Filling up the DagBag from /home/airflow/.local/lib/python3.12/site-packages/airflow/example_dags/example_bash_decorator.py
[2024-05-24T07:41:05.151+0000] {processor.py:840} INFO - DAG(s) 'example_bash_decorator' retrieved from /home/airflow/.local/lib/python3.12/site-packages/airflow/example_dags/example_bash_decorator.py
[2024-05-24T07:41:05.160+0000] {logging_mixin.py:188} INFO - [2024-05-24T07:41:05.160+0000] {dag.py:3096} INFO - Sync 1 DAGs
[2024-05-24T07:41:05.164+0000] {logging_mixin.py:188} INFO - [2024-05-24T07:41:05.164+0000] {dag.py:3954} INFO - Setting next_dagrun for example_bash_decorator to None, run_after=None
[2024-05-24T07:41:05.171+0000] {processor.py:183} INFO - Processing /home/airflow/.local/lib/python3.12/site-packages/airflow/example_dags/example_bash_decorator.py took 0.029 seconds
[2024-05-24T07:41:35.495+0000] {processor.py:161} INFO - Started process (PID=16511) to work on /home/airflow/.local/lib/python3.12/site-packages/airflow/example_dags/example_bash_decorator.py
[2024-05-24T07:41:35.495+0000] {processor.py:830} INFO - Processing file /home/airflow/.local/lib/python3.12/site-packages/airflow/example_dags/example_bash_decorator.py for tasks to queue
[2024-05-24T07:41:35.496+0000] {logging_mixin.py:188} INFO - [2024-05-24T07:41:35.496+0000] {dagbag.py:545} INFO - Filling up the DagBag from /home/airflow/.local/lib/python3.12/site-packages/airflow/example_dags/example_bash_decorator.py
[2024-05-24T07:41:35.501+0000] {processor.py:840} INFO - DAG(s) 'example_bash_decorator' retrieved from /home/airflow/.local/lib/python3.12/site-packages/airflow/example_dags/example_bash_decorator.py
[2024-05-24T07:41:35.510+0000] {logging_mixin.py:188} INFO - [2024-05-24T07:41:35.510+0000] {dag.py:3096} INFO - Sync 1 DAGs
[2024-05-24T07:41:35.514+0000] {logging_mixin.py:188} INFO - [2024-05-24T07:41:35.514+0000] {dag.py:3954} INFO - Setting next_dagrun for example_bash_decorator to None, run_after=None
[2024-05-24T07:41:35.520+0000] {processor.py:183} INFO - Processing /home/airflow/.local/lib/python3.12/site-packages/airflow/example_dags/example_bash_decorator.py took 0.028 seconds
[2024-05-24T07:42:05.831+0000] {processor.py:161} INFO - Started process (PID=16773) to work on /home/airflow/.local/lib/python3.12/site-packages/airflow/example_dags/example_bash_decorator.py
[2024-05-24T07:42:05.831+0000] {processor.py:830} INFO - Processing file /home/airflow/.local/lib/python3.12/site-packages/airflow/example_dags/example_bash_decorator.py for tasks to queue
[2024-05-24T07:42:05.832+0000] {logging_mixin.py:188} INFO - [2024-05-24T07:42:05.832+0000] {dagbag.py:545} INFO - Filling up the DagBag from /home/airflow/.local/lib/python3.12/site-packages/airflow/example_dags/example_bash_decorator.py
[2024-05-24T07:42:05.837+0000] {processor.py:840} INFO - DAG(s) 'example_bash_decorator' retrieved from /home/airflow/.local/lib/python3.12/site-packages/airflow/example_dags/example_bash_decorator.py
[2024-05-24T07:42:05.846+0000] {logging_mixin.py:188} INFO - [2024-05-24T07:42:05.845+0000] {dag.py:3096} INFO - Sync 1 DAGs
[2024-05-24T07:42:05.850+0000] {logging_mixin.py:188} INFO - [2024-05-24T07:42:05.850+0000] {dag.py:3954} INFO - Setting next_dagrun for example_bash_decorator to None, run_after=None
[2024-05-24T07:42:05.856+0000] {processor.py:183} INFO - Processing /home/airflow/.local/lib/python3.12/site-packages/airflow/example_dags/example_bash_decorator.py took 0.028 seconds
[2024-05-24T07:42:36.182+0000] {processor.py:161} INFO - Started process (PID=17030) to work on /home/airflow/.local/lib/python3.12/site-packages/airflow/example_dags/example_bash_decorator.py
[2024-05-24T07:42:36.182+0000] {processor.py:830} INFO - Processing file /home/airflow/.local/lib/python3.12/site-packages/airflow/example_dags/example_bash_decorator.py for tasks to queue
[2024-05-24T07:42:36.183+0000] {logging_mixin.py:188} INFO - [2024-05-24T07:42:36.183+0000] {dagbag.py:545} INFO - Filling up the DagBag from /home/airflow/.local/lib/python3.12/site-packages/airflow/example_dags/example_bash_decorator.py
[2024-05-24T07:42:36.188+0000] {processor.py:840} INFO - DAG(s) 'example_bash_decorator' retrieved from /home/airflow/.local/lib/python3.12/site-packages/airflow/example_dags/example_bash_decorator.py
[2024-05-24T07:42:36.196+0000] {logging_mixin.py:188} INFO - [2024-05-24T07:42:36.196+0000] {dag.py:3096} INFO - Sync 1 DAGs
[2024-05-24T07:42:36.201+0000] {logging_mixin.py:188} INFO - [2024-05-24T07:42:36.201+0000] {dag.py:3954} INFO - Setting next_dagrun for example_bash_decorator to None, run_after=None
[2024-05-24T07:42:36.207+0000] {processor.py:183} INFO - Processing /home/airflow/.local/lib/python3.12/site-packages/airflow/example_dags/example_bash_decorator.py took 0.028 seconds
[2024-05-24T07:43:06.696+0000] {processor.py:161} INFO - Started process (PID=17297) to work on /home/airflow/.local/lib/python3.12/site-packages/airflow/example_dags/example_bash_decorator.py
[2024-05-24T07:43:06.696+0000] {processor.py:830} INFO - Processing file /home/airflow/.local/lib/python3.12/site-packages/airflow/example_dags/example_bash_decorator.py for tasks to queue
[2024-05-24T07:43:06.697+0000] {logging_mixin.py:188} INFO - [2024-05-24T07:43:06.697+0000] {dagbag.py:545} INFO - Filling up the DagBag from /home/airflow/.local/lib/python3.12/site-packages/airflow/example_dags/example_bash_decorator.py
[2024-05-24T07:43:06.703+0000] {processor.py:840} INFO - DAG(s) 'example_bash_decorator' retrieved from /home/airflow/.local/lib/python3.12/site-packages/airflow/example_dags/example_bash_decorator.py
[2024-05-24T07:43:06.711+0000] {logging_mixin.py:188} INFO - [2024-05-24T07:43:06.711+0000] {dag.py:3096} INFO - Sync 1 DAGs
[2024-05-24T07:43:06.716+0000] {logging_mixin.py:188} INFO - [2024-05-24T07:43:06.716+0000] {dag.py:3954} INFO - Setting next_dagrun for example_bash_decorator to None, run_after=None
[2024-05-24T07:43:06.723+0000] {processor.py:183} INFO - Processing /home/airflow/.local/lib/python3.12/site-packages/airflow/example_dags/example_bash_decorator.py took 0.029 seconds
[2024-05-24T07:43:37.038+0000] {processor.py:161} INFO - Started process (PID=17559) to work on /home/airflow/.local/lib/python3.12/site-packages/airflow/example_dags/example_bash_decorator.py
[2024-05-24T07:43:37.039+0000] {processor.py:830} INFO - Processing file /home/airflow/.local/lib/python3.12/site-packages/airflow/example_dags/example_bash_decorator.py for tasks to queue
[2024-05-24T07:43:37.039+0000] {logging_mixin.py:188} INFO - [2024-05-24T07:43:37.039+0000] {dagbag.py:545} INFO - Filling up the DagBag from /home/airflow/.local/lib/python3.12/site-packages/airflow/example_dags/example_bash_decorator.py
[2024-05-24T07:43:37.044+0000] {processor.py:840} INFO - DAG(s) 'example_bash_decorator' retrieved from /home/airflow/.local/lib/python3.12/site-packages/airflow/example_dags/example_bash_decorator.py
[2024-05-24T07:43:37.053+0000] {logging_mixin.py:188} INFO - [2024-05-24T07:43:37.053+0000] {dag.py:3096} INFO - Sync 1 DAGs
[2024-05-24T07:43:37.058+0000] {logging_mixin.py:188} INFO - [2024-05-24T07:43:37.058+0000] {dag.py:3954} INFO - Setting next_dagrun for example_bash_decorator to None, run_after=None
[2024-05-24T07:43:37.064+0000] {processor.py:183} INFO - Processing /home/airflow/.local/lib/python3.12/site-packages/airflow/example_dags/example_bash_decorator.py took 0.029 seconds
[2024-05-24T07:44:07.390+0000] {processor.py:161} INFO - Started process (PID=17821) to work on /home/airflow/.local/lib/python3.12/site-packages/airflow/example_dags/example_bash_decorator.py
[2024-05-24T07:44:07.390+0000] {processor.py:830} INFO - Processing file /home/airflow/.local/lib/python3.12/site-packages/airflow/example_dags/example_bash_decorator.py for tasks to queue
[2024-05-24T07:44:07.391+0000] {logging_mixin.py:188} INFO - [2024-05-24T07:44:07.390+0000] {dagbag.py:545} INFO - Filling up the DagBag from /home/airflow/.local/lib/python3.12/site-packages/airflow/example_dags/example_bash_decorator.py
[2024-05-24T07:44:07.396+0000] {processor.py:840} INFO - DAG(s) 'example_bash_decorator' retrieved from /home/airflow/.local/lib/python3.12/site-packages/airflow/example_dags/example_bash_decorator.py
[2024-05-24T07:44:07.405+0000] {logging_mixin.py:188} INFO - [2024-05-24T07:44:07.405+0000] {dag.py:3096} INFO - Sync 1 DAGs
[2024-05-24T07:44:07.409+0000] {logging_mixin.py:188} INFO - [2024-05-24T07:44:07.409+0000] {dag.py:3954} INFO - Setting next_dagrun for example_bash_decorator to None, run_after=None
[2024-05-24T07:44:07.415+0000] {processor.py:183} INFO - Processing /home/airflow/.local/lib/python3.12/site-packages/airflow/example_dags/example_bash_decorator.py took 0.028 seconds
[2024-05-24T07:44:37.709+0000] {processor.py:161} INFO - Started process (PID=18083) to work on /home/airflow/.local/lib/python3.12/site-packages/airflow/example_dags/example_bash_decorator.py
[2024-05-24T07:44:37.709+0000] {processor.py:830} INFO - Processing file /home/airflow/.local/lib/python3.12/site-packages/airflow/example_dags/example_bash_decorator.py for tasks to queue
[2024-05-24T07:44:37.710+0000] {logging_mixin.py:188} INFO - [2024-05-24T07:44:37.710+0000] {dagbag.py:545} INFO - Filling up the DagBag from /home/airflow/.local/lib/python3.12/site-packages/airflow/example_dags/example_bash_decorator.py
[2024-05-24T07:44:37.715+0000] {processor.py:840} INFO - DAG(s) 'example_bash_decorator' retrieved from /home/airflow/.local/lib/python3.12/site-packages/airflow/example_dags/example_bash_decorator.py
[2024-05-24T07:44:37.723+0000] {logging_mixin.py:188} INFO - [2024-05-24T07:44:37.723+0000] {dag.py:3096} INFO - Sync 1 DAGs
[2024-05-24T07:44:37.728+0000] {logging_mixin.py:188} INFO - [2024-05-24T07:44:37.727+0000] {dag.py:3954} INFO - Setting next_dagrun for example_bash_decorator to None, run_after=None
[2024-05-24T07:44:37.733+0000] {processor.py:183} INFO - Processing /home/airflow/.local/lib/python3.12/site-packages/airflow/example_dags/example_bash_decorator.py took 0.027 seconds
