[2024-05-24T05:45:20.893+0000] {processor.py:161} INFO - Started process (PID=371) to work on /home/airflow/.local/lib/python3.12/site-packages/airflow/example_dags/example_params_ui_tutorial.py
[2024-05-24T05:45:20.894+0000] {processor.py:830} INFO - Processing file /home/airflow/.local/lib/python3.12/site-packages/airflow/example_dags/example_params_ui_tutorial.py for tasks to queue
[2024-05-24T05:45:20.895+0000] {logging_mixin.py:188} INFO - [2024-05-24T05:45:20.894+0000] {dagbag.py:545} INFO - Filling up the DagBag from /home/airflow/.local/lib/python3.12/site-packages/airflow/example_dags/example_params_ui_tutorial.py
[2024-05-24T05:45:20.900+0000] {processor.py:840} INFO - DAG(s) 'example_params_ui_tutorial' retrieved from /home/airflow/.local/lib/python3.12/site-packages/airflow/example_dags/example_params_ui_tutorial.py
[2024-05-24T05:45:20.906+0000] {logging_mixin.py:188} INFO - [2024-05-24T05:45:20.906+0000] {dag.py:3096} INFO - Sync 1 DAGs
[2024-05-24T05:45:20.913+0000] {logging_mixin.py:188} INFO - [2024-05-24T05:45:20.913+0000] {dag.py:3954} INFO - Setting next_dagrun for example_params_ui_tutorial to None, run_after=None
[2024-05-24T05:45:20.920+0000] {processor.py:183} INFO - Processing /home/airflow/.local/lib/python3.12/site-packages/airflow/example_dags/example_params_ui_tutorial.py took 0.029 seconds
[2024-05-24T05:45:51.510+0000] {processor.py:161} INFO - Started process (PID=633) to work on /home/airflow/.local/lib/python3.12/site-packages/airflow/example_dags/example_params_ui_tutorial.py
[2024-05-24T05:45:51.511+0000] {processor.py:830} INFO - Processing file /home/airflow/.local/lib/python3.12/site-packages/airflow/example_dags/example_params_ui_tutorial.py for tasks to queue
[2024-05-24T05:45:51.512+0000] {logging_mixin.py:188} INFO - [2024-05-24T05:45:51.512+0000] {dagbag.py:545} INFO - Filling up the DagBag from /home/airflow/.local/lib/python3.12/site-packages/airflow/example_dags/example_params_ui_tutorial.py
[2024-05-24T05:45:51.518+0000] {processor.py:840} INFO - DAG(s) 'example_params_ui_tutorial' retrieved from /home/airflow/.local/lib/python3.12/site-packages/airflow/example_dags/example_params_ui_tutorial.py
[2024-05-24T05:45:51.570+0000] {logging_mixin.py:188} INFO - [2024-05-24T05:45:51.570+0000] {dag.py:3096} INFO - Sync 1 DAGs
[2024-05-24T05:45:51.575+0000] {logging_mixin.py:188} INFO - [2024-05-24T05:45:51.575+0000] {dag.py:3954} INFO - Setting next_dagrun for example_params_ui_tutorial to None, run_after=None
[2024-05-24T05:45:51.582+0000] {processor.py:183} INFO - Processing /home/airflow/.local/lib/python3.12/site-packages/airflow/example_dags/example_params_ui_tutorial.py took 0.074 seconds
[2024-05-24T05:46:22.064+0000] {processor.py:161} INFO - Started process (PID=895) to work on /home/airflow/.local/lib/python3.12/site-packages/airflow/example_dags/example_params_ui_tutorial.py
[2024-05-24T05:46:22.065+0000] {processor.py:830} INFO - Processing file /home/airflow/.local/lib/python3.12/site-packages/airflow/example_dags/example_params_ui_tutorial.py for tasks to queue
[2024-05-24T05:46:22.065+0000] {logging_mixin.py:188} INFO - [2024-05-24T05:46:22.065+0000] {dagbag.py:545} INFO - Filling up the DagBag from /home/airflow/.local/lib/python3.12/site-packages/airflow/example_dags/example_params_ui_tutorial.py
[2024-05-24T05:46:22.070+0000] {processor.py:840} INFO - DAG(s) 'example_params_ui_tutorial' retrieved from /home/airflow/.local/lib/python3.12/site-packages/airflow/example_dags/example_params_ui_tutorial.py
[2024-05-24T05:46:22.089+0000] {logging_mixin.py:188} INFO - [2024-05-24T05:46:22.089+0000] {dag.py:3096} INFO - Sync 1 DAGs
[2024-05-24T05:46:22.093+0000] {logging_mixin.py:188} INFO - [2024-05-24T05:46:22.093+0000] {dag.py:3954} INFO - Setting next_dagrun for example_params_ui_tutorial to None, run_after=None
[2024-05-24T05:46:22.100+0000] {processor.py:183} INFO - Processing /home/airflow/.local/lib/python3.12/site-packages/airflow/example_dags/example_params_ui_tutorial.py took 0.038 seconds
[2024-05-24T05:46:52.410+0000] {processor.py:161} INFO - Started process (PID=1159) to work on /home/airflow/.local/lib/python3.12/site-packages/airflow/example_dags/example_params_ui_tutorial.py
[2024-05-24T05:46:52.411+0000] {processor.py:830} INFO - Processing file /home/airflow/.local/lib/python3.12/site-packages/airflow/example_dags/example_params_ui_tutorial.py for tasks to queue
[2024-05-24T05:46:52.411+0000] {logging_mixin.py:188} INFO - [2024-05-24T05:46:52.411+0000] {dagbag.py:545} INFO - Filling up the DagBag from /home/airflow/.local/lib/python3.12/site-packages/airflow/example_dags/example_params_ui_tutorial.py
[2024-05-24T05:46:52.416+0000] {processor.py:840} INFO - DAG(s) 'example_params_ui_tutorial' retrieved from /home/airflow/.local/lib/python3.12/site-packages/airflow/example_dags/example_params_ui_tutorial.py
[2024-05-24T05:46:52.435+0000] {logging_mixin.py:188} INFO - [2024-05-24T05:46:52.435+0000] {dag.py:3096} INFO - Sync 1 DAGs
[2024-05-24T05:46:52.439+0000] {logging_mixin.py:188} INFO - [2024-05-24T05:46:52.439+0000] {dag.py:3954} INFO - Setting next_dagrun for example_params_ui_tutorial to None, run_after=None
[2024-05-24T05:46:52.446+0000] {processor.py:183} INFO - Processing /home/airflow/.local/lib/python3.12/site-packages/airflow/example_dags/example_params_ui_tutorial.py took 0.038 seconds
[2024-05-24T05:47:22.705+0000] {processor.py:161} INFO - Started process (PID=1419) to work on /home/airflow/.local/lib/python3.12/site-packages/airflow/example_dags/example_params_ui_tutorial.py
[2024-05-24T05:47:22.705+0000] {processor.py:830} INFO - Processing file /home/airflow/.local/lib/python3.12/site-packages/airflow/example_dags/example_params_ui_tutorial.py for tasks to queue
[2024-05-24T05:47:22.706+0000] {logging_mixin.py:188} INFO - [2024-05-24T05:47:22.706+0000] {dagbag.py:545} INFO - Filling up the DagBag from /home/airflow/.local/lib/python3.12/site-packages/airflow/example_dags/example_params_ui_tutorial.py
[2024-05-24T05:47:22.711+0000] {processor.py:840} INFO - DAG(s) 'example_params_ui_tutorial' retrieved from /home/airflow/.local/lib/python3.12/site-packages/airflow/example_dags/example_params_ui_tutorial.py
[2024-05-24T05:47:22.730+0000] {logging_mixin.py:188} INFO - [2024-05-24T05:47:22.729+0000] {dag.py:3096} INFO - Sync 1 DAGs
[2024-05-24T05:47:22.734+0000] {logging_mixin.py:188} INFO - [2024-05-24T05:47:22.734+0000] {dag.py:3954} INFO - Setting next_dagrun for example_params_ui_tutorial to None, run_after=None
[2024-05-24T05:47:22.740+0000] {processor.py:183} INFO - Processing /home/airflow/.local/lib/python3.12/site-packages/airflow/example_dags/example_params_ui_tutorial.py took 0.038 seconds
[2024-05-24T05:47:53.080+0000] {processor.py:161} INFO - Started process (PID=1681) to work on /home/airflow/.local/lib/python3.12/site-packages/airflow/example_dags/example_params_ui_tutorial.py
[2024-05-24T05:47:53.080+0000] {processor.py:830} INFO - Processing file /home/airflow/.local/lib/python3.12/site-packages/airflow/example_dags/example_params_ui_tutorial.py for tasks to queue
[2024-05-24T05:47:53.081+0000] {logging_mixin.py:188} INFO - [2024-05-24T05:47:53.081+0000] {dagbag.py:545} INFO - Filling up the DagBag from /home/airflow/.local/lib/python3.12/site-packages/airflow/example_dags/example_params_ui_tutorial.py
[2024-05-24T05:47:53.086+0000] {processor.py:840} INFO - DAG(s) 'example_params_ui_tutorial' retrieved from /home/airflow/.local/lib/python3.12/site-packages/airflow/example_dags/example_params_ui_tutorial.py
[2024-05-24T05:47:53.105+0000] {logging_mixin.py:188} INFO - [2024-05-24T05:47:53.104+0000] {dag.py:3096} INFO - Sync 1 DAGs
[2024-05-24T05:47:53.109+0000] {logging_mixin.py:188} INFO - [2024-05-24T05:47:53.109+0000] {dag.py:3954} INFO - Setting next_dagrun for example_params_ui_tutorial to None, run_after=None
[2024-05-24T05:47:53.116+0000] {processor.py:183} INFO - Processing /home/airflow/.local/lib/python3.12/site-packages/airflow/example_dags/example_params_ui_tutorial.py took 0.038 seconds
[2024-05-24T05:48:23.446+0000] {processor.py:161} INFO - Started process (PID=1943) to work on /home/airflow/.local/lib/python3.12/site-packages/airflow/example_dags/example_params_ui_tutorial.py
[2024-05-24T05:48:23.446+0000] {processor.py:830} INFO - Processing file /home/airflow/.local/lib/python3.12/site-packages/airflow/example_dags/example_params_ui_tutorial.py for tasks to queue
[2024-05-24T05:48:23.447+0000] {logging_mixin.py:188} INFO - [2024-05-24T05:48:23.447+0000] {dagbag.py:545} INFO - Filling up the DagBag from /home/airflow/.local/lib/python3.12/site-packages/airflow/example_dags/example_params_ui_tutorial.py
[2024-05-24T05:48:23.452+0000] {processor.py:840} INFO - DAG(s) 'example_params_ui_tutorial' retrieved from /home/airflow/.local/lib/python3.12/site-packages/airflow/example_dags/example_params_ui_tutorial.py
[2024-05-24T05:48:23.470+0000] {logging_mixin.py:188} INFO - [2024-05-24T05:48:23.470+0000] {dag.py:3096} INFO - Sync 1 DAGs
[2024-05-24T05:48:23.475+0000] {logging_mixin.py:188} INFO - [2024-05-24T05:48:23.475+0000] {dag.py:3954} INFO - Setting next_dagrun for example_params_ui_tutorial to None, run_after=None
[2024-05-24T05:48:23.481+0000] {processor.py:183} INFO - Processing /home/airflow/.local/lib/python3.12/site-packages/airflow/example_dags/example_params_ui_tutorial.py took 0.038 seconds
[2024-05-24T05:48:53.734+0000] {processor.py:161} INFO - Started process (PID=2205) to work on /home/airflow/.local/lib/python3.12/site-packages/airflow/example_dags/example_params_ui_tutorial.py
[2024-05-24T05:48:53.735+0000] {processor.py:830} INFO - Processing file /home/airflow/.local/lib/python3.12/site-packages/airflow/example_dags/example_params_ui_tutorial.py for tasks to queue
[2024-05-24T05:48:53.736+0000] {logging_mixin.py:188} INFO - [2024-05-24T05:48:53.736+0000] {dagbag.py:545} INFO - Filling up the DagBag from /home/airflow/.local/lib/python3.12/site-packages/airflow/example_dags/example_params_ui_tutorial.py
[2024-05-24T05:48:53.741+0000] {processor.py:840} INFO - DAG(s) 'example_params_ui_tutorial' retrieved from /home/airflow/.local/lib/python3.12/site-packages/airflow/example_dags/example_params_ui_tutorial.py
[2024-05-24T05:48:53.759+0000] {logging_mixin.py:188} INFO - [2024-05-24T05:48:53.759+0000] {dag.py:3096} INFO - Sync 1 DAGs
[2024-05-24T05:48:53.765+0000] {logging_mixin.py:188} INFO - [2024-05-24T05:48:53.765+0000] {dag.py:3954} INFO - Setting next_dagrun for example_params_ui_tutorial to None, run_after=None
[2024-05-24T05:48:53.772+0000] {processor.py:183} INFO - Processing /home/airflow/.local/lib/python3.12/site-packages/airflow/example_dags/example_params_ui_tutorial.py took 0.040 seconds
[2024-05-24T05:49:24.058+0000] {processor.py:161} INFO - Started process (PID=2467) to work on /home/airflow/.local/lib/python3.12/site-packages/airflow/example_dags/example_params_ui_tutorial.py
[2024-05-24T05:49:24.058+0000] {processor.py:830} INFO - Processing file /home/airflow/.local/lib/python3.12/site-packages/airflow/example_dags/example_params_ui_tutorial.py for tasks to queue
[2024-05-24T05:49:24.059+0000] {logging_mixin.py:188} INFO - [2024-05-24T05:49:24.059+0000] {dagbag.py:545} INFO - Filling up the DagBag from /home/airflow/.local/lib/python3.12/site-packages/airflow/example_dags/example_params_ui_tutorial.py
[2024-05-24T05:49:24.064+0000] {processor.py:840} INFO - DAG(s) 'example_params_ui_tutorial' retrieved from /home/airflow/.local/lib/python3.12/site-packages/airflow/example_dags/example_params_ui_tutorial.py
[2024-05-24T05:49:24.082+0000] {logging_mixin.py:188} INFO - [2024-05-24T05:49:24.082+0000] {dag.py:3096} INFO - Sync 1 DAGs
[2024-05-24T05:49:24.086+0000] {logging_mixin.py:188} INFO - [2024-05-24T05:49:24.086+0000] {dag.py:3954} INFO - Setting next_dagrun for example_params_ui_tutorial to None, run_after=None
[2024-05-24T05:49:24.092+0000] {processor.py:183} INFO - Processing /home/airflow/.local/lib/python3.12/site-packages/airflow/example_dags/example_params_ui_tutorial.py took 0.037 seconds
[2024-05-24T05:49:54.360+0000] {processor.py:161} INFO - Started process (PID=2730) to work on /home/airflow/.local/lib/python3.12/site-packages/airflow/example_dags/example_params_ui_tutorial.py
[2024-05-24T05:49:54.360+0000] {processor.py:830} INFO - Processing file /home/airflow/.local/lib/python3.12/site-packages/airflow/example_dags/example_params_ui_tutorial.py for tasks to queue
[2024-05-24T05:49:54.361+0000] {logging_mixin.py:188} INFO - [2024-05-24T05:49:54.361+0000] {dagbag.py:545} INFO - Filling up the DagBag from /home/airflow/.local/lib/python3.12/site-packages/airflow/example_dags/example_params_ui_tutorial.py
[2024-05-24T05:49:54.366+0000] {processor.py:840} INFO - DAG(s) 'example_params_ui_tutorial' retrieved from /home/airflow/.local/lib/python3.12/site-packages/airflow/example_dags/example_params_ui_tutorial.py
[2024-05-24T05:49:54.385+0000] {logging_mixin.py:188} INFO - [2024-05-24T05:49:54.385+0000] {dag.py:3096} INFO - Sync 1 DAGs
[2024-05-24T05:49:54.390+0000] {logging_mixin.py:188} INFO - [2024-05-24T05:49:54.390+0000] {dag.py:3954} INFO - Setting next_dagrun for example_params_ui_tutorial to None, run_after=None
[2024-05-24T05:49:54.397+0000] {processor.py:183} INFO - Processing /home/airflow/.local/lib/python3.12/site-packages/airflow/example_dags/example_params_ui_tutorial.py took 0.040 seconds
[2024-05-24T05:50:24.821+0000] {processor.py:161} INFO - Started process (PID=2993) to work on /home/airflow/.local/lib/python3.12/site-packages/airflow/example_dags/example_params_ui_tutorial.py
[2024-05-24T05:50:24.822+0000] {processor.py:830} INFO - Processing file /home/airflow/.local/lib/python3.12/site-packages/airflow/example_dags/example_params_ui_tutorial.py for tasks to queue
[2024-05-24T05:50:24.823+0000] {logging_mixin.py:188} INFO - [2024-05-24T05:50:24.822+0000] {dagbag.py:545} INFO - Filling up the DagBag from /home/airflow/.local/lib/python3.12/site-packages/airflow/example_dags/example_params_ui_tutorial.py
[2024-05-24T05:50:24.827+0000] {processor.py:840} INFO - DAG(s) 'example_params_ui_tutorial' retrieved from /home/airflow/.local/lib/python3.12/site-packages/airflow/example_dags/example_params_ui_tutorial.py
[2024-05-24T05:50:24.847+0000] {logging_mixin.py:188} INFO - [2024-05-24T05:50:24.846+0000] {dag.py:3096} INFO - Sync 1 DAGs
[2024-05-24T05:50:24.851+0000] {logging_mixin.py:188} INFO - [2024-05-24T05:50:24.851+0000] {dag.py:3954} INFO - Setting next_dagrun for example_params_ui_tutorial to None, run_after=None
[2024-05-24T05:50:24.858+0000] {processor.py:183} INFO - Processing /home/airflow/.local/lib/python3.12/site-packages/airflow/example_dags/example_params_ui_tutorial.py took 0.039 seconds
[2024-05-24T05:50:55.081+0000] {processor.py:161} INFO - Started process (PID=3253) to work on /home/airflow/.local/lib/python3.12/site-packages/airflow/example_dags/example_params_ui_tutorial.py
[2024-05-24T05:50:55.081+0000] {processor.py:830} INFO - Processing file /home/airflow/.local/lib/python3.12/site-packages/airflow/example_dags/example_params_ui_tutorial.py for tasks to queue
[2024-05-24T05:50:55.082+0000] {logging_mixin.py:188} INFO - [2024-05-24T05:50:55.082+0000] {dagbag.py:545} INFO - Filling up the DagBag from /home/airflow/.local/lib/python3.12/site-packages/airflow/example_dags/example_params_ui_tutorial.py
[2024-05-24T05:50:55.087+0000] {processor.py:840} INFO - DAG(s) 'example_params_ui_tutorial' retrieved from /home/airflow/.local/lib/python3.12/site-packages/airflow/example_dags/example_params_ui_tutorial.py
[2024-05-24T05:50:55.105+0000] {logging_mixin.py:188} INFO - [2024-05-24T05:50:55.105+0000] {dag.py:3096} INFO - Sync 1 DAGs
[2024-05-24T05:50:55.110+0000] {logging_mixin.py:188} INFO - [2024-05-24T05:50:55.110+0000] {dag.py:3954} INFO - Setting next_dagrun for example_params_ui_tutorial to None, run_after=None
[2024-05-24T05:50:55.116+0000] {processor.py:183} INFO - Processing /home/airflow/.local/lib/python3.12/site-packages/airflow/example_dags/example_params_ui_tutorial.py took 0.037 seconds
[2024-05-24T05:51:25.452+0000] {processor.py:161} INFO - Started process (PID=3517) to work on /home/airflow/.local/lib/python3.12/site-packages/airflow/example_dags/example_params_ui_tutorial.py
[2024-05-24T05:51:25.453+0000] {processor.py:830} INFO - Processing file /home/airflow/.local/lib/python3.12/site-packages/airflow/example_dags/example_params_ui_tutorial.py for tasks to queue
[2024-05-24T05:51:25.454+0000] {logging_mixin.py:188} INFO - [2024-05-24T05:51:25.453+0000] {dagbag.py:545} INFO - Filling up the DagBag from /home/airflow/.local/lib/python3.12/site-packages/airflow/example_dags/example_params_ui_tutorial.py
[2024-05-24T05:51:25.458+0000] {processor.py:840} INFO - DAG(s) 'example_params_ui_tutorial' retrieved from /home/airflow/.local/lib/python3.12/site-packages/airflow/example_dags/example_params_ui_tutorial.py
[2024-05-24T05:51:25.476+0000] {logging_mixin.py:188} INFO - [2024-05-24T05:51:25.475+0000] {dag.py:3096} INFO - Sync 1 DAGs
[2024-05-24T05:51:25.480+0000] {logging_mixin.py:188} INFO - [2024-05-24T05:51:25.480+0000] {dag.py:3954} INFO - Setting next_dagrun for example_params_ui_tutorial to None, run_after=None
[2024-05-24T05:51:25.486+0000] {processor.py:183} INFO - Processing /home/airflow/.local/lib/python3.12/site-packages/airflow/example_dags/example_params_ui_tutorial.py took 0.035 seconds
[2024-05-24T05:51:55.707+0000] {processor.py:161} INFO - Started process (PID=3777) to work on /home/airflow/.local/lib/python3.12/site-packages/airflow/example_dags/example_params_ui_tutorial.py
[2024-05-24T05:51:55.708+0000] {processor.py:830} INFO - Processing file /home/airflow/.local/lib/python3.12/site-packages/airflow/example_dags/example_params_ui_tutorial.py for tasks to queue
[2024-05-24T05:51:55.708+0000] {logging_mixin.py:188} INFO - [2024-05-24T05:51:55.708+0000] {dagbag.py:545} INFO - Filling up the DagBag from /home/airflow/.local/lib/python3.12/site-packages/airflow/example_dags/example_params_ui_tutorial.py
[2024-05-24T05:51:55.713+0000] {processor.py:840} INFO - DAG(s) 'example_params_ui_tutorial' retrieved from /home/airflow/.local/lib/python3.12/site-packages/airflow/example_dags/example_params_ui_tutorial.py
[2024-05-24T05:51:55.732+0000] {logging_mixin.py:188} INFO - [2024-05-24T05:51:55.732+0000] {dag.py:3096} INFO - Sync 1 DAGs
[2024-05-24T05:51:55.737+0000] {logging_mixin.py:188} INFO - [2024-05-24T05:51:55.736+0000] {dag.py:3954} INFO - Setting next_dagrun for example_params_ui_tutorial to None, run_after=None
[2024-05-24T05:51:55.743+0000] {processor.py:183} INFO - Processing /home/airflow/.local/lib/python3.12/site-packages/airflow/example_dags/example_params_ui_tutorial.py took 0.038 seconds
[2024-05-24T05:52:26.012+0000] {processor.py:161} INFO - Started process (PID=4041) to work on /home/airflow/.local/lib/python3.12/site-packages/airflow/example_dags/example_params_ui_tutorial.py
[2024-05-24T05:52:26.012+0000] {processor.py:830} INFO - Processing file /home/airflow/.local/lib/python3.12/site-packages/airflow/example_dags/example_params_ui_tutorial.py for tasks to queue
[2024-05-24T05:52:26.013+0000] {logging_mixin.py:188} INFO - [2024-05-24T05:52:26.013+0000] {dagbag.py:545} INFO - Filling up the DagBag from /home/airflow/.local/lib/python3.12/site-packages/airflow/example_dags/example_params_ui_tutorial.py
[2024-05-24T05:52:26.018+0000] {processor.py:840} INFO - DAG(s) 'example_params_ui_tutorial' retrieved from /home/airflow/.local/lib/python3.12/site-packages/airflow/example_dags/example_params_ui_tutorial.py
[2024-05-24T05:52:26.036+0000] {logging_mixin.py:188} INFO - [2024-05-24T05:52:26.036+0000] {dag.py:3096} INFO - Sync 1 DAGs
[2024-05-24T05:52:26.040+0000] {logging_mixin.py:188} INFO - [2024-05-24T05:52:26.040+0000] {dag.py:3954} INFO - Setting next_dagrun for example_params_ui_tutorial to None, run_after=None
[2024-05-24T05:52:26.047+0000] {processor.py:183} INFO - Processing /home/airflow/.local/lib/python3.12/site-packages/airflow/example_dags/example_params_ui_tutorial.py took 0.037 seconds
[2024-05-24T05:52:56.329+0000] {processor.py:161} INFO - Started process (PID=4303) to work on /home/airflow/.local/lib/python3.12/site-packages/airflow/example_dags/example_params_ui_tutorial.py
[2024-05-24T05:52:56.329+0000] {processor.py:830} INFO - Processing file /home/airflow/.local/lib/python3.12/site-packages/airflow/example_dags/example_params_ui_tutorial.py for tasks to queue
[2024-05-24T05:52:56.330+0000] {logging_mixin.py:188} INFO - [2024-05-24T05:52:56.330+0000] {dagbag.py:545} INFO - Filling up the DagBag from /home/airflow/.local/lib/python3.12/site-packages/airflow/example_dags/example_params_ui_tutorial.py
[2024-05-24T05:52:56.334+0000] {processor.py:840} INFO - DAG(s) 'example_params_ui_tutorial' retrieved from /home/airflow/.local/lib/python3.12/site-packages/airflow/example_dags/example_params_ui_tutorial.py
[2024-05-24T05:52:56.351+0000] {logging_mixin.py:188} INFO - [2024-05-24T05:52:56.351+0000] {dag.py:3096} INFO - Sync 1 DAGs
[2024-05-24T05:52:56.356+0000] {logging_mixin.py:188} INFO - [2024-05-24T05:52:56.356+0000] {dag.py:3954} INFO - Setting next_dagrun for example_params_ui_tutorial to None, run_after=None
[2024-05-24T05:52:56.361+0000] {processor.py:183} INFO - Processing /home/airflow/.local/lib/python3.12/site-packages/airflow/example_dags/example_params_ui_tutorial.py took 0.035 seconds
[2024-05-24T05:53:26.781+0000] {processor.py:161} INFO - Started process (PID=4565) to work on /home/airflow/.local/lib/python3.12/site-packages/airflow/example_dags/example_params_ui_tutorial.py
[2024-05-24T05:53:26.782+0000] {processor.py:830} INFO - Processing file /home/airflow/.local/lib/python3.12/site-packages/airflow/example_dags/example_params_ui_tutorial.py for tasks to queue
[2024-05-24T05:53:26.782+0000] {logging_mixin.py:188} INFO - [2024-05-24T05:53:26.782+0000] {dagbag.py:545} INFO - Filling up the DagBag from /home/airflow/.local/lib/python3.12/site-packages/airflow/example_dags/example_params_ui_tutorial.py
[2024-05-24T05:53:26.787+0000] {processor.py:840} INFO - DAG(s) 'example_params_ui_tutorial' retrieved from /home/airflow/.local/lib/python3.12/site-packages/airflow/example_dags/example_params_ui_tutorial.py
[2024-05-24T05:53:26.806+0000] {logging_mixin.py:188} INFO - [2024-05-24T05:53:26.806+0000] {dag.py:3096} INFO - Sync 1 DAGs
[2024-05-24T05:53:26.810+0000] {logging_mixin.py:188} INFO - [2024-05-24T05:53:26.810+0000] {dag.py:3954} INFO - Setting next_dagrun for example_params_ui_tutorial to None, run_after=None
[2024-05-24T05:53:26.817+0000] {processor.py:183} INFO - Processing /home/airflow/.local/lib/python3.12/site-packages/airflow/example_dags/example_params_ui_tutorial.py took 0.038 seconds
[2024-05-24T05:53:57.170+0000] {processor.py:161} INFO - Started process (PID=4850) to work on /home/airflow/.local/lib/python3.12/site-packages/airflow/example_dags/example_params_ui_tutorial.py
[2024-05-24T05:53:57.170+0000] {processor.py:830} INFO - Processing file /home/airflow/.local/lib/python3.12/site-packages/airflow/example_dags/example_params_ui_tutorial.py for tasks to queue
[2024-05-24T05:53:57.171+0000] {logging_mixin.py:188} INFO - [2024-05-24T05:53:57.171+0000] {dagbag.py:545} INFO - Filling up the DagBag from /home/airflow/.local/lib/python3.12/site-packages/airflow/example_dags/example_params_ui_tutorial.py
[2024-05-24T05:53:57.176+0000] {processor.py:840} INFO - DAG(s) 'example_params_ui_tutorial' retrieved from /home/airflow/.local/lib/python3.12/site-packages/airflow/example_dags/example_params_ui_tutorial.py
[2024-05-24T05:53:57.194+0000] {logging_mixin.py:188} INFO - [2024-05-24T05:53:57.194+0000] {dag.py:3096} INFO - Sync 1 DAGs
[2024-05-24T05:53:57.198+0000] {logging_mixin.py:188} INFO - [2024-05-24T05:53:57.198+0000] {dag.py:3954} INFO - Setting next_dagrun for example_params_ui_tutorial to None, run_after=None
[2024-05-24T05:53:57.204+0000] {processor.py:183} INFO - Processing /home/airflow/.local/lib/python3.12/site-packages/airflow/example_dags/example_params_ui_tutorial.py took 0.037 seconds
[2024-05-24T05:54:27.509+0000] {processor.py:161} INFO - Started process (PID=5112) to work on /home/airflow/.local/lib/python3.12/site-packages/airflow/example_dags/example_params_ui_tutorial.py
[2024-05-24T05:54:27.509+0000] {processor.py:830} INFO - Processing file /home/airflow/.local/lib/python3.12/site-packages/airflow/example_dags/example_params_ui_tutorial.py for tasks to queue
[2024-05-24T05:54:27.510+0000] {logging_mixin.py:188} INFO - [2024-05-24T05:54:27.509+0000] {dagbag.py:545} INFO - Filling up the DagBag from /home/airflow/.local/lib/python3.12/site-packages/airflow/example_dags/example_params_ui_tutorial.py
[2024-05-24T05:54:27.515+0000] {processor.py:840} INFO - DAG(s) 'example_params_ui_tutorial' retrieved from /home/airflow/.local/lib/python3.12/site-packages/airflow/example_dags/example_params_ui_tutorial.py
[2024-05-24T05:54:27.535+0000] {logging_mixin.py:188} INFO - [2024-05-24T05:54:27.534+0000] {dag.py:3096} INFO - Sync 1 DAGs
[2024-05-24T05:54:27.540+0000] {logging_mixin.py:188} INFO - [2024-05-24T05:54:27.540+0000] {dag.py:3954} INFO - Setting next_dagrun for example_params_ui_tutorial to None, run_after=None
[2024-05-24T05:54:27.546+0000] {processor.py:183} INFO - Processing /home/airflow/.local/lib/python3.12/site-packages/airflow/example_dags/example_params_ui_tutorial.py took 0.040 seconds
[2024-05-24T05:54:57.800+0000] {processor.py:161} INFO - Started process (PID=5374) to work on /home/airflow/.local/lib/python3.12/site-packages/airflow/example_dags/example_params_ui_tutorial.py
[2024-05-24T05:54:57.800+0000] {processor.py:830} INFO - Processing file /home/airflow/.local/lib/python3.12/site-packages/airflow/example_dags/example_params_ui_tutorial.py for tasks to queue
[2024-05-24T05:54:57.801+0000] {logging_mixin.py:188} INFO - [2024-05-24T05:54:57.801+0000] {dagbag.py:545} INFO - Filling up the DagBag from /home/airflow/.local/lib/python3.12/site-packages/airflow/example_dags/example_params_ui_tutorial.py
[2024-05-24T05:54:57.806+0000] {processor.py:840} INFO - DAG(s) 'example_params_ui_tutorial' retrieved from /home/airflow/.local/lib/python3.12/site-packages/airflow/example_dags/example_params_ui_tutorial.py
[2024-05-24T05:54:57.824+0000] {logging_mixin.py:188} INFO - [2024-05-24T05:54:57.824+0000] {dag.py:3096} INFO - Sync 1 DAGs
[2024-05-24T05:54:57.828+0000] {logging_mixin.py:188} INFO - [2024-05-24T05:54:57.828+0000] {dag.py:3954} INFO - Setting next_dagrun for example_params_ui_tutorial to None, run_after=None
[2024-05-24T05:54:57.834+0000] {processor.py:183} INFO - Processing /home/airflow/.local/lib/python3.12/site-packages/airflow/example_dags/example_params_ui_tutorial.py took 0.037 seconds
[2024-05-24T05:55:28.178+0000] {processor.py:161} INFO - Started process (PID=5636) to work on /home/airflow/.local/lib/python3.12/site-packages/airflow/example_dags/example_params_ui_tutorial.py
[2024-05-24T05:55:28.178+0000] {processor.py:830} INFO - Processing file /home/airflow/.local/lib/python3.12/site-packages/airflow/example_dags/example_params_ui_tutorial.py for tasks to queue
[2024-05-24T05:55:28.179+0000] {logging_mixin.py:188} INFO - [2024-05-24T05:55:28.179+0000] {dagbag.py:545} INFO - Filling up the DagBag from /home/airflow/.local/lib/python3.12/site-packages/airflow/example_dags/example_params_ui_tutorial.py
[2024-05-24T05:55:28.184+0000] {processor.py:840} INFO - DAG(s) 'example_params_ui_tutorial' retrieved from /home/airflow/.local/lib/python3.12/site-packages/airflow/example_dags/example_params_ui_tutorial.py
[2024-05-24T05:55:28.202+0000] {logging_mixin.py:188} INFO - [2024-05-24T05:55:28.202+0000] {dag.py:3096} INFO - Sync 1 DAGs
[2024-05-24T05:55:28.206+0000] {logging_mixin.py:188} INFO - [2024-05-24T05:55:28.206+0000] {dag.py:3954} INFO - Setting next_dagrun for example_params_ui_tutorial to None, run_after=None
[2024-05-24T05:55:28.212+0000] {processor.py:183} INFO - Processing /home/airflow/.local/lib/python3.12/site-packages/airflow/example_dags/example_params_ui_tutorial.py took 0.037 seconds
[2024-05-24T05:55:58.522+0000] {processor.py:161} INFO - Started process (PID=5900) to work on /home/airflow/.local/lib/python3.12/site-packages/airflow/example_dags/example_params_ui_tutorial.py
[2024-05-24T05:55:58.522+0000] {processor.py:830} INFO - Processing file /home/airflow/.local/lib/python3.12/site-packages/airflow/example_dags/example_params_ui_tutorial.py for tasks to queue
[2024-05-24T05:55:58.523+0000] {logging_mixin.py:188} INFO - [2024-05-24T05:55:58.523+0000] {dagbag.py:545} INFO - Filling up the DagBag from /home/airflow/.local/lib/python3.12/site-packages/airflow/example_dags/example_params_ui_tutorial.py
[2024-05-24T05:55:58.528+0000] {processor.py:840} INFO - DAG(s) 'example_params_ui_tutorial' retrieved from /home/airflow/.local/lib/python3.12/site-packages/airflow/example_dags/example_params_ui_tutorial.py
[2024-05-24T05:55:58.546+0000] {logging_mixin.py:188} INFO - [2024-05-24T05:55:58.546+0000] {dag.py:3096} INFO - Sync 1 DAGs
[2024-05-24T05:55:58.550+0000] {logging_mixin.py:188} INFO - [2024-05-24T05:55:58.550+0000] {dag.py:3954} INFO - Setting next_dagrun for example_params_ui_tutorial to None, run_after=None
[2024-05-24T05:55:58.556+0000] {processor.py:183} INFO - Processing /home/airflow/.local/lib/python3.12/site-packages/airflow/example_dags/example_params_ui_tutorial.py took 0.036 seconds
[2024-05-24T05:56:28.859+0000] {processor.py:161} INFO - Started process (PID=6160) to work on /home/airflow/.local/lib/python3.12/site-packages/airflow/example_dags/example_params_ui_tutorial.py
[2024-05-24T05:56:28.859+0000] {processor.py:830} INFO - Processing file /home/airflow/.local/lib/python3.12/site-packages/airflow/example_dags/example_params_ui_tutorial.py for tasks to queue
[2024-05-24T05:56:28.860+0000] {logging_mixin.py:188} INFO - [2024-05-24T05:56:28.860+0000] {dagbag.py:545} INFO - Filling up the DagBag from /home/airflow/.local/lib/python3.12/site-packages/airflow/example_dags/example_params_ui_tutorial.py
[2024-05-24T05:56:28.865+0000] {processor.py:840} INFO - DAG(s) 'example_params_ui_tutorial' retrieved from /home/airflow/.local/lib/python3.12/site-packages/airflow/example_dags/example_params_ui_tutorial.py
[2024-05-24T05:56:28.883+0000] {logging_mixin.py:188} INFO - [2024-05-24T05:56:28.883+0000] {dag.py:3096} INFO - Sync 1 DAGs
[2024-05-24T05:56:28.887+0000] {logging_mixin.py:188} INFO - [2024-05-24T05:56:28.887+0000] {dag.py:3954} INFO - Setting next_dagrun for example_params_ui_tutorial to None, run_after=None
[2024-05-24T05:56:28.894+0000] {processor.py:183} INFO - Processing /home/airflow/.local/lib/python3.12/site-packages/airflow/example_dags/example_params_ui_tutorial.py took 0.037 seconds
[2024-05-24T05:56:59.172+0000] {processor.py:161} INFO - Started process (PID=6422) to work on /home/airflow/.local/lib/python3.12/site-packages/airflow/example_dags/example_params_ui_tutorial.py
[2024-05-24T05:56:59.172+0000] {processor.py:830} INFO - Processing file /home/airflow/.local/lib/python3.12/site-packages/airflow/example_dags/example_params_ui_tutorial.py for tasks to queue
[2024-05-24T05:56:59.173+0000] {logging_mixin.py:188} INFO - [2024-05-24T05:56:59.173+0000] {dagbag.py:545} INFO - Filling up the DagBag from /home/airflow/.local/lib/python3.12/site-packages/airflow/example_dags/example_params_ui_tutorial.py
[2024-05-24T05:56:59.178+0000] {processor.py:840} INFO - DAG(s) 'example_params_ui_tutorial' retrieved from /home/airflow/.local/lib/python3.12/site-packages/airflow/example_dags/example_params_ui_tutorial.py
[2024-05-24T05:56:59.195+0000] {logging_mixin.py:188} INFO - [2024-05-24T05:56:59.195+0000] {dag.py:3096} INFO - Sync 1 DAGs
[2024-05-24T05:56:59.199+0000] {logging_mixin.py:188} INFO - [2024-05-24T05:56:59.199+0000] {dag.py:3954} INFO - Setting next_dagrun for example_params_ui_tutorial to None, run_after=None
[2024-05-24T05:56:59.205+0000] {processor.py:183} INFO - Processing /home/airflow/.local/lib/python3.12/site-packages/airflow/example_dags/example_params_ui_tutorial.py took 0.036 seconds
[2024-05-24T05:57:29.494+0000] {processor.py:161} INFO - Started process (PID=6684) to work on /home/airflow/.local/lib/python3.12/site-packages/airflow/example_dags/example_params_ui_tutorial.py
[2024-05-24T05:57:29.495+0000] {processor.py:830} INFO - Processing file /home/airflow/.local/lib/python3.12/site-packages/airflow/example_dags/example_params_ui_tutorial.py for tasks to queue
[2024-05-24T05:57:29.495+0000] {logging_mixin.py:188} INFO - [2024-05-24T05:57:29.495+0000] {dagbag.py:545} INFO - Filling up the DagBag from /home/airflow/.local/lib/python3.12/site-packages/airflow/example_dags/example_params_ui_tutorial.py
[2024-05-24T05:57:29.500+0000] {processor.py:840} INFO - DAG(s) 'example_params_ui_tutorial' retrieved from /home/airflow/.local/lib/python3.12/site-packages/airflow/example_dags/example_params_ui_tutorial.py
[2024-05-24T05:57:29.518+0000] {logging_mixin.py:188} INFO - [2024-05-24T05:57:29.518+0000] {dag.py:3096} INFO - Sync 1 DAGs
[2024-05-24T05:57:29.522+0000] {logging_mixin.py:188} INFO - [2024-05-24T05:57:29.522+0000] {dag.py:3954} INFO - Setting next_dagrun for example_params_ui_tutorial to None, run_after=None
[2024-05-24T05:57:29.529+0000] {processor.py:183} INFO - Processing /home/airflow/.local/lib/python3.12/site-packages/airflow/example_dags/example_params_ui_tutorial.py took 0.037 seconds
[2024-05-24T05:57:59.850+0000] {processor.py:161} INFO - Started process (PID=6946) to work on /home/airflow/.local/lib/python3.12/site-packages/airflow/example_dags/example_params_ui_tutorial.py
[2024-05-24T05:57:59.850+0000] {processor.py:830} INFO - Processing file /home/airflow/.local/lib/python3.12/site-packages/airflow/example_dags/example_params_ui_tutorial.py for tasks to queue
[2024-05-24T05:57:59.851+0000] {logging_mixin.py:188} INFO - [2024-05-24T05:57:59.851+0000] {dagbag.py:545} INFO - Filling up the DagBag from /home/airflow/.local/lib/python3.12/site-packages/airflow/example_dags/example_params_ui_tutorial.py
[2024-05-24T05:57:59.856+0000] {processor.py:840} INFO - DAG(s) 'example_params_ui_tutorial' retrieved from /home/airflow/.local/lib/python3.12/site-packages/airflow/example_dags/example_params_ui_tutorial.py
[2024-05-24T05:57:59.875+0000] {logging_mixin.py:188} INFO - [2024-05-24T05:57:59.875+0000] {dag.py:3096} INFO - Sync 1 DAGs
[2024-05-24T05:57:59.880+0000] {logging_mixin.py:188} INFO - [2024-05-24T05:57:59.879+0000] {dag.py:3954} INFO - Setting next_dagrun for example_params_ui_tutorial to None, run_after=None
[2024-05-24T05:57:59.886+0000] {processor.py:183} INFO - Processing /home/airflow/.local/lib/python3.12/site-packages/airflow/example_dags/example_params_ui_tutorial.py took 0.039 seconds
[2024-05-24T05:58:30.231+0000] {processor.py:161} INFO - Started process (PID=7208) to work on /home/airflow/.local/lib/python3.12/site-packages/airflow/example_dags/example_params_ui_tutorial.py
[2024-05-24T05:58:30.231+0000] {processor.py:830} INFO - Processing file /home/airflow/.local/lib/python3.12/site-packages/airflow/example_dags/example_params_ui_tutorial.py for tasks to queue
[2024-05-24T05:58:30.232+0000] {logging_mixin.py:188} INFO - [2024-05-24T05:58:30.232+0000] {dagbag.py:545} INFO - Filling up the DagBag from /home/airflow/.local/lib/python3.12/site-packages/airflow/example_dags/example_params_ui_tutorial.py
[2024-05-24T05:58:30.237+0000] {processor.py:840} INFO - DAG(s) 'example_params_ui_tutorial' retrieved from /home/airflow/.local/lib/python3.12/site-packages/airflow/example_dags/example_params_ui_tutorial.py
[2024-05-24T05:58:30.255+0000] {logging_mixin.py:188} INFO - [2024-05-24T05:58:30.255+0000] {dag.py:3096} INFO - Sync 1 DAGs
[2024-05-24T05:58:30.260+0000] {logging_mixin.py:188} INFO - [2024-05-24T05:58:30.259+0000] {dag.py:3954} INFO - Setting next_dagrun for example_params_ui_tutorial to None, run_after=None
[2024-05-24T05:58:30.266+0000] {processor.py:183} INFO - Processing /home/airflow/.local/lib/python3.12/site-packages/airflow/example_dags/example_params_ui_tutorial.py took 0.037 seconds
[2024-05-24T06:13:53.588+0000] {processor.py:161} INFO - Started process (PID=7470) to work on /home/airflow/.local/lib/python3.12/site-packages/airflow/example_dags/example_params_ui_tutorial.py
[2024-05-24T06:13:53.589+0000] {processor.py:830} INFO - Processing file /home/airflow/.local/lib/python3.12/site-packages/airflow/example_dags/example_params_ui_tutorial.py for tasks to queue
[2024-05-24T06:13:53.590+0000] {logging_mixin.py:188} INFO - [2024-05-24T06:13:53.590+0000] {dagbag.py:545} INFO - Filling up the DagBag from /home/airflow/.local/lib/python3.12/site-packages/airflow/example_dags/example_params_ui_tutorial.py
[2024-05-24T06:13:53.595+0000] {processor.py:840} INFO - DAG(s) 'example_params_ui_tutorial' retrieved from /home/airflow/.local/lib/python3.12/site-packages/airflow/example_dags/example_params_ui_tutorial.py
[2024-05-24T06:13:53.614+0000] {logging_mixin.py:188} INFO - [2024-05-24T06:13:53.614+0000] {dag.py:3096} INFO - Sync 1 DAGs
[2024-05-24T06:13:53.619+0000] {logging_mixin.py:188} INFO - [2024-05-24T06:13:53.618+0000] {dag.py:3954} INFO - Setting next_dagrun for example_params_ui_tutorial to None, run_after=None
[2024-05-24T06:13:53.625+0000] {processor.py:183} INFO - Processing /home/airflow/.local/lib/python3.12/site-packages/airflow/example_dags/example_params_ui_tutorial.py took 0.039 seconds
[2024-05-24T06:26:10.463+0000] {processor.py:161} INFO - Started process (PID=7731) to work on /home/airflow/.local/lib/python3.12/site-packages/airflow/example_dags/example_params_ui_tutorial.py
[2024-05-24T06:26:10.464+0000] {processor.py:830} INFO - Processing file /home/airflow/.local/lib/python3.12/site-packages/airflow/example_dags/example_params_ui_tutorial.py for tasks to queue
[2024-05-24T06:26:10.464+0000] {logging_mixin.py:188} INFO - [2024-05-24T06:26:10.464+0000] {dagbag.py:545} INFO - Filling up the DagBag from /home/airflow/.local/lib/python3.12/site-packages/airflow/example_dags/example_params_ui_tutorial.py
[2024-05-24T06:26:10.469+0000] {processor.py:840} INFO - DAG(s) 'example_params_ui_tutorial' retrieved from /home/airflow/.local/lib/python3.12/site-packages/airflow/example_dags/example_params_ui_tutorial.py
[2024-05-24T06:26:10.488+0000] {logging_mixin.py:188} INFO - [2024-05-24T06:26:10.487+0000] {dag.py:3096} INFO - Sync 1 DAGs
[2024-05-24T06:26:10.492+0000] {logging_mixin.py:188} INFO - [2024-05-24T06:26:10.492+0000] {dag.py:3954} INFO - Setting next_dagrun for example_params_ui_tutorial to None, run_after=None
[2024-05-24T06:26:10.499+0000] {processor.py:183} INFO - Processing /home/airflow/.local/lib/python3.12/site-packages/airflow/example_dags/example_params_ui_tutorial.py took 0.038 seconds
[2024-05-24T06:26:40.893+0000] {processor.py:161} INFO - Started process (PID=7992) to work on /home/airflow/.local/lib/python3.12/site-packages/airflow/example_dags/example_params_ui_tutorial.py
[2024-05-24T06:26:40.894+0000] {processor.py:830} INFO - Processing file /home/airflow/.local/lib/python3.12/site-packages/airflow/example_dags/example_params_ui_tutorial.py for tasks to queue
[2024-05-24T06:26:40.894+0000] {logging_mixin.py:188} INFO - [2024-05-24T06:26:40.894+0000] {dagbag.py:545} INFO - Filling up the DagBag from /home/airflow/.local/lib/python3.12/site-packages/airflow/example_dags/example_params_ui_tutorial.py
[2024-05-24T06:26:40.899+0000] {processor.py:840} INFO - DAG(s) 'example_params_ui_tutorial' retrieved from /home/airflow/.local/lib/python3.12/site-packages/airflow/example_dags/example_params_ui_tutorial.py
[2024-05-24T06:26:40.917+0000] {logging_mixin.py:188} INFO - [2024-05-24T06:26:40.916+0000] {dag.py:3096} INFO - Sync 1 DAGs
[2024-05-24T06:26:40.921+0000] {logging_mixin.py:188} INFO - [2024-05-24T06:26:40.921+0000] {dag.py:3954} INFO - Setting next_dagrun for example_params_ui_tutorial to None, run_after=None
[2024-05-24T06:26:40.927+0000] {processor.py:183} INFO - Processing /home/airflow/.local/lib/python3.12/site-packages/airflow/example_dags/example_params_ui_tutorial.py took 0.036 seconds
[2024-05-24T06:27:11.311+0000] {processor.py:161} INFO - Started process (PID=8254) to work on /home/airflow/.local/lib/python3.12/site-packages/airflow/example_dags/example_params_ui_tutorial.py
[2024-05-24T06:27:11.312+0000] {processor.py:830} INFO - Processing file /home/airflow/.local/lib/python3.12/site-packages/airflow/example_dags/example_params_ui_tutorial.py for tasks to queue
[2024-05-24T06:27:11.312+0000] {logging_mixin.py:188} INFO - [2024-05-24T06:27:11.312+0000] {dagbag.py:545} INFO - Filling up the DagBag from /home/airflow/.local/lib/python3.12/site-packages/airflow/example_dags/example_params_ui_tutorial.py
[2024-05-24T06:27:11.317+0000] {processor.py:840} INFO - DAG(s) 'example_params_ui_tutorial' retrieved from /home/airflow/.local/lib/python3.12/site-packages/airflow/example_dags/example_params_ui_tutorial.py
[2024-05-24T06:27:11.335+0000] {logging_mixin.py:188} INFO - [2024-05-24T06:27:11.335+0000] {dag.py:3096} INFO - Sync 1 DAGs
[2024-05-24T06:27:11.340+0000] {logging_mixin.py:188} INFO - [2024-05-24T06:27:11.340+0000] {dag.py:3954} INFO - Setting next_dagrun for example_params_ui_tutorial to None, run_after=None
[2024-05-24T06:27:11.347+0000] {processor.py:183} INFO - Processing /home/airflow/.local/lib/python3.12/site-packages/airflow/example_dags/example_params_ui_tutorial.py took 0.038 seconds
[2024-05-24T06:28:26.460+0000] {processor.py:161} INFO - Started process (PID=8516) to work on /home/airflow/.local/lib/python3.12/site-packages/airflow/example_dags/example_params_ui_tutorial.py
[2024-05-24T06:28:26.461+0000] {processor.py:830} INFO - Processing file /home/airflow/.local/lib/python3.12/site-packages/airflow/example_dags/example_params_ui_tutorial.py for tasks to queue
[2024-05-24T06:28:26.462+0000] {logging_mixin.py:188} INFO - [2024-05-24T06:28:26.461+0000] {dagbag.py:545} INFO - Filling up the DagBag from /home/airflow/.local/lib/python3.12/site-packages/airflow/example_dags/example_params_ui_tutorial.py
[2024-05-24T06:28:26.467+0000] {processor.py:840} INFO - DAG(s) 'example_params_ui_tutorial' retrieved from /home/airflow/.local/lib/python3.12/site-packages/airflow/example_dags/example_params_ui_tutorial.py
[2024-05-24T06:28:26.486+0000] {logging_mixin.py:188} INFO - [2024-05-24T06:28:26.486+0000] {dag.py:3096} INFO - Sync 1 DAGs
[2024-05-24T06:28:26.491+0000] {logging_mixin.py:188} INFO - [2024-05-24T06:28:26.491+0000] {dag.py:3954} INFO - Setting next_dagrun for example_params_ui_tutorial to None, run_after=None
[2024-05-24T06:28:26.497+0000] {processor.py:183} INFO - Processing /home/airflow/.local/lib/python3.12/site-packages/airflow/example_dags/example_params_ui_tutorial.py took 0.039 seconds
[2024-05-24T06:28:56.835+0000] {processor.py:161} INFO - Started process (PID=8778) to work on /home/airflow/.local/lib/python3.12/site-packages/airflow/example_dags/example_params_ui_tutorial.py
[2024-05-24T06:28:56.836+0000] {processor.py:830} INFO - Processing file /home/airflow/.local/lib/python3.12/site-packages/airflow/example_dags/example_params_ui_tutorial.py for tasks to queue
[2024-05-24T06:28:56.836+0000] {logging_mixin.py:188} INFO - [2024-05-24T06:28:56.836+0000] {dagbag.py:545} INFO - Filling up the DagBag from /home/airflow/.local/lib/python3.12/site-packages/airflow/example_dags/example_params_ui_tutorial.py
[2024-05-24T06:28:56.841+0000] {processor.py:840} INFO - DAG(s) 'example_params_ui_tutorial' retrieved from /home/airflow/.local/lib/python3.12/site-packages/airflow/example_dags/example_params_ui_tutorial.py
[2024-05-24T06:28:56.860+0000] {logging_mixin.py:188} INFO - [2024-05-24T06:28:56.860+0000] {dag.py:3096} INFO - Sync 1 DAGs
[2024-05-24T06:28:56.864+0000] {logging_mixin.py:188} INFO - [2024-05-24T06:28:56.864+0000] {dag.py:3954} INFO - Setting next_dagrun for example_params_ui_tutorial to None, run_after=None
[2024-05-24T06:28:56.872+0000] {processor.py:183} INFO - Processing /home/airflow/.local/lib/python3.12/site-packages/airflow/example_dags/example_params_ui_tutorial.py took 0.039 seconds
[2024-05-24T06:29:27.304+0000] {processor.py:161} INFO - Started process (PID=9040) to work on /home/airflow/.local/lib/python3.12/site-packages/airflow/example_dags/example_params_ui_tutorial.py
[2024-05-24T06:29:27.304+0000] {processor.py:830} INFO - Processing file /home/airflow/.local/lib/python3.12/site-packages/airflow/example_dags/example_params_ui_tutorial.py for tasks to queue
[2024-05-24T06:29:27.305+0000] {logging_mixin.py:188} INFO - [2024-05-24T06:29:27.305+0000] {dagbag.py:545} INFO - Filling up the DagBag from /home/airflow/.local/lib/python3.12/site-packages/airflow/example_dags/example_params_ui_tutorial.py
[2024-05-24T06:29:27.310+0000] {processor.py:840} INFO - DAG(s) 'example_params_ui_tutorial' retrieved from /home/airflow/.local/lib/python3.12/site-packages/airflow/example_dags/example_params_ui_tutorial.py
[2024-05-24T06:29:27.328+0000] {logging_mixin.py:188} INFO - [2024-05-24T06:29:27.327+0000] {dag.py:3096} INFO - Sync 1 DAGs
[2024-05-24T06:29:27.332+0000] {logging_mixin.py:188} INFO - [2024-05-24T06:29:27.332+0000] {dag.py:3954} INFO - Setting next_dagrun for example_params_ui_tutorial to None, run_after=None
[2024-05-24T06:29:27.339+0000] {processor.py:183} INFO - Processing /home/airflow/.local/lib/python3.12/site-packages/airflow/example_dags/example_params_ui_tutorial.py took 0.037 seconds
[2024-05-24T06:29:57.685+0000] {processor.py:161} INFO - Started process (PID=9302) to work on /home/airflow/.local/lib/python3.12/site-packages/airflow/example_dags/example_params_ui_tutorial.py
[2024-05-24T06:29:57.686+0000] {processor.py:830} INFO - Processing file /home/airflow/.local/lib/python3.12/site-packages/airflow/example_dags/example_params_ui_tutorial.py for tasks to queue
[2024-05-24T06:29:57.686+0000] {logging_mixin.py:188} INFO - [2024-05-24T06:29:57.686+0000] {dagbag.py:545} INFO - Filling up the DagBag from /home/airflow/.local/lib/python3.12/site-packages/airflow/example_dags/example_params_ui_tutorial.py
[2024-05-24T06:29:57.691+0000] {processor.py:840} INFO - DAG(s) 'example_params_ui_tutorial' retrieved from /home/airflow/.local/lib/python3.12/site-packages/airflow/example_dags/example_params_ui_tutorial.py
[2024-05-24T06:29:57.709+0000] {logging_mixin.py:188} INFO - [2024-05-24T06:29:57.709+0000] {dag.py:3096} INFO - Sync 1 DAGs
[2024-05-24T06:29:57.714+0000] {logging_mixin.py:188} INFO - [2024-05-24T06:29:57.713+0000] {dag.py:3954} INFO - Setting next_dagrun for example_params_ui_tutorial to None, run_after=None
[2024-05-24T06:29:57.720+0000] {processor.py:183} INFO - Processing /home/airflow/.local/lib/python3.12/site-packages/airflow/example_dags/example_params_ui_tutorial.py took 0.037 seconds
[2024-05-24T06:32:51.318+0000] {processor.py:161} INFO - Started process (PID=9564) to work on /home/airflow/.local/lib/python3.12/site-packages/airflow/example_dags/example_params_ui_tutorial.py
[2024-05-24T06:32:51.319+0000] {processor.py:830} INFO - Processing file /home/airflow/.local/lib/python3.12/site-packages/airflow/example_dags/example_params_ui_tutorial.py for tasks to queue
[2024-05-24T06:32:51.320+0000] {logging_mixin.py:188} INFO - [2024-05-24T06:32:51.319+0000] {dagbag.py:545} INFO - Filling up the DagBag from /home/airflow/.local/lib/python3.12/site-packages/airflow/example_dags/example_params_ui_tutorial.py
[2024-05-24T06:32:51.324+0000] {processor.py:840} INFO - DAG(s) 'example_params_ui_tutorial' retrieved from /home/airflow/.local/lib/python3.12/site-packages/airflow/example_dags/example_params_ui_tutorial.py
[2024-05-24T06:32:51.343+0000] {logging_mixin.py:188} INFO - [2024-05-24T06:32:51.343+0000] {dag.py:3096} INFO - Sync 1 DAGs
[2024-05-24T06:32:51.347+0000] {logging_mixin.py:188} INFO - [2024-05-24T06:32:51.347+0000] {dag.py:3954} INFO - Setting next_dagrun for example_params_ui_tutorial to None, run_after=None
[2024-05-24T06:32:51.353+0000] {processor.py:183} INFO - Processing /home/airflow/.local/lib/python3.12/site-packages/airflow/example_dags/example_params_ui_tutorial.py took 0.037 seconds
[2024-05-24T06:34:34.532+0000] {processor.py:161} INFO - Started process (PID=9828) to work on /home/airflow/.local/lib/python3.12/site-packages/airflow/example_dags/example_params_ui_tutorial.py
[2024-05-24T06:34:34.532+0000] {processor.py:830} INFO - Processing file /home/airflow/.local/lib/python3.12/site-packages/airflow/example_dags/example_params_ui_tutorial.py for tasks to queue
[2024-05-24T06:34:34.533+0000] {logging_mixin.py:188} INFO - [2024-05-24T06:34:34.533+0000] {dagbag.py:545} INFO - Filling up the DagBag from /home/airflow/.local/lib/python3.12/site-packages/airflow/example_dags/example_params_ui_tutorial.py
[2024-05-24T06:34:34.538+0000] {processor.py:840} INFO - DAG(s) 'example_params_ui_tutorial' retrieved from /home/airflow/.local/lib/python3.12/site-packages/airflow/example_dags/example_params_ui_tutorial.py
[2024-05-24T06:34:34.557+0000] {logging_mixin.py:188} INFO - [2024-05-24T06:34:34.557+0000] {dag.py:3096} INFO - Sync 1 DAGs
[2024-05-24T06:34:34.564+0000] {logging_mixin.py:188} INFO - [2024-05-24T06:34:34.563+0000] {dag.py:3954} INFO - Setting next_dagrun for example_params_ui_tutorial to None, run_after=None
[2024-05-24T06:34:34.570+0000] {processor.py:183} INFO - Processing /home/airflow/.local/lib/python3.12/site-packages/airflow/example_dags/example_params_ui_tutorial.py took 0.040 seconds
[2024-05-24T06:35:05.042+0000] {processor.py:161} INFO - Started process (PID=10088) to work on /home/airflow/.local/lib/python3.12/site-packages/airflow/example_dags/example_params_ui_tutorial.py
[2024-05-24T06:35:05.042+0000] {processor.py:830} INFO - Processing file /home/airflow/.local/lib/python3.12/site-packages/airflow/example_dags/example_params_ui_tutorial.py for tasks to queue
[2024-05-24T06:35:05.043+0000] {logging_mixin.py:188} INFO - [2024-05-24T06:35:05.043+0000] {dagbag.py:545} INFO - Filling up the DagBag from /home/airflow/.local/lib/python3.12/site-packages/airflow/example_dags/example_params_ui_tutorial.py
[2024-05-24T06:35:05.048+0000] {processor.py:840} INFO - DAG(s) 'example_params_ui_tutorial' retrieved from /home/airflow/.local/lib/python3.12/site-packages/airflow/example_dags/example_params_ui_tutorial.py
[2024-05-24T06:35:05.067+0000] {logging_mixin.py:188} INFO - [2024-05-24T06:35:05.066+0000] {dag.py:3096} INFO - Sync 1 DAGs
[2024-05-24T06:35:05.071+0000] {logging_mixin.py:188} INFO - [2024-05-24T06:35:05.071+0000] {dag.py:3954} INFO - Setting next_dagrun for example_params_ui_tutorial to None, run_after=None
[2024-05-24T06:35:05.078+0000] {processor.py:183} INFO - Processing /home/airflow/.local/lib/python3.12/site-packages/airflow/example_dags/example_params_ui_tutorial.py took 0.038 seconds
[2024-05-24T06:50:34.762+0000] {processor.py:161} INFO - Started process (PID=10350) to work on /home/airflow/.local/lib/python3.12/site-packages/airflow/example_dags/example_params_ui_tutorial.py
[2024-05-24T06:50:34.762+0000] {processor.py:830} INFO - Processing file /home/airflow/.local/lib/python3.12/site-packages/airflow/example_dags/example_params_ui_tutorial.py for tasks to queue
[2024-05-24T06:50:34.763+0000] {logging_mixin.py:188} INFO - [2024-05-24T06:50:34.763+0000] {dagbag.py:545} INFO - Filling up the DagBag from /home/airflow/.local/lib/python3.12/site-packages/airflow/example_dags/example_params_ui_tutorial.py
[2024-05-24T06:50:34.769+0000] {processor.py:840} INFO - DAG(s) 'example_params_ui_tutorial' retrieved from /home/airflow/.local/lib/python3.12/site-packages/airflow/example_dags/example_params_ui_tutorial.py
[2024-05-24T06:50:34.792+0000] {logging_mixin.py:188} INFO - [2024-05-24T06:50:34.791+0000] {dag.py:3096} INFO - Sync 1 DAGs
[2024-05-24T06:50:34.796+0000] {logging_mixin.py:188} INFO - [2024-05-24T06:50:34.796+0000] {dag.py:3954} INFO - Setting next_dagrun for example_params_ui_tutorial to None, run_after=None
[2024-05-24T06:50:34.802+0000] {processor.py:183} INFO - Processing /home/airflow/.local/lib/python3.12/site-packages/airflow/example_dags/example_params_ui_tutorial.py took 0.043 seconds
[2024-05-24T07:06:11.398+0000] {processor.py:161} INFO - Started process (PID=10614) to work on /home/airflow/.local/lib/python3.12/site-packages/airflow/example_dags/example_params_ui_tutorial.py
[2024-05-24T07:06:11.398+0000] {processor.py:830} INFO - Processing file /home/airflow/.local/lib/python3.12/site-packages/airflow/example_dags/example_params_ui_tutorial.py for tasks to queue
[2024-05-24T07:06:11.399+0000] {logging_mixin.py:188} INFO - [2024-05-24T07:06:11.399+0000] {dagbag.py:545} INFO - Filling up the DagBag from /home/airflow/.local/lib/python3.12/site-packages/airflow/example_dags/example_params_ui_tutorial.py
[2024-05-24T07:06:11.403+0000] {processor.py:840} INFO - DAG(s) 'example_params_ui_tutorial' retrieved from /home/airflow/.local/lib/python3.12/site-packages/airflow/example_dags/example_params_ui_tutorial.py
[2024-05-24T07:06:11.420+0000] {logging_mixin.py:188} INFO - [2024-05-24T07:06:11.420+0000] {dag.py:3096} INFO - Sync 1 DAGs
[2024-05-24T07:06:11.424+0000] {logging_mixin.py:188} INFO - [2024-05-24T07:06:11.424+0000] {dag.py:3954} INFO - Setting next_dagrun for example_params_ui_tutorial to None, run_after=None
[2024-05-24T07:06:11.429+0000] {processor.py:183} INFO - Processing /home/airflow/.local/lib/python3.12/site-packages/airflow/example_dags/example_params_ui_tutorial.py took 0.034 seconds
[2024-05-24T07:30:09.632+0000] {processor.py:161} INFO - Started process (PID=10874) to work on /home/airflow/.local/lib/python3.12/site-packages/airflow/example_dags/example_params_ui_tutorial.py
[2024-05-24T07:30:09.632+0000] {processor.py:830} INFO - Processing file /home/airflow/.local/lib/python3.12/site-packages/airflow/example_dags/example_params_ui_tutorial.py for tasks to queue
[2024-05-24T07:30:09.633+0000] {logging_mixin.py:188} INFO - [2024-05-24T07:30:09.633+0000] {dagbag.py:545} INFO - Filling up the DagBag from /home/airflow/.local/lib/python3.12/site-packages/airflow/example_dags/example_params_ui_tutorial.py
[2024-05-24T07:30:09.638+0000] {processor.py:840} INFO - DAG(s) 'example_params_ui_tutorial' retrieved from /home/airflow/.local/lib/python3.12/site-packages/airflow/example_dags/example_params_ui_tutorial.py
[2024-05-24T07:30:09.657+0000] {logging_mixin.py:188} INFO - [2024-05-24T07:30:09.657+0000] {dag.py:3096} INFO - Sync 1 DAGs
[2024-05-24T07:30:09.662+0000] {logging_mixin.py:188} INFO - [2024-05-24T07:30:09.662+0000] {dag.py:3954} INFO - Setting next_dagrun for example_params_ui_tutorial to None, run_after=None
[2024-05-24T07:30:09.668+0000] {processor.py:183} INFO - Processing /home/airflow/.local/lib/python3.12/site-packages/airflow/example_dags/example_params_ui_tutorial.py took 0.039 seconds
[2024-05-24T07:30:41.372+0000] {processor.py:161} INFO - Started process (PID=11138) to work on /home/airflow/.local/lib/python3.12/site-packages/airflow/example_dags/example_params_ui_tutorial.py
[2024-05-24T07:30:41.372+0000] {processor.py:830} INFO - Processing file /home/airflow/.local/lib/python3.12/site-packages/airflow/example_dags/example_params_ui_tutorial.py for tasks to queue
[2024-05-24T07:30:41.373+0000] {logging_mixin.py:188} INFO - [2024-05-24T07:30:41.373+0000] {dagbag.py:545} INFO - Filling up the DagBag from /home/airflow/.local/lib/python3.12/site-packages/airflow/example_dags/example_params_ui_tutorial.py
[2024-05-24T07:30:41.377+0000] {processor.py:840} INFO - DAG(s) 'example_params_ui_tutorial' retrieved from /home/airflow/.local/lib/python3.12/site-packages/airflow/example_dags/example_params_ui_tutorial.py
[2024-05-24T07:30:41.394+0000] {logging_mixin.py:188} INFO - [2024-05-24T07:30:41.394+0000] {dag.py:3096} INFO - Sync 1 DAGs
[2024-05-24T07:30:41.399+0000] {logging_mixin.py:188} INFO - [2024-05-24T07:30:41.399+0000] {dag.py:3954} INFO - Setting next_dagrun for example_params_ui_tutorial to None, run_after=None
[2024-05-24T07:30:41.405+0000] {processor.py:183} INFO - Processing /home/airflow/.local/lib/python3.12/site-packages/airflow/example_dags/example_params_ui_tutorial.py took 0.036 seconds
[2024-05-24T07:31:11.727+0000] {processor.py:161} INFO - Started process (PID=11398) to work on /home/airflow/.local/lib/python3.12/site-packages/airflow/example_dags/example_params_ui_tutorial.py
[2024-05-24T07:31:11.727+0000] {processor.py:830} INFO - Processing file /home/airflow/.local/lib/python3.12/site-packages/airflow/example_dags/example_params_ui_tutorial.py for tasks to queue
[2024-05-24T07:31:11.728+0000] {logging_mixin.py:188} INFO - [2024-05-24T07:31:11.727+0000] {dagbag.py:545} INFO - Filling up the DagBag from /home/airflow/.local/lib/python3.12/site-packages/airflow/example_dags/example_params_ui_tutorial.py
[2024-05-24T07:31:11.732+0000] {processor.py:840} INFO - DAG(s) 'example_params_ui_tutorial' retrieved from /home/airflow/.local/lib/python3.12/site-packages/airflow/example_dags/example_params_ui_tutorial.py
[2024-05-24T07:31:11.750+0000] {logging_mixin.py:188} INFO - [2024-05-24T07:31:11.750+0000] {dag.py:3096} INFO - Sync 1 DAGs
[2024-05-24T07:31:11.755+0000] {logging_mixin.py:188} INFO - [2024-05-24T07:31:11.755+0000] {dag.py:3954} INFO - Setting next_dagrun for example_params_ui_tutorial to None, run_after=None
[2024-05-24T07:31:11.761+0000] {processor.py:183} INFO - Processing /home/airflow/.local/lib/python3.12/site-packages/airflow/example_dags/example_params_ui_tutorial.py took 0.037 seconds
[2024-05-24T07:31:42.124+0000] {processor.py:161} INFO - Started process (PID=11660) to work on /home/airflow/.local/lib/python3.12/site-packages/airflow/example_dags/example_params_ui_tutorial.py
[2024-05-24T07:31:42.125+0000] {processor.py:830} INFO - Processing file /home/airflow/.local/lib/python3.12/site-packages/airflow/example_dags/example_params_ui_tutorial.py for tasks to queue
[2024-05-24T07:31:42.126+0000] {logging_mixin.py:188} INFO - [2024-05-24T07:31:42.125+0000] {dagbag.py:545} INFO - Filling up the DagBag from /home/airflow/.local/lib/python3.12/site-packages/airflow/example_dags/example_params_ui_tutorial.py
[2024-05-24T07:31:42.130+0000] {processor.py:840} INFO - DAG(s) 'example_params_ui_tutorial' retrieved from /home/airflow/.local/lib/python3.12/site-packages/airflow/example_dags/example_params_ui_tutorial.py
[2024-05-24T07:31:42.148+0000] {logging_mixin.py:188} INFO - [2024-05-24T07:31:42.148+0000] {dag.py:3096} INFO - Sync 1 DAGs
[2024-05-24T07:31:42.154+0000] {logging_mixin.py:188} INFO - [2024-05-24T07:31:42.154+0000] {dag.py:3954} INFO - Setting next_dagrun for example_params_ui_tutorial to None, run_after=None
[2024-05-24T07:31:42.160+0000] {processor.py:183} INFO - Processing /home/airflow/.local/lib/python3.12/site-packages/airflow/example_dags/example_params_ui_tutorial.py took 0.039 seconds
[2024-05-24T07:32:12.510+0000] {processor.py:161} INFO - Started process (PID=11922) to work on /home/airflow/.local/lib/python3.12/site-packages/airflow/example_dags/example_params_ui_tutorial.py
[2024-05-24T07:32:12.511+0000] {processor.py:830} INFO - Processing file /home/airflow/.local/lib/python3.12/site-packages/airflow/example_dags/example_params_ui_tutorial.py for tasks to queue
[2024-05-24T07:32:12.511+0000] {logging_mixin.py:188} INFO - [2024-05-24T07:32:12.511+0000] {dagbag.py:545} INFO - Filling up the DagBag from /home/airflow/.local/lib/python3.12/site-packages/airflow/example_dags/example_params_ui_tutorial.py
[2024-05-24T07:32:12.516+0000] {processor.py:840} INFO - DAG(s) 'example_params_ui_tutorial' retrieved from /home/airflow/.local/lib/python3.12/site-packages/airflow/example_dags/example_params_ui_tutorial.py
[2024-05-24T07:32:12.535+0000] {logging_mixin.py:188} INFO - [2024-05-24T07:32:12.535+0000] {dag.py:3096} INFO - Sync 1 DAGs
[2024-05-24T07:32:12.540+0000] {logging_mixin.py:188} INFO - [2024-05-24T07:32:12.539+0000] {dag.py:3954} INFO - Setting next_dagrun for example_params_ui_tutorial to None, run_after=None
[2024-05-24T07:32:12.545+0000] {processor.py:183} INFO - Processing /home/airflow/.local/lib/python3.12/site-packages/airflow/example_dags/example_params_ui_tutorial.py took 0.037 seconds
[2024-05-24T07:32:59.290+0000] {processor.py:161} INFO - Started process (PID=12184) to work on /home/airflow/.local/lib/python3.12/site-packages/airflow/example_dags/example_params_ui_tutorial.py
[2024-05-24T07:32:59.291+0000] {processor.py:830} INFO - Processing file /home/airflow/.local/lib/python3.12/site-packages/airflow/example_dags/example_params_ui_tutorial.py for tasks to queue
[2024-05-24T07:32:59.291+0000] {logging_mixin.py:188} INFO - [2024-05-24T07:32:59.291+0000] {dagbag.py:545} INFO - Filling up the DagBag from /home/airflow/.local/lib/python3.12/site-packages/airflow/example_dags/example_params_ui_tutorial.py
[2024-05-24T07:32:59.296+0000] {processor.py:840} INFO - DAG(s) 'example_params_ui_tutorial' retrieved from /home/airflow/.local/lib/python3.12/site-packages/airflow/example_dags/example_params_ui_tutorial.py
[2024-05-24T07:32:59.315+0000] {logging_mixin.py:188} INFO - [2024-05-24T07:32:59.315+0000] {dag.py:3096} INFO - Sync 1 DAGs
[2024-05-24T07:32:59.320+0000] {logging_mixin.py:188} INFO - [2024-05-24T07:32:59.320+0000] {dag.py:3954} INFO - Setting next_dagrun for example_params_ui_tutorial to None, run_after=None
[2024-05-24T07:32:59.326+0000] {processor.py:183} INFO - Processing /home/airflow/.local/lib/python3.12/site-packages/airflow/example_dags/example_params_ui_tutorial.py took 0.038 seconds
[2024-05-24T07:33:29.655+0000] {processor.py:161} INFO - Started process (PID=12446) to work on /home/airflow/.local/lib/python3.12/site-packages/airflow/example_dags/example_params_ui_tutorial.py
[2024-05-24T07:33:29.655+0000] {processor.py:830} INFO - Processing file /home/airflow/.local/lib/python3.12/site-packages/airflow/example_dags/example_params_ui_tutorial.py for tasks to queue
[2024-05-24T07:33:29.656+0000] {logging_mixin.py:188} INFO - [2024-05-24T07:33:29.656+0000] {dagbag.py:545} INFO - Filling up the DagBag from /home/airflow/.local/lib/python3.12/site-packages/airflow/example_dags/example_params_ui_tutorial.py
[2024-05-24T07:33:29.661+0000] {processor.py:840} INFO - DAG(s) 'example_params_ui_tutorial' retrieved from /home/airflow/.local/lib/python3.12/site-packages/airflow/example_dags/example_params_ui_tutorial.py
[2024-05-24T07:33:29.680+0000] {logging_mixin.py:188} INFO - [2024-05-24T07:33:29.680+0000] {dag.py:3096} INFO - Sync 1 DAGs
[2024-05-24T07:33:29.685+0000] {logging_mixin.py:188} INFO - [2024-05-24T07:33:29.685+0000] {dag.py:3954} INFO - Setting next_dagrun for example_params_ui_tutorial to None, run_after=None
[2024-05-24T07:33:29.691+0000] {processor.py:183} INFO - Processing /home/airflow/.local/lib/python3.12/site-packages/airflow/example_dags/example_params_ui_tutorial.py took 0.039 seconds
[2024-05-24T07:33:59.985+0000] {processor.py:161} INFO - Started process (PID=12708) to work on /home/airflow/.local/lib/python3.12/site-packages/airflow/example_dags/example_params_ui_tutorial.py
[2024-05-24T07:33:59.986+0000] {processor.py:830} INFO - Processing file /home/airflow/.local/lib/python3.12/site-packages/airflow/example_dags/example_params_ui_tutorial.py for tasks to queue
[2024-05-24T07:33:59.987+0000] {logging_mixin.py:188} INFO - [2024-05-24T07:33:59.986+0000] {dagbag.py:545} INFO - Filling up the DagBag from /home/airflow/.local/lib/python3.12/site-packages/airflow/example_dags/example_params_ui_tutorial.py
[2024-05-24T07:33:59.992+0000] {processor.py:840} INFO - DAG(s) 'example_params_ui_tutorial' retrieved from /home/airflow/.local/lib/python3.12/site-packages/airflow/example_dags/example_params_ui_tutorial.py
[2024-05-24T07:34:00.010+0000] {logging_mixin.py:188} INFO - [2024-05-24T07:34:00.010+0000] {dag.py:3096} INFO - Sync 1 DAGs
[2024-05-24T07:34:00.015+0000] {logging_mixin.py:188} INFO - [2024-05-24T07:34:00.015+0000] {dag.py:3954} INFO - Setting next_dagrun for example_params_ui_tutorial to None, run_after=None
[2024-05-24T07:34:00.021+0000] {processor.py:183} INFO - Processing /home/airflow/.local/lib/python3.12/site-packages/airflow/example_dags/example_params_ui_tutorial.py took 0.038 seconds
[2024-05-24T07:34:30.461+0000] {processor.py:161} INFO - Started process (PID=12969) to work on /home/airflow/.local/lib/python3.12/site-packages/airflow/example_dags/example_params_ui_tutorial.py
[2024-05-24T07:34:30.461+0000] {processor.py:830} INFO - Processing file /home/airflow/.local/lib/python3.12/site-packages/airflow/example_dags/example_params_ui_tutorial.py for tasks to queue
[2024-05-24T07:34:30.462+0000] {logging_mixin.py:188} INFO - [2024-05-24T07:34:30.462+0000] {dagbag.py:545} INFO - Filling up the DagBag from /home/airflow/.local/lib/python3.12/site-packages/airflow/example_dags/example_params_ui_tutorial.py
[2024-05-24T07:34:30.467+0000] {processor.py:840} INFO - DAG(s) 'example_params_ui_tutorial' retrieved from /home/airflow/.local/lib/python3.12/site-packages/airflow/example_dags/example_params_ui_tutorial.py
[2024-05-24T07:34:30.486+0000] {logging_mixin.py:188} INFO - [2024-05-24T07:34:30.486+0000] {dag.py:3096} INFO - Sync 1 DAGs
[2024-05-24T07:34:30.490+0000] {logging_mixin.py:188} INFO - [2024-05-24T07:34:30.490+0000] {dag.py:3954} INFO - Setting next_dagrun for example_params_ui_tutorial to None, run_after=None
[2024-05-24T07:34:30.497+0000] {processor.py:183} INFO - Processing /home/airflow/.local/lib/python3.12/site-packages/airflow/example_dags/example_params_ui_tutorial.py took 0.039 seconds
[2024-05-24T07:35:00.914+0000] {processor.py:161} INFO - Started process (PID=13231) to work on /home/airflow/.local/lib/python3.12/site-packages/airflow/example_dags/example_params_ui_tutorial.py
[2024-05-24T07:35:00.914+0000] {processor.py:830} INFO - Processing file /home/airflow/.local/lib/python3.12/site-packages/airflow/example_dags/example_params_ui_tutorial.py for tasks to queue
[2024-05-24T07:35:00.915+0000] {logging_mixin.py:188} INFO - [2024-05-24T07:35:00.915+0000] {dagbag.py:545} INFO - Filling up the DagBag from /home/airflow/.local/lib/python3.12/site-packages/airflow/example_dags/example_params_ui_tutorial.py
[2024-05-24T07:35:00.920+0000] {processor.py:840} INFO - DAG(s) 'example_params_ui_tutorial' retrieved from /home/airflow/.local/lib/python3.12/site-packages/airflow/example_dags/example_params_ui_tutorial.py
[2024-05-24T07:35:00.939+0000] {logging_mixin.py:188} INFO - [2024-05-24T07:35:00.939+0000] {dag.py:3096} INFO - Sync 1 DAGs
[2024-05-24T07:35:00.943+0000] {logging_mixin.py:188} INFO - [2024-05-24T07:35:00.943+0000] {dag.py:3954} INFO - Setting next_dagrun for example_params_ui_tutorial to None, run_after=None
[2024-05-24T07:35:00.950+0000] {processor.py:183} INFO - Processing /home/airflow/.local/lib/python3.12/site-packages/airflow/example_dags/example_params_ui_tutorial.py took 0.038 seconds
[2024-05-24T07:35:31.266+0000] {processor.py:161} INFO - Started process (PID=13493) to work on /home/airflow/.local/lib/python3.12/site-packages/airflow/example_dags/example_params_ui_tutorial.py
[2024-05-24T07:35:31.266+0000] {processor.py:830} INFO - Processing file /home/airflow/.local/lib/python3.12/site-packages/airflow/example_dags/example_params_ui_tutorial.py for tasks to queue
[2024-05-24T07:35:31.267+0000] {logging_mixin.py:188} INFO - [2024-05-24T07:35:31.267+0000] {dagbag.py:545} INFO - Filling up the DagBag from /home/airflow/.local/lib/python3.12/site-packages/airflow/example_dags/example_params_ui_tutorial.py
[2024-05-24T07:35:31.272+0000] {processor.py:840} INFO - DAG(s) 'example_params_ui_tutorial' retrieved from /home/airflow/.local/lib/python3.12/site-packages/airflow/example_dags/example_params_ui_tutorial.py
[2024-05-24T07:35:31.291+0000] {logging_mixin.py:188} INFO - [2024-05-24T07:35:31.291+0000] {dag.py:3096} INFO - Sync 1 DAGs
[2024-05-24T07:35:31.295+0000] {logging_mixin.py:188} INFO - [2024-05-24T07:35:31.295+0000] {dag.py:3954} INFO - Setting next_dagrun for example_params_ui_tutorial to None, run_after=None
[2024-05-24T07:35:31.302+0000] {processor.py:183} INFO - Processing /home/airflow/.local/lib/python3.12/site-packages/airflow/example_dags/example_params_ui_tutorial.py took 0.039 seconds
[2024-05-24T07:36:01.607+0000] {processor.py:161} INFO - Started process (PID=13755) to work on /home/airflow/.local/lib/python3.12/site-packages/airflow/example_dags/example_params_ui_tutorial.py
[2024-05-24T07:36:01.608+0000] {processor.py:830} INFO - Processing file /home/airflow/.local/lib/python3.12/site-packages/airflow/example_dags/example_params_ui_tutorial.py for tasks to queue
[2024-05-24T07:36:01.609+0000] {logging_mixin.py:188} INFO - [2024-05-24T07:36:01.608+0000] {dagbag.py:545} INFO - Filling up the DagBag from /home/airflow/.local/lib/python3.12/site-packages/airflow/example_dags/example_params_ui_tutorial.py
[2024-05-24T07:36:01.614+0000] {processor.py:840} INFO - DAG(s) 'example_params_ui_tutorial' retrieved from /home/airflow/.local/lib/python3.12/site-packages/airflow/example_dags/example_params_ui_tutorial.py
[2024-05-24T07:36:01.633+0000] {logging_mixin.py:188} INFO - [2024-05-24T07:36:01.633+0000] {dag.py:3096} INFO - Sync 1 DAGs
[2024-05-24T07:36:01.638+0000] {logging_mixin.py:188} INFO - [2024-05-24T07:36:01.638+0000] {dag.py:3954} INFO - Setting next_dagrun for example_params_ui_tutorial to None, run_after=None
[2024-05-24T07:36:01.644+0000] {processor.py:183} INFO - Processing /home/airflow/.local/lib/python3.12/site-packages/airflow/example_dags/example_params_ui_tutorial.py took 0.039 seconds
[2024-05-24T07:36:32.102+0000] {processor.py:161} INFO - Started process (PID=14017) to work on /home/airflow/.local/lib/python3.12/site-packages/airflow/example_dags/example_params_ui_tutorial.py
[2024-05-24T07:36:32.102+0000] {processor.py:830} INFO - Processing file /home/airflow/.local/lib/python3.12/site-packages/airflow/example_dags/example_params_ui_tutorial.py for tasks to queue
[2024-05-24T07:36:32.103+0000] {logging_mixin.py:188} INFO - [2024-05-24T07:36:32.103+0000] {dagbag.py:545} INFO - Filling up the DagBag from /home/airflow/.local/lib/python3.12/site-packages/airflow/example_dags/example_params_ui_tutorial.py
[2024-05-24T07:36:32.108+0000] {processor.py:840} INFO - DAG(s) 'example_params_ui_tutorial' retrieved from /home/airflow/.local/lib/python3.12/site-packages/airflow/example_dags/example_params_ui_tutorial.py
[2024-05-24T07:36:32.126+0000] {logging_mixin.py:188} INFO - [2024-05-24T07:36:32.126+0000] {dag.py:3096} INFO - Sync 1 DAGs
[2024-05-24T07:36:32.130+0000] {logging_mixin.py:188} INFO - [2024-05-24T07:36:32.130+0000] {dag.py:3954} INFO - Setting next_dagrun for example_params_ui_tutorial to None, run_after=None
[2024-05-24T07:36:32.136+0000] {processor.py:183} INFO - Processing /home/airflow/.local/lib/python3.12/site-packages/airflow/example_dags/example_params_ui_tutorial.py took 0.037 seconds
[2024-05-24T07:37:02.468+0000] {processor.py:161} INFO - Started process (PID=14281) to work on /home/airflow/.local/lib/python3.12/site-packages/airflow/example_dags/example_params_ui_tutorial.py
[2024-05-24T07:37:02.468+0000] {processor.py:830} INFO - Processing file /home/airflow/.local/lib/python3.12/site-packages/airflow/example_dags/example_params_ui_tutorial.py for tasks to queue
[2024-05-24T07:37:02.469+0000] {logging_mixin.py:188} INFO - [2024-05-24T07:37:02.469+0000] {dagbag.py:545} INFO - Filling up the DagBag from /home/airflow/.local/lib/python3.12/site-packages/airflow/example_dags/example_params_ui_tutorial.py
[2024-05-24T07:37:02.474+0000] {processor.py:840} INFO - DAG(s) 'example_params_ui_tutorial' retrieved from /home/airflow/.local/lib/python3.12/site-packages/airflow/example_dags/example_params_ui_tutorial.py
[2024-05-24T07:37:02.491+0000] {logging_mixin.py:188} INFO - [2024-05-24T07:37:02.491+0000] {dag.py:3096} INFO - Sync 1 DAGs
[2024-05-24T07:37:02.495+0000] {logging_mixin.py:188} INFO - [2024-05-24T07:37:02.495+0000] {dag.py:3954} INFO - Setting next_dagrun for example_params_ui_tutorial to None, run_after=None
[2024-05-24T07:37:02.501+0000] {processor.py:183} INFO - Processing /home/airflow/.local/lib/python3.12/site-packages/airflow/example_dags/example_params_ui_tutorial.py took 0.036 seconds
[2024-05-24T07:37:32.943+0000] {processor.py:161} INFO - Started process (PID=14541) to work on /home/airflow/.local/lib/python3.12/site-packages/airflow/example_dags/example_params_ui_tutorial.py
[2024-05-24T07:37:32.944+0000] {processor.py:830} INFO - Processing file /home/airflow/.local/lib/python3.12/site-packages/airflow/example_dags/example_params_ui_tutorial.py for tasks to queue
[2024-05-24T07:37:32.945+0000] {logging_mixin.py:188} INFO - [2024-05-24T07:37:32.945+0000] {dagbag.py:545} INFO - Filling up the DagBag from /home/airflow/.local/lib/python3.12/site-packages/airflow/example_dags/example_params_ui_tutorial.py
[2024-05-24T07:37:32.950+0000] {processor.py:840} INFO - DAG(s) 'example_params_ui_tutorial' retrieved from /home/airflow/.local/lib/python3.12/site-packages/airflow/example_dags/example_params_ui_tutorial.py
[2024-05-24T07:37:32.968+0000] {logging_mixin.py:188} INFO - [2024-05-24T07:37:32.968+0000] {dag.py:3096} INFO - Sync 1 DAGs
[2024-05-24T07:37:32.972+0000] {logging_mixin.py:188} INFO - [2024-05-24T07:37:32.972+0000] {dag.py:3954} INFO - Setting next_dagrun for example_params_ui_tutorial to None, run_after=None
[2024-05-24T07:37:32.978+0000] {processor.py:183} INFO - Processing /home/airflow/.local/lib/python3.12/site-packages/airflow/example_dags/example_params_ui_tutorial.py took 0.038 seconds
[2024-05-24T07:38:03.347+0000] {processor.py:161} INFO - Started process (PID=14803) to work on /home/airflow/.local/lib/python3.12/site-packages/airflow/example_dags/example_params_ui_tutorial.py
[2024-05-24T07:38:03.347+0000] {processor.py:830} INFO - Processing file /home/airflow/.local/lib/python3.12/site-packages/airflow/example_dags/example_params_ui_tutorial.py for tasks to queue
[2024-05-24T07:38:03.348+0000] {logging_mixin.py:188} INFO - [2024-05-24T07:38:03.348+0000] {dagbag.py:545} INFO - Filling up the DagBag from /home/airflow/.local/lib/python3.12/site-packages/airflow/example_dags/example_params_ui_tutorial.py
[2024-05-24T07:38:03.353+0000] {processor.py:840} INFO - DAG(s) 'example_params_ui_tutorial' retrieved from /home/airflow/.local/lib/python3.12/site-packages/airflow/example_dags/example_params_ui_tutorial.py
[2024-05-24T07:38:03.373+0000] {logging_mixin.py:188} INFO - [2024-05-24T07:38:03.373+0000] {dag.py:3096} INFO - Sync 1 DAGs
[2024-05-24T07:38:03.378+0000] {logging_mixin.py:188} INFO - [2024-05-24T07:38:03.377+0000] {dag.py:3954} INFO - Setting next_dagrun for example_params_ui_tutorial to None, run_after=None
[2024-05-24T07:38:03.384+0000] {processor.py:183} INFO - Processing /home/airflow/.local/lib/python3.12/site-packages/airflow/example_dags/example_params_ui_tutorial.py took 0.039 seconds
[2024-05-24T07:38:33.688+0000] {processor.py:161} INFO - Started process (PID=15065) to work on /home/airflow/.local/lib/python3.12/site-packages/airflow/example_dags/example_params_ui_tutorial.py
[2024-05-24T07:38:33.688+0000] {processor.py:830} INFO - Processing file /home/airflow/.local/lib/python3.12/site-packages/airflow/example_dags/example_params_ui_tutorial.py for tasks to queue
[2024-05-24T07:38:33.689+0000] {logging_mixin.py:188} INFO - [2024-05-24T07:38:33.689+0000] {dagbag.py:545} INFO - Filling up the DagBag from /home/airflow/.local/lib/python3.12/site-packages/airflow/example_dags/example_params_ui_tutorial.py
[2024-05-24T07:38:33.694+0000] {processor.py:840} INFO - DAG(s) 'example_params_ui_tutorial' retrieved from /home/airflow/.local/lib/python3.12/site-packages/airflow/example_dags/example_params_ui_tutorial.py
[2024-05-24T07:38:33.712+0000] {logging_mixin.py:188} INFO - [2024-05-24T07:38:33.712+0000] {dag.py:3096} INFO - Sync 1 DAGs
[2024-05-24T07:38:33.717+0000] {logging_mixin.py:188} INFO - [2024-05-24T07:38:33.717+0000] {dag.py:3954} INFO - Setting next_dagrun for example_params_ui_tutorial to None, run_after=None
[2024-05-24T07:38:33.723+0000] {processor.py:183} INFO - Processing /home/airflow/.local/lib/python3.12/site-packages/airflow/example_dags/example_params_ui_tutorial.py took 0.038 seconds
[2024-05-24T07:39:04.039+0000] {processor.py:161} INFO - Started process (PID=15329) to work on /home/airflow/.local/lib/python3.12/site-packages/airflow/example_dags/example_params_ui_tutorial.py
[2024-05-24T07:39:04.039+0000] {processor.py:830} INFO - Processing file /home/airflow/.local/lib/python3.12/site-packages/airflow/example_dags/example_params_ui_tutorial.py for tasks to queue
[2024-05-24T07:39:04.040+0000] {logging_mixin.py:188} INFO - [2024-05-24T07:39:04.040+0000] {dagbag.py:545} INFO - Filling up the DagBag from /home/airflow/.local/lib/python3.12/site-packages/airflow/example_dags/example_params_ui_tutorial.py
[2024-05-24T07:39:04.045+0000] {processor.py:840} INFO - DAG(s) 'example_params_ui_tutorial' retrieved from /home/airflow/.local/lib/python3.12/site-packages/airflow/example_dags/example_params_ui_tutorial.py
[2024-05-24T07:39:04.062+0000] {logging_mixin.py:188} INFO - [2024-05-24T07:39:04.062+0000] {dag.py:3096} INFO - Sync 1 DAGs
[2024-05-24T07:39:04.067+0000] {logging_mixin.py:188} INFO - [2024-05-24T07:39:04.066+0000] {dag.py:3954} INFO - Setting next_dagrun for example_params_ui_tutorial to None, run_after=None
[2024-05-24T07:39:04.072+0000] {processor.py:183} INFO - Processing /home/airflow/.local/lib/python3.12/site-packages/airflow/example_dags/example_params_ui_tutorial.py took 0.036 seconds
[2024-05-24T07:39:34.364+0000] {processor.py:161} INFO - Started process (PID=15588) to work on /home/airflow/.local/lib/python3.12/site-packages/airflow/example_dags/example_params_ui_tutorial.py
[2024-05-24T07:39:34.364+0000] {processor.py:830} INFO - Processing file /home/airflow/.local/lib/python3.12/site-packages/airflow/example_dags/example_params_ui_tutorial.py for tasks to queue
[2024-05-24T07:39:34.365+0000] {logging_mixin.py:188} INFO - [2024-05-24T07:39:34.365+0000] {dagbag.py:545} INFO - Filling up the DagBag from /home/airflow/.local/lib/python3.12/site-packages/airflow/example_dags/example_params_ui_tutorial.py
[2024-05-24T07:39:34.370+0000] {processor.py:840} INFO - DAG(s) 'example_params_ui_tutorial' retrieved from /home/airflow/.local/lib/python3.12/site-packages/airflow/example_dags/example_params_ui_tutorial.py
[2024-05-24T07:39:34.388+0000] {logging_mixin.py:188} INFO - [2024-05-24T07:39:34.388+0000] {dag.py:3096} INFO - Sync 1 DAGs
[2024-05-24T07:39:34.393+0000] {logging_mixin.py:188} INFO - [2024-05-24T07:39:34.392+0000] {dag.py:3954} INFO - Setting next_dagrun for example_params_ui_tutorial to None, run_after=None
[2024-05-24T07:39:34.399+0000] {processor.py:183} INFO - Processing /home/airflow/.local/lib/python3.12/site-packages/airflow/example_dags/example_params_ui_tutorial.py took 0.038 seconds
[2024-05-24T07:40:04.853+0000] {processor.py:161} INFO - Started process (PID=15850) to work on /home/airflow/.local/lib/python3.12/site-packages/airflow/example_dags/example_params_ui_tutorial.py
[2024-05-24T07:40:04.853+0000] {processor.py:830} INFO - Processing file /home/airflow/.local/lib/python3.12/site-packages/airflow/example_dags/example_params_ui_tutorial.py for tasks to queue
[2024-05-24T07:40:04.854+0000] {logging_mixin.py:188} INFO - [2024-05-24T07:40:04.854+0000] {dagbag.py:545} INFO - Filling up the DagBag from /home/airflow/.local/lib/python3.12/site-packages/airflow/example_dags/example_params_ui_tutorial.py
[2024-05-24T07:40:04.859+0000] {processor.py:840} INFO - DAG(s) 'example_params_ui_tutorial' retrieved from /home/airflow/.local/lib/python3.12/site-packages/airflow/example_dags/example_params_ui_tutorial.py
[2024-05-24T07:40:04.877+0000] {logging_mixin.py:188} INFO - [2024-05-24T07:40:04.877+0000] {dag.py:3096} INFO - Sync 1 DAGs
[2024-05-24T07:40:04.881+0000] {logging_mixin.py:188} INFO - [2024-05-24T07:40:04.881+0000] {dag.py:3954} INFO - Setting next_dagrun for example_params_ui_tutorial to None, run_after=None
[2024-05-24T07:40:04.888+0000] {processor.py:183} INFO - Processing /home/airflow/.local/lib/python3.12/site-packages/airflow/example_dags/example_params_ui_tutorial.py took 0.037 seconds
[2024-05-24T07:40:35.309+0000] {processor.py:161} INFO - Started process (PID=16112) to work on /home/airflow/.local/lib/python3.12/site-packages/airflow/example_dags/example_params_ui_tutorial.py
[2024-05-24T07:40:35.310+0000] {processor.py:830} INFO - Processing file /home/airflow/.local/lib/python3.12/site-packages/airflow/example_dags/example_params_ui_tutorial.py for tasks to queue
[2024-05-24T07:40:35.311+0000] {logging_mixin.py:188} INFO - [2024-05-24T07:40:35.310+0000] {dagbag.py:545} INFO - Filling up the DagBag from /home/airflow/.local/lib/python3.12/site-packages/airflow/example_dags/example_params_ui_tutorial.py
[2024-05-24T07:40:35.316+0000] {processor.py:840} INFO - DAG(s) 'example_params_ui_tutorial' retrieved from /home/airflow/.local/lib/python3.12/site-packages/airflow/example_dags/example_params_ui_tutorial.py
[2024-05-24T07:40:35.334+0000] {logging_mixin.py:188} INFO - [2024-05-24T07:40:35.334+0000] {dag.py:3096} INFO - Sync 1 DAGs
[2024-05-24T07:40:35.339+0000] {logging_mixin.py:188} INFO - [2024-05-24T07:40:35.338+0000] {dag.py:3954} INFO - Setting next_dagrun for example_params_ui_tutorial to None, run_after=None
[2024-05-24T07:40:35.344+0000] {processor.py:183} INFO - Processing /home/airflow/.local/lib/python3.12/site-packages/airflow/example_dags/example_params_ui_tutorial.py took 0.038 seconds
[2024-05-24T07:41:05.675+0000] {processor.py:161} INFO - Started process (PID=16374) to work on /home/airflow/.local/lib/python3.12/site-packages/airflow/example_dags/example_params_ui_tutorial.py
[2024-05-24T07:41:05.675+0000] {processor.py:830} INFO - Processing file /home/airflow/.local/lib/python3.12/site-packages/airflow/example_dags/example_params_ui_tutorial.py for tasks to queue
[2024-05-24T07:41:05.676+0000] {logging_mixin.py:188} INFO - [2024-05-24T07:41:05.676+0000] {dagbag.py:545} INFO - Filling up the DagBag from /home/airflow/.local/lib/python3.12/site-packages/airflow/example_dags/example_params_ui_tutorial.py
[2024-05-24T07:41:05.681+0000] {processor.py:840} INFO - DAG(s) 'example_params_ui_tutorial' retrieved from /home/airflow/.local/lib/python3.12/site-packages/airflow/example_dags/example_params_ui_tutorial.py
[2024-05-24T07:41:05.699+0000] {logging_mixin.py:188} INFO - [2024-05-24T07:41:05.699+0000] {dag.py:3096} INFO - Sync 1 DAGs
[2024-05-24T07:41:05.704+0000] {logging_mixin.py:188} INFO - [2024-05-24T07:41:05.704+0000] {dag.py:3954} INFO - Setting next_dagrun for example_params_ui_tutorial to None, run_after=None
[2024-05-24T07:41:05.710+0000] {processor.py:183} INFO - Processing /home/airflow/.local/lib/python3.12/site-packages/airflow/example_dags/example_params_ui_tutorial.py took 0.037 seconds
[2024-05-24T07:41:36.007+0000] {processor.py:161} INFO - Started process (PID=16636) to work on /home/airflow/.local/lib/python3.12/site-packages/airflow/example_dags/example_params_ui_tutorial.py
[2024-05-24T07:41:36.007+0000] {processor.py:830} INFO - Processing file /home/airflow/.local/lib/python3.12/site-packages/airflow/example_dags/example_params_ui_tutorial.py for tasks to queue
[2024-05-24T07:41:36.008+0000] {logging_mixin.py:188} INFO - [2024-05-24T07:41:36.007+0000] {dagbag.py:545} INFO - Filling up the DagBag from /home/airflow/.local/lib/python3.12/site-packages/airflow/example_dags/example_params_ui_tutorial.py
[2024-05-24T07:41:36.013+0000] {processor.py:840} INFO - DAG(s) 'example_params_ui_tutorial' retrieved from /home/airflow/.local/lib/python3.12/site-packages/airflow/example_dags/example_params_ui_tutorial.py
[2024-05-24T07:41:36.031+0000] {logging_mixin.py:188} INFO - [2024-05-24T07:41:36.031+0000] {dag.py:3096} INFO - Sync 1 DAGs
[2024-05-24T07:41:36.036+0000] {logging_mixin.py:188} INFO - [2024-05-24T07:41:36.035+0000] {dag.py:3954} INFO - Setting next_dagrun for example_params_ui_tutorial to None, run_after=None
[2024-05-24T07:41:36.042+0000] {processor.py:183} INFO - Processing /home/airflow/.local/lib/python3.12/site-packages/airflow/example_dags/example_params_ui_tutorial.py took 0.037 seconds
[2024-05-24T07:42:06.377+0000] {processor.py:161} INFO - Started process (PID=16900) to work on /home/airflow/.local/lib/python3.12/site-packages/airflow/example_dags/example_params_ui_tutorial.py
[2024-05-24T07:42:06.377+0000] {processor.py:830} INFO - Processing file /home/airflow/.local/lib/python3.12/site-packages/airflow/example_dags/example_params_ui_tutorial.py for tasks to queue
[2024-05-24T07:42:06.378+0000] {logging_mixin.py:188} INFO - [2024-05-24T07:42:06.378+0000] {dagbag.py:545} INFO - Filling up the DagBag from /home/airflow/.local/lib/python3.12/site-packages/airflow/example_dags/example_params_ui_tutorial.py
[2024-05-24T07:42:06.383+0000] {processor.py:840} INFO - DAG(s) 'example_params_ui_tutorial' retrieved from /home/airflow/.local/lib/python3.12/site-packages/airflow/example_dags/example_params_ui_tutorial.py
[2024-05-24T07:42:06.401+0000] {logging_mixin.py:188} INFO - [2024-05-24T07:42:06.401+0000] {dag.py:3096} INFO - Sync 1 DAGs
[2024-05-24T07:42:06.405+0000] {logging_mixin.py:188} INFO - [2024-05-24T07:42:06.405+0000] {dag.py:3954} INFO - Setting next_dagrun for example_params_ui_tutorial to None, run_after=None
[2024-05-24T07:42:06.412+0000] {processor.py:183} INFO - Processing /home/airflow/.local/lib/python3.12/site-packages/airflow/example_dags/example_params_ui_tutorial.py took 0.037 seconds
[2024-05-24T07:42:36.825+0000] {processor.py:161} INFO - Started process (PID=17160) to work on /home/airflow/.local/lib/python3.12/site-packages/airflow/example_dags/example_params_ui_tutorial.py
[2024-05-24T07:42:36.826+0000] {processor.py:830} INFO - Processing file /home/airflow/.local/lib/python3.12/site-packages/airflow/example_dags/example_params_ui_tutorial.py for tasks to queue
[2024-05-24T07:42:36.826+0000] {logging_mixin.py:188} INFO - [2024-05-24T07:42:36.826+0000] {dagbag.py:545} INFO - Filling up the DagBag from /home/airflow/.local/lib/python3.12/site-packages/airflow/example_dags/example_params_ui_tutorial.py
[2024-05-24T07:42:36.831+0000] {processor.py:840} INFO - DAG(s) 'example_params_ui_tutorial' retrieved from /home/airflow/.local/lib/python3.12/site-packages/airflow/example_dags/example_params_ui_tutorial.py
[2024-05-24T07:42:36.850+0000] {logging_mixin.py:188} INFO - [2024-05-24T07:42:36.850+0000] {dag.py:3096} INFO - Sync 1 DAGs
[2024-05-24T07:42:36.855+0000] {logging_mixin.py:188} INFO - [2024-05-24T07:42:36.855+0000] {dag.py:3954} INFO - Setting next_dagrun for example_params_ui_tutorial to None, run_after=None
[2024-05-24T07:42:36.861+0000] {processor.py:183} INFO - Processing /home/airflow/.local/lib/python3.12/site-packages/airflow/example_dags/example_params_ui_tutorial.py took 0.038 seconds
[2024-05-24T07:43:07.245+0000] {processor.py:161} INFO - Started process (PID=17424) to work on /home/airflow/.local/lib/python3.12/site-packages/airflow/example_dags/example_params_ui_tutorial.py
[2024-05-24T07:43:07.246+0000] {processor.py:830} INFO - Processing file /home/airflow/.local/lib/python3.12/site-packages/airflow/example_dags/example_params_ui_tutorial.py for tasks to queue
[2024-05-24T07:43:07.247+0000] {logging_mixin.py:188} INFO - [2024-05-24T07:43:07.246+0000] {dagbag.py:545} INFO - Filling up the DagBag from /home/airflow/.local/lib/python3.12/site-packages/airflow/example_dags/example_params_ui_tutorial.py
[2024-05-24T07:43:07.251+0000] {processor.py:840} INFO - DAG(s) 'example_params_ui_tutorial' retrieved from /home/airflow/.local/lib/python3.12/site-packages/airflow/example_dags/example_params_ui_tutorial.py
[2024-05-24T07:43:07.270+0000] {logging_mixin.py:188} INFO - [2024-05-24T07:43:07.270+0000] {dag.py:3096} INFO - Sync 1 DAGs
[2024-05-24T07:43:07.274+0000] {logging_mixin.py:188} INFO - [2024-05-24T07:43:07.274+0000] {dag.py:3954} INFO - Setting next_dagrun for example_params_ui_tutorial to None, run_after=None
[2024-05-24T07:43:07.281+0000] {processor.py:183} INFO - Processing /home/airflow/.local/lib/python3.12/site-packages/airflow/example_dags/example_params_ui_tutorial.py took 0.038 seconds
[2024-05-24T07:43:37.565+0000] {processor.py:161} INFO - Started process (PID=17684) to work on /home/airflow/.local/lib/python3.12/site-packages/airflow/example_dags/example_params_ui_tutorial.py
[2024-05-24T07:43:37.566+0000] {processor.py:830} INFO - Processing file /home/airflow/.local/lib/python3.12/site-packages/airflow/example_dags/example_params_ui_tutorial.py for tasks to queue
[2024-05-24T07:43:37.566+0000] {logging_mixin.py:188} INFO - [2024-05-24T07:43:37.566+0000] {dagbag.py:545} INFO - Filling up the DagBag from /home/airflow/.local/lib/python3.12/site-packages/airflow/example_dags/example_params_ui_tutorial.py
[2024-05-24T07:43:37.571+0000] {processor.py:840} INFO - DAG(s) 'example_params_ui_tutorial' retrieved from /home/airflow/.local/lib/python3.12/site-packages/airflow/example_dags/example_params_ui_tutorial.py
[2024-05-24T07:43:37.591+0000] {logging_mixin.py:188} INFO - [2024-05-24T07:43:37.591+0000] {dag.py:3096} INFO - Sync 1 DAGs
[2024-05-24T07:43:37.596+0000] {logging_mixin.py:188} INFO - [2024-05-24T07:43:37.595+0000] {dag.py:3954} INFO - Setting next_dagrun for example_params_ui_tutorial to None, run_after=None
[2024-05-24T07:43:37.602+0000] {processor.py:183} INFO - Processing /home/airflow/.local/lib/python3.12/site-packages/airflow/example_dags/example_params_ui_tutorial.py took 0.039 seconds
[2024-05-24T07:44:07.907+0000] {processor.py:161} INFO - Started process (PID=17946) to work on /home/airflow/.local/lib/python3.12/site-packages/airflow/example_dags/example_params_ui_tutorial.py
[2024-05-24T07:44:07.907+0000] {processor.py:830} INFO - Processing file /home/airflow/.local/lib/python3.12/site-packages/airflow/example_dags/example_params_ui_tutorial.py for tasks to queue
[2024-05-24T07:44:07.908+0000] {logging_mixin.py:188} INFO - [2024-05-24T07:44:07.908+0000] {dagbag.py:545} INFO - Filling up the DagBag from /home/airflow/.local/lib/python3.12/site-packages/airflow/example_dags/example_params_ui_tutorial.py
[2024-05-24T07:44:07.913+0000] {processor.py:840} INFO - DAG(s) 'example_params_ui_tutorial' retrieved from /home/airflow/.local/lib/python3.12/site-packages/airflow/example_dags/example_params_ui_tutorial.py
[2024-05-24T07:44:07.932+0000] {logging_mixin.py:188} INFO - [2024-05-24T07:44:07.932+0000] {dag.py:3096} INFO - Sync 1 DAGs
[2024-05-24T07:44:07.937+0000] {logging_mixin.py:188} INFO - [2024-05-24T07:44:07.937+0000] {dag.py:3954} INFO - Setting next_dagrun for example_params_ui_tutorial to None, run_after=None
[2024-05-24T07:44:07.944+0000] {processor.py:183} INFO - Processing /home/airflow/.local/lib/python3.12/site-packages/airflow/example_dags/example_params_ui_tutorial.py took 0.039 seconds
[2024-05-24T07:44:38.257+0000] {processor.py:161} INFO - Started process (PID=18210) to work on /home/airflow/.local/lib/python3.12/site-packages/airflow/example_dags/example_params_ui_tutorial.py
[2024-05-24T07:44:38.258+0000] {processor.py:830} INFO - Processing file /home/airflow/.local/lib/python3.12/site-packages/airflow/example_dags/example_params_ui_tutorial.py for tasks to queue
[2024-05-24T07:44:38.258+0000] {logging_mixin.py:188} INFO - [2024-05-24T07:44:38.258+0000] {dagbag.py:545} INFO - Filling up the DagBag from /home/airflow/.local/lib/python3.12/site-packages/airflow/example_dags/example_params_ui_tutorial.py
[2024-05-24T07:44:38.263+0000] {processor.py:840} INFO - DAG(s) 'example_params_ui_tutorial' retrieved from /home/airflow/.local/lib/python3.12/site-packages/airflow/example_dags/example_params_ui_tutorial.py
[2024-05-24T07:44:38.282+0000] {logging_mixin.py:188} INFO - [2024-05-24T07:44:38.282+0000] {dag.py:3096} INFO - Sync 1 DAGs
[2024-05-24T07:44:38.287+0000] {logging_mixin.py:188} INFO - [2024-05-24T07:44:38.287+0000] {dag.py:3954} INFO - Setting next_dagrun for example_params_ui_tutorial to None, run_after=None
[2024-05-24T07:44:38.293+0000] {processor.py:183} INFO - Processing /home/airflow/.local/lib/python3.12/site-packages/airflow/example_dags/example_params_ui_tutorial.py took 0.038 seconds
