[2024-05-24T05:45:20.414+0000] {processor.py:161} INFO - Started process (PID=266) to work on /home/airflow/.local/lib/python3.12/site-packages/airflow/example_dags/example_display_name.py
[2024-05-24T05:45:20.414+0000] {processor.py:830} INFO - Processing file /home/airflow/.local/lib/python3.12/site-packages/airflow/example_dags/example_display_name.py for tasks to queue
[2024-05-24T05:45:20.415+0000] {logging_mixin.py:188} INFO - [2024-05-24T05:45:20.415+0000] {dagbag.py:545} INFO - Filling up the DagBag from /home/airflow/.local/lib/python3.12/site-packages/airflow/example_dags/example_display_name.py
[2024-05-24T05:45:20.419+0000] {processor.py:840} INFO - DAG(s) 'example_display_name' retrieved from /home/airflow/.local/lib/python3.12/site-packages/airflow/example_dags/example_display_name.py
[2024-05-24T05:45:20.426+0000] {logging_mixin.py:188} INFO - [2024-05-24T05:45:20.426+0000] {dag.py:3096} INFO - Sync 1 DAGs
[2024-05-24T05:45:20.433+0000] {logging_mixin.py:188} INFO - [2024-05-24T05:45:20.433+0000] {dag.py:3954} INFO - Setting next_dagrun for example_display_name to None, run_after=None
[2024-05-24T05:45:20.440+0000] {processor.py:183} INFO - Processing /home/airflow/.local/lib/python3.12/site-packages/airflow/example_dags/example_display_name.py took 0.029 seconds
[2024-05-24T05:45:50.773+0000] {processor.py:161} INFO - Started process (PID=528) to work on /home/airflow/.local/lib/python3.12/site-packages/airflow/example_dags/example_display_name.py
[2024-05-24T05:45:50.773+0000] {processor.py:830} INFO - Processing file /home/airflow/.local/lib/python3.12/site-packages/airflow/example_dags/example_display_name.py for tasks to queue
[2024-05-24T05:45:50.774+0000] {logging_mixin.py:188} INFO - [2024-05-24T05:45:50.774+0000] {dagbag.py:545} INFO - Filling up the DagBag from /home/airflow/.local/lib/python3.12/site-packages/airflow/example_dags/example_display_name.py
[2024-05-24T05:45:50.777+0000] {processor.py:840} INFO - DAG(s) 'example_display_name' retrieved from /home/airflow/.local/lib/python3.12/site-packages/airflow/example_dags/example_display_name.py
[2024-05-24T05:45:50.814+0000] {logging_mixin.py:188} INFO - [2024-05-24T05:45:50.814+0000] {dag.py:3096} INFO - Sync 1 DAGs
[2024-05-24T05:45:50.818+0000] {logging_mixin.py:188} INFO - [2024-05-24T05:45:50.818+0000] {dag.py:3954} INFO - Setting next_dagrun for example_display_name to None, run_after=None
[2024-05-24T05:45:50.825+0000] {processor.py:183} INFO - Processing /home/airflow/.local/lib/python3.12/site-packages/airflow/example_dags/example_display_name.py took 0.054 seconds
[2024-05-24T05:46:21.666+0000] {processor.py:161} INFO - Started process (PID=790) to work on /home/airflow/.local/lib/python3.12/site-packages/airflow/example_dags/example_display_name.py
[2024-05-24T05:46:21.666+0000] {processor.py:830} INFO - Processing file /home/airflow/.local/lib/python3.12/site-packages/airflow/example_dags/example_display_name.py for tasks to queue
[2024-05-24T05:46:21.667+0000] {logging_mixin.py:188} INFO - [2024-05-24T05:46:21.667+0000] {dagbag.py:545} INFO - Filling up the DagBag from /home/airflow/.local/lib/python3.12/site-packages/airflow/example_dags/example_display_name.py
[2024-05-24T05:46:21.669+0000] {processor.py:840} INFO - DAG(s) 'example_display_name' retrieved from /home/airflow/.local/lib/python3.12/site-packages/airflow/example_dags/example_display_name.py
[2024-05-24T05:46:21.677+0000] {logging_mixin.py:188} INFO - [2024-05-24T05:46:21.677+0000] {dag.py:3096} INFO - Sync 1 DAGs
[2024-05-24T05:46:21.682+0000] {logging_mixin.py:188} INFO - [2024-05-24T05:46:21.682+0000] {dag.py:3954} INFO - Setting next_dagrun for example_display_name to None, run_after=None
[2024-05-24T05:46:21.688+0000] {processor.py:183} INFO - Processing /home/airflow/.local/lib/python3.12/site-packages/airflow/example_dags/example_display_name.py took 0.025 seconds
[2024-05-24T05:46:51.981+0000] {processor.py:161} INFO - Started process (PID=1052) to work on /home/airflow/.local/lib/python3.12/site-packages/airflow/example_dags/example_display_name.py
[2024-05-24T05:46:51.981+0000] {processor.py:830} INFO - Processing file /home/airflow/.local/lib/python3.12/site-packages/airflow/example_dags/example_display_name.py for tasks to queue
[2024-05-24T05:46:51.982+0000] {logging_mixin.py:188} INFO - [2024-05-24T05:46:51.982+0000] {dagbag.py:545} INFO - Filling up the DagBag from /home/airflow/.local/lib/python3.12/site-packages/airflow/example_dags/example_display_name.py
[2024-05-24T05:46:51.984+0000] {processor.py:840} INFO - DAG(s) 'example_display_name' retrieved from /home/airflow/.local/lib/python3.12/site-packages/airflow/example_dags/example_display_name.py
[2024-05-24T05:46:51.992+0000] {logging_mixin.py:188} INFO - [2024-05-24T05:46:51.991+0000] {dag.py:3096} INFO - Sync 1 DAGs
[2024-05-24T05:46:51.996+0000] {logging_mixin.py:188} INFO - [2024-05-24T05:46:51.996+0000] {dag.py:3954} INFO - Setting next_dagrun for example_display_name to None, run_after=None
[2024-05-24T05:46:52.002+0000] {processor.py:183} INFO - Processing /home/airflow/.local/lib/python3.12/site-packages/airflow/example_dags/example_display_name.py took 0.024 seconds
[2024-05-24T05:47:22.304+0000] {processor.py:161} INFO - Started process (PID=1314) to work on /home/airflow/.local/lib/python3.12/site-packages/airflow/example_dags/example_display_name.py
[2024-05-24T05:47:22.304+0000] {processor.py:830} INFO - Processing file /home/airflow/.local/lib/python3.12/site-packages/airflow/example_dags/example_display_name.py for tasks to queue
[2024-05-24T05:47:22.305+0000] {logging_mixin.py:188} INFO - [2024-05-24T05:47:22.305+0000] {dagbag.py:545} INFO - Filling up the DagBag from /home/airflow/.local/lib/python3.12/site-packages/airflow/example_dags/example_display_name.py
[2024-05-24T05:47:22.307+0000] {processor.py:840} INFO - DAG(s) 'example_display_name' retrieved from /home/airflow/.local/lib/python3.12/site-packages/airflow/example_dags/example_display_name.py
[2024-05-24T05:47:22.315+0000] {logging_mixin.py:188} INFO - [2024-05-24T05:47:22.315+0000] {dag.py:3096} INFO - Sync 1 DAGs
[2024-05-24T05:47:22.320+0000] {logging_mixin.py:188} INFO - [2024-05-24T05:47:22.320+0000] {dag.py:3954} INFO - Setting next_dagrun for example_display_name to None, run_after=None
[2024-05-24T05:47:22.326+0000] {processor.py:183} INFO - Processing /home/airflow/.local/lib/python3.12/site-packages/airflow/example_dags/example_display_name.py took 0.025 seconds
[2024-05-24T05:47:52.623+0000] {processor.py:161} INFO - Started process (PID=1578) to work on /home/airflow/.local/lib/python3.12/site-packages/airflow/example_dags/example_display_name.py
[2024-05-24T05:47:52.624+0000] {processor.py:830} INFO - Processing file /home/airflow/.local/lib/python3.12/site-packages/airflow/example_dags/example_display_name.py for tasks to queue
[2024-05-24T05:47:52.624+0000] {logging_mixin.py:188} INFO - [2024-05-24T05:47:52.624+0000] {dagbag.py:545} INFO - Filling up the DagBag from /home/airflow/.local/lib/python3.12/site-packages/airflow/example_dags/example_display_name.py
[2024-05-24T05:47:52.626+0000] {processor.py:840} INFO - DAG(s) 'example_display_name' retrieved from /home/airflow/.local/lib/python3.12/site-packages/airflow/example_dags/example_display_name.py
[2024-05-24T05:47:52.634+0000] {logging_mixin.py:188} INFO - [2024-05-24T05:47:52.633+0000] {dag.py:3096} INFO - Sync 1 DAGs
[2024-05-24T05:47:52.638+0000] {logging_mixin.py:188} INFO - [2024-05-24T05:47:52.638+0000] {dag.py:3954} INFO - Setting next_dagrun for example_display_name to None, run_after=None
[2024-05-24T05:47:52.643+0000] {processor.py:183} INFO - Processing /home/airflow/.local/lib/python3.12/site-packages/airflow/example_dags/example_display_name.py took 0.022 seconds
[2024-05-24T05:48:23.005+0000] {processor.py:161} INFO - Started process (PID=1838) to work on /home/airflow/.local/lib/python3.12/site-packages/airflow/example_dags/example_display_name.py
[2024-05-24T05:48:23.005+0000] {processor.py:830} INFO - Processing file /home/airflow/.local/lib/python3.12/site-packages/airflow/example_dags/example_display_name.py for tasks to queue
[2024-05-24T05:48:23.006+0000] {logging_mixin.py:188} INFO - [2024-05-24T05:48:23.006+0000] {dagbag.py:545} INFO - Filling up the DagBag from /home/airflow/.local/lib/python3.12/site-packages/airflow/example_dags/example_display_name.py
[2024-05-24T05:48:23.008+0000] {processor.py:840} INFO - DAG(s) 'example_display_name' retrieved from /home/airflow/.local/lib/python3.12/site-packages/airflow/example_dags/example_display_name.py
[2024-05-24T05:48:23.016+0000] {logging_mixin.py:188} INFO - [2024-05-24T05:48:23.016+0000] {dag.py:3096} INFO - Sync 1 DAGs
[2024-05-24T05:48:23.021+0000] {logging_mixin.py:188} INFO - [2024-05-24T05:48:23.021+0000] {dag.py:3954} INFO - Setting next_dagrun for example_display_name to None, run_after=None
[2024-05-24T05:48:23.027+0000] {processor.py:183} INFO - Processing /home/airflow/.local/lib/python3.12/site-packages/airflow/example_dags/example_display_name.py took 0.025 seconds
[2024-05-24T05:48:53.332+0000] {processor.py:161} INFO - Started process (PID=2100) to work on /home/airflow/.local/lib/python3.12/site-packages/airflow/example_dags/example_display_name.py
[2024-05-24T05:48:53.332+0000] {processor.py:830} INFO - Processing file /home/airflow/.local/lib/python3.12/site-packages/airflow/example_dags/example_display_name.py for tasks to queue
[2024-05-24T05:48:53.333+0000] {logging_mixin.py:188} INFO - [2024-05-24T05:48:53.333+0000] {dagbag.py:545} INFO - Filling up the DagBag from /home/airflow/.local/lib/python3.12/site-packages/airflow/example_dags/example_display_name.py
[2024-05-24T05:48:53.335+0000] {processor.py:840} INFO - DAG(s) 'example_display_name' retrieved from /home/airflow/.local/lib/python3.12/site-packages/airflow/example_dags/example_display_name.py
[2024-05-24T05:48:53.342+0000] {logging_mixin.py:188} INFO - [2024-05-24T05:48:53.342+0000] {dag.py:3096} INFO - Sync 1 DAGs
[2024-05-24T05:48:53.347+0000] {logging_mixin.py:188} INFO - [2024-05-24T05:48:53.347+0000] {dag.py:3954} INFO - Setting next_dagrun for example_display_name to None, run_after=None
[2024-05-24T05:48:53.354+0000] {processor.py:183} INFO - Processing /home/airflow/.local/lib/python3.12/site-packages/airflow/example_dags/example_display_name.py took 0.025 seconds
[2024-05-24T05:49:23.659+0000] {processor.py:161} INFO - Started process (PID=2362) to work on /home/airflow/.local/lib/python3.12/site-packages/airflow/example_dags/example_display_name.py
[2024-05-24T05:49:23.660+0000] {processor.py:830} INFO - Processing file /home/airflow/.local/lib/python3.12/site-packages/airflow/example_dags/example_display_name.py for tasks to queue
[2024-05-24T05:49:23.661+0000] {logging_mixin.py:188} INFO - [2024-05-24T05:49:23.660+0000] {dagbag.py:545} INFO - Filling up the DagBag from /home/airflow/.local/lib/python3.12/site-packages/airflow/example_dags/example_display_name.py
[2024-05-24T05:49:23.663+0000] {processor.py:840} INFO - DAG(s) 'example_display_name' retrieved from /home/airflow/.local/lib/python3.12/site-packages/airflow/example_dags/example_display_name.py
[2024-05-24T05:49:23.671+0000] {logging_mixin.py:188} INFO - [2024-05-24T05:49:23.670+0000] {dag.py:3096} INFO - Sync 1 DAGs
[2024-05-24T05:49:23.675+0000] {logging_mixin.py:188} INFO - [2024-05-24T05:49:23.675+0000] {dag.py:3954} INFO - Setting next_dagrun for example_display_name to None, run_after=None
[2024-05-24T05:49:23.682+0000] {processor.py:183} INFO - Processing /home/airflow/.local/lib/python3.12/site-packages/airflow/example_dags/example_display_name.py took 0.025 seconds
[2024-05-24T05:49:53.936+0000] {processor.py:161} INFO - Started process (PID=2624) to work on /home/airflow/.local/lib/python3.12/site-packages/airflow/example_dags/example_display_name.py
[2024-05-24T05:49:53.937+0000] {processor.py:830} INFO - Processing file /home/airflow/.local/lib/python3.12/site-packages/airflow/example_dags/example_display_name.py for tasks to queue
[2024-05-24T05:49:53.937+0000] {logging_mixin.py:188} INFO - [2024-05-24T05:49:53.937+0000] {dagbag.py:545} INFO - Filling up the DagBag from /home/airflow/.local/lib/python3.12/site-packages/airflow/example_dags/example_display_name.py
[2024-05-24T05:49:53.940+0000] {processor.py:840} INFO - DAG(s) 'example_display_name' retrieved from /home/airflow/.local/lib/python3.12/site-packages/airflow/example_dags/example_display_name.py
[2024-05-24T05:49:53.947+0000] {logging_mixin.py:188} INFO - [2024-05-24T05:49:53.947+0000] {dag.py:3096} INFO - Sync 1 DAGs
[2024-05-24T05:49:53.952+0000] {logging_mixin.py:188} INFO - [2024-05-24T05:49:53.952+0000] {dag.py:3954} INFO - Setting next_dagrun for example_display_name to None, run_after=None
[2024-05-24T05:49:53.959+0000] {processor.py:183} INFO - Processing /home/airflow/.local/lib/python3.12/site-packages/airflow/example_dags/example_display_name.py took 0.025 seconds
[2024-05-24T05:50:24.357+0000] {processor.py:161} INFO - Started process (PID=2886) to work on /home/airflow/.local/lib/python3.12/site-packages/airflow/example_dags/example_display_name.py
[2024-05-24T05:50:24.357+0000] {processor.py:830} INFO - Processing file /home/airflow/.local/lib/python3.12/site-packages/airflow/example_dags/example_display_name.py for tasks to queue
[2024-05-24T05:50:24.358+0000] {logging_mixin.py:188} INFO - [2024-05-24T05:50:24.358+0000] {dagbag.py:545} INFO - Filling up the DagBag from /home/airflow/.local/lib/python3.12/site-packages/airflow/example_dags/example_display_name.py
[2024-05-24T05:50:24.360+0000] {processor.py:840} INFO - DAG(s) 'example_display_name' retrieved from /home/airflow/.local/lib/python3.12/site-packages/airflow/example_dags/example_display_name.py
[2024-05-24T05:50:24.367+0000] {logging_mixin.py:188} INFO - [2024-05-24T05:50:24.367+0000] {dag.py:3096} INFO - Sync 1 DAGs
[2024-05-24T05:50:24.372+0000] {logging_mixin.py:188} INFO - [2024-05-24T05:50:24.372+0000] {dag.py:3954} INFO - Setting next_dagrun for example_display_name to None, run_after=None
[2024-05-24T05:50:24.379+0000] {processor.py:183} INFO - Processing /home/airflow/.local/lib/python3.12/site-packages/airflow/example_dags/example_display_name.py took 0.024 seconds
[2024-05-24T05:50:54.669+0000] {processor.py:161} INFO - Started process (PID=3148) to work on /home/airflow/.local/lib/python3.12/site-packages/airflow/example_dags/example_display_name.py
[2024-05-24T05:50:54.669+0000] {processor.py:830} INFO - Processing file /home/airflow/.local/lib/python3.12/site-packages/airflow/example_dags/example_display_name.py for tasks to queue
[2024-05-24T05:50:54.671+0000] {logging_mixin.py:188} INFO - [2024-05-24T05:50:54.670+0000] {dagbag.py:545} INFO - Filling up the DagBag from /home/airflow/.local/lib/python3.12/site-packages/airflow/example_dags/example_display_name.py
[2024-05-24T05:50:54.673+0000] {processor.py:840} INFO - DAG(s) 'example_display_name' retrieved from /home/airflow/.local/lib/python3.12/site-packages/airflow/example_dags/example_display_name.py
[2024-05-24T05:50:54.681+0000] {logging_mixin.py:188} INFO - [2024-05-24T05:50:54.681+0000] {dag.py:3096} INFO - Sync 1 DAGs
[2024-05-24T05:50:54.685+0000] {logging_mixin.py:188} INFO - [2024-05-24T05:50:54.685+0000] {dag.py:3954} INFO - Setting next_dagrun for example_display_name to None, run_after=None
[2024-05-24T05:50:54.691+0000] {processor.py:183} INFO - Processing /home/airflow/.local/lib/python3.12/site-packages/airflow/example_dags/example_display_name.py took 0.025 seconds
[2024-05-24T05:51:25.011+0000] {processor.py:161} INFO - Started process (PID=3410) to work on /home/airflow/.local/lib/python3.12/site-packages/airflow/example_dags/example_display_name.py
[2024-05-24T05:51:25.011+0000] {processor.py:830} INFO - Processing file /home/airflow/.local/lib/python3.12/site-packages/airflow/example_dags/example_display_name.py for tasks to queue
[2024-05-24T05:51:25.012+0000] {logging_mixin.py:188} INFO - [2024-05-24T05:51:25.012+0000] {dagbag.py:545} INFO - Filling up the DagBag from /home/airflow/.local/lib/python3.12/site-packages/airflow/example_dags/example_display_name.py
[2024-05-24T05:51:25.014+0000] {processor.py:840} INFO - DAG(s) 'example_display_name' retrieved from /home/airflow/.local/lib/python3.12/site-packages/airflow/example_dags/example_display_name.py
[2024-05-24T05:51:25.022+0000] {logging_mixin.py:188} INFO - [2024-05-24T05:51:25.022+0000] {dag.py:3096} INFO - Sync 1 DAGs
[2024-05-24T05:51:25.027+0000] {logging_mixin.py:188} INFO - [2024-05-24T05:51:25.027+0000] {dag.py:3954} INFO - Setting next_dagrun for example_display_name to None, run_after=None
[2024-05-24T05:51:25.033+0000] {processor.py:183} INFO - Processing /home/airflow/.local/lib/python3.12/site-packages/airflow/example_dags/example_display_name.py took 0.025 seconds
[2024-05-24T05:51:55.312+0000] {processor.py:161} INFO - Started process (PID=3674) to work on /home/airflow/.local/lib/python3.12/site-packages/airflow/example_dags/example_display_name.py
[2024-05-24T05:51:55.312+0000] {processor.py:830} INFO - Processing file /home/airflow/.local/lib/python3.12/site-packages/airflow/example_dags/example_display_name.py for tasks to queue
[2024-05-24T05:51:55.313+0000] {logging_mixin.py:188} INFO - [2024-05-24T05:51:55.313+0000] {dagbag.py:545} INFO - Filling up the DagBag from /home/airflow/.local/lib/python3.12/site-packages/airflow/example_dags/example_display_name.py
[2024-05-24T05:51:55.315+0000] {processor.py:840} INFO - DAG(s) 'example_display_name' retrieved from /home/airflow/.local/lib/python3.12/site-packages/airflow/example_dags/example_display_name.py
[2024-05-24T05:51:55.322+0000] {logging_mixin.py:188} INFO - [2024-05-24T05:51:55.322+0000] {dag.py:3096} INFO - Sync 1 DAGs
[2024-05-24T05:51:55.326+0000] {logging_mixin.py:188} INFO - [2024-05-24T05:51:55.326+0000] {dag.py:3954} INFO - Setting next_dagrun for example_display_name to None, run_after=None
[2024-05-24T05:51:55.332+0000] {processor.py:183} INFO - Processing /home/airflow/.local/lib/python3.12/site-packages/airflow/example_dags/example_display_name.py took 0.022 seconds
[2024-05-24T05:52:25.619+0000] {processor.py:161} INFO - Started process (PID=3934) to work on /home/airflow/.local/lib/python3.12/site-packages/airflow/example_dags/example_display_name.py
[2024-05-24T05:52:25.619+0000] {processor.py:830} INFO - Processing file /home/airflow/.local/lib/python3.12/site-packages/airflow/example_dags/example_display_name.py for tasks to queue
[2024-05-24T05:52:25.620+0000] {logging_mixin.py:188} INFO - [2024-05-24T05:52:25.620+0000] {dagbag.py:545} INFO - Filling up the DagBag from /home/airflow/.local/lib/python3.12/site-packages/airflow/example_dags/example_display_name.py
[2024-05-24T05:52:25.622+0000] {processor.py:840} INFO - DAG(s) 'example_display_name' retrieved from /home/airflow/.local/lib/python3.12/site-packages/airflow/example_dags/example_display_name.py
[2024-05-24T05:52:25.629+0000] {logging_mixin.py:188} INFO - [2024-05-24T05:52:25.629+0000] {dag.py:3096} INFO - Sync 1 DAGs
[2024-05-24T05:52:25.634+0000] {logging_mixin.py:188} INFO - [2024-05-24T05:52:25.634+0000] {dag.py:3954} INFO - Setting next_dagrun for example_display_name to None, run_after=None
[2024-05-24T05:52:25.640+0000] {processor.py:183} INFO - Processing /home/airflow/.local/lib/python3.12/site-packages/airflow/example_dags/example_display_name.py took 0.024 seconds
[2024-05-24T05:52:55.856+0000] {processor.py:161} INFO - Started process (PID=4196) to work on /home/airflow/.local/lib/python3.12/site-packages/airflow/example_dags/example_display_name.py
[2024-05-24T05:52:55.856+0000] {processor.py:830} INFO - Processing file /home/airflow/.local/lib/python3.12/site-packages/airflow/example_dags/example_display_name.py for tasks to queue
[2024-05-24T05:52:55.857+0000] {logging_mixin.py:188} INFO - [2024-05-24T05:52:55.857+0000] {dagbag.py:545} INFO - Filling up the DagBag from /home/airflow/.local/lib/python3.12/site-packages/airflow/example_dags/example_display_name.py
[2024-05-24T05:52:55.858+0000] {processor.py:840} INFO - DAG(s) 'example_display_name' retrieved from /home/airflow/.local/lib/python3.12/site-packages/airflow/example_dags/example_display_name.py
[2024-05-24T05:52:55.867+0000] {logging_mixin.py:188} INFO - [2024-05-24T05:52:55.866+0000] {dag.py:3096} INFO - Sync 1 DAGs
[2024-05-24T05:52:55.871+0000] {logging_mixin.py:188} INFO - [2024-05-24T05:52:55.871+0000] {dag.py:3954} INFO - Setting next_dagrun for example_display_name to None, run_after=None
[2024-05-24T05:52:55.878+0000] {processor.py:183} INFO - Processing /home/airflow/.local/lib/python3.12/site-packages/airflow/example_dags/example_display_name.py took 0.024 seconds
[2024-05-24T05:53:26.297+0000] {processor.py:161} INFO - Started process (PID=4460) to work on /home/airflow/.local/lib/python3.12/site-packages/airflow/example_dags/example_display_name.py
[2024-05-24T05:53:26.297+0000] {processor.py:830} INFO - Processing file /home/airflow/.local/lib/python3.12/site-packages/airflow/example_dags/example_display_name.py for tasks to queue
[2024-05-24T05:53:26.298+0000] {logging_mixin.py:188} INFO - [2024-05-24T05:53:26.298+0000] {dagbag.py:545} INFO - Filling up the DagBag from /home/airflow/.local/lib/python3.12/site-packages/airflow/example_dags/example_display_name.py
[2024-05-24T05:53:26.300+0000] {processor.py:840} INFO - DAG(s) 'example_display_name' retrieved from /home/airflow/.local/lib/python3.12/site-packages/airflow/example_dags/example_display_name.py
[2024-05-24T05:53:26.308+0000] {logging_mixin.py:188} INFO - [2024-05-24T05:53:26.308+0000] {dag.py:3096} INFO - Sync 1 DAGs
[2024-05-24T05:53:26.312+0000] {logging_mixin.py:188} INFO - [2024-05-24T05:53:26.312+0000] {dag.py:3954} INFO - Setting next_dagrun for example_display_name to None, run_after=None
[2024-05-24T05:53:26.318+0000] {processor.py:183} INFO - Processing /home/airflow/.local/lib/python3.12/site-packages/airflow/example_dags/example_display_name.py took 0.024 seconds
[2024-05-24T05:53:56.769+0000] {processor.py:161} INFO - Started process (PID=4745) to work on /home/airflow/.local/lib/python3.12/site-packages/airflow/example_dags/example_display_name.py
[2024-05-24T05:53:56.769+0000] {processor.py:830} INFO - Processing file /home/airflow/.local/lib/python3.12/site-packages/airflow/example_dags/example_display_name.py for tasks to queue
[2024-05-24T05:53:56.770+0000] {logging_mixin.py:188} INFO - [2024-05-24T05:53:56.770+0000] {dagbag.py:545} INFO - Filling up the DagBag from /home/airflow/.local/lib/python3.12/site-packages/airflow/example_dags/example_display_name.py
[2024-05-24T05:53:56.772+0000] {processor.py:840} INFO - DAG(s) 'example_display_name' retrieved from /home/airflow/.local/lib/python3.12/site-packages/airflow/example_dags/example_display_name.py
[2024-05-24T05:53:56.780+0000] {logging_mixin.py:188} INFO - [2024-05-24T05:53:56.779+0000] {dag.py:3096} INFO - Sync 1 DAGs
[2024-05-24T05:53:56.784+0000] {logging_mixin.py:188} INFO - [2024-05-24T05:53:56.784+0000] {dag.py:3954} INFO - Setting next_dagrun for example_display_name to None, run_after=None
[2024-05-24T05:53:56.791+0000] {processor.py:183} INFO - Processing /home/airflow/.local/lib/python3.12/site-packages/airflow/example_dags/example_display_name.py took 0.025 seconds
[2024-05-24T05:54:27.096+0000] {processor.py:161} INFO - Started process (PID=5007) to work on /home/airflow/.local/lib/python3.12/site-packages/airflow/example_dags/example_display_name.py
[2024-05-24T05:54:27.097+0000] {processor.py:830} INFO - Processing file /home/airflow/.local/lib/python3.12/site-packages/airflow/example_dags/example_display_name.py for tasks to queue
[2024-05-24T05:54:27.098+0000] {logging_mixin.py:188} INFO - [2024-05-24T05:54:27.097+0000] {dagbag.py:545} INFO - Filling up the DagBag from /home/airflow/.local/lib/python3.12/site-packages/airflow/example_dags/example_display_name.py
[2024-05-24T05:54:27.100+0000] {processor.py:840} INFO - DAG(s) 'example_display_name' retrieved from /home/airflow/.local/lib/python3.12/site-packages/airflow/example_dags/example_display_name.py
[2024-05-24T05:54:27.108+0000] {logging_mixin.py:188} INFO - [2024-05-24T05:54:27.107+0000] {dag.py:3096} INFO - Sync 1 DAGs
[2024-05-24T05:54:27.112+0000] {logging_mixin.py:188} INFO - [2024-05-24T05:54:27.112+0000] {dag.py:3954} INFO - Setting next_dagrun for example_display_name to None, run_after=None
[2024-05-24T05:54:27.119+0000] {processor.py:183} INFO - Processing /home/airflow/.local/lib/python3.12/site-packages/airflow/example_dags/example_display_name.py took 0.025 seconds
[2024-05-24T05:54:57.411+0000] {processor.py:161} INFO - Started process (PID=5269) to work on /home/airflow/.local/lib/python3.12/site-packages/airflow/example_dags/example_display_name.py
[2024-05-24T05:54:57.412+0000] {processor.py:830} INFO - Processing file /home/airflow/.local/lib/python3.12/site-packages/airflow/example_dags/example_display_name.py for tasks to queue
[2024-05-24T05:54:57.412+0000] {logging_mixin.py:188} INFO - [2024-05-24T05:54:57.412+0000] {dagbag.py:545} INFO - Filling up the DagBag from /home/airflow/.local/lib/python3.12/site-packages/airflow/example_dags/example_display_name.py
[2024-05-24T05:54:57.415+0000] {processor.py:840} INFO - DAG(s) 'example_display_name' retrieved from /home/airflow/.local/lib/python3.12/site-packages/airflow/example_dags/example_display_name.py
[2024-05-24T05:54:57.422+0000] {logging_mixin.py:188} INFO - [2024-05-24T05:54:57.422+0000] {dag.py:3096} INFO - Sync 1 DAGs
[2024-05-24T05:54:57.426+0000] {logging_mixin.py:188} INFO - [2024-05-24T05:54:57.426+0000] {dag.py:3954} INFO - Setting next_dagrun for example_display_name to None, run_after=None
[2024-05-24T05:54:57.432+0000] {processor.py:183} INFO - Processing /home/airflow/.local/lib/python3.12/site-packages/airflow/example_dags/example_display_name.py took 0.023 seconds
[2024-05-24T05:55:27.785+0000] {processor.py:161} INFO - Started process (PID=5531) to work on /home/airflow/.local/lib/python3.12/site-packages/airflow/example_dags/example_display_name.py
[2024-05-24T05:55:27.785+0000] {processor.py:830} INFO - Processing file /home/airflow/.local/lib/python3.12/site-packages/airflow/example_dags/example_display_name.py for tasks to queue
[2024-05-24T05:55:27.786+0000] {logging_mixin.py:188} INFO - [2024-05-24T05:55:27.786+0000] {dagbag.py:545} INFO - Filling up the DagBag from /home/airflow/.local/lib/python3.12/site-packages/airflow/example_dags/example_display_name.py
[2024-05-24T05:55:27.788+0000] {processor.py:840} INFO - DAG(s) 'example_display_name' retrieved from /home/airflow/.local/lib/python3.12/site-packages/airflow/example_dags/example_display_name.py
[2024-05-24T05:55:27.796+0000] {logging_mixin.py:188} INFO - [2024-05-24T05:55:27.795+0000] {dag.py:3096} INFO - Sync 1 DAGs
[2024-05-24T05:55:27.800+0000] {logging_mixin.py:188} INFO - [2024-05-24T05:55:27.800+0000] {dag.py:3954} INFO - Setting next_dagrun for example_display_name to None, run_after=None
[2024-05-24T05:55:27.807+0000] {processor.py:183} INFO - Processing /home/airflow/.local/lib/python3.12/site-packages/airflow/example_dags/example_display_name.py took 0.024 seconds
[2024-05-24T05:55:58.129+0000] {processor.py:161} INFO - Started process (PID=5793) to work on /home/airflow/.local/lib/python3.12/site-packages/airflow/example_dags/example_display_name.py
[2024-05-24T05:55:58.129+0000] {processor.py:830} INFO - Processing file /home/airflow/.local/lib/python3.12/site-packages/airflow/example_dags/example_display_name.py for tasks to queue
[2024-05-24T05:55:58.130+0000] {logging_mixin.py:188} INFO - [2024-05-24T05:55:58.130+0000] {dagbag.py:545} INFO - Filling up the DagBag from /home/airflow/.local/lib/python3.12/site-packages/airflow/example_dags/example_display_name.py
[2024-05-24T05:55:58.132+0000] {processor.py:840} INFO - DAG(s) 'example_display_name' retrieved from /home/airflow/.local/lib/python3.12/site-packages/airflow/example_dags/example_display_name.py
[2024-05-24T05:55:58.140+0000] {logging_mixin.py:188} INFO - [2024-05-24T05:55:58.140+0000] {dag.py:3096} INFO - Sync 1 DAGs
[2024-05-24T05:55:58.144+0000] {logging_mixin.py:188} INFO - [2024-05-24T05:55:58.144+0000] {dag.py:3954} INFO - Setting next_dagrun for example_display_name to None, run_after=None
[2024-05-24T05:55:58.150+0000] {processor.py:183} INFO - Processing /home/airflow/.local/lib/python3.12/site-packages/airflow/example_dags/example_display_name.py took 0.024 seconds
[2024-05-24T05:56:28.462+0000] {processor.py:161} INFO - Started process (PID=6055) to work on /home/airflow/.local/lib/python3.12/site-packages/airflow/example_dags/example_display_name.py
[2024-05-24T05:56:28.463+0000] {processor.py:830} INFO - Processing file /home/airflow/.local/lib/python3.12/site-packages/airflow/example_dags/example_display_name.py for tasks to queue
[2024-05-24T05:56:28.463+0000] {logging_mixin.py:188} INFO - [2024-05-24T05:56:28.463+0000] {dagbag.py:545} INFO - Filling up the DagBag from /home/airflow/.local/lib/python3.12/site-packages/airflow/example_dags/example_display_name.py
[2024-05-24T05:56:28.465+0000] {processor.py:840} INFO - DAG(s) 'example_display_name' retrieved from /home/airflow/.local/lib/python3.12/site-packages/airflow/example_dags/example_display_name.py
[2024-05-24T05:56:28.473+0000] {logging_mixin.py:188} INFO - [2024-05-24T05:56:28.473+0000] {dag.py:3096} INFO - Sync 1 DAGs
[2024-05-24T05:56:28.477+0000] {logging_mixin.py:188} INFO - [2024-05-24T05:56:28.477+0000] {dag.py:3954} INFO - Setting next_dagrun for example_display_name to None, run_after=None
[2024-05-24T05:56:28.484+0000] {processor.py:183} INFO - Processing /home/airflow/.local/lib/python3.12/site-packages/airflow/example_dags/example_display_name.py took 0.024 seconds
[2024-05-24T05:56:58.779+0000] {processor.py:161} INFO - Started process (PID=6317) to work on /home/airflow/.local/lib/python3.12/site-packages/airflow/example_dags/example_display_name.py
[2024-05-24T05:56:58.779+0000] {processor.py:830} INFO - Processing file /home/airflow/.local/lib/python3.12/site-packages/airflow/example_dags/example_display_name.py for tasks to queue
[2024-05-24T05:56:58.780+0000] {logging_mixin.py:188} INFO - [2024-05-24T05:56:58.780+0000] {dagbag.py:545} INFO - Filling up the DagBag from /home/airflow/.local/lib/python3.12/site-packages/airflow/example_dags/example_display_name.py
[2024-05-24T05:56:58.782+0000] {processor.py:840} INFO - DAG(s) 'example_display_name' retrieved from /home/airflow/.local/lib/python3.12/site-packages/airflow/example_dags/example_display_name.py
[2024-05-24T05:56:58.790+0000] {logging_mixin.py:188} INFO - [2024-05-24T05:56:58.789+0000] {dag.py:3096} INFO - Sync 1 DAGs
[2024-05-24T05:56:58.794+0000] {logging_mixin.py:188} INFO - [2024-05-24T05:56:58.794+0000] {dag.py:3954} INFO - Setting next_dagrun for example_display_name to None, run_after=None
[2024-05-24T05:56:58.800+0000] {processor.py:183} INFO - Processing /home/airflow/.local/lib/python3.12/site-packages/airflow/example_dags/example_display_name.py took 0.024 seconds
[2024-05-24T05:57:29.102+0000] {processor.py:161} INFO - Started process (PID=6581) to work on /home/airflow/.local/lib/python3.12/site-packages/airflow/example_dags/example_display_name.py
[2024-05-24T05:57:29.103+0000] {processor.py:830} INFO - Processing file /home/airflow/.local/lib/python3.12/site-packages/airflow/example_dags/example_display_name.py for tasks to queue
[2024-05-24T05:57:29.103+0000] {logging_mixin.py:188} INFO - [2024-05-24T05:57:29.103+0000] {dagbag.py:545} INFO - Filling up the DagBag from /home/airflow/.local/lib/python3.12/site-packages/airflow/example_dags/example_display_name.py
[2024-05-24T05:57:29.106+0000] {processor.py:840} INFO - DAG(s) 'example_display_name' retrieved from /home/airflow/.local/lib/python3.12/site-packages/airflow/example_dags/example_display_name.py
[2024-05-24T05:57:29.113+0000] {logging_mixin.py:188} INFO - [2024-05-24T05:57:29.113+0000] {dag.py:3096} INFO - Sync 1 DAGs
[2024-05-24T05:57:29.118+0000] {logging_mixin.py:188} INFO - [2024-05-24T05:57:29.117+0000] {dag.py:3954} INFO - Setting next_dagrun for example_display_name to None, run_after=None
[2024-05-24T05:57:29.124+0000] {processor.py:183} INFO - Processing /home/airflow/.local/lib/python3.12/site-packages/airflow/example_dags/example_display_name.py took 0.024 seconds
[2024-05-24T05:57:59.461+0000] {processor.py:161} INFO - Started process (PID=6843) to work on /home/airflow/.local/lib/python3.12/site-packages/airflow/example_dags/example_display_name.py
[2024-05-24T05:57:59.461+0000] {processor.py:830} INFO - Processing file /home/airflow/.local/lib/python3.12/site-packages/airflow/example_dags/example_display_name.py for tasks to queue
[2024-05-24T05:57:59.462+0000] {logging_mixin.py:188} INFO - [2024-05-24T05:57:59.462+0000] {dagbag.py:545} INFO - Filling up the DagBag from /home/airflow/.local/lib/python3.12/site-packages/airflow/example_dags/example_display_name.py
[2024-05-24T05:57:59.464+0000] {processor.py:840} INFO - DAG(s) 'example_display_name' retrieved from /home/airflow/.local/lib/python3.12/site-packages/airflow/example_dags/example_display_name.py
[2024-05-24T05:57:59.471+0000] {logging_mixin.py:188} INFO - [2024-05-24T05:57:59.471+0000] {dag.py:3096} INFO - Sync 1 DAGs
[2024-05-24T05:57:59.476+0000] {logging_mixin.py:188} INFO - [2024-05-24T05:57:59.476+0000] {dag.py:3954} INFO - Setting next_dagrun for example_display_name to None, run_after=None
[2024-05-24T05:57:59.482+0000] {processor.py:183} INFO - Processing /home/airflow/.local/lib/python3.12/site-packages/airflow/example_dags/example_display_name.py took 0.024 seconds
[2024-05-24T05:58:29.757+0000] {processor.py:161} INFO - Started process (PID=7103) to work on /home/airflow/.local/lib/python3.12/site-packages/airflow/example_dags/example_display_name.py
[2024-05-24T05:58:29.758+0000] {processor.py:830} INFO - Processing file /home/airflow/.local/lib/python3.12/site-packages/airflow/example_dags/example_display_name.py for tasks to queue
[2024-05-24T05:58:29.758+0000] {logging_mixin.py:188} INFO - [2024-05-24T05:58:29.758+0000] {dagbag.py:545} INFO - Filling up the DagBag from /home/airflow/.local/lib/python3.12/site-packages/airflow/example_dags/example_display_name.py
[2024-05-24T05:58:29.761+0000] {processor.py:840} INFO - DAG(s) 'example_display_name' retrieved from /home/airflow/.local/lib/python3.12/site-packages/airflow/example_dags/example_display_name.py
[2024-05-24T05:58:29.769+0000] {logging_mixin.py:188} INFO - [2024-05-24T05:58:29.769+0000] {dag.py:3096} INFO - Sync 1 DAGs
[2024-05-24T05:58:29.774+0000] {logging_mixin.py:188} INFO - [2024-05-24T05:58:29.773+0000] {dag.py:3954} INFO - Setting next_dagrun for example_display_name to None, run_after=None
[2024-05-24T05:58:29.780+0000] {processor.py:183} INFO - Processing /home/airflow/.local/lib/python3.12/site-packages/airflow/example_dags/example_display_name.py took 0.025 seconds
[2024-05-24T06:13:53.144+0000] {processor.py:161} INFO - Started process (PID=7365) to work on /home/airflow/.local/lib/python3.12/site-packages/airflow/example_dags/example_display_name.py
[2024-05-24T06:13:53.145+0000] {processor.py:830} INFO - Processing file /home/airflow/.local/lib/python3.12/site-packages/airflow/example_dags/example_display_name.py for tasks to queue
[2024-05-24T06:13:53.145+0000] {logging_mixin.py:188} INFO - [2024-05-24T06:13:53.145+0000] {dagbag.py:545} INFO - Filling up the DagBag from /home/airflow/.local/lib/python3.12/site-packages/airflow/example_dags/example_display_name.py
[2024-05-24T06:13:53.148+0000] {processor.py:840} INFO - DAG(s) 'example_display_name' retrieved from /home/airflow/.local/lib/python3.12/site-packages/airflow/example_dags/example_display_name.py
[2024-05-24T06:13:53.155+0000] {logging_mixin.py:188} INFO - [2024-05-24T06:13:53.155+0000] {dag.py:3096} INFO - Sync 1 DAGs
[2024-05-24T06:13:53.159+0000] {logging_mixin.py:188} INFO - [2024-05-24T06:13:53.159+0000] {dag.py:3954} INFO - Setting next_dagrun for example_display_name to None, run_after=None
[2024-05-24T06:13:53.165+0000] {processor.py:183} INFO - Processing /home/airflow/.local/lib/python3.12/site-packages/airflow/example_dags/example_display_name.py took 0.023 seconds
[2024-05-24T06:26:10.046+0000] {processor.py:161} INFO - Started process (PID=7626) to work on /home/airflow/.local/lib/python3.12/site-packages/airflow/example_dags/example_display_name.py
[2024-05-24T06:26:10.046+0000] {processor.py:830} INFO - Processing file /home/airflow/.local/lib/python3.12/site-packages/airflow/example_dags/example_display_name.py for tasks to queue
[2024-05-24T06:26:10.047+0000] {logging_mixin.py:188} INFO - [2024-05-24T06:26:10.047+0000] {dagbag.py:545} INFO - Filling up the DagBag from /home/airflow/.local/lib/python3.12/site-packages/airflow/example_dags/example_display_name.py
[2024-05-24T06:26:10.050+0000] {processor.py:840} INFO - DAG(s) 'example_display_name' retrieved from /home/airflow/.local/lib/python3.12/site-packages/airflow/example_dags/example_display_name.py
[2024-05-24T06:26:10.058+0000] {logging_mixin.py:188} INFO - [2024-05-24T06:26:10.058+0000] {dag.py:3096} INFO - Sync 1 DAGs
[2024-05-24T06:26:10.063+0000] {logging_mixin.py:188} INFO - [2024-05-24T06:26:10.063+0000] {dag.py:3954} INFO - Setting next_dagrun for example_display_name to None, run_after=None
[2024-05-24T06:26:10.069+0000] {processor.py:183} INFO - Processing /home/airflow/.local/lib/python3.12/site-packages/airflow/example_dags/example_display_name.py took 0.026 seconds
[2024-05-24T06:26:40.458+0000] {processor.py:161} INFO - Started process (PID=7887) to work on /home/airflow/.local/lib/python3.12/site-packages/airflow/example_dags/example_display_name.py
[2024-05-24T06:26:40.458+0000] {processor.py:830} INFO - Processing file /home/airflow/.local/lib/python3.12/site-packages/airflow/example_dags/example_display_name.py for tasks to queue
[2024-05-24T06:26:40.459+0000] {logging_mixin.py:188} INFO - [2024-05-24T06:26:40.459+0000] {dagbag.py:545} INFO - Filling up the DagBag from /home/airflow/.local/lib/python3.12/site-packages/airflow/example_dags/example_display_name.py
[2024-05-24T06:26:40.461+0000] {processor.py:840} INFO - DAG(s) 'example_display_name' retrieved from /home/airflow/.local/lib/python3.12/site-packages/airflow/example_dags/example_display_name.py
[2024-05-24T06:26:40.469+0000] {logging_mixin.py:188} INFO - [2024-05-24T06:26:40.469+0000] {dag.py:3096} INFO - Sync 1 DAGs
[2024-05-24T06:26:40.474+0000] {logging_mixin.py:188} INFO - [2024-05-24T06:26:40.474+0000] {dag.py:3954} INFO - Setting next_dagrun for example_display_name to None, run_after=None
[2024-05-24T06:26:40.480+0000] {processor.py:183} INFO - Processing /home/airflow/.local/lib/python3.12/site-packages/airflow/example_dags/example_display_name.py took 0.025 seconds
[2024-05-24T06:27:10.864+0000] {processor.py:161} INFO - Started process (PID=8149) to work on /home/airflow/.local/lib/python3.12/site-packages/airflow/example_dags/example_display_name.py
[2024-05-24T06:27:10.865+0000] {processor.py:830} INFO - Processing file /home/airflow/.local/lib/python3.12/site-packages/airflow/example_dags/example_display_name.py for tasks to queue
[2024-05-24T06:27:10.865+0000] {logging_mixin.py:188} INFO - [2024-05-24T06:27:10.865+0000] {dagbag.py:545} INFO - Filling up the DagBag from /home/airflow/.local/lib/python3.12/site-packages/airflow/example_dags/example_display_name.py
[2024-05-24T06:27:10.868+0000] {processor.py:840} INFO - DAG(s) 'example_display_name' retrieved from /home/airflow/.local/lib/python3.12/site-packages/airflow/example_dags/example_display_name.py
[2024-05-24T06:27:10.876+0000] {logging_mixin.py:188} INFO - [2024-05-24T06:27:10.875+0000] {dag.py:3096} INFO - Sync 1 DAGs
[2024-05-24T06:27:10.880+0000] {logging_mixin.py:188} INFO - [2024-05-24T06:27:10.880+0000] {dag.py:3954} INFO - Setting next_dagrun for example_display_name to None, run_after=None
[2024-05-24T06:27:10.887+0000] {processor.py:183} INFO - Processing /home/airflow/.local/lib/python3.12/site-packages/airflow/example_dags/example_display_name.py took 0.025 seconds
[2024-05-24T06:28:26.028+0000] {processor.py:161} INFO - Started process (PID=8411) to work on /home/airflow/.local/lib/python3.12/site-packages/airflow/example_dags/example_display_name.py
[2024-05-24T06:28:26.028+0000] {processor.py:830} INFO - Processing file /home/airflow/.local/lib/python3.12/site-packages/airflow/example_dags/example_display_name.py for tasks to queue
[2024-05-24T06:28:26.029+0000] {logging_mixin.py:188} INFO - [2024-05-24T06:28:26.029+0000] {dagbag.py:545} INFO - Filling up the DagBag from /home/airflow/.local/lib/python3.12/site-packages/airflow/example_dags/example_display_name.py
[2024-05-24T06:28:26.031+0000] {processor.py:840} INFO - DAG(s) 'example_display_name' retrieved from /home/airflow/.local/lib/python3.12/site-packages/airflow/example_dags/example_display_name.py
[2024-05-24T06:28:26.040+0000] {logging_mixin.py:188} INFO - [2024-05-24T06:28:26.040+0000] {dag.py:3096} INFO - Sync 1 DAGs
[2024-05-24T06:28:26.045+0000] {logging_mixin.py:188} INFO - [2024-05-24T06:28:26.045+0000] {dag.py:3954} INFO - Setting next_dagrun for example_display_name to None, run_after=None
[2024-05-24T06:28:26.052+0000] {processor.py:183} INFO - Processing /home/airflow/.local/lib/python3.12/site-packages/airflow/example_dags/example_display_name.py took 0.026 seconds
[2024-05-24T06:28:56.407+0000] {processor.py:161} INFO - Started process (PID=8675) to work on /home/airflow/.local/lib/python3.12/site-packages/airflow/example_dags/example_display_name.py
[2024-05-24T06:28:56.407+0000] {processor.py:830} INFO - Processing file /home/airflow/.local/lib/python3.12/site-packages/airflow/example_dags/example_display_name.py for tasks to queue
[2024-05-24T06:28:56.408+0000] {logging_mixin.py:188} INFO - [2024-05-24T06:28:56.408+0000] {dagbag.py:545} INFO - Filling up the DagBag from /home/airflow/.local/lib/python3.12/site-packages/airflow/example_dags/example_display_name.py
[2024-05-24T06:28:56.410+0000] {processor.py:840} INFO - DAG(s) 'example_display_name' retrieved from /home/airflow/.local/lib/python3.12/site-packages/airflow/example_dags/example_display_name.py
[2024-05-24T06:28:56.418+0000] {logging_mixin.py:188} INFO - [2024-05-24T06:28:56.418+0000] {dag.py:3096} INFO - Sync 1 DAGs
[2024-05-24T06:28:56.422+0000] {logging_mixin.py:188} INFO - [2024-05-24T06:28:56.422+0000] {dag.py:3954} INFO - Setting next_dagrun for example_display_name to None, run_after=None
[2024-05-24T06:28:56.428+0000] {processor.py:183} INFO - Processing /home/airflow/.local/lib/python3.12/site-packages/airflow/example_dags/example_display_name.py took 0.023 seconds
[2024-05-24T06:29:26.904+0000] {processor.py:161} INFO - Started process (PID=8937) to work on /home/airflow/.local/lib/python3.12/site-packages/airflow/example_dags/example_display_name.py
[2024-05-24T06:29:26.905+0000] {processor.py:830} INFO - Processing file /home/airflow/.local/lib/python3.12/site-packages/airflow/example_dags/example_display_name.py for tasks to queue
[2024-05-24T06:29:26.905+0000] {logging_mixin.py:188} INFO - [2024-05-24T06:29:26.905+0000] {dagbag.py:545} INFO - Filling up the DagBag from /home/airflow/.local/lib/python3.12/site-packages/airflow/example_dags/example_display_name.py
[2024-05-24T06:29:26.907+0000] {processor.py:840} INFO - DAG(s) 'example_display_name' retrieved from /home/airflow/.local/lib/python3.12/site-packages/airflow/example_dags/example_display_name.py
[2024-05-24T06:29:26.915+0000] {logging_mixin.py:188} INFO - [2024-05-24T06:29:26.915+0000] {dag.py:3096} INFO - Sync 1 DAGs
[2024-05-24T06:29:26.919+0000] {logging_mixin.py:188} INFO - [2024-05-24T06:29:26.919+0000] {dag.py:3954} INFO - Setting next_dagrun for example_display_name to None, run_after=None
[2024-05-24T06:29:26.924+0000] {processor.py:183} INFO - Processing /home/airflow/.local/lib/python3.12/site-packages/airflow/example_dags/example_display_name.py took 0.023 seconds
[2024-05-24T06:29:57.287+0000] {processor.py:161} INFO - Started process (PID=9197) to work on /home/airflow/.local/lib/python3.12/site-packages/airflow/example_dags/example_display_name.py
[2024-05-24T06:29:57.287+0000] {processor.py:830} INFO - Processing file /home/airflow/.local/lib/python3.12/site-packages/airflow/example_dags/example_display_name.py for tasks to queue
[2024-05-24T06:29:57.290+0000] {logging_mixin.py:188} INFO - [2024-05-24T06:29:57.290+0000] {dagbag.py:545} INFO - Filling up the DagBag from /home/airflow/.local/lib/python3.12/site-packages/airflow/example_dags/example_display_name.py
[2024-05-24T06:29:57.293+0000] {processor.py:840} INFO - DAG(s) 'example_display_name' retrieved from /home/airflow/.local/lib/python3.12/site-packages/airflow/example_dags/example_display_name.py
[2024-05-24T06:29:57.300+0000] {logging_mixin.py:188} INFO - [2024-05-24T06:29:57.300+0000] {dag.py:3096} INFO - Sync 1 DAGs
[2024-05-24T06:29:57.305+0000] {logging_mixin.py:188} INFO - [2024-05-24T06:29:57.305+0000] {dag.py:3954} INFO - Setting next_dagrun for example_display_name to None, run_after=None
[2024-05-24T06:29:57.311+0000] {processor.py:183} INFO - Processing /home/airflow/.local/lib/python3.12/site-packages/airflow/example_dags/example_display_name.py took 0.026 seconds
[2024-05-24T06:32:50.898+0000] {processor.py:161} INFO - Started process (PID=9461) to work on /home/airflow/.local/lib/python3.12/site-packages/airflow/example_dags/example_display_name.py
[2024-05-24T06:32:50.898+0000] {processor.py:830} INFO - Processing file /home/airflow/.local/lib/python3.12/site-packages/airflow/example_dags/example_display_name.py for tasks to queue
[2024-05-24T06:32:50.899+0000] {logging_mixin.py:188} INFO - [2024-05-24T06:32:50.899+0000] {dagbag.py:545} INFO - Filling up the DagBag from /home/airflow/.local/lib/python3.12/site-packages/airflow/example_dags/example_display_name.py
[2024-05-24T06:32:50.901+0000] {processor.py:840} INFO - DAG(s) 'example_display_name' retrieved from /home/airflow/.local/lib/python3.12/site-packages/airflow/example_dags/example_display_name.py
[2024-05-24T06:32:50.909+0000] {logging_mixin.py:188} INFO - [2024-05-24T06:32:50.909+0000] {dag.py:3096} INFO - Sync 1 DAGs
[2024-05-24T06:32:50.914+0000] {logging_mixin.py:188} INFO - [2024-05-24T06:32:50.913+0000] {dag.py:3954} INFO - Setting next_dagrun for example_display_name to None, run_after=None
[2024-05-24T06:32:50.920+0000] {processor.py:183} INFO - Processing /home/airflow/.local/lib/python3.12/site-packages/airflow/example_dags/example_display_name.py took 0.024 seconds
[2024-05-24T06:34:34.017+0000] {processor.py:161} INFO - Started process (PID=9723) to work on /home/airflow/.local/lib/python3.12/site-packages/airflow/example_dags/example_display_name.py
[2024-05-24T06:34:34.018+0000] {processor.py:830} INFO - Processing file /home/airflow/.local/lib/python3.12/site-packages/airflow/example_dags/example_display_name.py for tasks to queue
[2024-05-24T06:34:34.018+0000] {logging_mixin.py:188} INFO - [2024-05-24T06:34:34.018+0000] {dagbag.py:545} INFO - Filling up the DagBag from /home/airflow/.local/lib/python3.12/site-packages/airflow/example_dags/example_display_name.py
[2024-05-24T06:34:34.021+0000] {processor.py:840} INFO - DAG(s) 'example_display_name' retrieved from /home/airflow/.local/lib/python3.12/site-packages/airflow/example_dags/example_display_name.py
[2024-05-24T06:34:34.028+0000] {logging_mixin.py:188} INFO - [2024-05-24T06:34:34.028+0000] {dag.py:3096} INFO - Sync 1 DAGs
[2024-05-24T06:34:34.033+0000] {logging_mixin.py:188} INFO - [2024-05-24T06:34:34.033+0000] {dag.py:3954} INFO - Setting next_dagrun for example_display_name to None, run_after=None
[2024-05-24T06:34:34.039+0000] {processor.py:183} INFO - Processing /home/airflow/.local/lib/python3.12/site-packages/airflow/example_dags/example_display_name.py took 0.024 seconds
[2024-05-24T06:35:04.615+0000] {processor.py:161} INFO - Started process (PID=9985) to work on /home/airflow/.local/lib/python3.12/site-packages/airflow/example_dags/example_display_name.py
[2024-05-24T06:35:04.615+0000] {processor.py:830} INFO - Processing file /home/airflow/.local/lib/python3.12/site-packages/airflow/example_dags/example_display_name.py for tasks to queue
[2024-05-24T06:35:04.616+0000] {logging_mixin.py:188} INFO - [2024-05-24T06:35:04.616+0000] {dagbag.py:545} INFO - Filling up the DagBag from /home/airflow/.local/lib/python3.12/site-packages/airflow/example_dags/example_display_name.py
[2024-05-24T06:35:04.618+0000] {processor.py:840} INFO - DAG(s) 'example_display_name' retrieved from /home/airflow/.local/lib/python3.12/site-packages/airflow/example_dags/example_display_name.py
[2024-05-24T06:35:04.626+0000] {logging_mixin.py:188} INFO - [2024-05-24T06:35:04.626+0000] {dag.py:3096} INFO - Sync 1 DAGs
[2024-05-24T06:35:04.631+0000] {logging_mixin.py:188} INFO - [2024-05-24T06:35:04.631+0000] {dag.py:3954} INFO - Setting next_dagrun for example_display_name to None, run_after=None
[2024-05-24T06:35:04.637+0000] {processor.py:183} INFO - Processing /home/airflow/.local/lib/python3.12/site-packages/airflow/example_dags/example_display_name.py took 0.025 seconds
[2024-05-24T06:50:34.365+0000] {processor.py:161} INFO - Started process (PID=10245) to work on /home/airflow/.local/lib/python3.12/site-packages/airflow/example_dags/example_display_name.py
[2024-05-24T06:50:34.366+0000] {processor.py:830} INFO - Processing file /home/airflow/.local/lib/python3.12/site-packages/airflow/example_dags/example_display_name.py for tasks to queue
[2024-05-24T06:50:34.366+0000] {logging_mixin.py:188} INFO - [2024-05-24T06:50:34.366+0000] {dagbag.py:545} INFO - Filling up the DagBag from /home/airflow/.local/lib/python3.12/site-packages/airflow/example_dags/example_display_name.py
[2024-05-24T06:50:34.368+0000] {processor.py:840} INFO - DAG(s) 'example_display_name' retrieved from /home/airflow/.local/lib/python3.12/site-packages/airflow/example_dags/example_display_name.py
[2024-05-24T06:50:34.376+0000] {logging_mixin.py:188} INFO - [2024-05-24T06:50:34.376+0000] {dag.py:3096} INFO - Sync 1 DAGs
[2024-05-24T06:50:34.380+0000] {logging_mixin.py:188} INFO - [2024-05-24T06:50:34.380+0000] {dag.py:3954} INFO - Setting next_dagrun for example_display_name to None, run_after=None
[2024-05-24T06:50:34.387+0000] {processor.py:183} INFO - Processing /home/airflow/.local/lib/python3.12/site-packages/airflow/example_dags/example_display_name.py took 0.024 seconds
[2024-05-24T07:06:10.976+0000] {processor.py:161} INFO - Started process (PID=10507) to work on /home/airflow/.local/lib/python3.12/site-packages/airflow/example_dags/example_display_name.py
[2024-05-24T07:06:10.976+0000] {processor.py:830} INFO - Processing file /home/airflow/.local/lib/python3.12/site-packages/airflow/example_dags/example_display_name.py for tasks to queue
[2024-05-24T07:06:10.977+0000] {logging_mixin.py:188} INFO - [2024-05-24T07:06:10.977+0000] {dagbag.py:545} INFO - Filling up the DagBag from /home/airflow/.local/lib/python3.12/site-packages/airflow/example_dags/example_display_name.py
[2024-05-24T07:06:10.979+0000] {processor.py:840} INFO - DAG(s) 'example_display_name' retrieved from /home/airflow/.local/lib/python3.12/site-packages/airflow/example_dags/example_display_name.py
[2024-05-24T07:06:10.986+0000] {logging_mixin.py:188} INFO - [2024-05-24T07:06:10.986+0000] {dag.py:3096} INFO - Sync 1 DAGs
[2024-05-24T07:06:10.991+0000] {logging_mixin.py:188} INFO - [2024-05-24T07:06:10.991+0000] {dag.py:3954} INFO - Setting next_dagrun for example_display_name to None, run_after=None
[2024-05-24T07:06:10.997+0000] {processor.py:183} INFO - Processing /home/airflow/.local/lib/python3.12/site-packages/airflow/example_dags/example_display_name.py took 0.024 seconds
[2024-05-24T07:30:09.207+0000] {processor.py:161} INFO - Started process (PID=10771) to work on /home/airflow/.local/lib/python3.12/site-packages/airflow/example_dags/example_display_name.py
[2024-05-24T07:30:09.207+0000] {processor.py:830} INFO - Processing file /home/airflow/.local/lib/python3.12/site-packages/airflow/example_dags/example_display_name.py for tasks to queue
[2024-05-24T07:30:09.208+0000] {logging_mixin.py:188} INFO - [2024-05-24T07:30:09.208+0000] {dagbag.py:545} INFO - Filling up the DagBag from /home/airflow/.local/lib/python3.12/site-packages/airflow/example_dags/example_display_name.py
[2024-05-24T07:30:09.210+0000] {processor.py:840} INFO - DAG(s) 'example_display_name' retrieved from /home/airflow/.local/lib/python3.12/site-packages/airflow/example_dags/example_display_name.py
[2024-05-24T07:30:09.220+0000] {logging_mixin.py:188} INFO - [2024-05-24T07:30:09.220+0000] {dag.py:3096} INFO - Sync 1 DAGs
[2024-05-24T07:30:09.224+0000] {logging_mixin.py:188} INFO - [2024-05-24T07:30:09.224+0000] {dag.py:3954} INFO - Setting next_dagrun for example_display_name to None, run_after=None
[2024-05-24T07:30:09.230+0000] {processor.py:183} INFO - Processing /home/airflow/.local/lib/python3.12/site-packages/airflow/example_dags/example_display_name.py took 0.026 seconds
[2024-05-24T07:30:40.081+0000] {processor.py:161} INFO - Started process (PID=11031) to work on /home/airflow/.local/lib/python3.12/site-packages/airflow/example_dags/example_display_name.py
[2024-05-24T07:30:40.081+0000] {processor.py:830} INFO - Processing file /home/airflow/.local/lib/python3.12/site-packages/airflow/example_dags/example_display_name.py for tasks to queue
[2024-05-24T07:30:40.082+0000] {logging_mixin.py:188} INFO - [2024-05-24T07:30:40.081+0000] {dagbag.py:545} INFO - Filling up the DagBag from /home/airflow/.local/lib/python3.12/site-packages/airflow/example_dags/example_display_name.py
[2024-05-24T07:30:40.084+0000] {processor.py:840} INFO - DAG(s) 'example_display_name' retrieved from /home/airflow/.local/lib/python3.12/site-packages/airflow/example_dags/example_display_name.py
[2024-05-24T07:30:40.092+0000] {logging_mixin.py:188} INFO - [2024-05-24T07:30:40.092+0000] {dag.py:3096} INFO - Sync 1 DAGs
[2024-05-24T07:30:40.157+0000] {logging_mixin.py:188} INFO - [2024-05-24T07:30:40.157+0000] {dag.py:3954} INFO - Setting next_dagrun for example_display_name to None, run_after=None
[2024-05-24T07:30:40.164+0000] {processor.py:183} INFO - Processing /home/airflow/.local/lib/python3.12/site-packages/airflow/example_dags/example_display_name.py took 0.085 seconds
[2024-05-24T07:31:10.287+0000] {processor.py:161} INFO - Started process (PID=11293) to work on /home/airflow/.local/lib/python3.12/site-packages/airflow/example_dags/example_display_name.py
[2024-05-24T07:31:10.288+0000] {processor.py:830} INFO - Processing file /home/airflow/.local/lib/python3.12/site-packages/airflow/example_dags/example_display_name.py for tasks to queue
[2024-05-24T07:31:10.288+0000] {logging_mixin.py:188} INFO - [2024-05-24T07:31:10.288+0000] {dagbag.py:545} INFO - Filling up the DagBag from /home/airflow/.local/lib/python3.12/site-packages/airflow/example_dags/example_display_name.py
[2024-05-24T07:31:10.291+0000] {processor.py:840} INFO - DAG(s) 'example_display_name' retrieved from /home/airflow/.local/lib/python3.12/site-packages/airflow/example_dags/example_display_name.py
[2024-05-24T07:31:10.298+0000] {logging_mixin.py:188} INFO - [2024-05-24T07:31:10.298+0000] {dag.py:3096} INFO - Sync 1 DAGs
[2024-05-24T07:31:10.303+0000] {logging_mixin.py:188} INFO - [2024-05-24T07:31:10.303+0000] {dag.py:3954} INFO - Setting next_dagrun for example_display_name to None, run_after=None
[2024-05-24T07:31:10.310+0000] {processor.py:183} INFO - Processing /home/airflow/.local/lib/python3.12/site-packages/airflow/example_dags/example_display_name.py took 0.025 seconds
[2024-05-24T07:31:40.680+0000] {processor.py:161} INFO - Started process (PID=11555) to work on /home/airflow/.local/lib/python3.12/site-packages/airflow/example_dags/example_display_name.py
[2024-05-24T07:31:40.681+0000] {processor.py:830} INFO - Processing file /home/airflow/.local/lib/python3.12/site-packages/airflow/example_dags/example_display_name.py for tasks to queue
[2024-05-24T07:31:40.681+0000] {logging_mixin.py:188} INFO - [2024-05-24T07:31:40.681+0000] {dagbag.py:545} INFO - Filling up the DagBag from /home/airflow/.local/lib/python3.12/site-packages/airflow/example_dags/example_display_name.py
[2024-05-24T07:31:40.684+0000] {processor.py:840} INFO - DAG(s) 'example_display_name' retrieved from /home/airflow/.local/lib/python3.12/site-packages/airflow/example_dags/example_display_name.py
[2024-05-24T07:31:40.691+0000] {logging_mixin.py:188} INFO - [2024-05-24T07:31:40.691+0000] {dag.py:3096} INFO - Sync 1 DAGs
[2024-05-24T07:31:40.699+0000] {logging_mixin.py:188} INFO - [2024-05-24T07:31:40.699+0000] {dag.py:3954} INFO - Setting next_dagrun for example_display_name to None, run_after=None
[2024-05-24T07:31:40.705+0000] {processor.py:183} INFO - Processing /home/airflow/.local/lib/python3.12/site-packages/airflow/example_dags/example_display_name.py took 0.027 seconds
[2024-05-24T07:32:11.048+0000] {processor.py:161} INFO - Started process (PID=11817) to work on /home/airflow/.local/lib/python3.12/site-packages/airflow/example_dags/example_display_name.py
[2024-05-24T07:32:11.048+0000] {processor.py:830} INFO - Processing file /home/airflow/.local/lib/python3.12/site-packages/airflow/example_dags/example_display_name.py for tasks to queue
[2024-05-24T07:32:11.049+0000] {logging_mixin.py:188} INFO - [2024-05-24T07:32:11.049+0000] {dagbag.py:545} INFO - Filling up the DagBag from /home/airflow/.local/lib/python3.12/site-packages/airflow/example_dags/example_display_name.py
[2024-05-24T07:32:11.051+0000] {processor.py:840} INFO - DAG(s) 'example_display_name' retrieved from /home/airflow/.local/lib/python3.12/site-packages/airflow/example_dags/example_display_name.py
[2024-05-24T07:32:11.058+0000] {logging_mixin.py:188} INFO - [2024-05-24T07:32:11.058+0000] {dag.py:3096} INFO - Sync 1 DAGs
[2024-05-24T07:32:11.063+0000] {logging_mixin.py:188} INFO - [2024-05-24T07:32:11.063+0000] {dag.py:3954} INFO - Setting next_dagrun for example_display_name to None, run_after=None
[2024-05-24T07:32:11.070+0000] {processor.py:183} INFO - Processing /home/airflow/.local/lib/python3.12/site-packages/airflow/example_dags/example_display_name.py took 0.025 seconds
[2024-05-24T07:32:58.877+0000] {processor.py:161} INFO - Started process (PID=12081) to work on /home/airflow/.local/lib/python3.12/site-packages/airflow/example_dags/example_display_name.py
[2024-05-24T07:32:58.877+0000] {processor.py:830} INFO - Processing file /home/airflow/.local/lib/python3.12/site-packages/airflow/example_dags/example_display_name.py for tasks to queue
[2024-05-24T07:32:58.878+0000] {logging_mixin.py:188} INFO - [2024-05-24T07:32:58.878+0000] {dagbag.py:545} INFO - Filling up the DagBag from /home/airflow/.local/lib/python3.12/site-packages/airflow/example_dags/example_display_name.py
[2024-05-24T07:32:58.880+0000] {processor.py:840} INFO - DAG(s) 'example_display_name' retrieved from /home/airflow/.local/lib/python3.12/site-packages/airflow/example_dags/example_display_name.py
[2024-05-24T07:32:58.888+0000] {logging_mixin.py:188} INFO - [2024-05-24T07:32:58.888+0000] {dag.py:3096} INFO - Sync 1 DAGs
[2024-05-24T07:32:58.893+0000] {logging_mixin.py:188} INFO - [2024-05-24T07:32:58.892+0000] {dag.py:3954} INFO - Setting next_dagrun for example_display_name to None, run_after=None
[2024-05-24T07:32:58.899+0000] {processor.py:183} INFO - Processing /home/airflow/.local/lib/python3.12/site-packages/airflow/example_dags/example_display_name.py took 0.024 seconds
[2024-05-24T07:33:29.246+0000] {processor.py:161} INFO - Started process (PID=12343) to work on /home/airflow/.local/lib/python3.12/site-packages/airflow/example_dags/example_display_name.py
[2024-05-24T07:33:29.247+0000] {processor.py:830} INFO - Processing file /home/airflow/.local/lib/python3.12/site-packages/airflow/example_dags/example_display_name.py for tasks to queue
[2024-05-24T07:33:29.247+0000] {logging_mixin.py:188} INFO - [2024-05-24T07:33:29.247+0000] {dagbag.py:545} INFO - Filling up the DagBag from /home/airflow/.local/lib/python3.12/site-packages/airflow/example_dags/example_display_name.py
[2024-05-24T07:33:29.250+0000] {processor.py:840} INFO - DAG(s) 'example_display_name' retrieved from /home/airflow/.local/lib/python3.12/site-packages/airflow/example_dags/example_display_name.py
[2024-05-24T07:33:29.257+0000] {logging_mixin.py:188} INFO - [2024-05-24T07:33:29.257+0000] {dag.py:3096} INFO - Sync 1 DAGs
[2024-05-24T07:33:29.262+0000] {logging_mixin.py:188} INFO - [2024-05-24T07:33:29.262+0000] {dag.py:3954} INFO - Setting next_dagrun for example_display_name to None, run_after=None
[2024-05-24T07:33:29.269+0000] {processor.py:183} INFO - Processing /home/airflow/.local/lib/python3.12/site-packages/airflow/example_dags/example_display_name.py took 0.025 seconds
[2024-05-24T07:33:59.571+0000] {processor.py:161} INFO - Started process (PID=12603) to work on /home/airflow/.local/lib/python3.12/site-packages/airflow/example_dags/example_display_name.py
[2024-05-24T07:33:59.571+0000] {processor.py:830} INFO - Processing file /home/airflow/.local/lib/python3.12/site-packages/airflow/example_dags/example_display_name.py for tasks to queue
[2024-05-24T07:33:59.572+0000] {logging_mixin.py:188} INFO - [2024-05-24T07:33:59.572+0000] {dagbag.py:545} INFO - Filling up the DagBag from /home/airflow/.local/lib/python3.12/site-packages/airflow/example_dags/example_display_name.py
[2024-05-24T07:33:59.574+0000] {processor.py:840} INFO - DAG(s) 'example_display_name' retrieved from /home/airflow/.local/lib/python3.12/site-packages/airflow/example_dags/example_display_name.py
[2024-05-24T07:33:59.582+0000] {logging_mixin.py:188} INFO - [2024-05-24T07:33:59.582+0000] {dag.py:3096} INFO - Sync 1 DAGs
[2024-05-24T07:33:59.587+0000] {logging_mixin.py:188} INFO - [2024-05-24T07:33:59.587+0000] {dag.py:3954} INFO - Setting next_dagrun for example_display_name to None, run_after=None
[2024-05-24T07:33:59.593+0000] {processor.py:183} INFO - Processing /home/airflow/.local/lib/python3.12/site-packages/airflow/example_dags/example_display_name.py took 0.025 seconds
[2024-05-24T07:34:29.972+0000] {processor.py:161} INFO - Started process (PID=12864) to work on /home/airflow/.local/lib/python3.12/site-packages/airflow/example_dags/example_display_name.py
[2024-05-24T07:34:29.972+0000] {processor.py:830} INFO - Processing file /home/airflow/.local/lib/python3.12/site-packages/airflow/example_dags/example_display_name.py for tasks to queue
[2024-05-24T07:34:29.973+0000] {logging_mixin.py:188} INFO - [2024-05-24T07:34:29.973+0000] {dagbag.py:545} INFO - Filling up the DagBag from /home/airflow/.local/lib/python3.12/site-packages/airflow/example_dags/example_display_name.py
[2024-05-24T07:34:29.975+0000] {processor.py:840} INFO - DAG(s) 'example_display_name' retrieved from /home/airflow/.local/lib/python3.12/site-packages/airflow/example_dags/example_display_name.py
[2024-05-24T07:34:29.982+0000] {logging_mixin.py:188} INFO - [2024-05-24T07:34:29.982+0000] {dag.py:3096} INFO - Sync 1 DAGs
[2024-05-24T07:34:29.987+0000] {logging_mixin.py:188} INFO - [2024-05-24T07:34:29.987+0000] {dag.py:3954} INFO - Setting next_dagrun for example_display_name to None, run_after=None
[2024-05-24T07:34:29.993+0000] {processor.py:183} INFO - Processing /home/airflow/.local/lib/python3.12/site-packages/airflow/example_dags/example_display_name.py took 0.024 seconds
[2024-05-24T07:35:00.501+0000] {processor.py:161} INFO - Started process (PID=13126) to work on /home/airflow/.local/lib/python3.12/site-packages/airflow/example_dags/example_display_name.py
[2024-05-24T07:35:00.502+0000] {processor.py:830} INFO - Processing file /home/airflow/.local/lib/python3.12/site-packages/airflow/example_dags/example_display_name.py for tasks to queue
[2024-05-24T07:35:00.503+0000] {logging_mixin.py:188} INFO - [2024-05-24T07:35:00.502+0000] {dagbag.py:545} INFO - Filling up the DagBag from /home/airflow/.local/lib/python3.12/site-packages/airflow/example_dags/example_display_name.py
[2024-05-24T07:35:00.505+0000] {processor.py:840} INFO - DAG(s) 'example_display_name' retrieved from /home/airflow/.local/lib/python3.12/site-packages/airflow/example_dags/example_display_name.py
[2024-05-24T07:35:00.512+0000] {logging_mixin.py:188} INFO - [2024-05-24T07:35:00.512+0000] {dag.py:3096} INFO - Sync 1 DAGs
[2024-05-24T07:35:00.517+0000] {logging_mixin.py:188} INFO - [2024-05-24T07:35:00.517+0000] {dag.py:3954} INFO - Setting next_dagrun for example_display_name to None, run_after=None
[2024-05-24T07:35:00.524+0000] {processor.py:183} INFO - Processing /home/airflow/.local/lib/python3.12/site-packages/airflow/example_dags/example_display_name.py took 0.025 seconds
[2024-05-24T07:35:30.848+0000] {processor.py:161} INFO - Started process (PID=13390) to work on /home/airflow/.local/lib/python3.12/site-packages/airflow/example_dags/example_display_name.py
[2024-05-24T07:35:30.848+0000] {processor.py:830} INFO - Processing file /home/airflow/.local/lib/python3.12/site-packages/airflow/example_dags/example_display_name.py for tasks to queue
[2024-05-24T07:35:30.849+0000] {logging_mixin.py:188} INFO - [2024-05-24T07:35:30.849+0000] {dagbag.py:545} INFO - Filling up the DagBag from /home/airflow/.local/lib/python3.12/site-packages/airflow/example_dags/example_display_name.py
[2024-05-24T07:35:30.851+0000] {processor.py:840} INFO - DAG(s) 'example_display_name' retrieved from /home/airflow/.local/lib/python3.12/site-packages/airflow/example_dags/example_display_name.py
[2024-05-24T07:35:30.859+0000] {logging_mixin.py:188} INFO - [2024-05-24T07:35:30.858+0000] {dag.py:3096} INFO - Sync 1 DAGs
[2024-05-24T07:35:30.863+0000] {logging_mixin.py:188} INFO - [2024-05-24T07:35:30.863+0000] {dag.py:3954} INFO - Setting next_dagrun for example_display_name to None, run_after=None
[2024-05-24T07:35:30.869+0000] {processor.py:183} INFO - Processing /home/airflow/.local/lib/python3.12/site-packages/airflow/example_dags/example_display_name.py took 0.023 seconds
[2024-05-24T07:36:01.200+0000] {processor.py:161} INFO - Started process (PID=13650) to work on /home/airflow/.local/lib/python3.12/site-packages/airflow/example_dags/example_display_name.py
[2024-05-24T07:36:01.200+0000] {processor.py:830} INFO - Processing file /home/airflow/.local/lib/python3.12/site-packages/airflow/example_dags/example_display_name.py for tasks to queue
[2024-05-24T07:36:01.201+0000] {logging_mixin.py:188} INFO - [2024-05-24T07:36:01.201+0000] {dagbag.py:545} INFO - Filling up the DagBag from /home/airflow/.local/lib/python3.12/site-packages/airflow/example_dags/example_display_name.py
[2024-05-24T07:36:01.203+0000] {processor.py:840} INFO - DAG(s) 'example_display_name' retrieved from /home/airflow/.local/lib/python3.12/site-packages/airflow/example_dags/example_display_name.py
[2024-05-24T07:36:01.211+0000] {logging_mixin.py:188} INFO - [2024-05-24T07:36:01.211+0000] {dag.py:3096} INFO - Sync 1 DAGs
[2024-05-24T07:36:01.215+0000] {logging_mixin.py:188} INFO - [2024-05-24T07:36:01.215+0000] {dag.py:3954} INFO - Setting next_dagrun for example_display_name to None, run_after=None
[2024-05-24T07:36:01.222+0000] {processor.py:183} INFO - Processing /home/airflow/.local/lib/python3.12/site-packages/airflow/example_dags/example_display_name.py took 0.025 seconds
[2024-05-24T07:36:31.693+0000] {processor.py:161} INFO - Started process (PID=13912) to work on /home/airflow/.local/lib/python3.12/site-packages/airflow/example_dags/example_display_name.py
[2024-05-24T07:36:31.693+0000] {processor.py:830} INFO - Processing file /home/airflow/.local/lib/python3.12/site-packages/airflow/example_dags/example_display_name.py for tasks to queue
[2024-05-24T07:36:31.694+0000] {logging_mixin.py:188} INFO - [2024-05-24T07:36:31.694+0000] {dagbag.py:545} INFO - Filling up the DagBag from /home/airflow/.local/lib/python3.12/site-packages/airflow/example_dags/example_display_name.py
[2024-05-24T07:36:31.696+0000] {processor.py:840} INFO - DAG(s) 'example_display_name' retrieved from /home/airflow/.local/lib/python3.12/site-packages/airflow/example_dags/example_display_name.py
[2024-05-24T07:36:31.704+0000] {logging_mixin.py:188} INFO - [2024-05-24T07:36:31.704+0000] {dag.py:3096} INFO - Sync 1 DAGs
[2024-05-24T07:36:31.709+0000] {logging_mixin.py:188} INFO - [2024-05-24T07:36:31.708+0000] {dag.py:3954} INFO - Setting next_dagrun for example_display_name to None, run_after=None
[2024-05-24T07:36:31.716+0000] {processor.py:183} INFO - Processing /home/airflow/.local/lib/python3.12/site-packages/airflow/example_dags/example_display_name.py took 0.026 seconds
[2024-05-24T07:37:02.047+0000] {processor.py:161} INFO - Started process (PID=14174) to work on /home/airflow/.local/lib/python3.12/site-packages/airflow/example_dags/example_display_name.py
[2024-05-24T07:37:02.048+0000] {processor.py:830} INFO - Processing file /home/airflow/.local/lib/python3.12/site-packages/airflow/example_dags/example_display_name.py for tasks to queue
[2024-05-24T07:37:02.049+0000] {logging_mixin.py:188} INFO - [2024-05-24T07:37:02.049+0000] {dagbag.py:545} INFO - Filling up the DagBag from /home/airflow/.local/lib/python3.12/site-packages/airflow/example_dags/example_display_name.py
[2024-05-24T07:37:02.051+0000] {processor.py:840} INFO - DAG(s) 'example_display_name' retrieved from /home/airflow/.local/lib/python3.12/site-packages/airflow/example_dags/example_display_name.py
[2024-05-24T07:37:02.059+0000] {logging_mixin.py:188} INFO - [2024-05-24T07:37:02.059+0000] {dag.py:3096} INFO - Sync 1 DAGs
[2024-05-24T07:37:02.064+0000] {logging_mixin.py:188} INFO - [2024-05-24T07:37:02.064+0000] {dag.py:3954} INFO - Setting next_dagrun for example_display_name to None, run_after=None
[2024-05-24T07:37:02.070+0000] {processor.py:183} INFO - Processing /home/airflow/.local/lib/python3.12/site-packages/airflow/example_dags/example_display_name.py took 0.025 seconds
[2024-05-24T07:37:32.451+0000] {processor.py:161} INFO - Started process (PID=14436) to work on /home/airflow/.local/lib/python3.12/site-packages/airflow/example_dags/example_display_name.py
[2024-05-24T07:37:32.451+0000] {processor.py:830} INFO - Processing file /home/airflow/.local/lib/python3.12/site-packages/airflow/example_dags/example_display_name.py for tasks to queue
[2024-05-24T07:37:32.452+0000] {logging_mixin.py:188} INFO - [2024-05-24T07:37:32.451+0000] {dagbag.py:545} INFO - Filling up the DagBag from /home/airflow/.local/lib/python3.12/site-packages/airflow/example_dags/example_display_name.py
[2024-05-24T07:37:32.454+0000] {processor.py:840} INFO - DAG(s) 'example_display_name' retrieved from /home/airflow/.local/lib/python3.12/site-packages/airflow/example_dags/example_display_name.py
[2024-05-24T07:37:32.461+0000] {logging_mixin.py:188} INFO - [2024-05-24T07:37:32.461+0000] {dag.py:3096} INFO - Sync 1 DAGs
[2024-05-24T07:37:32.465+0000] {logging_mixin.py:188} INFO - [2024-05-24T07:37:32.465+0000] {dag.py:3954} INFO - Setting next_dagrun for example_display_name to None, run_after=None
[2024-05-24T07:37:32.472+0000] {processor.py:183} INFO - Processing /home/airflow/.local/lib/python3.12/site-packages/airflow/example_dags/example_display_name.py took 0.024 seconds
[2024-05-24T07:38:02.923+0000] {processor.py:161} INFO - Started process (PID=14700) to work on /home/airflow/.local/lib/python3.12/site-packages/airflow/example_dags/example_display_name.py
[2024-05-24T07:38:02.923+0000] {processor.py:830} INFO - Processing file /home/airflow/.local/lib/python3.12/site-packages/airflow/example_dags/example_display_name.py for tasks to queue
[2024-05-24T07:38:02.924+0000] {logging_mixin.py:188} INFO - [2024-05-24T07:38:02.924+0000] {dagbag.py:545} INFO - Filling up the DagBag from /home/airflow/.local/lib/python3.12/site-packages/airflow/example_dags/example_display_name.py
[2024-05-24T07:38:02.926+0000] {processor.py:840} INFO - DAG(s) 'example_display_name' retrieved from /home/airflow/.local/lib/python3.12/site-packages/airflow/example_dags/example_display_name.py
[2024-05-24T07:38:02.934+0000] {logging_mixin.py:188} INFO - [2024-05-24T07:38:02.933+0000] {dag.py:3096} INFO - Sync 1 DAGs
[2024-05-24T07:38:02.938+0000] {logging_mixin.py:188} INFO - [2024-05-24T07:38:02.938+0000] {dag.py:3954} INFO - Setting next_dagrun for example_display_name to None, run_after=None
[2024-05-24T07:38:02.944+0000] {processor.py:183} INFO - Processing /home/airflow/.local/lib/python3.12/site-packages/airflow/example_dags/example_display_name.py took 0.023 seconds
[2024-05-24T07:38:33.274+0000] {processor.py:161} INFO - Started process (PID=14960) to work on /home/airflow/.local/lib/python3.12/site-packages/airflow/example_dags/example_display_name.py
[2024-05-24T07:38:33.275+0000] {processor.py:830} INFO - Processing file /home/airflow/.local/lib/python3.12/site-packages/airflow/example_dags/example_display_name.py for tasks to queue
[2024-05-24T07:38:33.276+0000] {logging_mixin.py:188} INFO - [2024-05-24T07:38:33.275+0000] {dagbag.py:545} INFO - Filling up the DagBag from /home/airflow/.local/lib/python3.12/site-packages/airflow/example_dags/example_display_name.py
[2024-05-24T07:38:33.278+0000] {processor.py:840} INFO - DAG(s) 'example_display_name' retrieved from /home/airflow/.local/lib/python3.12/site-packages/airflow/example_dags/example_display_name.py
[2024-05-24T07:38:33.286+0000] {logging_mixin.py:188} INFO - [2024-05-24T07:38:33.286+0000] {dag.py:3096} INFO - Sync 1 DAGs
[2024-05-24T07:38:33.290+0000] {logging_mixin.py:188} INFO - [2024-05-24T07:38:33.290+0000] {dag.py:3954} INFO - Setting next_dagrun for example_display_name to None, run_after=None
[2024-05-24T07:38:33.297+0000] {processor.py:183} INFO - Processing /home/airflow/.local/lib/python3.12/site-packages/airflow/example_dags/example_display_name.py took 0.026 seconds
[2024-05-24T07:39:03.604+0000] {processor.py:161} INFO - Started process (PID=15222) to work on /home/airflow/.local/lib/python3.12/site-packages/airflow/example_dags/example_display_name.py
[2024-05-24T07:39:03.604+0000] {processor.py:830} INFO - Processing file /home/airflow/.local/lib/python3.12/site-packages/airflow/example_dags/example_display_name.py for tasks to queue
[2024-05-24T07:39:03.605+0000] {logging_mixin.py:188} INFO - [2024-05-24T07:39:03.605+0000] {dagbag.py:545} INFO - Filling up the DagBag from /home/airflow/.local/lib/python3.12/site-packages/airflow/example_dags/example_display_name.py
[2024-05-24T07:39:03.607+0000] {processor.py:840} INFO - DAG(s) 'example_display_name' retrieved from /home/airflow/.local/lib/python3.12/site-packages/airflow/example_dags/example_display_name.py
[2024-05-24T07:39:03.615+0000] {logging_mixin.py:188} INFO - [2024-05-24T07:39:03.615+0000] {dag.py:3096} INFO - Sync 1 DAGs
[2024-05-24T07:39:03.620+0000] {logging_mixin.py:188} INFO - [2024-05-24T07:39:03.620+0000] {dag.py:3954} INFO - Setting next_dagrun for example_display_name to None, run_after=None
[2024-05-24T07:39:03.627+0000] {processor.py:183} INFO - Processing /home/airflow/.local/lib/python3.12/site-packages/airflow/example_dags/example_display_name.py took 0.025 seconds
[2024-05-24T07:39:33.959+0000] {processor.py:161} INFO - Started process (PID=15483) to work on /home/airflow/.local/lib/python3.12/site-packages/airflow/example_dags/example_display_name.py
[2024-05-24T07:39:33.959+0000] {processor.py:830} INFO - Processing file /home/airflow/.local/lib/python3.12/site-packages/airflow/example_dags/example_display_name.py for tasks to queue
[2024-05-24T07:39:33.960+0000] {logging_mixin.py:188} INFO - [2024-05-24T07:39:33.960+0000] {dagbag.py:545} INFO - Filling up the DagBag from /home/airflow/.local/lib/python3.12/site-packages/airflow/example_dags/example_display_name.py
[2024-05-24T07:39:33.962+0000] {processor.py:840} INFO - DAG(s) 'example_display_name' retrieved from /home/airflow/.local/lib/python3.12/site-packages/airflow/example_dags/example_display_name.py
[2024-05-24T07:39:33.970+0000] {logging_mixin.py:188} INFO - [2024-05-24T07:39:33.969+0000] {dag.py:3096} INFO - Sync 1 DAGs
[2024-05-24T07:39:33.974+0000] {logging_mixin.py:188} INFO - [2024-05-24T07:39:33.974+0000] {dag.py:3954} INFO - Setting next_dagrun for example_display_name to None, run_after=None
[2024-05-24T07:39:33.981+0000] {processor.py:183} INFO - Processing /home/airflow/.local/lib/python3.12/site-packages/airflow/example_dags/example_display_name.py took 0.025 seconds
[2024-05-24T07:40:04.444+0000] {processor.py:161} INFO - Started process (PID=15745) to work on /home/airflow/.local/lib/python3.12/site-packages/airflow/example_dags/example_display_name.py
[2024-05-24T07:40:04.444+0000] {processor.py:830} INFO - Processing file /home/airflow/.local/lib/python3.12/site-packages/airflow/example_dags/example_display_name.py for tasks to queue
[2024-05-24T07:40:04.445+0000] {logging_mixin.py:188} INFO - [2024-05-24T07:40:04.445+0000] {dagbag.py:545} INFO - Filling up the DagBag from /home/airflow/.local/lib/python3.12/site-packages/airflow/example_dags/example_display_name.py
[2024-05-24T07:40:04.447+0000] {processor.py:840} INFO - DAG(s) 'example_display_name' retrieved from /home/airflow/.local/lib/python3.12/site-packages/airflow/example_dags/example_display_name.py
[2024-05-24T07:40:04.455+0000] {logging_mixin.py:188} INFO - [2024-05-24T07:40:04.455+0000] {dag.py:3096} INFO - Sync 1 DAGs
[2024-05-24T07:40:04.459+0000] {logging_mixin.py:188} INFO - [2024-05-24T07:40:04.459+0000] {dag.py:3954} INFO - Setting next_dagrun for example_display_name to None, run_after=None
[2024-05-24T07:40:04.466+0000] {processor.py:183} INFO - Processing /home/airflow/.local/lib/python3.12/site-packages/airflow/example_dags/example_display_name.py took 0.025 seconds
[2024-05-24T07:40:34.897+0000] {processor.py:161} INFO - Started process (PID=16007) to work on /home/airflow/.local/lib/python3.12/site-packages/airflow/example_dags/example_display_name.py
[2024-05-24T07:40:34.898+0000] {processor.py:830} INFO - Processing file /home/airflow/.local/lib/python3.12/site-packages/airflow/example_dags/example_display_name.py for tasks to queue
[2024-05-24T07:40:34.898+0000] {logging_mixin.py:188} INFO - [2024-05-24T07:40:34.898+0000] {dagbag.py:545} INFO - Filling up the DagBag from /home/airflow/.local/lib/python3.12/site-packages/airflow/example_dags/example_display_name.py
[2024-05-24T07:40:34.901+0000] {processor.py:840} INFO - DAG(s) 'example_display_name' retrieved from /home/airflow/.local/lib/python3.12/site-packages/airflow/example_dags/example_display_name.py
[2024-05-24T07:40:34.908+0000] {logging_mixin.py:188} INFO - [2024-05-24T07:40:34.908+0000] {dag.py:3096} INFO - Sync 1 DAGs
[2024-05-24T07:40:34.913+0000] {logging_mixin.py:188} INFO - [2024-05-24T07:40:34.913+0000] {dag.py:3954} INFO - Setting next_dagrun for example_display_name to None, run_after=None
[2024-05-24T07:40:34.920+0000] {processor.py:183} INFO - Processing /home/airflow/.local/lib/python3.12/site-packages/airflow/example_dags/example_display_name.py took 0.025 seconds
[2024-05-24T07:41:05.264+0000] {processor.py:161} INFO - Started process (PID=16269) to work on /home/airflow/.local/lib/python3.12/site-packages/airflow/example_dags/example_display_name.py
[2024-05-24T07:41:05.264+0000] {processor.py:830} INFO - Processing file /home/airflow/.local/lib/python3.12/site-packages/airflow/example_dags/example_display_name.py for tasks to queue
[2024-05-24T07:41:05.265+0000] {logging_mixin.py:188} INFO - [2024-05-24T07:41:05.265+0000] {dagbag.py:545} INFO - Filling up the DagBag from /home/airflow/.local/lib/python3.12/site-packages/airflow/example_dags/example_display_name.py
[2024-05-24T07:41:05.267+0000] {processor.py:840} INFO - DAG(s) 'example_display_name' retrieved from /home/airflow/.local/lib/python3.12/site-packages/airflow/example_dags/example_display_name.py
[2024-05-24T07:41:05.275+0000] {logging_mixin.py:188} INFO - [2024-05-24T07:41:05.275+0000] {dag.py:3096} INFO - Sync 1 DAGs
[2024-05-24T07:41:05.280+0000] {logging_mixin.py:188} INFO - [2024-05-24T07:41:05.279+0000] {dag.py:3954} INFO - Setting next_dagrun for example_display_name to None, run_after=None
[2024-05-24T07:41:05.286+0000] {processor.py:183} INFO - Processing /home/airflow/.local/lib/python3.12/site-packages/airflow/example_dags/example_display_name.py took 0.025 seconds
[2024-05-24T07:41:35.593+0000] {processor.py:161} INFO - Started process (PID=16531) to work on /home/airflow/.local/lib/python3.12/site-packages/airflow/example_dags/example_display_name.py
[2024-05-24T07:41:35.593+0000] {processor.py:830} INFO - Processing file /home/airflow/.local/lib/python3.12/site-packages/airflow/example_dags/example_display_name.py for tasks to queue
[2024-05-24T07:41:35.594+0000] {logging_mixin.py:188} INFO - [2024-05-24T07:41:35.594+0000] {dagbag.py:545} INFO - Filling up the DagBag from /home/airflow/.local/lib/python3.12/site-packages/airflow/example_dags/example_display_name.py
[2024-05-24T07:41:35.597+0000] {processor.py:840} INFO - DAG(s) 'example_display_name' retrieved from /home/airflow/.local/lib/python3.12/site-packages/airflow/example_dags/example_display_name.py
[2024-05-24T07:41:35.605+0000] {logging_mixin.py:188} INFO - [2024-05-24T07:41:35.605+0000] {dag.py:3096} INFO - Sync 1 DAGs
[2024-05-24T07:41:35.610+0000] {logging_mixin.py:188} INFO - [2024-05-24T07:41:35.609+0000] {dag.py:3954} INFO - Setting next_dagrun for example_display_name to None, run_after=None
[2024-05-24T07:41:35.616+0000] {processor.py:183} INFO - Processing /home/airflow/.local/lib/python3.12/site-packages/airflow/example_dags/example_display_name.py took 0.026 seconds
[2024-05-24T07:42:05.946+0000] {processor.py:161} INFO - Started process (PID=16795) to work on /home/airflow/.local/lib/python3.12/site-packages/airflow/example_dags/example_display_name.py
[2024-05-24T07:42:05.946+0000] {processor.py:830} INFO - Processing file /home/airflow/.local/lib/python3.12/site-packages/airflow/example_dags/example_display_name.py for tasks to queue
[2024-05-24T07:42:05.947+0000] {logging_mixin.py:188} INFO - [2024-05-24T07:42:05.947+0000] {dagbag.py:545} INFO - Filling up the DagBag from /home/airflow/.local/lib/python3.12/site-packages/airflow/example_dags/example_display_name.py
[2024-05-24T07:42:05.949+0000] {processor.py:840} INFO - DAG(s) 'example_display_name' retrieved from /home/airflow/.local/lib/python3.12/site-packages/airflow/example_dags/example_display_name.py
[2024-05-24T07:42:05.957+0000] {logging_mixin.py:188} INFO - [2024-05-24T07:42:05.957+0000] {dag.py:3096} INFO - Sync 1 DAGs
[2024-05-24T07:42:05.961+0000] {logging_mixin.py:188} INFO - [2024-05-24T07:42:05.961+0000] {dag.py:3954} INFO - Setting next_dagrun for example_display_name to None, run_after=None
[2024-05-24T07:42:05.967+0000] {processor.py:183} INFO - Processing /home/airflow/.local/lib/python3.12/site-packages/airflow/example_dags/example_display_name.py took 0.023 seconds
[2024-05-24T07:42:36.342+0000] {processor.py:161} INFO - Started process (PID=17055) to work on /home/airflow/.local/lib/python3.12/site-packages/airflow/example_dags/example_display_name.py
[2024-05-24T07:42:36.342+0000] {processor.py:830} INFO - Processing file /home/airflow/.local/lib/python3.12/site-packages/airflow/example_dags/example_display_name.py for tasks to queue
[2024-05-24T07:42:36.343+0000] {logging_mixin.py:188} INFO - [2024-05-24T07:42:36.343+0000] {dagbag.py:545} INFO - Filling up the DagBag from /home/airflow/.local/lib/python3.12/site-packages/airflow/example_dags/example_display_name.py
[2024-05-24T07:42:36.345+0000] {processor.py:840} INFO - DAG(s) 'example_display_name' retrieved from /home/airflow/.local/lib/python3.12/site-packages/airflow/example_dags/example_display_name.py
[2024-05-24T07:42:36.352+0000] {logging_mixin.py:188} INFO - [2024-05-24T07:42:36.352+0000] {dag.py:3096} INFO - Sync 1 DAGs
[2024-05-24T07:42:36.357+0000] {logging_mixin.py:188} INFO - [2024-05-24T07:42:36.357+0000] {dag.py:3954} INFO - Setting next_dagrun for example_display_name to None, run_after=None
[2024-05-24T07:42:36.363+0000] {processor.py:183} INFO - Processing /home/airflow/.local/lib/python3.12/site-packages/airflow/example_dags/example_display_name.py took 0.024 seconds
[2024-05-24T07:43:06.799+0000] {processor.py:161} INFO - Started process (PID=17317) to work on /home/airflow/.local/lib/python3.12/site-packages/airflow/example_dags/example_display_name.py
[2024-05-24T07:43:06.799+0000] {processor.py:830} INFO - Processing file /home/airflow/.local/lib/python3.12/site-packages/airflow/example_dags/example_display_name.py for tasks to queue
[2024-05-24T07:43:06.800+0000] {logging_mixin.py:188} INFO - [2024-05-24T07:43:06.800+0000] {dagbag.py:545} INFO - Filling up the DagBag from /home/airflow/.local/lib/python3.12/site-packages/airflow/example_dags/example_display_name.py
[2024-05-24T07:43:06.802+0000] {processor.py:840} INFO - DAG(s) 'example_display_name' retrieved from /home/airflow/.local/lib/python3.12/site-packages/airflow/example_dags/example_display_name.py
[2024-05-24T07:43:06.810+0000] {logging_mixin.py:188} INFO - [2024-05-24T07:43:06.810+0000] {dag.py:3096} INFO - Sync 1 DAGs
[2024-05-24T07:43:06.814+0000] {logging_mixin.py:188} INFO - [2024-05-24T07:43:06.814+0000] {dag.py:3954} INFO - Setting next_dagrun for example_display_name to None, run_after=None
[2024-05-24T07:43:06.822+0000] {processor.py:183} INFO - Processing /home/airflow/.local/lib/python3.12/site-packages/airflow/example_dags/example_display_name.py took 0.026 seconds
[2024-05-24T07:43:37.144+0000] {processor.py:161} INFO - Started process (PID=17579) to work on /home/airflow/.local/lib/python3.12/site-packages/airflow/example_dags/example_display_name.py
[2024-05-24T07:43:37.145+0000] {processor.py:830} INFO - Processing file /home/airflow/.local/lib/python3.12/site-packages/airflow/example_dags/example_display_name.py for tasks to queue
[2024-05-24T07:43:37.145+0000] {logging_mixin.py:188} INFO - [2024-05-24T07:43:37.145+0000] {dagbag.py:545} INFO - Filling up the DagBag from /home/airflow/.local/lib/python3.12/site-packages/airflow/example_dags/example_display_name.py
[2024-05-24T07:43:37.148+0000] {processor.py:840} INFO - DAG(s) 'example_display_name' retrieved from /home/airflow/.local/lib/python3.12/site-packages/airflow/example_dags/example_display_name.py
[2024-05-24T07:43:37.156+0000] {logging_mixin.py:188} INFO - [2024-05-24T07:43:37.156+0000] {dag.py:3096} INFO - Sync 1 DAGs
[2024-05-24T07:43:37.160+0000] {logging_mixin.py:188} INFO - [2024-05-24T07:43:37.160+0000] {dag.py:3954} INFO - Setting next_dagrun for example_display_name to None, run_after=None
[2024-05-24T07:43:37.168+0000] {processor.py:183} INFO - Processing /home/airflow/.local/lib/python3.12/site-packages/airflow/example_dags/example_display_name.py took 0.026 seconds
[2024-05-24T07:44:07.495+0000] {processor.py:161} INFO - Started process (PID=17843) to work on /home/airflow/.local/lib/python3.12/site-packages/airflow/example_dags/example_display_name.py
[2024-05-24T07:44:07.496+0000] {processor.py:830} INFO - Processing file /home/airflow/.local/lib/python3.12/site-packages/airflow/example_dags/example_display_name.py for tasks to queue
[2024-05-24T07:44:07.496+0000] {logging_mixin.py:188} INFO - [2024-05-24T07:44:07.496+0000] {dagbag.py:545} INFO - Filling up the DagBag from /home/airflow/.local/lib/python3.12/site-packages/airflow/example_dags/example_display_name.py
[2024-05-24T07:44:07.499+0000] {processor.py:840} INFO - DAG(s) 'example_display_name' retrieved from /home/airflow/.local/lib/python3.12/site-packages/airflow/example_dags/example_display_name.py
[2024-05-24T07:44:07.506+0000] {logging_mixin.py:188} INFO - [2024-05-24T07:44:07.506+0000] {dag.py:3096} INFO - Sync 1 DAGs
[2024-05-24T07:44:07.512+0000] {logging_mixin.py:188} INFO - [2024-05-24T07:44:07.511+0000] {dag.py:3954} INFO - Setting next_dagrun for example_display_name to None, run_after=None
[2024-05-24T07:44:07.518+0000] {processor.py:183} INFO - Processing /home/airflow/.local/lib/python3.12/site-packages/airflow/example_dags/example_display_name.py took 0.025 seconds
[2024-05-24T07:44:37.821+0000] {processor.py:161} INFO - Started process (PID=18103) to work on /home/airflow/.local/lib/python3.12/site-packages/airflow/example_dags/example_display_name.py
[2024-05-24T07:44:37.822+0000] {processor.py:830} INFO - Processing file /home/airflow/.local/lib/python3.12/site-packages/airflow/example_dags/example_display_name.py for tasks to queue
[2024-05-24T07:44:37.822+0000] {logging_mixin.py:188} INFO - [2024-05-24T07:44:37.822+0000] {dagbag.py:545} INFO - Filling up the DagBag from /home/airflow/.local/lib/python3.12/site-packages/airflow/example_dags/example_display_name.py
[2024-05-24T07:44:37.824+0000] {processor.py:840} INFO - DAG(s) 'example_display_name' retrieved from /home/airflow/.local/lib/python3.12/site-packages/airflow/example_dags/example_display_name.py
[2024-05-24T07:44:37.832+0000] {logging_mixin.py:188} INFO - [2024-05-24T07:44:37.832+0000] {dag.py:3096} INFO - Sync 1 DAGs
[2024-05-24T07:44:37.837+0000] {logging_mixin.py:188} INFO - [2024-05-24T07:44:37.837+0000] {dag.py:3954} INFO - Setting next_dagrun for example_display_name to None, run_after=None
[2024-05-24T07:44:37.843+0000] {processor.py:183} INFO - Processing /home/airflow/.local/lib/python3.12/site-packages/airflow/example_dags/example_display_name.py took 0.025 seconds
