[2024-05-24T05:45:20.194+0000] {processor.py:161} INFO - Started process (PID=221) to work on /home/airflow/.local/lib/python3.12/site-packages/airflow/example_dags/example_setup_teardown.py
[2024-05-24T05:45:20.194+0000] {processor.py:830} INFO - Processing file /home/airflow/.local/lib/python3.12/site-packages/airflow/example_dags/example_setup_teardown.py for tasks to queue
[2024-05-24T05:45:20.195+0000] {logging_mixin.py:188} INFO - [2024-05-24T05:45:20.195+0000] {dagbag.py:545} INFO - Filling up the DagBag from /home/airflow/.local/lib/python3.12/site-packages/airflow/example_dags/example_setup_teardown.py
[2024-05-24T05:45:20.198+0000] {processor.py:840} INFO - DAG(s) 'example_setup_teardown' retrieved from /home/airflow/.local/lib/python3.12/site-packages/airflow/example_dags/example_setup_teardown.py
[2024-05-24T05:45:20.203+0000] {logging_mixin.py:188} INFO - [2024-05-24T05:45:20.203+0000] {dag.py:3096} INFO - Sync 1 DAGs
[2024-05-24T05:45:20.212+0000] {logging_mixin.py:188} INFO - [2024-05-24T05:45:20.212+0000] {dag.py:3954} INFO - Setting next_dagrun for example_setup_teardown to 2024-05-23 00:00:00+00:00, run_after=2024-05-24 00:00:00+00:00
[2024-05-24T05:45:20.219+0000] {processor.py:183} INFO - Processing /home/airflow/.local/lib/python3.12/site-packages/airflow/example_dags/example_setup_teardown.py took 0.028 seconds
[2024-05-24T05:45:50.421+0000] {processor.py:161} INFO - Started process (PID=483) to work on /home/airflow/.local/lib/python3.12/site-packages/airflow/example_dags/example_setup_teardown.py
[2024-05-24T05:45:50.422+0000] {processor.py:830} INFO - Processing file /home/airflow/.local/lib/python3.12/site-packages/airflow/example_dags/example_setup_teardown.py for tasks to queue
[2024-05-24T05:45:50.423+0000] {logging_mixin.py:188} INFO - [2024-05-24T05:45:50.423+0000] {dagbag.py:545} INFO - Filling up the DagBag from /home/airflow/.local/lib/python3.12/site-packages/airflow/example_dags/example_setup_teardown.py
[2024-05-24T05:45:50.425+0000] {processor.py:840} INFO - DAG(s) 'example_setup_teardown' retrieved from /home/airflow/.local/lib/python3.12/site-packages/airflow/example_dags/example_setup_teardown.py
[2024-05-24T05:45:50.460+0000] {logging_mixin.py:188} INFO - [2024-05-24T05:45:50.460+0000] {dag.py:3096} INFO - Sync 1 DAGs
[2024-05-24T05:45:50.467+0000] {logging_mixin.py:188} INFO - [2024-05-24T05:45:50.467+0000] {dag.py:3954} INFO - Setting next_dagrun for example_setup_teardown to 2024-05-23 00:00:00+00:00, run_after=2024-05-24 00:00:00+00:00
[2024-05-24T05:45:50.474+0000] {processor.py:183} INFO - Processing /home/airflow/.local/lib/python3.12/site-packages/airflow/example_dags/example_setup_teardown.py took 0.055 seconds
[2024-05-24T05:46:21.450+0000] {processor.py:161} INFO - Started process (PID=745) to work on /home/airflow/.local/lib/python3.12/site-packages/airflow/example_dags/example_setup_teardown.py
[2024-05-24T05:46:21.451+0000] {processor.py:830} INFO - Processing file /home/airflow/.local/lib/python3.12/site-packages/airflow/example_dags/example_setup_teardown.py for tasks to queue
[2024-05-24T05:46:21.451+0000] {logging_mixin.py:188} INFO - [2024-05-24T05:46:21.451+0000] {dagbag.py:545} INFO - Filling up the DagBag from /home/airflow/.local/lib/python3.12/site-packages/airflow/example_dags/example_setup_teardown.py
[2024-05-24T05:46:21.454+0000] {processor.py:840} INFO - DAG(s) 'example_setup_teardown' retrieved from /home/airflow/.local/lib/python3.12/site-packages/airflow/example_dags/example_setup_teardown.py
[2024-05-24T05:46:21.462+0000] {logging_mixin.py:188} INFO - [2024-05-24T05:46:21.462+0000] {dag.py:3096} INFO - Sync 1 DAGs
[2024-05-24T05:46:21.470+0000] {logging_mixin.py:188} INFO - [2024-05-24T05:46:21.470+0000] {dag.py:3954} INFO - Setting next_dagrun for example_setup_teardown to 2024-05-23 00:00:00+00:00, run_after=2024-05-24 00:00:00+00:00
[2024-05-24T05:46:21.477+0000] {processor.py:183} INFO - Processing /home/airflow/.local/lib/python3.12/site-packages/airflow/example_dags/example_setup_teardown.py took 0.029 seconds
[2024-05-24T05:46:51.790+0000] {processor.py:161} INFO - Started process (PID=1009) to work on /home/airflow/.local/lib/python3.12/site-packages/airflow/example_dags/example_setup_teardown.py
[2024-05-24T05:46:51.790+0000] {processor.py:830} INFO - Processing file /home/airflow/.local/lib/python3.12/site-packages/airflow/example_dags/example_setup_teardown.py for tasks to queue
[2024-05-24T05:46:51.791+0000] {logging_mixin.py:188} INFO - [2024-05-24T05:46:51.791+0000] {dagbag.py:545} INFO - Filling up the DagBag from /home/airflow/.local/lib/python3.12/site-packages/airflow/example_dags/example_setup_teardown.py
[2024-05-24T05:46:51.793+0000] {processor.py:840} INFO - DAG(s) 'example_setup_teardown' retrieved from /home/airflow/.local/lib/python3.12/site-packages/airflow/example_dags/example_setup_teardown.py
[2024-05-24T05:46:51.802+0000] {logging_mixin.py:188} INFO - [2024-05-24T05:46:51.802+0000] {dag.py:3096} INFO - Sync 1 DAGs
[2024-05-24T05:46:51.809+0000] {logging_mixin.py:188} INFO - [2024-05-24T05:46:51.809+0000] {dag.py:3954} INFO - Setting next_dagrun for example_setup_teardown to 2024-05-23 00:00:00+00:00, run_after=2024-05-24 00:00:00+00:00
[2024-05-24T05:46:51.816+0000] {processor.py:183} INFO - Processing /home/airflow/.local/lib/python3.12/site-packages/airflow/example_dags/example_setup_teardown.py took 0.028 seconds
[2024-05-24T05:47:22.103+0000] {processor.py:161} INFO - Started process (PID=1271) to work on /home/airflow/.local/lib/python3.12/site-packages/airflow/example_dags/example_setup_teardown.py
[2024-05-24T05:47:22.103+0000] {processor.py:830} INFO - Processing file /home/airflow/.local/lib/python3.12/site-packages/airflow/example_dags/example_setup_teardown.py for tasks to queue
[2024-05-24T05:47:22.104+0000] {logging_mixin.py:188} INFO - [2024-05-24T05:47:22.104+0000] {dagbag.py:545} INFO - Filling up the DagBag from /home/airflow/.local/lib/python3.12/site-packages/airflow/example_dags/example_setup_teardown.py
[2024-05-24T05:47:22.107+0000] {processor.py:840} INFO - DAG(s) 'example_setup_teardown' retrieved from /home/airflow/.local/lib/python3.12/site-packages/airflow/example_dags/example_setup_teardown.py
[2024-05-24T05:47:22.115+0000] {logging_mixin.py:188} INFO - [2024-05-24T05:47:22.115+0000] {dag.py:3096} INFO - Sync 1 DAGs
[2024-05-24T05:47:22.123+0000] {logging_mixin.py:188} INFO - [2024-05-24T05:47:22.123+0000] {dag.py:3954} INFO - Setting next_dagrun for example_setup_teardown to 2024-05-23 00:00:00+00:00, run_after=2024-05-24 00:00:00+00:00
[2024-05-24T05:47:22.130+0000] {processor.py:183} INFO - Processing /home/airflow/.local/lib/python3.12/site-packages/airflow/example_dags/example_setup_teardown.py took 0.031 seconds
[2024-05-24T05:47:52.431+0000] {processor.py:161} INFO - Started process (PID=1533) to work on /home/airflow/.local/lib/python3.12/site-packages/airflow/example_dags/example_setup_teardown.py
[2024-05-24T05:47:52.431+0000] {processor.py:830} INFO - Processing file /home/airflow/.local/lib/python3.12/site-packages/airflow/example_dags/example_setup_teardown.py for tasks to queue
[2024-05-24T05:47:52.432+0000] {logging_mixin.py:188} INFO - [2024-05-24T05:47:52.432+0000] {dagbag.py:545} INFO - Filling up the DagBag from /home/airflow/.local/lib/python3.12/site-packages/airflow/example_dags/example_setup_teardown.py
[2024-05-24T05:47:52.434+0000] {processor.py:840} INFO - DAG(s) 'example_setup_teardown' retrieved from /home/airflow/.local/lib/python3.12/site-packages/airflow/example_dags/example_setup_teardown.py
[2024-05-24T05:47:52.442+0000] {logging_mixin.py:188} INFO - [2024-05-24T05:47:52.442+0000] {dag.py:3096} INFO - Sync 1 DAGs
[2024-05-24T05:47:52.449+0000] {logging_mixin.py:188} INFO - [2024-05-24T05:47:52.449+0000] {dag.py:3954} INFO - Setting next_dagrun for example_setup_teardown to 2024-05-23 00:00:00+00:00, run_after=2024-05-24 00:00:00+00:00
[2024-05-24T05:47:52.456+0000] {processor.py:183} INFO - Processing /home/airflow/.local/lib/python3.12/site-packages/airflow/example_dags/example_setup_teardown.py took 0.027 seconds
[2024-05-24T05:48:22.791+0000] {processor.py:161} INFO - Started process (PID=1793) to work on /home/airflow/.local/lib/python3.12/site-packages/airflow/example_dags/example_setup_teardown.py
[2024-05-24T05:48:22.791+0000] {processor.py:830} INFO - Processing file /home/airflow/.local/lib/python3.12/site-packages/airflow/example_dags/example_setup_teardown.py for tasks to queue
[2024-05-24T05:48:22.792+0000] {logging_mixin.py:188} INFO - [2024-05-24T05:48:22.792+0000] {dagbag.py:545} INFO - Filling up the DagBag from /home/airflow/.local/lib/python3.12/site-packages/airflow/example_dags/example_setup_teardown.py
[2024-05-24T05:48:22.794+0000] {processor.py:840} INFO - DAG(s) 'example_setup_teardown' retrieved from /home/airflow/.local/lib/python3.12/site-packages/airflow/example_dags/example_setup_teardown.py
[2024-05-24T05:48:22.802+0000] {logging_mixin.py:188} INFO - [2024-05-24T05:48:22.802+0000] {dag.py:3096} INFO - Sync 1 DAGs
[2024-05-24T05:48:22.811+0000] {logging_mixin.py:188} INFO - [2024-05-24T05:48:22.810+0000] {dag.py:3954} INFO - Setting next_dagrun for example_setup_teardown to 2024-05-23 00:00:00+00:00, run_after=2024-05-24 00:00:00+00:00
[2024-05-24T05:48:22.817+0000] {processor.py:183} INFO - Processing /home/airflow/.local/lib/python3.12/site-packages/airflow/example_dags/example_setup_teardown.py took 0.029 seconds
[2024-05-24T05:48:53.098+0000] {processor.py:161} INFO - Started process (PID=2055) to work on /home/airflow/.local/lib/python3.12/site-packages/airflow/example_dags/example_setup_teardown.py
[2024-05-24T05:48:53.098+0000] {processor.py:830} INFO - Processing file /home/airflow/.local/lib/python3.12/site-packages/airflow/example_dags/example_setup_teardown.py for tasks to queue
[2024-05-24T05:48:53.099+0000] {logging_mixin.py:188} INFO - [2024-05-24T05:48:53.099+0000] {dagbag.py:545} INFO - Filling up the DagBag from /home/airflow/.local/lib/python3.12/site-packages/airflow/example_dags/example_setup_teardown.py
[2024-05-24T05:48:53.102+0000] {processor.py:840} INFO - DAG(s) 'example_setup_teardown' retrieved from /home/airflow/.local/lib/python3.12/site-packages/airflow/example_dags/example_setup_teardown.py
[2024-05-24T05:48:53.110+0000] {logging_mixin.py:188} INFO - [2024-05-24T05:48:53.110+0000] {dag.py:3096} INFO - Sync 1 DAGs
[2024-05-24T05:48:53.119+0000] {logging_mixin.py:188} INFO - [2024-05-24T05:48:53.119+0000] {dag.py:3954} INFO - Setting next_dagrun for example_setup_teardown to 2024-05-23 00:00:00+00:00, run_after=2024-05-24 00:00:00+00:00
[2024-05-24T05:48:53.126+0000] {processor.py:183} INFO - Processing /home/airflow/.local/lib/python3.12/site-packages/airflow/example_dags/example_setup_teardown.py took 0.031 seconds
[2024-05-24T05:49:23.463+0000] {processor.py:161} INFO - Started process (PID=2319) to work on /home/airflow/.local/lib/python3.12/site-packages/airflow/example_dags/example_setup_teardown.py
[2024-05-24T05:49:23.464+0000] {processor.py:830} INFO - Processing file /home/airflow/.local/lib/python3.12/site-packages/airflow/example_dags/example_setup_teardown.py for tasks to queue
[2024-05-24T05:49:23.465+0000] {logging_mixin.py:188} INFO - [2024-05-24T05:49:23.465+0000] {dagbag.py:545} INFO - Filling up the DagBag from /home/airflow/.local/lib/python3.12/site-packages/airflow/example_dags/example_setup_teardown.py
[2024-05-24T05:49:23.469+0000] {processor.py:840} INFO - DAG(s) 'example_setup_teardown' retrieved from /home/airflow/.local/lib/python3.12/site-packages/airflow/example_dags/example_setup_teardown.py
[2024-05-24T05:49:23.477+0000] {logging_mixin.py:188} INFO - [2024-05-24T05:49:23.477+0000] {dag.py:3096} INFO - Sync 1 DAGs
[2024-05-24T05:49:23.484+0000] {logging_mixin.py:188} INFO - [2024-05-24T05:49:23.484+0000] {dag.py:3954} INFO - Setting next_dagrun for example_setup_teardown to 2024-05-23 00:00:00+00:00, run_after=2024-05-24 00:00:00+00:00
[2024-05-24T05:49:23.491+0000] {processor.py:183} INFO - Processing /home/airflow/.local/lib/python3.12/site-packages/airflow/example_dags/example_setup_teardown.py took 0.030 seconds
[2024-05-24T05:49:53.691+0000] {processor.py:161} INFO - Started process (PID=2579) to work on /home/airflow/.local/lib/python3.12/site-packages/airflow/example_dags/example_setup_teardown.py
[2024-05-24T05:49:53.692+0000] {processor.py:830} INFO - Processing file /home/airflow/.local/lib/python3.12/site-packages/airflow/example_dags/example_setup_teardown.py for tasks to queue
[2024-05-24T05:49:53.692+0000] {logging_mixin.py:188} INFO - [2024-05-24T05:49:53.692+0000] {dagbag.py:545} INFO - Filling up the DagBag from /home/airflow/.local/lib/python3.12/site-packages/airflow/example_dags/example_setup_teardown.py
[2024-05-24T05:49:53.695+0000] {processor.py:840} INFO - DAG(s) 'example_setup_teardown' retrieved from /home/airflow/.local/lib/python3.12/site-packages/airflow/example_dags/example_setup_teardown.py
[2024-05-24T05:49:53.703+0000] {logging_mixin.py:188} INFO - [2024-05-24T05:49:53.702+0000] {dag.py:3096} INFO - Sync 1 DAGs
[2024-05-24T05:49:53.710+0000] {logging_mixin.py:188} INFO - [2024-05-24T05:49:53.710+0000] {dag.py:3954} INFO - Setting next_dagrun for example_setup_teardown to 2024-05-23 00:00:00+00:00, run_after=2024-05-24 00:00:00+00:00
[2024-05-24T05:49:53.717+0000] {processor.py:183} INFO - Processing /home/airflow/.local/lib/python3.12/site-packages/airflow/example_dags/example_setup_teardown.py took 0.027 seconds
[2024-05-24T05:50:24.109+0000] {processor.py:161} INFO - Started process (PID=2841) to work on /home/airflow/.local/lib/python3.12/site-packages/airflow/example_dags/example_setup_teardown.py
[2024-05-24T05:50:24.110+0000] {processor.py:830} INFO - Processing file /home/airflow/.local/lib/python3.12/site-packages/airflow/example_dags/example_setup_teardown.py for tasks to queue
[2024-05-24T05:50:24.111+0000] {logging_mixin.py:188} INFO - [2024-05-24T05:50:24.111+0000] {dagbag.py:545} INFO - Filling up the DagBag from /home/airflow/.local/lib/python3.12/site-packages/airflow/example_dags/example_setup_teardown.py
[2024-05-24T05:50:24.114+0000] {processor.py:840} INFO - DAG(s) 'example_setup_teardown' retrieved from /home/airflow/.local/lib/python3.12/site-packages/airflow/example_dags/example_setup_teardown.py
[2024-05-24T05:50:24.124+0000] {logging_mixin.py:188} INFO - [2024-05-24T05:50:24.124+0000] {dag.py:3096} INFO - Sync 1 DAGs
[2024-05-24T05:50:24.133+0000] {logging_mixin.py:188} INFO - [2024-05-24T05:50:24.133+0000] {dag.py:3954} INFO - Setting next_dagrun for example_setup_teardown to 2024-05-23 00:00:00+00:00, run_after=2024-05-24 00:00:00+00:00
[2024-05-24T05:50:24.141+0000] {processor.py:183} INFO - Processing /home/airflow/.local/lib/python3.12/site-packages/airflow/example_dags/example_setup_teardown.py took 0.034 seconds
[2024-05-24T05:50:54.461+0000] {processor.py:161} INFO - Started process (PID=3103) to work on /home/airflow/.local/lib/python3.12/site-packages/airflow/example_dags/example_setup_teardown.py
[2024-05-24T05:50:54.461+0000] {processor.py:830} INFO - Processing file /home/airflow/.local/lib/python3.12/site-packages/airflow/example_dags/example_setup_teardown.py for tasks to queue
[2024-05-24T05:50:54.462+0000] {logging_mixin.py:188} INFO - [2024-05-24T05:50:54.462+0000] {dagbag.py:545} INFO - Filling up the DagBag from /home/airflow/.local/lib/python3.12/site-packages/airflow/example_dags/example_setup_teardown.py
[2024-05-24T05:50:54.465+0000] {processor.py:840} INFO - DAG(s) 'example_setup_teardown' retrieved from /home/airflow/.local/lib/python3.12/site-packages/airflow/example_dags/example_setup_teardown.py
[2024-05-24T05:50:54.471+0000] {logging_mixin.py:188} INFO - [2024-05-24T05:50:54.471+0000] {dag.py:3096} INFO - Sync 1 DAGs
[2024-05-24T05:50:54.479+0000] {logging_mixin.py:188} INFO - [2024-05-24T05:50:54.478+0000] {dag.py:3954} INFO - Setting next_dagrun for example_setup_teardown to 2024-05-23 00:00:00+00:00, run_after=2024-05-24 00:00:00+00:00
[2024-05-24T05:50:54.485+0000] {processor.py:183} INFO - Processing /home/airflow/.local/lib/python3.12/site-packages/airflow/example_dags/example_setup_teardown.py took 0.026 seconds
[2024-05-24T05:51:24.785+0000] {processor.py:161} INFO - Started process (PID=3365) to work on /home/airflow/.local/lib/python3.12/site-packages/airflow/example_dags/example_setup_teardown.py
[2024-05-24T05:51:24.786+0000] {processor.py:830} INFO - Processing file /home/airflow/.local/lib/python3.12/site-packages/airflow/example_dags/example_setup_teardown.py for tasks to queue
[2024-05-24T05:51:24.787+0000] {logging_mixin.py:188} INFO - [2024-05-24T05:51:24.786+0000] {dagbag.py:545} INFO - Filling up the DagBag from /home/airflow/.local/lib/python3.12/site-packages/airflow/example_dags/example_setup_teardown.py
[2024-05-24T05:51:24.790+0000] {processor.py:840} INFO - DAG(s) 'example_setup_teardown' retrieved from /home/airflow/.local/lib/python3.12/site-packages/airflow/example_dags/example_setup_teardown.py
[2024-05-24T05:51:24.797+0000] {logging_mixin.py:188} INFO - [2024-05-24T05:51:24.797+0000] {dag.py:3096} INFO - Sync 1 DAGs
[2024-05-24T05:51:24.804+0000] {logging_mixin.py:188} INFO - [2024-05-24T05:51:24.804+0000] {dag.py:3954} INFO - Setting next_dagrun for example_setup_teardown to 2024-05-23 00:00:00+00:00, run_after=2024-05-24 00:00:00+00:00
[2024-05-24T05:51:24.810+0000] {processor.py:183} INFO - Processing /home/airflow/.local/lib/python3.12/site-packages/airflow/example_dags/example_setup_teardown.py took 0.027 seconds
[2024-05-24T05:51:55.117+0000] {processor.py:161} INFO - Started process (PID=3629) to work on /home/airflow/.local/lib/python3.12/site-packages/airflow/example_dags/example_setup_teardown.py
[2024-05-24T05:51:55.118+0000] {processor.py:830} INFO - Processing file /home/airflow/.local/lib/python3.12/site-packages/airflow/example_dags/example_setup_teardown.py for tasks to queue
[2024-05-24T05:51:55.118+0000] {logging_mixin.py:188} INFO - [2024-05-24T05:51:55.118+0000] {dagbag.py:545} INFO - Filling up the DagBag from /home/airflow/.local/lib/python3.12/site-packages/airflow/example_dags/example_setup_teardown.py
[2024-05-24T05:51:55.121+0000] {processor.py:840} INFO - DAG(s) 'example_setup_teardown' retrieved from /home/airflow/.local/lib/python3.12/site-packages/airflow/example_dags/example_setup_teardown.py
[2024-05-24T05:51:55.129+0000] {logging_mixin.py:188} INFO - [2024-05-24T05:51:55.129+0000] {dag.py:3096} INFO - Sync 1 DAGs
[2024-05-24T05:51:55.137+0000] {logging_mixin.py:188} INFO - [2024-05-24T05:51:55.137+0000] {dag.py:3954} INFO - Setting next_dagrun for example_setup_teardown to 2024-05-23 00:00:00+00:00, run_after=2024-05-24 00:00:00+00:00
[2024-05-24T05:51:55.143+0000] {processor.py:183} INFO - Processing /home/airflow/.local/lib/python3.12/site-packages/airflow/example_dags/example_setup_teardown.py took 0.029 seconds
[2024-05-24T05:52:25.425+0000] {processor.py:161} INFO - Started process (PID=3891) to work on /home/airflow/.local/lib/python3.12/site-packages/airflow/example_dags/example_setup_teardown.py
[2024-05-24T05:52:25.425+0000] {processor.py:830} INFO - Processing file /home/airflow/.local/lib/python3.12/site-packages/airflow/example_dags/example_setup_teardown.py for tasks to queue
[2024-05-24T05:52:25.426+0000] {logging_mixin.py:188} INFO - [2024-05-24T05:52:25.426+0000] {dagbag.py:545} INFO - Filling up the DagBag from /home/airflow/.local/lib/python3.12/site-packages/airflow/example_dags/example_setup_teardown.py
[2024-05-24T05:52:25.428+0000] {processor.py:840} INFO - DAG(s) 'example_setup_teardown' retrieved from /home/airflow/.local/lib/python3.12/site-packages/airflow/example_dags/example_setup_teardown.py
[2024-05-24T05:52:25.437+0000] {logging_mixin.py:188} INFO - [2024-05-24T05:52:25.436+0000] {dag.py:3096} INFO - Sync 1 DAGs
[2024-05-24T05:52:25.444+0000] {logging_mixin.py:188} INFO - [2024-05-24T05:52:25.444+0000] {dag.py:3954} INFO - Setting next_dagrun for example_setup_teardown to 2024-05-23 00:00:00+00:00, run_after=2024-05-24 00:00:00+00:00
[2024-05-24T05:52:25.450+0000] {processor.py:183} INFO - Processing /home/airflow/.local/lib/python3.12/site-packages/airflow/example_dags/example_setup_teardown.py took 0.028 seconds
[2024-05-24T05:52:55.672+0000] {processor.py:161} INFO - Started process (PID=4153) to work on /home/airflow/.local/lib/python3.12/site-packages/airflow/example_dags/example_setup_teardown.py
[2024-05-24T05:52:55.672+0000] {processor.py:830} INFO - Processing file /home/airflow/.local/lib/python3.12/site-packages/airflow/example_dags/example_setup_teardown.py for tasks to queue
[2024-05-24T05:52:55.673+0000] {logging_mixin.py:188} INFO - [2024-05-24T05:52:55.673+0000] {dagbag.py:545} INFO - Filling up the DagBag from /home/airflow/.local/lib/python3.12/site-packages/airflow/example_dags/example_setup_teardown.py
[2024-05-24T05:52:55.676+0000] {processor.py:840} INFO - DAG(s) 'example_setup_teardown' retrieved from /home/airflow/.local/lib/python3.12/site-packages/airflow/example_dags/example_setup_teardown.py
[2024-05-24T05:52:55.684+0000] {logging_mixin.py:188} INFO - [2024-05-24T05:52:55.684+0000] {dag.py:3096} INFO - Sync 1 DAGs
[2024-05-24T05:52:55.691+0000] {logging_mixin.py:188} INFO - [2024-05-24T05:52:55.691+0000] {dag.py:3954} INFO - Setting next_dagrun for example_setup_teardown to 2024-05-23 00:00:00+00:00, run_after=2024-05-24 00:00:00+00:00
[2024-05-24T05:52:55.698+0000] {processor.py:183} INFO - Processing /home/airflow/.local/lib/python3.12/site-packages/airflow/example_dags/example_setup_teardown.py took 0.028 seconds
[2024-05-24T05:53:26.041+0000] {processor.py:161} INFO - Started process (PID=4413) to work on /home/airflow/.local/lib/python3.12/site-packages/airflow/example_dags/example_setup_teardown.py
[2024-05-24T05:53:26.042+0000] {processor.py:830} INFO - Processing file /home/airflow/.local/lib/python3.12/site-packages/airflow/example_dags/example_setup_teardown.py for tasks to queue
[2024-05-24T05:53:26.043+0000] {logging_mixin.py:188} INFO - [2024-05-24T05:53:26.043+0000] {dagbag.py:545} INFO - Filling up the DagBag from /home/airflow/.local/lib/python3.12/site-packages/airflow/example_dags/example_setup_teardown.py
[2024-05-24T05:53:26.047+0000] {processor.py:840} INFO - DAG(s) 'example_setup_teardown' retrieved from /home/airflow/.local/lib/python3.12/site-packages/airflow/example_dags/example_setup_teardown.py
[2024-05-24T05:53:26.058+0000] {logging_mixin.py:188} INFO - [2024-05-24T05:53:26.058+0000] {dag.py:3096} INFO - Sync 1 DAGs
[2024-05-24T05:53:26.069+0000] {logging_mixin.py:188} INFO - [2024-05-24T05:53:26.069+0000] {dag.py:3954} INFO - Setting next_dagrun for example_setup_teardown to 2024-05-23 00:00:00+00:00, run_after=2024-05-24 00:00:00+00:00
[2024-05-24T05:53:26.077+0000] {processor.py:183} INFO - Processing /home/airflow/.local/lib/python3.12/site-packages/airflow/example_dags/example_setup_teardown.py took 0.039 seconds
[2024-05-24T05:53:56.516+0000] {processor.py:161} INFO - Started process (PID=4700) to work on /home/airflow/.local/lib/python3.12/site-packages/airflow/example_dags/example_setup_teardown.py
[2024-05-24T05:53:56.517+0000] {processor.py:830} INFO - Processing file /home/airflow/.local/lib/python3.12/site-packages/airflow/example_dags/example_setup_teardown.py for tasks to queue
[2024-05-24T05:53:56.518+0000] {logging_mixin.py:188} INFO - [2024-05-24T05:53:56.518+0000] {dagbag.py:545} INFO - Filling up the DagBag from /home/airflow/.local/lib/python3.12/site-packages/airflow/example_dags/example_setup_teardown.py
[2024-05-24T05:53:56.521+0000] {processor.py:840} INFO - DAG(s) 'example_setup_teardown' retrieved from /home/airflow/.local/lib/python3.12/site-packages/airflow/example_dags/example_setup_teardown.py
[2024-05-24T05:53:56.532+0000] {logging_mixin.py:188} INFO - [2024-05-24T05:53:56.532+0000] {dag.py:3096} INFO - Sync 1 DAGs
[2024-05-24T05:53:56.542+0000] {logging_mixin.py:188} INFO - [2024-05-24T05:53:56.542+0000] {dag.py:3954} INFO - Setting next_dagrun for example_setup_teardown to 2024-05-23 00:00:00+00:00, run_after=2024-05-24 00:00:00+00:00
[2024-05-24T05:53:56.551+0000] {processor.py:183} INFO - Processing /home/airflow/.local/lib/python3.12/site-packages/airflow/example_dags/example_setup_teardown.py took 0.037 seconds
[2024-05-24T05:54:26.840+0000] {processor.py:161} INFO - Started process (PID=4962) to work on /home/airflow/.local/lib/python3.12/site-packages/airflow/example_dags/example_setup_teardown.py
[2024-05-24T05:54:26.841+0000] {processor.py:830} INFO - Processing file /home/airflow/.local/lib/python3.12/site-packages/airflow/example_dags/example_setup_teardown.py for tasks to queue
[2024-05-24T05:54:26.842+0000] {logging_mixin.py:188} INFO - [2024-05-24T05:54:26.842+0000] {dagbag.py:545} INFO - Filling up the DagBag from /home/airflow/.local/lib/python3.12/site-packages/airflow/example_dags/example_setup_teardown.py
[2024-05-24T05:54:26.845+0000] {processor.py:840} INFO - DAG(s) 'example_setup_teardown' retrieved from /home/airflow/.local/lib/python3.12/site-packages/airflow/example_dags/example_setup_teardown.py
[2024-05-24T05:54:26.857+0000] {logging_mixin.py:188} INFO - [2024-05-24T05:54:26.856+0000] {dag.py:3096} INFO - Sync 1 DAGs
[2024-05-24T05:54:26.867+0000] {logging_mixin.py:188} INFO - [2024-05-24T05:54:26.867+0000] {dag.py:3954} INFO - Setting next_dagrun for example_setup_teardown to 2024-05-23 00:00:00+00:00, run_after=2024-05-24 00:00:00+00:00
[2024-05-24T05:54:26.875+0000] {processor.py:183} INFO - Processing /home/airflow/.local/lib/python3.12/site-packages/airflow/example_dags/example_setup_teardown.py took 0.037 seconds
[2024-05-24T05:54:57.224+0000] {processor.py:161} INFO - Started process (PID=5226) to work on /home/airflow/.local/lib/python3.12/site-packages/airflow/example_dags/example_setup_teardown.py
[2024-05-24T05:54:57.224+0000] {processor.py:830} INFO - Processing file /home/airflow/.local/lib/python3.12/site-packages/airflow/example_dags/example_setup_teardown.py for tasks to queue
[2024-05-24T05:54:57.225+0000] {logging_mixin.py:188} INFO - [2024-05-24T05:54:57.225+0000] {dagbag.py:545} INFO - Filling up the DagBag from /home/airflow/.local/lib/python3.12/site-packages/airflow/example_dags/example_setup_teardown.py
[2024-05-24T05:54:57.228+0000] {processor.py:840} INFO - DAG(s) 'example_setup_teardown' retrieved from /home/airflow/.local/lib/python3.12/site-packages/airflow/example_dags/example_setup_teardown.py
[2024-05-24T05:54:57.236+0000] {logging_mixin.py:188} INFO - [2024-05-24T05:54:57.236+0000] {dag.py:3096} INFO - Sync 1 DAGs
[2024-05-24T05:54:57.243+0000] {logging_mixin.py:188} INFO - [2024-05-24T05:54:57.243+0000] {dag.py:3954} INFO - Setting next_dagrun for example_setup_teardown to 2024-05-23 00:00:00+00:00, run_after=2024-05-24 00:00:00+00:00
[2024-05-24T05:54:57.249+0000] {processor.py:183} INFO - Processing /home/airflow/.local/lib/python3.12/site-packages/airflow/example_dags/example_setup_teardown.py took 0.028 seconds
[2024-05-24T05:55:27.596+0000] {processor.py:161} INFO - Started process (PID=5488) to work on /home/airflow/.local/lib/python3.12/site-packages/airflow/example_dags/example_setup_teardown.py
[2024-05-24T05:55:27.597+0000] {processor.py:830} INFO - Processing file /home/airflow/.local/lib/python3.12/site-packages/airflow/example_dags/example_setup_teardown.py for tasks to queue
[2024-05-24T05:55:27.597+0000] {logging_mixin.py:188} INFO - [2024-05-24T05:55:27.597+0000] {dagbag.py:545} INFO - Filling up the DagBag from /home/airflow/.local/lib/python3.12/site-packages/airflow/example_dags/example_setup_teardown.py
[2024-05-24T05:55:27.600+0000] {processor.py:840} INFO - DAG(s) 'example_setup_teardown' retrieved from /home/airflow/.local/lib/python3.12/site-packages/airflow/example_dags/example_setup_teardown.py
[2024-05-24T05:55:27.608+0000] {logging_mixin.py:188} INFO - [2024-05-24T05:55:27.608+0000] {dag.py:3096} INFO - Sync 1 DAGs
[2024-05-24T05:55:27.616+0000] {logging_mixin.py:188} INFO - [2024-05-24T05:55:27.616+0000] {dag.py:3954} INFO - Setting next_dagrun for example_setup_teardown to 2024-05-23 00:00:00+00:00, run_after=2024-05-24 00:00:00+00:00
[2024-05-24T05:55:27.622+0000] {processor.py:183} INFO - Processing /home/airflow/.local/lib/python3.12/site-packages/airflow/example_dags/example_setup_teardown.py took 0.029 seconds
[2024-05-24T05:55:57.943+0000] {processor.py:161} INFO - Started process (PID=5750) to work on /home/airflow/.local/lib/python3.12/site-packages/airflow/example_dags/example_setup_teardown.py
[2024-05-24T05:55:57.943+0000] {processor.py:830} INFO - Processing file /home/airflow/.local/lib/python3.12/site-packages/airflow/example_dags/example_setup_teardown.py for tasks to queue
[2024-05-24T05:55:57.944+0000] {logging_mixin.py:188} INFO - [2024-05-24T05:55:57.944+0000] {dagbag.py:545} INFO - Filling up the DagBag from /home/airflow/.local/lib/python3.12/site-packages/airflow/example_dags/example_setup_teardown.py
[2024-05-24T05:55:57.946+0000] {processor.py:840} INFO - DAG(s) 'example_setup_teardown' retrieved from /home/airflow/.local/lib/python3.12/site-packages/airflow/example_dags/example_setup_teardown.py
[2024-05-24T05:55:57.955+0000] {logging_mixin.py:188} INFO - [2024-05-24T05:55:57.955+0000] {dag.py:3096} INFO - Sync 1 DAGs
[2024-05-24T05:55:57.962+0000] {logging_mixin.py:188} INFO - [2024-05-24T05:55:57.962+0000] {dag.py:3954} INFO - Setting next_dagrun for example_setup_teardown to 2024-05-23 00:00:00+00:00, run_after=2024-05-24 00:00:00+00:00
[2024-05-24T05:55:57.969+0000] {processor.py:183} INFO - Processing /home/airflow/.local/lib/python3.12/site-packages/airflow/example_dags/example_setup_teardown.py took 0.028 seconds
[2024-05-24T05:56:28.273+0000] {processor.py:161} INFO - Started process (PID=6012) to work on /home/airflow/.local/lib/python3.12/site-packages/airflow/example_dags/example_setup_teardown.py
[2024-05-24T05:56:28.273+0000] {processor.py:830} INFO - Processing file /home/airflow/.local/lib/python3.12/site-packages/airflow/example_dags/example_setup_teardown.py for tasks to queue
[2024-05-24T05:56:28.274+0000] {logging_mixin.py:188} INFO - [2024-05-24T05:56:28.274+0000] {dagbag.py:545} INFO - Filling up the DagBag from /home/airflow/.local/lib/python3.12/site-packages/airflow/example_dags/example_setup_teardown.py
[2024-05-24T05:56:28.277+0000] {processor.py:840} INFO - DAG(s) 'example_setup_teardown' retrieved from /home/airflow/.local/lib/python3.12/site-packages/airflow/example_dags/example_setup_teardown.py
[2024-05-24T05:56:28.285+0000] {logging_mixin.py:188} INFO - [2024-05-24T05:56:28.285+0000] {dag.py:3096} INFO - Sync 1 DAGs
[2024-05-24T05:56:28.292+0000] {logging_mixin.py:188} INFO - [2024-05-24T05:56:28.292+0000] {dag.py:3954} INFO - Setting next_dagrun for example_setup_teardown to 2024-05-23 00:00:00+00:00, run_after=2024-05-24 00:00:00+00:00
[2024-05-24T05:56:28.299+0000] {processor.py:183} INFO - Processing /home/airflow/.local/lib/python3.12/site-packages/airflow/example_dags/example_setup_teardown.py took 0.028 seconds
[2024-05-24T05:56:58.592+0000] {processor.py:161} INFO - Started process (PID=6274) to work on /home/airflow/.local/lib/python3.12/site-packages/airflow/example_dags/example_setup_teardown.py
[2024-05-24T05:56:58.592+0000] {processor.py:830} INFO - Processing file /home/airflow/.local/lib/python3.12/site-packages/airflow/example_dags/example_setup_teardown.py for tasks to queue
[2024-05-24T05:56:58.593+0000] {logging_mixin.py:188} INFO - [2024-05-24T05:56:58.593+0000] {dagbag.py:545} INFO - Filling up the DagBag from /home/airflow/.local/lib/python3.12/site-packages/airflow/example_dags/example_setup_teardown.py
[2024-05-24T05:56:58.595+0000] {processor.py:840} INFO - DAG(s) 'example_setup_teardown' retrieved from /home/airflow/.local/lib/python3.12/site-packages/airflow/example_dags/example_setup_teardown.py
[2024-05-24T05:56:58.603+0000] {logging_mixin.py:188} INFO - [2024-05-24T05:56:58.603+0000] {dag.py:3096} INFO - Sync 1 DAGs
[2024-05-24T05:56:58.611+0000] {logging_mixin.py:188} INFO - [2024-05-24T05:56:58.611+0000] {dag.py:3954} INFO - Setting next_dagrun for example_setup_teardown to 2024-05-23 00:00:00+00:00, run_after=2024-05-24 00:00:00+00:00
[2024-05-24T05:56:58.617+0000] {processor.py:183} INFO - Processing /home/airflow/.local/lib/python3.12/site-packages/airflow/example_dags/example_setup_teardown.py took 0.027 seconds
[2024-05-24T05:57:28.884+0000] {processor.py:161} INFO - Started process (PID=6536) to work on /home/airflow/.local/lib/python3.12/site-packages/airflow/example_dags/example_setup_teardown.py
[2024-05-24T05:57:28.884+0000] {processor.py:830} INFO - Processing file /home/airflow/.local/lib/python3.12/site-packages/airflow/example_dags/example_setup_teardown.py for tasks to queue
[2024-05-24T05:57:28.885+0000] {logging_mixin.py:188} INFO - [2024-05-24T05:57:28.885+0000] {dagbag.py:545} INFO - Filling up the DagBag from /home/airflow/.local/lib/python3.12/site-packages/airflow/example_dags/example_setup_teardown.py
[2024-05-24T05:57:28.888+0000] {processor.py:840} INFO - DAG(s) 'example_setup_teardown' retrieved from /home/airflow/.local/lib/python3.12/site-packages/airflow/example_dags/example_setup_teardown.py
[2024-05-24T05:57:28.896+0000] {logging_mixin.py:188} INFO - [2024-05-24T05:57:28.896+0000] {dag.py:3096} INFO - Sync 1 DAGs
[2024-05-24T05:57:28.903+0000] {logging_mixin.py:188} INFO - [2024-05-24T05:57:28.903+0000] {dag.py:3954} INFO - Setting next_dagrun for example_setup_teardown to 2024-05-23 00:00:00+00:00, run_after=2024-05-24 00:00:00+00:00
[2024-05-24T05:57:28.909+0000] {processor.py:183} INFO - Processing /home/airflow/.local/lib/python3.12/site-packages/airflow/example_dags/example_setup_teardown.py took 0.027 seconds
[2024-05-24T05:57:59.239+0000] {processor.py:161} INFO - Started process (PID=6798) to work on /home/airflow/.local/lib/python3.12/site-packages/airflow/example_dags/example_setup_teardown.py
[2024-05-24T05:57:59.240+0000] {processor.py:830} INFO - Processing file /home/airflow/.local/lib/python3.12/site-packages/airflow/example_dags/example_setup_teardown.py for tasks to queue
[2024-05-24T05:57:59.241+0000] {logging_mixin.py:188} INFO - [2024-05-24T05:57:59.240+0000] {dagbag.py:545} INFO - Filling up the DagBag from /home/airflow/.local/lib/python3.12/site-packages/airflow/example_dags/example_setup_teardown.py
[2024-05-24T05:57:59.243+0000] {processor.py:840} INFO - DAG(s) 'example_setup_teardown' retrieved from /home/airflow/.local/lib/python3.12/site-packages/airflow/example_dags/example_setup_teardown.py
[2024-05-24T05:57:59.251+0000] {logging_mixin.py:188} INFO - [2024-05-24T05:57:59.251+0000] {dag.py:3096} INFO - Sync 1 DAGs
[2024-05-24T05:57:59.259+0000] {logging_mixin.py:188} INFO - [2024-05-24T05:57:59.259+0000] {dag.py:3954} INFO - Setting next_dagrun for example_setup_teardown to 2024-05-23 00:00:00+00:00, run_after=2024-05-24 00:00:00+00:00
[2024-05-24T05:57:59.265+0000] {processor.py:183} INFO - Processing /home/airflow/.local/lib/python3.12/site-packages/airflow/example_dags/example_setup_teardown.py took 0.028 seconds
[2024-05-24T05:58:29.571+0000] {processor.py:161} INFO - Started process (PID=7060) to work on /home/airflow/.local/lib/python3.12/site-packages/airflow/example_dags/example_setup_teardown.py
[2024-05-24T05:58:29.571+0000] {processor.py:830} INFO - Processing file /home/airflow/.local/lib/python3.12/site-packages/airflow/example_dags/example_setup_teardown.py for tasks to queue
[2024-05-24T05:58:29.572+0000] {logging_mixin.py:188} INFO - [2024-05-24T05:58:29.572+0000] {dagbag.py:545} INFO - Filling up the DagBag from /home/airflow/.local/lib/python3.12/site-packages/airflow/example_dags/example_setup_teardown.py
[2024-05-24T05:58:29.575+0000] {processor.py:840} INFO - DAG(s) 'example_setup_teardown' retrieved from /home/airflow/.local/lib/python3.12/site-packages/airflow/example_dags/example_setup_teardown.py
[2024-05-24T05:58:29.583+0000] {logging_mixin.py:188} INFO - [2024-05-24T05:58:29.583+0000] {dag.py:3096} INFO - Sync 1 DAGs
[2024-05-24T05:58:29.591+0000] {logging_mixin.py:188} INFO - [2024-05-24T05:58:29.590+0000] {dag.py:3954} INFO - Setting next_dagrun for example_setup_teardown to 2024-05-23 00:00:00+00:00, run_after=2024-05-24 00:00:00+00:00
[2024-05-24T05:58:29.597+0000] {processor.py:183} INFO - Processing /home/airflow/.local/lib/python3.12/site-packages/airflow/example_dags/example_setup_teardown.py took 0.028 seconds
[2024-05-24T06:13:52.922+0000] {processor.py:161} INFO - Started process (PID=7320) to work on /home/airflow/.local/lib/python3.12/site-packages/airflow/example_dags/example_setup_teardown.py
[2024-05-24T06:13:52.922+0000] {processor.py:830} INFO - Processing file /home/airflow/.local/lib/python3.12/site-packages/airflow/example_dags/example_setup_teardown.py for tasks to queue
[2024-05-24T06:13:52.923+0000] {logging_mixin.py:188} INFO - [2024-05-24T06:13:52.923+0000] {dagbag.py:545} INFO - Filling up the DagBag from /home/airflow/.local/lib/python3.12/site-packages/airflow/example_dags/example_setup_teardown.py
[2024-05-24T06:13:52.925+0000] {processor.py:840} INFO - DAG(s) 'example_setup_teardown' retrieved from /home/airflow/.local/lib/python3.12/site-packages/airflow/example_dags/example_setup_teardown.py
[2024-05-24T06:13:52.932+0000] {logging_mixin.py:188} INFO - [2024-05-24T06:13:52.932+0000] {dag.py:3096} INFO - Sync 1 DAGs
[2024-05-24T06:13:52.940+0000] {logging_mixin.py:188} INFO - [2024-05-24T06:13:52.940+0000] {dag.py:3954} INFO - Setting next_dagrun for example_setup_teardown to 2024-05-23 00:00:00+00:00, run_after=2024-05-24 00:00:00+00:00
[2024-05-24T06:13:52.946+0000] {processor.py:183} INFO - Processing /home/airflow/.local/lib/python3.12/site-packages/airflow/example_dags/example_setup_teardown.py took 0.027 seconds
[2024-05-24T06:26:09.796+0000] {processor.py:161} INFO - Started process (PID=7581) to work on /home/airflow/.local/lib/python3.12/site-packages/airflow/example_dags/example_setup_teardown.py
[2024-05-24T06:26:09.797+0000] {processor.py:830} INFO - Processing file /home/airflow/.local/lib/python3.12/site-packages/airflow/example_dags/example_setup_teardown.py for tasks to queue
[2024-05-24T06:26:09.797+0000] {logging_mixin.py:188} INFO - [2024-05-24T06:26:09.797+0000] {dagbag.py:545} INFO - Filling up the DagBag from /home/airflow/.local/lib/python3.12/site-packages/airflow/example_dags/example_setup_teardown.py
[2024-05-24T06:26:09.800+0000] {processor.py:840} INFO - DAG(s) 'example_setup_teardown' retrieved from /home/airflow/.local/lib/python3.12/site-packages/airflow/example_dags/example_setup_teardown.py
[2024-05-24T06:26:09.807+0000] {logging_mixin.py:188} INFO - [2024-05-24T06:26:09.807+0000] {dag.py:3096} INFO - Sync 1 DAGs
[2024-05-24T06:26:09.814+0000] {logging_mixin.py:188} INFO - [2024-05-24T06:26:09.814+0000] {dag.py:3954} INFO - Setting next_dagrun for example_setup_teardown to 2024-05-23 00:00:00+00:00, run_after=2024-05-24 00:00:00+00:00
[2024-05-24T06:26:09.821+0000] {processor.py:183} INFO - Processing /home/airflow/.local/lib/python3.12/site-packages/airflow/example_dags/example_setup_teardown.py took 0.027 seconds
[2024-05-24T06:26:40.242+0000] {processor.py:161} INFO - Started process (PID=7844) to work on /home/airflow/.local/lib/python3.12/site-packages/airflow/example_dags/example_setup_teardown.py
[2024-05-24T06:26:40.243+0000] {processor.py:830} INFO - Processing file /home/airflow/.local/lib/python3.12/site-packages/airflow/example_dags/example_setup_teardown.py for tasks to queue
[2024-05-24T06:26:40.244+0000] {logging_mixin.py:188} INFO - [2024-05-24T06:26:40.243+0000] {dagbag.py:545} INFO - Filling up the DagBag from /home/airflow/.local/lib/python3.12/site-packages/airflow/example_dags/example_setup_teardown.py
[2024-05-24T06:26:40.246+0000] {processor.py:840} INFO - DAG(s) 'example_setup_teardown' retrieved from /home/airflow/.local/lib/python3.12/site-packages/airflow/example_dags/example_setup_teardown.py
[2024-05-24T06:26:40.253+0000] {logging_mixin.py:188} INFO - [2024-05-24T06:26:40.253+0000] {dag.py:3096} INFO - Sync 1 DAGs
[2024-05-24T06:26:40.260+0000] {logging_mixin.py:188} INFO - [2024-05-24T06:26:40.260+0000] {dag.py:3954} INFO - Setting next_dagrun for example_setup_teardown to 2024-05-23 00:00:00+00:00, run_after=2024-05-24 00:00:00+00:00
[2024-05-24T06:26:40.266+0000] {processor.py:183} INFO - Processing /home/airflow/.local/lib/python3.12/site-packages/airflow/example_dags/example_setup_teardown.py took 0.026 seconds
[2024-05-24T06:27:10.650+0000] {processor.py:161} INFO - Started process (PID=8106) to work on /home/airflow/.local/lib/python3.12/site-packages/airflow/example_dags/example_setup_teardown.py
[2024-05-24T06:27:10.650+0000] {processor.py:830} INFO - Processing file /home/airflow/.local/lib/python3.12/site-packages/airflow/example_dags/example_setup_teardown.py for tasks to queue
[2024-05-24T06:27:10.651+0000] {logging_mixin.py:188} INFO - [2024-05-24T06:27:10.651+0000] {dagbag.py:545} INFO - Filling up the DagBag from /home/airflow/.local/lib/python3.12/site-packages/airflow/example_dags/example_setup_teardown.py
[2024-05-24T06:27:10.653+0000] {processor.py:840} INFO - DAG(s) 'example_setup_teardown' retrieved from /home/airflow/.local/lib/python3.12/site-packages/airflow/example_dags/example_setup_teardown.py
[2024-05-24T06:27:10.661+0000] {logging_mixin.py:188} INFO - [2024-05-24T06:27:10.661+0000] {dag.py:3096} INFO - Sync 1 DAGs
[2024-05-24T06:27:10.667+0000] {logging_mixin.py:188} INFO - [2024-05-24T06:27:10.667+0000] {dag.py:3954} INFO - Setting next_dagrun for example_setup_teardown to 2024-05-23 00:00:00+00:00, run_after=2024-05-24 00:00:00+00:00
[2024-05-24T06:27:10.673+0000] {processor.py:183} INFO - Processing /home/airflow/.local/lib/python3.12/site-packages/airflow/example_dags/example_setup_teardown.py took 0.025 seconds
[2024-05-24T06:28:25.775+0000] {processor.py:161} INFO - Started process (PID=8368) to work on /home/airflow/.local/lib/python3.12/site-packages/airflow/example_dags/example_setup_teardown.py
[2024-05-24T06:28:25.775+0000] {processor.py:830} INFO - Processing file /home/airflow/.local/lib/python3.12/site-packages/airflow/example_dags/example_setup_teardown.py for tasks to queue
[2024-05-24T06:28:25.776+0000] {logging_mixin.py:188} INFO - [2024-05-24T06:28:25.776+0000] {dagbag.py:545} INFO - Filling up the DagBag from /home/airflow/.local/lib/python3.12/site-packages/airflow/example_dags/example_setup_teardown.py
[2024-05-24T06:28:25.779+0000] {processor.py:840} INFO - DAG(s) 'example_setup_teardown' retrieved from /home/airflow/.local/lib/python3.12/site-packages/airflow/example_dags/example_setup_teardown.py
[2024-05-24T06:28:25.786+0000] {logging_mixin.py:188} INFO - [2024-05-24T06:28:25.786+0000] {dag.py:3096} INFO - Sync 1 DAGs
[2024-05-24T06:28:25.794+0000] {logging_mixin.py:188} INFO - [2024-05-24T06:28:25.794+0000] {dag.py:3954} INFO - Setting next_dagrun for example_setup_teardown to 2024-05-23 00:00:00+00:00, run_after=2024-05-24 00:00:00+00:00
[2024-05-24T06:28:25.800+0000] {processor.py:183} INFO - Processing /home/airflow/.local/lib/python3.12/site-packages/airflow/example_dags/example_setup_teardown.py took 0.027 seconds
[2024-05-24T06:28:56.172+0000] {processor.py:161} INFO - Started process (PID=8630) to work on /home/airflow/.local/lib/python3.12/site-packages/airflow/example_dags/example_setup_teardown.py
[2024-05-24T06:28:56.173+0000] {processor.py:830} INFO - Processing file /home/airflow/.local/lib/python3.12/site-packages/airflow/example_dags/example_setup_teardown.py for tasks to queue
[2024-05-24T06:28:56.174+0000] {logging_mixin.py:188} INFO - [2024-05-24T06:28:56.173+0000] {dagbag.py:545} INFO - Filling up the DagBag from /home/airflow/.local/lib/python3.12/site-packages/airflow/example_dags/example_setup_teardown.py
[2024-05-24T06:28:56.176+0000] {processor.py:840} INFO - DAG(s) 'example_setup_teardown' retrieved from /home/airflow/.local/lib/python3.12/site-packages/airflow/example_dags/example_setup_teardown.py
[2024-05-24T06:28:56.185+0000] {logging_mixin.py:188} INFO - [2024-05-24T06:28:56.185+0000] {dag.py:3096} INFO - Sync 1 DAGs
[2024-05-24T06:28:56.192+0000] {logging_mixin.py:188} INFO - [2024-05-24T06:28:56.192+0000] {dag.py:3954} INFO - Setting next_dagrun for example_setup_teardown to 2024-05-23 00:00:00+00:00, run_after=2024-05-24 00:00:00+00:00
[2024-05-24T06:28:56.199+0000] {processor.py:183} INFO - Processing /home/airflow/.local/lib/python3.12/site-packages/airflow/example_dags/example_setup_teardown.py took 0.028 seconds
[2024-05-24T06:29:26.681+0000] {processor.py:161} INFO - Started process (PID=8892) to work on /home/airflow/.local/lib/python3.12/site-packages/airflow/example_dags/example_setup_teardown.py
[2024-05-24T06:29:26.682+0000] {processor.py:830} INFO - Processing file /home/airflow/.local/lib/python3.12/site-packages/airflow/example_dags/example_setup_teardown.py for tasks to queue
[2024-05-24T06:29:26.682+0000] {logging_mixin.py:188} INFO - [2024-05-24T06:29:26.682+0000] {dagbag.py:545} INFO - Filling up the DagBag from /home/airflow/.local/lib/python3.12/site-packages/airflow/example_dags/example_setup_teardown.py
[2024-05-24T06:29:26.685+0000] {processor.py:840} INFO - DAG(s) 'example_setup_teardown' retrieved from /home/airflow/.local/lib/python3.12/site-packages/airflow/example_dags/example_setup_teardown.py
[2024-05-24T06:29:26.692+0000] {logging_mixin.py:188} INFO - [2024-05-24T06:29:26.692+0000] {dag.py:3096} INFO - Sync 1 DAGs
[2024-05-24T06:29:26.700+0000] {logging_mixin.py:188} INFO - [2024-05-24T06:29:26.700+0000] {dag.py:3954} INFO - Setting next_dagrun for example_setup_teardown to 2024-05-23 00:00:00+00:00, run_after=2024-05-24 00:00:00+00:00
[2024-05-24T06:29:26.706+0000] {processor.py:183} INFO - Processing /home/airflow/.local/lib/python3.12/site-packages/airflow/example_dags/example_setup_teardown.py took 0.027 seconds
[2024-05-24T06:29:57.034+0000] {processor.py:161} INFO - Started process (PID=9154) to work on /home/airflow/.local/lib/python3.12/site-packages/airflow/example_dags/example_setup_teardown.py
[2024-05-24T06:29:57.035+0000] {processor.py:830} INFO - Processing file /home/airflow/.local/lib/python3.12/site-packages/airflow/example_dags/example_setup_teardown.py for tasks to queue
[2024-05-24T06:29:57.036+0000] {logging_mixin.py:188} INFO - [2024-05-24T06:29:57.035+0000] {dagbag.py:545} INFO - Filling up the DagBag from /home/airflow/.local/lib/python3.12/site-packages/airflow/example_dags/example_setup_teardown.py
[2024-05-24T06:29:57.038+0000] {processor.py:840} INFO - DAG(s) 'example_setup_teardown' retrieved from /home/airflow/.local/lib/python3.12/site-packages/airflow/example_dags/example_setup_teardown.py
[2024-05-24T06:29:57.047+0000] {logging_mixin.py:188} INFO - [2024-05-24T06:29:57.047+0000] {dag.py:3096} INFO - Sync 1 DAGs
[2024-05-24T06:29:57.056+0000] {logging_mixin.py:188} INFO - [2024-05-24T06:29:57.056+0000] {dag.py:3954} INFO - Setting next_dagrun for example_setup_teardown to 2024-05-23 00:00:00+00:00, run_after=2024-05-24 00:00:00+00:00
[2024-05-24T06:29:57.065+0000] {processor.py:183} INFO - Processing /home/airflow/.local/lib/python3.12/site-packages/airflow/example_dags/example_setup_teardown.py took 0.033 seconds
[2024-05-24T06:32:50.641+0000] {processor.py:161} INFO - Started process (PID=9414) to work on /home/airflow/.local/lib/python3.12/site-packages/airflow/example_dags/example_setup_teardown.py
[2024-05-24T06:32:50.642+0000] {processor.py:830} INFO - Processing file /home/airflow/.local/lib/python3.12/site-packages/airflow/example_dags/example_setup_teardown.py for tasks to queue
[2024-05-24T06:32:50.642+0000] {logging_mixin.py:188} INFO - [2024-05-24T06:32:50.642+0000] {dagbag.py:545} INFO - Filling up the DagBag from /home/airflow/.local/lib/python3.12/site-packages/airflow/example_dags/example_setup_teardown.py
[2024-05-24T06:32:50.645+0000] {processor.py:840} INFO - DAG(s) 'example_setup_teardown' retrieved from /home/airflow/.local/lib/python3.12/site-packages/airflow/example_dags/example_setup_teardown.py
[2024-05-24T06:32:50.651+0000] {logging_mixin.py:188} INFO - [2024-05-24T06:32:50.651+0000] {dag.py:3096} INFO - Sync 1 DAGs
[2024-05-24T06:32:50.661+0000] {logging_mixin.py:188} INFO - [2024-05-24T06:32:50.661+0000] {dag.py:3954} INFO - Setting next_dagrun for example_setup_teardown to 2024-05-23 00:00:00+00:00, run_after=2024-05-24 00:00:00+00:00
[2024-05-24T06:32:50.667+0000] {processor.py:183} INFO - Processing /home/airflow/.local/lib/python3.12/site-packages/airflow/example_dags/example_setup_teardown.py took 0.027 seconds
[2024-05-24T06:34:33.773+0000] {processor.py:161} INFO - Started process (PID=9678) to work on /home/airflow/.local/lib/python3.12/site-packages/airflow/example_dags/example_setup_teardown.py
[2024-05-24T06:34:33.774+0000] {processor.py:830} INFO - Processing file /home/airflow/.local/lib/python3.12/site-packages/airflow/example_dags/example_setup_teardown.py for tasks to queue
[2024-05-24T06:34:33.775+0000] {logging_mixin.py:188} INFO - [2024-05-24T06:34:33.775+0000] {dagbag.py:545} INFO - Filling up the DagBag from /home/airflow/.local/lib/python3.12/site-packages/airflow/example_dags/example_setup_teardown.py
[2024-05-24T06:34:33.778+0000] {processor.py:840} INFO - DAG(s) 'example_setup_teardown' retrieved from /home/airflow/.local/lib/python3.12/site-packages/airflow/example_dags/example_setup_teardown.py
[2024-05-24T06:34:33.786+0000] {logging_mixin.py:188} INFO - [2024-05-24T06:34:33.785+0000] {dag.py:3096} INFO - Sync 1 DAGs
[2024-05-24T06:34:33.793+0000] {logging_mixin.py:188} INFO - [2024-05-24T06:34:33.793+0000] {dag.py:3954} INFO - Setting next_dagrun for example_setup_teardown to 2024-05-23 00:00:00+00:00, run_after=2024-05-24 00:00:00+00:00
[2024-05-24T06:34:33.800+0000] {processor.py:183} INFO - Processing /home/airflow/.local/lib/python3.12/site-packages/airflow/example_dags/example_setup_teardown.py took 0.029 seconds
[2024-05-24T06:35:04.385+0000] {processor.py:161} INFO - Started process (PID=9940) to work on /home/airflow/.local/lib/python3.12/site-packages/airflow/example_dags/example_setup_teardown.py
[2024-05-24T06:35:04.386+0000] {processor.py:830} INFO - Processing file /home/airflow/.local/lib/python3.12/site-packages/airflow/example_dags/example_setup_teardown.py for tasks to queue
[2024-05-24T06:35:04.386+0000] {logging_mixin.py:188} INFO - [2024-05-24T06:35:04.386+0000] {dagbag.py:545} INFO - Filling up the DagBag from /home/airflow/.local/lib/python3.12/site-packages/airflow/example_dags/example_setup_teardown.py
[2024-05-24T06:35:04.390+0000] {processor.py:840} INFO - DAG(s) 'example_setup_teardown' retrieved from /home/airflow/.local/lib/python3.12/site-packages/airflow/example_dags/example_setup_teardown.py
[2024-05-24T06:35:04.398+0000] {logging_mixin.py:188} INFO - [2024-05-24T06:35:04.398+0000] {dag.py:3096} INFO - Sync 1 DAGs
[2024-05-24T06:35:04.406+0000] {logging_mixin.py:188} INFO - [2024-05-24T06:35:04.406+0000] {dag.py:3954} INFO - Setting next_dagrun for example_setup_teardown to 2024-05-23 00:00:00+00:00, run_after=2024-05-24 00:00:00+00:00
[2024-05-24T06:35:04.412+0000] {processor.py:183} INFO - Processing /home/airflow/.local/lib/python3.12/site-packages/airflow/example_dags/example_setup_teardown.py took 0.029 seconds
[2024-05-24T06:50:34.141+0000] {processor.py:161} INFO - Started process (PID=10200) to work on /home/airflow/.local/lib/python3.12/site-packages/airflow/example_dags/example_setup_teardown.py
[2024-05-24T06:50:34.142+0000] {processor.py:830} INFO - Processing file /home/airflow/.local/lib/python3.12/site-packages/airflow/example_dags/example_setup_teardown.py for tasks to queue
[2024-05-24T06:50:34.142+0000] {logging_mixin.py:188} INFO - [2024-05-24T06:50:34.142+0000] {dagbag.py:545} INFO - Filling up the DagBag from /home/airflow/.local/lib/python3.12/site-packages/airflow/example_dags/example_setup_teardown.py
[2024-05-24T06:50:34.145+0000] {processor.py:840} INFO - DAG(s) 'example_setup_teardown' retrieved from /home/airflow/.local/lib/python3.12/site-packages/airflow/example_dags/example_setup_teardown.py
[2024-05-24T06:50:34.152+0000] {logging_mixin.py:188} INFO - [2024-05-24T06:50:34.152+0000] {dag.py:3096} INFO - Sync 1 DAGs
[2024-05-24T06:50:34.160+0000] {logging_mixin.py:188} INFO - [2024-05-24T06:50:34.160+0000] {dag.py:3954} INFO - Setting next_dagrun for example_setup_teardown to 2024-05-23 00:00:00+00:00, run_after=2024-05-24 00:00:00+00:00
[2024-05-24T06:50:34.166+0000] {processor.py:183} INFO - Processing /home/airflow/.local/lib/python3.12/site-packages/airflow/example_dags/example_setup_teardown.py took 0.027 seconds
[2024-05-24T07:06:10.706+0000] {processor.py:161} INFO - Started process (PID=10462) to work on /home/airflow/.local/lib/python3.12/site-packages/airflow/example_dags/example_setup_teardown.py
[2024-05-24T07:06:10.706+0000] {processor.py:830} INFO - Processing file /home/airflow/.local/lib/python3.12/site-packages/airflow/example_dags/example_setup_teardown.py for tasks to queue
[2024-05-24T07:06:10.707+0000] {logging_mixin.py:188} INFO - [2024-05-24T07:06:10.707+0000] {dagbag.py:545} INFO - Filling up the DagBag from /home/airflow/.local/lib/python3.12/site-packages/airflow/example_dags/example_setup_teardown.py
[2024-05-24T07:06:10.710+0000] {processor.py:840} INFO - DAG(s) 'example_setup_teardown' retrieved from /home/airflow/.local/lib/python3.12/site-packages/airflow/example_dags/example_setup_teardown.py
[2024-05-24T07:06:10.718+0000] {logging_mixin.py:188} INFO - [2024-05-24T07:06:10.718+0000] {dag.py:3096} INFO - Sync 1 DAGs
[2024-05-24T07:06:10.791+0000] {logging_mixin.py:188} INFO - [2024-05-24T07:06:10.791+0000] {dag.py:3954} INFO - Setting next_dagrun for example_setup_teardown to 2024-05-23 00:00:00+00:00, run_after=2024-05-24 00:00:00+00:00
[2024-05-24T07:06:10.797+0000] {processor.py:183} INFO - Processing /home/airflow/.local/lib/python3.12/site-packages/airflow/example_dags/example_setup_teardown.py took 0.094 seconds
[2024-05-24T07:30:08.799+0000] {processor.py:161} INFO - Started process (PID=10724) to work on /home/airflow/.local/lib/python3.12/site-packages/airflow/example_dags/example_setup_teardown.py
[2024-05-24T07:30:08.800+0000] {processor.py:830} INFO - Processing file /home/airflow/.local/lib/python3.12/site-packages/airflow/example_dags/example_setup_teardown.py for tasks to queue
[2024-05-24T07:30:08.801+0000] {logging_mixin.py:188} INFO - [2024-05-24T07:30:08.801+0000] {dagbag.py:545} INFO - Filling up the DagBag from /home/airflow/.local/lib/python3.12/site-packages/airflow/example_dags/example_setup_teardown.py
[2024-05-24T07:30:08.804+0000] {processor.py:840} INFO - DAG(s) 'example_setup_teardown' retrieved from /home/airflow/.local/lib/python3.12/site-packages/airflow/example_dags/example_setup_teardown.py
[2024-05-24T07:30:08.812+0000] {logging_mixin.py:188} INFO - [2024-05-24T07:30:08.812+0000] {dag.py:3096} INFO - Sync 1 DAGs
[2024-05-24T07:30:08.890+0000] {logging_mixin.py:188} INFO - [2024-05-24T07:30:08.890+0000] {dag.py:3954} INFO - Setting next_dagrun for example_setup_teardown to 2024-05-23 00:00:00+00:00, run_after=2024-05-24 00:00:00+00:00
[2024-05-24T07:30:08.896+0000] {processor.py:183} INFO - Processing /home/airflow/.local/lib/python3.12/site-packages/airflow/example_dags/example_setup_teardown.py took 0.100 seconds
[2024-05-24T07:30:39.530+0000] {processor.py:161} INFO - Started process (PID=10988) to work on /home/airflow/.local/lib/python3.12/site-packages/airflow/example_dags/example_setup_teardown.py
[2024-05-24T07:30:39.531+0000] {processor.py:830} INFO - Processing file /home/airflow/.local/lib/python3.12/site-packages/airflow/example_dags/example_setup_teardown.py for tasks to queue
[2024-05-24T07:30:39.532+0000] {logging_mixin.py:188} INFO - [2024-05-24T07:30:39.531+0000] {dagbag.py:545} INFO - Filling up the DagBag from /home/airflow/.local/lib/python3.12/site-packages/airflow/example_dags/example_setup_teardown.py
[2024-05-24T07:30:39.534+0000] {processor.py:840} INFO - DAG(s) 'example_setup_teardown' retrieved from /home/airflow/.local/lib/python3.12/site-packages/airflow/example_dags/example_setup_teardown.py
[2024-05-24T07:30:39.543+0000] {logging_mixin.py:188} INFO - [2024-05-24T07:30:39.543+0000] {dag.py:3096} INFO - Sync 1 DAGs
[2024-05-24T07:30:39.551+0000] {logging_mixin.py:188} INFO - [2024-05-24T07:30:39.550+0000] {dag.py:3954} INFO - Setting next_dagrun for example_setup_teardown to 2024-05-23 00:00:00+00:00, run_after=2024-05-24 00:00:00+00:00
[2024-05-24T07:30:39.623+0000] {processor.py:183} INFO - Processing /home/airflow/.local/lib/python3.12/site-packages/airflow/example_dags/example_setup_teardown.py took 0.096 seconds
[2024-05-24T07:31:10.076+0000] {processor.py:161} INFO - Started process (PID=11248) to work on /home/airflow/.local/lib/python3.12/site-packages/airflow/example_dags/example_setup_teardown.py
[2024-05-24T07:31:10.076+0000] {processor.py:830} INFO - Processing file /home/airflow/.local/lib/python3.12/site-packages/airflow/example_dags/example_setup_teardown.py for tasks to queue
[2024-05-24T07:31:10.077+0000] {logging_mixin.py:188} INFO - [2024-05-24T07:31:10.077+0000] {dagbag.py:545} INFO - Filling up the DagBag from /home/airflow/.local/lib/python3.12/site-packages/airflow/example_dags/example_setup_teardown.py
[2024-05-24T07:31:10.079+0000] {processor.py:840} INFO - DAG(s) 'example_setup_teardown' retrieved from /home/airflow/.local/lib/python3.12/site-packages/airflow/example_dags/example_setup_teardown.py
[2024-05-24T07:31:10.086+0000] {logging_mixin.py:188} INFO - [2024-05-24T07:31:10.086+0000] {dag.py:3096} INFO - Sync 1 DAGs
[2024-05-24T07:31:10.093+0000] {logging_mixin.py:188} INFO - [2024-05-24T07:31:10.093+0000] {dag.py:3954} INFO - Setting next_dagrun for example_setup_teardown to 2024-05-23 00:00:00+00:00, run_after=2024-05-24 00:00:00+00:00
[2024-05-24T07:31:10.100+0000] {processor.py:183} INFO - Processing /home/airflow/.local/lib/python3.12/site-packages/airflow/example_dags/example_setup_teardown.py took 0.027 seconds
[2024-05-24T07:31:40.493+0000] {processor.py:161} INFO - Started process (PID=11512) to work on /home/airflow/.local/lib/python3.12/site-packages/airflow/example_dags/example_setup_teardown.py
[2024-05-24T07:31:40.493+0000] {processor.py:830} INFO - Processing file /home/airflow/.local/lib/python3.12/site-packages/airflow/example_dags/example_setup_teardown.py for tasks to queue
[2024-05-24T07:31:40.494+0000] {logging_mixin.py:188} INFO - [2024-05-24T07:31:40.494+0000] {dagbag.py:545} INFO - Filling up the DagBag from /home/airflow/.local/lib/python3.12/site-packages/airflow/example_dags/example_setup_teardown.py
[2024-05-24T07:31:40.496+0000] {processor.py:840} INFO - DAG(s) 'example_setup_teardown' retrieved from /home/airflow/.local/lib/python3.12/site-packages/airflow/example_dags/example_setup_teardown.py
[2024-05-24T07:31:40.504+0000] {logging_mixin.py:188} INFO - [2024-05-24T07:31:40.504+0000] {dag.py:3096} INFO - Sync 1 DAGs
[2024-05-24T07:31:40.512+0000] {logging_mixin.py:188} INFO - [2024-05-24T07:31:40.511+0000] {dag.py:3954} INFO - Setting next_dagrun for example_setup_teardown to 2024-05-23 00:00:00+00:00, run_after=2024-05-24 00:00:00+00:00
[2024-05-24T07:31:40.518+0000] {processor.py:183} INFO - Processing /home/airflow/.local/lib/python3.12/site-packages/airflow/example_dags/example_setup_teardown.py took 0.028 seconds
[2024-05-24T07:32:10.829+0000] {processor.py:161} INFO - Started process (PID=11774) to work on /home/airflow/.local/lib/python3.12/site-packages/airflow/example_dags/example_setup_teardown.py
[2024-05-24T07:32:10.829+0000] {processor.py:830} INFO - Processing file /home/airflow/.local/lib/python3.12/site-packages/airflow/example_dags/example_setup_teardown.py for tasks to queue
[2024-05-24T07:32:10.830+0000] {logging_mixin.py:188} INFO - [2024-05-24T07:32:10.830+0000] {dagbag.py:545} INFO - Filling up the DagBag from /home/airflow/.local/lib/python3.12/site-packages/airflow/example_dags/example_setup_teardown.py
[2024-05-24T07:32:10.832+0000] {processor.py:840} INFO - DAG(s) 'example_setup_teardown' retrieved from /home/airflow/.local/lib/python3.12/site-packages/airflow/example_dags/example_setup_teardown.py
[2024-05-24T07:32:10.839+0000] {logging_mixin.py:188} INFO - [2024-05-24T07:32:10.839+0000] {dag.py:3096} INFO - Sync 1 DAGs
[2024-05-24T07:32:10.846+0000] {logging_mixin.py:188} INFO - [2024-05-24T07:32:10.846+0000] {dag.py:3954} INFO - Setting next_dagrun for example_setup_teardown to 2024-05-23 00:00:00+00:00, run_after=2024-05-24 00:00:00+00:00
[2024-05-24T07:32:10.852+0000] {processor.py:183} INFO - Processing /home/airflow/.local/lib/python3.12/site-packages/airflow/example_dags/example_setup_teardown.py took 0.025 seconds
[2024-05-24T07:32:58.673+0000] {processor.py:161} INFO - Started process (PID=12036) to work on /home/airflow/.local/lib/python3.12/site-packages/airflow/example_dags/example_setup_teardown.py
[2024-05-24T07:32:58.673+0000] {processor.py:830} INFO - Processing file /home/airflow/.local/lib/python3.12/site-packages/airflow/example_dags/example_setup_teardown.py for tasks to queue
[2024-05-24T07:32:58.674+0000] {logging_mixin.py:188} INFO - [2024-05-24T07:32:58.674+0000] {dagbag.py:545} INFO - Filling up the DagBag from /home/airflow/.local/lib/python3.12/site-packages/airflow/example_dags/example_setup_teardown.py
[2024-05-24T07:32:58.677+0000] {processor.py:840} INFO - DAG(s) 'example_setup_teardown' retrieved from /home/airflow/.local/lib/python3.12/site-packages/airflow/example_dags/example_setup_teardown.py
[2024-05-24T07:32:58.685+0000] {logging_mixin.py:188} INFO - [2024-05-24T07:32:58.685+0000] {dag.py:3096} INFO - Sync 1 DAGs
[2024-05-24T07:32:58.693+0000] {logging_mixin.py:188} INFO - [2024-05-24T07:32:58.693+0000] {dag.py:3954} INFO - Setting next_dagrun for example_setup_teardown to 2024-05-23 00:00:00+00:00, run_after=2024-05-24 00:00:00+00:00
[2024-05-24T07:32:58.699+0000] {processor.py:183} INFO - Processing /home/airflow/.local/lib/python3.12/site-packages/airflow/example_dags/example_setup_teardown.py took 0.029 seconds
[2024-05-24T07:33:29.047+0000] {processor.py:161} INFO - Started process (PID=12298) to work on /home/airflow/.local/lib/python3.12/site-packages/airflow/example_dags/example_setup_teardown.py
[2024-05-24T07:33:29.047+0000] {processor.py:830} INFO - Processing file /home/airflow/.local/lib/python3.12/site-packages/airflow/example_dags/example_setup_teardown.py for tasks to queue
[2024-05-24T07:33:29.048+0000] {logging_mixin.py:188} INFO - [2024-05-24T07:33:29.048+0000] {dagbag.py:545} INFO - Filling up the DagBag from /home/airflow/.local/lib/python3.12/site-packages/airflow/example_dags/example_setup_teardown.py
[2024-05-24T07:33:29.051+0000] {processor.py:840} INFO - DAG(s) 'example_setup_teardown' retrieved from /home/airflow/.local/lib/python3.12/site-packages/airflow/example_dags/example_setup_teardown.py
[2024-05-24T07:33:29.058+0000] {logging_mixin.py:188} INFO - [2024-05-24T07:33:29.058+0000] {dag.py:3096} INFO - Sync 1 DAGs
[2024-05-24T07:33:29.066+0000] {logging_mixin.py:188} INFO - [2024-05-24T07:33:29.066+0000] {dag.py:3954} INFO - Setting next_dagrun for example_setup_teardown to 2024-05-23 00:00:00+00:00, run_after=2024-05-24 00:00:00+00:00
[2024-05-24T07:33:29.072+0000] {processor.py:183} INFO - Processing /home/airflow/.local/lib/python3.12/site-packages/airflow/example_dags/example_setup_teardown.py took 0.027 seconds
[2024-05-24T07:33:59.360+0000] {processor.py:161} INFO - Started process (PID=12558) to work on /home/airflow/.local/lib/python3.12/site-packages/airflow/example_dags/example_setup_teardown.py
[2024-05-24T07:33:59.361+0000] {processor.py:830} INFO - Processing file /home/airflow/.local/lib/python3.12/site-packages/airflow/example_dags/example_setup_teardown.py for tasks to queue
[2024-05-24T07:33:59.361+0000] {logging_mixin.py:188} INFO - [2024-05-24T07:33:59.361+0000] {dagbag.py:545} INFO - Filling up the DagBag from /home/airflow/.local/lib/python3.12/site-packages/airflow/example_dags/example_setup_teardown.py
[2024-05-24T07:33:59.363+0000] {processor.py:840} INFO - DAG(s) 'example_setup_teardown' retrieved from /home/airflow/.local/lib/python3.12/site-packages/airflow/example_dags/example_setup_teardown.py
[2024-05-24T07:33:59.370+0000] {logging_mixin.py:188} INFO - [2024-05-24T07:33:59.370+0000] {dag.py:3096} INFO - Sync 1 DAGs
[2024-05-24T07:33:59.378+0000] {logging_mixin.py:188} INFO - [2024-05-24T07:33:59.378+0000] {dag.py:3954} INFO - Setting next_dagrun for example_setup_teardown to 2024-05-23 00:00:00+00:00, run_after=2024-05-24 00:00:00+00:00
[2024-05-24T07:33:59.384+0000] {processor.py:183} INFO - Processing /home/airflow/.local/lib/python3.12/site-packages/airflow/example_dags/example_setup_teardown.py took 0.026 seconds
[2024-05-24T07:34:29.757+0000] {processor.py:161} INFO - Started process (PID=12819) to work on /home/airflow/.local/lib/python3.12/site-packages/airflow/example_dags/example_setup_teardown.py
[2024-05-24T07:34:29.757+0000] {processor.py:830} INFO - Processing file /home/airflow/.local/lib/python3.12/site-packages/airflow/example_dags/example_setup_teardown.py for tasks to queue
[2024-05-24T07:34:29.758+0000] {logging_mixin.py:188} INFO - [2024-05-24T07:34:29.758+0000] {dagbag.py:545} INFO - Filling up the DagBag from /home/airflow/.local/lib/python3.12/site-packages/airflow/example_dags/example_setup_teardown.py
[2024-05-24T07:34:29.761+0000] {processor.py:840} INFO - DAG(s) 'example_setup_teardown' retrieved from /home/airflow/.local/lib/python3.12/site-packages/airflow/example_dags/example_setup_teardown.py
[2024-05-24T07:34:29.768+0000] {logging_mixin.py:188} INFO - [2024-05-24T07:34:29.768+0000] {dag.py:3096} INFO - Sync 1 DAGs
[2024-05-24T07:34:29.775+0000] {logging_mixin.py:188} INFO - [2024-05-24T07:34:29.775+0000] {dag.py:3954} INFO - Setting next_dagrun for example_setup_teardown to 2024-05-23 00:00:00+00:00, run_after=2024-05-24 00:00:00+00:00
[2024-05-24T07:34:29.782+0000] {processor.py:183} INFO - Processing /home/airflow/.local/lib/python3.12/site-packages/airflow/example_dags/example_setup_teardown.py took 0.027 seconds
[2024-05-24T07:35:00.272+0000] {processor.py:161} INFO - Started process (PID=13081) to work on /home/airflow/.local/lib/python3.12/site-packages/airflow/example_dags/example_setup_teardown.py
[2024-05-24T07:35:00.272+0000] {processor.py:830} INFO - Processing file /home/airflow/.local/lib/python3.12/site-packages/airflow/example_dags/example_setup_teardown.py for tasks to queue
[2024-05-24T07:35:00.273+0000] {logging_mixin.py:188} INFO - [2024-05-24T07:35:00.273+0000] {dagbag.py:545} INFO - Filling up the DagBag from /home/airflow/.local/lib/python3.12/site-packages/airflow/example_dags/example_setup_teardown.py
[2024-05-24T07:35:00.275+0000] {processor.py:840} INFO - DAG(s) 'example_setup_teardown' retrieved from /home/airflow/.local/lib/python3.12/site-packages/airflow/example_dags/example_setup_teardown.py
[2024-05-24T07:35:00.282+0000] {logging_mixin.py:188} INFO - [2024-05-24T07:35:00.282+0000] {dag.py:3096} INFO - Sync 1 DAGs
[2024-05-24T07:35:00.289+0000] {logging_mixin.py:188} INFO - [2024-05-24T07:35:00.289+0000] {dag.py:3954} INFO - Setting next_dagrun for example_setup_teardown to 2024-05-23 00:00:00+00:00, run_after=2024-05-24 00:00:00+00:00
[2024-05-24T07:35:00.296+0000] {processor.py:183} INFO - Processing /home/airflow/.local/lib/python3.12/site-packages/airflow/example_dags/example_setup_teardown.py took 0.026 seconds
[2024-05-24T07:35:30.645+0000] {processor.py:161} INFO - Started process (PID=13345) to work on /home/airflow/.local/lib/python3.12/site-packages/airflow/example_dags/example_setup_teardown.py
[2024-05-24T07:35:30.645+0000] {processor.py:830} INFO - Processing file /home/airflow/.local/lib/python3.12/site-packages/airflow/example_dags/example_setup_teardown.py for tasks to queue
[2024-05-24T07:35:30.646+0000] {logging_mixin.py:188} INFO - [2024-05-24T07:35:30.646+0000] {dagbag.py:545} INFO - Filling up the DagBag from /home/airflow/.local/lib/python3.12/site-packages/airflow/example_dags/example_setup_teardown.py
[2024-05-24T07:35:30.649+0000] {processor.py:840} INFO - DAG(s) 'example_setup_teardown' retrieved from /home/airflow/.local/lib/python3.12/site-packages/airflow/example_dags/example_setup_teardown.py
[2024-05-24T07:35:30.657+0000] {logging_mixin.py:188} INFO - [2024-05-24T07:35:30.657+0000] {dag.py:3096} INFO - Sync 1 DAGs
[2024-05-24T07:35:30.665+0000] {logging_mixin.py:188} INFO - [2024-05-24T07:35:30.665+0000] {dag.py:3954} INFO - Setting next_dagrun for example_setup_teardown to 2024-05-23 00:00:00+00:00, run_after=2024-05-24 00:00:00+00:00
[2024-05-24T07:35:30.671+0000] {processor.py:183} INFO - Processing /home/airflow/.local/lib/python3.12/site-packages/airflow/example_dags/example_setup_teardown.py took 0.028 seconds
[2024-05-24T07:36:00.986+0000] {processor.py:161} INFO - Started process (PID=13605) to work on /home/airflow/.local/lib/python3.12/site-packages/airflow/example_dags/example_setup_teardown.py
[2024-05-24T07:36:00.986+0000] {processor.py:830} INFO - Processing file /home/airflow/.local/lib/python3.12/site-packages/airflow/example_dags/example_setup_teardown.py for tasks to queue
[2024-05-24T07:36:00.987+0000] {logging_mixin.py:188} INFO - [2024-05-24T07:36:00.987+0000] {dagbag.py:545} INFO - Filling up the DagBag from /home/airflow/.local/lib/python3.12/site-packages/airflow/example_dags/example_setup_teardown.py
[2024-05-24T07:36:00.989+0000] {processor.py:840} INFO - DAG(s) 'example_setup_teardown' retrieved from /home/airflow/.local/lib/python3.12/site-packages/airflow/example_dags/example_setup_teardown.py
[2024-05-24T07:36:00.996+0000] {logging_mixin.py:188} INFO - [2024-05-24T07:36:00.996+0000] {dag.py:3096} INFO - Sync 1 DAGs
[2024-05-24T07:36:01.004+0000] {logging_mixin.py:188} INFO - [2024-05-24T07:36:01.004+0000] {dag.py:3954} INFO - Setting next_dagrun for example_setup_teardown to 2024-05-23 00:00:00+00:00, run_after=2024-05-24 00:00:00+00:00
[2024-05-24T07:36:01.010+0000] {processor.py:183} INFO - Processing /home/airflow/.local/lib/python3.12/site-packages/airflow/example_dags/example_setup_teardown.py took 0.026 seconds
[2024-05-24T07:36:31.482+0000] {processor.py:161} INFO - Started process (PID=13869) to work on /home/airflow/.local/lib/python3.12/site-packages/airflow/example_dags/example_setup_teardown.py
[2024-05-24T07:36:31.482+0000] {processor.py:830} INFO - Processing file /home/airflow/.local/lib/python3.12/site-packages/airflow/example_dags/example_setup_teardown.py for tasks to queue
[2024-05-24T07:36:31.483+0000] {logging_mixin.py:188} INFO - [2024-05-24T07:36:31.483+0000] {dagbag.py:545} INFO - Filling up the DagBag from /home/airflow/.local/lib/python3.12/site-packages/airflow/example_dags/example_setup_teardown.py
[2024-05-24T07:36:31.485+0000] {processor.py:840} INFO - DAG(s) 'example_setup_teardown' retrieved from /home/airflow/.local/lib/python3.12/site-packages/airflow/example_dags/example_setup_teardown.py
[2024-05-24T07:36:31.492+0000] {logging_mixin.py:188} INFO - [2024-05-24T07:36:31.492+0000] {dag.py:3096} INFO - Sync 1 DAGs
[2024-05-24T07:36:31.500+0000] {logging_mixin.py:188} INFO - [2024-05-24T07:36:31.500+0000] {dag.py:3954} INFO - Setting next_dagrun for example_setup_teardown to 2024-05-23 00:00:00+00:00, run_after=2024-05-24 00:00:00+00:00
[2024-05-24T07:36:31.505+0000] {processor.py:183} INFO - Processing /home/airflow/.local/lib/python3.12/site-packages/airflow/example_dags/example_setup_teardown.py took 0.026 seconds
[2024-05-24T07:37:01.796+0000] {processor.py:161} INFO - Started process (PID=14129) to work on /home/airflow/.local/lib/python3.12/site-packages/airflow/example_dags/example_setup_teardown.py
[2024-05-24T07:37:01.796+0000] {processor.py:830} INFO - Processing file /home/airflow/.local/lib/python3.12/site-packages/airflow/example_dags/example_setup_teardown.py for tasks to queue
[2024-05-24T07:37:01.797+0000] {logging_mixin.py:188} INFO - [2024-05-24T07:37:01.797+0000] {dagbag.py:545} INFO - Filling up the DagBag from /home/airflow/.local/lib/python3.12/site-packages/airflow/example_dags/example_setup_teardown.py
[2024-05-24T07:37:01.799+0000] {processor.py:840} INFO - DAG(s) 'example_setup_teardown' retrieved from /home/airflow/.local/lib/python3.12/site-packages/airflow/example_dags/example_setup_teardown.py
[2024-05-24T07:37:01.806+0000] {logging_mixin.py:188} INFO - [2024-05-24T07:37:01.806+0000] {dag.py:3096} INFO - Sync 1 DAGs
[2024-05-24T07:37:01.814+0000] {logging_mixin.py:188} INFO - [2024-05-24T07:37:01.814+0000] {dag.py:3954} INFO - Setting next_dagrun for example_setup_teardown to 2024-05-23 00:00:00+00:00, run_after=2024-05-24 00:00:00+00:00
[2024-05-24T07:37:01.821+0000] {processor.py:183} INFO - Processing /home/airflow/.local/lib/python3.12/site-packages/airflow/example_dags/example_setup_teardown.py took 0.027 seconds
[2024-05-24T07:37:32.214+0000] {processor.py:161} INFO - Started process (PID=14391) to work on /home/airflow/.local/lib/python3.12/site-packages/airflow/example_dags/example_setup_teardown.py
[2024-05-24T07:37:32.215+0000] {processor.py:830} INFO - Processing file /home/airflow/.local/lib/python3.12/site-packages/airflow/example_dags/example_setup_teardown.py for tasks to queue
[2024-05-24T07:37:32.215+0000] {logging_mixin.py:188} INFO - [2024-05-24T07:37:32.215+0000] {dagbag.py:545} INFO - Filling up the DagBag from /home/airflow/.local/lib/python3.12/site-packages/airflow/example_dags/example_setup_teardown.py
[2024-05-24T07:37:32.218+0000] {processor.py:840} INFO - DAG(s) 'example_setup_teardown' retrieved from /home/airflow/.local/lib/python3.12/site-packages/airflow/example_dags/example_setup_teardown.py
[2024-05-24T07:37:32.225+0000] {logging_mixin.py:188} INFO - [2024-05-24T07:37:32.225+0000] {dag.py:3096} INFO - Sync 1 DAGs
[2024-05-24T07:37:32.232+0000] {logging_mixin.py:188} INFO - [2024-05-24T07:37:32.232+0000] {dag.py:3954} INFO - Setting next_dagrun for example_setup_teardown to 2024-05-23 00:00:00+00:00, run_after=2024-05-24 00:00:00+00:00
[2024-05-24T07:37:32.238+0000] {processor.py:183} INFO - Processing /home/airflow/.local/lib/python3.12/site-packages/airflow/example_dags/example_setup_teardown.py took 0.026 seconds
[2024-05-24T07:38:02.701+0000] {processor.py:161} INFO - Started process (PID=14655) to work on /home/airflow/.local/lib/python3.12/site-packages/airflow/example_dags/example_setup_teardown.py
[2024-05-24T07:38:02.702+0000] {processor.py:830} INFO - Processing file /home/airflow/.local/lib/python3.12/site-packages/airflow/example_dags/example_setup_teardown.py for tasks to queue
[2024-05-24T07:38:02.702+0000] {logging_mixin.py:188} INFO - [2024-05-24T07:38:02.702+0000] {dagbag.py:545} INFO - Filling up the DagBag from /home/airflow/.local/lib/python3.12/site-packages/airflow/example_dags/example_setup_teardown.py
[2024-05-24T07:38:02.705+0000] {processor.py:840} INFO - DAG(s) 'example_setup_teardown' retrieved from /home/airflow/.local/lib/python3.12/site-packages/airflow/example_dags/example_setup_teardown.py
[2024-05-24T07:38:02.713+0000] {logging_mixin.py:188} INFO - [2024-05-24T07:38:02.713+0000] {dag.py:3096} INFO - Sync 1 DAGs
[2024-05-24T07:38:02.721+0000] {logging_mixin.py:188} INFO - [2024-05-24T07:38:02.721+0000] {dag.py:3954} INFO - Setting next_dagrun for example_setup_teardown to 2024-05-23 00:00:00+00:00, run_after=2024-05-24 00:00:00+00:00
[2024-05-24T07:38:02.729+0000] {processor.py:183} INFO - Processing /home/airflow/.local/lib/python3.12/site-packages/airflow/example_dags/example_setup_teardown.py took 0.030 seconds
[2024-05-24T07:38:33.063+0000] {processor.py:161} INFO - Started process (PID=14915) to work on /home/airflow/.local/lib/python3.12/site-packages/airflow/example_dags/example_setup_teardown.py
[2024-05-24T07:38:33.063+0000] {processor.py:830} INFO - Processing file /home/airflow/.local/lib/python3.12/site-packages/airflow/example_dags/example_setup_teardown.py for tasks to queue
[2024-05-24T07:38:33.064+0000] {logging_mixin.py:188} INFO - [2024-05-24T07:38:33.063+0000] {dagbag.py:545} INFO - Filling up the DagBag from /home/airflow/.local/lib/python3.12/site-packages/airflow/example_dags/example_setup_teardown.py
[2024-05-24T07:38:33.066+0000] {processor.py:840} INFO - DAG(s) 'example_setup_teardown' retrieved from /home/airflow/.local/lib/python3.12/site-packages/airflow/example_dags/example_setup_teardown.py
[2024-05-24T07:38:33.073+0000] {logging_mixin.py:188} INFO - [2024-05-24T07:38:33.073+0000] {dag.py:3096} INFO - Sync 1 DAGs
[2024-05-24T07:38:33.080+0000] {logging_mixin.py:188} INFO - [2024-05-24T07:38:33.080+0000] {dag.py:3954} INFO - Setting next_dagrun for example_setup_teardown to 2024-05-23 00:00:00+00:00, run_after=2024-05-24 00:00:00+00:00
[2024-05-24T07:38:33.086+0000] {processor.py:183} INFO - Processing /home/airflow/.local/lib/python3.12/site-packages/airflow/example_dags/example_setup_teardown.py took 0.026 seconds
[2024-05-24T07:39:03.377+0000] {processor.py:161} INFO - Started process (PID=15179) to work on /home/airflow/.local/lib/python3.12/site-packages/airflow/example_dags/example_setup_teardown.py
[2024-05-24T07:39:03.377+0000] {processor.py:830} INFO - Processing file /home/airflow/.local/lib/python3.12/site-packages/airflow/example_dags/example_setup_teardown.py for tasks to queue
[2024-05-24T07:39:03.378+0000] {logging_mixin.py:188} INFO - [2024-05-24T07:39:03.378+0000] {dagbag.py:545} INFO - Filling up the DagBag from /home/airflow/.local/lib/python3.12/site-packages/airflow/example_dags/example_setup_teardown.py
[2024-05-24T07:39:03.380+0000] {processor.py:840} INFO - DAG(s) 'example_setup_teardown' retrieved from /home/airflow/.local/lib/python3.12/site-packages/airflow/example_dags/example_setup_teardown.py
[2024-05-24T07:39:03.388+0000] {logging_mixin.py:188} INFO - [2024-05-24T07:39:03.388+0000] {dag.py:3096} INFO - Sync 1 DAGs
[2024-05-24T07:39:03.395+0000] {logging_mixin.py:188} INFO - [2024-05-24T07:39:03.395+0000] {dag.py:3954} INFO - Setting next_dagrun for example_setup_teardown to 2024-05-23 00:00:00+00:00, run_after=2024-05-24 00:00:00+00:00
[2024-05-24T07:39:03.401+0000] {processor.py:183} INFO - Processing /home/airflow/.local/lib/python3.12/site-packages/airflow/example_dags/example_setup_teardown.py took 0.026 seconds
[2024-05-24T07:39:33.748+0000] {processor.py:161} INFO - Started process (PID=15438) to work on /home/airflow/.local/lib/python3.12/site-packages/airflow/example_dags/example_setup_teardown.py
[2024-05-24T07:39:33.748+0000] {processor.py:830} INFO - Processing file /home/airflow/.local/lib/python3.12/site-packages/airflow/example_dags/example_setup_teardown.py for tasks to queue
[2024-05-24T07:39:33.749+0000] {logging_mixin.py:188} INFO - [2024-05-24T07:39:33.749+0000] {dagbag.py:545} INFO - Filling up the DagBag from /home/airflow/.local/lib/python3.12/site-packages/airflow/example_dags/example_setup_teardown.py
[2024-05-24T07:39:33.751+0000] {processor.py:840} INFO - DAG(s) 'example_setup_teardown' retrieved from /home/airflow/.local/lib/python3.12/site-packages/airflow/example_dags/example_setup_teardown.py
[2024-05-24T07:39:33.759+0000] {logging_mixin.py:188} INFO - [2024-05-24T07:39:33.759+0000] {dag.py:3096} INFO - Sync 1 DAGs
[2024-05-24T07:39:33.766+0000] {logging_mixin.py:188} INFO - [2024-05-24T07:39:33.766+0000] {dag.py:3954} INFO - Setting next_dagrun for example_setup_teardown to 2024-05-23 00:00:00+00:00, run_after=2024-05-24 00:00:00+00:00
[2024-05-24T07:39:33.772+0000] {processor.py:183} INFO - Processing /home/airflow/.local/lib/python3.12/site-packages/airflow/example_dags/example_setup_teardown.py took 0.027 seconds
[2024-05-24T07:40:04.216+0000] {processor.py:161} INFO - Started process (PID=15700) to work on /home/airflow/.local/lib/python3.12/site-packages/airflow/example_dags/example_setup_teardown.py
[2024-05-24T07:40:04.217+0000] {processor.py:830} INFO - Processing file /home/airflow/.local/lib/python3.12/site-packages/airflow/example_dags/example_setup_teardown.py for tasks to queue
[2024-05-24T07:40:04.217+0000] {logging_mixin.py:188} INFO - [2024-05-24T07:40:04.217+0000] {dagbag.py:545} INFO - Filling up the DagBag from /home/airflow/.local/lib/python3.12/site-packages/airflow/example_dags/example_setup_teardown.py
[2024-05-24T07:40:04.220+0000] {processor.py:840} INFO - DAG(s) 'example_setup_teardown' retrieved from /home/airflow/.local/lib/python3.12/site-packages/airflow/example_dags/example_setup_teardown.py
[2024-05-24T07:40:04.227+0000] {logging_mixin.py:188} INFO - [2024-05-24T07:40:04.227+0000] {dag.py:3096} INFO - Sync 1 DAGs
[2024-05-24T07:40:04.234+0000] {logging_mixin.py:188} INFO - [2024-05-24T07:40:04.234+0000] {dag.py:3954} INFO - Setting next_dagrun for example_setup_teardown to 2024-05-23 00:00:00+00:00, run_after=2024-05-24 00:00:00+00:00
[2024-05-24T07:40:04.240+0000] {processor.py:183} INFO - Processing /home/airflow/.local/lib/python3.12/site-packages/airflow/example_dags/example_setup_teardown.py took 0.026 seconds
[2024-05-24T07:40:34.630+0000] {processor.py:161} INFO - Started process (PID=15962) to work on /home/airflow/.local/lib/python3.12/site-packages/airflow/example_dags/example_setup_teardown.py
[2024-05-24T07:40:34.630+0000] {processor.py:830} INFO - Processing file /home/airflow/.local/lib/python3.12/site-packages/airflow/example_dags/example_setup_teardown.py for tasks to queue
[2024-05-24T07:40:34.631+0000] {logging_mixin.py:188} INFO - [2024-05-24T07:40:34.630+0000] {dagbag.py:545} INFO - Filling up the DagBag from /home/airflow/.local/lib/python3.12/site-packages/airflow/example_dags/example_setup_teardown.py
[2024-05-24T07:40:34.633+0000] {processor.py:840} INFO - DAG(s) 'example_setup_teardown' retrieved from /home/airflow/.local/lib/python3.12/site-packages/airflow/example_dags/example_setup_teardown.py
[2024-05-24T07:40:34.640+0000] {logging_mixin.py:188} INFO - [2024-05-24T07:40:34.640+0000] {dag.py:3096} INFO - Sync 1 DAGs
[2024-05-24T07:40:34.648+0000] {logging_mixin.py:188} INFO - [2024-05-24T07:40:34.648+0000] {dag.py:3954} INFO - Setting next_dagrun for example_setup_teardown to 2024-05-23 00:00:00+00:00, run_after=2024-05-24 00:00:00+00:00
[2024-05-24T07:40:34.654+0000] {processor.py:183} INFO - Processing /home/airflow/.local/lib/python3.12/site-packages/airflow/example_dags/example_setup_teardown.py took 0.027 seconds
[2024-05-24T07:41:05.069+0000] {processor.py:161} INFO - Started process (PID=16226) to work on /home/airflow/.local/lib/python3.12/site-packages/airflow/example_dags/example_setup_teardown.py
[2024-05-24T07:41:05.069+0000] {processor.py:830} INFO - Processing file /home/airflow/.local/lib/python3.12/site-packages/airflow/example_dags/example_setup_teardown.py for tasks to queue
[2024-05-24T07:41:05.070+0000] {logging_mixin.py:188} INFO - [2024-05-24T07:41:05.070+0000] {dagbag.py:545} INFO - Filling up the DagBag from /home/airflow/.local/lib/python3.12/site-packages/airflow/example_dags/example_setup_teardown.py
[2024-05-24T07:41:05.073+0000] {processor.py:840} INFO - DAG(s) 'example_setup_teardown' retrieved from /home/airflow/.local/lib/python3.12/site-packages/airflow/example_dags/example_setup_teardown.py
[2024-05-24T07:41:05.081+0000] {logging_mixin.py:188} INFO - [2024-05-24T07:41:05.081+0000] {dag.py:3096} INFO - Sync 1 DAGs
[2024-05-24T07:41:05.089+0000] {logging_mixin.py:188} INFO - [2024-05-24T07:41:05.088+0000] {dag.py:3954} INFO - Setting next_dagrun for example_setup_teardown to 2024-05-23 00:00:00+00:00, run_after=2024-05-24 00:00:00+00:00
[2024-05-24T07:41:05.095+0000] {processor.py:183} INFO - Processing /home/airflow/.local/lib/python3.12/site-packages/airflow/example_dags/example_setup_teardown.py took 0.028 seconds
[2024-05-24T07:41:35.381+0000] {processor.py:161} INFO - Started process (PID=16486) to work on /home/airflow/.local/lib/python3.12/site-packages/airflow/example_dags/example_setup_teardown.py
[2024-05-24T07:41:35.382+0000] {processor.py:830} INFO - Processing file /home/airflow/.local/lib/python3.12/site-packages/airflow/example_dags/example_setup_teardown.py for tasks to queue
[2024-05-24T07:41:35.382+0000] {logging_mixin.py:188} INFO - [2024-05-24T07:41:35.382+0000] {dagbag.py:545} INFO - Filling up the DagBag from /home/airflow/.local/lib/python3.12/site-packages/airflow/example_dags/example_setup_teardown.py
[2024-05-24T07:41:35.385+0000] {processor.py:840} INFO - DAG(s) 'example_setup_teardown' retrieved from /home/airflow/.local/lib/python3.12/site-packages/airflow/example_dags/example_setup_teardown.py
[2024-05-24T07:41:35.392+0000] {logging_mixin.py:188} INFO - [2024-05-24T07:41:35.392+0000] {dag.py:3096} INFO - Sync 1 DAGs
[2024-05-24T07:41:35.400+0000] {logging_mixin.py:188} INFO - [2024-05-24T07:41:35.400+0000] {dag.py:3954} INFO - Setting next_dagrun for example_setup_teardown to 2024-05-23 00:00:00+00:00, run_after=2024-05-24 00:00:00+00:00
[2024-05-24T07:41:35.406+0000] {processor.py:183} INFO - Processing /home/airflow/.local/lib/python3.12/site-packages/airflow/example_dags/example_setup_teardown.py took 0.027 seconds
[2024-05-24T07:42:05.749+0000] {processor.py:161} INFO - Started process (PID=16750) to work on /home/airflow/.local/lib/python3.12/site-packages/airflow/example_dags/example_setup_teardown.py
[2024-05-24T07:42:05.749+0000] {processor.py:830} INFO - Processing file /home/airflow/.local/lib/python3.12/site-packages/airflow/example_dags/example_setup_teardown.py for tasks to queue
[2024-05-24T07:42:05.750+0000] {logging_mixin.py:188} INFO - [2024-05-24T07:42:05.750+0000] {dagbag.py:545} INFO - Filling up the DagBag from /home/airflow/.local/lib/python3.12/site-packages/airflow/example_dags/example_setup_teardown.py
[2024-05-24T07:42:05.752+0000] {processor.py:840} INFO - DAG(s) 'example_setup_teardown' retrieved from /home/airflow/.local/lib/python3.12/site-packages/airflow/example_dags/example_setup_teardown.py
[2024-05-24T07:42:05.761+0000] {logging_mixin.py:188} INFO - [2024-05-24T07:42:05.761+0000] {dag.py:3096} INFO - Sync 1 DAGs
[2024-05-24T07:42:05.769+0000] {logging_mixin.py:188} INFO - [2024-05-24T07:42:05.769+0000] {dag.py:3954} INFO - Setting next_dagrun for example_setup_teardown to 2024-05-23 00:00:00+00:00, run_after=2024-05-24 00:00:00+00:00
[2024-05-24T07:42:05.775+0000] {processor.py:183} INFO - Processing /home/airflow/.local/lib/python3.12/site-packages/airflow/example_dags/example_setup_teardown.py took 0.029 seconds
[2024-05-24T07:42:36.103+0000] {processor.py:161} INFO - Started process (PID=17010) to work on /home/airflow/.local/lib/python3.12/site-packages/airflow/example_dags/example_setup_teardown.py
[2024-05-24T07:42:36.103+0000] {processor.py:830} INFO - Processing file /home/airflow/.local/lib/python3.12/site-packages/airflow/example_dags/example_setup_teardown.py for tasks to queue
[2024-05-24T07:42:36.104+0000] {logging_mixin.py:188} INFO - [2024-05-24T07:42:36.104+0000] {dagbag.py:545} INFO - Filling up the DagBag from /home/airflow/.local/lib/python3.12/site-packages/airflow/example_dags/example_setup_teardown.py
[2024-05-24T07:42:36.106+0000] {processor.py:840} INFO - DAG(s) 'example_setup_teardown' retrieved from /home/airflow/.local/lib/python3.12/site-packages/airflow/example_dags/example_setup_teardown.py
[2024-05-24T07:42:36.114+0000] {logging_mixin.py:188} INFO - [2024-05-24T07:42:36.113+0000] {dag.py:3096} INFO - Sync 1 DAGs
[2024-05-24T07:42:36.121+0000] {logging_mixin.py:188} INFO - [2024-05-24T07:42:36.121+0000] {dag.py:3954} INFO - Setting next_dagrun for example_setup_teardown to 2024-05-23 00:00:00+00:00, run_after=2024-05-24 00:00:00+00:00
[2024-05-24T07:42:36.128+0000] {processor.py:183} INFO - Processing /home/airflow/.local/lib/python3.12/site-packages/airflow/example_dags/example_setup_teardown.py took 0.027 seconds
[2024-05-24T07:43:06.586+0000] {processor.py:161} INFO - Started process (PID=17274) to work on /home/airflow/.local/lib/python3.12/site-packages/airflow/example_dags/example_setup_teardown.py
[2024-05-24T07:43:06.586+0000] {processor.py:830} INFO - Processing file /home/airflow/.local/lib/python3.12/site-packages/airflow/example_dags/example_setup_teardown.py for tasks to queue
[2024-05-24T07:43:06.587+0000] {logging_mixin.py:188} INFO - [2024-05-24T07:43:06.586+0000] {dagbag.py:545} INFO - Filling up the DagBag from /home/airflow/.local/lib/python3.12/site-packages/airflow/example_dags/example_setup_teardown.py
[2024-05-24T07:43:06.589+0000] {processor.py:840} INFO - DAG(s) 'example_setup_teardown' retrieved from /home/airflow/.local/lib/python3.12/site-packages/airflow/example_dags/example_setup_teardown.py
[2024-05-24T07:43:06.596+0000] {logging_mixin.py:188} INFO - [2024-05-24T07:43:06.596+0000] {dag.py:3096} INFO - Sync 1 DAGs
[2024-05-24T07:43:06.603+0000] {logging_mixin.py:188} INFO - [2024-05-24T07:43:06.603+0000] {dag.py:3954} INFO - Setting next_dagrun for example_setup_teardown to 2024-05-23 00:00:00+00:00, run_after=2024-05-24 00:00:00+00:00
[2024-05-24T07:43:06.609+0000] {processor.py:183} INFO - Processing /home/airflow/.local/lib/python3.12/site-packages/airflow/example_dags/example_setup_teardown.py took 0.026 seconds
[2024-05-24T07:43:36.924+0000] {processor.py:161} INFO - Started process (PID=17536) to work on /home/airflow/.local/lib/python3.12/site-packages/airflow/example_dags/example_setup_teardown.py
[2024-05-24T07:43:36.925+0000] {processor.py:830} INFO - Processing file /home/airflow/.local/lib/python3.12/site-packages/airflow/example_dags/example_setup_teardown.py for tasks to queue
[2024-05-24T07:43:36.926+0000] {logging_mixin.py:188} INFO - [2024-05-24T07:43:36.925+0000] {dagbag.py:545} INFO - Filling up the DagBag from /home/airflow/.local/lib/python3.12/site-packages/airflow/example_dags/example_setup_teardown.py
[2024-05-24T07:43:36.929+0000] {processor.py:840} INFO - DAG(s) 'example_setup_teardown' retrieved from /home/airflow/.local/lib/python3.12/site-packages/airflow/example_dags/example_setup_teardown.py
[2024-05-24T07:43:36.936+0000] {logging_mixin.py:188} INFO - [2024-05-24T07:43:36.936+0000] {dag.py:3096} INFO - Sync 1 DAGs
[2024-05-24T07:43:36.943+0000] {logging_mixin.py:188} INFO - [2024-05-24T07:43:36.943+0000] {dag.py:3954} INFO - Setting next_dagrun for example_setup_teardown to 2024-05-23 00:00:00+00:00, run_after=2024-05-24 00:00:00+00:00
[2024-05-24T07:43:36.949+0000] {processor.py:183} INFO - Processing /home/airflow/.local/lib/python3.12/site-packages/airflow/example_dags/example_setup_teardown.py took 0.027 seconds
[2024-05-24T07:44:07.275+0000] {processor.py:161} INFO - Started process (PID=17796) to work on /home/airflow/.local/lib/python3.12/site-packages/airflow/example_dags/example_setup_teardown.py
[2024-05-24T07:44:07.275+0000] {processor.py:830} INFO - Processing file /home/airflow/.local/lib/python3.12/site-packages/airflow/example_dags/example_setup_teardown.py for tasks to queue
[2024-05-24T07:44:07.276+0000] {logging_mixin.py:188} INFO - [2024-05-24T07:44:07.275+0000] {dagbag.py:545} INFO - Filling up the DagBag from /home/airflow/.local/lib/python3.12/site-packages/airflow/example_dags/example_setup_teardown.py
[2024-05-24T07:44:07.278+0000] {processor.py:840} INFO - DAG(s) 'example_setup_teardown' retrieved from /home/airflow/.local/lib/python3.12/site-packages/airflow/example_dags/example_setup_teardown.py
[2024-05-24T07:44:07.285+0000] {logging_mixin.py:188} INFO - [2024-05-24T07:44:07.285+0000] {dag.py:3096} INFO - Sync 1 DAGs
[2024-05-24T07:44:07.292+0000] {logging_mixin.py:188} INFO - [2024-05-24T07:44:07.292+0000] {dag.py:3954} INFO - Setting next_dagrun for example_setup_teardown to 2024-05-23 00:00:00+00:00, run_after=2024-05-24 00:00:00+00:00
[2024-05-24T07:44:07.299+0000] {processor.py:183} INFO - Processing /home/airflow/.local/lib/python3.12/site-packages/airflow/example_dags/example_setup_teardown.py took 0.026 seconds
[2024-05-24T07:44:37.603+0000] {processor.py:161} INFO - Started process (PID=18060) to work on /home/airflow/.local/lib/python3.12/site-packages/airflow/example_dags/example_setup_teardown.py
[2024-05-24T07:44:37.603+0000] {processor.py:830} INFO - Processing file /home/airflow/.local/lib/python3.12/site-packages/airflow/example_dags/example_setup_teardown.py for tasks to queue
[2024-05-24T07:44:37.604+0000] {logging_mixin.py:188} INFO - [2024-05-24T07:44:37.604+0000] {dagbag.py:545} INFO - Filling up the DagBag from /home/airflow/.local/lib/python3.12/site-packages/airflow/example_dags/example_setup_teardown.py
[2024-05-24T07:44:37.606+0000] {processor.py:840} INFO - DAG(s) 'example_setup_teardown' retrieved from /home/airflow/.local/lib/python3.12/site-packages/airflow/example_dags/example_setup_teardown.py
[2024-05-24T07:44:37.613+0000] {logging_mixin.py:188} INFO - [2024-05-24T07:44:37.613+0000] {dag.py:3096} INFO - Sync 1 DAGs
[2024-05-24T07:44:37.620+0000] {logging_mixin.py:188} INFO - [2024-05-24T07:44:37.620+0000] {dag.py:3954} INFO - Setting next_dagrun for example_setup_teardown to 2024-05-23 00:00:00+00:00, run_after=2024-05-24 00:00:00+00:00
[2024-05-24T07:44:37.626+0000] {processor.py:183} INFO - Processing /home/airflow/.local/lib/python3.12/site-packages/airflow/example_dags/example_setup_teardown.py took 0.025 seconds
