[2024-05-24T05:45:20.265+0000] {processor.py:161} INFO - Started process (PID=238) to work on /home/airflow/.local/lib/python3.12/site-packages/airflow/example_dags/example_branch_labels.py
[2024-05-24T05:45:20.266+0000] {processor.py:830} INFO - Processing file /home/airflow/.local/lib/python3.12/site-packages/airflow/example_dags/example_branch_labels.py for tasks to queue
[2024-05-24T05:45:20.266+0000] {logging_mixin.py:188} INFO - [2024-05-24T05:45:20.266+0000] {dagbag.py:545} INFO - Filling up the DagBag from /home/airflow/.local/lib/python3.12/site-packages/airflow/example_dags/example_branch_labels.py
[2024-05-24T05:45:20.271+0000] {processor.py:840} INFO - DAG(s) 'example_branch_labels' retrieved from /home/airflow/.local/lib/python3.12/site-packages/airflow/example_dags/example_branch_labels.py
[2024-05-24T05:45:20.276+0000] {logging_mixin.py:188} INFO - [2024-05-24T05:45:20.276+0000] {dag.py:3096} INFO - Sync 1 DAGs
[2024-05-24T05:45:20.284+0000] {logging_mixin.py:188} INFO - [2024-05-24T05:45:20.284+0000] {dag.py:3954} INFO - Setting next_dagrun for example_branch_labels to 2024-05-23 00:00:00+00:00, run_after=2024-05-24 00:00:00+00:00
[2024-05-24T05:45:20.291+0000] {processor.py:183} INFO - Processing /home/airflow/.local/lib/python3.12/site-packages/airflow/example_dags/example_branch_labels.py took 0.028 seconds
[2024-05-24T05:45:50.551+0000] {processor.py:161} INFO - Started process (PID=500) to work on /home/airflow/.local/lib/python3.12/site-packages/airflow/example_dags/example_branch_labels.py
[2024-05-24T05:45:50.551+0000] {processor.py:830} INFO - Processing file /home/airflow/.local/lib/python3.12/site-packages/airflow/example_dags/example_branch_labels.py for tasks to queue
[2024-05-24T05:45:50.552+0000] {logging_mixin.py:188} INFO - [2024-05-24T05:45:50.552+0000] {dagbag.py:545} INFO - Filling up the DagBag from /home/airflow/.local/lib/python3.12/site-packages/airflow/example_dags/example_branch_labels.py
[2024-05-24T05:45:50.555+0000] {processor.py:840} INFO - DAG(s) 'example_branch_labels' retrieved from /home/airflow/.local/lib/python3.12/site-packages/airflow/example_dags/example_branch_labels.py
[2024-05-24T05:45:50.590+0000] {logging_mixin.py:188} INFO - [2024-05-24T05:45:50.590+0000] {dag.py:3096} INFO - Sync 1 DAGs
[2024-05-24T05:45:50.596+0000] {logging_mixin.py:188} INFO - [2024-05-24T05:45:50.596+0000] {dag.py:3954} INFO - Setting next_dagrun for example_branch_labels to 2024-05-23 00:00:00+00:00, run_after=2024-05-24 00:00:00+00:00
[2024-05-24T05:45:50.602+0000] {processor.py:183} INFO - Processing /home/airflow/.local/lib/python3.12/site-packages/airflow/example_dags/example_branch_labels.py took 0.053 seconds
[2024-05-24T05:46:21.529+0000] {processor.py:161} INFO - Started process (PID=762) to work on /home/airflow/.local/lib/python3.12/site-packages/airflow/example_dags/example_branch_labels.py
[2024-05-24T05:46:21.530+0000] {processor.py:830} INFO - Processing file /home/airflow/.local/lib/python3.12/site-packages/airflow/example_dags/example_branch_labels.py for tasks to queue
[2024-05-24T05:46:21.530+0000] {logging_mixin.py:188} INFO - [2024-05-24T05:46:21.530+0000] {dagbag.py:545} INFO - Filling up the DagBag from /home/airflow/.local/lib/python3.12/site-packages/airflow/example_dags/example_branch_labels.py
[2024-05-24T05:46:21.533+0000] {processor.py:840} INFO - DAG(s) 'example_branch_labels' retrieved from /home/airflow/.local/lib/python3.12/site-packages/airflow/example_dags/example_branch_labels.py
[2024-05-24T05:46:21.542+0000] {logging_mixin.py:188} INFO - [2024-05-24T05:46:21.542+0000] {dag.py:3096} INFO - Sync 1 DAGs
[2024-05-24T05:46:21.550+0000] {logging_mixin.py:188} INFO - [2024-05-24T05:46:21.550+0000] {dag.py:3954} INFO - Setting next_dagrun for example_branch_labels to 2024-05-23 00:00:00+00:00, run_after=2024-05-24 00:00:00+00:00
[2024-05-24T05:46:21.556+0000] {processor.py:183} INFO - Processing /home/airflow/.local/lib/python3.12/site-packages/airflow/example_dags/example_branch_labels.py took 0.029 seconds
[2024-05-24T05:46:51.833+0000] {processor.py:161} INFO - Started process (PID=1022) to work on /home/airflow/.local/lib/python3.12/site-packages/airflow/example_dags/example_branch_labels.py
[2024-05-24T05:46:51.834+0000] {processor.py:830} INFO - Processing file /home/airflow/.local/lib/python3.12/site-packages/airflow/example_dags/example_branch_labels.py for tasks to queue
[2024-05-24T05:46:51.835+0000] {logging_mixin.py:188} INFO - [2024-05-24T05:46:51.835+0000] {dagbag.py:545} INFO - Filling up the DagBag from /home/airflow/.local/lib/python3.12/site-packages/airflow/example_dags/example_branch_labels.py
[2024-05-24T05:46:51.838+0000] {processor.py:840} INFO - DAG(s) 'example_branch_labels' retrieved from /home/airflow/.local/lib/python3.12/site-packages/airflow/example_dags/example_branch_labels.py
[2024-05-24T05:46:51.845+0000] {logging_mixin.py:188} INFO - [2024-05-24T05:46:51.845+0000] {dag.py:3096} INFO - Sync 1 DAGs
[2024-05-24T05:46:51.853+0000] {logging_mixin.py:188} INFO - [2024-05-24T05:46:51.853+0000] {dag.py:3954} INFO - Setting next_dagrun for example_branch_labels to 2024-05-23 00:00:00+00:00, run_after=2024-05-24 00:00:00+00:00
[2024-05-24T05:46:51.859+0000] {processor.py:183} INFO - Processing /home/airflow/.local/lib/python3.12/site-packages/airflow/example_dags/example_branch_labels.py took 0.028 seconds
[2024-05-24T05:47:22.149+0000] {processor.py:161} INFO - Started process (PID=1284) to work on /home/airflow/.local/lib/python3.12/site-packages/airflow/example_dags/example_branch_labels.py
[2024-05-24T05:47:22.149+0000] {processor.py:830} INFO - Processing file /home/airflow/.local/lib/python3.12/site-packages/airflow/example_dags/example_branch_labels.py for tasks to queue
[2024-05-24T05:47:22.150+0000] {logging_mixin.py:188} INFO - [2024-05-24T05:47:22.150+0000] {dagbag.py:545} INFO - Filling up the DagBag from /home/airflow/.local/lib/python3.12/site-packages/airflow/example_dags/example_branch_labels.py
[2024-05-24T05:47:22.153+0000] {processor.py:840} INFO - DAG(s) 'example_branch_labels' retrieved from /home/airflow/.local/lib/python3.12/site-packages/airflow/example_dags/example_branch_labels.py
[2024-05-24T05:47:22.162+0000] {logging_mixin.py:188} INFO - [2024-05-24T05:47:22.162+0000] {dag.py:3096} INFO - Sync 1 DAGs
[2024-05-24T05:47:22.170+0000] {logging_mixin.py:188} INFO - [2024-05-24T05:47:22.170+0000] {dag.py:3954} INFO - Setting next_dagrun for example_branch_labels to 2024-05-23 00:00:00+00:00, run_after=2024-05-24 00:00:00+00:00
[2024-05-24T05:47:22.176+0000] {processor.py:183} INFO - Processing /home/airflow/.local/lib/python3.12/site-packages/airflow/example_dags/example_branch_labels.py took 0.030 seconds
[2024-05-24T05:47:52.477+0000] {processor.py:161} INFO - Started process (PID=1546) to work on /home/airflow/.local/lib/python3.12/site-packages/airflow/example_dags/example_branch_labels.py
[2024-05-24T05:47:52.477+0000] {processor.py:830} INFO - Processing file /home/airflow/.local/lib/python3.12/site-packages/airflow/example_dags/example_branch_labels.py for tasks to queue
[2024-05-24T05:47:52.478+0000] {logging_mixin.py:188} INFO - [2024-05-24T05:47:52.478+0000] {dagbag.py:545} INFO - Filling up the DagBag from /home/airflow/.local/lib/python3.12/site-packages/airflow/example_dags/example_branch_labels.py
[2024-05-24T05:47:52.481+0000] {processor.py:840} INFO - DAG(s) 'example_branch_labels' retrieved from /home/airflow/.local/lib/python3.12/site-packages/airflow/example_dags/example_branch_labels.py
[2024-05-24T05:47:52.489+0000] {logging_mixin.py:188} INFO - [2024-05-24T05:47:52.489+0000] {dag.py:3096} INFO - Sync 1 DAGs
[2024-05-24T05:47:52.497+0000] {logging_mixin.py:188} INFO - [2024-05-24T05:47:52.497+0000] {dag.py:3954} INFO - Setting next_dagrun for example_branch_labels to 2024-05-23 00:00:00+00:00, run_after=2024-05-24 00:00:00+00:00
[2024-05-24T05:47:52.503+0000] {processor.py:183} INFO - Processing /home/airflow/.local/lib/python3.12/site-packages/airflow/example_dags/example_branch_labels.py took 0.028 seconds
[2024-05-24T05:48:22.868+0000] {processor.py:161} INFO - Started process (PID=1810) to work on /home/airflow/.local/lib/python3.12/site-packages/airflow/example_dags/example_branch_labels.py
[2024-05-24T05:48:22.868+0000] {processor.py:830} INFO - Processing file /home/airflow/.local/lib/python3.12/site-packages/airflow/example_dags/example_branch_labels.py for tasks to queue
[2024-05-24T05:48:22.869+0000] {logging_mixin.py:188} INFO - [2024-05-24T05:48:22.869+0000] {dagbag.py:545} INFO - Filling up the DagBag from /home/airflow/.local/lib/python3.12/site-packages/airflow/example_dags/example_branch_labels.py
[2024-05-24T05:48:22.872+0000] {processor.py:840} INFO - DAG(s) 'example_branch_labels' retrieved from /home/airflow/.local/lib/python3.12/site-packages/airflow/example_dags/example_branch_labels.py
[2024-05-24T05:48:22.880+0000] {logging_mixin.py:188} INFO - [2024-05-24T05:48:22.880+0000] {dag.py:3096} INFO - Sync 1 DAGs
[2024-05-24T05:48:22.888+0000] {logging_mixin.py:188} INFO - [2024-05-24T05:48:22.888+0000] {dag.py:3954} INFO - Setting next_dagrun for example_branch_labels to 2024-05-23 00:00:00+00:00, run_after=2024-05-24 00:00:00+00:00
[2024-05-24T05:48:22.893+0000] {processor.py:183} INFO - Processing /home/airflow/.local/lib/python3.12/site-packages/airflow/example_dags/example_branch_labels.py took 0.028 seconds
[2024-05-24T05:48:53.177+0000] {processor.py:161} INFO - Started process (PID=2070) to work on /home/airflow/.local/lib/python3.12/site-packages/airflow/example_dags/example_branch_labels.py
[2024-05-24T05:48:53.177+0000] {processor.py:830} INFO - Processing file /home/airflow/.local/lib/python3.12/site-packages/airflow/example_dags/example_branch_labels.py for tasks to queue
[2024-05-24T05:48:53.178+0000] {logging_mixin.py:188} INFO - [2024-05-24T05:48:53.178+0000] {dagbag.py:545} INFO - Filling up the DagBag from /home/airflow/.local/lib/python3.12/site-packages/airflow/example_dags/example_branch_labels.py
[2024-05-24T05:48:53.181+0000] {processor.py:840} INFO - DAG(s) 'example_branch_labels' retrieved from /home/airflow/.local/lib/python3.12/site-packages/airflow/example_dags/example_branch_labels.py
[2024-05-24T05:48:53.189+0000] {logging_mixin.py:188} INFO - [2024-05-24T05:48:53.189+0000] {dag.py:3096} INFO - Sync 1 DAGs
[2024-05-24T05:48:53.197+0000] {logging_mixin.py:188} INFO - [2024-05-24T05:48:53.197+0000] {dag.py:3954} INFO - Setting next_dagrun for example_branch_labels to 2024-05-23 00:00:00+00:00, run_after=2024-05-24 00:00:00+00:00
[2024-05-24T05:48:53.204+0000] {processor.py:183} INFO - Processing /home/airflow/.local/lib/python3.12/site-packages/airflow/example_dags/example_branch_labels.py took 0.029 seconds
[2024-05-24T05:49:23.509+0000] {processor.py:161} INFO - Started process (PID=2332) to work on /home/airflow/.local/lib/python3.12/site-packages/airflow/example_dags/example_branch_labels.py
[2024-05-24T05:49:23.509+0000] {processor.py:830} INFO - Processing file /home/airflow/.local/lib/python3.12/site-packages/airflow/example_dags/example_branch_labels.py for tasks to queue
[2024-05-24T05:49:23.510+0000] {logging_mixin.py:188} INFO - [2024-05-24T05:49:23.510+0000] {dagbag.py:545} INFO - Filling up the DagBag from /home/airflow/.local/lib/python3.12/site-packages/airflow/example_dags/example_branch_labels.py
[2024-05-24T05:49:23.513+0000] {processor.py:840} INFO - DAG(s) 'example_branch_labels' retrieved from /home/airflow/.local/lib/python3.12/site-packages/airflow/example_dags/example_branch_labels.py
[2024-05-24T05:49:23.520+0000] {logging_mixin.py:188} INFO - [2024-05-24T05:49:23.520+0000] {dag.py:3096} INFO - Sync 1 DAGs
[2024-05-24T05:49:23.528+0000] {logging_mixin.py:188} INFO - [2024-05-24T05:49:23.528+0000] {dag.py:3954} INFO - Setting next_dagrun for example_branch_labels to 2024-05-23 00:00:00+00:00, run_after=2024-05-24 00:00:00+00:00
[2024-05-24T05:49:23.534+0000] {processor.py:183} INFO - Processing /home/airflow/.local/lib/python3.12/site-packages/airflow/example_dags/example_branch_labels.py took 0.027 seconds
[2024-05-24T05:49:53.772+0000] {processor.py:161} INFO - Started process (PID=2594) to work on /home/airflow/.local/lib/python3.12/site-packages/airflow/example_dags/example_branch_labels.py
[2024-05-24T05:49:53.772+0000] {processor.py:830} INFO - Processing file /home/airflow/.local/lib/python3.12/site-packages/airflow/example_dags/example_branch_labels.py for tasks to queue
[2024-05-24T05:49:53.773+0000] {logging_mixin.py:188} INFO - [2024-05-24T05:49:53.773+0000] {dagbag.py:545} INFO - Filling up the DagBag from /home/airflow/.local/lib/python3.12/site-packages/airflow/example_dags/example_branch_labels.py
[2024-05-24T05:49:53.776+0000] {processor.py:840} INFO - DAG(s) 'example_branch_labels' retrieved from /home/airflow/.local/lib/python3.12/site-packages/airflow/example_dags/example_branch_labels.py
[2024-05-24T05:49:53.784+0000] {logging_mixin.py:188} INFO - [2024-05-24T05:49:53.784+0000] {dag.py:3096} INFO - Sync 1 DAGs
[2024-05-24T05:49:53.793+0000] {logging_mixin.py:188} INFO - [2024-05-24T05:49:53.793+0000] {dag.py:3954} INFO - Setting next_dagrun for example_branch_labels to 2024-05-23 00:00:00+00:00, run_after=2024-05-24 00:00:00+00:00
[2024-05-24T05:49:53.799+0000] {processor.py:183} INFO - Processing /home/airflow/.local/lib/python3.12/site-packages/airflow/example_dags/example_branch_labels.py took 0.029 seconds
[2024-05-24T05:50:24.199+0000] {processor.py:161} INFO - Started process (PID=2858) to work on /home/airflow/.local/lib/python3.12/site-packages/airflow/example_dags/example_branch_labels.py
[2024-05-24T05:50:24.199+0000] {processor.py:830} INFO - Processing file /home/airflow/.local/lib/python3.12/site-packages/airflow/example_dags/example_branch_labels.py for tasks to queue
[2024-05-24T05:50:24.200+0000] {logging_mixin.py:188} INFO - [2024-05-24T05:50:24.200+0000] {dagbag.py:545} INFO - Filling up the DagBag from /home/airflow/.local/lib/python3.12/site-packages/airflow/example_dags/example_branch_labels.py
[2024-05-24T05:50:24.203+0000] {processor.py:840} INFO - DAG(s) 'example_branch_labels' retrieved from /home/airflow/.local/lib/python3.12/site-packages/airflow/example_dags/example_branch_labels.py
[2024-05-24T05:50:24.213+0000] {logging_mixin.py:188} INFO - [2024-05-24T05:50:24.213+0000] {dag.py:3096} INFO - Sync 1 DAGs
[2024-05-24T05:50:24.221+0000] {logging_mixin.py:188} INFO - [2024-05-24T05:50:24.220+0000] {dag.py:3954} INFO - Setting next_dagrun for example_branch_labels to 2024-05-23 00:00:00+00:00, run_after=2024-05-24 00:00:00+00:00
[2024-05-24T05:50:24.226+0000] {processor.py:183} INFO - Processing /home/airflow/.local/lib/python3.12/site-packages/airflow/example_dags/example_branch_labels.py took 0.030 seconds
[2024-05-24T05:50:54.535+0000] {processor.py:161} INFO - Started process (PID=3120) to work on /home/airflow/.local/lib/python3.12/site-packages/airflow/example_dags/example_branch_labels.py
[2024-05-24T05:50:54.535+0000] {processor.py:830} INFO - Processing file /home/airflow/.local/lib/python3.12/site-packages/airflow/example_dags/example_branch_labels.py for tasks to queue
[2024-05-24T05:50:54.536+0000] {logging_mixin.py:188} INFO - [2024-05-24T05:50:54.535+0000] {dagbag.py:545} INFO - Filling up the DagBag from /home/airflow/.local/lib/python3.12/site-packages/airflow/example_dags/example_branch_labels.py
[2024-05-24T05:50:54.539+0000] {processor.py:840} INFO - DAG(s) 'example_branch_labels' retrieved from /home/airflow/.local/lib/python3.12/site-packages/airflow/example_dags/example_branch_labels.py
[2024-05-24T05:50:54.546+0000] {logging_mixin.py:188} INFO - [2024-05-24T05:50:54.546+0000] {dag.py:3096} INFO - Sync 1 DAGs
[2024-05-24T05:50:54.554+0000] {logging_mixin.py:188} INFO - [2024-05-24T05:50:54.554+0000] {dag.py:3954} INFO - Setting next_dagrun for example_branch_labels to 2024-05-23 00:00:00+00:00, run_after=2024-05-24 00:00:00+00:00
[2024-05-24T05:50:54.560+0000] {processor.py:183} INFO - Processing /home/airflow/.local/lib/python3.12/site-packages/airflow/example_dags/example_branch_labels.py took 0.028 seconds
[2024-05-24T05:51:24.859+0000] {processor.py:161} INFO - Started process (PID=3380) to work on /home/airflow/.local/lib/python3.12/site-packages/airflow/example_dags/example_branch_labels.py
[2024-05-24T05:51:24.859+0000] {processor.py:830} INFO - Processing file /home/airflow/.local/lib/python3.12/site-packages/airflow/example_dags/example_branch_labels.py for tasks to queue
[2024-05-24T05:51:24.860+0000] {logging_mixin.py:188} INFO - [2024-05-24T05:51:24.860+0000] {dagbag.py:545} INFO - Filling up the DagBag from /home/airflow/.local/lib/python3.12/site-packages/airflow/example_dags/example_branch_labels.py
[2024-05-24T05:51:24.863+0000] {processor.py:840} INFO - DAG(s) 'example_branch_labels' retrieved from /home/airflow/.local/lib/python3.12/site-packages/airflow/example_dags/example_branch_labels.py
[2024-05-24T05:51:24.871+0000] {logging_mixin.py:188} INFO - [2024-05-24T05:51:24.871+0000] {dag.py:3096} INFO - Sync 1 DAGs
[2024-05-24T05:51:24.879+0000] {logging_mixin.py:188} INFO - [2024-05-24T05:51:24.879+0000] {dag.py:3954} INFO - Setting next_dagrun for example_branch_labels to 2024-05-23 00:00:00+00:00, run_after=2024-05-24 00:00:00+00:00
[2024-05-24T05:51:24.884+0000] {processor.py:183} INFO - Processing /home/airflow/.local/lib/python3.12/site-packages/airflow/example_dags/example_branch_labels.py took 0.028 seconds
[2024-05-24T05:51:55.165+0000] {processor.py:161} INFO - Started process (PID=3642) to work on /home/airflow/.local/lib/python3.12/site-packages/airflow/example_dags/example_branch_labels.py
[2024-05-24T05:51:55.166+0000] {processor.py:830} INFO - Processing file /home/airflow/.local/lib/python3.12/site-packages/airflow/example_dags/example_branch_labels.py for tasks to queue
[2024-05-24T05:51:55.166+0000] {logging_mixin.py:188} INFO - [2024-05-24T05:51:55.166+0000] {dagbag.py:545} INFO - Filling up the DagBag from /home/airflow/.local/lib/python3.12/site-packages/airflow/example_dags/example_branch_labels.py
[2024-05-24T05:51:55.169+0000] {processor.py:840} INFO - DAG(s) 'example_branch_labels' retrieved from /home/airflow/.local/lib/python3.12/site-packages/airflow/example_dags/example_branch_labels.py
[2024-05-24T05:51:55.177+0000] {logging_mixin.py:188} INFO - [2024-05-24T05:51:55.177+0000] {dag.py:3096} INFO - Sync 1 DAGs
[2024-05-24T05:51:55.186+0000] {logging_mixin.py:188} INFO - [2024-05-24T05:51:55.186+0000] {dag.py:3954} INFO - Setting next_dagrun for example_branch_labels to 2024-05-23 00:00:00+00:00, run_after=2024-05-24 00:00:00+00:00
[2024-05-24T05:51:55.191+0000] {processor.py:183} INFO - Processing /home/airflow/.local/lib/python3.12/site-packages/airflow/example_dags/example_branch_labels.py took 0.029 seconds
[2024-05-24T05:52:25.467+0000] {processor.py:161} INFO - Started process (PID=3904) to work on /home/airflow/.local/lib/python3.12/site-packages/airflow/example_dags/example_branch_labels.py
[2024-05-24T05:52:25.468+0000] {processor.py:830} INFO - Processing file /home/airflow/.local/lib/python3.12/site-packages/airflow/example_dags/example_branch_labels.py for tasks to queue
[2024-05-24T05:52:25.469+0000] {logging_mixin.py:188} INFO - [2024-05-24T05:52:25.468+0000] {dagbag.py:545} INFO - Filling up the DagBag from /home/airflow/.local/lib/python3.12/site-packages/airflow/example_dags/example_branch_labels.py
[2024-05-24T05:52:25.471+0000] {processor.py:840} INFO - DAG(s) 'example_branch_labels' retrieved from /home/airflow/.local/lib/python3.12/site-packages/airflow/example_dags/example_branch_labels.py
[2024-05-24T05:52:25.479+0000] {logging_mixin.py:188} INFO - [2024-05-24T05:52:25.479+0000] {dag.py:3096} INFO - Sync 1 DAGs
[2024-05-24T05:52:25.487+0000] {logging_mixin.py:188} INFO - [2024-05-24T05:52:25.487+0000] {dag.py:3954} INFO - Setting next_dagrun for example_branch_labels to 2024-05-23 00:00:00+00:00, run_after=2024-05-24 00:00:00+00:00
[2024-05-24T05:52:25.492+0000] {processor.py:183} INFO - Processing /home/airflow/.local/lib/python3.12/site-packages/airflow/example_dags/example_branch_labels.py took 0.027 seconds
[2024-05-24T05:52:55.716+0000] {processor.py:161} INFO - Started process (PID=4166) to work on /home/airflow/.local/lib/python3.12/site-packages/airflow/example_dags/example_branch_labels.py
[2024-05-24T05:52:55.716+0000] {processor.py:830} INFO - Processing file /home/airflow/.local/lib/python3.12/site-packages/airflow/example_dags/example_branch_labels.py for tasks to queue
[2024-05-24T05:52:55.717+0000] {logging_mixin.py:188} INFO - [2024-05-24T05:52:55.717+0000] {dagbag.py:545} INFO - Filling up the DagBag from /home/airflow/.local/lib/python3.12/site-packages/airflow/example_dags/example_branch_labels.py
[2024-05-24T05:52:55.720+0000] {processor.py:840} INFO - DAG(s) 'example_branch_labels' retrieved from /home/airflow/.local/lib/python3.12/site-packages/airflow/example_dags/example_branch_labels.py
[2024-05-24T05:52:55.727+0000] {logging_mixin.py:188} INFO - [2024-05-24T05:52:55.727+0000] {dag.py:3096} INFO - Sync 1 DAGs
[2024-05-24T05:52:55.735+0000] {logging_mixin.py:188} INFO - [2024-05-24T05:52:55.735+0000] {dag.py:3954} INFO - Setting next_dagrun for example_branch_labels to 2024-05-23 00:00:00+00:00, run_after=2024-05-24 00:00:00+00:00
[2024-05-24T05:52:55.741+0000] {processor.py:183} INFO - Processing /home/airflow/.local/lib/python3.12/site-packages/airflow/example_dags/example_branch_labels.py took 0.027 seconds
[2024-05-24T05:53:26.140+0000] {processor.py:161} INFO - Started process (PID=4430) to work on /home/airflow/.local/lib/python3.12/site-packages/airflow/example_dags/example_branch_labels.py
[2024-05-24T05:53:26.141+0000] {processor.py:830} INFO - Processing file /home/airflow/.local/lib/python3.12/site-packages/airflow/example_dags/example_branch_labels.py for tasks to queue
[2024-05-24T05:53:26.141+0000] {logging_mixin.py:188} INFO - [2024-05-24T05:53:26.141+0000] {dagbag.py:545} INFO - Filling up the DagBag from /home/airflow/.local/lib/python3.12/site-packages/airflow/example_dags/example_branch_labels.py
[2024-05-24T05:53:26.145+0000] {processor.py:840} INFO - DAG(s) 'example_branch_labels' retrieved from /home/airflow/.local/lib/python3.12/site-packages/airflow/example_dags/example_branch_labels.py
[2024-05-24T05:53:26.154+0000] {logging_mixin.py:188} INFO - [2024-05-24T05:53:26.154+0000] {dag.py:3096} INFO - Sync 1 DAGs
[2024-05-24T05:53:26.162+0000] {logging_mixin.py:188} INFO - [2024-05-24T05:53:26.162+0000] {dag.py:3954} INFO - Setting next_dagrun for example_branch_labels to 2024-05-23 00:00:00+00:00, run_after=2024-05-24 00:00:00+00:00
[2024-05-24T05:53:26.168+0000] {processor.py:183} INFO - Processing /home/airflow/.local/lib/python3.12/site-packages/airflow/example_dags/example_branch_labels.py took 0.030 seconds
[2024-05-24T05:53:56.610+0000] {processor.py:161} INFO - Started process (PID=4717) to work on /home/airflow/.local/lib/python3.12/site-packages/airflow/example_dags/example_branch_labels.py
[2024-05-24T05:53:56.610+0000] {processor.py:830} INFO - Processing file /home/airflow/.local/lib/python3.12/site-packages/airflow/example_dags/example_branch_labels.py for tasks to queue
[2024-05-24T05:53:56.611+0000] {logging_mixin.py:188} INFO - [2024-05-24T05:53:56.611+0000] {dagbag.py:545} INFO - Filling up the DagBag from /home/airflow/.local/lib/python3.12/site-packages/airflow/example_dags/example_branch_labels.py
[2024-05-24T05:53:56.614+0000] {processor.py:840} INFO - DAG(s) 'example_branch_labels' retrieved from /home/airflow/.local/lib/python3.12/site-packages/airflow/example_dags/example_branch_labels.py
[2024-05-24T05:53:56.623+0000] {logging_mixin.py:188} INFO - [2024-05-24T05:53:56.623+0000] {dag.py:3096} INFO - Sync 1 DAGs
[2024-05-24T05:53:56.631+0000] {logging_mixin.py:188} INFO - [2024-05-24T05:53:56.631+0000] {dag.py:3954} INFO - Setting next_dagrun for example_branch_labels to 2024-05-23 00:00:00+00:00, run_after=2024-05-24 00:00:00+00:00
[2024-05-24T05:53:56.637+0000] {processor.py:183} INFO - Processing /home/airflow/.local/lib/python3.12/site-packages/airflow/example_dags/example_branch_labels.py took 0.030 seconds
[2024-05-24T05:54:26.934+0000] {processor.py:161} INFO - Started process (PID=4977) to work on /home/airflow/.local/lib/python3.12/site-packages/airflow/example_dags/example_branch_labels.py
[2024-05-24T05:54:26.934+0000] {processor.py:830} INFO - Processing file /home/airflow/.local/lib/python3.12/site-packages/airflow/example_dags/example_branch_labels.py for tasks to queue
[2024-05-24T05:54:26.935+0000] {logging_mixin.py:188} INFO - [2024-05-24T05:54:26.935+0000] {dagbag.py:545} INFO - Filling up the DagBag from /home/airflow/.local/lib/python3.12/site-packages/airflow/example_dags/example_branch_labels.py
[2024-05-24T05:54:26.938+0000] {processor.py:840} INFO - DAG(s) 'example_branch_labels' retrieved from /home/airflow/.local/lib/python3.12/site-packages/airflow/example_dags/example_branch_labels.py
[2024-05-24T05:54:26.947+0000] {logging_mixin.py:188} INFO - [2024-05-24T05:54:26.947+0000] {dag.py:3096} INFO - Sync 1 DAGs
[2024-05-24T05:54:26.955+0000] {logging_mixin.py:188} INFO - [2024-05-24T05:54:26.955+0000] {dag.py:3954} INFO - Setting next_dagrun for example_branch_labels to 2024-05-23 00:00:00+00:00, run_after=2024-05-24 00:00:00+00:00
[2024-05-24T05:54:26.962+0000] {processor.py:183} INFO - Processing /home/airflow/.local/lib/python3.12/site-packages/airflow/example_dags/example_branch_labels.py took 0.030 seconds
[2024-05-24T05:54:57.267+0000] {processor.py:161} INFO - Started process (PID=5239) to work on /home/airflow/.local/lib/python3.12/site-packages/airflow/example_dags/example_branch_labels.py
[2024-05-24T05:54:57.267+0000] {processor.py:830} INFO - Processing file /home/airflow/.local/lib/python3.12/site-packages/airflow/example_dags/example_branch_labels.py for tasks to queue
[2024-05-24T05:54:57.268+0000] {logging_mixin.py:188} INFO - [2024-05-24T05:54:57.268+0000] {dagbag.py:545} INFO - Filling up the DagBag from /home/airflow/.local/lib/python3.12/site-packages/airflow/example_dags/example_branch_labels.py
[2024-05-24T05:54:57.271+0000] {processor.py:840} INFO - DAG(s) 'example_branch_labels' retrieved from /home/airflow/.local/lib/python3.12/site-packages/airflow/example_dags/example_branch_labels.py
[2024-05-24T05:54:57.278+0000] {logging_mixin.py:188} INFO - [2024-05-24T05:54:57.278+0000] {dag.py:3096} INFO - Sync 1 DAGs
[2024-05-24T05:54:57.286+0000] {logging_mixin.py:188} INFO - [2024-05-24T05:54:57.286+0000] {dag.py:3954} INFO - Setting next_dagrun for example_branch_labels to 2024-05-23 00:00:00+00:00, run_after=2024-05-24 00:00:00+00:00
[2024-05-24T05:54:57.292+0000] {processor.py:183} INFO - Processing /home/airflow/.local/lib/python3.12/site-packages/airflow/example_dags/example_branch_labels.py took 0.027 seconds
[2024-05-24T05:55:27.639+0000] {processor.py:161} INFO - Started process (PID=5501) to work on /home/airflow/.local/lib/python3.12/site-packages/airflow/example_dags/example_branch_labels.py
[2024-05-24T05:55:27.640+0000] {processor.py:830} INFO - Processing file /home/airflow/.local/lib/python3.12/site-packages/airflow/example_dags/example_branch_labels.py for tasks to queue
[2024-05-24T05:55:27.641+0000] {logging_mixin.py:188} INFO - [2024-05-24T05:55:27.640+0000] {dagbag.py:545} INFO - Filling up the DagBag from /home/airflow/.local/lib/python3.12/site-packages/airflow/example_dags/example_branch_labels.py
[2024-05-24T05:55:27.643+0000] {processor.py:840} INFO - DAG(s) 'example_branch_labels' retrieved from /home/airflow/.local/lib/python3.12/site-packages/airflow/example_dags/example_branch_labels.py
[2024-05-24T05:55:27.651+0000] {logging_mixin.py:188} INFO - [2024-05-24T05:55:27.651+0000] {dag.py:3096} INFO - Sync 1 DAGs
[2024-05-24T05:55:27.658+0000] {logging_mixin.py:188} INFO - [2024-05-24T05:55:27.658+0000] {dag.py:3954} INFO - Setting next_dagrun for example_branch_labels to 2024-05-23 00:00:00+00:00, run_after=2024-05-24 00:00:00+00:00
[2024-05-24T05:55:27.664+0000] {processor.py:183} INFO - Processing /home/airflow/.local/lib/python3.12/site-packages/airflow/example_dags/example_branch_labels.py took 0.027 seconds
[2024-05-24T05:55:57.986+0000] {processor.py:161} INFO - Started process (PID=5763) to work on /home/airflow/.local/lib/python3.12/site-packages/airflow/example_dags/example_branch_labels.py
[2024-05-24T05:55:57.986+0000] {processor.py:830} INFO - Processing file /home/airflow/.local/lib/python3.12/site-packages/airflow/example_dags/example_branch_labels.py for tasks to queue
[2024-05-24T05:55:57.987+0000] {logging_mixin.py:188} INFO - [2024-05-24T05:55:57.987+0000] {dagbag.py:545} INFO - Filling up the DagBag from /home/airflow/.local/lib/python3.12/site-packages/airflow/example_dags/example_branch_labels.py
[2024-05-24T05:55:57.989+0000] {processor.py:840} INFO - DAG(s) 'example_branch_labels' retrieved from /home/airflow/.local/lib/python3.12/site-packages/airflow/example_dags/example_branch_labels.py
[2024-05-24T05:55:57.997+0000] {logging_mixin.py:188} INFO - [2024-05-24T05:55:57.997+0000] {dag.py:3096} INFO - Sync 1 DAGs
[2024-05-24T05:55:58.004+0000] {logging_mixin.py:188} INFO - [2024-05-24T05:55:58.004+0000] {dag.py:3954} INFO - Setting next_dagrun for example_branch_labels to 2024-05-23 00:00:00+00:00, run_after=2024-05-24 00:00:00+00:00
[2024-05-24T05:55:58.010+0000] {processor.py:183} INFO - Processing /home/airflow/.local/lib/python3.12/site-packages/airflow/example_dags/example_branch_labels.py took 0.027 seconds
[2024-05-24T05:56:28.317+0000] {processor.py:161} INFO - Started process (PID=6025) to work on /home/airflow/.local/lib/python3.12/site-packages/airflow/example_dags/example_branch_labels.py
[2024-05-24T05:56:28.317+0000] {processor.py:830} INFO - Processing file /home/airflow/.local/lib/python3.12/site-packages/airflow/example_dags/example_branch_labels.py for tasks to queue
[2024-05-24T05:56:28.318+0000] {logging_mixin.py:188} INFO - [2024-05-24T05:56:28.318+0000] {dagbag.py:545} INFO - Filling up the DagBag from /home/airflow/.local/lib/python3.12/site-packages/airflow/example_dags/example_branch_labels.py
[2024-05-24T05:56:28.321+0000] {processor.py:840} INFO - DAG(s) 'example_branch_labels' retrieved from /home/airflow/.local/lib/python3.12/site-packages/airflow/example_dags/example_branch_labels.py
[2024-05-24T05:56:28.328+0000] {logging_mixin.py:188} INFO - [2024-05-24T05:56:28.328+0000] {dag.py:3096} INFO - Sync 1 DAGs
[2024-05-24T05:56:28.335+0000] {logging_mixin.py:188} INFO - [2024-05-24T05:56:28.335+0000] {dag.py:3954} INFO - Setting next_dagrun for example_branch_labels to 2024-05-23 00:00:00+00:00, run_after=2024-05-24 00:00:00+00:00
[2024-05-24T05:56:28.341+0000] {processor.py:183} INFO - Processing /home/airflow/.local/lib/python3.12/site-packages/airflow/example_dags/example_branch_labels.py took 0.027 seconds
[2024-05-24T05:56:58.635+0000] {processor.py:161} INFO - Started process (PID=6287) to work on /home/airflow/.local/lib/python3.12/site-packages/airflow/example_dags/example_branch_labels.py
[2024-05-24T05:56:58.635+0000] {processor.py:830} INFO - Processing file /home/airflow/.local/lib/python3.12/site-packages/airflow/example_dags/example_branch_labels.py for tasks to queue
[2024-05-24T05:56:58.636+0000] {logging_mixin.py:188} INFO - [2024-05-24T05:56:58.636+0000] {dagbag.py:545} INFO - Filling up the DagBag from /home/airflow/.local/lib/python3.12/site-packages/airflow/example_dags/example_branch_labels.py
[2024-05-24T05:56:58.638+0000] {processor.py:840} INFO - DAG(s) 'example_branch_labels' retrieved from /home/airflow/.local/lib/python3.12/site-packages/airflow/example_dags/example_branch_labels.py
[2024-05-24T05:56:58.646+0000] {logging_mixin.py:188} INFO - [2024-05-24T05:56:58.646+0000] {dag.py:3096} INFO - Sync 1 DAGs
[2024-05-24T05:56:58.653+0000] {logging_mixin.py:188} INFO - [2024-05-24T05:56:58.653+0000] {dag.py:3954} INFO - Setting next_dagrun for example_branch_labels to 2024-05-23 00:00:00+00:00, run_after=2024-05-24 00:00:00+00:00
[2024-05-24T05:56:58.659+0000] {processor.py:183} INFO - Processing /home/airflow/.local/lib/python3.12/site-packages/airflow/example_dags/example_branch_labels.py took 0.027 seconds
[2024-05-24T05:57:28.926+0000] {processor.py:161} INFO - Started process (PID=6549) to work on /home/airflow/.local/lib/python3.12/site-packages/airflow/example_dags/example_branch_labels.py
[2024-05-24T05:57:28.927+0000] {processor.py:830} INFO - Processing file /home/airflow/.local/lib/python3.12/site-packages/airflow/example_dags/example_branch_labels.py for tasks to queue
[2024-05-24T05:57:28.927+0000] {logging_mixin.py:188} INFO - [2024-05-24T05:57:28.927+0000] {dagbag.py:545} INFO - Filling up the DagBag from /home/airflow/.local/lib/python3.12/site-packages/airflow/example_dags/example_branch_labels.py
[2024-05-24T05:57:28.930+0000] {processor.py:840} INFO - DAG(s) 'example_branch_labels' retrieved from /home/airflow/.local/lib/python3.12/site-packages/airflow/example_dags/example_branch_labels.py
[2024-05-24T05:57:28.937+0000] {logging_mixin.py:188} INFO - [2024-05-24T05:57:28.937+0000] {dag.py:3096} INFO - Sync 1 DAGs
[2024-05-24T05:57:28.945+0000] {logging_mixin.py:188} INFO - [2024-05-24T05:57:28.944+0000] {dag.py:3954} INFO - Setting next_dagrun for example_branch_labels to 2024-05-23 00:00:00+00:00, run_after=2024-05-24 00:00:00+00:00
[2024-05-24T05:57:28.950+0000] {processor.py:183} INFO - Processing /home/airflow/.local/lib/python3.12/site-packages/airflow/example_dags/example_branch_labels.py took 0.026 seconds
[2024-05-24T05:57:59.282+0000] {processor.py:161} INFO - Started process (PID=6811) to work on /home/airflow/.local/lib/python3.12/site-packages/airflow/example_dags/example_branch_labels.py
[2024-05-24T05:57:59.283+0000] {processor.py:830} INFO - Processing file /home/airflow/.local/lib/python3.12/site-packages/airflow/example_dags/example_branch_labels.py for tasks to queue
[2024-05-24T05:57:59.283+0000] {logging_mixin.py:188} INFO - [2024-05-24T05:57:59.283+0000] {dagbag.py:545} INFO - Filling up the DagBag from /home/airflow/.local/lib/python3.12/site-packages/airflow/example_dags/example_branch_labels.py
[2024-05-24T05:57:59.286+0000] {processor.py:840} INFO - DAG(s) 'example_branch_labels' retrieved from /home/airflow/.local/lib/python3.12/site-packages/airflow/example_dags/example_branch_labels.py
[2024-05-24T05:57:59.293+0000] {logging_mixin.py:188} INFO - [2024-05-24T05:57:59.293+0000] {dag.py:3096} INFO - Sync 1 DAGs
[2024-05-24T05:57:59.301+0000] {logging_mixin.py:188} INFO - [2024-05-24T05:57:59.301+0000] {dag.py:3954} INFO - Setting next_dagrun for example_branch_labels to 2024-05-23 00:00:00+00:00, run_after=2024-05-24 00:00:00+00:00
[2024-05-24T05:57:59.307+0000] {processor.py:183} INFO - Processing /home/airflow/.local/lib/python3.12/site-packages/airflow/example_dags/example_branch_labels.py took 0.027 seconds
[2024-05-24T05:58:29.615+0000] {processor.py:161} INFO - Started process (PID=7073) to work on /home/airflow/.local/lib/python3.12/site-packages/airflow/example_dags/example_branch_labels.py
[2024-05-24T05:58:29.616+0000] {processor.py:830} INFO - Processing file /home/airflow/.local/lib/python3.12/site-packages/airflow/example_dags/example_branch_labels.py for tasks to queue
[2024-05-24T05:58:29.616+0000] {logging_mixin.py:188} INFO - [2024-05-24T05:58:29.616+0000] {dagbag.py:545} INFO - Filling up the DagBag from /home/airflow/.local/lib/python3.12/site-packages/airflow/example_dags/example_branch_labels.py
[2024-05-24T05:58:29.619+0000] {processor.py:840} INFO - DAG(s) 'example_branch_labels' retrieved from /home/airflow/.local/lib/python3.12/site-packages/airflow/example_dags/example_branch_labels.py
[2024-05-24T05:58:29.627+0000] {logging_mixin.py:188} INFO - [2024-05-24T05:58:29.627+0000] {dag.py:3096} INFO - Sync 1 DAGs
[2024-05-24T05:58:29.635+0000] {logging_mixin.py:188} INFO - [2024-05-24T05:58:29.635+0000] {dag.py:3954} INFO - Setting next_dagrun for example_branch_labels to 2024-05-23 00:00:00+00:00, run_after=2024-05-24 00:00:00+00:00
[2024-05-24T05:58:29.641+0000] {processor.py:183} INFO - Processing /home/airflow/.local/lib/python3.12/site-packages/airflow/example_dags/example_branch_labels.py took 0.028 seconds
[2024-05-24T06:13:52.991+0000] {processor.py:161} INFO - Started process (PID=7337) to work on /home/airflow/.local/lib/python3.12/site-packages/airflow/example_dags/example_branch_labels.py
[2024-05-24T06:13:52.991+0000] {processor.py:830} INFO - Processing file /home/airflow/.local/lib/python3.12/site-packages/airflow/example_dags/example_branch_labels.py for tasks to queue
[2024-05-24T06:13:52.992+0000] {logging_mixin.py:188} INFO - [2024-05-24T06:13:52.992+0000] {dagbag.py:545} INFO - Filling up the DagBag from /home/airflow/.local/lib/python3.12/site-packages/airflow/example_dags/example_branch_labels.py
[2024-05-24T06:13:52.995+0000] {processor.py:840} INFO - DAG(s) 'example_branch_labels' retrieved from /home/airflow/.local/lib/python3.12/site-packages/airflow/example_dags/example_branch_labels.py
[2024-05-24T06:13:53.003+0000] {logging_mixin.py:188} INFO - [2024-05-24T06:13:53.003+0000] {dag.py:3096} INFO - Sync 1 DAGs
[2024-05-24T06:13:53.011+0000] {logging_mixin.py:188} INFO - [2024-05-24T06:13:53.011+0000] {dag.py:3954} INFO - Setting next_dagrun for example_branch_labels to 2024-05-23 00:00:00+00:00, run_after=2024-05-24 00:00:00+00:00
[2024-05-24T06:13:53.017+0000] {processor.py:183} INFO - Processing /home/airflow/.local/lib/python3.12/site-packages/airflow/example_dags/example_branch_labels.py took 0.028 seconds
[2024-05-24T06:26:09.871+0000] {processor.py:161} INFO - Started process (PID=7598) to work on /home/airflow/.local/lib/python3.12/site-packages/airflow/example_dags/example_branch_labels.py
[2024-05-24T06:26:09.871+0000] {processor.py:830} INFO - Processing file /home/airflow/.local/lib/python3.12/site-packages/airflow/example_dags/example_branch_labels.py for tasks to queue
[2024-05-24T06:26:09.872+0000] {logging_mixin.py:188} INFO - [2024-05-24T06:26:09.872+0000] {dagbag.py:545} INFO - Filling up the DagBag from /home/airflow/.local/lib/python3.12/site-packages/airflow/example_dags/example_branch_labels.py
[2024-05-24T06:26:09.875+0000] {processor.py:840} INFO - DAG(s) 'example_branch_labels' retrieved from /home/airflow/.local/lib/python3.12/site-packages/airflow/example_dags/example_branch_labels.py
[2024-05-24T06:26:09.884+0000] {logging_mixin.py:188} INFO - [2024-05-24T06:26:09.883+0000] {dag.py:3096} INFO - Sync 1 DAGs
[2024-05-24T06:26:09.892+0000] {logging_mixin.py:188} INFO - [2024-05-24T06:26:09.891+0000] {dag.py:3954} INFO - Setting next_dagrun for example_branch_labels to 2024-05-23 00:00:00+00:00, run_after=2024-05-24 00:00:00+00:00
[2024-05-24T06:26:09.898+0000] {processor.py:183} INFO - Processing /home/airflow/.local/lib/python3.12/site-packages/airflow/example_dags/example_branch_labels.py took 0.029 seconds
[2024-05-24T06:26:40.313+0000] {processor.py:161} INFO - Started process (PID=7859) to work on /home/airflow/.local/lib/python3.12/site-packages/airflow/example_dags/example_branch_labels.py
[2024-05-24T06:26:40.313+0000] {processor.py:830} INFO - Processing file /home/airflow/.local/lib/python3.12/site-packages/airflow/example_dags/example_branch_labels.py for tasks to queue
[2024-05-24T06:26:40.314+0000] {logging_mixin.py:188} INFO - [2024-05-24T06:26:40.314+0000] {dagbag.py:545} INFO - Filling up the DagBag from /home/airflow/.local/lib/python3.12/site-packages/airflow/example_dags/example_branch_labels.py
[2024-05-24T06:26:40.316+0000] {processor.py:840} INFO - DAG(s) 'example_branch_labels' retrieved from /home/airflow/.local/lib/python3.12/site-packages/airflow/example_dags/example_branch_labels.py
[2024-05-24T06:26:40.324+0000] {logging_mixin.py:188} INFO - [2024-05-24T06:26:40.324+0000] {dag.py:3096} INFO - Sync 1 DAGs
[2024-05-24T06:26:40.332+0000] {logging_mixin.py:188} INFO - [2024-05-24T06:26:40.332+0000] {dag.py:3954} INFO - Setting next_dagrun for example_branch_labels to 2024-05-23 00:00:00+00:00, run_after=2024-05-24 00:00:00+00:00
[2024-05-24T06:26:40.338+0000] {processor.py:183} INFO - Processing /home/airflow/.local/lib/python3.12/site-packages/airflow/example_dags/example_branch_labels.py took 0.028 seconds
[2024-05-24T06:27:10.722+0000] {processor.py:161} INFO - Started process (PID=8121) to work on /home/airflow/.local/lib/python3.12/site-packages/airflow/example_dags/example_branch_labels.py
[2024-05-24T06:27:10.722+0000] {processor.py:830} INFO - Processing file /home/airflow/.local/lib/python3.12/site-packages/airflow/example_dags/example_branch_labels.py for tasks to queue
[2024-05-24T06:27:10.723+0000] {logging_mixin.py:188} INFO - [2024-05-24T06:27:10.723+0000] {dagbag.py:545} INFO - Filling up the DagBag from /home/airflow/.local/lib/python3.12/site-packages/airflow/example_dags/example_branch_labels.py
[2024-05-24T06:27:10.725+0000] {processor.py:840} INFO - DAG(s) 'example_branch_labels' retrieved from /home/airflow/.local/lib/python3.12/site-packages/airflow/example_dags/example_branch_labels.py
[2024-05-24T06:27:10.733+0000] {logging_mixin.py:188} INFO - [2024-05-24T06:27:10.733+0000] {dag.py:3096} INFO - Sync 1 DAGs
[2024-05-24T06:27:10.740+0000] {logging_mixin.py:188} INFO - [2024-05-24T06:27:10.740+0000] {dag.py:3954} INFO - Setting next_dagrun for example_branch_labels to 2024-05-23 00:00:00+00:00, run_after=2024-05-24 00:00:00+00:00
[2024-05-24T06:27:10.745+0000] {processor.py:183} INFO - Processing /home/airflow/.local/lib/python3.12/site-packages/airflow/example_dags/example_branch_labels.py took 0.026 seconds
[2024-05-24T06:28:25.851+0000] {processor.py:161} INFO - Started process (PID=8383) to work on /home/airflow/.local/lib/python3.12/site-packages/airflow/example_dags/example_branch_labels.py
[2024-05-24T06:28:25.851+0000] {processor.py:830} INFO - Processing file /home/airflow/.local/lib/python3.12/site-packages/airflow/example_dags/example_branch_labels.py for tasks to queue
[2024-05-24T06:28:25.852+0000] {logging_mixin.py:188} INFO - [2024-05-24T06:28:25.852+0000] {dagbag.py:545} INFO - Filling up the DagBag from /home/airflow/.local/lib/python3.12/site-packages/airflow/example_dags/example_branch_labels.py
[2024-05-24T06:28:25.855+0000] {processor.py:840} INFO - DAG(s) 'example_branch_labels' retrieved from /home/airflow/.local/lib/python3.12/site-packages/airflow/example_dags/example_branch_labels.py
[2024-05-24T06:28:25.863+0000] {logging_mixin.py:188} INFO - [2024-05-24T06:28:25.862+0000] {dag.py:3096} INFO - Sync 1 DAGs
[2024-05-24T06:28:25.871+0000] {logging_mixin.py:188} INFO - [2024-05-24T06:28:25.870+0000] {dag.py:3954} INFO - Setting next_dagrun for example_branch_labels to 2024-05-23 00:00:00+00:00, run_after=2024-05-24 00:00:00+00:00
[2024-05-24T06:28:25.877+0000] {processor.py:183} INFO - Processing /home/airflow/.local/lib/python3.12/site-packages/airflow/example_dags/example_branch_labels.py took 0.028 seconds
[2024-05-24T06:28:56.216+0000] {processor.py:161} INFO - Started process (PID=8643) to work on /home/airflow/.local/lib/python3.12/site-packages/airflow/example_dags/example_branch_labels.py
[2024-05-24T06:28:56.216+0000] {processor.py:830} INFO - Processing file /home/airflow/.local/lib/python3.12/site-packages/airflow/example_dags/example_branch_labels.py for tasks to queue
[2024-05-24T06:28:56.217+0000] {logging_mixin.py:188} INFO - [2024-05-24T06:28:56.217+0000] {dagbag.py:545} INFO - Filling up the DagBag from /home/airflow/.local/lib/python3.12/site-packages/airflow/example_dags/example_branch_labels.py
[2024-05-24T06:28:56.220+0000] {processor.py:840} INFO - DAG(s) 'example_branch_labels' retrieved from /home/airflow/.local/lib/python3.12/site-packages/airflow/example_dags/example_branch_labels.py
[2024-05-24T06:28:56.228+0000] {logging_mixin.py:188} INFO - [2024-05-24T06:28:56.228+0000] {dag.py:3096} INFO - Sync 1 DAGs
[2024-05-24T06:28:56.238+0000] {logging_mixin.py:188} INFO - [2024-05-24T06:28:56.238+0000] {dag.py:3954} INFO - Setting next_dagrun for example_branch_labels to 2024-05-23 00:00:00+00:00, run_after=2024-05-24 00:00:00+00:00
[2024-05-24T06:28:56.244+0000] {processor.py:183} INFO - Processing /home/airflow/.local/lib/python3.12/site-packages/airflow/example_dags/example_branch_labels.py took 0.031 seconds
[2024-05-24T06:29:26.726+0000] {processor.py:161} INFO - Started process (PID=8905) to work on /home/airflow/.local/lib/python3.12/site-packages/airflow/example_dags/example_branch_labels.py
[2024-05-24T06:29:26.726+0000] {processor.py:830} INFO - Processing file /home/airflow/.local/lib/python3.12/site-packages/airflow/example_dags/example_branch_labels.py for tasks to queue
[2024-05-24T06:29:26.727+0000] {logging_mixin.py:188} INFO - [2024-05-24T06:29:26.727+0000] {dagbag.py:545} INFO - Filling up the DagBag from /home/airflow/.local/lib/python3.12/site-packages/airflow/example_dags/example_branch_labels.py
[2024-05-24T06:29:26.730+0000] {processor.py:840} INFO - DAG(s) 'example_branch_labels' retrieved from /home/airflow/.local/lib/python3.12/site-packages/airflow/example_dags/example_branch_labels.py
[2024-05-24T06:29:26.737+0000] {logging_mixin.py:188} INFO - [2024-05-24T06:29:26.737+0000] {dag.py:3096} INFO - Sync 1 DAGs
[2024-05-24T06:29:26.745+0000] {logging_mixin.py:188} INFO - [2024-05-24T06:29:26.745+0000] {dag.py:3954} INFO - Setting next_dagrun for example_branch_labels to 2024-05-23 00:00:00+00:00, run_after=2024-05-24 00:00:00+00:00
[2024-05-24T06:29:26.751+0000] {processor.py:183} INFO - Processing /home/airflow/.local/lib/python3.12/site-packages/airflow/example_dags/example_branch_labels.py took 0.027 seconds
[2024-05-24T06:29:57.108+0000] {processor.py:161} INFO - Started process (PID=9169) to work on /home/airflow/.local/lib/python3.12/site-packages/airflow/example_dags/example_branch_labels.py
[2024-05-24T06:29:57.108+0000] {processor.py:830} INFO - Processing file /home/airflow/.local/lib/python3.12/site-packages/airflow/example_dags/example_branch_labels.py for tasks to queue
[2024-05-24T06:29:57.109+0000] {logging_mixin.py:188} INFO - [2024-05-24T06:29:57.109+0000] {dagbag.py:545} INFO - Filling up the DagBag from /home/airflow/.local/lib/python3.12/site-packages/airflow/example_dags/example_branch_labels.py
[2024-05-24T06:29:57.112+0000] {processor.py:840} INFO - DAG(s) 'example_branch_labels' retrieved from /home/airflow/.local/lib/python3.12/site-packages/airflow/example_dags/example_branch_labels.py
[2024-05-24T06:29:57.119+0000] {logging_mixin.py:188} INFO - [2024-05-24T06:29:57.119+0000] {dag.py:3096} INFO - Sync 1 DAGs
[2024-05-24T06:29:57.126+0000] {logging_mixin.py:188} INFO - [2024-05-24T06:29:57.126+0000] {dag.py:3954} INFO - Setting next_dagrun for example_branch_labels to 2024-05-23 00:00:00+00:00, run_after=2024-05-24 00:00:00+00:00
[2024-05-24T06:29:57.131+0000] {processor.py:183} INFO - Processing /home/airflow/.local/lib/python3.12/site-packages/airflow/example_dags/example_branch_labels.py took 0.026 seconds
[2024-05-24T06:32:50.714+0000] {processor.py:161} INFO - Started process (PID=9429) to work on /home/airflow/.local/lib/python3.12/site-packages/airflow/example_dags/example_branch_labels.py
[2024-05-24T06:32:50.714+0000] {processor.py:830} INFO - Processing file /home/airflow/.local/lib/python3.12/site-packages/airflow/example_dags/example_branch_labels.py for tasks to queue
[2024-05-24T06:32:50.715+0000] {logging_mixin.py:188} INFO - [2024-05-24T06:32:50.715+0000] {dagbag.py:545} INFO - Filling up the DagBag from /home/airflow/.local/lib/python3.12/site-packages/airflow/example_dags/example_branch_labels.py
[2024-05-24T06:32:50.718+0000] {processor.py:840} INFO - DAG(s) 'example_branch_labels' retrieved from /home/airflow/.local/lib/python3.12/site-packages/airflow/example_dags/example_branch_labels.py
[2024-05-24T06:32:50.725+0000] {logging_mixin.py:188} INFO - [2024-05-24T06:32:50.725+0000] {dag.py:3096} INFO - Sync 1 DAGs
[2024-05-24T06:32:50.733+0000] {logging_mixin.py:188} INFO - [2024-05-24T06:32:50.733+0000] {dag.py:3954} INFO - Setting next_dagrun for example_branch_labels to 2024-05-23 00:00:00+00:00, run_after=2024-05-24 00:00:00+00:00
[2024-05-24T06:32:50.739+0000] {processor.py:183} INFO - Processing /home/airflow/.local/lib/python3.12/site-packages/airflow/example_dags/example_branch_labels.py took 0.027 seconds
[2024-05-24T06:34:33.819+0000] {processor.py:161} INFO - Started process (PID=9691) to work on /home/airflow/.local/lib/python3.12/site-packages/airflow/example_dags/example_branch_labels.py
[2024-05-24T06:34:33.819+0000] {processor.py:830} INFO - Processing file /home/airflow/.local/lib/python3.12/site-packages/airflow/example_dags/example_branch_labels.py for tasks to queue
[2024-05-24T06:34:33.820+0000] {logging_mixin.py:188} INFO - [2024-05-24T06:34:33.820+0000] {dagbag.py:545} INFO - Filling up the DagBag from /home/airflow/.local/lib/python3.12/site-packages/airflow/example_dags/example_branch_labels.py
[2024-05-24T06:34:33.823+0000] {processor.py:840} INFO - DAG(s) 'example_branch_labels' retrieved from /home/airflow/.local/lib/python3.12/site-packages/airflow/example_dags/example_branch_labels.py
[2024-05-24T06:34:33.835+0000] {logging_mixin.py:188} INFO - [2024-05-24T06:34:33.835+0000] {dag.py:3096} INFO - Sync 1 DAGs
[2024-05-24T06:34:33.843+0000] {logging_mixin.py:188} INFO - [2024-05-24T06:34:33.843+0000] {dag.py:3954} INFO - Setting next_dagrun for example_branch_labels to 2024-05-23 00:00:00+00:00, run_after=2024-05-24 00:00:00+00:00
[2024-05-24T06:34:33.850+0000] {processor.py:183} INFO - Processing /home/airflow/.local/lib/python3.12/site-packages/airflow/example_dags/example_branch_labels.py took 0.033 seconds
[2024-05-24T06:35:04.432+0000] {processor.py:161} INFO - Started process (PID=9953) to work on /home/airflow/.local/lib/python3.12/site-packages/airflow/example_dags/example_branch_labels.py
[2024-05-24T06:35:04.432+0000] {processor.py:830} INFO - Processing file /home/airflow/.local/lib/python3.12/site-packages/airflow/example_dags/example_branch_labels.py for tasks to queue
[2024-05-24T06:35:04.433+0000] {logging_mixin.py:188} INFO - [2024-05-24T06:35:04.433+0000] {dagbag.py:545} INFO - Filling up the DagBag from /home/airflow/.local/lib/python3.12/site-packages/airflow/example_dags/example_branch_labels.py
[2024-05-24T06:35:04.436+0000] {processor.py:840} INFO - DAG(s) 'example_branch_labels' retrieved from /home/airflow/.local/lib/python3.12/site-packages/airflow/example_dags/example_branch_labels.py
[2024-05-24T06:35:04.443+0000] {logging_mixin.py:188} INFO - [2024-05-24T06:35:04.443+0000] {dag.py:3096} INFO - Sync 1 DAGs
[2024-05-24T06:35:04.451+0000] {logging_mixin.py:188} INFO - [2024-05-24T06:35:04.451+0000] {dag.py:3954} INFO - Setting next_dagrun for example_branch_labels to 2024-05-23 00:00:00+00:00, run_after=2024-05-24 00:00:00+00:00
[2024-05-24T06:35:04.457+0000] {processor.py:183} INFO - Processing /home/airflow/.local/lib/python3.12/site-packages/airflow/example_dags/example_branch_labels.py took 0.027 seconds
[2024-05-24T06:50:34.206+0000] {processor.py:161} INFO - Started process (PID=10215) to work on /home/airflow/.local/lib/python3.12/site-packages/airflow/example_dags/example_branch_labels.py
[2024-05-24T06:50:34.207+0000] {processor.py:830} INFO - Processing file /home/airflow/.local/lib/python3.12/site-packages/airflow/example_dags/example_branch_labels.py for tasks to queue
[2024-05-24T06:50:34.207+0000] {logging_mixin.py:188} INFO - [2024-05-24T06:50:34.207+0000] {dagbag.py:545} INFO - Filling up the DagBag from /home/airflow/.local/lib/python3.12/site-packages/airflow/example_dags/example_branch_labels.py
[2024-05-24T06:50:34.211+0000] {processor.py:840} INFO - DAG(s) 'example_branch_labels' retrieved from /home/airflow/.local/lib/python3.12/site-packages/airflow/example_dags/example_branch_labels.py
[2024-05-24T06:50:34.219+0000] {logging_mixin.py:188} INFO - [2024-05-24T06:50:34.218+0000] {dag.py:3096} INFO - Sync 1 DAGs
[2024-05-24T06:50:34.226+0000] {logging_mixin.py:188} INFO - [2024-05-24T06:50:34.226+0000] {dag.py:3954} INFO - Setting next_dagrun for example_branch_labels to 2024-05-23 00:00:00+00:00, run_after=2024-05-24 00:00:00+00:00
[2024-05-24T06:50:34.232+0000] {processor.py:183} INFO - Processing /home/airflow/.local/lib/python3.12/site-packages/airflow/example_dags/example_branch_labels.py took 0.028 seconds
[2024-05-24T07:06:10.808+0000] {processor.py:161} INFO - Started process (PID=10477) to work on /home/airflow/.local/lib/python3.12/site-packages/airflow/example_dags/example_branch_labels.py
[2024-05-24T07:06:10.809+0000] {processor.py:830} INFO - Processing file /home/airflow/.local/lib/python3.12/site-packages/airflow/example_dags/example_branch_labels.py for tasks to queue
[2024-05-24T07:06:10.810+0000] {logging_mixin.py:188} INFO - [2024-05-24T07:06:10.809+0000] {dagbag.py:545} INFO - Filling up the DagBag from /home/airflow/.local/lib/python3.12/site-packages/airflow/example_dags/example_branch_labels.py
[2024-05-24T07:06:10.813+0000] {processor.py:840} INFO - DAG(s) 'example_branch_labels' retrieved from /home/airflow/.local/lib/python3.12/site-packages/airflow/example_dags/example_branch_labels.py
[2024-05-24T07:06:10.821+0000] {logging_mixin.py:188} INFO - [2024-05-24T07:06:10.821+0000] {dag.py:3096} INFO - Sync 1 DAGs
[2024-05-24T07:06:10.829+0000] {logging_mixin.py:188} INFO - [2024-05-24T07:06:10.829+0000] {dag.py:3954} INFO - Setting next_dagrun for example_branch_labels to 2024-05-23 00:00:00+00:00, run_after=2024-05-24 00:00:00+00:00
[2024-05-24T07:06:10.835+0000] {processor.py:183} INFO - Processing /home/airflow/.local/lib/python3.12/site-packages/airflow/example_dags/example_branch_labels.py took 0.029 seconds
[2024-05-24T07:30:08.949+0000] {processor.py:161} INFO - Started process (PID=10741) to work on /home/airflow/.local/lib/python3.12/site-packages/airflow/example_dags/example_branch_labels.py
[2024-05-24T07:30:08.949+0000] {processor.py:830} INFO - Processing file /home/airflow/.local/lib/python3.12/site-packages/airflow/example_dags/example_branch_labels.py for tasks to queue
[2024-05-24T07:30:08.950+0000] {logging_mixin.py:188} INFO - [2024-05-24T07:30:08.950+0000] {dagbag.py:545} INFO - Filling up the DagBag from /home/airflow/.local/lib/python3.12/site-packages/airflow/example_dags/example_branch_labels.py
[2024-05-24T07:30:08.953+0000] {processor.py:840} INFO - DAG(s) 'example_branch_labels' retrieved from /home/airflow/.local/lib/python3.12/site-packages/airflow/example_dags/example_branch_labels.py
[2024-05-24T07:30:08.961+0000] {logging_mixin.py:188} INFO - [2024-05-24T07:30:08.961+0000] {dag.py:3096} INFO - Sync 1 DAGs
[2024-05-24T07:30:09.029+0000] {logging_mixin.py:188} INFO - [2024-05-24T07:30:09.028+0000] {dag.py:3954} INFO - Setting next_dagrun for example_branch_labels to 2024-05-23 00:00:00+00:00, run_after=2024-05-24 00:00:00+00:00
[2024-05-24T07:30:09.034+0000] {processor.py:183} INFO - Processing /home/airflow/.local/lib/python3.12/site-packages/airflow/example_dags/example_branch_labels.py took 0.088 seconds
[2024-05-24T07:30:39.639+0000] {processor.py:161} INFO - Started process (PID=11001) to work on /home/airflow/.local/lib/python3.12/site-packages/airflow/example_dags/example_branch_labels.py
[2024-05-24T07:30:39.639+0000] {processor.py:830} INFO - Processing file /home/airflow/.local/lib/python3.12/site-packages/airflow/example_dags/example_branch_labels.py for tasks to queue
[2024-05-24T07:30:39.640+0000] {logging_mixin.py:188} INFO - [2024-05-24T07:30:39.640+0000] {dagbag.py:545} INFO - Filling up the DagBag from /home/airflow/.local/lib/python3.12/site-packages/airflow/example_dags/example_branch_labels.py
[2024-05-24T07:30:39.643+0000] {processor.py:840} INFO - DAG(s) 'example_branch_labels' retrieved from /home/airflow/.local/lib/python3.12/site-packages/airflow/example_dags/example_branch_labels.py
[2024-05-24T07:30:39.650+0000] {logging_mixin.py:188} INFO - [2024-05-24T07:30:39.650+0000] {dag.py:3096} INFO - Sync 1 DAGs
[2024-05-24T07:30:39.726+0000] {logging_mixin.py:188} INFO - [2024-05-24T07:30:39.726+0000] {dag.py:3954} INFO - Setting next_dagrun for example_branch_labels to 2024-05-23 00:00:00+00:00, run_after=2024-05-24 00:00:00+00:00
[2024-05-24T07:30:39.732+0000] {processor.py:183} INFO - Processing /home/airflow/.local/lib/python3.12/site-packages/airflow/example_dags/example_branch_labels.py took 0.096 seconds
[2024-05-24T07:31:10.150+0000] {processor.py:161} INFO - Started process (PID=11265) to work on /home/airflow/.local/lib/python3.12/site-packages/airflow/example_dags/example_branch_labels.py
[2024-05-24T07:31:10.150+0000] {processor.py:830} INFO - Processing file /home/airflow/.local/lib/python3.12/site-packages/airflow/example_dags/example_branch_labels.py for tasks to queue
[2024-05-24T07:31:10.151+0000] {logging_mixin.py:188} INFO - [2024-05-24T07:31:10.151+0000] {dagbag.py:545} INFO - Filling up the DagBag from /home/airflow/.local/lib/python3.12/site-packages/airflow/example_dags/example_branch_labels.py
[2024-05-24T07:31:10.154+0000] {processor.py:840} INFO - DAG(s) 'example_branch_labels' retrieved from /home/airflow/.local/lib/python3.12/site-packages/airflow/example_dags/example_branch_labels.py
[2024-05-24T07:31:10.162+0000] {logging_mixin.py:188} INFO - [2024-05-24T07:31:10.162+0000] {dag.py:3096} INFO - Sync 1 DAGs
[2024-05-24T07:31:10.170+0000] {logging_mixin.py:188} INFO - [2024-05-24T07:31:10.170+0000] {dag.py:3954} INFO - Setting next_dagrun for example_branch_labels to 2024-05-23 00:00:00+00:00, run_after=2024-05-24 00:00:00+00:00
[2024-05-24T07:31:10.176+0000] {processor.py:183} INFO - Processing /home/airflow/.local/lib/python3.12/site-packages/airflow/example_dags/example_branch_labels.py took 0.029 seconds
[2024-05-24T07:31:40.538+0000] {processor.py:161} INFO - Started process (PID=11525) to work on /home/airflow/.local/lib/python3.12/site-packages/airflow/example_dags/example_branch_labels.py
[2024-05-24T07:31:40.539+0000] {processor.py:830} INFO - Processing file /home/airflow/.local/lib/python3.12/site-packages/airflow/example_dags/example_branch_labels.py for tasks to queue
[2024-05-24T07:31:40.539+0000] {logging_mixin.py:188} INFO - [2024-05-24T07:31:40.539+0000] {dagbag.py:545} INFO - Filling up the DagBag from /home/airflow/.local/lib/python3.12/site-packages/airflow/example_dags/example_branch_labels.py
[2024-05-24T07:31:40.542+0000] {processor.py:840} INFO - DAG(s) 'example_branch_labels' retrieved from /home/airflow/.local/lib/python3.12/site-packages/airflow/example_dags/example_branch_labels.py
[2024-05-24T07:31:40.549+0000] {logging_mixin.py:188} INFO - [2024-05-24T07:31:40.549+0000] {dag.py:3096} INFO - Sync 1 DAGs
[2024-05-24T07:31:40.557+0000] {logging_mixin.py:188} INFO - [2024-05-24T07:31:40.557+0000] {dag.py:3954} INFO - Setting next_dagrun for example_branch_labels to 2024-05-23 00:00:00+00:00, run_after=2024-05-24 00:00:00+00:00
[2024-05-24T07:31:40.563+0000] {processor.py:183} INFO - Processing /home/airflow/.local/lib/python3.12/site-packages/airflow/example_dags/example_branch_labels.py took 0.027 seconds
[2024-05-24T07:32:10.899+0000] {processor.py:161} INFO - Started process (PID=11789) to work on /home/airflow/.local/lib/python3.12/site-packages/airflow/example_dags/example_branch_labels.py
[2024-05-24T07:32:10.899+0000] {processor.py:830} INFO - Processing file /home/airflow/.local/lib/python3.12/site-packages/airflow/example_dags/example_branch_labels.py for tasks to queue
[2024-05-24T07:32:10.900+0000] {logging_mixin.py:188} INFO - [2024-05-24T07:32:10.900+0000] {dagbag.py:545} INFO - Filling up the DagBag from /home/airflow/.local/lib/python3.12/site-packages/airflow/example_dags/example_branch_labels.py
[2024-05-24T07:32:10.902+0000] {processor.py:840} INFO - DAG(s) 'example_branch_labels' retrieved from /home/airflow/.local/lib/python3.12/site-packages/airflow/example_dags/example_branch_labels.py
[2024-05-24T07:32:10.910+0000] {logging_mixin.py:188} INFO - [2024-05-24T07:32:10.910+0000] {dag.py:3096} INFO - Sync 1 DAGs
[2024-05-24T07:32:10.917+0000] {logging_mixin.py:188} INFO - [2024-05-24T07:32:10.917+0000] {dag.py:3954} INFO - Setting next_dagrun for example_branch_labels to 2024-05-23 00:00:00+00:00, run_after=2024-05-24 00:00:00+00:00
[2024-05-24T07:32:10.923+0000] {processor.py:183} INFO - Processing /home/airflow/.local/lib/python3.12/site-packages/airflow/example_dags/example_branch_labels.py took 0.026 seconds
[2024-05-24T07:32:58.718+0000] {processor.py:161} INFO - Started process (PID=12049) to work on /home/airflow/.local/lib/python3.12/site-packages/airflow/example_dags/example_branch_labels.py
[2024-05-24T07:32:58.719+0000] {processor.py:830} INFO - Processing file /home/airflow/.local/lib/python3.12/site-packages/airflow/example_dags/example_branch_labels.py for tasks to queue
[2024-05-24T07:32:58.720+0000] {logging_mixin.py:188} INFO - [2024-05-24T07:32:58.720+0000] {dagbag.py:545} INFO - Filling up the DagBag from /home/airflow/.local/lib/python3.12/site-packages/airflow/example_dags/example_branch_labels.py
[2024-05-24T07:32:58.723+0000] {processor.py:840} INFO - DAG(s) 'example_branch_labels' retrieved from /home/airflow/.local/lib/python3.12/site-packages/airflow/example_dags/example_branch_labels.py
[2024-05-24T07:32:58.730+0000] {logging_mixin.py:188} INFO - [2024-05-24T07:32:58.730+0000] {dag.py:3096} INFO - Sync 1 DAGs
[2024-05-24T07:32:58.739+0000] {logging_mixin.py:188} INFO - [2024-05-24T07:32:58.739+0000] {dag.py:3954} INFO - Setting next_dagrun for example_branch_labels to 2024-05-23 00:00:00+00:00, run_after=2024-05-24 00:00:00+00:00
[2024-05-24T07:32:58.745+0000] {processor.py:183} INFO - Processing /home/airflow/.local/lib/python3.12/site-packages/airflow/example_dags/example_branch_labels.py took 0.029 seconds
[2024-05-24T07:33:29.095+0000] {processor.py:161} INFO - Started process (PID=12311) to work on /home/airflow/.local/lib/python3.12/site-packages/airflow/example_dags/example_branch_labels.py
[2024-05-24T07:33:29.095+0000] {processor.py:830} INFO - Processing file /home/airflow/.local/lib/python3.12/site-packages/airflow/example_dags/example_branch_labels.py for tasks to queue
[2024-05-24T07:33:29.096+0000] {logging_mixin.py:188} INFO - [2024-05-24T07:33:29.096+0000] {dagbag.py:545} INFO - Filling up the DagBag from /home/airflow/.local/lib/python3.12/site-packages/airflow/example_dags/example_branch_labels.py
[2024-05-24T07:33:29.099+0000] {processor.py:840} INFO - DAG(s) 'example_branch_labels' retrieved from /home/airflow/.local/lib/python3.12/site-packages/airflow/example_dags/example_branch_labels.py
[2024-05-24T07:33:29.107+0000] {logging_mixin.py:188} INFO - [2024-05-24T07:33:29.107+0000] {dag.py:3096} INFO - Sync 1 DAGs
[2024-05-24T07:33:29.116+0000] {logging_mixin.py:188} INFO - [2024-05-24T07:33:29.115+0000] {dag.py:3954} INFO - Setting next_dagrun for example_branch_labels to 2024-05-23 00:00:00+00:00, run_after=2024-05-24 00:00:00+00:00
[2024-05-24T07:33:29.122+0000] {processor.py:183} INFO - Processing /home/airflow/.local/lib/python3.12/site-packages/airflow/example_dags/example_branch_labels.py took 0.029 seconds
[2024-05-24T07:33:59.433+0000] {processor.py:161} INFO - Started process (PID=12575) to work on /home/airflow/.local/lib/python3.12/site-packages/airflow/example_dags/example_branch_labels.py
[2024-05-24T07:33:59.433+0000] {processor.py:830} INFO - Processing file /home/airflow/.local/lib/python3.12/site-packages/airflow/example_dags/example_branch_labels.py for tasks to queue
[2024-05-24T07:33:59.434+0000] {logging_mixin.py:188} INFO - [2024-05-24T07:33:59.434+0000] {dagbag.py:545} INFO - Filling up the DagBag from /home/airflow/.local/lib/python3.12/site-packages/airflow/example_dags/example_branch_labels.py
[2024-05-24T07:33:59.437+0000] {processor.py:840} INFO - DAG(s) 'example_branch_labels' retrieved from /home/airflow/.local/lib/python3.12/site-packages/airflow/example_dags/example_branch_labels.py
[2024-05-24T07:33:59.445+0000] {logging_mixin.py:188} INFO - [2024-05-24T07:33:59.445+0000] {dag.py:3096} INFO - Sync 1 DAGs
[2024-05-24T07:33:59.452+0000] {logging_mixin.py:188} INFO - [2024-05-24T07:33:59.452+0000] {dag.py:3954} INFO - Setting next_dagrun for example_branch_labels to 2024-05-23 00:00:00+00:00, run_after=2024-05-24 00:00:00+00:00
[2024-05-24T07:33:59.458+0000] {processor.py:183} INFO - Processing /home/airflow/.local/lib/python3.12/site-packages/airflow/example_dags/example_branch_labels.py took 0.028 seconds
[2024-05-24T07:34:29.833+0000] {processor.py:161} INFO - Started process (PID=12836) to work on /home/airflow/.local/lib/python3.12/site-packages/airflow/example_dags/example_branch_labels.py
[2024-05-24T07:34:29.833+0000] {processor.py:830} INFO - Processing file /home/airflow/.local/lib/python3.12/site-packages/airflow/example_dags/example_branch_labels.py for tasks to queue
[2024-05-24T07:34:29.834+0000] {logging_mixin.py:188} INFO - [2024-05-24T07:34:29.834+0000] {dagbag.py:545} INFO - Filling up the DagBag from /home/airflow/.local/lib/python3.12/site-packages/airflow/example_dags/example_branch_labels.py
[2024-05-24T07:34:29.837+0000] {processor.py:840} INFO - DAG(s) 'example_branch_labels' retrieved from /home/airflow/.local/lib/python3.12/site-packages/airflow/example_dags/example_branch_labels.py
[2024-05-24T07:34:29.845+0000] {logging_mixin.py:188} INFO - [2024-05-24T07:34:29.845+0000] {dag.py:3096} INFO - Sync 1 DAGs
[2024-05-24T07:34:29.853+0000] {logging_mixin.py:188} INFO - [2024-05-24T07:34:29.853+0000] {dag.py:3954} INFO - Setting next_dagrun for example_branch_labels to 2024-05-23 00:00:00+00:00, run_after=2024-05-24 00:00:00+00:00
[2024-05-24T07:34:29.859+0000] {processor.py:183} INFO - Processing /home/airflow/.local/lib/python3.12/site-packages/airflow/example_dags/example_branch_labels.py took 0.029 seconds
[2024-05-24T07:35:00.347+0000] {processor.py:161} INFO - Started process (PID=13096) to work on /home/airflow/.local/lib/python3.12/site-packages/airflow/example_dags/example_branch_labels.py
[2024-05-24T07:35:00.348+0000] {processor.py:830} INFO - Processing file /home/airflow/.local/lib/python3.12/site-packages/airflow/example_dags/example_branch_labels.py for tasks to queue
[2024-05-24T07:35:00.348+0000] {logging_mixin.py:188} INFO - [2024-05-24T07:35:00.348+0000] {dagbag.py:545} INFO - Filling up the DagBag from /home/airflow/.local/lib/python3.12/site-packages/airflow/example_dags/example_branch_labels.py
[2024-05-24T07:35:00.351+0000] {processor.py:840} INFO - DAG(s) 'example_branch_labels' retrieved from /home/airflow/.local/lib/python3.12/site-packages/airflow/example_dags/example_branch_labels.py
[2024-05-24T07:35:00.359+0000] {logging_mixin.py:188} INFO - [2024-05-24T07:35:00.359+0000] {dag.py:3096} INFO - Sync 1 DAGs
[2024-05-24T07:35:00.367+0000] {logging_mixin.py:188} INFO - [2024-05-24T07:35:00.367+0000] {dag.py:3954} INFO - Setting next_dagrun for example_branch_labels to 2024-05-23 00:00:00+00:00, run_after=2024-05-24 00:00:00+00:00
[2024-05-24T07:35:00.373+0000] {processor.py:183} INFO - Processing /home/airflow/.local/lib/python3.12/site-packages/airflow/example_dags/example_branch_labels.py took 0.028 seconds
[2024-05-24T07:35:30.694+0000] {processor.py:161} INFO - Started process (PID=13358) to work on /home/airflow/.local/lib/python3.12/site-packages/airflow/example_dags/example_branch_labels.py
[2024-05-24T07:35:30.695+0000] {processor.py:830} INFO - Processing file /home/airflow/.local/lib/python3.12/site-packages/airflow/example_dags/example_branch_labels.py for tasks to queue
[2024-05-24T07:35:30.695+0000] {logging_mixin.py:188} INFO - [2024-05-24T07:35:30.695+0000] {dagbag.py:545} INFO - Filling up the DagBag from /home/airflow/.local/lib/python3.12/site-packages/airflow/example_dags/example_branch_labels.py
[2024-05-24T07:35:30.699+0000] {processor.py:840} INFO - DAG(s) 'example_branch_labels' retrieved from /home/airflow/.local/lib/python3.12/site-packages/airflow/example_dags/example_branch_labels.py
[2024-05-24T07:35:30.707+0000] {logging_mixin.py:188} INFO - [2024-05-24T07:35:30.707+0000] {dag.py:3096} INFO - Sync 1 DAGs
[2024-05-24T07:35:30.715+0000] {logging_mixin.py:188} INFO - [2024-05-24T07:35:30.715+0000] {dag.py:3954} INFO - Setting next_dagrun for example_branch_labels to 2024-05-23 00:00:00+00:00, run_after=2024-05-24 00:00:00+00:00
[2024-05-24T07:35:30.721+0000] {processor.py:183} INFO - Processing /home/airflow/.local/lib/python3.12/site-packages/airflow/example_dags/example_branch_labels.py took 0.030 seconds
[2024-05-24T07:36:01.060+0000] {processor.py:161} INFO - Started process (PID=13622) to work on /home/airflow/.local/lib/python3.12/site-packages/airflow/example_dags/example_branch_labels.py
[2024-05-24T07:36:01.061+0000] {processor.py:830} INFO - Processing file /home/airflow/.local/lib/python3.12/site-packages/airflow/example_dags/example_branch_labels.py for tasks to queue
[2024-05-24T07:36:01.061+0000] {logging_mixin.py:188} INFO - [2024-05-24T07:36:01.061+0000] {dagbag.py:545} INFO - Filling up the DagBag from /home/airflow/.local/lib/python3.12/site-packages/airflow/example_dags/example_branch_labels.py
[2024-05-24T07:36:01.064+0000] {processor.py:840} INFO - DAG(s) 'example_branch_labels' retrieved from /home/airflow/.local/lib/python3.12/site-packages/airflow/example_dags/example_branch_labels.py
[2024-05-24T07:36:01.072+0000] {logging_mixin.py:188} INFO - [2024-05-24T07:36:01.072+0000] {dag.py:3096} INFO - Sync 1 DAGs
[2024-05-24T07:36:01.080+0000] {logging_mixin.py:188} INFO - [2024-05-24T07:36:01.080+0000] {dag.py:3954} INFO - Setting next_dagrun for example_branch_labels to 2024-05-23 00:00:00+00:00, run_after=2024-05-24 00:00:00+00:00
[2024-05-24T07:36:01.087+0000] {processor.py:183} INFO - Processing /home/airflow/.local/lib/python3.12/site-packages/airflow/example_dags/example_branch_labels.py took 0.029 seconds
[2024-05-24T07:36:31.555+0000] {processor.py:161} INFO - Started process (PID=13884) to work on /home/airflow/.local/lib/python3.12/site-packages/airflow/example_dags/example_branch_labels.py
[2024-05-24T07:36:31.555+0000] {processor.py:830} INFO - Processing file /home/airflow/.local/lib/python3.12/site-packages/airflow/example_dags/example_branch_labels.py for tasks to queue
[2024-05-24T07:36:31.556+0000] {logging_mixin.py:188} INFO - [2024-05-24T07:36:31.556+0000] {dagbag.py:545} INFO - Filling up the DagBag from /home/airflow/.local/lib/python3.12/site-packages/airflow/example_dags/example_branch_labels.py
[2024-05-24T07:36:31.559+0000] {processor.py:840} INFO - DAG(s) 'example_branch_labels' retrieved from /home/airflow/.local/lib/python3.12/site-packages/airflow/example_dags/example_branch_labels.py
[2024-05-24T07:36:31.566+0000] {logging_mixin.py:188} INFO - [2024-05-24T07:36:31.566+0000] {dag.py:3096} INFO - Sync 1 DAGs
[2024-05-24T07:36:31.574+0000] {logging_mixin.py:188} INFO - [2024-05-24T07:36:31.574+0000] {dag.py:3954} INFO - Setting next_dagrun for example_branch_labels to 2024-05-23 00:00:00+00:00, run_after=2024-05-24 00:00:00+00:00
[2024-05-24T07:36:31.580+0000] {processor.py:183} INFO - Processing /home/airflow/.local/lib/python3.12/site-packages/airflow/example_dags/example_branch_labels.py took 0.028 seconds
[2024-05-24T07:37:01.909+0000] {processor.py:161} INFO - Started process (PID=14146) to work on /home/airflow/.local/lib/python3.12/site-packages/airflow/example_dags/example_branch_labels.py
[2024-05-24T07:37:01.909+0000] {processor.py:830} INFO - Processing file /home/airflow/.local/lib/python3.12/site-packages/airflow/example_dags/example_branch_labels.py for tasks to queue
[2024-05-24T07:37:01.910+0000] {logging_mixin.py:188} INFO - [2024-05-24T07:37:01.910+0000] {dagbag.py:545} INFO - Filling up the DagBag from /home/airflow/.local/lib/python3.12/site-packages/airflow/example_dags/example_branch_labels.py
[2024-05-24T07:37:01.913+0000] {processor.py:840} INFO - DAG(s) 'example_branch_labels' retrieved from /home/airflow/.local/lib/python3.12/site-packages/airflow/example_dags/example_branch_labels.py
[2024-05-24T07:37:01.921+0000] {logging_mixin.py:188} INFO - [2024-05-24T07:37:01.920+0000] {dag.py:3096} INFO - Sync 1 DAGs
[2024-05-24T07:37:01.929+0000] {logging_mixin.py:188} INFO - [2024-05-24T07:37:01.929+0000] {dag.py:3954} INFO - Setting next_dagrun for example_branch_labels to 2024-05-23 00:00:00+00:00, run_after=2024-05-24 00:00:00+00:00
[2024-05-24T07:37:01.935+0000] {processor.py:183} INFO - Processing /home/airflow/.local/lib/python3.12/site-packages/airflow/example_dags/example_branch_labels.py took 0.029 seconds
[2024-05-24T07:37:32.288+0000] {processor.py:161} INFO - Started process (PID=14408) to work on /home/airflow/.local/lib/python3.12/site-packages/airflow/example_dags/example_branch_labels.py
[2024-05-24T07:37:32.288+0000] {processor.py:830} INFO - Processing file /home/airflow/.local/lib/python3.12/site-packages/airflow/example_dags/example_branch_labels.py for tasks to queue
[2024-05-24T07:37:32.289+0000] {logging_mixin.py:188} INFO - [2024-05-24T07:37:32.289+0000] {dagbag.py:545} INFO - Filling up the DagBag from /home/airflow/.local/lib/python3.12/site-packages/airflow/example_dags/example_branch_labels.py
[2024-05-24T07:37:32.292+0000] {processor.py:840} INFO - DAG(s) 'example_branch_labels' retrieved from /home/airflow/.local/lib/python3.12/site-packages/airflow/example_dags/example_branch_labels.py
[2024-05-24T07:37:32.300+0000] {logging_mixin.py:188} INFO - [2024-05-24T07:37:32.300+0000] {dag.py:3096} INFO - Sync 1 DAGs
[2024-05-24T07:37:32.308+0000] {logging_mixin.py:188} INFO - [2024-05-24T07:37:32.308+0000] {dag.py:3954} INFO - Setting next_dagrun for example_branch_labels to 2024-05-23 00:00:00+00:00, run_after=2024-05-24 00:00:00+00:00
[2024-05-24T07:37:32.314+0000] {processor.py:183} INFO - Processing /home/airflow/.local/lib/python3.12/site-packages/airflow/example_dags/example_branch_labels.py took 0.029 seconds
[2024-05-24T07:38:02.780+0000] {processor.py:161} INFO - Started process (PID=14670) to work on /home/airflow/.local/lib/python3.12/site-packages/airflow/example_dags/example_branch_labels.py
[2024-05-24T07:38:02.780+0000] {processor.py:830} INFO - Processing file /home/airflow/.local/lib/python3.12/site-packages/airflow/example_dags/example_branch_labels.py for tasks to queue
[2024-05-24T07:38:02.781+0000] {logging_mixin.py:188} INFO - [2024-05-24T07:38:02.781+0000] {dagbag.py:545} INFO - Filling up the DagBag from /home/airflow/.local/lib/python3.12/site-packages/airflow/example_dags/example_branch_labels.py
[2024-05-24T07:38:02.784+0000] {processor.py:840} INFO - DAG(s) 'example_branch_labels' retrieved from /home/airflow/.local/lib/python3.12/site-packages/airflow/example_dags/example_branch_labels.py
[2024-05-24T07:38:02.792+0000] {logging_mixin.py:188} INFO - [2024-05-24T07:38:02.792+0000] {dag.py:3096} INFO - Sync 1 DAGs
[2024-05-24T07:38:02.800+0000] {logging_mixin.py:188} INFO - [2024-05-24T07:38:02.800+0000] {dag.py:3954} INFO - Setting next_dagrun for example_branch_labels to 2024-05-23 00:00:00+00:00, run_after=2024-05-24 00:00:00+00:00
[2024-05-24T07:38:02.806+0000] {processor.py:183} INFO - Processing /home/airflow/.local/lib/python3.12/site-packages/airflow/example_dags/example_branch_labels.py took 0.028 seconds
[2024-05-24T07:38:33.136+0000] {processor.py:161} INFO - Started process (PID=14932) to work on /home/airflow/.local/lib/python3.12/site-packages/airflow/example_dags/example_branch_labels.py
[2024-05-24T07:38:33.136+0000] {processor.py:830} INFO - Processing file /home/airflow/.local/lib/python3.12/site-packages/airflow/example_dags/example_branch_labels.py for tasks to queue
[2024-05-24T07:38:33.137+0000] {logging_mixin.py:188} INFO - [2024-05-24T07:38:33.137+0000] {dagbag.py:545} INFO - Filling up the DagBag from /home/airflow/.local/lib/python3.12/site-packages/airflow/example_dags/example_branch_labels.py
[2024-05-24T07:38:33.140+0000] {processor.py:840} INFO - DAG(s) 'example_branch_labels' retrieved from /home/airflow/.local/lib/python3.12/site-packages/airflow/example_dags/example_branch_labels.py
[2024-05-24T07:38:33.148+0000] {logging_mixin.py:188} INFO - [2024-05-24T07:38:33.148+0000] {dag.py:3096} INFO - Sync 1 DAGs
[2024-05-24T07:38:33.156+0000] {logging_mixin.py:188} INFO - [2024-05-24T07:38:33.156+0000] {dag.py:3954} INFO - Setting next_dagrun for example_branch_labels to 2024-05-23 00:00:00+00:00, run_after=2024-05-24 00:00:00+00:00
[2024-05-24T07:38:33.162+0000] {processor.py:183} INFO - Processing /home/airflow/.local/lib/python3.12/site-packages/airflow/example_dags/example_branch_labels.py took 0.029 seconds
[2024-05-24T07:39:03.450+0000] {processor.py:161} INFO - Started process (PID=15194) to work on /home/airflow/.local/lib/python3.12/site-packages/airflow/example_dags/example_branch_labels.py
[2024-05-24T07:39:03.451+0000] {processor.py:830} INFO - Processing file /home/airflow/.local/lib/python3.12/site-packages/airflow/example_dags/example_branch_labels.py for tasks to queue
[2024-05-24T07:39:03.451+0000] {logging_mixin.py:188} INFO - [2024-05-24T07:39:03.451+0000] {dagbag.py:545} INFO - Filling up the DagBag from /home/airflow/.local/lib/python3.12/site-packages/airflow/example_dags/example_branch_labels.py
[2024-05-24T07:39:03.454+0000] {processor.py:840} INFO - DAG(s) 'example_branch_labels' retrieved from /home/airflow/.local/lib/python3.12/site-packages/airflow/example_dags/example_branch_labels.py
[2024-05-24T07:39:03.462+0000] {logging_mixin.py:188} INFO - [2024-05-24T07:39:03.462+0000] {dag.py:3096} INFO - Sync 1 DAGs
[2024-05-24T07:39:03.469+0000] {logging_mixin.py:188} INFO - [2024-05-24T07:39:03.469+0000] {dag.py:3954} INFO - Setting next_dagrun for example_branch_labels to 2024-05-23 00:00:00+00:00, run_after=2024-05-24 00:00:00+00:00
[2024-05-24T07:39:03.475+0000] {processor.py:183} INFO - Processing /home/airflow/.local/lib/python3.12/site-packages/airflow/example_dags/example_branch_labels.py took 0.027 seconds
[2024-05-24T07:39:33.821+0000] {processor.py:161} INFO - Started process (PID=15455) to work on /home/airflow/.local/lib/python3.12/site-packages/airflow/example_dags/example_branch_labels.py
[2024-05-24T07:39:33.822+0000] {processor.py:830} INFO - Processing file /home/airflow/.local/lib/python3.12/site-packages/airflow/example_dags/example_branch_labels.py for tasks to queue
[2024-05-24T07:39:33.823+0000] {logging_mixin.py:188} INFO - [2024-05-24T07:39:33.823+0000] {dagbag.py:545} INFO - Filling up the DagBag from /home/airflow/.local/lib/python3.12/site-packages/airflow/example_dags/example_branch_labels.py
[2024-05-24T07:39:33.825+0000] {processor.py:840} INFO - DAG(s) 'example_branch_labels' retrieved from /home/airflow/.local/lib/python3.12/site-packages/airflow/example_dags/example_branch_labels.py
[2024-05-24T07:39:33.833+0000] {logging_mixin.py:188} INFO - [2024-05-24T07:39:33.833+0000] {dag.py:3096} INFO - Sync 1 DAGs
[2024-05-24T07:39:33.841+0000] {logging_mixin.py:188} INFO - [2024-05-24T07:39:33.841+0000] {dag.py:3954} INFO - Setting next_dagrun for example_branch_labels to 2024-05-23 00:00:00+00:00, run_after=2024-05-24 00:00:00+00:00
[2024-05-24T07:39:33.847+0000] {processor.py:183} INFO - Processing /home/airflow/.local/lib/python3.12/site-packages/airflow/example_dags/example_branch_labels.py took 0.028 seconds
[2024-05-24T07:40:04.290+0000] {processor.py:161} INFO - Started process (PID=15717) to work on /home/airflow/.local/lib/python3.12/site-packages/airflow/example_dags/example_branch_labels.py
[2024-05-24T07:40:04.291+0000] {processor.py:830} INFO - Processing file /home/airflow/.local/lib/python3.12/site-packages/airflow/example_dags/example_branch_labels.py for tasks to queue
[2024-05-24T07:40:04.291+0000] {logging_mixin.py:188} INFO - [2024-05-24T07:40:04.291+0000] {dagbag.py:545} INFO - Filling up the DagBag from /home/airflow/.local/lib/python3.12/site-packages/airflow/example_dags/example_branch_labels.py
[2024-05-24T07:40:04.294+0000] {processor.py:840} INFO - DAG(s) 'example_branch_labels' retrieved from /home/airflow/.local/lib/python3.12/site-packages/airflow/example_dags/example_branch_labels.py
[2024-05-24T07:40:04.302+0000] {logging_mixin.py:188} INFO - [2024-05-24T07:40:04.302+0000] {dag.py:3096} INFO - Sync 1 DAGs
[2024-05-24T07:40:04.309+0000] {logging_mixin.py:188} INFO - [2024-05-24T07:40:04.309+0000] {dag.py:3954} INFO - Setting next_dagrun for example_branch_labels to 2024-05-23 00:00:00+00:00, run_after=2024-05-24 00:00:00+00:00
[2024-05-24T07:40:04.315+0000] {processor.py:183} INFO - Processing /home/airflow/.local/lib/python3.12/site-packages/airflow/example_dags/example_branch_labels.py took 0.027 seconds
[2024-05-24T07:40:34.705+0000] {processor.py:161} INFO - Started process (PID=15979) to work on /home/airflow/.local/lib/python3.12/site-packages/airflow/example_dags/example_branch_labels.py
[2024-05-24T07:40:34.705+0000] {processor.py:830} INFO - Processing file /home/airflow/.local/lib/python3.12/site-packages/airflow/example_dags/example_branch_labels.py for tasks to queue
[2024-05-24T07:40:34.706+0000] {logging_mixin.py:188} INFO - [2024-05-24T07:40:34.706+0000] {dagbag.py:545} INFO - Filling up the DagBag from /home/airflow/.local/lib/python3.12/site-packages/airflow/example_dags/example_branch_labels.py
[2024-05-24T07:40:34.709+0000] {processor.py:840} INFO - DAG(s) 'example_branch_labels' retrieved from /home/airflow/.local/lib/python3.12/site-packages/airflow/example_dags/example_branch_labels.py
[2024-05-24T07:40:34.717+0000] {logging_mixin.py:188} INFO - [2024-05-24T07:40:34.716+0000] {dag.py:3096} INFO - Sync 1 DAGs
[2024-05-24T07:40:34.724+0000] {logging_mixin.py:188} INFO - [2024-05-24T07:40:34.724+0000] {dag.py:3954} INFO - Setting next_dagrun for example_branch_labels to 2024-05-23 00:00:00+00:00, run_after=2024-05-24 00:00:00+00:00
[2024-05-24T07:40:34.730+0000] {processor.py:183} INFO - Processing /home/airflow/.local/lib/python3.12/site-packages/airflow/example_dags/example_branch_labels.py took 0.027 seconds
[2024-05-24T07:41:05.114+0000] {processor.py:161} INFO - Started process (PID=16239) to work on /home/airflow/.local/lib/python3.12/site-packages/airflow/example_dags/example_branch_labels.py
[2024-05-24T07:41:05.114+0000] {processor.py:830} INFO - Processing file /home/airflow/.local/lib/python3.12/site-packages/airflow/example_dags/example_branch_labels.py for tasks to queue
[2024-05-24T07:41:05.115+0000] {logging_mixin.py:188} INFO - [2024-05-24T07:41:05.115+0000] {dagbag.py:545} INFO - Filling up the DagBag from /home/airflow/.local/lib/python3.12/site-packages/airflow/example_dags/example_branch_labels.py
[2024-05-24T07:41:05.118+0000] {processor.py:840} INFO - DAG(s) 'example_branch_labels' retrieved from /home/airflow/.local/lib/python3.12/site-packages/airflow/example_dags/example_branch_labels.py
[2024-05-24T07:41:05.125+0000] {logging_mixin.py:188} INFO - [2024-05-24T07:41:05.125+0000] {dag.py:3096} INFO - Sync 1 DAGs
[2024-05-24T07:41:05.133+0000] {logging_mixin.py:188} INFO - [2024-05-24T07:41:05.133+0000] {dag.py:3954} INFO - Setting next_dagrun for example_branch_labels to 2024-05-23 00:00:00+00:00, run_after=2024-05-24 00:00:00+00:00
[2024-05-24T07:41:05.139+0000] {processor.py:183} INFO - Processing /home/airflow/.local/lib/python3.12/site-packages/airflow/example_dags/example_branch_labels.py took 0.028 seconds
[2024-05-24T07:41:35.458+0000] {processor.py:161} INFO - Started process (PID=16503) to work on /home/airflow/.local/lib/python3.12/site-packages/airflow/example_dags/example_branch_labels.py
[2024-05-24T07:41:35.458+0000] {processor.py:830} INFO - Processing file /home/airflow/.local/lib/python3.12/site-packages/airflow/example_dags/example_branch_labels.py for tasks to queue
[2024-05-24T07:41:35.459+0000] {logging_mixin.py:188} INFO - [2024-05-24T07:41:35.459+0000] {dagbag.py:545} INFO - Filling up the DagBag from /home/airflow/.local/lib/python3.12/site-packages/airflow/example_dags/example_branch_labels.py
[2024-05-24T07:41:35.462+0000] {processor.py:840} INFO - DAG(s) 'example_branch_labels' retrieved from /home/airflow/.local/lib/python3.12/site-packages/airflow/example_dags/example_branch_labels.py
[2024-05-24T07:41:35.470+0000] {logging_mixin.py:188} INFO - [2024-05-24T07:41:35.470+0000] {dag.py:3096} INFO - Sync 1 DAGs
[2024-05-24T07:41:35.478+0000] {logging_mixin.py:188} INFO - [2024-05-24T07:41:35.478+0000] {dag.py:3954} INFO - Setting next_dagrun for example_branch_labels to 2024-05-23 00:00:00+00:00, run_after=2024-05-24 00:00:00+00:00
[2024-05-24T07:41:35.484+0000] {processor.py:183} INFO - Processing /home/airflow/.local/lib/python3.12/site-packages/airflow/example_dags/example_branch_labels.py took 0.028 seconds
[2024-05-24T07:42:05.794+0000] {processor.py:161} INFO - Started process (PID=16763) to work on /home/airflow/.local/lib/python3.12/site-packages/airflow/example_dags/example_branch_labels.py
[2024-05-24T07:42:05.794+0000] {processor.py:830} INFO - Processing file /home/airflow/.local/lib/python3.12/site-packages/airflow/example_dags/example_branch_labels.py for tasks to queue
[2024-05-24T07:42:05.795+0000] {logging_mixin.py:188} INFO - [2024-05-24T07:42:05.795+0000] {dagbag.py:545} INFO - Filling up the DagBag from /home/airflow/.local/lib/python3.12/site-packages/airflow/example_dags/example_branch_labels.py
[2024-05-24T07:42:05.798+0000] {processor.py:840} INFO - DAG(s) 'example_branch_labels' retrieved from /home/airflow/.local/lib/python3.12/site-packages/airflow/example_dags/example_branch_labels.py
[2024-05-24T07:42:05.806+0000] {logging_mixin.py:188} INFO - [2024-05-24T07:42:05.806+0000] {dag.py:3096} INFO - Sync 1 DAGs
[2024-05-24T07:42:05.814+0000] {logging_mixin.py:188} INFO - [2024-05-24T07:42:05.814+0000] {dag.py:3954} INFO - Setting next_dagrun for example_branch_labels to 2024-05-23 00:00:00+00:00, run_after=2024-05-24 00:00:00+00:00
[2024-05-24T07:42:05.820+0000] {processor.py:183} INFO - Processing /home/airflow/.local/lib/python3.12/site-packages/airflow/example_dags/example_branch_labels.py took 0.029 seconds
[2024-05-24T07:42:36.178+0000] {processor.py:161} INFO - Started process (PID=17027) to work on /home/airflow/.local/lib/python3.12/site-packages/airflow/example_dags/example_branch_labels.py
[2024-05-24T07:42:36.178+0000] {processor.py:830} INFO - Processing file /home/airflow/.local/lib/python3.12/site-packages/airflow/example_dags/example_branch_labels.py for tasks to queue
[2024-05-24T07:42:36.179+0000] {logging_mixin.py:188} INFO - [2024-05-24T07:42:36.179+0000] {dagbag.py:545} INFO - Filling up the DagBag from /home/airflow/.local/lib/python3.12/site-packages/airflow/example_dags/example_branch_labels.py
[2024-05-24T07:42:36.182+0000] {processor.py:840} INFO - DAG(s) 'example_branch_labels' retrieved from /home/airflow/.local/lib/python3.12/site-packages/airflow/example_dags/example_branch_labels.py
[2024-05-24T07:42:36.190+0000] {logging_mixin.py:188} INFO - [2024-05-24T07:42:36.190+0000] {dag.py:3096} INFO - Sync 1 DAGs
[2024-05-24T07:42:36.198+0000] {logging_mixin.py:188} INFO - [2024-05-24T07:42:36.198+0000] {dag.py:3954} INFO - Setting next_dagrun for example_branch_labels to 2024-05-23 00:00:00+00:00, run_after=2024-05-24 00:00:00+00:00
[2024-05-24T07:42:36.205+0000] {processor.py:183} INFO - Processing /home/airflow/.local/lib/python3.12/site-packages/airflow/example_dags/example_branch_labels.py took 0.030 seconds
[2024-05-24T07:43:06.659+0000] {processor.py:161} INFO - Started process (PID=17289) to work on /home/airflow/.local/lib/python3.12/site-packages/airflow/example_dags/example_branch_labels.py
[2024-05-24T07:43:06.660+0000] {processor.py:830} INFO - Processing file /home/airflow/.local/lib/python3.12/site-packages/airflow/example_dags/example_branch_labels.py for tasks to queue
[2024-05-24T07:43:06.660+0000] {logging_mixin.py:188} INFO - [2024-05-24T07:43:06.660+0000] {dagbag.py:545} INFO - Filling up the DagBag from /home/airflow/.local/lib/python3.12/site-packages/airflow/example_dags/example_branch_labels.py
[2024-05-24T07:43:06.663+0000] {processor.py:840} INFO - DAG(s) 'example_branch_labels' retrieved from /home/airflow/.local/lib/python3.12/site-packages/airflow/example_dags/example_branch_labels.py
[2024-05-24T07:43:06.671+0000] {logging_mixin.py:188} INFO - [2024-05-24T07:43:06.671+0000] {dag.py:3096} INFO - Sync 1 DAGs
[2024-05-24T07:43:06.679+0000] {logging_mixin.py:188} INFO - [2024-05-24T07:43:06.679+0000] {dag.py:3954} INFO - Setting next_dagrun for example_branch_labels to 2024-05-23 00:00:00+00:00, run_after=2024-05-24 00:00:00+00:00
[2024-05-24T07:43:06.686+0000] {processor.py:183} INFO - Processing /home/airflow/.local/lib/python3.12/site-packages/airflow/example_dags/example_branch_labels.py took 0.029 seconds
[2024-05-24T07:43:36.997+0000] {processor.py:161} INFO - Started process (PID=17549) to work on /home/airflow/.local/lib/python3.12/site-packages/airflow/example_dags/example_branch_labels.py
[2024-05-24T07:43:36.997+0000] {processor.py:830} INFO - Processing file /home/airflow/.local/lib/python3.12/site-packages/airflow/example_dags/example_branch_labels.py for tasks to queue
[2024-05-24T07:43:36.998+0000] {logging_mixin.py:188} INFO - [2024-05-24T07:43:36.998+0000] {dagbag.py:545} INFO - Filling up the DagBag from /home/airflow/.local/lib/python3.12/site-packages/airflow/example_dags/example_branch_labels.py
[2024-05-24T07:43:37.001+0000] {processor.py:840} INFO - DAG(s) 'example_branch_labels' retrieved from /home/airflow/.local/lib/python3.12/site-packages/airflow/example_dags/example_branch_labels.py
[2024-05-24T07:43:37.009+0000] {logging_mixin.py:188} INFO - [2024-05-24T07:43:37.009+0000] {dag.py:3096} INFO - Sync 1 DAGs
[2024-05-24T07:43:37.017+0000] {logging_mixin.py:188} INFO - [2024-05-24T07:43:37.017+0000] {dag.py:3954} INFO - Setting next_dagrun for example_branch_labels to 2024-05-23 00:00:00+00:00, run_after=2024-05-24 00:00:00+00:00
[2024-05-24T07:43:37.023+0000] {processor.py:183} INFO - Processing /home/airflow/.local/lib/python3.12/site-packages/airflow/example_dags/example_branch_labels.py took 0.029 seconds
[2024-05-24T07:44:07.351+0000] {processor.py:161} INFO - Started process (PID=17811) to work on /home/airflow/.local/lib/python3.12/site-packages/airflow/example_dags/example_branch_labels.py
[2024-05-24T07:44:07.351+0000] {processor.py:830} INFO - Processing file /home/airflow/.local/lib/python3.12/site-packages/airflow/example_dags/example_branch_labels.py for tasks to queue
[2024-05-24T07:44:07.352+0000] {logging_mixin.py:188} INFO - [2024-05-24T07:44:07.352+0000] {dagbag.py:545} INFO - Filling up the DagBag from /home/airflow/.local/lib/python3.12/site-packages/airflow/example_dags/example_branch_labels.py
[2024-05-24T07:44:07.355+0000] {processor.py:840} INFO - DAG(s) 'example_branch_labels' retrieved from /home/airflow/.local/lib/python3.12/site-packages/airflow/example_dags/example_branch_labels.py
[2024-05-24T07:44:07.363+0000] {logging_mixin.py:188} INFO - [2024-05-24T07:44:07.363+0000] {dag.py:3096} INFO - Sync 1 DAGs
[2024-05-24T07:44:07.371+0000] {logging_mixin.py:188} INFO - [2024-05-24T07:44:07.371+0000] {dag.py:3954} INFO - Setting next_dagrun for example_branch_labels to 2024-05-23 00:00:00+00:00, run_after=2024-05-24 00:00:00+00:00
[2024-05-24T07:44:07.377+0000] {processor.py:183} INFO - Processing /home/airflow/.local/lib/python3.12/site-packages/airflow/example_dags/example_branch_labels.py took 0.028 seconds
[2024-05-24T07:44:37.674+0000] {processor.py:161} INFO - Started process (PID=18075) to work on /home/airflow/.local/lib/python3.12/site-packages/airflow/example_dags/example_branch_labels.py
[2024-05-24T07:44:37.674+0000] {processor.py:830} INFO - Processing file /home/airflow/.local/lib/python3.12/site-packages/airflow/example_dags/example_branch_labels.py for tasks to queue
[2024-05-24T07:44:37.675+0000] {logging_mixin.py:188} INFO - [2024-05-24T07:44:37.675+0000] {dagbag.py:545} INFO - Filling up the DagBag from /home/airflow/.local/lib/python3.12/site-packages/airflow/example_dags/example_branch_labels.py
[2024-05-24T07:44:37.678+0000] {processor.py:840} INFO - DAG(s) 'example_branch_labels' retrieved from /home/airflow/.local/lib/python3.12/site-packages/airflow/example_dags/example_branch_labels.py
[2024-05-24T07:44:37.685+0000] {logging_mixin.py:188} INFO - [2024-05-24T07:44:37.685+0000] {dag.py:3096} INFO - Sync 1 DAGs
[2024-05-24T07:44:37.693+0000] {logging_mixin.py:188} INFO - [2024-05-24T07:44:37.693+0000] {dag.py:3954} INFO - Setting next_dagrun for example_branch_labels to 2024-05-23 00:00:00+00:00, run_after=2024-05-24 00:00:00+00:00
[2024-05-24T07:44:37.698+0000] {processor.py:183} INFO - Processing /home/airflow/.local/lib/python3.12/site-packages/airflow/example_dags/example_branch_labels.py took 0.026 seconds
