[2024-05-24T05:45:19.924+0000] {processor.py:161} INFO - Started process (PID=168) to work on /home/airflow/.local/lib/python3.12/site-packages/airflow/example_dags/example_sensor_decorator.py
[2024-05-24T05:45:19.925+0000] {processor.py:830} INFO - Processing file /home/airflow/.local/lib/python3.12/site-packages/airflow/example_dags/example_sensor_decorator.py for tasks to queue
[2024-05-24T05:45:19.926+0000] {logging_mixin.py:188} INFO - [2024-05-24T05:45:19.926+0000] {dagbag.py:545} INFO - Filling up the DagBag from /home/airflow/.local/lib/python3.12/site-packages/airflow/example_dags/example_sensor_decorator.py
[2024-05-24T05:45:19.933+0000] {processor.py:840} INFO - DAG(s) 'example_sensor_decorator' retrieved from /home/airflow/.local/lib/python3.12/site-packages/airflow/example_dags/example_sensor_decorator.py
[2024-05-24T05:45:19.944+0000] {logging_mixin.py:188} INFO - [2024-05-24T05:45:19.944+0000] {dag.py:3096} INFO - Sync 1 DAGs
[2024-05-24T05:45:19.949+0000] {logging_mixin.py:188} INFO - [2024-05-24T05:45:19.949+0000] {dag.py:3954} INFO - Setting next_dagrun for example_sensor_decorator to None, run_after=None
[2024-05-24T05:45:19.955+0000] {processor.py:183} INFO - Processing /home/airflow/.local/lib/python3.12/site-packages/airflow/example_dags/example_sensor_decorator.py took 0.033 seconds
[2024-05-24T05:45:49.978+0000] {processor.py:161} INFO - Started process (PID=430) to work on /home/airflow/.local/lib/python3.12/site-packages/airflow/example_dags/example_sensor_decorator.py
[2024-05-24T05:45:49.979+0000] {processor.py:830} INFO - Processing file /home/airflow/.local/lib/python3.12/site-packages/airflow/example_dags/example_sensor_decorator.py for tasks to queue
[2024-05-24T05:45:49.980+0000] {logging_mixin.py:188} INFO - [2024-05-24T05:45:49.980+0000] {dagbag.py:545} INFO - Filling up the DagBag from /home/airflow/.local/lib/python3.12/site-packages/airflow/example_dags/example_sensor_decorator.py
[2024-05-24T05:45:49.986+0000] {processor.py:840} INFO - DAG(s) 'example_sensor_decorator' retrieved from /home/airflow/.local/lib/python3.12/site-packages/airflow/example_dags/example_sensor_decorator.py
[2024-05-24T05:45:50.072+0000] {logging_mixin.py:188} INFO - [2024-05-24T05:45:50.072+0000] {dag.py:3096} INFO - Sync 1 DAGs
[2024-05-24T05:45:50.075+0000] {logging_mixin.py:188} INFO - [2024-05-24T05:45:50.075+0000] {dag.py:3954} INFO - Setting next_dagrun for example_sensor_decorator to None, run_after=None
[2024-05-24T05:45:50.081+0000] {processor.py:183} INFO - Processing /home/airflow/.local/lib/python3.12/site-packages/airflow/example_dags/example_sensor_decorator.py took 0.108 seconds
[2024-05-24T05:46:20.180+0000] {processor.py:161} INFO - Started process (PID=692) to work on /home/airflow/.local/lib/python3.12/site-packages/airflow/example_dags/example_sensor_decorator.py
[2024-05-24T05:46:20.181+0000] {processor.py:830} INFO - Processing file /home/airflow/.local/lib/python3.12/site-packages/airflow/example_dags/example_sensor_decorator.py for tasks to queue
[2024-05-24T05:46:20.183+0000] {logging_mixin.py:188} INFO - [2024-05-24T05:46:20.183+0000] {dagbag.py:545} INFO - Filling up the DagBag from /home/airflow/.local/lib/python3.12/site-packages/airflow/example_dags/example_sensor_decorator.py
[2024-05-24T05:46:20.189+0000] {processor.py:840} INFO - DAG(s) 'example_sensor_decorator' retrieved from /home/airflow/.local/lib/python3.12/site-packages/airflow/example_dags/example_sensor_decorator.py
[2024-05-24T05:46:20.205+0000] {logging_mixin.py:188} INFO - [2024-05-24T05:46:20.204+0000] {dag.py:3096} INFO - Sync 1 DAGs
[2024-05-24T05:46:20.212+0000] {logging_mixin.py:188} INFO - [2024-05-24T05:46:20.212+0000] {dag.py:3954} INFO - Setting next_dagrun for example_sensor_decorator to None, run_after=None
[2024-05-24T05:46:20.222+0000] {processor.py:183} INFO - Processing /home/airflow/.local/lib/python3.12/site-packages/airflow/example_dags/example_sensor_decorator.py took 0.050 seconds
[2024-05-24T05:46:50.514+0000] {processor.py:161} INFO - Started process (PID=954) to work on /home/airflow/.local/lib/python3.12/site-packages/airflow/example_dags/example_sensor_decorator.py
[2024-05-24T05:46:50.515+0000] {processor.py:830} INFO - Processing file /home/airflow/.local/lib/python3.12/site-packages/airflow/example_dags/example_sensor_decorator.py for tasks to queue
[2024-05-24T05:46:50.517+0000] {logging_mixin.py:188} INFO - [2024-05-24T05:46:50.517+0000] {dagbag.py:545} INFO - Filling up the DagBag from /home/airflow/.local/lib/python3.12/site-packages/airflow/example_dags/example_sensor_decorator.py
[2024-05-24T05:46:50.523+0000] {processor.py:840} INFO - DAG(s) 'example_sensor_decorator' retrieved from /home/airflow/.local/lib/python3.12/site-packages/airflow/example_dags/example_sensor_decorator.py
[2024-05-24T05:46:50.539+0000] {logging_mixin.py:188} INFO - [2024-05-24T05:46:50.539+0000] {dag.py:3096} INFO - Sync 1 DAGs
[2024-05-24T05:46:50.546+0000] {logging_mixin.py:188} INFO - [2024-05-24T05:46:50.546+0000] {dag.py:3954} INFO - Setting next_dagrun for example_sensor_decorator to None, run_after=None
[2024-05-24T05:46:50.555+0000] {processor.py:183} INFO - Processing /home/airflow/.local/lib/python3.12/site-packages/airflow/example_dags/example_sensor_decorator.py took 0.048 seconds
[2024-05-24T05:47:20.831+0000] {processor.py:161} INFO - Started process (PID=1216) to work on /home/airflow/.local/lib/python3.12/site-packages/airflow/example_dags/example_sensor_decorator.py
[2024-05-24T05:47:20.832+0000] {processor.py:830} INFO - Processing file /home/airflow/.local/lib/python3.12/site-packages/airflow/example_dags/example_sensor_decorator.py for tasks to queue
[2024-05-24T05:47:20.833+0000] {logging_mixin.py:188} INFO - [2024-05-24T05:47:20.833+0000] {dagbag.py:545} INFO - Filling up the DagBag from /home/airflow/.local/lib/python3.12/site-packages/airflow/example_dags/example_sensor_decorator.py
[2024-05-24T05:47:20.836+0000] {processor.py:840} INFO - DAG(s) 'example_sensor_decorator' retrieved from /home/airflow/.local/lib/python3.12/site-packages/airflow/example_dags/example_sensor_decorator.py
[2024-05-24T05:47:20.846+0000] {logging_mixin.py:188} INFO - [2024-05-24T05:47:20.845+0000] {dag.py:3096} INFO - Sync 1 DAGs
[2024-05-24T05:47:20.851+0000] {logging_mixin.py:188} INFO - [2024-05-24T05:47:20.851+0000] {dag.py:3954} INFO - Setting next_dagrun for example_sensor_decorator to None, run_after=None
[2024-05-24T05:47:20.858+0000] {processor.py:183} INFO - Processing /home/airflow/.local/lib/python3.12/site-packages/airflow/example_dags/example_sensor_decorator.py took 0.032 seconds
[2024-05-24T05:47:51.155+0000] {processor.py:161} INFO - Started process (PID=1478) to work on /home/airflow/.local/lib/python3.12/site-packages/airflow/example_dags/example_sensor_decorator.py
[2024-05-24T05:47:51.156+0000] {processor.py:830} INFO - Processing file /home/airflow/.local/lib/python3.12/site-packages/airflow/example_dags/example_sensor_decorator.py for tasks to queue
[2024-05-24T05:47:51.158+0000] {logging_mixin.py:188} INFO - [2024-05-24T05:47:51.158+0000] {dagbag.py:545} INFO - Filling up the DagBag from /home/airflow/.local/lib/python3.12/site-packages/airflow/example_dags/example_sensor_decorator.py
[2024-05-24T05:47:51.163+0000] {processor.py:840} INFO - DAG(s) 'example_sensor_decorator' retrieved from /home/airflow/.local/lib/python3.12/site-packages/airflow/example_dags/example_sensor_decorator.py
[2024-05-24T05:47:51.177+0000] {logging_mixin.py:188} INFO - [2024-05-24T05:47:51.177+0000] {dag.py:3096} INFO - Sync 1 DAGs
[2024-05-24T05:47:51.184+0000] {logging_mixin.py:188} INFO - [2024-05-24T05:47:51.184+0000] {dag.py:3954} INFO - Setting next_dagrun for example_sensor_decorator to None, run_after=None
[2024-05-24T05:47:51.193+0000] {processor.py:183} INFO - Processing /home/airflow/.local/lib/python3.12/site-packages/airflow/example_dags/example_sensor_decorator.py took 0.044 seconds
[2024-05-24T05:48:21.504+0000] {processor.py:161} INFO - Started process (PID=1740) to work on /home/airflow/.local/lib/python3.12/site-packages/airflow/example_dags/example_sensor_decorator.py
[2024-05-24T05:48:21.505+0000] {processor.py:830} INFO - Processing file /home/airflow/.local/lib/python3.12/site-packages/airflow/example_dags/example_sensor_decorator.py for tasks to queue
[2024-05-24T05:48:21.508+0000] {logging_mixin.py:188} INFO - [2024-05-24T05:48:21.508+0000] {dagbag.py:545} INFO - Filling up the DagBag from /home/airflow/.local/lib/python3.12/site-packages/airflow/example_dags/example_sensor_decorator.py
[2024-05-24T05:48:21.514+0000] {processor.py:840} INFO - DAG(s) 'example_sensor_decorator' retrieved from /home/airflow/.local/lib/python3.12/site-packages/airflow/example_dags/example_sensor_decorator.py
[2024-05-24T05:48:21.527+0000] {logging_mixin.py:188} INFO - [2024-05-24T05:48:21.527+0000] {dag.py:3096} INFO - Sync 1 DAGs
[2024-05-24T05:48:21.534+0000] {logging_mixin.py:188} INFO - [2024-05-24T05:48:21.534+0000] {dag.py:3954} INFO - Setting next_dagrun for example_sensor_decorator to None, run_after=None
[2024-05-24T05:48:21.544+0000] {processor.py:183} INFO - Processing /home/airflow/.local/lib/python3.12/site-packages/airflow/example_dags/example_sensor_decorator.py took 0.047 seconds
[2024-05-24T05:48:51.823+0000] {processor.py:161} INFO - Started process (PID=2002) to work on /home/airflow/.local/lib/python3.12/site-packages/airflow/example_dags/example_sensor_decorator.py
[2024-05-24T05:48:51.824+0000] {processor.py:830} INFO - Processing file /home/airflow/.local/lib/python3.12/site-packages/airflow/example_dags/example_sensor_decorator.py for tasks to queue
[2024-05-24T05:48:51.825+0000] {logging_mixin.py:188} INFO - [2024-05-24T05:48:51.825+0000] {dagbag.py:545} INFO - Filling up the DagBag from /home/airflow/.local/lib/python3.12/site-packages/airflow/example_dags/example_sensor_decorator.py
[2024-05-24T05:48:51.829+0000] {processor.py:840} INFO - DAG(s) 'example_sensor_decorator' retrieved from /home/airflow/.local/lib/python3.12/site-packages/airflow/example_dags/example_sensor_decorator.py
[2024-05-24T05:48:51.841+0000] {logging_mixin.py:188} INFO - [2024-05-24T05:48:51.841+0000] {dag.py:3096} INFO - Sync 1 DAGs
[2024-05-24T05:48:51.852+0000] {logging_mixin.py:188} INFO - [2024-05-24T05:48:51.851+0000] {dag.py:3954} INFO - Setting next_dagrun for example_sensor_decorator to None, run_after=None
[2024-05-24T05:48:51.865+0000] {processor.py:183} INFO - Processing /home/airflow/.local/lib/python3.12/site-packages/airflow/example_dags/example_sensor_decorator.py took 0.046 seconds
[2024-05-24T05:49:22.197+0000] {processor.py:161} INFO - Started process (PID=2264) to work on /home/airflow/.local/lib/python3.12/site-packages/airflow/example_dags/example_sensor_decorator.py
[2024-05-24T05:49:22.198+0000] {processor.py:830} INFO - Processing file /home/airflow/.local/lib/python3.12/site-packages/airflow/example_dags/example_sensor_decorator.py for tasks to queue
[2024-05-24T05:49:22.199+0000] {logging_mixin.py:188} INFO - [2024-05-24T05:49:22.199+0000] {dagbag.py:545} INFO - Filling up the DagBag from /home/airflow/.local/lib/python3.12/site-packages/airflow/example_dags/example_sensor_decorator.py
[2024-05-24T05:49:22.203+0000] {processor.py:840} INFO - DAG(s) 'example_sensor_decorator' retrieved from /home/airflow/.local/lib/python3.12/site-packages/airflow/example_dags/example_sensor_decorator.py
[2024-05-24T05:49:22.213+0000] {logging_mixin.py:188} INFO - [2024-05-24T05:49:22.213+0000] {dag.py:3096} INFO - Sync 1 DAGs
[2024-05-24T05:49:22.219+0000] {logging_mixin.py:188} INFO - [2024-05-24T05:49:22.219+0000] {dag.py:3954} INFO - Setting next_dagrun for example_sensor_decorator to None, run_after=None
[2024-05-24T05:49:22.227+0000] {processor.py:183} INFO - Processing /home/airflow/.local/lib/python3.12/site-packages/airflow/example_dags/example_sensor_decorator.py took 0.033 seconds
[2024-05-24T05:49:52.518+0000] {processor.py:161} INFO - Started process (PID=2526) to work on /home/airflow/.local/lib/python3.12/site-packages/airflow/example_dags/example_sensor_decorator.py
[2024-05-24T05:49:52.520+0000] {processor.py:830} INFO - Processing file /home/airflow/.local/lib/python3.12/site-packages/airflow/example_dags/example_sensor_decorator.py for tasks to queue
[2024-05-24T05:49:52.522+0000] {logging_mixin.py:188} INFO - [2024-05-24T05:49:52.522+0000] {dagbag.py:545} INFO - Filling up the DagBag from /home/airflow/.local/lib/python3.12/site-packages/airflow/example_dags/example_sensor_decorator.py
[2024-05-24T05:49:52.527+0000] {processor.py:840} INFO - DAG(s) 'example_sensor_decorator' retrieved from /home/airflow/.local/lib/python3.12/site-packages/airflow/example_dags/example_sensor_decorator.py
[2024-05-24T05:49:52.540+0000] {logging_mixin.py:188} INFO - [2024-05-24T05:49:52.540+0000] {dag.py:3096} INFO - Sync 1 DAGs
[2024-05-24T05:49:52.548+0000] {logging_mixin.py:188} INFO - [2024-05-24T05:49:52.547+0000] {dag.py:3954} INFO - Setting next_dagrun for example_sensor_decorator to None, run_after=None
[2024-05-24T05:49:52.556+0000] {processor.py:183} INFO - Processing /home/airflow/.local/lib/python3.12/site-packages/airflow/example_dags/example_sensor_decorator.py took 0.044 seconds
[2024-05-24T05:50:22.851+0000] {processor.py:161} INFO - Started process (PID=2788) to work on /home/airflow/.local/lib/python3.12/site-packages/airflow/example_dags/example_sensor_decorator.py
[2024-05-24T05:50:22.853+0000] {processor.py:830} INFO - Processing file /home/airflow/.local/lib/python3.12/site-packages/airflow/example_dags/example_sensor_decorator.py for tasks to queue
[2024-05-24T05:50:22.854+0000] {logging_mixin.py:188} INFO - [2024-05-24T05:50:22.854+0000] {dagbag.py:545} INFO - Filling up the DagBag from /home/airflow/.local/lib/python3.12/site-packages/airflow/example_dags/example_sensor_decorator.py
[2024-05-24T05:50:22.860+0000] {processor.py:840} INFO - DAG(s) 'example_sensor_decorator' retrieved from /home/airflow/.local/lib/python3.12/site-packages/airflow/example_dags/example_sensor_decorator.py
[2024-05-24T05:50:22.874+0000] {logging_mixin.py:188} INFO - [2024-05-24T05:50:22.874+0000] {dag.py:3096} INFO - Sync 1 DAGs
[2024-05-24T05:50:22.881+0000] {logging_mixin.py:188} INFO - [2024-05-24T05:50:22.880+0000] {dag.py:3954} INFO - Setting next_dagrun for example_sensor_decorator to None, run_after=None
[2024-05-24T05:50:22.890+0000] {processor.py:183} INFO - Processing /home/airflow/.local/lib/python3.12/site-packages/airflow/example_dags/example_sensor_decorator.py took 0.045 seconds
[2024-05-24T05:50:53.227+0000] {processor.py:161} INFO - Started process (PID=3050) to work on /home/airflow/.local/lib/python3.12/site-packages/airflow/example_dags/example_sensor_decorator.py
[2024-05-24T05:50:53.228+0000] {processor.py:830} INFO - Processing file /home/airflow/.local/lib/python3.12/site-packages/airflow/example_dags/example_sensor_decorator.py for tasks to queue
[2024-05-24T05:50:53.229+0000] {logging_mixin.py:188} INFO - [2024-05-24T05:50:53.229+0000] {dagbag.py:545} INFO - Filling up the DagBag from /home/airflow/.local/lib/python3.12/site-packages/airflow/example_dags/example_sensor_decorator.py
[2024-05-24T05:50:53.233+0000] {processor.py:840} INFO - DAG(s) 'example_sensor_decorator' retrieved from /home/airflow/.local/lib/python3.12/site-packages/airflow/example_dags/example_sensor_decorator.py
[2024-05-24T05:50:53.244+0000] {logging_mixin.py:188} INFO - [2024-05-24T05:50:53.244+0000] {dag.py:3096} INFO - Sync 1 DAGs
[2024-05-24T05:50:53.251+0000] {logging_mixin.py:188} INFO - [2024-05-24T05:50:53.250+0000] {dag.py:3954} INFO - Setting next_dagrun for example_sensor_decorator to None, run_after=None
[2024-05-24T05:50:53.259+0000] {processor.py:183} INFO - Processing /home/airflow/.local/lib/python3.12/site-packages/airflow/example_dags/example_sensor_decorator.py took 0.037 seconds
[2024-05-24T05:51:23.537+0000] {processor.py:161} INFO - Started process (PID=3312) to work on /home/airflow/.local/lib/python3.12/site-packages/airflow/example_dags/example_sensor_decorator.py
[2024-05-24T05:51:23.538+0000] {processor.py:830} INFO - Processing file /home/airflow/.local/lib/python3.12/site-packages/airflow/example_dags/example_sensor_decorator.py for tasks to queue
[2024-05-24T05:51:23.540+0000] {logging_mixin.py:188} INFO - [2024-05-24T05:51:23.539+0000] {dagbag.py:545} INFO - Filling up the DagBag from /home/airflow/.local/lib/python3.12/site-packages/airflow/example_dags/example_sensor_decorator.py
[2024-05-24T05:51:23.545+0000] {processor.py:840} INFO - DAG(s) 'example_sensor_decorator' retrieved from /home/airflow/.local/lib/python3.12/site-packages/airflow/example_dags/example_sensor_decorator.py
[2024-05-24T05:51:23.557+0000] {logging_mixin.py:188} INFO - [2024-05-24T05:51:23.557+0000] {dag.py:3096} INFO - Sync 1 DAGs
[2024-05-24T05:51:23.564+0000] {logging_mixin.py:188} INFO - [2024-05-24T05:51:23.564+0000] {dag.py:3954} INFO - Setting next_dagrun for example_sensor_decorator to None, run_after=None
[2024-05-24T05:51:23.573+0000] {processor.py:183} INFO - Processing /home/airflow/.local/lib/python3.12/site-packages/airflow/example_dags/example_sensor_decorator.py took 0.042 seconds
[2024-05-24T05:51:53.855+0000] {processor.py:161} INFO - Started process (PID=3574) to work on /home/airflow/.local/lib/python3.12/site-packages/airflow/example_dags/example_sensor_decorator.py
[2024-05-24T05:51:53.856+0000] {processor.py:830} INFO - Processing file /home/airflow/.local/lib/python3.12/site-packages/airflow/example_dags/example_sensor_decorator.py for tasks to queue
[2024-05-24T05:51:53.858+0000] {logging_mixin.py:188} INFO - [2024-05-24T05:51:53.858+0000] {dagbag.py:545} INFO - Filling up the DagBag from /home/airflow/.local/lib/python3.12/site-packages/airflow/example_dags/example_sensor_decorator.py
[2024-05-24T05:51:53.863+0000] {processor.py:840} INFO - DAG(s) 'example_sensor_decorator' retrieved from /home/airflow/.local/lib/python3.12/site-packages/airflow/example_dags/example_sensor_decorator.py
[2024-05-24T05:51:53.877+0000] {logging_mixin.py:188} INFO - [2024-05-24T05:51:53.877+0000] {dag.py:3096} INFO - Sync 1 DAGs
[2024-05-24T05:51:53.884+0000] {logging_mixin.py:188} INFO - [2024-05-24T05:51:53.884+0000] {dag.py:3954} INFO - Setting next_dagrun for example_sensor_decorator to None, run_after=None
[2024-05-24T05:51:53.893+0000] {processor.py:183} INFO - Processing /home/airflow/.local/lib/python3.12/site-packages/airflow/example_dags/example_sensor_decorator.py took 0.044 seconds
[2024-05-24T05:52:24.142+0000] {processor.py:161} INFO - Started process (PID=3836) to work on /home/airflow/.local/lib/python3.12/site-packages/airflow/example_dags/example_sensor_decorator.py
[2024-05-24T05:52:24.144+0000] {processor.py:830} INFO - Processing file /home/airflow/.local/lib/python3.12/site-packages/airflow/example_dags/example_sensor_decorator.py for tasks to queue
[2024-05-24T05:52:24.146+0000] {logging_mixin.py:188} INFO - [2024-05-24T05:52:24.146+0000] {dagbag.py:545} INFO - Filling up the DagBag from /home/airflow/.local/lib/python3.12/site-packages/airflow/example_dags/example_sensor_decorator.py
[2024-05-24T05:52:24.152+0000] {processor.py:840} INFO - DAG(s) 'example_sensor_decorator' retrieved from /home/airflow/.local/lib/python3.12/site-packages/airflow/example_dags/example_sensor_decorator.py
[2024-05-24T05:52:24.168+0000] {logging_mixin.py:188} INFO - [2024-05-24T05:52:24.168+0000] {dag.py:3096} INFO - Sync 1 DAGs
[2024-05-24T05:52:24.175+0000] {logging_mixin.py:188} INFO - [2024-05-24T05:52:24.175+0000] {dag.py:3954} INFO - Setting next_dagrun for example_sensor_decorator to None, run_after=None
[2024-05-24T05:52:24.183+0000] {processor.py:183} INFO - Processing /home/airflow/.local/lib/python3.12/site-packages/airflow/example_dags/example_sensor_decorator.py took 0.049 seconds
[2024-05-24T05:52:54.422+0000] {processor.py:161} INFO - Started process (PID=4098) to work on /home/airflow/.local/lib/python3.12/site-packages/airflow/example_dags/example_sensor_decorator.py
[2024-05-24T05:52:54.423+0000] {processor.py:830} INFO - Processing file /home/airflow/.local/lib/python3.12/site-packages/airflow/example_dags/example_sensor_decorator.py for tasks to queue
[2024-05-24T05:52:54.425+0000] {logging_mixin.py:188} INFO - [2024-05-24T05:52:54.425+0000] {dagbag.py:545} INFO - Filling up the DagBag from /home/airflow/.local/lib/python3.12/site-packages/airflow/example_dags/example_sensor_decorator.py
[2024-05-24T05:52:54.432+0000] {processor.py:840} INFO - DAG(s) 'example_sensor_decorator' retrieved from /home/airflow/.local/lib/python3.12/site-packages/airflow/example_dags/example_sensor_decorator.py
[2024-05-24T05:52:54.447+0000] {logging_mixin.py:188} INFO - [2024-05-24T05:52:54.446+0000] {dag.py:3096} INFO - Sync 1 DAGs
[2024-05-24T05:52:54.454+0000] {logging_mixin.py:188} INFO - [2024-05-24T05:52:54.454+0000] {dag.py:3954} INFO - Setting next_dagrun for example_sensor_decorator to None, run_after=None
[2024-05-24T05:52:54.462+0000] {processor.py:183} INFO - Processing /home/airflow/.local/lib/python3.12/site-packages/airflow/example_dags/example_sensor_decorator.py took 0.050 seconds
[2024-05-24T05:53:24.770+0000] {processor.py:161} INFO - Started process (PID=4360) to work on /home/airflow/.local/lib/python3.12/site-packages/airflow/example_dags/example_sensor_decorator.py
[2024-05-24T05:53:24.771+0000] {processor.py:830} INFO - Processing file /home/airflow/.local/lib/python3.12/site-packages/airflow/example_dags/example_sensor_decorator.py for tasks to queue
[2024-05-24T05:53:24.773+0000] {logging_mixin.py:188} INFO - [2024-05-24T05:53:24.773+0000] {dagbag.py:545} INFO - Filling up the DagBag from /home/airflow/.local/lib/python3.12/site-packages/airflow/example_dags/example_sensor_decorator.py
[2024-05-24T05:53:24.779+0000] {processor.py:840} INFO - DAG(s) 'example_sensor_decorator' retrieved from /home/airflow/.local/lib/python3.12/site-packages/airflow/example_dags/example_sensor_decorator.py
[2024-05-24T05:53:24.798+0000] {logging_mixin.py:188} INFO - [2024-05-24T05:53:24.798+0000] {dag.py:3096} INFO - Sync 1 DAGs
[2024-05-24T05:53:24.806+0000] {logging_mixin.py:188} INFO - [2024-05-24T05:53:24.806+0000] {dag.py:3954} INFO - Setting next_dagrun for example_sensor_decorator to None, run_after=None
[2024-05-24T05:53:24.815+0000] {processor.py:183} INFO - Processing /home/airflow/.local/lib/python3.12/site-packages/airflow/example_dags/example_sensor_decorator.py took 0.053 seconds
[2024-05-24T05:53:55.256+0000] {processor.py:161} INFO - Started process (PID=4647) to work on /home/airflow/.local/lib/python3.12/site-packages/airflow/example_dags/example_sensor_decorator.py
[2024-05-24T05:53:55.257+0000] {processor.py:830} INFO - Processing file /home/airflow/.local/lib/python3.12/site-packages/airflow/example_dags/example_sensor_decorator.py for tasks to queue
[2024-05-24T05:53:55.259+0000] {logging_mixin.py:188} INFO - [2024-05-24T05:53:55.259+0000] {dagbag.py:545} INFO - Filling up the DagBag from /home/airflow/.local/lib/python3.12/site-packages/airflow/example_dags/example_sensor_decorator.py
[2024-05-24T05:53:55.264+0000] {processor.py:840} INFO - DAG(s) 'example_sensor_decorator' retrieved from /home/airflow/.local/lib/python3.12/site-packages/airflow/example_dags/example_sensor_decorator.py
[2024-05-24T05:53:55.280+0000] {logging_mixin.py:188} INFO - [2024-05-24T05:53:55.279+0000] {dag.py:3096} INFO - Sync 1 DAGs
[2024-05-24T05:53:55.287+0000] {logging_mixin.py:188} INFO - [2024-05-24T05:53:55.286+0000] {dag.py:3954} INFO - Setting next_dagrun for example_sensor_decorator to None, run_after=None
[2024-05-24T05:53:55.295+0000] {processor.py:183} INFO - Processing /home/airflow/.local/lib/python3.12/site-packages/airflow/example_dags/example_sensor_decorator.py took 0.048 seconds
[2024-05-24T05:54:25.581+0000] {processor.py:161} INFO - Started process (PID=4909) to work on /home/airflow/.local/lib/python3.12/site-packages/airflow/example_dags/example_sensor_decorator.py
[2024-05-24T05:54:25.582+0000] {processor.py:830} INFO - Processing file /home/airflow/.local/lib/python3.12/site-packages/airflow/example_dags/example_sensor_decorator.py for tasks to queue
[2024-05-24T05:54:25.584+0000] {logging_mixin.py:188} INFO - [2024-05-24T05:54:25.584+0000] {dagbag.py:545} INFO - Filling up the DagBag from /home/airflow/.local/lib/python3.12/site-packages/airflow/example_dags/example_sensor_decorator.py
[2024-05-24T05:54:25.589+0000] {processor.py:840} INFO - DAG(s) 'example_sensor_decorator' retrieved from /home/airflow/.local/lib/python3.12/site-packages/airflow/example_dags/example_sensor_decorator.py
[2024-05-24T05:54:25.602+0000] {logging_mixin.py:188} INFO - [2024-05-24T05:54:25.601+0000] {dag.py:3096} INFO - Sync 1 DAGs
[2024-05-24T05:54:25.608+0000] {logging_mixin.py:188} INFO - [2024-05-24T05:54:25.608+0000] {dag.py:3954} INFO - Setting next_dagrun for example_sensor_decorator to None, run_after=None
[2024-05-24T05:54:25.617+0000] {processor.py:183} INFO - Processing /home/airflow/.local/lib/python3.12/site-packages/airflow/example_dags/example_sensor_decorator.py took 0.041 seconds
[2024-05-24T05:54:55.976+0000] {processor.py:161} INFO - Started process (PID=5171) to work on /home/airflow/.local/lib/python3.12/site-packages/airflow/example_dags/example_sensor_decorator.py
[2024-05-24T05:54:55.977+0000] {processor.py:830} INFO - Processing file /home/airflow/.local/lib/python3.12/site-packages/airflow/example_dags/example_sensor_decorator.py for tasks to queue
[2024-05-24T05:54:55.979+0000] {logging_mixin.py:188} INFO - [2024-05-24T05:54:55.979+0000] {dagbag.py:545} INFO - Filling up the DagBag from /home/airflow/.local/lib/python3.12/site-packages/airflow/example_dags/example_sensor_decorator.py
[2024-05-24T05:54:55.985+0000] {processor.py:840} INFO - DAG(s) 'example_sensor_decorator' retrieved from /home/airflow/.local/lib/python3.12/site-packages/airflow/example_dags/example_sensor_decorator.py
[2024-05-24T05:54:56.000+0000] {logging_mixin.py:188} INFO - [2024-05-24T05:54:56.000+0000] {dag.py:3096} INFO - Sync 1 DAGs
[2024-05-24T05:54:56.007+0000] {logging_mixin.py:188} INFO - [2024-05-24T05:54:56.007+0000] {dag.py:3954} INFO - Setting next_dagrun for example_sensor_decorator to None, run_after=None
[2024-05-24T05:54:56.016+0000] {processor.py:183} INFO - Processing /home/airflow/.local/lib/python3.12/site-packages/airflow/example_dags/example_sensor_decorator.py took 0.046 seconds
[2024-05-24T05:55:26.313+0000] {processor.py:161} INFO - Started process (PID=5433) to work on /home/airflow/.local/lib/python3.12/site-packages/airflow/example_dags/example_sensor_decorator.py
[2024-05-24T05:55:26.314+0000] {processor.py:830} INFO - Processing file /home/airflow/.local/lib/python3.12/site-packages/airflow/example_dags/example_sensor_decorator.py for tasks to queue
[2024-05-24T05:55:26.315+0000] {logging_mixin.py:188} INFO - [2024-05-24T05:55:26.315+0000] {dagbag.py:545} INFO - Filling up the DagBag from /home/airflow/.local/lib/python3.12/site-packages/airflow/example_dags/example_sensor_decorator.py
[2024-05-24T05:55:26.320+0000] {processor.py:840} INFO - DAG(s) 'example_sensor_decorator' retrieved from /home/airflow/.local/lib/python3.12/site-packages/airflow/example_dags/example_sensor_decorator.py
[2024-05-24T05:55:26.333+0000] {logging_mixin.py:188} INFO - [2024-05-24T05:55:26.333+0000] {dag.py:3096} INFO - Sync 1 DAGs
[2024-05-24T05:55:26.339+0000] {logging_mixin.py:188} INFO - [2024-05-24T05:55:26.339+0000] {dag.py:3954} INFO - Setting next_dagrun for example_sensor_decorator to None, run_after=None
[2024-05-24T05:55:26.348+0000] {processor.py:183} INFO - Processing /home/airflow/.local/lib/python3.12/site-packages/airflow/example_dags/example_sensor_decorator.py took 0.041 seconds
[2024-05-24T05:55:56.667+0000] {processor.py:161} INFO - Started process (PID=5695) to work on /home/airflow/.local/lib/python3.12/site-packages/airflow/example_dags/example_sensor_decorator.py
[2024-05-24T05:55:56.668+0000] {processor.py:830} INFO - Processing file /home/airflow/.local/lib/python3.12/site-packages/airflow/example_dags/example_sensor_decorator.py for tasks to queue
[2024-05-24T05:55:56.670+0000] {logging_mixin.py:188} INFO - [2024-05-24T05:55:56.670+0000] {dagbag.py:545} INFO - Filling up the DagBag from /home/airflow/.local/lib/python3.12/site-packages/airflow/example_dags/example_sensor_decorator.py
[2024-05-24T05:55:56.675+0000] {processor.py:840} INFO - DAG(s) 'example_sensor_decorator' retrieved from /home/airflow/.local/lib/python3.12/site-packages/airflow/example_dags/example_sensor_decorator.py
[2024-05-24T05:55:56.689+0000] {logging_mixin.py:188} INFO - [2024-05-24T05:55:56.689+0000] {dag.py:3096} INFO - Sync 1 DAGs
[2024-05-24T05:55:56.696+0000] {logging_mixin.py:188} INFO - [2024-05-24T05:55:56.696+0000] {dag.py:3954} INFO - Setting next_dagrun for example_sensor_decorator to None, run_after=None
[2024-05-24T05:55:56.705+0000] {processor.py:183} INFO - Processing /home/airflow/.local/lib/python3.12/site-packages/airflow/example_dags/example_sensor_decorator.py took 0.044 seconds
[2024-05-24T05:56:26.999+0000] {processor.py:161} INFO - Started process (PID=5957) to work on /home/airflow/.local/lib/python3.12/site-packages/airflow/example_dags/example_sensor_decorator.py
[2024-05-24T05:56:27.000+0000] {processor.py:830} INFO - Processing file /home/airflow/.local/lib/python3.12/site-packages/airflow/example_dags/example_sensor_decorator.py for tasks to queue
[2024-05-24T05:56:27.002+0000] {logging_mixin.py:188} INFO - [2024-05-24T05:56:27.002+0000] {dagbag.py:545} INFO - Filling up the DagBag from /home/airflow/.local/lib/python3.12/site-packages/airflow/example_dags/example_sensor_decorator.py
[2024-05-24T05:56:27.007+0000] {processor.py:840} INFO - DAG(s) 'example_sensor_decorator' retrieved from /home/airflow/.local/lib/python3.12/site-packages/airflow/example_dags/example_sensor_decorator.py
[2024-05-24T05:56:27.020+0000] {logging_mixin.py:188} INFO - [2024-05-24T05:56:27.020+0000] {dag.py:3096} INFO - Sync 1 DAGs
[2024-05-24T05:56:27.027+0000] {logging_mixin.py:188} INFO - [2024-05-24T05:56:27.027+0000] {dag.py:3954} INFO - Setting next_dagrun for example_sensor_decorator to None, run_after=None
[2024-05-24T05:56:27.035+0000] {processor.py:183} INFO - Processing /home/airflow/.local/lib/python3.12/site-packages/airflow/example_dags/example_sensor_decorator.py took 0.043 seconds
[2024-05-24T05:56:57.313+0000] {processor.py:161} INFO - Started process (PID=6219) to work on /home/airflow/.local/lib/python3.12/site-packages/airflow/example_dags/example_sensor_decorator.py
[2024-05-24T05:56:57.315+0000] {processor.py:830} INFO - Processing file /home/airflow/.local/lib/python3.12/site-packages/airflow/example_dags/example_sensor_decorator.py for tasks to queue
[2024-05-24T05:56:57.317+0000] {logging_mixin.py:188} INFO - [2024-05-24T05:56:57.316+0000] {dagbag.py:545} INFO - Filling up the DagBag from /home/airflow/.local/lib/python3.12/site-packages/airflow/example_dags/example_sensor_decorator.py
[2024-05-24T05:56:57.323+0000] {processor.py:840} INFO - DAG(s) 'example_sensor_decorator' retrieved from /home/airflow/.local/lib/python3.12/site-packages/airflow/example_dags/example_sensor_decorator.py
[2024-05-24T05:56:57.337+0000] {logging_mixin.py:188} INFO - [2024-05-24T05:56:57.337+0000] {dag.py:3096} INFO - Sync 1 DAGs
[2024-05-24T05:56:57.344+0000] {logging_mixin.py:188} INFO - [2024-05-24T05:56:57.344+0000] {dag.py:3954} INFO - Setting next_dagrun for example_sensor_decorator to None, run_after=None
[2024-05-24T05:56:57.353+0000] {processor.py:183} INFO - Processing /home/airflow/.local/lib/python3.12/site-packages/airflow/example_dags/example_sensor_decorator.py took 0.047 seconds
[2024-05-24T05:57:27.607+0000] {processor.py:161} INFO - Started process (PID=6481) to work on /home/airflow/.local/lib/python3.12/site-packages/airflow/example_dags/example_sensor_decorator.py
[2024-05-24T05:57:27.608+0000] {processor.py:830} INFO - Processing file /home/airflow/.local/lib/python3.12/site-packages/airflow/example_dags/example_sensor_decorator.py for tasks to queue
[2024-05-24T05:57:27.610+0000] {logging_mixin.py:188} INFO - [2024-05-24T05:57:27.610+0000] {dagbag.py:545} INFO - Filling up the DagBag from /home/airflow/.local/lib/python3.12/site-packages/airflow/example_dags/example_sensor_decorator.py
[2024-05-24T05:57:27.615+0000] {processor.py:840} INFO - DAG(s) 'example_sensor_decorator' retrieved from /home/airflow/.local/lib/python3.12/site-packages/airflow/example_dags/example_sensor_decorator.py
[2024-05-24T05:57:27.628+0000] {logging_mixin.py:188} INFO - [2024-05-24T05:57:27.628+0000] {dag.py:3096} INFO - Sync 1 DAGs
[2024-05-24T05:57:27.635+0000] {logging_mixin.py:188} INFO - [2024-05-24T05:57:27.635+0000] {dag.py:3954} INFO - Setting next_dagrun for example_sensor_decorator to None, run_after=None
[2024-05-24T05:57:27.644+0000] {processor.py:183} INFO - Processing /home/airflow/.local/lib/python3.12/site-packages/airflow/example_dags/example_sensor_decorator.py took 0.043 seconds
[2024-05-24T05:57:57.964+0000] {processor.py:161} INFO - Started process (PID=6743) to work on /home/airflow/.local/lib/python3.12/site-packages/airflow/example_dags/example_sensor_decorator.py
[2024-05-24T05:57:57.966+0000] {processor.py:830} INFO - Processing file /home/airflow/.local/lib/python3.12/site-packages/airflow/example_dags/example_sensor_decorator.py for tasks to queue
[2024-05-24T05:57:57.967+0000] {logging_mixin.py:188} INFO - [2024-05-24T05:57:57.967+0000] {dagbag.py:545} INFO - Filling up the DagBag from /home/airflow/.local/lib/python3.12/site-packages/airflow/example_dags/example_sensor_decorator.py
[2024-05-24T05:57:57.972+0000] {processor.py:840} INFO - DAG(s) 'example_sensor_decorator' retrieved from /home/airflow/.local/lib/python3.12/site-packages/airflow/example_dags/example_sensor_decorator.py
[2024-05-24T05:57:57.986+0000] {logging_mixin.py:188} INFO - [2024-05-24T05:57:57.985+0000] {dag.py:3096} INFO - Sync 1 DAGs
[2024-05-24T05:57:57.993+0000] {logging_mixin.py:188} INFO - [2024-05-24T05:57:57.993+0000] {dag.py:3954} INFO - Setting next_dagrun for example_sensor_decorator to None, run_after=None
[2024-05-24T05:57:58.001+0000] {processor.py:183} INFO - Processing /home/airflow/.local/lib/python3.12/site-packages/airflow/example_dags/example_sensor_decorator.py took 0.044 seconds
[2024-05-24T05:58:28.295+0000] {processor.py:161} INFO - Started process (PID=7005) to work on /home/airflow/.local/lib/python3.12/site-packages/airflow/example_dags/example_sensor_decorator.py
[2024-05-24T05:58:28.296+0000] {processor.py:830} INFO - Processing file /home/airflow/.local/lib/python3.12/site-packages/airflow/example_dags/example_sensor_decorator.py for tasks to queue
[2024-05-24T05:58:28.297+0000] {logging_mixin.py:188} INFO - [2024-05-24T05:58:28.297+0000] {dagbag.py:545} INFO - Filling up the DagBag from /home/airflow/.local/lib/python3.12/site-packages/airflow/example_dags/example_sensor_decorator.py
[2024-05-24T05:58:28.302+0000] {processor.py:840} INFO - DAG(s) 'example_sensor_decorator' retrieved from /home/airflow/.local/lib/python3.12/site-packages/airflow/example_dags/example_sensor_decorator.py
[2024-05-24T05:58:28.315+0000] {logging_mixin.py:188} INFO - [2024-05-24T05:58:28.315+0000] {dag.py:3096} INFO - Sync 1 DAGs
[2024-05-24T05:58:28.322+0000] {logging_mixin.py:188} INFO - [2024-05-24T05:58:28.322+0000] {dag.py:3954} INFO - Setting next_dagrun for example_sensor_decorator to None, run_after=None
[2024-05-24T05:58:28.332+0000] {processor.py:183} INFO - Processing /home/airflow/.local/lib/python3.12/site-packages/airflow/example_dags/example_sensor_decorator.py took 0.043 seconds
[2024-05-24T06:13:52.722+0000] {processor.py:161} INFO - Started process (PID=7267) to work on /home/airflow/.local/lib/python3.12/site-packages/airflow/example_dags/example_sensor_decorator.py
[2024-05-24T06:13:52.723+0000] {processor.py:830} INFO - Processing file /home/airflow/.local/lib/python3.12/site-packages/airflow/example_dags/example_sensor_decorator.py for tasks to queue
[2024-05-24T06:13:52.724+0000] {logging_mixin.py:188} INFO - [2024-05-24T06:13:52.724+0000] {dagbag.py:545} INFO - Filling up the DagBag from /home/airflow/.local/lib/python3.12/site-packages/airflow/example_dags/example_sensor_decorator.py
[2024-05-24T06:13:52.728+0000] {processor.py:840} INFO - DAG(s) 'example_sensor_decorator' retrieved from /home/airflow/.local/lib/python3.12/site-packages/airflow/example_dags/example_sensor_decorator.py
[2024-05-24T06:13:52.739+0000] {logging_mixin.py:188} INFO - [2024-05-24T06:13:52.739+0000] {dag.py:3096} INFO - Sync 1 DAGs
[2024-05-24T06:13:52.745+0000] {logging_mixin.py:188} INFO - [2024-05-24T06:13:52.745+0000] {dag.py:3954} INFO - Setting next_dagrun for example_sensor_decorator to None, run_after=None
[2024-05-24T06:13:52.753+0000] {processor.py:183} INFO - Processing /home/airflow/.local/lib/python3.12/site-packages/airflow/example_dags/example_sensor_decorator.py took 0.035 seconds
[2024-05-24T06:26:09.598+0000] {processor.py:161} INFO - Started process (PID=7528) to work on /home/airflow/.local/lib/python3.12/site-packages/airflow/example_dags/example_sensor_decorator.py
[2024-05-24T06:26:09.599+0000] {processor.py:830} INFO - Processing file /home/airflow/.local/lib/python3.12/site-packages/airflow/example_dags/example_sensor_decorator.py for tasks to queue
[2024-05-24T06:26:09.600+0000] {logging_mixin.py:188} INFO - [2024-05-24T06:26:09.600+0000] {dagbag.py:545} INFO - Filling up the DagBag from /home/airflow/.local/lib/python3.12/site-packages/airflow/example_dags/example_sensor_decorator.py
[2024-05-24T06:26:09.605+0000] {processor.py:840} INFO - DAG(s) 'example_sensor_decorator' retrieved from /home/airflow/.local/lib/python3.12/site-packages/airflow/example_dags/example_sensor_decorator.py
[2024-05-24T06:26:09.616+0000] {logging_mixin.py:188} INFO - [2024-05-24T06:26:09.616+0000] {dag.py:3096} INFO - Sync 1 DAGs
[2024-05-24T06:26:09.622+0000] {logging_mixin.py:188} INFO - [2024-05-24T06:26:09.621+0000] {dag.py:3954} INFO - Setting next_dagrun for example_sensor_decorator to None, run_after=None
[2024-05-24T06:26:09.629+0000] {processor.py:183} INFO - Processing /home/airflow/.local/lib/python3.12/site-packages/airflow/example_dags/example_sensor_decorator.py took 0.034 seconds
[2024-05-24T06:26:40.013+0000] {processor.py:161} INFO - Started process (PID=7789) to work on /home/airflow/.local/lib/python3.12/site-packages/airflow/example_dags/example_sensor_decorator.py
[2024-05-24T06:26:40.014+0000] {processor.py:830} INFO - Processing file /home/airflow/.local/lib/python3.12/site-packages/airflow/example_dags/example_sensor_decorator.py for tasks to queue
[2024-05-24T06:26:40.016+0000] {logging_mixin.py:188} INFO - [2024-05-24T06:26:40.016+0000] {dagbag.py:545} INFO - Filling up the DagBag from /home/airflow/.local/lib/python3.12/site-packages/airflow/example_dags/example_sensor_decorator.py
[2024-05-24T06:26:40.023+0000] {processor.py:840} INFO - DAG(s) 'example_sensor_decorator' retrieved from /home/airflow/.local/lib/python3.12/site-packages/airflow/example_dags/example_sensor_decorator.py
[2024-05-24T06:26:40.037+0000] {logging_mixin.py:188} INFO - [2024-05-24T06:26:40.037+0000] {dag.py:3096} INFO - Sync 1 DAGs
[2024-05-24T06:26:40.044+0000] {logging_mixin.py:188} INFO - [2024-05-24T06:26:40.044+0000] {dag.py:3954} INFO - Setting next_dagrun for example_sensor_decorator to None, run_after=None
[2024-05-24T06:26:40.053+0000] {processor.py:183} INFO - Processing /home/airflow/.local/lib/python3.12/site-packages/airflow/example_dags/example_sensor_decorator.py took 0.047 seconds
[2024-05-24T06:27:10.433+0000] {processor.py:161} INFO - Started process (PID=8051) to work on /home/airflow/.local/lib/python3.12/site-packages/airflow/example_dags/example_sensor_decorator.py
[2024-05-24T06:27:10.433+0000] {processor.py:830} INFO - Processing file /home/airflow/.local/lib/python3.12/site-packages/airflow/example_dags/example_sensor_decorator.py for tasks to queue
[2024-05-24T06:27:10.434+0000] {logging_mixin.py:188} INFO - [2024-05-24T06:27:10.434+0000] {dagbag.py:545} INFO - Filling up the DagBag from /home/airflow/.local/lib/python3.12/site-packages/airflow/example_dags/example_sensor_decorator.py
[2024-05-24T06:27:10.438+0000] {processor.py:840} INFO - DAG(s) 'example_sensor_decorator' retrieved from /home/airflow/.local/lib/python3.12/site-packages/airflow/example_dags/example_sensor_decorator.py
[2024-05-24T06:27:10.448+0000] {logging_mixin.py:188} INFO - [2024-05-24T06:27:10.448+0000] {dag.py:3096} INFO - Sync 1 DAGs
[2024-05-24T06:27:10.454+0000] {logging_mixin.py:188} INFO - [2024-05-24T06:27:10.454+0000] {dag.py:3954} INFO - Setting next_dagrun for example_sensor_decorator to None, run_after=None
[2024-05-24T06:27:10.462+0000] {processor.py:183} INFO - Processing /home/airflow/.local/lib/python3.12/site-packages/airflow/example_dags/example_sensor_decorator.py took 0.033 seconds
[2024-05-24T06:28:25.516+0000] {processor.py:161} INFO - Started process (PID=8313) to work on /home/airflow/.local/lib/python3.12/site-packages/airflow/example_dags/example_sensor_decorator.py
[2024-05-24T06:28:25.517+0000] {processor.py:830} INFO - Processing file /home/airflow/.local/lib/python3.12/site-packages/airflow/example_dags/example_sensor_decorator.py for tasks to queue
[2024-05-24T06:28:25.519+0000] {logging_mixin.py:188} INFO - [2024-05-24T06:28:25.518+0000] {dagbag.py:545} INFO - Filling up the DagBag from /home/airflow/.local/lib/python3.12/site-packages/airflow/example_dags/example_sensor_decorator.py
[2024-05-24T06:28:25.523+0000] {processor.py:840} INFO - DAG(s) 'example_sensor_decorator' retrieved from /home/airflow/.local/lib/python3.12/site-packages/airflow/example_dags/example_sensor_decorator.py
[2024-05-24T06:28:25.537+0000] {logging_mixin.py:188} INFO - [2024-05-24T06:28:25.536+0000] {dag.py:3096} INFO - Sync 1 DAGs
[2024-05-24T06:28:25.543+0000] {logging_mixin.py:188} INFO - [2024-05-24T06:28:25.543+0000] {dag.py:3954} INFO - Setting next_dagrun for example_sensor_decorator to None, run_after=None
[2024-05-24T06:28:25.553+0000] {processor.py:183} INFO - Processing /home/airflow/.local/lib/python3.12/site-packages/airflow/example_dags/example_sensor_decorator.py took 0.042 seconds
[2024-05-24T06:28:55.932+0000] {processor.py:161} INFO - Started process (PID=8575) to work on /home/airflow/.local/lib/python3.12/site-packages/airflow/example_dags/example_sensor_decorator.py
[2024-05-24T06:28:55.933+0000] {processor.py:830} INFO - Processing file /home/airflow/.local/lib/python3.12/site-packages/airflow/example_dags/example_sensor_decorator.py for tasks to queue
[2024-05-24T06:28:55.935+0000] {logging_mixin.py:188} INFO - [2024-05-24T06:28:55.935+0000] {dagbag.py:545} INFO - Filling up the DagBag from /home/airflow/.local/lib/python3.12/site-packages/airflow/example_dags/example_sensor_decorator.py
[2024-05-24T06:28:55.941+0000] {processor.py:840} INFO - DAG(s) 'example_sensor_decorator' retrieved from /home/airflow/.local/lib/python3.12/site-packages/airflow/example_dags/example_sensor_decorator.py
[2024-05-24T06:28:55.955+0000] {logging_mixin.py:188} INFO - [2024-05-24T06:28:55.955+0000] {dag.py:3096} INFO - Sync 1 DAGs
[2024-05-24T06:28:55.962+0000] {logging_mixin.py:188} INFO - [2024-05-24T06:28:55.962+0000] {dag.py:3954} INFO - Setting next_dagrun for example_sensor_decorator to None, run_after=None
[2024-05-24T06:28:55.970+0000] {processor.py:183} INFO - Processing /home/airflow/.local/lib/python3.12/site-packages/airflow/example_dags/example_sensor_decorator.py took 0.045 seconds
[2024-05-24T06:29:26.449+0000] {processor.py:161} INFO - Started process (PID=8837) to work on /home/airflow/.local/lib/python3.12/site-packages/airflow/example_dags/example_sensor_decorator.py
[2024-05-24T06:29:26.450+0000] {processor.py:830} INFO - Processing file /home/airflow/.local/lib/python3.12/site-packages/airflow/example_dags/example_sensor_decorator.py for tasks to queue
[2024-05-24T06:29:26.452+0000] {logging_mixin.py:188} INFO - [2024-05-24T06:29:26.452+0000] {dagbag.py:545} INFO - Filling up the DagBag from /home/airflow/.local/lib/python3.12/site-packages/airflow/example_dags/example_sensor_decorator.py
[2024-05-24T06:29:26.458+0000] {processor.py:840} INFO - DAG(s) 'example_sensor_decorator' retrieved from /home/airflow/.local/lib/python3.12/site-packages/airflow/example_dags/example_sensor_decorator.py
[2024-05-24T06:29:26.472+0000] {logging_mixin.py:188} INFO - [2024-05-24T06:29:26.472+0000] {dag.py:3096} INFO - Sync 1 DAGs
[2024-05-24T06:29:26.479+0000] {logging_mixin.py:188} INFO - [2024-05-24T06:29:26.479+0000] {dag.py:3954} INFO - Setting next_dagrun for example_sensor_decorator to None, run_after=None
[2024-05-24T06:29:26.488+0000] {processor.py:183} INFO - Processing /home/airflow/.local/lib/python3.12/site-packages/airflow/example_dags/example_sensor_decorator.py took 0.046 seconds
[2024-05-24T06:29:56.803+0000] {processor.py:161} INFO - Started process (PID=9099) to work on /home/airflow/.local/lib/python3.12/site-packages/airflow/example_dags/example_sensor_decorator.py
[2024-05-24T06:29:56.804+0000] {processor.py:830} INFO - Processing file /home/airflow/.local/lib/python3.12/site-packages/airflow/example_dags/example_sensor_decorator.py for tasks to queue
[2024-05-24T06:29:56.806+0000] {logging_mixin.py:188} INFO - [2024-05-24T06:29:56.805+0000] {dagbag.py:545} INFO - Filling up the DagBag from /home/airflow/.local/lib/python3.12/site-packages/airflow/example_dags/example_sensor_decorator.py
[2024-05-24T06:29:56.811+0000] {processor.py:840} INFO - DAG(s) 'example_sensor_decorator' retrieved from /home/airflow/.local/lib/python3.12/site-packages/airflow/example_dags/example_sensor_decorator.py
[2024-05-24T06:29:56.825+0000] {logging_mixin.py:188} INFO - [2024-05-24T06:29:56.825+0000] {dag.py:3096} INFO - Sync 1 DAGs
[2024-05-24T06:29:56.832+0000] {logging_mixin.py:188} INFO - [2024-05-24T06:29:56.832+0000] {dag.py:3954} INFO - Setting next_dagrun for example_sensor_decorator to None, run_after=None
[2024-05-24T06:29:56.840+0000] {processor.py:183} INFO - Processing /home/airflow/.local/lib/python3.12/site-packages/airflow/example_dags/example_sensor_decorator.py took 0.044 seconds
[2024-05-24T06:32:50.446+0000] {processor.py:161} INFO - Started process (PID=9361) to work on /home/airflow/.local/lib/python3.12/site-packages/airflow/example_dags/example_sensor_decorator.py
[2024-05-24T06:32:50.447+0000] {processor.py:830} INFO - Processing file /home/airflow/.local/lib/python3.12/site-packages/airflow/example_dags/example_sensor_decorator.py for tasks to queue
[2024-05-24T06:32:50.448+0000] {logging_mixin.py:188} INFO - [2024-05-24T06:32:50.448+0000] {dagbag.py:545} INFO - Filling up the DagBag from /home/airflow/.local/lib/python3.12/site-packages/airflow/example_dags/example_sensor_decorator.py
[2024-05-24T06:32:50.453+0000] {processor.py:840} INFO - DAG(s) 'example_sensor_decorator' retrieved from /home/airflow/.local/lib/python3.12/site-packages/airflow/example_dags/example_sensor_decorator.py
[2024-05-24T06:32:50.463+0000] {logging_mixin.py:188} INFO - [2024-05-24T06:32:50.463+0000] {dag.py:3096} INFO - Sync 1 DAGs
[2024-05-24T06:32:50.469+0000] {logging_mixin.py:188} INFO - [2024-05-24T06:32:50.468+0000] {dag.py:3954} INFO - Setting next_dagrun for example_sensor_decorator to None, run_after=None
[2024-05-24T06:32:50.476+0000] {processor.py:183} INFO - Processing /home/airflow/.local/lib/python3.12/site-packages/airflow/example_dags/example_sensor_decorator.py took 0.034 seconds
[2024-05-24T06:34:33.544+0000] {processor.py:161} INFO - Started process (PID=9623) to work on /home/airflow/.local/lib/python3.12/site-packages/airflow/example_dags/example_sensor_decorator.py
[2024-05-24T06:34:33.544+0000] {processor.py:830} INFO - Processing file /home/airflow/.local/lib/python3.12/site-packages/airflow/example_dags/example_sensor_decorator.py for tasks to queue
[2024-05-24T06:34:33.545+0000] {logging_mixin.py:188} INFO - [2024-05-24T06:34:33.545+0000] {dagbag.py:545} INFO - Filling up the DagBag from /home/airflow/.local/lib/python3.12/site-packages/airflow/example_dags/example_sensor_decorator.py
[2024-05-24T06:34:33.547+0000] {processor.py:840} INFO - DAG(s) 'example_sensor_decorator' retrieved from /home/airflow/.local/lib/python3.12/site-packages/airflow/example_dags/example_sensor_decorator.py
[2024-05-24T06:34:33.555+0000] {logging_mixin.py:188} INFO - [2024-05-24T06:34:33.555+0000] {dag.py:3096} INFO - Sync 1 DAGs
[2024-05-24T06:34:33.560+0000] {logging_mixin.py:188} INFO - [2024-05-24T06:34:33.560+0000] {dag.py:3954} INFO - Setting next_dagrun for example_sensor_decorator to None, run_after=None
[2024-05-24T06:34:33.567+0000] {processor.py:183} INFO - Processing /home/airflow/.local/lib/python3.12/site-packages/airflow/example_dags/example_sensor_decorator.py took 0.026 seconds
[2024-05-24T06:35:04.145+0000] {processor.py:161} INFO - Started process (PID=9885) to work on /home/airflow/.local/lib/python3.12/site-packages/airflow/example_dags/example_sensor_decorator.py
[2024-05-24T06:35:04.146+0000] {processor.py:830} INFO - Processing file /home/airflow/.local/lib/python3.12/site-packages/airflow/example_dags/example_sensor_decorator.py for tasks to queue
[2024-05-24T06:35:04.148+0000] {logging_mixin.py:188} INFO - [2024-05-24T06:35:04.148+0000] {dagbag.py:545} INFO - Filling up the DagBag from /home/airflow/.local/lib/python3.12/site-packages/airflow/example_dags/example_sensor_decorator.py
[2024-05-24T06:35:04.155+0000] {processor.py:840} INFO - DAG(s) 'example_sensor_decorator' retrieved from /home/airflow/.local/lib/python3.12/site-packages/airflow/example_dags/example_sensor_decorator.py
[2024-05-24T06:35:04.170+0000] {logging_mixin.py:188} INFO - [2024-05-24T06:35:04.170+0000] {dag.py:3096} INFO - Sync 1 DAGs
[2024-05-24T06:35:04.177+0000] {logging_mixin.py:188} INFO - [2024-05-24T06:35:04.177+0000] {dag.py:3954} INFO - Setting next_dagrun for example_sensor_decorator to None, run_after=None
[2024-05-24T06:35:04.185+0000] {processor.py:183} INFO - Processing /home/airflow/.local/lib/python3.12/site-packages/airflow/example_dags/example_sensor_decorator.py took 0.047 seconds
[2024-05-24T06:50:33.778+0000] {processor.py:161} INFO - Started process (PID=10147) to work on /home/airflow/.local/lib/python3.12/site-packages/airflow/example_dags/example_sensor_decorator.py
[2024-05-24T06:50:33.778+0000] {processor.py:830} INFO - Processing file /home/airflow/.local/lib/python3.12/site-packages/airflow/example_dags/example_sensor_decorator.py for tasks to queue
[2024-05-24T06:50:33.780+0000] {logging_mixin.py:188} INFO - [2024-05-24T06:50:33.779+0000] {dagbag.py:545} INFO - Filling up the DagBag from /home/airflow/.local/lib/python3.12/site-packages/airflow/example_dags/example_sensor_decorator.py
[2024-05-24T06:50:33.783+0000] {processor.py:840} INFO - DAG(s) 'example_sensor_decorator' retrieved from /home/airflow/.local/lib/python3.12/site-packages/airflow/example_dags/example_sensor_decorator.py
[2024-05-24T06:50:33.794+0000] {logging_mixin.py:188} INFO - [2024-05-24T06:50:33.794+0000] {dag.py:3096} INFO - Sync 1 DAGs
[2024-05-24T06:50:33.800+0000] {logging_mixin.py:188} INFO - [2024-05-24T06:50:33.800+0000] {dag.py:3954} INFO - Setting next_dagrun for example_sensor_decorator to None, run_after=None
[2024-05-24T06:50:33.808+0000] {processor.py:183} INFO - Processing /home/airflow/.local/lib/python3.12/site-packages/airflow/example_dags/example_sensor_decorator.py took 0.036 seconds
[2024-05-24T07:06:10.178+0000] {processor.py:161} INFO - Started process (PID=10409) to work on /home/airflow/.local/lib/python3.12/site-packages/airflow/example_dags/example_sensor_decorator.py
[2024-05-24T07:06:10.179+0000] {processor.py:830} INFO - Processing file /home/airflow/.local/lib/python3.12/site-packages/airflow/example_dags/example_sensor_decorator.py for tasks to queue
[2024-05-24T07:06:10.180+0000] {logging_mixin.py:188} INFO - [2024-05-24T07:06:10.180+0000] {dagbag.py:545} INFO - Filling up the DagBag from /home/airflow/.local/lib/python3.12/site-packages/airflow/example_dags/example_sensor_decorator.py
[2024-05-24T07:06:10.185+0000] {processor.py:840} INFO - DAG(s) 'example_sensor_decorator' retrieved from /home/airflow/.local/lib/python3.12/site-packages/airflow/example_dags/example_sensor_decorator.py
[2024-05-24T07:06:10.198+0000] {logging_mixin.py:188} INFO - [2024-05-24T07:06:10.198+0000] {dag.py:3096} INFO - Sync 1 DAGs
[2024-05-24T07:06:10.204+0000] {logging_mixin.py:188} INFO - [2024-05-24T07:06:10.204+0000] {dag.py:3954} INFO - Setting next_dagrun for example_sensor_decorator to None, run_after=None
[2024-05-24T07:06:10.213+0000] {processor.py:183} INFO - Processing /home/airflow/.local/lib/python3.12/site-packages/airflow/example_dags/example_sensor_decorator.py took 0.041 seconds
[2024-05-24T07:30:08.271+0000] {processor.py:161} INFO - Started process (PID=10671) to work on /home/airflow/.local/lib/python3.12/site-packages/airflow/example_dags/example_sensor_decorator.py
[2024-05-24T07:30:08.272+0000] {processor.py:830} INFO - Processing file /home/airflow/.local/lib/python3.12/site-packages/airflow/example_dags/example_sensor_decorator.py for tasks to queue
[2024-05-24T07:30:08.273+0000] {logging_mixin.py:188} INFO - [2024-05-24T07:30:08.273+0000] {dagbag.py:545} INFO - Filling up the DagBag from /home/airflow/.local/lib/python3.12/site-packages/airflow/example_dags/example_sensor_decorator.py
[2024-05-24T07:30:08.277+0000] {processor.py:840} INFO - DAG(s) 'example_sensor_decorator' retrieved from /home/airflow/.local/lib/python3.12/site-packages/airflow/example_dags/example_sensor_decorator.py
[2024-05-24T07:30:08.289+0000] {logging_mixin.py:188} INFO - [2024-05-24T07:30:08.289+0000] {dag.py:3096} INFO - Sync 1 DAGs
[2024-05-24T07:30:08.296+0000] {logging_mixin.py:188} INFO - [2024-05-24T07:30:08.295+0000] {dag.py:3954} INFO - Setting next_dagrun for example_sensor_decorator to None, run_after=None
[2024-05-24T07:30:08.304+0000] {processor.py:183} INFO - Processing /home/airflow/.local/lib/python3.12/site-packages/airflow/example_dags/example_sensor_decorator.py took 0.038 seconds
[2024-05-24T07:30:39.080+0000] {processor.py:161} INFO - Started process (PID=10933) to work on /home/airflow/.local/lib/python3.12/site-packages/airflow/example_dags/example_sensor_decorator.py
[2024-05-24T07:30:39.081+0000] {processor.py:830} INFO - Processing file /home/airflow/.local/lib/python3.12/site-packages/airflow/example_dags/example_sensor_decorator.py for tasks to queue
[2024-05-24T07:30:39.083+0000] {logging_mixin.py:188} INFO - [2024-05-24T07:30:39.083+0000] {dagbag.py:545} INFO - Filling up the DagBag from /home/airflow/.local/lib/python3.12/site-packages/airflow/example_dags/example_sensor_decorator.py
[2024-05-24T07:30:39.089+0000] {processor.py:840} INFO - DAG(s) 'example_sensor_decorator' retrieved from /home/airflow/.local/lib/python3.12/site-packages/airflow/example_dags/example_sensor_decorator.py
[2024-05-24T07:30:39.105+0000] {logging_mixin.py:188} INFO - [2024-05-24T07:30:39.104+0000] {dag.py:3096} INFO - Sync 1 DAGs
[2024-05-24T07:30:39.112+0000] {logging_mixin.py:188} INFO - [2024-05-24T07:30:39.112+0000] {dag.py:3954} INFO - Setting next_dagrun for example_sensor_decorator to None, run_after=None
[2024-05-24T07:30:39.120+0000] {processor.py:183} INFO - Processing /home/airflow/.local/lib/python3.12/site-packages/airflow/example_dags/example_sensor_decorator.py took 0.048 seconds
[2024-05-24T07:31:09.867+0000] {processor.py:161} INFO - Started process (PID=11195) to work on /home/airflow/.local/lib/python3.12/site-packages/airflow/example_dags/example_sensor_decorator.py
[2024-05-24T07:31:09.868+0000] {processor.py:830} INFO - Processing file /home/airflow/.local/lib/python3.12/site-packages/airflow/example_dags/example_sensor_decorator.py for tasks to queue
[2024-05-24T07:31:09.870+0000] {logging_mixin.py:188} INFO - [2024-05-24T07:31:09.869+0000] {dagbag.py:545} INFO - Filling up the DagBag from /home/airflow/.local/lib/python3.12/site-packages/airflow/example_dags/example_sensor_decorator.py
[2024-05-24T07:31:09.876+0000] {processor.py:840} INFO - DAG(s) 'example_sensor_decorator' retrieved from /home/airflow/.local/lib/python3.12/site-packages/airflow/example_dags/example_sensor_decorator.py
[2024-05-24T07:31:09.891+0000] {logging_mixin.py:188} INFO - [2024-05-24T07:31:09.891+0000] {dag.py:3096} INFO - Sync 1 DAGs
[2024-05-24T07:31:09.898+0000] {logging_mixin.py:188} INFO - [2024-05-24T07:31:09.898+0000] {dag.py:3954} INFO - Setting next_dagrun for example_sensor_decorator to None, run_after=None
[2024-05-24T07:31:09.907+0000] {processor.py:183} INFO - Processing /home/airflow/.local/lib/python3.12/site-packages/airflow/example_dags/example_sensor_decorator.py took 0.048 seconds
[2024-05-24T07:31:40.260+0000] {processor.py:161} INFO - Started process (PID=11457) to work on /home/airflow/.local/lib/python3.12/site-packages/airflow/example_dags/example_sensor_decorator.py
[2024-05-24T07:31:40.261+0000] {processor.py:830} INFO - Processing file /home/airflow/.local/lib/python3.12/site-packages/airflow/example_dags/example_sensor_decorator.py for tasks to queue
[2024-05-24T07:31:40.263+0000] {logging_mixin.py:188} INFO - [2024-05-24T07:31:40.263+0000] {dagbag.py:545} INFO - Filling up the DagBag from /home/airflow/.local/lib/python3.12/site-packages/airflow/example_dags/example_sensor_decorator.py
[2024-05-24T07:31:40.269+0000] {processor.py:840} INFO - DAG(s) 'example_sensor_decorator' retrieved from /home/airflow/.local/lib/python3.12/site-packages/airflow/example_dags/example_sensor_decorator.py
[2024-05-24T07:31:40.281+0000] {logging_mixin.py:188} INFO - [2024-05-24T07:31:40.281+0000] {dag.py:3096} INFO - Sync 1 DAGs
[2024-05-24T07:31:40.288+0000] {logging_mixin.py:188} INFO - [2024-05-24T07:31:40.288+0000] {dag.py:3954} INFO - Setting next_dagrun for example_sensor_decorator to None, run_after=None
[2024-05-24T07:31:40.297+0000] {processor.py:183} INFO - Processing /home/airflow/.local/lib/python3.12/site-packages/airflow/example_dags/example_sensor_decorator.py took 0.044 seconds
[2024-05-24T07:32:10.599+0000] {processor.py:161} INFO - Started process (PID=11719) to work on /home/airflow/.local/lib/python3.12/site-packages/airflow/example_dags/example_sensor_decorator.py
[2024-05-24T07:32:10.600+0000] {processor.py:830} INFO - Processing file /home/airflow/.local/lib/python3.12/site-packages/airflow/example_dags/example_sensor_decorator.py for tasks to queue
[2024-05-24T07:32:10.602+0000] {logging_mixin.py:188} INFO - [2024-05-24T07:32:10.602+0000] {dagbag.py:545} INFO - Filling up the DagBag from /home/airflow/.local/lib/python3.12/site-packages/airflow/example_dags/example_sensor_decorator.py
[2024-05-24T07:32:10.608+0000] {processor.py:840} INFO - DAG(s) 'example_sensor_decorator' retrieved from /home/airflow/.local/lib/python3.12/site-packages/airflow/example_dags/example_sensor_decorator.py
[2024-05-24T07:32:10.621+0000] {logging_mixin.py:188} INFO - [2024-05-24T07:32:10.621+0000] {dag.py:3096} INFO - Sync 1 DAGs
[2024-05-24T07:32:10.628+0000] {logging_mixin.py:188} INFO - [2024-05-24T07:32:10.628+0000] {dag.py:3954} INFO - Setting next_dagrun for example_sensor_decorator to None, run_after=None
[2024-05-24T07:32:10.637+0000] {processor.py:183} INFO - Processing /home/airflow/.local/lib/python3.12/site-packages/airflow/example_dags/example_sensor_decorator.py took 0.045 seconds
[2024-05-24T07:32:58.410+0000] {processor.py:161} INFO - Started process (PID=11981) to work on /home/airflow/.local/lib/python3.12/site-packages/airflow/example_dags/example_sensor_decorator.py
[2024-05-24T07:32:58.412+0000] {processor.py:830} INFO - Processing file /home/airflow/.local/lib/python3.12/site-packages/airflow/example_dags/example_sensor_decorator.py for tasks to queue
[2024-05-24T07:32:58.414+0000] {logging_mixin.py:188} INFO - [2024-05-24T07:32:58.413+0000] {dagbag.py:545} INFO - Filling up the DagBag from /home/airflow/.local/lib/python3.12/site-packages/airflow/example_dags/example_sensor_decorator.py
[2024-05-24T07:32:58.421+0000] {processor.py:840} INFO - DAG(s) 'example_sensor_decorator' retrieved from /home/airflow/.local/lib/python3.12/site-packages/airflow/example_dags/example_sensor_decorator.py
[2024-05-24T07:32:58.439+0000] {logging_mixin.py:188} INFO - [2024-05-24T07:32:58.438+0000] {dag.py:3096} INFO - Sync 1 DAGs
[2024-05-24T07:32:58.447+0000] {logging_mixin.py:188} INFO - [2024-05-24T07:32:58.447+0000] {dag.py:3954} INFO - Setting next_dagrun for example_sensor_decorator to None, run_after=None
[2024-05-24T07:32:58.456+0000] {processor.py:183} INFO - Processing /home/airflow/.local/lib/python3.12/site-packages/airflow/example_dags/example_sensor_decorator.py took 0.057 seconds
[2024-05-24T07:33:28.806+0000] {processor.py:161} INFO - Started process (PID=12243) to work on /home/airflow/.local/lib/python3.12/site-packages/airflow/example_dags/example_sensor_decorator.py
[2024-05-24T07:33:28.807+0000] {processor.py:830} INFO - Processing file /home/airflow/.local/lib/python3.12/site-packages/airflow/example_dags/example_sensor_decorator.py for tasks to queue
[2024-05-24T07:33:28.809+0000] {logging_mixin.py:188} INFO - [2024-05-24T07:33:28.809+0000] {dagbag.py:545} INFO - Filling up the DagBag from /home/airflow/.local/lib/python3.12/site-packages/airflow/example_dags/example_sensor_decorator.py
[2024-05-24T07:33:28.816+0000] {processor.py:840} INFO - DAG(s) 'example_sensor_decorator' retrieved from /home/airflow/.local/lib/python3.12/site-packages/airflow/example_dags/example_sensor_decorator.py
[2024-05-24T07:33:28.831+0000] {logging_mixin.py:188} INFO - [2024-05-24T07:33:28.830+0000] {dag.py:3096} INFO - Sync 1 DAGs
[2024-05-24T07:33:28.838+0000] {logging_mixin.py:188} INFO - [2024-05-24T07:33:28.838+0000] {dag.py:3954} INFO - Setting next_dagrun for example_sensor_decorator to None, run_after=None
[2024-05-24T07:33:28.847+0000] {processor.py:183} INFO - Processing /home/airflow/.local/lib/python3.12/site-packages/airflow/example_dags/example_sensor_decorator.py took 0.049 seconds
[2024-05-24T07:33:59.156+0000] {processor.py:161} INFO - Started process (PID=12505) to work on /home/airflow/.local/lib/python3.12/site-packages/airflow/example_dags/example_sensor_decorator.py
[2024-05-24T07:33:59.158+0000] {processor.py:830} INFO - Processing file /home/airflow/.local/lib/python3.12/site-packages/airflow/example_dags/example_sensor_decorator.py for tasks to queue
[2024-05-24T07:33:59.159+0000] {logging_mixin.py:188} INFO - [2024-05-24T07:33:59.159+0000] {dagbag.py:545} INFO - Filling up the DagBag from /home/airflow/.local/lib/python3.12/site-packages/airflow/example_dags/example_sensor_decorator.py
[2024-05-24T07:33:59.166+0000] {processor.py:840} INFO - DAG(s) 'example_sensor_decorator' retrieved from /home/airflow/.local/lib/python3.12/site-packages/airflow/example_dags/example_sensor_decorator.py
[2024-05-24T07:33:59.179+0000] {logging_mixin.py:188} INFO - [2024-05-24T07:33:59.179+0000] {dag.py:3096} INFO - Sync 1 DAGs
[2024-05-24T07:33:59.186+0000] {logging_mixin.py:188} INFO - [2024-05-24T07:33:59.185+0000] {dag.py:3954} INFO - Setting next_dagrun for example_sensor_decorator to None, run_after=None
[2024-05-24T07:33:59.194+0000] {processor.py:183} INFO - Processing /home/airflow/.local/lib/python3.12/site-packages/airflow/example_dags/example_sensor_decorator.py took 0.046 seconds
[2024-05-24T07:34:29.546+0000] {processor.py:161} INFO - Started process (PID=12766) to work on /home/airflow/.local/lib/python3.12/site-packages/airflow/example_dags/example_sensor_decorator.py
[2024-05-24T07:34:29.547+0000] {processor.py:830} INFO - Processing file /home/airflow/.local/lib/python3.12/site-packages/airflow/example_dags/example_sensor_decorator.py for tasks to queue
[2024-05-24T07:34:29.549+0000] {logging_mixin.py:188} INFO - [2024-05-24T07:34:29.549+0000] {dagbag.py:545} INFO - Filling up the DagBag from /home/airflow/.local/lib/python3.12/site-packages/airflow/example_dags/example_sensor_decorator.py
[2024-05-24T07:34:29.555+0000] {processor.py:840} INFO - DAG(s) 'example_sensor_decorator' retrieved from /home/airflow/.local/lib/python3.12/site-packages/airflow/example_dags/example_sensor_decorator.py
[2024-05-24T07:34:29.569+0000] {logging_mixin.py:188} INFO - [2024-05-24T07:34:29.569+0000] {dag.py:3096} INFO - Sync 1 DAGs
[2024-05-24T07:34:29.576+0000] {logging_mixin.py:188} INFO - [2024-05-24T07:34:29.576+0000] {dag.py:3954} INFO - Setting next_dagrun for example_sensor_decorator to None, run_after=None
[2024-05-24T07:34:29.585+0000] {processor.py:183} INFO - Processing /home/airflow/.local/lib/python3.12/site-packages/airflow/example_dags/example_sensor_decorator.py took 0.046 seconds
[2024-05-24T07:35:00.063+0000] {processor.py:161} INFO - Started process (PID=13028) to work on /home/airflow/.local/lib/python3.12/site-packages/airflow/example_dags/example_sensor_decorator.py
[2024-05-24T07:35:00.064+0000] {processor.py:830} INFO - Processing file /home/airflow/.local/lib/python3.12/site-packages/airflow/example_dags/example_sensor_decorator.py for tasks to queue
[2024-05-24T07:35:00.066+0000] {logging_mixin.py:188} INFO - [2024-05-24T07:35:00.066+0000] {dagbag.py:545} INFO - Filling up the DagBag from /home/airflow/.local/lib/python3.12/site-packages/airflow/example_dags/example_sensor_decorator.py
[2024-05-24T07:35:00.073+0000] {processor.py:840} INFO - DAG(s) 'example_sensor_decorator' retrieved from /home/airflow/.local/lib/python3.12/site-packages/airflow/example_dags/example_sensor_decorator.py
[2024-05-24T07:35:00.087+0000] {logging_mixin.py:188} INFO - [2024-05-24T07:35:00.087+0000] {dag.py:3096} INFO - Sync 1 DAGs
[2024-05-24T07:35:00.094+0000] {logging_mixin.py:188} INFO - [2024-05-24T07:35:00.094+0000] {dag.py:3954} INFO - Setting next_dagrun for example_sensor_decorator to None, run_after=None
[2024-05-24T07:35:00.103+0000] {processor.py:183} INFO - Processing /home/airflow/.local/lib/python3.12/site-packages/airflow/example_dags/example_sensor_decorator.py took 0.048 seconds
[2024-05-24T07:35:30.399+0000] {processor.py:161} INFO - Started process (PID=13290) to work on /home/airflow/.local/lib/python3.12/site-packages/airflow/example_dags/example_sensor_decorator.py
[2024-05-24T07:35:30.401+0000] {processor.py:830} INFO - Processing file /home/airflow/.local/lib/python3.12/site-packages/airflow/example_dags/example_sensor_decorator.py for tasks to queue
[2024-05-24T07:35:30.403+0000] {logging_mixin.py:188} INFO - [2024-05-24T07:35:30.402+0000] {dagbag.py:545} INFO - Filling up the DagBag from /home/airflow/.local/lib/python3.12/site-packages/airflow/example_dags/example_sensor_decorator.py
[2024-05-24T07:35:30.409+0000] {processor.py:840} INFO - DAG(s) 'example_sensor_decorator' retrieved from /home/airflow/.local/lib/python3.12/site-packages/airflow/example_dags/example_sensor_decorator.py
[2024-05-24T07:35:30.424+0000] {logging_mixin.py:188} INFO - [2024-05-24T07:35:30.424+0000] {dag.py:3096} INFO - Sync 1 DAGs
[2024-05-24T07:35:30.432+0000] {logging_mixin.py:188} INFO - [2024-05-24T07:35:30.432+0000] {dag.py:3954} INFO - Setting next_dagrun for example_sensor_decorator to None, run_after=None
[2024-05-24T07:35:30.441+0000] {processor.py:183} INFO - Processing /home/airflow/.local/lib/python3.12/site-packages/airflow/example_dags/example_sensor_decorator.py took 0.049 seconds
[2024-05-24T07:36:00.781+0000] {processor.py:161} INFO - Started process (PID=13552) to work on /home/airflow/.local/lib/python3.12/site-packages/airflow/example_dags/example_sensor_decorator.py
[2024-05-24T07:36:00.782+0000] {processor.py:830} INFO - Processing file /home/airflow/.local/lib/python3.12/site-packages/airflow/example_dags/example_sensor_decorator.py for tasks to queue
[2024-05-24T07:36:00.784+0000] {logging_mixin.py:188} INFO - [2024-05-24T07:36:00.784+0000] {dagbag.py:545} INFO - Filling up the DagBag from /home/airflow/.local/lib/python3.12/site-packages/airflow/example_dags/example_sensor_decorator.py
[2024-05-24T07:36:00.790+0000] {processor.py:840} INFO - DAG(s) 'example_sensor_decorator' retrieved from /home/airflow/.local/lib/python3.12/site-packages/airflow/example_dags/example_sensor_decorator.py
[2024-05-24T07:36:00.804+0000] {logging_mixin.py:188} INFO - [2024-05-24T07:36:00.804+0000] {dag.py:3096} INFO - Sync 1 DAGs
[2024-05-24T07:36:00.810+0000] {logging_mixin.py:188} INFO - [2024-05-24T07:36:00.810+0000] {dag.py:3954} INFO - Setting next_dagrun for example_sensor_decorator to None, run_after=None
[2024-05-24T07:36:00.820+0000] {processor.py:183} INFO - Processing /home/airflow/.local/lib/python3.12/site-packages/airflow/example_dags/example_sensor_decorator.py took 0.046 seconds
[2024-05-24T07:36:31.244+0000] {processor.py:161} INFO - Started process (PID=13814) to work on /home/airflow/.local/lib/python3.12/site-packages/airflow/example_dags/example_sensor_decorator.py
[2024-05-24T07:36:31.245+0000] {processor.py:830} INFO - Processing file /home/airflow/.local/lib/python3.12/site-packages/airflow/example_dags/example_sensor_decorator.py for tasks to queue
[2024-05-24T07:36:31.247+0000] {logging_mixin.py:188} INFO - [2024-05-24T07:36:31.247+0000] {dagbag.py:545} INFO - Filling up the DagBag from /home/airflow/.local/lib/python3.12/site-packages/airflow/example_dags/example_sensor_decorator.py
[2024-05-24T07:36:31.253+0000] {processor.py:840} INFO - DAG(s) 'example_sensor_decorator' retrieved from /home/airflow/.local/lib/python3.12/site-packages/airflow/example_dags/example_sensor_decorator.py
[2024-05-24T07:36:31.267+0000] {logging_mixin.py:188} INFO - [2024-05-24T07:36:31.267+0000] {dag.py:3096} INFO - Sync 1 DAGs
[2024-05-24T07:36:31.273+0000] {logging_mixin.py:188} INFO - [2024-05-24T07:36:31.273+0000] {dag.py:3954} INFO - Setting next_dagrun for example_sensor_decorator to None, run_after=None
[2024-05-24T07:36:31.283+0000] {processor.py:183} INFO - Processing /home/airflow/.local/lib/python3.12/site-packages/airflow/example_dags/example_sensor_decorator.py took 0.046 seconds
[2024-05-24T07:37:01.586+0000] {processor.py:161} INFO - Started process (PID=14076) to work on /home/airflow/.local/lib/python3.12/site-packages/airflow/example_dags/example_sensor_decorator.py
[2024-05-24T07:37:01.587+0000] {processor.py:830} INFO - Processing file /home/airflow/.local/lib/python3.12/site-packages/airflow/example_dags/example_sensor_decorator.py for tasks to queue
[2024-05-24T07:37:01.590+0000] {logging_mixin.py:188} INFO - [2024-05-24T07:37:01.589+0000] {dagbag.py:545} INFO - Filling up the DagBag from /home/airflow/.local/lib/python3.12/site-packages/airflow/example_dags/example_sensor_decorator.py
[2024-05-24T07:37:01.596+0000] {processor.py:840} INFO - DAG(s) 'example_sensor_decorator' retrieved from /home/airflow/.local/lib/python3.12/site-packages/airflow/example_dags/example_sensor_decorator.py
[2024-05-24T07:37:01.610+0000] {logging_mixin.py:188} INFO - [2024-05-24T07:37:01.609+0000] {dag.py:3096} INFO - Sync 1 DAGs
[2024-05-24T07:37:01.617+0000] {logging_mixin.py:188} INFO - [2024-05-24T07:37:01.617+0000] {dag.py:3954} INFO - Setting next_dagrun for example_sensor_decorator to None, run_after=None
[2024-05-24T07:37:01.626+0000] {processor.py:183} INFO - Processing /home/airflow/.local/lib/python3.12/site-packages/airflow/example_dags/example_sensor_decorator.py took 0.048 seconds
[2024-05-24T07:37:32.010+0000] {processor.py:161} INFO - Started process (PID=14338) to work on /home/airflow/.local/lib/python3.12/site-packages/airflow/example_dags/example_sensor_decorator.py
[2024-05-24T07:37:32.011+0000] {processor.py:830} INFO - Processing file /home/airflow/.local/lib/python3.12/site-packages/airflow/example_dags/example_sensor_decorator.py for tasks to queue
[2024-05-24T07:37:32.013+0000] {logging_mixin.py:188} INFO - [2024-05-24T07:37:32.012+0000] {dagbag.py:545} INFO - Filling up the DagBag from /home/airflow/.local/lib/python3.12/site-packages/airflow/example_dags/example_sensor_decorator.py
[2024-05-24T07:37:32.019+0000] {processor.py:840} INFO - DAG(s) 'example_sensor_decorator' retrieved from /home/airflow/.local/lib/python3.12/site-packages/airflow/example_dags/example_sensor_decorator.py
[2024-05-24T07:37:32.032+0000] {logging_mixin.py:188} INFO - [2024-05-24T07:37:32.032+0000] {dag.py:3096} INFO - Sync 1 DAGs
[2024-05-24T07:37:32.039+0000] {logging_mixin.py:188} INFO - [2024-05-24T07:37:32.039+0000] {dag.py:3954} INFO - Setting next_dagrun for example_sensor_decorator to None, run_after=None
[2024-05-24T07:37:32.048+0000] {processor.py:183} INFO - Processing /home/airflow/.local/lib/python3.12/site-packages/airflow/example_dags/example_sensor_decorator.py took 0.045 seconds
[2024-05-24T07:38:02.448+0000] {processor.py:161} INFO - Started process (PID=14600) to work on /home/airflow/.local/lib/python3.12/site-packages/airflow/example_dags/example_sensor_decorator.py
[2024-05-24T07:38:02.449+0000] {processor.py:830} INFO - Processing file /home/airflow/.local/lib/python3.12/site-packages/airflow/example_dags/example_sensor_decorator.py for tasks to queue
[2024-05-24T07:38:02.451+0000] {logging_mixin.py:188} INFO - [2024-05-24T07:38:02.451+0000] {dagbag.py:545} INFO - Filling up the DagBag from /home/airflow/.local/lib/python3.12/site-packages/airflow/example_dags/example_sensor_decorator.py
[2024-05-24T07:38:02.458+0000] {processor.py:840} INFO - DAG(s) 'example_sensor_decorator' retrieved from /home/airflow/.local/lib/python3.12/site-packages/airflow/example_dags/example_sensor_decorator.py
[2024-05-24T07:38:02.474+0000] {logging_mixin.py:188} INFO - [2024-05-24T07:38:02.474+0000] {dag.py:3096} INFO - Sync 1 DAGs
[2024-05-24T07:38:02.481+0000] {logging_mixin.py:188} INFO - [2024-05-24T07:38:02.481+0000] {dag.py:3954} INFO - Setting next_dagrun for example_sensor_decorator to None, run_after=None
[2024-05-24T07:38:02.491+0000] {processor.py:183} INFO - Processing /home/airflow/.local/lib/python3.12/site-packages/airflow/example_dags/example_sensor_decorator.py took 0.051 seconds
[2024-05-24T07:38:32.856+0000] {processor.py:161} INFO - Started process (PID=14862) to work on /home/airflow/.local/lib/python3.12/site-packages/airflow/example_dags/example_sensor_decorator.py
[2024-05-24T07:38:32.857+0000] {processor.py:830} INFO - Processing file /home/airflow/.local/lib/python3.12/site-packages/airflow/example_dags/example_sensor_decorator.py for tasks to queue
[2024-05-24T07:38:32.860+0000] {logging_mixin.py:188} INFO - [2024-05-24T07:38:32.860+0000] {dagbag.py:545} INFO - Filling up the DagBag from /home/airflow/.local/lib/python3.12/site-packages/airflow/example_dags/example_sensor_decorator.py
[2024-05-24T07:38:32.867+0000] {processor.py:840} INFO - DAG(s) 'example_sensor_decorator' retrieved from /home/airflow/.local/lib/python3.12/site-packages/airflow/example_dags/example_sensor_decorator.py
[2024-05-24T07:38:32.880+0000] {logging_mixin.py:188} INFO - [2024-05-24T07:38:32.879+0000] {dag.py:3096} INFO - Sync 1 DAGs
[2024-05-24T07:38:32.887+0000] {logging_mixin.py:188} INFO - [2024-05-24T07:38:32.887+0000] {dag.py:3954} INFO - Setting next_dagrun for example_sensor_decorator to None, run_after=None
[2024-05-24T07:38:32.895+0000] {processor.py:183} INFO - Processing /home/airflow/.local/lib/python3.12/site-packages/airflow/example_dags/example_sensor_decorator.py took 0.049 seconds
[2024-05-24T07:39:03.149+0000] {processor.py:161} INFO - Started process (PID=15124) to work on /home/airflow/.local/lib/python3.12/site-packages/airflow/example_dags/example_sensor_decorator.py
[2024-05-24T07:39:03.149+0000] {processor.py:830} INFO - Processing file /home/airflow/.local/lib/python3.12/site-packages/airflow/example_dags/example_sensor_decorator.py for tasks to queue
[2024-05-24T07:39:03.150+0000] {logging_mixin.py:188} INFO - [2024-05-24T07:39:03.150+0000] {dagbag.py:545} INFO - Filling up the DagBag from /home/airflow/.local/lib/python3.12/site-packages/airflow/example_dags/example_sensor_decorator.py
[2024-05-24T07:39:03.154+0000] {processor.py:840} INFO - DAG(s) 'example_sensor_decorator' retrieved from /home/airflow/.local/lib/python3.12/site-packages/airflow/example_dags/example_sensor_decorator.py
[2024-05-24T07:39:03.164+0000] {logging_mixin.py:188} INFO - [2024-05-24T07:39:03.163+0000] {dag.py:3096} INFO - Sync 1 DAGs
[2024-05-24T07:39:03.169+0000] {logging_mixin.py:188} INFO - [2024-05-24T07:39:03.169+0000] {dag.py:3954} INFO - Setting next_dagrun for example_sensor_decorator to None, run_after=None
[2024-05-24T07:39:03.176+0000] {processor.py:183} INFO - Processing /home/airflow/.local/lib/python3.12/site-packages/airflow/example_dags/example_sensor_decorator.py took 0.031 seconds
[2024-05-24T07:39:33.544+0000] {processor.py:161} INFO - Started process (PID=15385) to work on /home/airflow/.local/lib/python3.12/site-packages/airflow/example_dags/example_sensor_decorator.py
[2024-05-24T07:39:33.545+0000] {processor.py:830} INFO - Processing file /home/airflow/.local/lib/python3.12/site-packages/airflow/example_dags/example_sensor_decorator.py for tasks to queue
[2024-05-24T07:39:33.547+0000] {logging_mixin.py:188} INFO - [2024-05-24T07:39:33.546+0000] {dagbag.py:545} INFO - Filling up the DagBag from /home/airflow/.local/lib/python3.12/site-packages/airflow/example_dags/example_sensor_decorator.py
[2024-05-24T07:39:33.552+0000] {processor.py:840} INFO - DAG(s) 'example_sensor_decorator' retrieved from /home/airflow/.local/lib/python3.12/site-packages/airflow/example_dags/example_sensor_decorator.py
[2024-05-24T07:39:33.565+0000] {logging_mixin.py:188} INFO - [2024-05-24T07:39:33.564+0000] {dag.py:3096} INFO - Sync 1 DAGs
[2024-05-24T07:39:33.571+0000] {logging_mixin.py:188} INFO - [2024-05-24T07:39:33.571+0000] {dag.py:3954} INFO - Setting next_dagrun for example_sensor_decorator to None, run_after=None
[2024-05-24T07:39:33.580+0000] {processor.py:183} INFO - Processing /home/airflow/.local/lib/python3.12/site-packages/airflow/example_dags/example_sensor_decorator.py took 0.044 seconds
[2024-05-24T07:40:04.010+0000] {processor.py:161} INFO - Started process (PID=15647) to work on /home/airflow/.local/lib/python3.12/site-packages/airflow/example_dags/example_sensor_decorator.py
[2024-05-24T07:40:04.011+0000] {processor.py:830} INFO - Processing file /home/airflow/.local/lib/python3.12/site-packages/airflow/example_dags/example_sensor_decorator.py for tasks to queue
[2024-05-24T07:40:04.012+0000] {logging_mixin.py:188} INFO - [2024-05-24T07:40:04.012+0000] {dagbag.py:545} INFO - Filling up the DagBag from /home/airflow/.local/lib/python3.12/site-packages/airflow/example_dags/example_sensor_decorator.py
[2024-05-24T07:40:04.019+0000] {processor.py:840} INFO - DAG(s) 'example_sensor_decorator' retrieved from /home/airflow/.local/lib/python3.12/site-packages/airflow/example_dags/example_sensor_decorator.py
[2024-05-24T07:40:04.032+0000] {logging_mixin.py:188} INFO - [2024-05-24T07:40:04.032+0000] {dag.py:3096} INFO - Sync 1 DAGs
[2024-05-24T07:40:04.039+0000] {logging_mixin.py:188} INFO - [2024-05-24T07:40:04.039+0000] {dag.py:3954} INFO - Setting next_dagrun for example_sensor_decorator to None, run_after=None
[2024-05-24T07:40:04.048+0000] {processor.py:183} INFO - Processing /home/airflow/.local/lib/python3.12/site-packages/airflow/example_dags/example_sensor_decorator.py took 0.045 seconds
[2024-05-24T07:40:34.423+0000] {processor.py:161} INFO - Started process (PID=15909) to work on /home/airflow/.local/lib/python3.12/site-packages/airflow/example_dags/example_sensor_decorator.py
[2024-05-24T07:40:34.424+0000] {processor.py:830} INFO - Processing file /home/airflow/.local/lib/python3.12/site-packages/airflow/example_dags/example_sensor_decorator.py for tasks to queue
[2024-05-24T07:40:34.426+0000] {logging_mixin.py:188} INFO - [2024-05-24T07:40:34.425+0000] {dagbag.py:545} INFO - Filling up the DagBag from /home/airflow/.local/lib/python3.12/site-packages/airflow/example_dags/example_sensor_decorator.py
[2024-05-24T07:40:34.431+0000] {processor.py:840} INFO - DAG(s) 'example_sensor_decorator' retrieved from /home/airflow/.local/lib/python3.12/site-packages/airflow/example_dags/example_sensor_decorator.py
[2024-05-24T07:40:34.445+0000] {logging_mixin.py:188} INFO - [2024-05-24T07:40:34.445+0000] {dag.py:3096} INFO - Sync 1 DAGs
[2024-05-24T07:40:34.453+0000] {logging_mixin.py:188} INFO - [2024-05-24T07:40:34.452+0000] {dag.py:3954} INFO - Setting next_dagrun for example_sensor_decorator to None, run_after=None
[2024-05-24T07:40:34.461+0000] {processor.py:183} INFO - Processing /home/airflow/.local/lib/python3.12/site-packages/airflow/example_dags/example_sensor_decorator.py took 0.047 seconds
[2024-05-24T07:41:04.832+0000] {processor.py:161} INFO - Started process (PID=16171) to work on /home/airflow/.local/lib/python3.12/site-packages/airflow/example_dags/example_sensor_decorator.py
[2024-05-24T07:41:04.833+0000] {processor.py:830} INFO - Processing file /home/airflow/.local/lib/python3.12/site-packages/airflow/example_dags/example_sensor_decorator.py for tasks to queue
[2024-05-24T07:41:04.834+0000] {logging_mixin.py:188} INFO - [2024-05-24T07:41:04.834+0000] {dagbag.py:545} INFO - Filling up the DagBag from /home/airflow/.local/lib/python3.12/site-packages/airflow/example_dags/example_sensor_decorator.py
[2024-05-24T07:41:04.840+0000] {processor.py:840} INFO - DAG(s) 'example_sensor_decorator' retrieved from /home/airflow/.local/lib/python3.12/site-packages/airflow/example_dags/example_sensor_decorator.py
[2024-05-24T07:41:04.853+0000] {logging_mixin.py:188} INFO - [2024-05-24T07:41:04.853+0000] {dag.py:3096} INFO - Sync 1 DAGs
[2024-05-24T07:41:04.861+0000] {logging_mixin.py:188} INFO - [2024-05-24T07:41:04.860+0000] {dag.py:3954} INFO - Setting next_dagrun for example_sensor_decorator to None, run_after=None
[2024-05-24T07:41:04.869+0000] {processor.py:183} INFO - Processing /home/airflow/.local/lib/python3.12/site-packages/airflow/example_dags/example_sensor_decorator.py took 0.044 seconds
[2024-05-24T07:41:35.177+0000] {processor.py:161} INFO - Started process (PID=16433) to work on /home/airflow/.local/lib/python3.12/site-packages/airflow/example_dags/example_sensor_decorator.py
[2024-05-24T07:41:35.178+0000] {processor.py:830} INFO - Processing file /home/airflow/.local/lib/python3.12/site-packages/airflow/example_dags/example_sensor_decorator.py for tasks to queue
[2024-05-24T07:41:35.180+0000] {logging_mixin.py:188} INFO - [2024-05-24T07:41:35.179+0000] {dagbag.py:545} INFO - Filling up the DagBag from /home/airflow/.local/lib/python3.12/site-packages/airflow/example_dags/example_sensor_decorator.py
[2024-05-24T07:41:35.185+0000] {processor.py:840} INFO - DAG(s) 'example_sensor_decorator' retrieved from /home/airflow/.local/lib/python3.12/site-packages/airflow/example_dags/example_sensor_decorator.py
[2024-05-24T07:41:35.196+0000] {logging_mixin.py:188} INFO - [2024-05-24T07:41:35.196+0000] {dag.py:3096} INFO - Sync 1 DAGs
[2024-05-24T07:41:35.203+0000] {logging_mixin.py:188} INFO - [2024-05-24T07:41:35.203+0000] {dag.py:3954} INFO - Setting next_dagrun for example_sensor_decorator to None, run_after=None
[2024-05-24T07:41:35.211+0000] {processor.py:183} INFO - Processing /home/airflow/.local/lib/python3.12/site-packages/airflow/example_dags/example_sensor_decorator.py took 0.040 seconds
[2024-05-24T07:42:05.512+0000] {processor.py:161} INFO - Started process (PID=16695) to work on /home/airflow/.local/lib/python3.12/site-packages/airflow/example_dags/example_sensor_decorator.py
[2024-05-24T07:42:05.513+0000] {processor.py:830} INFO - Processing file /home/airflow/.local/lib/python3.12/site-packages/airflow/example_dags/example_sensor_decorator.py for tasks to queue
[2024-05-24T07:42:05.515+0000] {logging_mixin.py:188} INFO - [2024-05-24T07:42:05.514+0000] {dagbag.py:545} INFO - Filling up the DagBag from /home/airflow/.local/lib/python3.12/site-packages/airflow/example_dags/example_sensor_decorator.py
[2024-05-24T07:42:05.521+0000] {processor.py:840} INFO - DAG(s) 'example_sensor_decorator' retrieved from /home/airflow/.local/lib/python3.12/site-packages/airflow/example_dags/example_sensor_decorator.py
[2024-05-24T07:42:05.534+0000] {logging_mixin.py:188} INFO - [2024-05-24T07:42:05.534+0000] {dag.py:3096} INFO - Sync 1 DAGs
[2024-05-24T07:42:05.541+0000] {logging_mixin.py:188} INFO - [2024-05-24T07:42:05.541+0000] {dag.py:3954} INFO - Setting next_dagrun for example_sensor_decorator to None, run_after=None
[2024-05-24T07:42:05.550+0000] {processor.py:183} INFO - Processing /home/airflow/.local/lib/python3.12/site-packages/airflow/example_dags/example_sensor_decorator.py took 0.045 seconds
[2024-05-24T07:42:35.897+0000] {processor.py:161} INFO - Started process (PID=16957) to work on /home/airflow/.local/lib/python3.12/site-packages/airflow/example_dags/example_sensor_decorator.py
[2024-05-24T07:42:35.898+0000] {processor.py:830} INFO - Processing file /home/airflow/.local/lib/python3.12/site-packages/airflow/example_dags/example_sensor_decorator.py for tasks to queue
[2024-05-24T07:42:35.900+0000] {logging_mixin.py:188} INFO - [2024-05-24T07:42:35.900+0000] {dagbag.py:545} INFO - Filling up the DagBag from /home/airflow/.local/lib/python3.12/site-packages/airflow/example_dags/example_sensor_decorator.py
[2024-05-24T07:42:35.906+0000] {processor.py:840} INFO - DAG(s) 'example_sensor_decorator' retrieved from /home/airflow/.local/lib/python3.12/site-packages/airflow/example_dags/example_sensor_decorator.py
[2024-05-24T07:42:35.921+0000] {logging_mixin.py:188} INFO - [2024-05-24T07:42:35.921+0000] {dag.py:3096} INFO - Sync 1 DAGs
[2024-05-24T07:42:35.929+0000] {logging_mixin.py:188} INFO - [2024-05-24T07:42:35.928+0000] {dag.py:3954} INFO - Setting next_dagrun for example_sensor_decorator to None, run_after=None
[2024-05-24T07:42:35.937+0000] {processor.py:183} INFO - Processing /home/airflow/.local/lib/python3.12/site-packages/airflow/example_dags/example_sensor_decorator.py took 0.048 seconds
[2024-05-24T07:43:06.347+0000] {processor.py:161} INFO - Started process (PID=17219) to work on /home/airflow/.local/lib/python3.12/site-packages/airflow/example_dags/example_sensor_decorator.py
[2024-05-24T07:43:06.348+0000] {processor.py:830} INFO - Processing file /home/airflow/.local/lib/python3.12/site-packages/airflow/example_dags/example_sensor_decorator.py for tasks to queue
[2024-05-24T07:43:06.350+0000] {logging_mixin.py:188} INFO - [2024-05-24T07:43:06.349+0000] {dagbag.py:545} INFO - Filling up the DagBag from /home/airflow/.local/lib/python3.12/site-packages/airflow/example_dags/example_sensor_decorator.py
[2024-05-24T07:43:06.355+0000] {processor.py:840} INFO - DAG(s) 'example_sensor_decorator' retrieved from /home/airflow/.local/lib/python3.12/site-packages/airflow/example_dags/example_sensor_decorator.py
[2024-05-24T07:43:06.368+0000] {logging_mixin.py:188} INFO - [2024-05-24T07:43:06.368+0000] {dag.py:3096} INFO - Sync 1 DAGs
[2024-05-24T07:43:06.374+0000] {logging_mixin.py:188} INFO - [2024-05-24T07:43:06.374+0000] {dag.py:3954} INFO - Setting next_dagrun for example_sensor_decorator to None, run_after=None
[2024-05-24T07:43:06.383+0000] {processor.py:183} INFO - Processing /home/airflow/.local/lib/python3.12/site-packages/airflow/example_dags/example_sensor_decorator.py took 0.043 seconds
[2024-05-24T07:43:36.678+0000] {processor.py:161} INFO - Started process (PID=17481) to work on /home/airflow/.local/lib/python3.12/site-packages/airflow/example_dags/example_sensor_decorator.py
[2024-05-24T07:43:36.678+0000] {processor.py:830} INFO - Processing file /home/airflow/.local/lib/python3.12/site-packages/airflow/example_dags/example_sensor_decorator.py for tasks to queue
[2024-05-24T07:43:36.680+0000] {logging_mixin.py:188} INFO - [2024-05-24T07:43:36.680+0000] {dagbag.py:545} INFO - Filling up the DagBag from /home/airflow/.local/lib/python3.12/site-packages/airflow/example_dags/example_sensor_decorator.py
[2024-05-24T07:43:36.684+0000] {processor.py:840} INFO - DAG(s) 'example_sensor_decorator' retrieved from /home/airflow/.local/lib/python3.12/site-packages/airflow/example_dags/example_sensor_decorator.py
[2024-05-24T07:43:36.695+0000] {logging_mixin.py:188} INFO - [2024-05-24T07:43:36.695+0000] {dag.py:3096} INFO - Sync 1 DAGs
[2024-05-24T07:43:36.702+0000] {logging_mixin.py:188} INFO - [2024-05-24T07:43:36.702+0000] {dag.py:3954} INFO - Setting next_dagrun for example_sensor_decorator to None, run_after=None
[2024-05-24T07:43:36.713+0000] {processor.py:183} INFO - Processing /home/airflow/.local/lib/python3.12/site-packages/airflow/example_dags/example_sensor_decorator.py took 0.042 seconds
[2024-05-24T07:44:07.063+0000] {processor.py:161} INFO - Started process (PID=17743) to work on /home/airflow/.local/lib/python3.12/site-packages/airflow/example_dags/example_sensor_decorator.py
[2024-05-24T07:44:07.064+0000] {processor.py:830} INFO - Processing file /home/airflow/.local/lib/python3.12/site-packages/airflow/example_dags/example_sensor_decorator.py for tasks to queue
[2024-05-24T07:44:07.066+0000] {logging_mixin.py:188} INFO - [2024-05-24T07:44:07.065+0000] {dagbag.py:545} INFO - Filling up the DagBag from /home/airflow/.local/lib/python3.12/site-packages/airflow/example_dags/example_sensor_decorator.py
[2024-05-24T07:44:07.072+0000] {processor.py:840} INFO - DAG(s) 'example_sensor_decorator' retrieved from /home/airflow/.local/lib/python3.12/site-packages/airflow/example_dags/example_sensor_decorator.py
[2024-05-24T07:44:07.087+0000] {logging_mixin.py:188} INFO - [2024-05-24T07:44:07.087+0000] {dag.py:3096} INFO - Sync 1 DAGs
[2024-05-24T07:44:07.094+0000] {logging_mixin.py:188} INFO - [2024-05-24T07:44:07.094+0000] {dag.py:3954} INFO - Setting next_dagrun for example_sensor_decorator to None, run_after=None
[2024-05-24T07:44:07.103+0000] {processor.py:183} INFO - Processing /home/airflow/.local/lib/python3.12/site-packages/airflow/example_dags/example_sensor_decorator.py took 0.049 seconds
[2024-05-24T07:44:37.361+0000] {processor.py:161} INFO - Started process (PID=18005) to work on /home/airflow/.local/lib/python3.12/site-packages/airflow/example_dags/example_sensor_decorator.py
[2024-05-24T07:44:37.363+0000] {processor.py:830} INFO - Processing file /home/airflow/.local/lib/python3.12/site-packages/airflow/example_dags/example_sensor_decorator.py for tasks to queue
[2024-05-24T07:44:37.365+0000] {logging_mixin.py:188} INFO - [2024-05-24T07:44:37.364+0000] {dagbag.py:545} INFO - Filling up the DagBag from /home/airflow/.local/lib/python3.12/site-packages/airflow/example_dags/example_sensor_decorator.py
[2024-05-24T07:44:37.372+0000] {processor.py:840} INFO - DAG(s) 'example_sensor_decorator' retrieved from /home/airflow/.local/lib/python3.12/site-packages/airflow/example_dags/example_sensor_decorator.py
[2024-05-24T07:44:37.387+0000] {logging_mixin.py:188} INFO - [2024-05-24T07:44:37.387+0000] {dag.py:3096} INFO - Sync 1 DAGs
[2024-05-24T07:44:37.395+0000] {logging_mixin.py:188} INFO - [2024-05-24T07:44:37.395+0000] {dag.py:3954} INFO - Setting next_dagrun for example_sensor_decorator to None, run_after=None
[2024-05-24T07:44:37.404+0000] {processor.py:183} INFO - Processing /home/airflow/.local/lib/python3.12/site-packages/airflow/example_dags/example_sensor_decorator.py took 0.049 seconds
