[2024-05-24T05:45:20.788+0000] {processor.py:161} INFO - Started process (PID=346) to work on /home/airflow/.local/lib/python3.12/site-packages/airflow/example_dags/example_xcom.py
[2024-05-24T05:45:20.788+0000] {processor.py:830} INFO - Processing file /home/airflow/.local/lib/python3.12/site-packages/airflow/example_dags/example_xcom.py for tasks to queue
[2024-05-24T05:45:20.789+0000] {logging_mixin.py:188} INFO - [2024-05-24T05:45:20.789+0000] {dagbag.py:545} INFO - Filling up the DagBag from /home/airflow/.local/lib/python3.12/site-packages/airflow/example_dags/example_xcom.py
[2024-05-24T05:45:20.792+0000] {processor.py:840} INFO - DAG(s) 'example_xcom' retrieved from /home/airflow/.local/lib/python3.12/site-packages/airflow/example_dags/example_xcom.py
[2024-05-24T05:45:20.797+0000] {logging_mixin.py:188} INFO - [2024-05-24T05:45:20.797+0000] {dag.py:3096} INFO - Sync 1 DAGs
[2024-05-24T05:45:20.806+0000] {logging_mixin.py:188} INFO - [2024-05-24T05:45:20.805+0000] {dag.py:3954} INFO - Setting next_dagrun for example_xcom to 2021-01-01 00:00:00+00:00, run_after=2021-01-01 00:00:00+00:00
[2024-05-24T05:45:20.812+0000] {processor.py:183} INFO - Processing /home/airflow/.local/lib/python3.12/site-packages/airflow/example_dags/example_xcom.py took 0.027 seconds
[2024-05-24T05:45:51.315+0000] {processor.py:161} INFO - Started process (PID=608) to work on /home/airflow/.local/lib/python3.12/site-packages/airflow/example_dags/example_xcom.py
[2024-05-24T05:45:51.315+0000] {processor.py:830} INFO - Processing file /home/airflow/.local/lib/python3.12/site-packages/airflow/example_dags/example_xcom.py for tasks to queue
[2024-05-24T05:45:51.316+0000] {logging_mixin.py:188} INFO - [2024-05-24T05:45:51.316+0000] {dagbag.py:545} INFO - Filling up the DagBag from /home/airflow/.local/lib/python3.12/site-packages/airflow/example_dags/example_xcom.py
[2024-05-24T05:45:51.319+0000] {processor.py:840} INFO - DAG(s) 'example_xcom' retrieved from /home/airflow/.local/lib/python3.12/site-packages/airflow/example_dags/example_xcom.py
[2024-05-24T05:45:51.354+0000] {logging_mixin.py:188} INFO - [2024-05-24T05:45:51.354+0000] {dag.py:3096} INFO - Sync 1 DAGs
[2024-05-24T05:45:51.360+0000] {logging_mixin.py:188} INFO - [2024-05-24T05:45:51.360+0000] {dag.py:3954} INFO - Setting next_dagrun for example_xcom to 2021-01-01 00:00:00+00:00, run_after=2021-01-01 00:00:00+00:00
[2024-05-24T05:45:51.367+0000] {processor.py:183} INFO - Processing /home/airflow/.local/lib/python3.12/site-packages/airflow/example_dags/example_xcom.py took 0.055 seconds
[2024-05-24T05:46:21.963+0000] {processor.py:161} INFO - Started process (PID=870) to work on /home/airflow/.local/lib/python3.12/site-packages/airflow/example_dags/example_xcom.py
[2024-05-24T05:46:21.964+0000] {processor.py:830} INFO - Processing file /home/airflow/.local/lib/python3.12/site-packages/airflow/example_dags/example_xcom.py for tasks to queue
[2024-05-24T05:46:21.964+0000] {logging_mixin.py:188} INFO - [2024-05-24T05:46:21.964+0000] {dagbag.py:545} INFO - Filling up the DagBag from /home/airflow/.local/lib/python3.12/site-packages/airflow/example_dags/example_xcom.py
[2024-05-24T05:46:21.967+0000] {processor.py:840} INFO - DAG(s) 'example_xcom' retrieved from /home/airflow/.local/lib/python3.12/site-packages/airflow/example_dags/example_xcom.py
[2024-05-24T05:46:21.975+0000] {logging_mixin.py:188} INFO - [2024-05-24T05:46:21.975+0000] {dag.py:3096} INFO - Sync 1 DAGs
[2024-05-24T05:46:21.982+0000] {logging_mixin.py:188} INFO - [2024-05-24T05:46:21.982+0000] {dag.py:3954} INFO - Setting next_dagrun for example_xcom to 2021-01-01 00:00:00+00:00, run_after=2021-01-01 00:00:00+00:00
[2024-05-24T05:46:21.989+0000] {processor.py:183} INFO - Processing /home/airflow/.local/lib/python3.12/site-packages/airflow/example_dags/example_xcom.py took 0.028 seconds
[2024-05-24T05:46:52.275+0000] {processor.py:161} INFO - Started process (PID=1132) to work on /home/airflow/.local/lib/python3.12/site-packages/airflow/example_dags/example_xcom.py
[2024-05-24T05:46:52.275+0000] {processor.py:830} INFO - Processing file /home/airflow/.local/lib/python3.12/site-packages/airflow/example_dags/example_xcom.py for tasks to queue
[2024-05-24T05:46:52.276+0000] {logging_mixin.py:188} INFO - [2024-05-24T05:46:52.276+0000] {dagbag.py:545} INFO - Filling up the DagBag from /home/airflow/.local/lib/python3.12/site-packages/airflow/example_dags/example_xcom.py
[2024-05-24T05:46:52.279+0000] {processor.py:840} INFO - DAG(s) 'example_xcom' retrieved from /home/airflow/.local/lib/python3.12/site-packages/airflow/example_dags/example_xcom.py
[2024-05-24T05:46:52.287+0000] {logging_mixin.py:188} INFO - [2024-05-24T05:46:52.286+0000] {dag.py:3096} INFO - Sync 1 DAGs
[2024-05-24T05:46:52.294+0000] {logging_mixin.py:188} INFO - [2024-05-24T05:46:52.294+0000] {dag.py:3954} INFO - Setting next_dagrun for example_xcom to 2021-01-01 00:00:00+00:00, run_after=2021-01-01 00:00:00+00:00
[2024-05-24T05:46:52.300+0000] {processor.py:183} INFO - Processing /home/airflow/.local/lib/python3.12/site-packages/airflow/example_dags/example_xcom.py took 0.027 seconds
[2024-05-24T05:47:22.605+0000] {processor.py:161} INFO - Started process (PID=1394) to work on /home/airflow/.local/lib/python3.12/site-packages/airflow/example_dags/example_xcom.py
[2024-05-24T05:47:22.605+0000] {processor.py:830} INFO - Processing file /home/airflow/.local/lib/python3.12/site-packages/airflow/example_dags/example_xcom.py for tasks to queue
[2024-05-24T05:47:22.606+0000] {logging_mixin.py:188} INFO - [2024-05-24T05:47:22.606+0000] {dagbag.py:545} INFO - Filling up the DagBag from /home/airflow/.local/lib/python3.12/site-packages/airflow/example_dags/example_xcom.py
[2024-05-24T05:47:22.609+0000] {processor.py:840} INFO - DAG(s) 'example_xcom' retrieved from /home/airflow/.local/lib/python3.12/site-packages/airflow/example_dags/example_xcom.py
[2024-05-24T05:47:22.617+0000] {logging_mixin.py:188} INFO - [2024-05-24T05:47:22.617+0000] {dag.py:3096} INFO - Sync 1 DAGs
[2024-05-24T05:47:22.625+0000] {logging_mixin.py:188} INFO - [2024-05-24T05:47:22.625+0000] {dag.py:3954} INFO - Setting next_dagrun for example_xcom to 2021-01-01 00:00:00+00:00, run_after=2021-01-01 00:00:00+00:00
[2024-05-24T05:47:22.631+0000] {processor.py:183} INFO - Processing /home/airflow/.local/lib/python3.12/site-packages/airflow/example_dags/example_xcom.py took 0.029 seconds
[2024-05-24T05:47:52.983+0000] {processor.py:161} INFO - Started process (PID=1656) to work on /home/airflow/.local/lib/python3.12/site-packages/airflow/example_dags/example_xcom.py
[2024-05-24T05:47:52.984+0000] {processor.py:830} INFO - Processing file /home/airflow/.local/lib/python3.12/site-packages/airflow/example_dags/example_xcom.py for tasks to queue
[2024-05-24T05:47:52.984+0000] {logging_mixin.py:188} INFO - [2024-05-24T05:47:52.984+0000] {dagbag.py:545} INFO - Filling up the DagBag from /home/airflow/.local/lib/python3.12/site-packages/airflow/example_dags/example_xcom.py
[2024-05-24T05:47:52.987+0000] {processor.py:840} INFO - DAG(s) 'example_xcom' retrieved from /home/airflow/.local/lib/python3.12/site-packages/airflow/example_dags/example_xcom.py
[2024-05-24T05:47:52.996+0000] {logging_mixin.py:188} INFO - [2024-05-24T05:47:52.995+0000] {dag.py:3096} INFO - Sync 1 DAGs
[2024-05-24T05:47:53.004+0000] {logging_mixin.py:188} INFO - [2024-05-24T05:47:53.004+0000] {dag.py:3954} INFO - Setting next_dagrun for example_xcom to 2021-01-01 00:00:00+00:00, run_after=2021-01-01 00:00:00+00:00
[2024-05-24T05:47:53.012+0000] {processor.py:183} INFO - Processing /home/airflow/.local/lib/python3.12/site-packages/airflow/example_dags/example_xcom.py took 0.031 seconds
[2024-05-24T05:48:23.344+0000] {processor.py:161} INFO - Started process (PID=1918) to work on /home/airflow/.local/lib/python3.12/site-packages/airflow/example_dags/example_xcom.py
[2024-05-24T05:48:23.344+0000] {processor.py:830} INFO - Processing file /home/airflow/.local/lib/python3.12/site-packages/airflow/example_dags/example_xcom.py for tasks to queue
[2024-05-24T05:48:23.345+0000] {logging_mixin.py:188} INFO - [2024-05-24T05:48:23.345+0000] {dagbag.py:545} INFO - Filling up the DagBag from /home/airflow/.local/lib/python3.12/site-packages/airflow/example_dags/example_xcom.py
[2024-05-24T05:48:23.348+0000] {processor.py:840} INFO - DAG(s) 'example_xcom' retrieved from /home/airflow/.local/lib/python3.12/site-packages/airflow/example_dags/example_xcom.py
[2024-05-24T05:48:23.356+0000] {logging_mixin.py:188} INFO - [2024-05-24T05:48:23.355+0000] {dag.py:3096} INFO - Sync 1 DAGs
[2024-05-24T05:48:23.363+0000] {logging_mixin.py:188} INFO - [2024-05-24T05:48:23.363+0000] {dag.py:3954} INFO - Setting next_dagrun for example_xcom to 2021-01-01 00:00:00+00:00, run_after=2021-01-01 00:00:00+00:00
[2024-05-24T05:48:23.369+0000] {processor.py:183} INFO - Processing /home/airflow/.local/lib/python3.12/site-packages/airflow/example_dags/example_xcom.py took 0.027 seconds
[2024-05-24T05:48:53.629+0000] {processor.py:161} INFO - Started process (PID=2180) to work on /home/airflow/.local/lib/python3.12/site-packages/airflow/example_dags/example_xcom.py
[2024-05-24T05:48:53.630+0000] {processor.py:830} INFO - Processing file /home/airflow/.local/lib/python3.12/site-packages/airflow/example_dags/example_xcom.py for tasks to queue
[2024-05-24T05:48:53.630+0000] {logging_mixin.py:188} INFO - [2024-05-24T05:48:53.630+0000] {dagbag.py:545} INFO - Filling up the DagBag from /home/airflow/.local/lib/python3.12/site-packages/airflow/example_dags/example_xcom.py
[2024-05-24T05:48:53.633+0000] {processor.py:840} INFO - DAG(s) 'example_xcom' retrieved from /home/airflow/.local/lib/python3.12/site-packages/airflow/example_dags/example_xcom.py
[2024-05-24T05:48:53.641+0000] {logging_mixin.py:188} INFO - [2024-05-24T05:48:53.641+0000] {dag.py:3096} INFO - Sync 1 DAGs
[2024-05-24T05:48:53.648+0000] {logging_mixin.py:188} INFO - [2024-05-24T05:48:53.648+0000] {dag.py:3954} INFO - Setting next_dagrun for example_xcom to 2021-01-01 00:00:00+00:00, run_after=2021-01-01 00:00:00+00:00
[2024-05-24T05:48:53.654+0000] {processor.py:183} INFO - Processing /home/airflow/.local/lib/python3.12/site-packages/airflow/example_dags/example_xcom.py took 0.027 seconds
[2024-05-24T05:49:23.960+0000] {processor.py:161} INFO - Started process (PID=2442) to work on /home/airflow/.local/lib/python3.12/site-packages/airflow/example_dags/example_xcom.py
[2024-05-24T05:49:23.960+0000] {processor.py:830} INFO - Processing file /home/airflow/.local/lib/python3.12/site-packages/airflow/example_dags/example_xcom.py for tasks to queue
[2024-05-24T05:49:23.961+0000] {logging_mixin.py:188} INFO - [2024-05-24T05:49:23.961+0000] {dagbag.py:545} INFO - Filling up the DagBag from /home/airflow/.local/lib/python3.12/site-packages/airflow/example_dags/example_xcom.py
[2024-05-24T05:49:23.964+0000] {processor.py:840} INFO - DAG(s) 'example_xcom' retrieved from /home/airflow/.local/lib/python3.12/site-packages/airflow/example_dags/example_xcom.py
[2024-05-24T05:49:23.972+0000] {logging_mixin.py:188} INFO - [2024-05-24T05:49:23.972+0000] {dag.py:3096} INFO - Sync 1 DAGs
[2024-05-24T05:49:23.980+0000] {logging_mixin.py:188} INFO - [2024-05-24T05:49:23.979+0000] {dag.py:3954} INFO - Setting next_dagrun for example_xcom to 2021-01-01 00:00:00+00:00, run_after=2021-01-01 00:00:00+00:00
[2024-05-24T05:49:23.986+0000] {processor.py:183} INFO - Processing /home/airflow/.local/lib/python3.12/site-packages/airflow/example_dags/example_xcom.py took 0.028 seconds
[2024-05-24T05:49:54.248+0000] {processor.py:161} INFO - Started process (PID=2704) to work on /home/airflow/.local/lib/python3.12/site-packages/airflow/example_dags/example_xcom.py
[2024-05-24T05:49:54.248+0000] {processor.py:830} INFO - Processing file /home/airflow/.local/lib/python3.12/site-packages/airflow/example_dags/example_xcom.py for tasks to queue
[2024-05-24T05:49:54.249+0000] {logging_mixin.py:188} INFO - [2024-05-24T05:49:54.249+0000] {dagbag.py:545} INFO - Filling up the DagBag from /home/airflow/.local/lib/python3.12/site-packages/airflow/example_dags/example_xcom.py
[2024-05-24T05:49:54.252+0000] {processor.py:840} INFO - DAG(s) 'example_xcom' retrieved from /home/airflow/.local/lib/python3.12/site-packages/airflow/example_dags/example_xcom.py
[2024-05-24T05:49:54.261+0000] {logging_mixin.py:188} INFO - [2024-05-24T05:49:54.261+0000] {dag.py:3096} INFO - Sync 1 DAGs
[2024-05-24T05:49:54.269+0000] {logging_mixin.py:188} INFO - [2024-05-24T05:49:54.269+0000] {dag.py:3954} INFO - Setting next_dagrun for example_xcom to 2021-01-01 00:00:00+00:00, run_after=2021-01-01 00:00:00+00:00
[2024-05-24T05:49:54.277+0000] {processor.py:183} INFO - Processing /home/airflow/.local/lib/python3.12/site-packages/airflow/example_dags/example_xcom.py took 0.031 seconds
[2024-05-24T05:50:24.670+0000] {processor.py:161} INFO - Started process (PID=2966) to work on /home/airflow/.local/lib/python3.12/site-packages/airflow/example_dags/example_xcom.py
[2024-05-24T05:50:24.671+0000] {processor.py:830} INFO - Processing file /home/airflow/.local/lib/python3.12/site-packages/airflow/example_dags/example_xcom.py for tasks to queue
[2024-05-24T05:50:24.671+0000] {logging_mixin.py:188} INFO - [2024-05-24T05:50:24.671+0000] {dagbag.py:545} INFO - Filling up the DagBag from /home/airflow/.local/lib/python3.12/site-packages/airflow/example_dags/example_xcom.py
[2024-05-24T05:50:24.675+0000] {processor.py:840} INFO - DAG(s) 'example_xcom' retrieved from /home/airflow/.local/lib/python3.12/site-packages/airflow/example_dags/example_xcom.py
[2024-05-24T05:50:24.682+0000] {logging_mixin.py:188} INFO - [2024-05-24T05:50:24.682+0000] {dag.py:3096} INFO - Sync 1 DAGs
[2024-05-24T05:50:24.689+0000] {logging_mixin.py:188} INFO - [2024-05-24T05:50:24.689+0000] {dag.py:3954} INFO - Setting next_dagrun for example_xcom to 2021-01-01 00:00:00+00:00, run_after=2021-01-01 00:00:00+00:00
[2024-05-24T05:50:24.696+0000] {processor.py:183} INFO - Processing /home/airflow/.local/lib/python3.12/site-packages/airflow/example_dags/example_xcom.py took 0.028 seconds
[2024-05-24T05:50:54.977+0000] {processor.py:161} INFO - Started process (PID=3228) to work on /home/airflow/.local/lib/python3.12/site-packages/airflow/example_dags/example_xcom.py
[2024-05-24T05:50:54.978+0000] {processor.py:830} INFO - Processing file /home/airflow/.local/lib/python3.12/site-packages/airflow/example_dags/example_xcom.py for tasks to queue
[2024-05-24T05:50:54.978+0000] {logging_mixin.py:188} INFO - [2024-05-24T05:50:54.978+0000] {dagbag.py:545} INFO - Filling up the DagBag from /home/airflow/.local/lib/python3.12/site-packages/airflow/example_dags/example_xcom.py
[2024-05-24T05:50:54.981+0000] {processor.py:840} INFO - DAG(s) 'example_xcom' retrieved from /home/airflow/.local/lib/python3.12/site-packages/airflow/example_dags/example_xcom.py
[2024-05-24T05:50:54.988+0000] {logging_mixin.py:188} INFO - [2024-05-24T05:50:54.988+0000] {dag.py:3096} INFO - Sync 1 DAGs
[2024-05-24T05:50:54.996+0000] {logging_mixin.py:188} INFO - [2024-05-24T05:50:54.996+0000] {dag.py:3954} INFO - Setting next_dagrun for example_xcom to 2021-01-01 00:00:00+00:00, run_after=2021-01-01 00:00:00+00:00
[2024-05-24T05:50:55.002+0000] {processor.py:183} INFO - Processing /home/airflow/.local/lib/python3.12/site-packages/airflow/example_dags/example_xcom.py took 0.027 seconds
[2024-05-24T05:51:25.345+0000] {processor.py:161} INFO - Started process (PID=3492) to work on /home/airflow/.local/lib/python3.12/site-packages/airflow/example_dags/example_xcom.py
[2024-05-24T05:51:25.346+0000] {processor.py:830} INFO - Processing file /home/airflow/.local/lib/python3.12/site-packages/airflow/example_dags/example_xcom.py for tasks to queue
[2024-05-24T05:51:25.347+0000] {logging_mixin.py:188} INFO - [2024-05-24T05:51:25.346+0000] {dagbag.py:545} INFO - Filling up the DagBag from /home/airflow/.local/lib/python3.12/site-packages/airflow/example_dags/example_xcom.py
[2024-05-24T05:51:25.349+0000] {processor.py:840} INFO - DAG(s) 'example_xcom' retrieved from /home/airflow/.local/lib/python3.12/site-packages/airflow/example_dags/example_xcom.py
[2024-05-24T05:51:25.357+0000] {logging_mixin.py:188} INFO - [2024-05-24T05:51:25.357+0000] {dag.py:3096} INFO - Sync 1 DAGs
[2024-05-24T05:51:25.364+0000] {logging_mixin.py:188} INFO - [2024-05-24T05:51:25.364+0000] {dag.py:3954} INFO - Setting next_dagrun for example_xcom to 2021-01-01 00:00:00+00:00, run_after=2021-01-01 00:00:00+00:00
[2024-05-24T05:51:25.370+0000] {processor.py:183} INFO - Processing /home/airflow/.local/lib/python3.12/site-packages/airflow/example_dags/example_xcom.py took 0.027 seconds
[2024-05-24T05:51:55.620+0000] {processor.py:161} INFO - Started process (PID=3752) to work on /home/airflow/.local/lib/python3.12/site-packages/airflow/example_dags/example_xcom.py
[2024-05-24T05:51:55.620+0000] {processor.py:830} INFO - Processing file /home/airflow/.local/lib/python3.12/site-packages/airflow/example_dags/example_xcom.py for tasks to queue
[2024-05-24T05:51:55.621+0000] {logging_mixin.py:188} INFO - [2024-05-24T05:51:55.621+0000] {dagbag.py:545} INFO - Filling up the DagBag from /home/airflow/.local/lib/python3.12/site-packages/airflow/example_dags/example_xcom.py
[2024-05-24T05:51:55.624+0000] {processor.py:840} INFO - DAG(s) 'example_xcom' retrieved from /home/airflow/.local/lib/python3.12/site-packages/airflow/example_dags/example_xcom.py
[2024-05-24T05:51:55.632+0000] {logging_mixin.py:188} INFO - [2024-05-24T05:51:55.632+0000] {dag.py:3096} INFO - Sync 1 DAGs
[2024-05-24T05:51:55.639+0000] {logging_mixin.py:188} INFO - [2024-05-24T05:51:55.639+0000] {dag.py:3954} INFO - Setting next_dagrun for example_xcom to 2021-01-01 00:00:00+00:00, run_after=2021-01-01 00:00:00+00:00
[2024-05-24T05:51:55.647+0000] {processor.py:183} INFO - Processing /home/airflow/.local/lib/python3.12/site-packages/airflow/example_dags/example_xcom.py took 0.029 seconds
[2024-05-24T05:52:25.913+0000] {processor.py:161} INFO - Started process (PID=4014) to work on /home/airflow/.local/lib/python3.12/site-packages/airflow/example_dags/example_xcom.py
[2024-05-24T05:52:25.913+0000] {processor.py:830} INFO - Processing file /home/airflow/.local/lib/python3.12/site-packages/airflow/example_dags/example_xcom.py for tasks to queue
[2024-05-24T05:52:25.914+0000] {logging_mixin.py:188} INFO - [2024-05-24T05:52:25.914+0000] {dagbag.py:545} INFO - Filling up the DagBag from /home/airflow/.local/lib/python3.12/site-packages/airflow/example_dags/example_xcom.py
[2024-05-24T05:52:25.916+0000] {processor.py:840} INFO - DAG(s) 'example_xcom' retrieved from /home/airflow/.local/lib/python3.12/site-packages/airflow/example_dags/example_xcom.py
[2024-05-24T05:52:25.924+0000] {logging_mixin.py:188} INFO - [2024-05-24T05:52:25.924+0000] {dag.py:3096} INFO - Sync 1 DAGs
[2024-05-24T05:52:25.931+0000] {logging_mixin.py:188} INFO - [2024-05-24T05:52:25.931+0000] {dag.py:3954} INFO - Setting next_dagrun for example_xcom to 2021-01-01 00:00:00+00:00, run_after=2021-01-01 00:00:00+00:00
[2024-05-24T05:52:25.937+0000] {processor.py:183} INFO - Processing /home/airflow/.local/lib/python3.12/site-packages/airflow/example_dags/example_xcom.py took 0.027 seconds
[2024-05-24T05:52:56.226+0000] {processor.py:161} INFO - Started process (PID=4276) to work on /home/airflow/.local/lib/python3.12/site-packages/airflow/example_dags/example_xcom.py
[2024-05-24T05:52:56.226+0000] {processor.py:830} INFO - Processing file /home/airflow/.local/lib/python3.12/site-packages/airflow/example_dags/example_xcom.py for tasks to queue
[2024-05-24T05:52:56.227+0000] {logging_mixin.py:188} INFO - [2024-05-24T05:52:56.227+0000] {dagbag.py:545} INFO - Filling up the DagBag from /home/airflow/.local/lib/python3.12/site-packages/airflow/example_dags/example_xcom.py
[2024-05-24T05:52:56.230+0000] {processor.py:840} INFO - DAG(s) 'example_xcom' retrieved from /home/airflow/.local/lib/python3.12/site-packages/airflow/example_dags/example_xcom.py
[2024-05-24T05:52:56.238+0000] {logging_mixin.py:188} INFO - [2024-05-24T05:52:56.238+0000] {dag.py:3096} INFO - Sync 1 DAGs
[2024-05-24T05:52:56.245+0000] {logging_mixin.py:188} INFO - [2024-05-24T05:52:56.245+0000] {dag.py:3954} INFO - Setting next_dagrun for example_xcom to 2021-01-01 00:00:00+00:00, run_after=2021-01-01 00:00:00+00:00
[2024-05-24T05:52:56.251+0000] {processor.py:183} INFO - Processing /home/airflow/.local/lib/python3.12/site-packages/airflow/example_dags/example_xcom.py took 0.028 seconds
[2024-05-24T05:53:26.676+0000] {processor.py:161} INFO - Started process (PID=4538) to work on /home/airflow/.local/lib/python3.12/site-packages/airflow/example_dags/example_xcom.py
[2024-05-24T05:53:26.677+0000] {processor.py:830} INFO - Processing file /home/airflow/.local/lib/python3.12/site-packages/airflow/example_dags/example_xcom.py for tasks to queue
[2024-05-24T05:53:26.678+0000] {logging_mixin.py:188} INFO - [2024-05-24T05:53:26.678+0000] {dagbag.py:545} INFO - Filling up the DagBag from /home/airflow/.local/lib/python3.12/site-packages/airflow/example_dags/example_xcom.py
[2024-05-24T05:53:26.681+0000] {processor.py:840} INFO - DAG(s) 'example_xcom' retrieved from /home/airflow/.local/lib/python3.12/site-packages/airflow/example_dags/example_xcom.py
[2024-05-24T05:53:26.688+0000] {logging_mixin.py:188} INFO - [2024-05-24T05:53:26.688+0000] {dag.py:3096} INFO - Sync 1 DAGs
[2024-05-24T05:53:26.696+0000] {logging_mixin.py:188} INFO - [2024-05-24T05:53:26.696+0000] {dag.py:3954} INFO - Setting next_dagrun for example_xcom to 2021-01-01 00:00:00+00:00, run_after=2021-01-01 00:00:00+00:00
[2024-05-24T05:53:26.703+0000] {processor.py:183} INFO - Processing /home/airflow/.local/lib/python3.12/site-packages/airflow/example_dags/example_xcom.py took 0.028 seconds
[2024-05-24T05:53:57.067+0000] {processor.py:161} INFO - Started process (PID=4825) to work on /home/airflow/.local/lib/python3.12/site-packages/airflow/example_dags/example_xcom.py
[2024-05-24T05:53:57.068+0000] {processor.py:830} INFO - Processing file /home/airflow/.local/lib/python3.12/site-packages/airflow/example_dags/example_xcom.py for tasks to queue
[2024-05-24T05:53:57.069+0000] {logging_mixin.py:188} INFO - [2024-05-24T05:53:57.069+0000] {dagbag.py:545} INFO - Filling up the DagBag from /home/airflow/.local/lib/python3.12/site-packages/airflow/example_dags/example_xcom.py
[2024-05-24T05:53:57.072+0000] {processor.py:840} INFO - DAG(s) 'example_xcom' retrieved from /home/airflow/.local/lib/python3.12/site-packages/airflow/example_dags/example_xcom.py
[2024-05-24T05:53:57.079+0000] {logging_mixin.py:188} INFO - [2024-05-24T05:53:57.079+0000] {dag.py:3096} INFO - Sync 1 DAGs
[2024-05-24T05:53:57.087+0000] {logging_mixin.py:188} INFO - [2024-05-24T05:53:57.086+0000] {dag.py:3954} INFO - Setting next_dagrun for example_xcom to 2021-01-01 00:00:00+00:00, run_after=2021-01-01 00:00:00+00:00
[2024-05-24T05:53:57.093+0000] {processor.py:183} INFO - Processing /home/airflow/.local/lib/python3.12/site-packages/airflow/example_dags/example_xcom.py took 0.028 seconds
[2024-05-24T05:54:27.402+0000] {processor.py:161} INFO - Started process (PID=5087) to work on /home/airflow/.local/lib/python3.12/site-packages/airflow/example_dags/example_xcom.py
[2024-05-24T05:54:27.403+0000] {processor.py:830} INFO - Processing file /home/airflow/.local/lib/python3.12/site-packages/airflow/example_dags/example_xcom.py for tasks to queue
[2024-05-24T05:54:27.404+0000] {logging_mixin.py:188} INFO - [2024-05-24T05:54:27.403+0000] {dagbag.py:545} INFO - Filling up the DagBag from /home/airflow/.local/lib/python3.12/site-packages/airflow/example_dags/example_xcom.py
[2024-05-24T05:54:27.407+0000] {processor.py:840} INFO - DAG(s) 'example_xcom' retrieved from /home/airflow/.local/lib/python3.12/site-packages/airflow/example_dags/example_xcom.py
[2024-05-24T05:54:27.416+0000] {logging_mixin.py:188} INFO - [2024-05-24T05:54:27.415+0000] {dag.py:3096} INFO - Sync 1 DAGs
[2024-05-24T05:54:27.424+0000] {logging_mixin.py:188} INFO - [2024-05-24T05:54:27.423+0000] {dag.py:3954} INFO - Setting next_dagrun for example_xcom to 2021-01-01 00:00:00+00:00, run_after=2021-01-01 00:00:00+00:00
[2024-05-24T05:54:27.430+0000] {processor.py:183} INFO - Processing /home/airflow/.local/lib/python3.12/site-packages/airflow/example_dags/example_xcom.py took 0.030 seconds
[2024-05-24T05:54:57.703+0000] {processor.py:161} INFO - Started process (PID=5349) to work on /home/airflow/.local/lib/python3.12/site-packages/airflow/example_dags/example_xcom.py
[2024-05-24T05:54:57.704+0000] {processor.py:830} INFO - Processing file /home/airflow/.local/lib/python3.12/site-packages/airflow/example_dags/example_xcom.py for tasks to queue
[2024-05-24T05:54:57.704+0000] {logging_mixin.py:188} INFO - [2024-05-24T05:54:57.704+0000] {dagbag.py:545} INFO - Filling up the DagBag from /home/airflow/.local/lib/python3.12/site-packages/airflow/example_dags/example_xcom.py
[2024-05-24T05:54:57.707+0000] {processor.py:840} INFO - DAG(s) 'example_xcom' retrieved from /home/airflow/.local/lib/python3.12/site-packages/airflow/example_dags/example_xcom.py
[2024-05-24T05:54:57.715+0000] {logging_mixin.py:188} INFO - [2024-05-24T05:54:57.715+0000] {dag.py:3096} INFO - Sync 1 DAGs
[2024-05-24T05:54:57.723+0000] {logging_mixin.py:188} INFO - [2024-05-24T05:54:57.723+0000] {dag.py:3954} INFO - Setting next_dagrun for example_xcom to 2021-01-01 00:00:00+00:00, run_after=2021-01-01 00:00:00+00:00
[2024-05-24T05:54:57.729+0000] {processor.py:183} INFO - Processing /home/airflow/.local/lib/python3.12/site-packages/airflow/example_dags/example_xcom.py took 0.028 seconds
[2024-05-24T05:55:28.080+0000] {processor.py:161} INFO - Started process (PID=5611) to work on /home/airflow/.local/lib/python3.12/site-packages/airflow/example_dags/example_xcom.py
[2024-05-24T05:55:28.080+0000] {processor.py:830} INFO - Processing file /home/airflow/.local/lib/python3.12/site-packages/airflow/example_dags/example_xcom.py for tasks to queue
[2024-05-24T05:55:28.081+0000] {logging_mixin.py:188} INFO - [2024-05-24T05:55:28.081+0000] {dagbag.py:545} INFO - Filling up the DagBag from /home/airflow/.local/lib/python3.12/site-packages/airflow/example_dags/example_xcom.py
[2024-05-24T05:55:28.084+0000] {processor.py:840} INFO - DAG(s) 'example_xcom' retrieved from /home/airflow/.local/lib/python3.12/site-packages/airflow/example_dags/example_xcom.py
[2024-05-24T05:55:28.091+0000] {logging_mixin.py:188} INFO - [2024-05-24T05:55:28.091+0000] {dag.py:3096} INFO - Sync 1 DAGs
[2024-05-24T05:55:28.099+0000] {logging_mixin.py:188} INFO - [2024-05-24T05:55:28.099+0000] {dag.py:3954} INFO - Setting next_dagrun for example_xcom to 2021-01-01 00:00:00+00:00, run_after=2021-01-01 00:00:00+00:00
[2024-05-24T05:55:28.105+0000] {processor.py:183} INFO - Processing /home/airflow/.local/lib/python3.12/site-packages/airflow/example_dags/example_xcom.py took 0.028 seconds
[2024-05-24T05:55:58.421+0000] {processor.py:161} INFO - Started process (PID=5873) to work on /home/airflow/.local/lib/python3.12/site-packages/airflow/example_dags/example_xcom.py
[2024-05-24T05:55:58.422+0000] {processor.py:830} INFO - Processing file /home/airflow/.local/lib/python3.12/site-packages/airflow/example_dags/example_xcom.py for tasks to queue
[2024-05-24T05:55:58.422+0000] {logging_mixin.py:188} INFO - [2024-05-24T05:55:58.422+0000] {dagbag.py:545} INFO - Filling up the DagBag from /home/airflow/.local/lib/python3.12/site-packages/airflow/example_dags/example_xcom.py
[2024-05-24T05:55:58.425+0000] {processor.py:840} INFO - DAG(s) 'example_xcom' retrieved from /home/airflow/.local/lib/python3.12/site-packages/airflow/example_dags/example_xcom.py
[2024-05-24T05:55:58.433+0000] {logging_mixin.py:188} INFO - [2024-05-24T05:55:58.433+0000] {dag.py:3096} INFO - Sync 1 DAGs
[2024-05-24T05:55:58.440+0000] {logging_mixin.py:188} INFO - [2024-05-24T05:55:58.440+0000] {dag.py:3954} INFO - Setting next_dagrun for example_xcom to 2021-01-01 00:00:00+00:00, run_after=2021-01-01 00:00:00+00:00
[2024-05-24T05:55:58.447+0000] {processor.py:183} INFO - Processing /home/airflow/.local/lib/python3.12/site-packages/airflow/example_dags/example_xcom.py took 0.028 seconds
[2024-05-24T05:56:28.758+0000] {processor.py:161} INFO - Started process (PID=6135) to work on /home/airflow/.local/lib/python3.12/site-packages/airflow/example_dags/example_xcom.py
[2024-05-24T05:56:28.758+0000] {processor.py:830} INFO - Processing file /home/airflow/.local/lib/python3.12/site-packages/airflow/example_dags/example_xcom.py for tasks to queue
[2024-05-24T05:56:28.759+0000] {logging_mixin.py:188} INFO - [2024-05-24T05:56:28.759+0000] {dagbag.py:545} INFO - Filling up the DagBag from /home/airflow/.local/lib/python3.12/site-packages/airflow/example_dags/example_xcom.py
[2024-05-24T05:56:28.762+0000] {processor.py:840} INFO - DAG(s) 'example_xcom' retrieved from /home/airflow/.local/lib/python3.12/site-packages/airflow/example_dags/example_xcom.py
[2024-05-24T05:56:28.771+0000] {logging_mixin.py:188} INFO - [2024-05-24T05:56:28.770+0000] {dag.py:3096} INFO - Sync 1 DAGs
[2024-05-24T05:56:28.779+0000] {logging_mixin.py:188} INFO - [2024-05-24T05:56:28.778+0000] {dag.py:3954} INFO - Setting next_dagrun for example_xcom to 2021-01-01 00:00:00+00:00, run_after=2021-01-01 00:00:00+00:00
[2024-05-24T05:56:28.785+0000] {processor.py:183} INFO - Processing /home/airflow/.local/lib/python3.12/site-packages/airflow/example_dags/example_xcom.py took 0.029 seconds
[2024-05-24T05:56:59.073+0000] {processor.py:161} INFO - Started process (PID=6397) to work on /home/airflow/.local/lib/python3.12/site-packages/airflow/example_dags/example_xcom.py
[2024-05-24T05:56:59.073+0000] {processor.py:830} INFO - Processing file /home/airflow/.local/lib/python3.12/site-packages/airflow/example_dags/example_xcom.py for tasks to queue
[2024-05-24T05:56:59.074+0000] {logging_mixin.py:188} INFO - [2024-05-24T05:56:59.074+0000] {dagbag.py:545} INFO - Filling up the DagBag from /home/airflow/.local/lib/python3.12/site-packages/airflow/example_dags/example_xcom.py
[2024-05-24T05:56:59.077+0000] {processor.py:840} INFO - DAG(s) 'example_xcom' retrieved from /home/airflow/.local/lib/python3.12/site-packages/airflow/example_dags/example_xcom.py
[2024-05-24T05:56:59.085+0000] {logging_mixin.py:188} INFO - [2024-05-24T05:56:59.085+0000] {dag.py:3096} INFO - Sync 1 DAGs
[2024-05-24T05:56:59.093+0000] {logging_mixin.py:188} INFO - [2024-05-24T05:56:59.093+0000] {dag.py:3954} INFO - Setting next_dagrun for example_xcom to 2021-01-01 00:00:00+00:00, run_after=2021-01-01 00:00:00+00:00
[2024-05-24T05:56:59.099+0000] {processor.py:183} INFO - Processing /home/airflow/.local/lib/python3.12/site-packages/airflow/example_dags/example_xcom.py took 0.029 seconds
[2024-05-24T05:57:29.397+0000] {processor.py:161} INFO - Started process (PID=6659) to work on /home/airflow/.local/lib/python3.12/site-packages/airflow/example_dags/example_xcom.py
[2024-05-24T05:57:29.398+0000] {processor.py:830} INFO - Processing file /home/airflow/.local/lib/python3.12/site-packages/airflow/example_dags/example_xcom.py for tasks to queue
[2024-05-24T05:57:29.399+0000] {logging_mixin.py:188} INFO - [2024-05-24T05:57:29.398+0000] {dagbag.py:545} INFO - Filling up the DagBag from /home/airflow/.local/lib/python3.12/site-packages/airflow/example_dags/example_xcom.py
[2024-05-24T05:57:29.402+0000] {processor.py:840} INFO - DAG(s) 'example_xcom' retrieved from /home/airflow/.local/lib/python3.12/site-packages/airflow/example_dags/example_xcom.py
[2024-05-24T05:57:29.410+0000] {logging_mixin.py:188} INFO - [2024-05-24T05:57:29.409+0000] {dag.py:3096} INFO - Sync 1 DAGs
[2024-05-24T05:57:29.417+0000] {logging_mixin.py:188} INFO - [2024-05-24T05:57:29.417+0000] {dag.py:3954} INFO - Setting next_dagrun for example_xcom to 2021-01-01 00:00:00+00:00, run_after=2021-01-01 00:00:00+00:00
[2024-05-24T05:57:29.423+0000] {processor.py:183} INFO - Processing /home/airflow/.local/lib/python3.12/site-packages/airflow/example_dags/example_xcom.py took 0.028 seconds
[2024-05-24T05:57:59.754+0000] {processor.py:161} INFO - Started process (PID=6921) to work on /home/airflow/.local/lib/python3.12/site-packages/airflow/example_dags/example_xcom.py
[2024-05-24T05:57:59.754+0000] {processor.py:830} INFO - Processing file /home/airflow/.local/lib/python3.12/site-packages/airflow/example_dags/example_xcom.py for tasks to queue
[2024-05-24T05:57:59.755+0000] {logging_mixin.py:188} INFO - [2024-05-24T05:57:59.755+0000] {dagbag.py:545} INFO - Filling up the DagBag from /home/airflow/.local/lib/python3.12/site-packages/airflow/example_dags/example_xcom.py
[2024-05-24T05:57:59.758+0000] {processor.py:840} INFO - DAG(s) 'example_xcom' retrieved from /home/airflow/.local/lib/python3.12/site-packages/airflow/example_dags/example_xcom.py
[2024-05-24T05:57:59.766+0000] {logging_mixin.py:188} INFO - [2024-05-24T05:57:59.766+0000] {dag.py:3096} INFO - Sync 1 DAGs
[2024-05-24T05:57:59.774+0000] {logging_mixin.py:188} INFO - [2024-05-24T05:57:59.774+0000] {dag.py:3954} INFO - Setting next_dagrun for example_xcom to 2021-01-01 00:00:00+00:00, run_after=2021-01-01 00:00:00+00:00
[2024-05-24T05:57:59.780+0000] {processor.py:183} INFO - Processing /home/airflow/.local/lib/python3.12/site-packages/airflow/example_dags/example_xcom.py took 0.028 seconds
[2024-05-24T05:58:30.133+0000] {processor.py:161} INFO - Started process (PID=7183) to work on /home/airflow/.local/lib/python3.12/site-packages/airflow/example_dags/example_xcom.py
[2024-05-24T05:58:30.133+0000] {processor.py:830} INFO - Processing file /home/airflow/.local/lib/python3.12/site-packages/airflow/example_dags/example_xcom.py for tasks to queue
[2024-05-24T05:58:30.134+0000] {logging_mixin.py:188} INFO - [2024-05-24T05:58:30.134+0000] {dagbag.py:545} INFO - Filling up the DagBag from /home/airflow/.local/lib/python3.12/site-packages/airflow/example_dags/example_xcom.py
[2024-05-24T05:58:30.137+0000] {processor.py:840} INFO - DAG(s) 'example_xcom' retrieved from /home/airflow/.local/lib/python3.12/site-packages/airflow/example_dags/example_xcom.py
[2024-05-24T05:58:30.144+0000] {logging_mixin.py:188} INFO - [2024-05-24T05:58:30.143+0000] {dag.py:3096} INFO - Sync 1 DAGs
[2024-05-24T05:58:30.150+0000] {logging_mixin.py:188} INFO - [2024-05-24T05:58:30.150+0000] {dag.py:3954} INFO - Setting next_dagrun for example_xcom to 2021-01-01 00:00:00+00:00, run_after=2021-01-01 00:00:00+00:00
[2024-05-24T05:58:30.157+0000] {processor.py:183} INFO - Processing /home/airflow/.local/lib/python3.12/site-packages/airflow/example_dags/example_xcom.py took 0.026 seconds
[2024-05-24T06:13:53.501+0000] {processor.py:161} INFO - Started process (PID=7445) to work on /home/airflow/.local/lib/python3.12/site-packages/airflow/example_dags/example_xcom.py
[2024-05-24T06:13:53.501+0000] {processor.py:830} INFO - Processing file /home/airflow/.local/lib/python3.12/site-packages/airflow/example_dags/example_xcom.py for tasks to queue
[2024-05-24T06:13:53.502+0000] {logging_mixin.py:188} INFO - [2024-05-24T06:13:53.502+0000] {dagbag.py:545} INFO - Filling up the DagBag from /home/airflow/.local/lib/python3.12/site-packages/airflow/example_dags/example_xcom.py
[2024-05-24T06:13:53.505+0000] {processor.py:840} INFO - DAG(s) 'example_xcom' retrieved from /home/airflow/.local/lib/python3.12/site-packages/airflow/example_dags/example_xcom.py
[2024-05-24T06:13:53.513+0000] {logging_mixin.py:188} INFO - [2024-05-24T06:13:53.513+0000] {dag.py:3096} INFO - Sync 1 DAGs
[2024-05-24T06:13:53.521+0000] {logging_mixin.py:188} INFO - [2024-05-24T06:13:53.520+0000] {dag.py:3954} INFO - Setting next_dagrun for example_xcom to 2021-01-01 00:00:00+00:00, run_after=2021-01-01 00:00:00+00:00
[2024-05-24T06:13:53.527+0000] {processor.py:183} INFO - Processing /home/airflow/.local/lib/python3.12/site-packages/airflow/example_dags/example_xcom.py took 0.028 seconds
[2024-05-24T06:26:10.358+0000] {processor.py:161} INFO - Started process (PID=7706) to work on /home/airflow/.local/lib/python3.12/site-packages/airflow/example_dags/example_xcom.py
[2024-05-24T06:26:10.358+0000] {processor.py:830} INFO - Processing file /home/airflow/.local/lib/python3.12/site-packages/airflow/example_dags/example_xcom.py for tasks to queue
[2024-05-24T06:26:10.359+0000] {logging_mixin.py:188} INFO - [2024-05-24T06:26:10.359+0000] {dagbag.py:545} INFO - Filling up the DagBag from /home/airflow/.local/lib/python3.12/site-packages/airflow/example_dags/example_xcom.py
[2024-05-24T06:26:10.362+0000] {processor.py:840} INFO - DAG(s) 'example_xcom' retrieved from /home/airflow/.local/lib/python3.12/site-packages/airflow/example_dags/example_xcom.py
[2024-05-24T06:26:10.370+0000] {logging_mixin.py:188} INFO - [2024-05-24T06:26:10.370+0000] {dag.py:3096} INFO - Sync 1 DAGs
[2024-05-24T06:26:10.377+0000] {logging_mixin.py:188} INFO - [2024-05-24T06:26:10.377+0000] {dag.py:3954} INFO - Setting next_dagrun for example_xcom to 2021-01-01 00:00:00+00:00, run_after=2021-01-01 00:00:00+00:00
[2024-05-24T06:26:10.384+0000] {processor.py:183} INFO - Processing /home/airflow/.local/lib/python3.12/site-packages/airflow/example_dags/example_xcom.py took 0.029 seconds
[2024-05-24T06:26:40.793+0000] {processor.py:161} INFO - Started process (PID=7967) to work on /home/airflow/.local/lib/python3.12/site-packages/airflow/example_dags/example_xcom.py
[2024-05-24T06:26:40.794+0000] {processor.py:830} INFO - Processing file /home/airflow/.local/lib/python3.12/site-packages/airflow/example_dags/example_xcom.py for tasks to queue
[2024-05-24T06:26:40.794+0000] {logging_mixin.py:188} INFO - [2024-05-24T06:26:40.794+0000] {dagbag.py:545} INFO - Filling up the DagBag from /home/airflow/.local/lib/python3.12/site-packages/airflow/example_dags/example_xcom.py
[2024-05-24T06:26:40.797+0000] {processor.py:840} INFO - DAG(s) 'example_xcom' retrieved from /home/airflow/.local/lib/python3.12/site-packages/airflow/example_dags/example_xcom.py
[2024-05-24T06:26:40.805+0000] {logging_mixin.py:188} INFO - [2024-05-24T06:26:40.804+0000] {dag.py:3096} INFO - Sync 1 DAGs
[2024-05-24T06:26:40.811+0000] {logging_mixin.py:188} INFO - [2024-05-24T06:26:40.811+0000] {dag.py:3954} INFO - Setting next_dagrun for example_xcom to 2021-01-01 00:00:00+00:00, run_after=2021-01-01 00:00:00+00:00
[2024-05-24T06:26:40.818+0000] {processor.py:183} INFO - Processing /home/airflow/.local/lib/python3.12/site-packages/airflow/example_dags/example_xcom.py took 0.027 seconds
[2024-05-24T06:27:11.231+0000] {processor.py:161} INFO - Started process (PID=8229) to work on /home/airflow/.local/lib/python3.12/site-packages/airflow/example_dags/example_xcom.py
[2024-05-24T06:27:11.232+0000] {processor.py:830} INFO - Processing file /home/airflow/.local/lib/python3.12/site-packages/airflow/example_dags/example_xcom.py for tasks to queue
[2024-05-24T06:27:11.232+0000] {logging_mixin.py:188} INFO - [2024-05-24T06:27:11.232+0000] {dagbag.py:545} INFO - Filling up the DagBag from /home/airflow/.local/lib/python3.12/site-packages/airflow/example_dags/example_xcom.py
[2024-05-24T06:27:11.235+0000] {processor.py:840} INFO - DAG(s) 'example_xcom' retrieved from /home/airflow/.local/lib/python3.12/site-packages/airflow/example_dags/example_xcom.py
[2024-05-24T06:27:11.243+0000] {logging_mixin.py:188} INFO - [2024-05-24T06:27:11.243+0000] {dag.py:3096} INFO - Sync 1 DAGs
[2024-05-24T06:27:11.251+0000] {logging_mixin.py:188} INFO - [2024-05-24T06:27:11.251+0000] {dag.py:3954} INFO - Setting next_dagrun for example_xcom to 2021-01-01 00:00:00+00:00, run_after=2021-01-01 00:00:00+00:00
[2024-05-24T06:27:11.257+0000] {processor.py:183} INFO - Processing /home/airflow/.local/lib/python3.12/site-packages/airflow/example_dags/example_xcom.py took 0.028 seconds
[2024-05-24T06:28:26.372+0000] {processor.py:161} INFO - Started process (PID=8491) to work on /home/airflow/.local/lib/python3.12/site-packages/airflow/example_dags/example_xcom.py
[2024-05-24T06:28:26.372+0000] {processor.py:830} INFO - Processing file /home/airflow/.local/lib/python3.12/site-packages/airflow/example_dags/example_xcom.py for tasks to queue
[2024-05-24T06:28:26.373+0000] {logging_mixin.py:188} INFO - [2024-05-24T06:28:26.373+0000] {dagbag.py:545} INFO - Filling up the DagBag from /home/airflow/.local/lib/python3.12/site-packages/airflow/example_dags/example_xcom.py
[2024-05-24T06:28:26.376+0000] {processor.py:840} INFO - DAG(s) 'example_xcom' retrieved from /home/airflow/.local/lib/python3.12/site-packages/airflow/example_dags/example_xcom.py
[2024-05-24T06:28:26.385+0000] {logging_mixin.py:188} INFO - [2024-05-24T06:28:26.385+0000] {dag.py:3096} INFO - Sync 1 DAGs
[2024-05-24T06:28:26.393+0000] {logging_mixin.py:188} INFO - [2024-05-24T06:28:26.393+0000] {dag.py:3954} INFO - Setting next_dagrun for example_xcom to 2021-01-01 00:00:00+00:00, run_after=2021-01-01 00:00:00+00:00
[2024-05-24T06:28:26.399+0000] {processor.py:183} INFO - Processing /home/airflow/.local/lib/python3.12/site-packages/airflow/example_dags/example_xcom.py took 0.030 seconds
[2024-05-24T06:28:56.728+0000] {processor.py:161} INFO - Started process (PID=8753) to work on /home/airflow/.local/lib/python3.12/site-packages/airflow/example_dags/example_xcom.py
[2024-05-24T06:28:56.728+0000] {processor.py:830} INFO - Processing file /home/airflow/.local/lib/python3.12/site-packages/airflow/example_dags/example_xcom.py for tasks to queue
[2024-05-24T06:28:56.729+0000] {logging_mixin.py:188} INFO - [2024-05-24T06:28:56.729+0000] {dagbag.py:545} INFO - Filling up the DagBag from /home/airflow/.local/lib/python3.12/site-packages/airflow/example_dags/example_xcom.py
[2024-05-24T06:28:56.732+0000] {processor.py:840} INFO - DAG(s) 'example_xcom' retrieved from /home/airflow/.local/lib/python3.12/site-packages/airflow/example_dags/example_xcom.py
[2024-05-24T06:28:56.740+0000] {logging_mixin.py:188} INFO - [2024-05-24T06:28:56.740+0000] {dag.py:3096} INFO - Sync 1 DAGs
[2024-05-24T06:28:56.747+0000] {logging_mixin.py:188} INFO - [2024-05-24T06:28:56.747+0000] {dag.py:3954} INFO - Setting next_dagrun for example_xcom to 2021-01-01 00:00:00+00:00, run_after=2021-01-01 00:00:00+00:00
[2024-05-24T06:28:56.753+0000] {processor.py:183} INFO - Processing /home/airflow/.local/lib/python3.12/site-packages/airflow/example_dags/example_xcom.py took 0.028 seconds
[2024-05-24T06:29:27.215+0000] {processor.py:161} INFO - Started process (PID=9015) to work on /home/airflow/.local/lib/python3.12/site-packages/airflow/example_dags/example_xcom.py
[2024-05-24T06:29:27.216+0000] {processor.py:830} INFO - Processing file /home/airflow/.local/lib/python3.12/site-packages/airflow/example_dags/example_xcom.py for tasks to queue
[2024-05-24T06:29:27.216+0000] {logging_mixin.py:188} INFO - [2024-05-24T06:29:27.216+0000] {dagbag.py:545} INFO - Filling up the DagBag from /home/airflow/.local/lib/python3.12/site-packages/airflow/example_dags/example_xcom.py
[2024-05-24T06:29:27.219+0000] {processor.py:840} INFO - DAG(s) 'example_xcom' retrieved from /home/airflow/.local/lib/python3.12/site-packages/airflow/example_dags/example_xcom.py
[2024-05-24T06:29:27.228+0000] {logging_mixin.py:188} INFO - [2024-05-24T06:29:27.227+0000] {dag.py:3096} INFO - Sync 1 DAGs
[2024-05-24T06:29:27.235+0000] {logging_mixin.py:188} INFO - [2024-05-24T06:29:27.235+0000] {dag.py:3954} INFO - Setting next_dagrun for example_xcom to 2021-01-01 00:00:00+00:00, run_after=2021-01-01 00:00:00+00:00
[2024-05-24T06:29:27.242+0000] {processor.py:183} INFO - Processing /home/airflow/.local/lib/python3.12/site-packages/airflow/example_dags/example_xcom.py took 0.029 seconds
[2024-05-24T06:29:57.586+0000] {processor.py:161} INFO - Started process (PID=9277) to work on /home/airflow/.local/lib/python3.12/site-packages/airflow/example_dags/example_xcom.py
[2024-05-24T06:29:57.587+0000] {processor.py:830} INFO - Processing file /home/airflow/.local/lib/python3.12/site-packages/airflow/example_dags/example_xcom.py for tasks to queue
[2024-05-24T06:29:57.587+0000] {logging_mixin.py:188} INFO - [2024-05-24T06:29:57.587+0000] {dagbag.py:545} INFO - Filling up the DagBag from /home/airflow/.local/lib/python3.12/site-packages/airflow/example_dags/example_xcom.py
[2024-05-24T06:29:57.590+0000] {processor.py:840} INFO - DAG(s) 'example_xcom' retrieved from /home/airflow/.local/lib/python3.12/site-packages/airflow/example_dags/example_xcom.py
[2024-05-24T06:29:57.598+0000] {logging_mixin.py:188} INFO - [2024-05-24T06:29:57.598+0000] {dag.py:3096} INFO - Sync 1 DAGs
[2024-05-24T06:29:57.605+0000] {logging_mixin.py:188} INFO - [2024-05-24T06:29:57.605+0000] {dag.py:3954} INFO - Setting next_dagrun for example_xcom to 2021-01-01 00:00:00+00:00, run_after=2021-01-01 00:00:00+00:00
[2024-05-24T06:29:57.613+0000] {processor.py:183} INFO - Processing /home/airflow/.local/lib/python3.12/site-packages/airflow/example_dags/example_xcom.py took 0.029 seconds
[2024-05-24T06:32:51.226+0000] {processor.py:161} INFO - Started process (PID=9539) to work on /home/airflow/.local/lib/python3.12/site-packages/airflow/example_dags/example_xcom.py
[2024-05-24T06:32:51.227+0000] {processor.py:830} INFO - Processing file /home/airflow/.local/lib/python3.12/site-packages/airflow/example_dags/example_xcom.py for tasks to queue
[2024-05-24T06:32:51.227+0000] {logging_mixin.py:188} INFO - [2024-05-24T06:32:51.227+0000] {dagbag.py:545} INFO - Filling up the DagBag from /home/airflow/.local/lib/python3.12/site-packages/airflow/example_dags/example_xcom.py
[2024-05-24T06:32:51.230+0000] {processor.py:840} INFO - DAG(s) 'example_xcom' retrieved from /home/airflow/.local/lib/python3.12/site-packages/airflow/example_dags/example_xcom.py
[2024-05-24T06:32:51.238+0000] {logging_mixin.py:188} INFO - [2024-05-24T06:32:51.238+0000] {dag.py:3096} INFO - Sync 1 DAGs
[2024-05-24T06:32:51.247+0000] {logging_mixin.py:188} INFO - [2024-05-24T06:32:51.247+0000] {dag.py:3954} INFO - Setting next_dagrun for example_xcom to 2021-01-01 00:00:00+00:00, run_after=2021-01-01 00:00:00+00:00
[2024-05-24T06:32:51.253+0000] {processor.py:183} INFO - Processing /home/airflow/.local/lib/python3.12/site-packages/airflow/example_dags/example_xcom.py took 0.029 seconds
[2024-05-24T06:34:34.413+0000] {processor.py:161} INFO - Started process (PID=9801) to work on /home/airflow/.local/lib/python3.12/site-packages/airflow/example_dags/example_xcom.py
[2024-05-24T06:34:34.414+0000] {processor.py:830} INFO - Processing file /home/airflow/.local/lib/python3.12/site-packages/airflow/example_dags/example_xcom.py for tasks to queue
[2024-05-24T06:34:34.414+0000] {logging_mixin.py:188} INFO - [2024-05-24T06:34:34.414+0000] {dagbag.py:545} INFO - Filling up the DagBag from /home/airflow/.local/lib/python3.12/site-packages/airflow/example_dags/example_xcom.py
[2024-05-24T06:34:34.418+0000] {processor.py:840} INFO - DAG(s) 'example_xcom' retrieved from /home/airflow/.local/lib/python3.12/site-packages/airflow/example_dags/example_xcom.py
[2024-05-24T06:34:34.426+0000] {logging_mixin.py:188} INFO - [2024-05-24T06:34:34.426+0000] {dag.py:3096} INFO - Sync 1 DAGs
[2024-05-24T06:34:34.433+0000] {logging_mixin.py:188} INFO - [2024-05-24T06:34:34.433+0000] {dag.py:3954} INFO - Setting next_dagrun for example_xcom to 2021-01-01 00:00:00+00:00, run_after=2021-01-01 00:00:00+00:00
[2024-05-24T06:34:34.440+0000] {processor.py:183} INFO - Processing /home/airflow/.local/lib/python3.12/site-packages/airflow/example_dags/example_xcom.py took 0.030 seconds
[2024-05-24T06:35:04.950+0000] {processor.py:161} INFO - Started process (PID=10063) to work on /home/airflow/.local/lib/python3.12/site-packages/airflow/example_dags/example_xcom.py
[2024-05-24T06:35:04.950+0000] {processor.py:830} INFO - Processing file /home/airflow/.local/lib/python3.12/site-packages/airflow/example_dags/example_xcom.py for tasks to queue
[2024-05-24T06:35:04.951+0000] {logging_mixin.py:188} INFO - [2024-05-24T06:35:04.951+0000] {dagbag.py:545} INFO - Filling up the DagBag from /home/airflow/.local/lib/python3.12/site-packages/airflow/example_dags/example_xcom.py
[2024-05-24T06:35:04.954+0000] {processor.py:840} INFO - DAG(s) 'example_xcom' retrieved from /home/airflow/.local/lib/python3.12/site-packages/airflow/example_dags/example_xcom.py
[2024-05-24T06:35:04.962+0000] {logging_mixin.py:188} INFO - [2024-05-24T06:35:04.962+0000] {dag.py:3096} INFO - Sync 1 DAGs
[2024-05-24T06:35:04.970+0000] {logging_mixin.py:188} INFO - [2024-05-24T06:35:04.970+0000] {dag.py:3954} INFO - Setting next_dagrun for example_xcom to 2021-01-01 00:00:00+00:00, run_after=2021-01-01 00:00:00+00:00
[2024-05-24T06:35:04.976+0000] {processor.py:183} INFO - Processing /home/airflow/.local/lib/python3.12/site-packages/airflow/example_dags/example_xcom.py took 0.029 seconds
[2024-05-24T06:50:34.664+0000] {processor.py:161} INFO - Started process (PID=10325) to work on /home/airflow/.local/lib/python3.12/site-packages/airflow/example_dags/example_xcom.py
[2024-05-24T06:50:34.664+0000] {processor.py:830} INFO - Processing file /home/airflow/.local/lib/python3.12/site-packages/airflow/example_dags/example_xcom.py for tasks to queue
[2024-05-24T06:50:34.665+0000] {logging_mixin.py:188} INFO - [2024-05-24T06:50:34.665+0000] {dagbag.py:545} INFO - Filling up the DagBag from /home/airflow/.local/lib/python3.12/site-packages/airflow/example_dags/example_xcom.py
[2024-05-24T06:50:34.668+0000] {processor.py:840} INFO - DAG(s) 'example_xcom' retrieved from /home/airflow/.local/lib/python3.12/site-packages/airflow/example_dags/example_xcom.py
[2024-05-24T06:50:34.675+0000] {logging_mixin.py:188} INFO - [2024-05-24T06:50:34.675+0000] {dag.py:3096} INFO - Sync 1 DAGs
[2024-05-24T06:50:34.683+0000] {logging_mixin.py:188} INFO - [2024-05-24T06:50:34.682+0000] {dag.py:3954} INFO - Setting next_dagrun for example_xcom to 2021-01-01 00:00:00+00:00, run_after=2021-01-01 00:00:00+00:00
[2024-05-24T06:50:34.689+0000] {processor.py:183} INFO - Processing /home/airflow/.local/lib/python3.12/site-packages/airflow/example_dags/example_xcom.py took 0.027 seconds
[2024-05-24T07:06:11.296+0000] {processor.py:161} INFO - Started process (PID=10589) to work on /home/airflow/.local/lib/python3.12/site-packages/airflow/example_dags/example_xcom.py
[2024-05-24T07:06:11.296+0000] {processor.py:830} INFO - Processing file /home/airflow/.local/lib/python3.12/site-packages/airflow/example_dags/example_xcom.py for tasks to queue
[2024-05-24T07:06:11.297+0000] {logging_mixin.py:188} INFO - [2024-05-24T07:06:11.297+0000] {dagbag.py:545} INFO - Filling up the DagBag from /home/airflow/.local/lib/python3.12/site-packages/airflow/example_dags/example_xcom.py
[2024-05-24T07:06:11.300+0000] {processor.py:840} INFO - DAG(s) 'example_xcom' retrieved from /home/airflow/.local/lib/python3.12/site-packages/airflow/example_dags/example_xcom.py
[2024-05-24T07:06:11.309+0000] {logging_mixin.py:188} INFO - [2024-05-24T07:06:11.308+0000] {dag.py:3096} INFO - Sync 1 DAGs
[2024-05-24T07:06:11.316+0000] {logging_mixin.py:188} INFO - [2024-05-24T07:06:11.316+0000] {dag.py:3954} INFO - Setting next_dagrun for example_xcom to 2021-01-01 00:00:00+00:00, run_after=2021-01-01 00:00:00+00:00
[2024-05-24T07:06:11.322+0000] {processor.py:183} INFO - Processing /home/airflow/.local/lib/python3.12/site-packages/airflow/example_dags/example_xcom.py took 0.028 seconds
[2024-05-24T07:30:09.532+0000] {processor.py:161} INFO - Started process (PID=10849) to work on /home/airflow/.local/lib/python3.12/site-packages/airflow/example_dags/example_xcom.py
[2024-05-24T07:30:09.532+0000] {processor.py:830} INFO - Processing file /home/airflow/.local/lib/python3.12/site-packages/airflow/example_dags/example_xcom.py for tasks to queue
[2024-05-24T07:30:09.533+0000] {logging_mixin.py:188} INFO - [2024-05-24T07:30:09.533+0000] {dagbag.py:545} INFO - Filling up the DagBag from /home/airflow/.local/lib/python3.12/site-packages/airflow/example_dags/example_xcom.py
[2024-05-24T07:30:09.536+0000] {processor.py:840} INFO - DAG(s) 'example_xcom' retrieved from /home/airflow/.local/lib/python3.12/site-packages/airflow/example_dags/example_xcom.py
[2024-05-24T07:30:09.545+0000] {logging_mixin.py:188} INFO - [2024-05-24T07:30:09.545+0000] {dag.py:3096} INFO - Sync 1 DAGs
[2024-05-24T07:30:09.553+0000] {logging_mixin.py:188} INFO - [2024-05-24T07:30:09.553+0000] {dag.py:3954} INFO - Setting next_dagrun for example_xcom to 2021-01-01 00:00:00+00:00, run_after=2021-01-01 00:00:00+00:00
[2024-05-24T07:30:09.560+0000] {processor.py:183} INFO - Processing /home/airflow/.local/lib/python3.12/site-packages/airflow/example_dags/example_xcom.py took 0.030 seconds
[2024-05-24T07:30:41.008+0000] {processor.py:161} INFO - Started process (PID=11111) to work on /home/airflow/.local/lib/python3.12/site-packages/airflow/example_dags/example_xcom.py
[2024-05-24T07:30:41.009+0000] {processor.py:830} INFO - Processing file /home/airflow/.local/lib/python3.12/site-packages/airflow/example_dags/example_xcom.py for tasks to queue
[2024-05-24T07:30:41.009+0000] {logging_mixin.py:188} INFO - [2024-05-24T07:30:41.009+0000] {dagbag.py:545} INFO - Filling up the DagBag from /home/airflow/.local/lib/python3.12/site-packages/airflow/example_dags/example_xcom.py
[2024-05-24T07:30:41.080+0000] {processor.py:840} INFO - DAG(s) 'example_xcom' retrieved from /home/airflow/.local/lib/python3.12/site-packages/airflow/example_dags/example_xcom.py
[2024-05-24T07:30:41.086+0000] {logging_mixin.py:188} INFO - [2024-05-24T07:30:41.086+0000] {dag.py:3096} INFO - Sync 1 DAGs
[2024-05-24T07:30:41.092+0000] {logging_mixin.py:188} INFO - [2024-05-24T07:30:41.092+0000] {dag.py:3954} INFO - Setting next_dagrun for example_xcom to 2021-01-01 00:00:00+00:00, run_after=2021-01-01 00:00:00+00:00
[2024-05-24T07:30:41.098+0000] {processor.py:183} INFO - Processing /home/airflow/.local/lib/python3.12/site-packages/airflow/example_dags/example_xcom.py took 0.092 seconds
[2024-05-24T07:31:11.625+0000] {processor.py:161} INFO - Started process (PID=11373) to work on /home/airflow/.local/lib/python3.12/site-packages/airflow/example_dags/example_xcom.py
[2024-05-24T07:31:11.625+0000] {processor.py:830} INFO - Processing file /home/airflow/.local/lib/python3.12/site-packages/airflow/example_dags/example_xcom.py for tasks to queue
[2024-05-24T07:31:11.626+0000] {logging_mixin.py:188} INFO - [2024-05-24T07:31:11.626+0000] {dagbag.py:545} INFO - Filling up the DagBag from /home/airflow/.local/lib/python3.12/site-packages/airflow/example_dags/example_xcom.py
[2024-05-24T07:31:11.628+0000] {processor.py:840} INFO - DAG(s) 'example_xcom' retrieved from /home/airflow/.local/lib/python3.12/site-packages/airflow/example_dags/example_xcom.py
[2024-05-24T07:31:11.636+0000] {logging_mixin.py:188} INFO - [2024-05-24T07:31:11.636+0000] {dag.py:3096} INFO - Sync 1 DAGs
[2024-05-24T07:31:11.644+0000] {logging_mixin.py:188} INFO - [2024-05-24T07:31:11.644+0000] {dag.py:3954} INFO - Setting next_dagrun for example_xcom to 2021-01-01 00:00:00+00:00, run_after=2021-01-01 00:00:00+00:00
[2024-05-24T07:31:11.650+0000] {processor.py:183} INFO - Processing /home/airflow/.local/lib/python3.12/site-packages/airflow/example_dags/example_xcom.py took 0.027 seconds
[2024-05-24T07:31:42.043+0000] {processor.py:161} INFO - Started process (PID=11635) to work on /home/airflow/.local/lib/python3.12/site-packages/airflow/example_dags/example_xcom.py
[2024-05-24T07:31:42.043+0000] {processor.py:830} INFO - Processing file /home/airflow/.local/lib/python3.12/site-packages/airflow/example_dags/example_xcom.py for tasks to queue
[2024-05-24T07:31:42.044+0000] {logging_mixin.py:188} INFO - [2024-05-24T07:31:42.044+0000] {dagbag.py:545} INFO - Filling up the DagBag from /home/airflow/.local/lib/python3.12/site-packages/airflow/example_dags/example_xcom.py
[2024-05-24T07:31:42.047+0000] {processor.py:840} INFO - DAG(s) 'example_xcom' retrieved from /home/airflow/.local/lib/python3.12/site-packages/airflow/example_dags/example_xcom.py
[2024-05-24T07:31:42.055+0000] {logging_mixin.py:188} INFO - [2024-05-24T07:31:42.055+0000] {dag.py:3096} INFO - Sync 1 DAGs
[2024-05-24T07:31:42.062+0000] {logging_mixin.py:188} INFO - [2024-05-24T07:31:42.062+0000] {dag.py:3954} INFO - Setting next_dagrun for example_xcom to 2021-01-01 00:00:00+00:00, run_after=2021-01-01 00:00:00+00:00
[2024-05-24T07:31:42.068+0000] {processor.py:183} INFO - Processing /home/airflow/.local/lib/python3.12/site-packages/airflow/example_dags/example_xcom.py took 0.028 seconds
[2024-05-24T07:32:12.411+0000] {processor.py:161} INFO - Started process (PID=11897) to work on /home/airflow/.local/lib/python3.12/site-packages/airflow/example_dags/example_xcom.py
[2024-05-24T07:32:12.411+0000] {processor.py:830} INFO - Processing file /home/airflow/.local/lib/python3.12/site-packages/airflow/example_dags/example_xcom.py for tasks to queue
[2024-05-24T07:32:12.412+0000] {logging_mixin.py:188} INFO - [2024-05-24T07:32:12.412+0000] {dagbag.py:545} INFO - Filling up the DagBag from /home/airflow/.local/lib/python3.12/site-packages/airflow/example_dags/example_xcom.py
[2024-05-24T07:32:12.415+0000] {processor.py:840} INFO - DAG(s) 'example_xcom' retrieved from /home/airflow/.local/lib/python3.12/site-packages/airflow/example_dags/example_xcom.py
[2024-05-24T07:32:12.422+0000] {logging_mixin.py:188} INFO - [2024-05-24T07:32:12.422+0000] {dag.py:3096} INFO - Sync 1 DAGs
[2024-05-24T07:32:12.429+0000] {logging_mixin.py:188} INFO - [2024-05-24T07:32:12.429+0000] {dag.py:3954} INFO - Setting next_dagrun for example_xcom to 2021-01-01 00:00:00+00:00, run_after=2021-01-01 00:00:00+00:00
[2024-05-24T07:32:12.435+0000] {processor.py:183} INFO - Processing /home/airflow/.local/lib/python3.12/site-packages/airflow/example_dags/example_xcom.py took 0.027 seconds
[2024-05-24T07:32:59.188+0000] {processor.py:161} INFO - Started process (PID=12159) to work on /home/airflow/.local/lib/python3.12/site-packages/airflow/example_dags/example_xcom.py
[2024-05-24T07:32:59.188+0000] {processor.py:830} INFO - Processing file /home/airflow/.local/lib/python3.12/site-packages/airflow/example_dags/example_xcom.py for tasks to queue
[2024-05-24T07:32:59.189+0000] {logging_mixin.py:188} INFO - [2024-05-24T07:32:59.189+0000] {dagbag.py:545} INFO - Filling up the DagBag from /home/airflow/.local/lib/python3.12/site-packages/airflow/example_dags/example_xcom.py
[2024-05-24T07:32:59.192+0000] {processor.py:840} INFO - DAG(s) 'example_xcom' retrieved from /home/airflow/.local/lib/python3.12/site-packages/airflow/example_dags/example_xcom.py
[2024-05-24T07:32:59.201+0000] {logging_mixin.py:188} INFO - [2024-05-24T07:32:59.201+0000] {dag.py:3096} INFO - Sync 1 DAGs
[2024-05-24T07:32:59.209+0000] {logging_mixin.py:188} INFO - [2024-05-24T07:32:59.209+0000] {dag.py:3954} INFO - Setting next_dagrun for example_xcom to 2021-01-01 00:00:00+00:00, run_after=2021-01-01 00:00:00+00:00
[2024-05-24T07:32:59.215+0000] {processor.py:183} INFO - Processing /home/airflow/.local/lib/python3.12/site-packages/airflow/example_dags/example_xcom.py took 0.030 seconds
[2024-05-24T07:33:29.556+0000] {processor.py:161} INFO - Started process (PID=12421) to work on /home/airflow/.local/lib/python3.12/site-packages/airflow/example_dags/example_xcom.py
[2024-05-24T07:33:29.557+0000] {processor.py:830} INFO - Processing file /home/airflow/.local/lib/python3.12/site-packages/airflow/example_dags/example_xcom.py for tasks to queue
[2024-05-24T07:33:29.558+0000] {logging_mixin.py:188} INFO - [2024-05-24T07:33:29.557+0000] {dagbag.py:545} INFO - Filling up the DagBag from /home/airflow/.local/lib/python3.12/site-packages/airflow/example_dags/example_xcom.py
[2024-05-24T07:33:29.561+0000] {processor.py:840} INFO - DAG(s) 'example_xcom' retrieved from /home/airflow/.local/lib/python3.12/site-packages/airflow/example_dags/example_xcom.py
[2024-05-24T07:33:29.569+0000] {logging_mixin.py:188} INFO - [2024-05-24T07:33:29.569+0000] {dag.py:3096} INFO - Sync 1 DAGs
[2024-05-24T07:33:29.578+0000] {logging_mixin.py:188} INFO - [2024-05-24T07:33:29.577+0000] {dag.py:3954} INFO - Setting next_dagrun for example_xcom to 2021-01-01 00:00:00+00:00, run_after=2021-01-01 00:00:00+00:00
[2024-05-24T07:33:29.584+0000] {processor.py:183} INFO - Processing /home/airflow/.local/lib/python3.12/site-packages/airflow/example_dags/example_xcom.py took 0.030 seconds
[2024-05-24T07:33:59.882+0000] {processor.py:161} INFO - Started process (PID=12683) to work on /home/airflow/.local/lib/python3.12/site-packages/airflow/example_dags/example_xcom.py
[2024-05-24T07:33:59.883+0000] {processor.py:830} INFO - Processing file /home/airflow/.local/lib/python3.12/site-packages/airflow/example_dags/example_xcom.py for tasks to queue
[2024-05-24T07:33:59.883+0000] {logging_mixin.py:188} INFO - [2024-05-24T07:33:59.883+0000] {dagbag.py:545} INFO - Filling up the DagBag from /home/airflow/.local/lib/python3.12/site-packages/airflow/example_dags/example_xcom.py
[2024-05-24T07:33:59.886+0000] {processor.py:840} INFO - DAG(s) 'example_xcom' retrieved from /home/airflow/.local/lib/python3.12/site-packages/airflow/example_dags/example_xcom.py
[2024-05-24T07:33:59.894+0000] {logging_mixin.py:188} INFO - [2024-05-24T07:33:59.894+0000] {dag.py:3096} INFO - Sync 1 DAGs
[2024-05-24T07:33:59.903+0000] {logging_mixin.py:188} INFO - [2024-05-24T07:33:59.903+0000] {dag.py:3954} INFO - Setting next_dagrun for example_xcom to 2021-01-01 00:00:00+00:00, run_after=2021-01-01 00:00:00+00:00
[2024-05-24T07:33:59.909+0000] {processor.py:183} INFO - Processing /home/airflow/.local/lib/python3.12/site-packages/airflow/example_dags/example_xcom.py took 0.029 seconds
[2024-05-24T07:34:30.386+0000] {processor.py:161} INFO - Started process (PID=12946) to work on /home/airflow/.local/lib/python3.12/site-packages/airflow/example_dags/example_xcom.py
[2024-05-24T07:34:30.386+0000] {processor.py:830} INFO - Processing file /home/airflow/.local/lib/python3.12/site-packages/airflow/example_dags/example_xcom.py for tasks to queue
[2024-05-24T07:34:30.387+0000] {logging_mixin.py:188} INFO - [2024-05-24T07:34:30.387+0000] {dagbag.py:545} INFO - Filling up the DagBag from /home/airflow/.local/lib/python3.12/site-packages/airflow/example_dags/example_xcom.py
[2024-05-24T07:34:30.390+0000] {processor.py:840} INFO - DAG(s) 'example_xcom' retrieved from /home/airflow/.local/lib/python3.12/site-packages/airflow/example_dags/example_xcom.py
[2024-05-24T07:34:30.398+0000] {logging_mixin.py:188} INFO - [2024-05-24T07:34:30.398+0000] {dag.py:3096} INFO - Sync 1 DAGs
[2024-05-24T07:34:30.406+0000] {logging_mixin.py:188} INFO - [2024-05-24T07:34:30.406+0000] {dag.py:3954} INFO - Setting next_dagrun for example_xcom to 2021-01-01 00:00:00+00:00, run_after=2021-01-01 00:00:00+00:00
[2024-05-24T07:34:30.412+0000] {processor.py:183} INFO - Processing /home/airflow/.local/lib/python3.12/site-packages/airflow/example_dags/example_xcom.py took 0.029 seconds
[2024-05-24T07:35:00.811+0000] {processor.py:161} INFO - Started process (PID=13206) to work on /home/airflow/.local/lib/python3.12/site-packages/airflow/example_dags/example_xcom.py
[2024-05-24T07:35:00.813+0000] {processor.py:830} INFO - Processing file /home/airflow/.local/lib/python3.12/site-packages/airflow/example_dags/example_xcom.py for tasks to queue
[2024-05-24T07:35:00.814+0000] {logging_mixin.py:188} INFO - [2024-05-24T07:35:00.814+0000] {dagbag.py:545} INFO - Filling up the DagBag from /home/airflow/.local/lib/python3.12/site-packages/airflow/example_dags/example_xcom.py
[2024-05-24T07:35:00.820+0000] {processor.py:840} INFO - DAG(s) 'example_xcom' retrieved from /home/airflow/.local/lib/python3.12/site-packages/airflow/example_dags/example_xcom.py
[2024-05-24T07:35:00.830+0000] {logging_mixin.py:188} INFO - [2024-05-24T07:35:00.830+0000] {dag.py:3096} INFO - Sync 1 DAGs
[2024-05-24T07:35:00.838+0000] {logging_mixin.py:188} INFO - [2024-05-24T07:35:00.837+0000] {dag.py:3954} INFO - Setting next_dagrun for example_xcom to 2021-01-01 00:00:00+00:00, run_after=2021-01-01 00:00:00+00:00
[2024-05-24T07:35:00.844+0000] {processor.py:183} INFO - Processing /home/airflow/.local/lib/python3.12/site-packages/airflow/example_dags/example_xcom.py took 0.036 seconds
[2024-05-24T07:35:31.168+0000] {processor.py:161} INFO - Started process (PID=13468) to work on /home/airflow/.local/lib/python3.12/site-packages/airflow/example_dags/example_xcom.py
[2024-05-24T07:35:31.169+0000] {processor.py:830} INFO - Processing file /home/airflow/.local/lib/python3.12/site-packages/airflow/example_dags/example_xcom.py for tasks to queue
[2024-05-24T07:35:31.169+0000] {logging_mixin.py:188} INFO - [2024-05-24T07:35:31.169+0000] {dagbag.py:545} INFO - Filling up the DagBag from /home/airflow/.local/lib/python3.12/site-packages/airflow/example_dags/example_xcom.py
[2024-05-24T07:35:31.172+0000] {processor.py:840} INFO - DAG(s) 'example_xcom' retrieved from /home/airflow/.local/lib/python3.12/site-packages/airflow/example_dags/example_xcom.py
[2024-05-24T07:35:31.181+0000] {logging_mixin.py:188} INFO - [2024-05-24T07:35:31.180+0000] {dag.py:3096} INFO - Sync 1 DAGs
[2024-05-24T07:35:31.189+0000] {logging_mixin.py:188} INFO - [2024-05-24T07:35:31.189+0000] {dag.py:3954} INFO - Setting next_dagrun for example_xcom to 2021-01-01 00:00:00+00:00, run_after=2021-01-01 00:00:00+00:00
[2024-05-24T07:35:31.195+0000] {processor.py:183} INFO - Processing /home/airflow/.local/lib/python3.12/site-packages/airflow/example_dags/example_xcom.py took 0.029 seconds
[2024-05-24T07:36:01.516+0000] {processor.py:161} INFO - Started process (PID=13730) to work on /home/airflow/.local/lib/python3.12/site-packages/airflow/example_dags/example_xcom.py
[2024-05-24T07:36:01.517+0000] {processor.py:830} INFO - Processing file /home/airflow/.local/lib/python3.12/site-packages/airflow/example_dags/example_xcom.py for tasks to queue
[2024-05-24T07:36:01.517+0000] {logging_mixin.py:188} INFO - [2024-05-24T07:36:01.517+0000] {dagbag.py:545} INFO - Filling up the DagBag from /home/airflow/.local/lib/python3.12/site-packages/airflow/example_dags/example_xcom.py
[2024-05-24T07:36:01.521+0000] {processor.py:840} INFO - DAG(s) 'example_xcom' retrieved from /home/airflow/.local/lib/python3.12/site-packages/airflow/example_dags/example_xcom.py
[2024-05-24T07:36:01.529+0000] {logging_mixin.py:188} INFO - [2024-05-24T07:36:01.529+0000] {dag.py:3096} INFO - Sync 1 DAGs
[2024-05-24T07:36:01.537+0000] {logging_mixin.py:188} INFO - [2024-05-24T07:36:01.537+0000] {dag.py:3954} INFO - Setting next_dagrun for example_xcom to 2021-01-01 00:00:00+00:00, run_after=2021-01-01 00:00:00+00:00
[2024-05-24T07:36:01.543+0000] {processor.py:183} INFO - Processing /home/airflow/.local/lib/python3.12/site-packages/airflow/example_dags/example_xcom.py took 0.029 seconds
[2024-05-24T07:36:32.000+0000] {processor.py:161} INFO - Started process (PID=13992) to work on /home/airflow/.local/lib/python3.12/site-packages/airflow/example_dags/example_xcom.py
[2024-05-24T07:36:32.000+0000] {processor.py:830} INFO - Processing file /home/airflow/.local/lib/python3.12/site-packages/airflow/example_dags/example_xcom.py for tasks to queue
[2024-05-24T07:36:32.001+0000] {logging_mixin.py:188} INFO - [2024-05-24T07:36:32.001+0000] {dagbag.py:545} INFO - Filling up the DagBag from /home/airflow/.local/lib/python3.12/site-packages/airflow/example_dags/example_xcom.py
[2024-05-24T07:36:32.004+0000] {processor.py:840} INFO - DAG(s) 'example_xcom' retrieved from /home/airflow/.local/lib/python3.12/site-packages/airflow/example_dags/example_xcom.py
[2024-05-24T07:36:32.012+0000] {logging_mixin.py:188} INFO - [2024-05-24T07:36:32.012+0000] {dag.py:3096} INFO - Sync 1 DAGs
[2024-05-24T07:36:32.020+0000] {logging_mixin.py:188} INFO - [2024-05-24T07:36:32.020+0000] {dag.py:3954} INFO - Setting next_dagrun for example_xcom to 2021-01-01 00:00:00+00:00, run_after=2021-01-01 00:00:00+00:00
[2024-05-24T07:36:32.027+0000] {processor.py:183} INFO - Processing /home/airflow/.local/lib/python3.12/site-packages/airflow/example_dags/example_xcom.py took 0.029 seconds
[2024-05-24T07:37:02.360+0000] {processor.py:161} INFO - Started process (PID=14254) to work on /home/airflow/.local/lib/python3.12/site-packages/airflow/example_dags/example_xcom.py
[2024-05-24T07:37:02.360+0000] {processor.py:830} INFO - Processing file /home/airflow/.local/lib/python3.12/site-packages/airflow/example_dags/example_xcom.py for tasks to queue
[2024-05-24T07:37:02.361+0000] {logging_mixin.py:188} INFO - [2024-05-24T07:37:02.361+0000] {dagbag.py:545} INFO - Filling up the DagBag from /home/airflow/.local/lib/python3.12/site-packages/airflow/example_dags/example_xcom.py
[2024-05-24T07:37:02.365+0000] {processor.py:840} INFO - DAG(s) 'example_xcom' retrieved from /home/airflow/.local/lib/python3.12/site-packages/airflow/example_dags/example_xcom.py
[2024-05-24T07:37:02.372+0000] {logging_mixin.py:188} INFO - [2024-05-24T07:37:02.372+0000] {dag.py:3096} INFO - Sync 1 DAGs
[2024-05-24T07:37:02.381+0000] {logging_mixin.py:188} INFO - [2024-05-24T07:37:02.381+0000] {dag.py:3954} INFO - Setting next_dagrun for example_xcom to 2021-01-01 00:00:00+00:00, run_after=2021-01-01 00:00:00+00:00
[2024-05-24T07:37:02.387+0000] {processor.py:183} INFO - Processing /home/airflow/.local/lib/python3.12/site-packages/airflow/example_dags/example_xcom.py took 0.030 seconds
[2024-05-24T07:37:32.838+0000] {processor.py:161} INFO - Started process (PID=14516) to work on /home/airflow/.local/lib/python3.12/site-packages/airflow/example_dags/example_xcom.py
[2024-05-24T07:37:32.838+0000] {processor.py:830} INFO - Processing file /home/airflow/.local/lib/python3.12/site-packages/airflow/example_dags/example_xcom.py for tasks to queue
[2024-05-24T07:37:32.839+0000] {logging_mixin.py:188} INFO - [2024-05-24T07:37:32.839+0000] {dagbag.py:545} INFO - Filling up the DagBag from /home/airflow/.local/lib/python3.12/site-packages/airflow/example_dags/example_xcom.py
[2024-05-24T07:37:32.842+0000] {processor.py:840} INFO - DAG(s) 'example_xcom' retrieved from /home/airflow/.local/lib/python3.12/site-packages/airflow/example_dags/example_xcom.py
[2024-05-24T07:37:32.850+0000] {logging_mixin.py:188} INFO - [2024-05-24T07:37:32.849+0000] {dag.py:3096} INFO - Sync 1 DAGs
[2024-05-24T07:37:32.858+0000] {logging_mixin.py:188} INFO - [2024-05-24T07:37:32.857+0000] {dag.py:3954} INFO - Setting next_dagrun for example_xcom to 2021-01-01 00:00:00+00:00, run_after=2021-01-01 00:00:00+00:00
[2024-05-24T07:37:32.864+0000] {processor.py:183} INFO - Processing /home/airflow/.local/lib/python3.12/site-packages/airflow/example_dags/example_xcom.py took 0.029 seconds
[2024-05-24T07:38:03.247+0000] {processor.py:161} INFO - Started process (PID=14778) to work on /home/airflow/.local/lib/python3.12/site-packages/airflow/example_dags/example_xcom.py
[2024-05-24T07:38:03.247+0000] {processor.py:830} INFO - Processing file /home/airflow/.local/lib/python3.12/site-packages/airflow/example_dags/example_xcom.py for tasks to queue
[2024-05-24T07:38:03.248+0000] {logging_mixin.py:188} INFO - [2024-05-24T07:38:03.248+0000] {dagbag.py:545} INFO - Filling up the DagBag from /home/airflow/.local/lib/python3.12/site-packages/airflow/example_dags/example_xcom.py
[2024-05-24T07:38:03.251+0000] {processor.py:840} INFO - DAG(s) 'example_xcom' retrieved from /home/airflow/.local/lib/python3.12/site-packages/airflow/example_dags/example_xcom.py
[2024-05-24T07:38:03.259+0000] {logging_mixin.py:188} INFO - [2024-05-24T07:38:03.259+0000] {dag.py:3096} INFO - Sync 1 DAGs
[2024-05-24T07:38:03.268+0000] {logging_mixin.py:188} INFO - [2024-05-24T07:38:03.268+0000] {dag.py:3954} INFO - Setting next_dagrun for example_xcom to 2021-01-01 00:00:00+00:00, run_after=2021-01-01 00:00:00+00:00
[2024-05-24T07:38:03.274+0000] {processor.py:183} INFO - Processing /home/airflow/.local/lib/python3.12/site-packages/airflow/example_dags/example_xcom.py took 0.030 seconds
[2024-05-24T07:38:33.582+0000] {processor.py:161} INFO - Started process (PID=15040) to work on /home/airflow/.local/lib/python3.12/site-packages/airflow/example_dags/example_xcom.py
[2024-05-24T07:38:33.582+0000] {processor.py:830} INFO - Processing file /home/airflow/.local/lib/python3.12/site-packages/airflow/example_dags/example_xcom.py for tasks to queue
[2024-05-24T07:38:33.583+0000] {logging_mixin.py:188} INFO - [2024-05-24T07:38:33.583+0000] {dagbag.py:545} INFO - Filling up the DagBag from /home/airflow/.local/lib/python3.12/site-packages/airflow/example_dags/example_xcom.py
[2024-05-24T07:38:33.586+0000] {processor.py:840} INFO - DAG(s) 'example_xcom' retrieved from /home/airflow/.local/lib/python3.12/site-packages/airflow/example_dags/example_xcom.py
[2024-05-24T07:38:33.594+0000] {logging_mixin.py:188} INFO - [2024-05-24T07:38:33.594+0000] {dag.py:3096} INFO - Sync 1 DAGs
[2024-05-24T07:38:33.602+0000] {logging_mixin.py:188} INFO - [2024-05-24T07:38:33.602+0000] {dag.py:3954} INFO - Setting next_dagrun for example_xcom to 2021-01-01 00:00:00+00:00, run_after=2021-01-01 00:00:00+00:00
[2024-05-24T07:38:33.608+0000] {processor.py:183} INFO - Processing /home/airflow/.local/lib/python3.12/site-packages/airflow/example_dags/example_xcom.py took 0.028 seconds
[2024-05-24T07:39:03.932+0000] {processor.py:161} INFO - Started process (PID=15302) to work on /home/airflow/.local/lib/python3.12/site-packages/airflow/example_dags/example_xcom.py
[2024-05-24T07:39:03.932+0000] {processor.py:830} INFO - Processing file /home/airflow/.local/lib/python3.12/site-packages/airflow/example_dags/example_xcom.py for tasks to queue
[2024-05-24T07:39:03.933+0000] {logging_mixin.py:188} INFO - [2024-05-24T07:39:03.933+0000] {dagbag.py:545} INFO - Filling up the DagBag from /home/airflow/.local/lib/python3.12/site-packages/airflow/example_dags/example_xcom.py
[2024-05-24T07:39:03.936+0000] {processor.py:840} INFO - DAG(s) 'example_xcom' retrieved from /home/airflow/.local/lib/python3.12/site-packages/airflow/example_dags/example_xcom.py
[2024-05-24T07:39:03.944+0000] {logging_mixin.py:188} INFO - [2024-05-24T07:39:03.944+0000] {dag.py:3096} INFO - Sync 1 DAGs
[2024-05-24T07:39:03.952+0000] {logging_mixin.py:188} INFO - [2024-05-24T07:39:03.951+0000] {dag.py:3954} INFO - Setting next_dagrun for example_xcom to 2021-01-01 00:00:00+00:00, run_after=2021-01-01 00:00:00+00:00
[2024-05-24T07:39:03.959+0000] {processor.py:183} INFO - Processing /home/airflow/.local/lib/python3.12/site-packages/airflow/example_dags/example_xcom.py took 0.029 seconds
[2024-05-24T07:39:34.262+0000] {processor.py:161} INFO - Started process (PID=15563) to work on /home/airflow/.local/lib/python3.12/site-packages/airflow/example_dags/example_xcom.py
[2024-05-24T07:39:34.263+0000] {processor.py:830} INFO - Processing file /home/airflow/.local/lib/python3.12/site-packages/airflow/example_dags/example_xcom.py for tasks to queue
[2024-05-24T07:39:34.264+0000] {logging_mixin.py:188} INFO - [2024-05-24T07:39:34.263+0000] {dagbag.py:545} INFO - Filling up the DagBag from /home/airflow/.local/lib/python3.12/site-packages/airflow/example_dags/example_xcom.py
[2024-05-24T07:39:34.266+0000] {processor.py:840} INFO - DAG(s) 'example_xcom' retrieved from /home/airflow/.local/lib/python3.12/site-packages/airflow/example_dags/example_xcom.py
[2024-05-24T07:39:34.274+0000] {logging_mixin.py:188} INFO - [2024-05-24T07:39:34.274+0000] {dag.py:3096} INFO - Sync 1 DAGs
[2024-05-24T07:39:34.282+0000] {logging_mixin.py:188} INFO - [2024-05-24T07:39:34.282+0000] {dag.py:3954} INFO - Setting next_dagrun for example_xcom to 2021-01-01 00:00:00+00:00, run_after=2021-01-01 00:00:00+00:00
[2024-05-24T07:39:34.288+0000] {processor.py:183} INFO - Processing /home/airflow/.local/lib/python3.12/site-packages/airflow/example_dags/example_xcom.py took 0.028 seconds
[2024-05-24T07:40:04.750+0000] {processor.py:161} INFO - Started process (PID=15825) to work on /home/airflow/.local/lib/python3.12/site-packages/airflow/example_dags/example_xcom.py
[2024-05-24T07:40:04.750+0000] {processor.py:830} INFO - Processing file /home/airflow/.local/lib/python3.12/site-packages/airflow/example_dags/example_xcom.py for tasks to queue
[2024-05-24T07:40:04.751+0000] {logging_mixin.py:188} INFO - [2024-05-24T07:40:04.751+0000] {dagbag.py:545} INFO - Filling up the DagBag from /home/airflow/.local/lib/python3.12/site-packages/airflow/example_dags/example_xcom.py
[2024-05-24T07:40:04.754+0000] {processor.py:840} INFO - DAG(s) 'example_xcom' retrieved from /home/airflow/.local/lib/python3.12/site-packages/airflow/example_dags/example_xcom.py
[2024-05-24T07:40:04.762+0000] {logging_mixin.py:188} INFO - [2024-05-24T07:40:04.762+0000] {dag.py:3096} INFO - Sync 1 DAGs
[2024-05-24T07:40:04.770+0000] {logging_mixin.py:188} INFO - [2024-05-24T07:40:04.770+0000] {dag.py:3954} INFO - Setting next_dagrun for example_xcom to 2021-01-01 00:00:00+00:00, run_after=2021-01-01 00:00:00+00:00
[2024-05-24T07:40:04.776+0000] {processor.py:183} INFO - Processing /home/airflow/.local/lib/python3.12/site-packages/airflow/example_dags/example_xcom.py took 0.029 seconds
[2024-05-24T07:40:35.208+0000] {processor.py:161} INFO - Started process (PID=16087) to work on /home/airflow/.local/lib/python3.12/site-packages/airflow/example_dags/example_xcom.py
[2024-05-24T07:40:35.209+0000] {processor.py:830} INFO - Processing file /home/airflow/.local/lib/python3.12/site-packages/airflow/example_dags/example_xcom.py for tasks to queue
[2024-05-24T07:40:35.209+0000] {logging_mixin.py:188} INFO - [2024-05-24T07:40:35.209+0000] {dagbag.py:545} INFO - Filling up the DagBag from /home/airflow/.local/lib/python3.12/site-packages/airflow/example_dags/example_xcom.py
[2024-05-24T07:40:35.212+0000] {processor.py:840} INFO - DAG(s) 'example_xcom' retrieved from /home/airflow/.local/lib/python3.12/site-packages/airflow/example_dags/example_xcom.py
[2024-05-24T07:40:35.220+0000] {logging_mixin.py:188} INFO - [2024-05-24T07:40:35.220+0000] {dag.py:3096} INFO - Sync 1 DAGs
[2024-05-24T07:40:35.229+0000] {logging_mixin.py:188} INFO - [2024-05-24T07:40:35.229+0000] {dag.py:3954} INFO - Setting next_dagrun for example_xcom to 2021-01-01 00:00:00+00:00, run_after=2021-01-01 00:00:00+00:00
[2024-05-24T07:40:35.235+0000] {processor.py:183} INFO - Processing /home/airflow/.local/lib/python3.12/site-packages/airflow/example_dags/example_xcom.py took 0.029 seconds
[2024-05-24T07:41:05.571+0000] {processor.py:161} INFO - Started process (PID=16349) to work on /home/airflow/.local/lib/python3.12/site-packages/airflow/example_dags/example_xcom.py
[2024-05-24T07:41:05.572+0000] {processor.py:830} INFO - Processing file /home/airflow/.local/lib/python3.12/site-packages/airflow/example_dags/example_xcom.py for tasks to queue
[2024-05-24T07:41:05.572+0000] {logging_mixin.py:188} INFO - [2024-05-24T07:41:05.572+0000] {dagbag.py:545} INFO - Filling up the DagBag from /home/airflow/.local/lib/python3.12/site-packages/airflow/example_dags/example_xcom.py
[2024-05-24T07:41:05.575+0000] {processor.py:840} INFO - DAG(s) 'example_xcom' retrieved from /home/airflow/.local/lib/python3.12/site-packages/airflow/example_dags/example_xcom.py
[2024-05-24T07:41:05.583+0000] {logging_mixin.py:188} INFO - [2024-05-24T07:41:05.583+0000] {dag.py:3096} INFO - Sync 1 DAGs
[2024-05-24T07:41:05.591+0000] {logging_mixin.py:188} INFO - [2024-05-24T07:41:05.591+0000] {dag.py:3954} INFO - Setting next_dagrun for example_xcom to 2021-01-01 00:00:00+00:00, run_after=2021-01-01 00:00:00+00:00
[2024-05-24T07:41:05.597+0000] {processor.py:183} INFO - Processing /home/airflow/.local/lib/python3.12/site-packages/airflow/example_dags/example_xcom.py took 0.028 seconds
[2024-05-24T07:41:35.902+0000] {processor.py:161} INFO - Started process (PID=16611) to work on /home/airflow/.local/lib/python3.12/site-packages/airflow/example_dags/example_xcom.py
[2024-05-24T07:41:35.902+0000] {processor.py:830} INFO - Processing file /home/airflow/.local/lib/python3.12/site-packages/airflow/example_dags/example_xcom.py for tasks to queue
[2024-05-24T07:41:35.903+0000] {logging_mixin.py:188} INFO - [2024-05-24T07:41:35.903+0000] {dagbag.py:545} INFO - Filling up the DagBag from /home/airflow/.local/lib/python3.12/site-packages/airflow/example_dags/example_xcom.py
[2024-05-24T07:41:35.906+0000] {processor.py:840} INFO - DAG(s) 'example_xcom' retrieved from /home/airflow/.local/lib/python3.12/site-packages/airflow/example_dags/example_xcom.py
[2024-05-24T07:41:35.913+0000] {logging_mixin.py:188} INFO - [2024-05-24T07:41:35.913+0000] {dag.py:3096} INFO - Sync 1 DAGs
[2024-05-24T07:41:35.921+0000] {logging_mixin.py:188} INFO - [2024-05-24T07:41:35.921+0000] {dag.py:3954} INFO - Setting next_dagrun for example_xcom to 2021-01-01 00:00:00+00:00, run_after=2021-01-01 00:00:00+00:00
[2024-05-24T07:41:35.927+0000] {processor.py:183} INFO - Processing /home/airflow/.local/lib/python3.12/site-packages/airflow/example_dags/example_xcom.py took 0.027 seconds
[2024-05-24T07:42:06.270+0000] {processor.py:161} INFO - Started process (PID=16873) to work on /home/airflow/.local/lib/python3.12/site-packages/airflow/example_dags/example_xcom.py
[2024-05-24T07:42:06.270+0000] {processor.py:830} INFO - Processing file /home/airflow/.local/lib/python3.12/site-packages/airflow/example_dags/example_xcom.py for tasks to queue
[2024-05-24T07:42:06.271+0000] {logging_mixin.py:188} INFO - [2024-05-24T07:42:06.271+0000] {dagbag.py:545} INFO - Filling up the DagBag from /home/airflow/.local/lib/python3.12/site-packages/airflow/example_dags/example_xcom.py
[2024-05-24T07:42:06.274+0000] {processor.py:840} INFO - DAG(s) 'example_xcom' retrieved from /home/airflow/.local/lib/python3.12/site-packages/airflow/example_dags/example_xcom.py
[2024-05-24T07:42:06.282+0000] {logging_mixin.py:188} INFO - [2024-05-24T07:42:06.282+0000] {dag.py:3096} INFO - Sync 1 DAGs
[2024-05-24T07:42:06.291+0000] {logging_mixin.py:188} INFO - [2024-05-24T07:42:06.291+0000] {dag.py:3954} INFO - Setting next_dagrun for example_xcom to 2021-01-01 00:00:00+00:00, run_after=2021-01-01 00:00:00+00:00
[2024-05-24T07:42:06.297+0000] {processor.py:183} INFO - Processing /home/airflow/.local/lib/python3.12/site-packages/airflow/example_dags/example_xcom.py took 0.030 seconds
[2024-05-24T07:42:36.720+0000] {processor.py:161} INFO - Started process (PID=17135) to work on /home/airflow/.local/lib/python3.12/site-packages/airflow/example_dags/example_xcom.py
[2024-05-24T07:42:36.720+0000] {processor.py:830} INFO - Processing file /home/airflow/.local/lib/python3.12/site-packages/airflow/example_dags/example_xcom.py for tasks to queue
[2024-05-24T07:42:36.721+0000] {logging_mixin.py:188} INFO - [2024-05-24T07:42:36.721+0000] {dagbag.py:545} INFO - Filling up the DagBag from /home/airflow/.local/lib/python3.12/site-packages/airflow/example_dags/example_xcom.py
[2024-05-24T07:42:36.724+0000] {processor.py:840} INFO - DAG(s) 'example_xcom' retrieved from /home/airflow/.local/lib/python3.12/site-packages/airflow/example_dags/example_xcom.py
[2024-05-24T07:42:36.732+0000] {logging_mixin.py:188} INFO - [2024-05-24T07:42:36.732+0000] {dag.py:3096} INFO - Sync 1 DAGs
[2024-05-24T07:42:36.739+0000] {logging_mixin.py:188} INFO - [2024-05-24T07:42:36.739+0000] {dag.py:3954} INFO - Setting next_dagrun for example_xcom to 2021-01-01 00:00:00+00:00, run_after=2021-01-01 00:00:00+00:00
[2024-05-24T07:42:36.745+0000] {processor.py:183} INFO - Processing /home/airflow/.local/lib/python3.12/site-packages/airflow/example_dags/example_xcom.py took 0.028 seconds
[2024-05-24T07:43:07.107+0000] {processor.py:161} INFO - Started process (PID=17397) to work on /home/airflow/.local/lib/python3.12/site-packages/airflow/example_dags/example_xcom.py
[2024-05-24T07:43:07.107+0000] {processor.py:830} INFO - Processing file /home/airflow/.local/lib/python3.12/site-packages/airflow/example_dags/example_xcom.py for tasks to queue
[2024-05-24T07:43:07.108+0000] {logging_mixin.py:188} INFO - [2024-05-24T07:43:07.108+0000] {dagbag.py:545} INFO - Filling up the DagBag from /home/airflow/.local/lib/python3.12/site-packages/airflow/example_dags/example_xcom.py
[2024-05-24T07:43:07.111+0000] {processor.py:840} INFO - DAG(s) 'example_xcom' retrieved from /home/airflow/.local/lib/python3.12/site-packages/airflow/example_dags/example_xcom.py
[2024-05-24T07:43:07.119+0000] {logging_mixin.py:188} INFO - [2024-05-24T07:43:07.119+0000] {dag.py:3096} INFO - Sync 1 DAGs
[2024-05-24T07:43:07.126+0000] {logging_mixin.py:188} INFO - [2024-05-24T07:43:07.126+0000] {dag.py:3954} INFO - Setting next_dagrun for example_xcom to 2021-01-01 00:00:00+00:00, run_after=2021-01-01 00:00:00+00:00
[2024-05-24T07:43:07.132+0000] {processor.py:183} INFO - Processing /home/airflow/.local/lib/python3.12/site-packages/airflow/example_dags/example_xcom.py took 0.027 seconds
[2024-05-24T07:43:37.460+0000] {processor.py:161} INFO - Started process (PID=17659) to work on /home/airflow/.local/lib/python3.12/site-packages/airflow/example_dags/example_xcom.py
[2024-05-24T07:43:37.461+0000] {processor.py:830} INFO - Processing file /home/airflow/.local/lib/python3.12/site-packages/airflow/example_dags/example_xcom.py for tasks to queue
[2024-05-24T07:43:37.462+0000] {logging_mixin.py:188} INFO - [2024-05-24T07:43:37.462+0000] {dagbag.py:545} INFO - Filling up the DagBag from /home/airflow/.local/lib/python3.12/site-packages/airflow/example_dags/example_xcom.py
[2024-05-24T07:43:37.465+0000] {processor.py:840} INFO - DAG(s) 'example_xcom' retrieved from /home/airflow/.local/lib/python3.12/site-packages/airflow/example_dags/example_xcom.py
[2024-05-24T07:43:37.473+0000] {logging_mixin.py:188} INFO - [2024-05-24T07:43:37.473+0000] {dag.py:3096} INFO - Sync 1 DAGs
[2024-05-24T07:43:37.481+0000] {logging_mixin.py:188} INFO - [2024-05-24T07:43:37.481+0000] {dag.py:3954} INFO - Setting next_dagrun for example_xcom to 2021-01-01 00:00:00+00:00, run_after=2021-01-01 00:00:00+00:00
[2024-05-24T07:43:37.489+0000] {processor.py:183} INFO - Processing /home/airflow/.local/lib/python3.12/site-packages/airflow/example_dags/example_xcom.py took 0.031 seconds
[2024-05-24T07:44:07.806+0000] {processor.py:161} INFO - Started process (PID=17921) to work on /home/airflow/.local/lib/python3.12/site-packages/airflow/example_dags/example_xcom.py
[2024-05-24T07:44:07.806+0000] {processor.py:830} INFO - Processing file /home/airflow/.local/lib/python3.12/site-packages/airflow/example_dags/example_xcom.py for tasks to queue
[2024-05-24T07:44:07.807+0000] {logging_mixin.py:188} INFO - [2024-05-24T07:44:07.807+0000] {dagbag.py:545} INFO - Filling up the DagBag from /home/airflow/.local/lib/python3.12/site-packages/airflow/example_dags/example_xcom.py
[2024-05-24T07:44:07.810+0000] {processor.py:840} INFO - DAG(s) 'example_xcom' retrieved from /home/airflow/.local/lib/python3.12/site-packages/airflow/example_dags/example_xcom.py
[2024-05-24T07:44:07.818+0000] {logging_mixin.py:188} INFO - [2024-05-24T07:44:07.818+0000] {dag.py:3096} INFO - Sync 1 DAGs
[2024-05-24T07:44:07.827+0000] {logging_mixin.py:188} INFO - [2024-05-24T07:44:07.827+0000] {dag.py:3954} INFO - Setting next_dagrun for example_xcom to 2021-01-01 00:00:00+00:00, run_after=2021-01-01 00:00:00+00:00
[2024-05-24T07:44:07.833+0000] {processor.py:183} INFO - Processing /home/airflow/.local/lib/python3.12/site-packages/airflow/example_dags/example_xcom.py took 0.029 seconds
[2024-05-24T07:44:38.152+0000] {processor.py:161} INFO - Started process (PID=18185) to work on /home/airflow/.local/lib/python3.12/site-packages/airflow/example_dags/example_xcom.py
[2024-05-24T07:44:38.152+0000] {processor.py:830} INFO - Processing file /home/airflow/.local/lib/python3.12/site-packages/airflow/example_dags/example_xcom.py for tasks to queue
[2024-05-24T07:44:38.153+0000] {logging_mixin.py:188} INFO - [2024-05-24T07:44:38.153+0000] {dagbag.py:545} INFO - Filling up the DagBag from /home/airflow/.local/lib/python3.12/site-packages/airflow/example_dags/example_xcom.py
[2024-05-24T07:44:38.156+0000] {processor.py:840} INFO - DAG(s) 'example_xcom' retrieved from /home/airflow/.local/lib/python3.12/site-packages/airflow/example_dags/example_xcom.py
[2024-05-24T07:44:38.164+0000] {logging_mixin.py:188} INFO - [2024-05-24T07:44:38.164+0000] {dag.py:3096} INFO - Sync 1 DAGs
[2024-05-24T07:44:38.172+0000] {logging_mixin.py:188} INFO - [2024-05-24T07:44:38.172+0000] {dag.py:3954} INFO - Setting next_dagrun for example_xcom to 2021-01-01 00:00:00+00:00, run_after=2021-01-01 00:00:00+00:00
[2024-05-24T07:44:38.178+0000] {processor.py:183} INFO - Processing /home/airflow/.local/lib/python3.12/site-packages/airflow/example_dags/example_xcom.py took 0.029 seconds
