[2024-05-24T05:45:20.754+0000] {processor.py:161} INFO - Started process (PID=336) to work on /home/airflow/.local/lib/python3.12/site-packages/airflow/example_dags/example_sensors.py
[2024-05-24T05:45:20.755+0000] {processor.py:830} INFO - Processing file /home/airflow/.local/lib/python3.12/site-packages/airflow/example_dags/example_sensors.py for tasks to queue
[2024-05-24T05:45:20.756+0000] {logging_mixin.py:188} INFO - [2024-05-24T05:45:20.756+0000] {dagbag.py:545} INFO - Filling up the DagBag from /home/airflow/.local/lib/python3.12/site-packages/airflow/example_dags/example_sensors.py
[2024-05-24T05:45:20.760+0000] {processor.py:840} INFO - DAG(s) 'example_sensors' retrieved from /home/airflow/.local/lib/python3.12/site-packages/airflow/example_dags/example_sensors.py
[2024-05-24T05:45:20.765+0000] {logging_mixin.py:188} INFO - [2024-05-24T05:45:20.765+0000] {dag.py:3096} INFO - Sync 1 DAGs
[2024-05-24T05:45:20.770+0000] {logging_mixin.py:188} INFO - [2024-05-24T05:45:20.770+0000] {dag.py:3954} INFO - Setting next_dagrun for example_sensors to None, run_after=None
[2024-05-24T05:45:20.777+0000] {processor.py:183} INFO - Processing /home/airflow/.local/lib/python3.12/site-packages/airflow/example_dags/example_sensors.py took 0.025 seconds
[2024-05-24T05:45:51.248+0000] {processor.py:161} INFO - Started process (PID=598) to work on /home/airflow/.local/lib/python3.12/site-packages/airflow/example_dags/example_sensors.py
[2024-05-24T05:45:51.249+0000] {processor.py:830} INFO - Processing file /home/airflow/.local/lib/python3.12/site-packages/airflow/example_dags/example_sensors.py for tasks to queue
[2024-05-24T05:45:51.249+0000] {logging_mixin.py:188} INFO - [2024-05-24T05:45:51.249+0000] {dagbag.py:545} INFO - Filling up the DagBag from /home/airflow/.local/lib/python3.12/site-packages/airflow/example_dags/example_sensors.py
[2024-05-24T05:45:51.253+0000] {processor.py:840} INFO - DAG(s) 'example_sensors' retrieved from /home/airflow/.local/lib/python3.12/site-packages/airflow/example_dags/example_sensors.py
[2024-05-24T05:45:51.293+0000] {logging_mixin.py:188} INFO - [2024-05-24T05:45:51.293+0000] {dag.py:3096} INFO - Sync 1 DAGs
[2024-05-24T05:45:51.296+0000] {logging_mixin.py:188} INFO - [2024-05-24T05:45:51.296+0000] {dag.py:3954} INFO - Setting next_dagrun for example_sensors to None, run_after=None
[2024-05-24T05:45:51.304+0000] {processor.py:183} INFO - Processing /home/airflow/.local/lib/python3.12/site-packages/airflow/example_dags/example_sensors.py took 0.058 seconds
[2024-05-24T05:46:21.928+0000] {processor.py:161} INFO - Started process (PID=860) to work on /home/airflow/.local/lib/python3.12/site-packages/airflow/example_dags/example_sensors.py
[2024-05-24T05:46:21.928+0000] {processor.py:830} INFO - Processing file /home/airflow/.local/lib/python3.12/site-packages/airflow/example_dags/example_sensors.py for tasks to queue
[2024-05-24T05:46:21.929+0000] {logging_mixin.py:188} INFO - [2024-05-24T05:46:21.929+0000] {dagbag.py:545} INFO - Filling up the DagBag from /home/airflow/.local/lib/python3.12/site-packages/airflow/example_dags/example_sensors.py
[2024-05-24T05:46:21.932+0000] {processor.py:840} INFO - DAG(s) 'example_sensors' retrieved from /home/airflow/.local/lib/python3.12/site-packages/airflow/example_dags/example_sensors.py
[2024-05-24T05:46:21.942+0000] {logging_mixin.py:188} INFO - [2024-05-24T05:46:21.942+0000] {dag.py:3096} INFO - Sync 1 DAGs
[2024-05-24T05:46:21.947+0000] {logging_mixin.py:188} INFO - [2024-05-24T05:46:21.947+0000] {dag.py:3954} INFO - Setting next_dagrun for example_sensors to None, run_after=None
[2024-05-24T05:46:21.953+0000] {processor.py:183} INFO - Processing /home/airflow/.local/lib/python3.12/site-packages/airflow/example_dags/example_sensors.py took 0.028 seconds
[2024-05-24T05:46:52.240+0000] {processor.py:161} INFO - Started process (PID=1122) to work on /home/airflow/.local/lib/python3.12/site-packages/airflow/example_dags/example_sensors.py
[2024-05-24T05:46:52.240+0000] {processor.py:830} INFO - Processing file /home/airflow/.local/lib/python3.12/site-packages/airflow/example_dags/example_sensors.py for tasks to queue
[2024-05-24T05:46:52.241+0000] {logging_mixin.py:188} INFO - [2024-05-24T05:46:52.241+0000] {dagbag.py:545} INFO - Filling up the DagBag from /home/airflow/.local/lib/python3.12/site-packages/airflow/example_dags/example_sensors.py
[2024-05-24T05:46:52.244+0000] {processor.py:840} INFO - DAG(s) 'example_sensors' retrieved from /home/airflow/.local/lib/python3.12/site-packages/airflow/example_dags/example_sensors.py
[2024-05-24T05:46:52.254+0000] {logging_mixin.py:188} INFO - [2024-05-24T05:46:52.254+0000] {dag.py:3096} INFO - Sync 1 DAGs
[2024-05-24T05:46:52.259+0000] {logging_mixin.py:188} INFO - [2024-05-24T05:46:52.259+0000] {dag.py:3954} INFO - Setting next_dagrun for example_sensors to None, run_after=None
[2024-05-24T05:46:52.265+0000] {processor.py:183} INFO - Processing /home/airflow/.local/lib/python3.12/site-packages/airflow/example_dags/example_sensors.py took 0.028 seconds
[2024-05-24T05:47:22.569+0000] {processor.py:161} INFO - Started process (PID=1384) to work on /home/airflow/.local/lib/python3.12/site-packages/airflow/example_dags/example_sensors.py
[2024-05-24T05:47:22.569+0000] {processor.py:830} INFO - Processing file /home/airflow/.local/lib/python3.12/site-packages/airflow/example_dags/example_sensors.py for tasks to queue
[2024-05-24T05:47:22.570+0000] {logging_mixin.py:188} INFO - [2024-05-24T05:47:22.570+0000] {dagbag.py:545} INFO - Filling up the DagBag from /home/airflow/.local/lib/python3.12/site-packages/airflow/example_dags/example_sensors.py
[2024-05-24T05:47:22.574+0000] {processor.py:840} INFO - DAG(s) 'example_sensors' retrieved from /home/airflow/.local/lib/python3.12/site-packages/airflow/example_dags/example_sensors.py
[2024-05-24T05:47:22.583+0000] {logging_mixin.py:188} INFO - [2024-05-24T05:47:22.583+0000] {dag.py:3096} INFO - Sync 1 DAGs
[2024-05-24T05:47:22.588+0000] {logging_mixin.py:188} INFO - [2024-05-24T05:47:22.588+0000] {dag.py:3954} INFO - Setting next_dagrun for example_sensors to None, run_after=None
[2024-05-24T05:47:22.594+0000] {processor.py:183} INFO - Processing /home/airflow/.local/lib/python3.12/site-packages/airflow/example_dags/example_sensors.py took 0.027 seconds
[2024-05-24T05:47:52.948+0000] {processor.py:161} INFO - Started process (PID=1646) to work on /home/airflow/.local/lib/python3.12/site-packages/airflow/example_dags/example_sensors.py
[2024-05-24T05:47:52.948+0000] {processor.py:830} INFO - Processing file /home/airflow/.local/lib/python3.12/site-packages/airflow/example_dags/example_sensors.py for tasks to queue
[2024-05-24T05:47:52.949+0000] {logging_mixin.py:188} INFO - [2024-05-24T05:47:52.949+0000] {dagbag.py:545} INFO - Filling up the DagBag from /home/airflow/.local/lib/python3.12/site-packages/airflow/example_dags/example_sensors.py
[2024-05-24T05:47:52.953+0000] {processor.py:840} INFO - DAG(s) 'example_sensors' retrieved from /home/airflow/.local/lib/python3.12/site-packages/airflow/example_dags/example_sensors.py
[2024-05-24T05:47:52.962+0000] {logging_mixin.py:188} INFO - [2024-05-24T05:47:52.962+0000] {dag.py:3096} INFO - Sync 1 DAGs
[2024-05-24T05:47:52.966+0000] {logging_mixin.py:188} INFO - [2024-05-24T05:47:52.966+0000] {dag.py:3954} INFO - Setting next_dagrun for example_sensors to None, run_after=None
[2024-05-24T05:47:52.973+0000] {processor.py:183} INFO - Processing /home/airflow/.local/lib/python3.12/site-packages/airflow/example_dags/example_sensors.py took 0.028 seconds
[2024-05-24T05:48:23.302+0000] {processor.py:161} INFO - Started process (PID=1908) to work on /home/airflow/.local/lib/python3.12/site-packages/airflow/example_dags/example_sensors.py
[2024-05-24T05:48:23.302+0000] {processor.py:830} INFO - Processing file /home/airflow/.local/lib/python3.12/site-packages/airflow/example_dags/example_sensors.py for tasks to queue
[2024-05-24T05:48:23.303+0000] {logging_mixin.py:188} INFO - [2024-05-24T05:48:23.303+0000] {dagbag.py:545} INFO - Filling up the DagBag from /home/airflow/.local/lib/python3.12/site-packages/airflow/example_dags/example_sensors.py
[2024-05-24T05:48:23.306+0000] {processor.py:840} INFO - DAG(s) 'example_sensors' retrieved from /home/airflow/.local/lib/python3.12/site-packages/airflow/example_dags/example_sensors.py
[2024-05-24T05:48:23.315+0000] {logging_mixin.py:188} INFO - [2024-05-24T05:48:23.315+0000] {dag.py:3096} INFO - Sync 1 DAGs
[2024-05-24T05:48:23.320+0000] {logging_mixin.py:188} INFO - [2024-05-24T05:48:23.320+0000] {dag.py:3954} INFO - Setting next_dagrun for example_sensors to None, run_after=None
[2024-05-24T05:48:23.326+0000] {processor.py:183} INFO - Processing /home/airflow/.local/lib/python3.12/site-packages/airflow/example_dags/example_sensors.py took 0.027 seconds
[2024-05-24T05:48:53.594+0000] {processor.py:161} INFO - Started process (PID=2170) to work on /home/airflow/.local/lib/python3.12/site-packages/airflow/example_dags/example_sensors.py
[2024-05-24T05:48:53.595+0000] {processor.py:830} INFO - Processing file /home/airflow/.local/lib/python3.12/site-packages/airflow/example_dags/example_sensors.py for tasks to queue
[2024-05-24T05:48:53.595+0000] {logging_mixin.py:188} INFO - [2024-05-24T05:48:53.595+0000] {dagbag.py:545} INFO - Filling up the DagBag from /home/airflow/.local/lib/python3.12/site-packages/airflow/example_dags/example_sensors.py
[2024-05-24T05:48:53.598+0000] {processor.py:840} INFO - DAG(s) 'example_sensors' retrieved from /home/airflow/.local/lib/python3.12/site-packages/airflow/example_dags/example_sensors.py
[2024-05-24T05:48:53.608+0000] {logging_mixin.py:188} INFO - [2024-05-24T05:48:53.608+0000] {dag.py:3096} INFO - Sync 1 DAGs
[2024-05-24T05:48:53.613+0000] {logging_mixin.py:188} INFO - [2024-05-24T05:48:53.613+0000] {dag.py:3954} INFO - Setting next_dagrun for example_sensors to None, run_after=None
[2024-05-24T05:48:53.619+0000] {processor.py:183} INFO - Processing /home/airflow/.local/lib/python3.12/site-packages/airflow/example_dags/example_sensors.py took 0.027 seconds
[2024-05-24T05:49:23.924+0000] {processor.py:161} INFO - Started process (PID=2432) to work on /home/airflow/.local/lib/python3.12/site-packages/airflow/example_dags/example_sensors.py
[2024-05-24T05:49:23.924+0000] {processor.py:830} INFO - Processing file /home/airflow/.local/lib/python3.12/site-packages/airflow/example_dags/example_sensors.py for tasks to queue
[2024-05-24T05:49:23.925+0000] {logging_mixin.py:188} INFO - [2024-05-24T05:49:23.925+0000] {dagbag.py:545} INFO - Filling up the DagBag from /home/airflow/.local/lib/python3.12/site-packages/airflow/example_dags/example_sensors.py
[2024-05-24T05:49:23.929+0000] {processor.py:840} INFO - DAG(s) 'example_sensors' retrieved from /home/airflow/.local/lib/python3.12/site-packages/airflow/example_dags/example_sensors.py
[2024-05-24T05:49:23.939+0000] {logging_mixin.py:188} INFO - [2024-05-24T05:49:23.939+0000] {dag.py:3096} INFO - Sync 1 DAGs
[2024-05-24T05:49:23.943+0000] {logging_mixin.py:188} INFO - [2024-05-24T05:49:23.943+0000] {dag.py:3954} INFO - Setting next_dagrun for example_sensors to None, run_after=None
[2024-05-24T05:49:23.949+0000] {processor.py:183} INFO - Processing /home/airflow/.local/lib/python3.12/site-packages/airflow/example_dags/example_sensors.py took 0.027 seconds
[2024-05-24T05:49:54.209+0000] {processor.py:161} INFO - Started process (PID=2694) to work on /home/airflow/.local/lib/python3.12/site-packages/airflow/example_dags/example_sensors.py
[2024-05-24T05:49:54.209+0000] {processor.py:830} INFO - Processing file /home/airflow/.local/lib/python3.12/site-packages/airflow/example_dags/example_sensors.py for tasks to queue
[2024-05-24T05:49:54.210+0000] {logging_mixin.py:188} INFO - [2024-05-24T05:49:54.210+0000] {dagbag.py:545} INFO - Filling up the DagBag from /home/airflow/.local/lib/python3.12/site-packages/airflow/example_dags/example_sensors.py
[2024-05-24T05:49:54.213+0000] {processor.py:840} INFO - DAG(s) 'example_sensors' retrieved from /home/airflow/.local/lib/python3.12/site-packages/airflow/example_dags/example_sensors.py
[2024-05-24T05:49:54.225+0000] {logging_mixin.py:188} INFO - [2024-05-24T05:49:54.225+0000] {dag.py:3096} INFO - Sync 1 DAGs
[2024-05-24T05:49:54.230+0000] {logging_mixin.py:188} INFO - [2024-05-24T05:49:54.230+0000] {dag.py:3954} INFO - Setting next_dagrun for example_sensors to None, run_after=None
[2024-05-24T05:49:54.237+0000] {processor.py:183} INFO - Processing /home/airflow/.local/lib/python3.12/site-packages/airflow/example_dags/example_sensors.py took 0.031 seconds
[2024-05-24T05:50:24.634+0000] {processor.py:161} INFO - Started process (PID=2956) to work on /home/airflow/.local/lib/python3.12/site-packages/airflow/example_dags/example_sensors.py
[2024-05-24T05:50:24.635+0000] {processor.py:830} INFO - Processing file /home/airflow/.local/lib/python3.12/site-packages/airflow/example_dags/example_sensors.py for tasks to queue
[2024-05-24T05:50:24.635+0000] {logging_mixin.py:188} INFO - [2024-05-24T05:50:24.635+0000] {dagbag.py:545} INFO - Filling up the DagBag from /home/airflow/.local/lib/python3.12/site-packages/airflow/example_dags/example_sensors.py
[2024-05-24T05:50:24.639+0000] {processor.py:840} INFO - DAG(s) 'example_sensors' retrieved from /home/airflow/.local/lib/python3.12/site-packages/airflow/example_dags/example_sensors.py
[2024-05-24T05:50:24.649+0000] {logging_mixin.py:188} INFO - [2024-05-24T05:50:24.649+0000] {dag.py:3096} INFO - Sync 1 DAGs
[2024-05-24T05:50:24.654+0000] {logging_mixin.py:188} INFO - [2024-05-24T05:50:24.654+0000] {dag.py:3954} INFO - Setting next_dagrun for example_sensors to None, run_after=None
[2024-05-24T05:50:24.660+0000] {processor.py:183} INFO - Processing /home/airflow/.local/lib/python3.12/site-packages/airflow/example_dags/example_sensors.py took 0.028 seconds
[2024-05-24T05:50:54.940+0000] {processor.py:161} INFO - Started process (PID=3218) to work on /home/airflow/.local/lib/python3.12/site-packages/airflow/example_dags/example_sensors.py
[2024-05-24T05:50:54.941+0000] {processor.py:830} INFO - Processing file /home/airflow/.local/lib/python3.12/site-packages/airflow/example_dags/example_sensors.py for tasks to queue
[2024-05-24T05:50:54.942+0000] {logging_mixin.py:188} INFO - [2024-05-24T05:50:54.941+0000] {dagbag.py:545} INFO - Filling up the DagBag from /home/airflow/.local/lib/python3.12/site-packages/airflow/example_dags/example_sensors.py
[2024-05-24T05:50:54.945+0000] {processor.py:840} INFO - DAG(s) 'example_sensors' retrieved from /home/airflow/.local/lib/python3.12/site-packages/airflow/example_dags/example_sensors.py
[2024-05-24T05:50:54.955+0000] {logging_mixin.py:188} INFO - [2024-05-24T05:50:54.955+0000] {dag.py:3096} INFO - Sync 1 DAGs
[2024-05-24T05:50:54.960+0000] {logging_mixin.py:188} INFO - [2024-05-24T05:50:54.960+0000] {dag.py:3954} INFO - Setting next_dagrun for example_sensors to None, run_after=None
[2024-05-24T05:50:54.966+0000] {processor.py:183} INFO - Processing /home/airflow/.local/lib/python3.12/site-packages/airflow/example_dags/example_sensors.py took 0.028 seconds
[2024-05-24T05:51:25.279+0000] {processor.py:161} INFO - Started process (PID=3480) to work on /home/airflow/.local/lib/python3.12/site-packages/airflow/example_dags/example_sensors.py
[2024-05-24T05:51:25.280+0000] {processor.py:830} INFO - Processing file /home/airflow/.local/lib/python3.12/site-packages/airflow/example_dags/example_sensors.py for tasks to queue
[2024-05-24T05:51:25.280+0000] {logging_mixin.py:188} INFO - [2024-05-24T05:51:25.280+0000] {dagbag.py:545} INFO - Filling up the DagBag from /home/airflow/.local/lib/python3.12/site-packages/airflow/example_dags/example_sensors.py
[2024-05-24T05:51:25.284+0000] {processor.py:840} INFO - DAG(s) 'example_sensors' retrieved from /home/airflow/.local/lib/python3.12/site-packages/airflow/example_dags/example_sensors.py
[2024-05-24T05:51:25.293+0000] {logging_mixin.py:188} INFO - [2024-05-24T05:51:25.293+0000] {dag.py:3096} INFO - Sync 1 DAGs
[2024-05-24T05:51:25.298+0000] {logging_mixin.py:188} INFO - [2024-05-24T05:51:25.298+0000] {dag.py:3954} INFO - Setting next_dagrun for example_sensors to None, run_after=None
[2024-05-24T05:51:25.304+0000] {processor.py:183} INFO - Processing /home/airflow/.local/lib/python3.12/site-packages/airflow/example_dags/example_sensors.py took 0.027 seconds
[2024-05-24T05:51:55.584+0000] {processor.py:161} INFO - Started process (PID=3742) to work on /home/airflow/.local/lib/python3.12/site-packages/airflow/example_dags/example_sensors.py
[2024-05-24T05:51:55.585+0000] {processor.py:830} INFO - Processing file /home/airflow/.local/lib/python3.12/site-packages/airflow/example_dags/example_sensors.py for tasks to queue
[2024-05-24T05:51:55.585+0000] {logging_mixin.py:188} INFO - [2024-05-24T05:51:55.585+0000] {dagbag.py:545} INFO - Filling up the DagBag from /home/airflow/.local/lib/python3.12/site-packages/airflow/example_dags/example_sensors.py
[2024-05-24T05:51:55.589+0000] {processor.py:840} INFO - DAG(s) 'example_sensors' retrieved from /home/airflow/.local/lib/python3.12/site-packages/airflow/example_dags/example_sensors.py
[2024-05-24T05:51:55.598+0000] {logging_mixin.py:188} INFO - [2024-05-24T05:51:55.598+0000] {dag.py:3096} INFO - Sync 1 DAGs
[2024-05-24T05:51:55.603+0000] {logging_mixin.py:188} INFO - [2024-05-24T05:51:55.603+0000] {dag.py:3954} INFO - Setting next_dagrun for example_sensors to None, run_after=None
[2024-05-24T05:51:55.610+0000] {processor.py:183} INFO - Processing /home/airflow/.local/lib/python3.12/site-packages/airflow/example_dags/example_sensors.py took 0.028 seconds
[2024-05-24T05:52:25.877+0000] {processor.py:161} INFO - Started process (PID=4004) to work on /home/airflow/.local/lib/python3.12/site-packages/airflow/example_dags/example_sensors.py
[2024-05-24T05:52:25.878+0000] {processor.py:830} INFO - Processing file /home/airflow/.local/lib/python3.12/site-packages/airflow/example_dags/example_sensors.py for tasks to queue
[2024-05-24T05:52:25.878+0000] {logging_mixin.py:188} INFO - [2024-05-24T05:52:25.878+0000] {dagbag.py:545} INFO - Filling up the DagBag from /home/airflow/.local/lib/python3.12/site-packages/airflow/example_dags/example_sensors.py
[2024-05-24T05:52:25.882+0000] {processor.py:840} INFO - DAG(s) 'example_sensors' retrieved from /home/airflow/.local/lib/python3.12/site-packages/airflow/example_dags/example_sensors.py
[2024-05-24T05:52:25.891+0000] {logging_mixin.py:188} INFO - [2024-05-24T05:52:25.891+0000] {dag.py:3096} INFO - Sync 1 DAGs
[2024-05-24T05:52:25.896+0000] {logging_mixin.py:188} INFO - [2024-05-24T05:52:25.896+0000] {dag.py:3954} INFO - Setting next_dagrun for example_sensors to None, run_after=None
[2024-05-24T05:52:25.902+0000] {processor.py:183} INFO - Processing /home/airflow/.local/lib/python3.12/site-packages/airflow/example_dags/example_sensors.py took 0.027 seconds
[2024-05-24T05:52:56.184+0000] {processor.py:161} INFO - Started process (PID=4266) to work on /home/airflow/.local/lib/python3.12/site-packages/airflow/example_dags/example_sensors.py
[2024-05-24T05:52:56.185+0000] {processor.py:830} INFO - Processing file /home/airflow/.local/lib/python3.12/site-packages/airflow/example_dags/example_sensors.py for tasks to queue
[2024-05-24T05:52:56.185+0000] {logging_mixin.py:188} INFO - [2024-05-24T05:52:56.185+0000] {dagbag.py:545} INFO - Filling up the DagBag from /home/airflow/.local/lib/python3.12/site-packages/airflow/example_dags/example_sensors.py
[2024-05-24T05:52:56.189+0000] {processor.py:840} INFO - DAG(s) 'example_sensors' retrieved from /home/airflow/.local/lib/python3.12/site-packages/airflow/example_dags/example_sensors.py
[2024-05-24T05:52:56.198+0000] {logging_mixin.py:188} INFO - [2024-05-24T05:52:56.198+0000] {dag.py:3096} INFO - Sync 1 DAGs
[2024-05-24T05:52:56.202+0000] {logging_mixin.py:188} INFO - [2024-05-24T05:52:56.202+0000] {dag.py:3954} INFO - Setting next_dagrun for example_sensors to None, run_after=None
[2024-05-24T05:52:56.209+0000] {processor.py:183} INFO - Processing /home/airflow/.local/lib/python3.12/site-packages/airflow/example_dags/example_sensors.py took 0.027 seconds
[2024-05-24T05:53:26.634+0000] {processor.py:161} INFO - Started process (PID=4528) to work on /home/airflow/.local/lib/python3.12/site-packages/airflow/example_dags/example_sensors.py
[2024-05-24T05:53:26.634+0000] {processor.py:830} INFO - Processing file /home/airflow/.local/lib/python3.12/site-packages/airflow/example_dags/example_sensors.py for tasks to queue
[2024-05-24T05:53:26.635+0000] {logging_mixin.py:188} INFO - [2024-05-24T05:53:26.635+0000] {dagbag.py:545} INFO - Filling up the DagBag from /home/airflow/.local/lib/python3.12/site-packages/airflow/example_dags/example_sensors.py
[2024-05-24T05:53:26.638+0000] {processor.py:840} INFO - DAG(s) 'example_sensors' retrieved from /home/airflow/.local/lib/python3.12/site-packages/airflow/example_dags/example_sensors.py
[2024-05-24T05:53:26.648+0000] {logging_mixin.py:188} INFO - [2024-05-24T05:53:26.648+0000] {dag.py:3096} INFO - Sync 1 DAGs
[2024-05-24T05:53:26.653+0000] {logging_mixin.py:188} INFO - [2024-05-24T05:53:26.653+0000] {dag.py:3954} INFO - Setting next_dagrun for example_sensors to None, run_after=None
[2024-05-24T05:53:26.659+0000] {processor.py:183} INFO - Processing /home/airflow/.local/lib/python3.12/site-packages/airflow/example_dags/example_sensors.py took 0.028 seconds
[2024-05-24T05:53:57.031+0000] {processor.py:161} INFO - Started process (PID=4815) to work on /home/airflow/.local/lib/python3.12/site-packages/airflow/example_dags/example_sensors.py
[2024-05-24T05:53:57.031+0000] {processor.py:830} INFO - Processing file /home/airflow/.local/lib/python3.12/site-packages/airflow/example_dags/example_sensors.py for tasks to queue
[2024-05-24T05:53:57.032+0000] {logging_mixin.py:188} INFO - [2024-05-24T05:53:57.032+0000] {dagbag.py:545} INFO - Filling up the DagBag from /home/airflow/.local/lib/python3.12/site-packages/airflow/example_dags/example_sensors.py
[2024-05-24T05:53:57.036+0000] {processor.py:840} INFO - DAG(s) 'example_sensors' retrieved from /home/airflow/.local/lib/python3.12/site-packages/airflow/example_dags/example_sensors.py
[2024-05-24T05:53:57.045+0000] {logging_mixin.py:188} INFO - [2024-05-24T05:53:57.045+0000] {dag.py:3096} INFO - Sync 1 DAGs
[2024-05-24T05:53:57.050+0000] {logging_mixin.py:188} INFO - [2024-05-24T05:53:57.050+0000] {dag.py:3954} INFO - Setting next_dagrun for example_sensors to None, run_after=None
[2024-05-24T05:53:57.056+0000] {processor.py:183} INFO - Processing /home/airflow/.local/lib/python3.12/site-packages/airflow/example_dags/example_sensors.py took 0.028 seconds
[2024-05-24T05:54:27.366+0000] {processor.py:161} INFO - Started process (PID=5077) to work on /home/airflow/.local/lib/python3.12/site-packages/airflow/example_dags/example_sensors.py
[2024-05-24T05:54:27.367+0000] {processor.py:830} INFO - Processing file /home/airflow/.local/lib/python3.12/site-packages/airflow/example_dags/example_sensors.py for tasks to queue
[2024-05-24T05:54:27.367+0000] {logging_mixin.py:188} INFO - [2024-05-24T05:54:27.367+0000] {dagbag.py:545} INFO - Filling up the DagBag from /home/airflow/.local/lib/python3.12/site-packages/airflow/example_dags/example_sensors.py
[2024-05-24T05:54:27.371+0000] {processor.py:840} INFO - DAG(s) 'example_sensors' retrieved from /home/airflow/.local/lib/python3.12/site-packages/airflow/example_dags/example_sensors.py
[2024-05-24T05:54:27.381+0000] {logging_mixin.py:188} INFO - [2024-05-24T05:54:27.381+0000] {dag.py:3096} INFO - Sync 1 DAGs
[2024-05-24T05:54:27.385+0000] {logging_mixin.py:188} INFO - [2024-05-24T05:54:27.385+0000] {dag.py:3954} INFO - Setting next_dagrun for example_sensors to None, run_after=None
[2024-05-24T05:54:27.391+0000] {processor.py:183} INFO - Processing /home/airflow/.local/lib/python3.12/site-packages/airflow/example_dags/example_sensors.py took 0.028 seconds
[2024-05-24T05:54:57.668+0000] {processor.py:161} INFO - Started process (PID=5339) to work on /home/airflow/.local/lib/python3.12/site-packages/airflow/example_dags/example_sensors.py
[2024-05-24T05:54:57.668+0000] {processor.py:830} INFO - Processing file /home/airflow/.local/lib/python3.12/site-packages/airflow/example_dags/example_sensors.py for tasks to queue
[2024-05-24T05:54:57.669+0000] {logging_mixin.py:188} INFO - [2024-05-24T05:54:57.669+0000] {dagbag.py:545} INFO - Filling up the DagBag from /home/airflow/.local/lib/python3.12/site-packages/airflow/example_dags/example_sensors.py
[2024-05-24T05:54:57.673+0000] {processor.py:840} INFO - DAG(s) 'example_sensors' retrieved from /home/airflow/.local/lib/python3.12/site-packages/airflow/example_dags/example_sensors.py
[2024-05-24T05:54:57.682+0000] {logging_mixin.py:188} INFO - [2024-05-24T05:54:57.682+0000] {dag.py:3096} INFO - Sync 1 DAGs
[2024-05-24T05:54:57.687+0000] {logging_mixin.py:188} INFO - [2024-05-24T05:54:57.687+0000] {dag.py:3954} INFO - Setting next_dagrun for example_sensors to None, run_after=None
[2024-05-24T05:54:57.693+0000] {processor.py:183} INFO - Processing /home/airflow/.local/lib/python3.12/site-packages/airflow/example_dags/example_sensors.py took 0.027 seconds
[2024-05-24T05:55:28.045+0000] {processor.py:161} INFO - Started process (PID=5601) to work on /home/airflow/.local/lib/python3.12/site-packages/airflow/example_dags/example_sensors.py
[2024-05-24T05:55:28.045+0000] {processor.py:830} INFO - Processing file /home/airflow/.local/lib/python3.12/site-packages/airflow/example_dags/example_sensors.py for tasks to queue
[2024-05-24T05:55:28.046+0000] {logging_mixin.py:188} INFO - [2024-05-24T05:55:28.046+0000] {dagbag.py:545} INFO - Filling up the DagBag from /home/airflow/.local/lib/python3.12/site-packages/airflow/example_dags/example_sensors.py
[2024-05-24T05:55:28.049+0000] {processor.py:840} INFO - DAG(s) 'example_sensors' retrieved from /home/airflow/.local/lib/python3.12/site-packages/airflow/example_dags/example_sensors.py
[2024-05-24T05:55:28.058+0000] {logging_mixin.py:188} INFO - [2024-05-24T05:55:28.058+0000] {dag.py:3096} INFO - Sync 1 DAGs
[2024-05-24T05:55:28.063+0000] {logging_mixin.py:188} INFO - [2024-05-24T05:55:28.063+0000] {dag.py:3954} INFO - Setting next_dagrun for example_sensors to None, run_after=None
[2024-05-24T05:55:28.069+0000] {processor.py:183} INFO - Processing /home/airflow/.local/lib/python3.12/site-packages/airflow/example_dags/example_sensors.py took 0.027 seconds
[2024-05-24T05:55:58.385+0000] {processor.py:161} INFO - Started process (PID=5863) to work on /home/airflow/.local/lib/python3.12/site-packages/airflow/example_dags/example_sensors.py
[2024-05-24T05:55:58.386+0000] {processor.py:830} INFO - Processing file /home/airflow/.local/lib/python3.12/site-packages/airflow/example_dags/example_sensors.py for tasks to queue
[2024-05-24T05:55:58.386+0000] {logging_mixin.py:188} INFO - [2024-05-24T05:55:58.386+0000] {dagbag.py:545} INFO - Filling up the DagBag from /home/airflow/.local/lib/python3.12/site-packages/airflow/example_dags/example_sensors.py
[2024-05-24T05:55:58.390+0000] {processor.py:840} INFO - DAG(s) 'example_sensors' retrieved from /home/airflow/.local/lib/python3.12/site-packages/airflow/example_dags/example_sensors.py
[2024-05-24T05:55:58.399+0000] {logging_mixin.py:188} INFO - [2024-05-24T05:55:58.399+0000] {dag.py:3096} INFO - Sync 1 DAGs
[2024-05-24T05:55:58.404+0000] {logging_mixin.py:188} INFO - [2024-05-24T05:55:58.404+0000] {dag.py:3954} INFO - Setting next_dagrun for example_sensors to None, run_after=None
[2024-05-24T05:55:58.410+0000] {processor.py:183} INFO - Processing /home/airflow/.local/lib/python3.12/site-packages/airflow/example_dags/example_sensors.py took 0.027 seconds
[2024-05-24T05:56:28.722+0000] {processor.py:161} INFO - Started process (PID=6125) to work on /home/airflow/.local/lib/python3.12/site-packages/airflow/example_dags/example_sensors.py
[2024-05-24T05:56:28.723+0000] {processor.py:830} INFO - Processing file /home/airflow/.local/lib/python3.12/site-packages/airflow/example_dags/example_sensors.py for tasks to queue
[2024-05-24T05:56:28.724+0000] {logging_mixin.py:188} INFO - [2024-05-24T05:56:28.723+0000] {dagbag.py:545} INFO - Filling up the DagBag from /home/airflow/.local/lib/python3.12/site-packages/airflow/example_dags/example_sensors.py
[2024-05-24T05:56:28.727+0000] {processor.py:840} INFO - DAG(s) 'example_sensors' retrieved from /home/airflow/.local/lib/python3.12/site-packages/airflow/example_dags/example_sensors.py
[2024-05-24T05:56:28.737+0000] {logging_mixin.py:188} INFO - [2024-05-24T05:56:28.737+0000] {dag.py:3096} INFO - Sync 1 DAGs
[2024-05-24T05:56:28.741+0000] {logging_mixin.py:188} INFO - [2024-05-24T05:56:28.741+0000] {dag.py:3954} INFO - Setting next_dagrun for example_sensors to None, run_after=None
[2024-05-24T05:56:28.748+0000] {processor.py:183} INFO - Processing /home/airflow/.local/lib/python3.12/site-packages/airflow/example_dags/example_sensors.py took 0.028 seconds
[2024-05-24T05:56:59.038+0000] {processor.py:161} INFO - Started process (PID=6387) to work on /home/airflow/.local/lib/python3.12/site-packages/airflow/example_dags/example_sensors.py
[2024-05-24T05:56:59.039+0000] {processor.py:830} INFO - Processing file /home/airflow/.local/lib/python3.12/site-packages/airflow/example_dags/example_sensors.py for tasks to queue
[2024-05-24T05:56:59.039+0000] {logging_mixin.py:188} INFO - [2024-05-24T05:56:59.039+0000] {dagbag.py:545} INFO - Filling up the DagBag from /home/airflow/.local/lib/python3.12/site-packages/airflow/example_dags/example_sensors.py
[2024-05-24T05:56:59.043+0000] {processor.py:840} INFO - DAG(s) 'example_sensors' retrieved from /home/airflow/.local/lib/python3.12/site-packages/airflow/example_dags/example_sensors.py
[2024-05-24T05:56:59.052+0000] {logging_mixin.py:188} INFO - [2024-05-24T05:56:59.052+0000] {dag.py:3096} INFO - Sync 1 DAGs
[2024-05-24T05:56:59.057+0000] {logging_mixin.py:188} INFO - [2024-05-24T05:56:59.057+0000] {dag.py:3954} INFO - Setting next_dagrun for example_sensors to None, run_after=None
[2024-05-24T05:56:59.063+0000] {processor.py:183} INFO - Processing /home/airflow/.local/lib/python3.12/site-packages/airflow/example_dags/example_sensors.py took 0.027 seconds
[2024-05-24T05:57:29.361+0000] {processor.py:161} INFO - Started process (PID=6649) to work on /home/airflow/.local/lib/python3.12/site-packages/airflow/example_dags/example_sensors.py
[2024-05-24T05:57:29.362+0000] {processor.py:830} INFO - Processing file /home/airflow/.local/lib/python3.12/site-packages/airflow/example_dags/example_sensors.py for tasks to queue
[2024-05-24T05:57:29.362+0000] {logging_mixin.py:188} INFO - [2024-05-24T05:57:29.362+0000] {dagbag.py:545} INFO - Filling up the DagBag from /home/airflow/.local/lib/python3.12/site-packages/airflow/example_dags/example_sensors.py
[2024-05-24T05:57:29.366+0000] {processor.py:840} INFO - DAG(s) 'example_sensors' retrieved from /home/airflow/.local/lib/python3.12/site-packages/airflow/example_dags/example_sensors.py
[2024-05-24T05:57:29.375+0000] {logging_mixin.py:188} INFO - [2024-05-24T05:57:29.375+0000] {dag.py:3096} INFO - Sync 1 DAGs
[2024-05-24T05:57:29.380+0000] {logging_mixin.py:188} INFO - [2024-05-24T05:57:29.380+0000] {dag.py:3954} INFO - Setting next_dagrun for example_sensors to None, run_after=None
[2024-05-24T05:57:29.386+0000] {processor.py:183} INFO - Processing /home/airflow/.local/lib/python3.12/site-packages/airflow/example_dags/example_sensors.py took 0.027 seconds
[2024-05-24T05:57:59.719+0000] {processor.py:161} INFO - Started process (PID=6911) to work on /home/airflow/.local/lib/python3.12/site-packages/airflow/example_dags/example_sensors.py
[2024-05-24T05:57:59.719+0000] {processor.py:830} INFO - Processing file /home/airflow/.local/lib/python3.12/site-packages/airflow/example_dags/example_sensors.py for tasks to queue
[2024-05-24T05:57:59.720+0000] {logging_mixin.py:188} INFO - [2024-05-24T05:57:59.720+0000] {dagbag.py:545} INFO - Filling up the DagBag from /home/airflow/.local/lib/python3.12/site-packages/airflow/example_dags/example_sensors.py
[2024-05-24T05:57:59.723+0000] {processor.py:840} INFO - DAG(s) 'example_sensors' retrieved from /home/airflow/.local/lib/python3.12/site-packages/airflow/example_dags/example_sensors.py
[2024-05-24T05:57:59.733+0000] {logging_mixin.py:188} INFO - [2024-05-24T05:57:59.733+0000] {dag.py:3096} INFO - Sync 1 DAGs
[2024-05-24T05:57:59.738+0000] {logging_mixin.py:188} INFO - [2024-05-24T05:57:59.738+0000] {dag.py:3954} INFO - Setting next_dagrun for example_sensors to None, run_after=None
[2024-05-24T05:57:59.744+0000] {processor.py:183} INFO - Processing /home/airflow/.local/lib/python3.12/site-packages/airflow/example_dags/example_sensors.py took 0.027 seconds
[2024-05-24T05:58:30.092+0000] {processor.py:161} INFO - Started process (PID=7173) to work on /home/airflow/.local/lib/python3.12/site-packages/airflow/example_dags/example_sensors.py
[2024-05-24T05:58:30.092+0000] {processor.py:830} INFO - Processing file /home/airflow/.local/lib/python3.12/site-packages/airflow/example_dags/example_sensors.py for tasks to queue
[2024-05-24T05:58:30.093+0000] {logging_mixin.py:188} INFO - [2024-05-24T05:58:30.093+0000] {dagbag.py:545} INFO - Filling up the DagBag from /home/airflow/.local/lib/python3.12/site-packages/airflow/example_dags/example_sensors.py
[2024-05-24T05:58:30.096+0000] {processor.py:840} INFO - DAG(s) 'example_sensors' retrieved from /home/airflow/.local/lib/python3.12/site-packages/airflow/example_dags/example_sensors.py
[2024-05-24T05:58:30.105+0000] {logging_mixin.py:188} INFO - [2024-05-24T05:58:30.105+0000] {dag.py:3096} INFO - Sync 1 DAGs
[2024-05-24T05:58:30.110+0000] {logging_mixin.py:188} INFO - [2024-05-24T05:58:30.110+0000] {dag.py:3954} INFO - Setting next_dagrun for example_sensors to None, run_after=None
[2024-05-24T05:58:30.116+0000] {processor.py:183} INFO - Processing /home/airflow/.local/lib/python3.12/site-packages/airflow/example_dags/example_sensors.py took 0.026 seconds
[2024-05-24T06:13:53.465+0000] {processor.py:161} INFO - Started process (PID=7435) to work on /home/airflow/.local/lib/python3.12/site-packages/airflow/example_dags/example_sensors.py
[2024-05-24T06:13:53.466+0000] {processor.py:830} INFO - Processing file /home/airflow/.local/lib/python3.12/site-packages/airflow/example_dags/example_sensors.py for tasks to queue
[2024-05-24T06:13:53.466+0000] {logging_mixin.py:188} INFO - [2024-05-24T06:13:53.466+0000] {dagbag.py:545} INFO - Filling up the DagBag from /home/airflow/.local/lib/python3.12/site-packages/airflow/example_dags/example_sensors.py
[2024-05-24T06:13:53.470+0000] {processor.py:840} INFO - DAG(s) 'example_sensors' retrieved from /home/airflow/.local/lib/python3.12/site-packages/airflow/example_dags/example_sensors.py
[2024-05-24T06:13:53.479+0000] {logging_mixin.py:188} INFO - [2024-05-24T06:13:53.479+0000] {dag.py:3096} INFO - Sync 1 DAGs
[2024-05-24T06:13:53.484+0000] {logging_mixin.py:188} INFO - [2024-05-24T06:13:53.484+0000] {dag.py:3954} INFO - Setting next_dagrun for example_sensors to None, run_after=None
[2024-05-24T06:13:53.491+0000] {processor.py:183} INFO - Processing /home/airflow/.local/lib/python3.12/site-packages/airflow/example_dags/example_sensors.py took 0.028 seconds
[2024-05-24T06:26:10.322+0000] {processor.py:161} INFO - Started process (PID=7696) to work on /home/airflow/.local/lib/python3.12/site-packages/airflow/example_dags/example_sensors.py
[2024-05-24T06:26:10.322+0000] {processor.py:830} INFO - Processing file /home/airflow/.local/lib/python3.12/site-packages/airflow/example_dags/example_sensors.py for tasks to queue
[2024-05-24T06:26:10.323+0000] {logging_mixin.py:188} INFO - [2024-05-24T06:26:10.323+0000] {dagbag.py:545} INFO - Filling up the DagBag from /home/airflow/.local/lib/python3.12/site-packages/airflow/example_dags/example_sensors.py
[2024-05-24T06:26:10.327+0000] {processor.py:840} INFO - DAG(s) 'example_sensors' retrieved from /home/airflow/.local/lib/python3.12/site-packages/airflow/example_dags/example_sensors.py
[2024-05-24T06:26:10.336+0000] {logging_mixin.py:188} INFO - [2024-05-24T06:26:10.336+0000] {dag.py:3096} INFO - Sync 1 DAGs
[2024-05-24T06:26:10.341+0000] {logging_mixin.py:188} INFO - [2024-05-24T06:26:10.341+0000] {dag.py:3954} INFO - Setting next_dagrun for example_sensors to None, run_after=None
[2024-05-24T06:26:10.347+0000] {processor.py:183} INFO - Processing /home/airflow/.local/lib/python3.12/site-packages/airflow/example_dags/example_sensors.py took 0.028 seconds
[2024-05-24T06:26:40.753+0000] {processor.py:161} INFO - Started process (PID=7957) to work on /home/airflow/.local/lib/python3.12/site-packages/airflow/example_dags/example_sensors.py
[2024-05-24T06:26:40.754+0000] {processor.py:830} INFO - Processing file /home/airflow/.local/lib/python3.12/site-packages/airflow/example_dags/example_sensors.py for tasks to queue
[2024-05-24T06:26:40.754+0000] {logging_mixin.py:188} INFO - [2024-05-24T06:26:40.754+0000] {dagbag.py:545} INFO - Filling up the DagBag from /home/airflow/.local/lib/python3.12/site-packages/airflow/example_dags/example_sensors.py
[2024-05-24T06:26:40.758+0000] {processor.py:840} INFO - DAG(s) 'example_sensors' retrieved from /home/airflow/.local/lib/python3.12/site-packages/airflow/example_dags/example_sensors.py
[2024-05-24T06:26:40.766+0000] {logging_mixin.py:188} INFO - [2024-05-24T06:26:40.766+0000] {dag.py:3096} INFO - Sync 1 DAGs
[2024-05-24T06:26:40.771+0000] {logging_mixin.py:188} INFO - [2024-05-24T06:26:40.770+0000] {dag.py:3954} INFO - Setting next_dagrun for example_sensors to None, run_after=None
[2024-05-24T06:26:40.777+0000] {processor.py:183} INFO - Processing /home/airflow/.local/lib/python3.12/site-packages/airflow/example_dags/example_sensors.py took 0.026 seconds
[2024-05-24T06:27:11.195+0000] {processor.py:161} INFO - Started process (PID=8219) to work on /home/airflow/.local/lib/python3.12/site-packages/airflow/example_dags/example_sensors.py
[2024-05-24T06:27:11.195+0000] {processor.py:830} INFO - Processing file /home/airflow/.local/lib/python3.12/site-packages/airflow/example_dags/example_sensors.py for tasks to queue
[2024-05-24T06:27:11.196+0000] {logging_mixin.py:188} INFO - [2024-05-24T06:27:11.196+0000] {dagbag.py:545} INFO - Filling up the DagBag from /home/airflow/.local/lib/python3.12/site-packages/airflow/example_dags/example_sensors.py
[2024-05-24T06:27:11.199+0000] {processor.py:840} INFO - DAG(s) 'example_sensors' retrieved from /home/airflow/.local/lib/python3.12/site-packages/airflow/example_dags/example_sensors.py
[2024-05-24T06:27:11.210+0000] {logging_mixin.py:188} INFO - [2024-05-24T06:27:11.210+0000] {dag.py:3096} INFO - Sync 1 DAGs
[2024-05-24T06:27:11.215+0000] {logging_mixin.py:188} INFO - [2024-05-24T06:27:11.215+0000] {dag.py:3954} INFO - Setting next_dagrun for example_sensors to None, run_after=None
[2024-05-24T06:27:11.221+0000] {processor.py:183} INFO - Processing /home/airflow/.local/lib/python3.12/site-packages/airflow/example_dags/example_sensors.py took 0.029 seconds
[2024-05-24T06:28:26.334+0000] {processor.py:161} INFO - Started process (PID=8481) to work on /home/airflow/.local/lib/python3.12/site-packages/airflow/example_dags/example_sensors.py
[2024-05-24T06:28:26.335+0000] {processor.py:830} INFO - Processing file /home/airflow/.local/lib/python3.12/site-packages/airflow/example_dags/example_sensors.py for tasks to queue
[2024-05-24T06:28:26.336+0000] {logging_mixin.py:188} INFO - [2024-05-24T06:28:26.336+0000] {dagbag.py:545} INFO - Filling up the DagBag from /home/airflow/.local/lib/python3.12/site-packages/airflow/example_dags/example_sensors.py
[2024-05-24T06:28:26.339+0000] {processor.py:840} INFO - DAG(s) 'example_sensors' retrieved from /home/airflow/.local/lib/python3.12/site-packages/airflow/example_dags/example_sensors.py
[2024-05-24T06:28:26.349+0000] {logging_mixin.py:188} INFO - [2024-05-24T06:28:26.349+0000] {dag.py:3096} INFO - Sync 1 DAGs
[2024-05-24T06:28:26.354+0000] {logging_mixin.py:188} INFO - [2024-05-24T06:28:26.354+0000] {dag.py:3954} INFO - Setting next_dagrun for example_sensors to None, run_after=None
[2024-05-24T06:28:26.361+0000] {processor.py:183} INFO - Processing /home/airflow/.local/lib/python3.12/site-packages/airflow/example_dags/example_sensors.py took 0.029 seconds
[2024-05-24T06:28:56.692+0000] {processor.py:161} INFO - Started process (PID=8743) to work on /home/airflow/.local/lib/python3.12/site-packages/airflow/example_dags/example_sensors.py
[2024-05-24T06:28:56.692+0000] {processor.py:830} INFO - Processing file /home/airflow/.local/lib/python3.12/site-packages/airflow/example_dags/example_sensors.py for tasks to queue
[2024-05-24T06:28:56.693+0000] {logging_mixin.py:188} INFO - [2024-05-24T06:28:56.693+0000] {dagbag.py:545} INFO - Filling up the DagBag from /home/airflow/.local/lib/python3.12/site-packages/airflow/example_dags/example_sensors.py
[2024-05-24T06:28:56.696+0000] {processor.py:840} INFO - DAG(s) 'example_sensors' retrieved from /home/airflow/.local/lib/python3.12/site-packages/airflow/example_dags/example_sensors.py
[2024-05-24T06:28:56.706+0000] {logging_mixin.py:188} INFO - [2024-05-24T06:28:56.706+0000] {dag.py:3096} INFO - Sync 1 DAGs
[2024-05-24T06:28:56.711+0000] {logging_mixin.py:188} INFO - [2024-05-24T06:28:56.711+0000] {dag.py:3954} INFO - Setting next_dagrun for example_sensors to None, run_after=None
[2024-05-24T06:28:56.718+0000] {processor.py:183} INFO - Processing /home/airflow/.local/lib/python3.12/site-packages/airflow/example_dags/example_sensors.py took 0.028 seconds
[2024-05-24T06:29:27.180+0000] {processor.py:161} INFO - Started process (PID=9005) to work on /home/airflow/.local/lib/python3.12/site-packages/airflow/example_dags/example_sensors.py
[2024-05-24T06:29:27.180+0000] {processor.py:830} INFO - Processing file /home/airflow/.local/lib/python3.12/site-packages/airflow/example_dags/example_sensors.py for tasks to queue
[2024-05-24T06:29:27.181+0000] {logging_mixin.py:188} INFO - [2024-05-24T06:29:27.181+0000] {dagbag.py:545} INFO - Filling up the DagBag from /home/airflow/.local/lib/python3.12/site-packages/airflow/example_dags/example_sensors.py
[2024-05-24T06:29:27.184+0000] {processor.py:840} INFO - DAG(s) 'example_sensors' retrieved from /home/airflow/.local/lib/python3.12/site-packages/airflow/example_dags/example_sensors.py
[2024-05-24T06:29:27.194+0000] {logging_mixin.py:188} INFO - [2024-05-24T06:29:27.194+0000] {dag.py:3096} INFO - Sync 1 DAGs
[2024-05-24T06:29:27.199+0000] {logging_mixin.py:188} INFO - [2024-05-24T06:29:27.198+0000] {dag.py:3954} INFO - Setting next_dagrun for example_sensors to None, run_after=None
[2024-05-24T06:29:27.205+0000] {processor.py:183} INFO - Processing /home/airflow/.local/lib/python3.12/site-packages/airflow/example_dags/example_sensors.py took 0.028 seconds
[2024-05-24T06:29:57.550+0000] {processor.py:161} INFO - Started process (PID=9267) to work on /home/airflow/.local/lib/python3.12/site-packages/airflow/example_dags/example_sensors.py
[2024-05-24T06:29:57.551+0000] {processor.py:830} INFO - Processing file /home/airflow/.local/lib/python3.12/site-packages/airflow/example_dags/example_sensors.py for tasks to queue
[2024-05-24T06:29:57.551+0000] {logging_mixin.py:188} INFO - [2024-05-24T06:29:57.551+0000] {dagbag.py:545} INFO - Filling up the DagBag from /home/airflow/.local/lib/python3.12/site-packages/airflow/example_dags/example_sensors.py
[2024-05-24T06:29:57.555+0000] {processor.py:840} INFO - DAG(s) 'example_sensors' retrieved from /home/airflow/.local/lib/python3.12/site-packages/airflow/example_dags/example_sensors.py
[2024-05-24T06:29:57.564+0000] {logging_mixin.py:188} INFO - [2024-05-24T06:29:57.564+0000] {dag.py:3096} INFO - Sync 1 DAGs
[2024-05-24T06:29:57.569+0000] {logging_mixin.py:188} INFO - [2024-05-24T06:29:57.568+0000] {dag.py:3954} INFO - Setting next_dagrun for example_sensors to None, run_after=None
[2024-05-24T06:29:57.576+0000] {processor.py:183} INFO - Processing /home/airflow/.local/lib/python3.12/site-packages/airflow/example_dags/example_sensors.py took 0.028 seconds
[2024-05-24T06:32:51.192+0000] {processor.py:161} INFO - Started process (PID=9529) to work on /home/airflow/.local/lib/python3.12/site-packages/airflow/example_dags/example_sensors.py
[2024-05-24T06:32:51.192+0000] {processor.py:830} INFO - Processing file /home/airflow/.local/lib/python3.12/site-packages/airflow/example_dags/example_sensors.py for tasks to queue
[2024-05-24T06:32:51.193+0000] {logging_mixin.py:188} INFO - [2024-05-24T06:32:51.193+0000] {dagbag.py:545} INFO - Filling up the DagBag from /home/airflow/.local/lib/python3.12/site-packages/airflow/example_dags/example_sensors.py
[2024-05-24T06:32:51.196+0000] {processor.py:840} INFO - DAG(s) 'example_sensors' retrieved from /home/airflow/.local/lib/python3.12/site-packages/airflow/example_dags/example_sensors.py
[2024-05-24T06:32:51.206+0000] {logging_mixin.py:188} INFO - [2024-05-24T06:32:51.206+0000] {dag.py:3096} INFO - Sync 1 DAGs
[2024-05-24T06:32:51.210+0000] {logging_mixin.py:188} INFO - [2024-05-24T06:32:51.210+0000] {dag.py:3954} INFO - Setting next_dagrun for example_sensors to None, run_after=None
[2024-05-24T06:32:51.217+0000] {processor.py:183} INFO - Processing /home/airflow/.local/lib/python3.12/site-packages/airflow/example_dags/example_sensors.py took 0.027 seconds
[2024-05-24T06:34:34.367+0000] {processor.py:161} INFO - Started process (PID=9791) to work on /home/airflow/.local/lib/python3.12/site-packages/airflow/example_dags/example_sensors.py
[2024-05-24T06:34:34.368+0000] {processor.py:830} INFO - Processing file /home/airflow/.local/lib/python3.12/site-packages/airflow/example_dags/example_sensors.py for tasks to queue
[2024-05-24T06:34:34.368+0000] {logging_mixin.py:188} INFO - [2024-05-24T06:34:34.368+0000] {dagbag.py:545} INFO - Filling up the DagBag from /home/airflow/.local/lib/python3.12/site-packages/airflow/example_dags/example_sensors.py
[2024-05-24T06:34:34.372+0000] {processor.py:840} INFO - DAG(s) 'example_sensors' retrieved from /home/airflow/.local/lib/python3.12/site-packages/airflow/example_dags/example_sensors.py
[2024-05-24T06:34:34.382+0000] {logging_mixin.py:188} INFO - [2024-05-24T06:34:34.382+0000] {dag.py:3096} INFO - Sync 1 DAGs
[2024-05-24T06:34:34.387+0000] {logging_mixin.py:188} INFO - [2024-05-24T06:34:34.387+0000] {dag.py:3954} INFO - Setting next_dagrun for example_sensors to None, run_after=None
[2024-05-24T06:34:34.394+0000] {processor.py:183} INFO - Processing /home/airflow/.local/lib/python3.12/site-packages/airflow/example_dags/example_sensors.py took 0.029 seconds
[2024-05-24T06:35:04.914+0000] {processor.py:161} INFO - Started process (PID=10053) to work on /home/airflow/.local/lib/python3.12/site-packages/airflow/example_dags/example_sensors.py
[2024-05-24T06:35:04.914+0000] {processor.py:830} INFO - Processing file /home/airflow/.local/lib/python3.12/site-packages/airflow/example_dags/example_sensors.py for tasks to queue
[2024-05-24T06:35:04.915+0000] {logging_mixin.py:188} INFO - [2024-05-24T06:35:04.915+0000] {dagbag.py:545} INFO - Filling up the DagBag from /home/airflow/.local/lib/python3.12/site-packages/airflow/example_dags/example_sensors.py
[2024-05-24T06:35:04.918+0000] {processor.py:840} INFO - DAG(s) 'example_sensors' retrieved from /home/airflow/.local/lib/python3.12/site-packages/airflow/example_dags/example_sensors.py
[2024-05-24T06:35:04.928+0000] {logging_mixin.py:188} INFO - [2024-05-24T06:35:04.928+0000] {dag.py:3096} INFO - Sync 1 DAGs
[2024-05-24T06:35:04.933+0000] {logging_mixin.py:188} INFO - [2024-05-24T06:35:04.933+0000] {dag.py:3954} INFO - Setting next_dagrun for example_sensors to None, run_after=None
[2024-05-24T06:35:04.940+0000] {processor.py:183} INFO - Processing /home/airflow/.local/lib/python3.12/site-packages/airflow/example_dags/example_sensors.py took 0.029 seconds
[2024-05-24T06:50:34.629+0000] {processor.py:161} INFO - Started process (PID=10315) to work on /home/airflow/.local/lib/python3.12/site-packages/airflow/example_dags/example_sensors.py
[2024-05-24T06:50:34.629+0000] {processor.py:830} INFO - Processing file /home/airflow/.local/lib/python3.12/site-packages/airflow/example_dags/example_sensors.py for tasks to queue
[2024-05-24T06:50:34.630+0000] {logging_mixin.py:188} INFO - [2024-05-24T06:50:34.630+0000] {dagbag.py:545} INFO - Filling up the DagBag from /home/airflow/.local/lib/python3.12/site-packages/airflow/example_dags/example_sensors.py
[2024-05-24T06:50:34.634+0000] {processor.py:840} INFO - DAG(s) 'example_sensors' retrieved from /home/airflow/.local/lib/python3.12/site-packages/airflow/example_dags/example_sensors.py
[2024-05-24T06:50:34.643+0000] {logging_mixin.py:188} INFO - [2024-05-24T06:50:34.643+0000] {dag.py:3096} INFO - Sync 1 DAGs
[2024-05-24T06:50:34.648+0000] {logging_mixin.py:188} INFO - [2024-05-24T06:50:34.648+0000] {dag.py:3954} INFO - Setting next_dagrun for example_sensors to None, run_after=None
[2024-05-24T06:50:34.654+0000] {processor.py:183} INFO - Processing /home/airflow/.local/lib/python3.12/site-packages/airflow/example_dags/example_sensors.py took 0.027 seconds
[2024-05-24T07:06:11.232+0000] {processor.py:161} INFO - Started process (PID=10577) to work on /home/airflow/.local/lib/python3.12/site-packages/airflow/example_dags/example_sensors.py
[2024-05-24T07:06:11.232+0000] {processor.py:830} INFO - Processing file /home/airflow/.local/lib/python3.12/site-packages/airflow/example_dags/example_sensors.py for tasks to queue
[2024-05-24T07:06:11.233+0000] {logging_mixin.py:188} INFO - [2024-05-24T07:06:11.233+0000] {dagbag.py:545} INFO - Filling up the DagBag from /home/airflow/.local/lib/python3.12/site-packages/airflow/example_dags/example_sensors.py
[2024-05-24T07:06:11.236+0000] {processor.py:840} INFO - DAG(s) 'example_sensors' retrieved from /home/airflow/.local/lib/python3.12/site-packages/airflow/example_dags/example_sensors.py
[2024-05-24T07:06:11.245+0000] {logging_mixin.py:188} INFO - [2024-05-24T07:06:11.245+0000] {dag.py:3096} INFO - Sync 1 DAGs
[2024-05-24T07:06:11.249+0000] {logging_mixin.py:188} INFO - [2024-05-24T07:06:11.249+0000] {dag.py:3954} INFO - Setting next_dagrun for example_sensors to None, run_after=None
[2024-05-24T07:06:11.255+0000] {processor.py:183} INFO - Processing /home/airflow/.local/lib/python3.12/site-packages/airflow/example_dags/example_sensors.py took 0.026 seconds
[2024-05-24T07:30:09.495+0000] {processor.py:161} INFO - Started process (PID=10839) to work on /home/airflow/.local/lib/python3.12/site-packages/airflow/example_dags/example_sensors.py
[2024-05-24T07:30:09.495+0000] {processor.py:830} INFO - Processing file /home/airflow/.local/lib/python3.12/site-packages/airflow/example_dags/example_sensors.py for tasks to queue
[2024-05-24T07:30:09.496+0000] {logging_mixin.py:188} INFO - [2024-05-24T07:30:09.496+0000] {dagbag.py:545} INFO - Filling up the DagBag from /home/airflow/.local/lib/python3.12/site-packages/airflow/example_dags/example_sensors.py
[2024-05-24T07:30:09.499+0000] {processor.py:840} INFO - DAG(s) 'example_sensors' retrieved from /home/airflow/.local/lib/python3.12/site-packages/airflow/example_dags/example_sensors.py
[2024-05-24T07:30:09.510+0000] {logging_mixin.py:188} INFO - [2024-05-24T07:30:09.510+0000] {dag.py:3096} INFO - Sync 1 DAGs
[2024-05-24T07:30:09.515+0000] {logging_mixin.py:188} INFO - [2024-05-24T07:30:09.515+0000] {dag.py:3954} INFO - Setting next_dagrun for example_sensors to None, run_after=None
[2024-05-24T07:30:09.521+0000] {processor.py:183} INFO - Processing /home/airflow/.local/lib/python3.12/site-packages/airflow/example_dags/example_sensors.py took 0.029 seconds
[2024-05-24T07:30:40.897+0000] {processor.py:161} INFO - Started process (PID=11101) to work on /home/airflow/.local/lib/python3.12/site-packages/airflow/example_dags/example_sensors.py
[2024-05-24T07:30:40.897+0000] {processor.py:830} INFO - Processing file /home/airflow/.local/lib/python3.12/site-packages/airflow/example_dags/example_sensors.py for tasks to queue
[2024-05-24T07:30:40.898+0000] {logging_mixin.py:188} INFO - [2024-05-24T07:30:40.898+0000] {dagbag.py:545} INFO - Filling up the DagBag from /home/airflow/.local/lib/python3.12/site-packages/airflow/example_dags/example_sensors.py
[2024-05-24T07:30:40.970+0000] {processor.py:840} INFO - DAG(s) 'example_sensors' retrieved from /home/airflow/.local/lib/python3.12/site-packages/airflow/example_dags/example_sensors.py
[2024-05-24T07:30:40.978+0000] {logging_mixin.py:188} INFO - [2024-05-24T07:30:40.978+0000] {dag.py:3096} INFO - Sync 1 DAGs
[2024-05-24T07:30:40.982+0000] {logging_mixin.py:188} INFO - [2024-05-24T07:30:40.982+0000] {dag.py:3954} INFO - Setting next_dagrun for example_sensors to None, run_after=None
[2024-05-24T07:30:40.988+0000] {processor.py:183} INFO - Processing /home/airflow/.local/lib/python3.12/site-packages/airflow/example_dags/example_sensors.py took 0.094 seconds
[2024-05-24T07:31:11.590+0000] {processor.py:161} INFO - Started process (PID=11363) to work on /home/airflow/.local/lib/python3.12/site-packages/airflow/example_dags/example_sensors.py
[2024-05-24T07:31:11.590+0000] {processor.py:830} INFO - Processing file /home/airflow/.local/lib/python3.12/site-packages/airflow/example_dags/example_sensors.py for tasks to queue
[2024-05-24T07:31:11.591+0000] {logging_mixin.py:188} INFO - [2024-05-24T07:31:11.591+0000] {dagbag.py:545} INFO - Filling up the DagBag from /home/airflow/.local/lib/python3.12/site-packages/airflow/example_dags/example_sensors.py
[2024-05-24T07:31:11.594+0000] {processor.py:840} INFO - DAG(s) 'example_sensors' retrieved from /home/airflow/.local/lib/python3.12/site-packages/airflow/example_dags/example_sensors.py
[2024-05-24T07:31:11.603+0000] {logging_mixin.py:188} INFO - [2024-05-24T07:31:11.603+0000] {dag.py:3096} INFO - Sync 1 DAGs
[2024-05-24T07:31:11.607+0000] {logging_mixin.py:188} INFO - [2024-05-24T07:31:11.607+0000] {dag.py:3954} INFO - Setting next_dagrun for example_sensors to None, run_after=None
[2024-05-24T07:31:11.614+0000] {processor.py:183} INFO - Processing /home/airflow/.local/lib/python3.12/site-packages/airflow/example_dags/example_sensors.py took 0.027 seconds
[2024-05-24T07:31:42.008+0000] {processor.py:161} INFO - Started process (PID=11625) to work on /home/airflow/.local/lib/python3.12/site-packages/airflow/example_dags/example_sensors.py
[2024-05-24T07:31:42.008+0000] {processor.py:830} INFO - Processing file /home/airflow/.local/lib/python3.12/site-packages/airflow/example_dags/example_sensors.py for tasks to queue
[2024-05-24T07:31:42.009+0000] {logging_mixin.py:188} INFO - [2024-05-24T07:31:42.009+0000] {dagbag.py:545} INFO - Filling up the DagBag from /home/airflow/.local/lib/python3.12/site-packages/airflow/example_dags/example_sensors.py
[2024-05-24T07:31:42.012+0000] {processor.py:840} INFO - DAG(s) 'example_sensors' retrieved from /home/airflow/.local/lib/python3.12/site-packages/airflow/example_dags/example_sensors.py
[2024-05-24T07:31:42.022+0000] {logging_mixin.py:188} INFO - [2024-05-24T07:31:42.022+0000] {dag.py:3096} INFO - Sync 1 DAGs
[2024-05-24T07:31:42.026+0000] {logging_mixin.py:188} INFO - [2024-05-24T07:31:42.026+0000] {dag.py:3954} INFO - Setting next_dagrun for example_sensors to None, run_after=None
[2024-05-24T07:31:42.033+0000] {processor.py:183} INFO - Processing /home/airflow/.local/lib/python3.12/site-packages/airflow/example_dags/example_sensors.py took 0.027 seconds
[2024-05-24T07:32:12.371+0000] {processor.py:161} INFO - Started process (PID=11887) to work on /home/airflow/.local/lib/python3.12/site-packages/airflow/example_dags/example_sensors.py
[2024-05-24T07:32:12.371+0000] {processor.py:830} INFO - Processing file /home/airflow/.local/lib/python3.12/site-packages/airflow/example_dags/example_sensors.py for tasks to queue
[2024-05-24T07:32:12.371+0000] {logging_mixin.py:188} INFO - [2024-05-24T07:32:12.371+0000] {dagbag.py:545} INFO - Filling up the DagBag from /home/airflow/.local/lib/python3.12/site-packages/airflow/example_dags/example_sensors.py
[2024-05-24T07:32:12.375+0000] {processor.py:840} INFO - DAG(s) 'example_sensors' retrieved from /home/airflow/.local/lib/python3.12/site-packages/airflow/example_dags/example_sensors.py
[2024-05-24T07:32:12.384+0000] {logging_mixin.py:188} INFO - [2024-05-24T07:32:12.384+0000] {dag.py:3096} INFO - Sync 1 DAGs
[2024-05-24T07:32:12.388+0000] {logging_mixin.py:188} INFO - [2024-05-24T07:32:12.388+0000] {dag.py:3954} INFO - Setting next_dagrun for example_sensors to None, run_after=None
[2024-05-24T07:32:12.394+0000] {processor.py:183} INFO - Processing /home/airflow/.local/lib/python3.12/site-packages/airflow/example_dags/example_sensors.py took 0.026 seconds
[2024-05-24T07:32:59.150+0000] {processor.py:161} INFO - Started process (PID=12149) to work on /home/airflow/.local/lib/python3.12/site-packages/airflow/example_dags/example_sensors.py
[2024-05-24T07:32:59.151+0000] {processor.py:830} INFO - Processing file /home/airflow/.local/lib/python3.12/site-packages/airflow/example_dags/example_sensors.py for tasks to queue
[2024-05-24T07:32:59.152+0000] {logging_mixin.py:188} INFO - [2024-05-24T07:32:59.152+0000] {dagbag.py:545} INFO - Filling up the DagBag from /home/airflow/.local/lib/python3.12/site-packages/airflow/example_dags/example_sensors.py
[2024-05-24T07:32:59.155+0000] {processor.py:840} INFO - DAG(s) 'example_sensors' retrieved from /home/airflow/.local/lib/python3.12/site-packages/airflow/example_dags/example_sensors.py
[2024-05-24T07:32:59.165+0000] {logging_mixin.py:188} INFO - [2024-05-24T07:32:59.165+0000] {dag.py:3096} INFO - Sync 1 DAGs
[2024-05-24T07:32:59.170+0000] {logging_mixin.py:188} INFO - [2024-05-24T07:32:59.170+0000] {dag.py:3954} INFO - Setting next_dagrun for example_sensors to None, run_after=None
[2024-05-24T07:32:59.177+0000] {processor.py:183} INFO - Processing /home/airflow/.local/lib/python3.12/site-packages/airflow/example_dags/example_sensors.py took 0.029 seconds
[2024-05-24T07:33:29.520+0000] {processor.py:161} INFO - Started process (PID=12411) to work on /home/airflow/.local/lib/python3.12/site-packages/airflow/example_dags/example_sensors.py
[2024-05-24T07:33:29.520+0000] {processor.py:830} INFO - Processing file /home/airflow/.local/lib/python3.12/site-packages/airflow/example_dags/example_sensors.py for tasks to queue
[2024-05-24T07:33:29.521+0000] {logging_mixin.py:188} INFO - [2024-05-24T07:33:29.521+0000] {dagbag.py:545} INFO - Filling up the DagBag from /home/airflow/.local/lib/python3.12/site-packages/airflow/example_dags/example_sensors.py
[2024-05-24T07:33:29.524+0000] {processor.py:840} INFO - DAG(s) 'example_sensors' retrieved from /home/airflow/.local/lib/python3.12/site-packages/airflow/example_dags/example_sensors.py
[2024-05-24T07:33:29.535+0000] {logging_mixin.py:188} INFO - [2024-05-24T07:33:29.534+0000] {dag.py:3096} INFO - Sync 1 DAGs
[2024-05-24T07:33:29.539+0000] {logging_mixin.py:188} INFO - [2024-05-24T07:33:29.539+0000] {dag.py:3954} INFO - Setting next_dagrun for example_sensors to None, run_after=None
[2024-05-24T07:33:29.546+0000] {processor.py:183} INFO - Processing /home/airflow/.local/lib/python3.12/site-packages/airflow/example_dags/example_sensors.py took 0.029 seconds
[2024-05-24T07:33:59.845+0000] {processor.py:161} INFO - Started process (PID=12673) to work on /home/airflow/.local/lib/python3.12/site-packages/airflow/example_dags/example_sensors.py
[2024-05-24T07:33:59.845+0000] {processor.py:830} INFO - Processing file /home/airflow/.local/lib/python3.12/site-packages/airflow/example_dags/example_sensors.py for tasks to queue
[2024-05-24T07:33:59.846+0000] {logging_mixin.py:188} INFO - [2024-05-24T07:33:59.846+0000] {dagbag.py:545} INFO - Filling up the DagBag from /home/airflow/.local/lib/python3.12/site-packages/airflow/example_dags/example_sensors.py
[2024-05-24T07:33:59.849+0000] {processor.py:840} INFO - DAG(s) 'example_sensors' retrieved from /home/airflow/.local/lib/python3.12/site-packages/airflow/example_dags/example_sensors.py
[2024-05-24T07:33:59.859+0000] {logging_mixin.py:188} INFO - [2024-05-24T07:33:59.859+0000] {dag.py:3096} INFO - Sync 1 DAGs
[2024-05-24T07:33:59.864+0000] {logging_mixin.py:188} INFO - [2024-05-24T07:33:59.864+0000] {dag.py:3954} INFO - Setting next_dagrun for example_sensors to None, run_after=None
[2024-05-24T07:33:59.871+0000] {processor.py:183} INFO - Processing /home/airflow/.local/lib/python3.12/site-packages/airflow/example_dags/example_sensors.py took 0.029 seconds
[2024-05-24T07:34:30.349+0000] {processor.py:161} INFO - Started process (PID=12936) to work on /home/airflow/.local/lib/python3.12/site-packages/airflow/example_dags/example_sensors.py
[2024-05-24T07:34:30.350+0000] {processor.py:830} INFO - Processing file /home/airflow/.local/lib/python3.12/site-packages/airflow/example_dags/example_sensors.py for tasks to queue
[2024-05-24T07:34:30.350+0000] {logging_mixin.py:188} INFO - [2024-05-24T07:34:30.350+0000] {dagbag.py:545} INFO - Filling up the DagBag from /home/airflow/.local/lib/python3.12/site-packages/airflow/example_dags/example_sensors.py
[2024-05-24T07:34:30.354+0000] {processor.py:840} INFO - DAG(s) 'example_sensors' retrieved from /home/airflow/.local/lib/python3.12/site-packages/airflow/example_dags/example_sensors.py
[2024-05-24T07:34:30.364+0000] {logging_mixin.py:188} INFO - [2024-05-24T07:34:30.364+0000] {dag.py:3096} INFO - Sync 1 DAGs
[2024-05-24T07:34:30.369+0000] {logging_mixin.py:188} INFO - [2024-05-24T07:34:30.368+0000] {dag.py:3954} INFO - Setting next_dagrun for example_sensors to None, run_after=None
[2024-05-24T07:34:30.375+0000] {processor.py:183} INFO - Processing /home/airflow/.local/lib/python3.12/site-packages/airflow/example_dags/example_sensors.py took 0.028 seconds
[2024-05-24T07:35:00.774+0000] {processor.py:161} INFO - Started process (PID=13196) to work on /home/airflow/.local/lib/python3.12/site-packages/airflow/example_dags/example_sensors.py
[2024-05-24T07:35:00.774+0000] {processor.py:830} INFO - Processing file /home/airflow/.local/lib/python3.12/site-packages/airflow/example_dags/example_sensors.py for tasks to queue
[2024-05-24T07:35:00.775+0000] {logging_mixin.py:188} INFO - [2024-05-24T07:35:00.775+0000] {dagbag.py:545} INFO - Filling up the DagBag from /home/airflow/.local/lib/python3.12/site-packages/airflow/example_dags/example_sensors.py
[2024-05-24T07:35:00.778+0000] {processor.py:840} INFO - DAG(s) 'example_sensors' retrieved from /home/airflow/.local/lib/python3.12/site-packages/airflow/example_dags/example_sensors.py
[2024-05-24T07:35:00.788+0000] {logging_mixin.py:188} INFO - [2024-05-24T07:35:00.788+0000] {dag.py:3096} INFO - Sync 1 DAGs
[2024-05-24T07:35:00.793+0000] {logging_mixin.py:188} INFO - [2024-05-24T07:35:00.793+0000] {dag.py:3954} INFO - Setting next_dagrun for example_sensors to None, run_after=None
[2024-05-24T07:35:00.799+0000] {processor.py:183} INFO - Processing /home/airflow/.local/lib/python3.12/site-packages/airflow/example_dags/example_sensors.py took 0.028 seconds
[2024-05-24T07:35:31.131+0000] {processor.py:161} INFO - Started process (PID=13458) to work on /home/airflow/.local/lib/python3.12/site-packages/airflow/example_dags/example_sensors.py
[2024-05-24T07:35:31.131+0000] {processor.py:830} INFO - Processing file /home/airflow/.local/lib/python3.12/site-packages/airflow/example_dags/example_sensors.py for tasks to queue
[2024-05-24T07:35:31.132+0000] {logging_mixin.py:188} INFO - [2024-05-24T07:35:31.132+0000] {dagbag.py:545} INFO - Filling up the DagBag from /home/airflow/.local/lib/python3.12/site-packages/airflow/example_dags/example_sensors.py
[2024-05-24T07:35:31.136+0000] {processor.py:840} INFO - DAG(s) 'example_sensors' retrieved from /home/airflow/.local/lib/python3.12/site-packages/airflow/example_dags/example_sensors.py
[2024-05-24T07:35:31.146+0000] {logging_mixin.py:188} INFO - [2024-05-24T07:35:31.146+0000] {dag.py:3096} INFO - Sync 1 DAGs
[2024-05-24T07:35:31.151+0000] {logging_mixin.py:188} INFO - [2024-05-24T07:35:31.151+0000] {dag.py:3954} INFO - Setting next_dagrun for example_sensors to None, run_after=None
[2024-05-24T07:35:31.157+0000] {processor.py:183} INFO - Processing /home/airflow/.local/lib/python3.12/site-packages/airflow/example_dags/example_sensors.py took 0.029 seconds
[2024-05-24T07:36:01.479+0000] {processor.py:161} INFO - Started process (PID=13720) to work on /home/airflow/.local/lib/python3.12/site-packages/airflow/example_dags/example_sensors.py
[2024-05-24T07:36:01.479+0000] {processor.py:830} INFO - Processing file /home/airflow/.local/lib/python3.12/site-packages/airflow/example_dags/example_sensors.py for tasks to queue
[2024-05-24T07:36:01.480+0000] {logging_mixin.py:188} INFO - [2024-05-24T07:36:01.480+0000] {dagbag.py:545} INFO - Filling up the DagBag from /home/airflow/.local/lib/python3.12/site-packages/airflow/example_dags/example_sensors.py
[2024-05-24T07:36:01.483+0000] {processor.py:840} INFO - DAG(s) 'example_sensors' retrieved from /home/airflow/.local/lib/python3.12/site-packages/airflow/example_dags/example_sensors.py
[2024-05-24T07:36:01.493+0000] {logging_mixin.py:188} INFO - [2024-05-24T07:36:01.493+0000] {dag.py:3096} INFO - Sync 1 DAGs
[2024-05-24T07:36:01.498+0000] {logging_mixin.py:188} INFO - [2024-05-24T07:36:01.498+0000] {dag.py:3954} INFO - Setting next_dagrun for example_sensors to None, run_after=None
[2024-05-24T07:36:01.505+0000] {processor.py:183} INFO - Processing /home/airflow/.local/lib/python3.12/site-packages/airflow/example_dags/example_sensors.py took 0.029 seconds
[2024-05-24T07:36:31.963+0000] {processor.py:161} INFO - Started process (PID=13982) to work on /home/airflow/.local/lib/python3.12/site-packages/airflow/example_dags/example_sensors.py
[2024-05-24T07:36:31.963+0000] {processor.py:830} INFO - Processing file /home/airflow/.local/lib/python3.12/site-packages/airflow/example_dags/example_sensors.py for tasks to queue
[2024-05-24T07:36:31.964+0000] {logging_mixin.py:188} INFO - [2024-05-24T07:36:31.964+0000] {dagbag.py:545} INFO - Filling up the DagBag from /home/airflow/.local/lib/python3.12/site-packages/airflow/example_dags/example_sensors.py
[2024-05-24T07:36:31.968+0000] {processor.py:840} INFO - DAG(s) 'example_sensors' retrieved from /home/airflow/.local/lib/python3.12/site-packages/airflow/example_dags/example_sensors.py
[2024-05-24T07:36:31.978+0000] {logging_mixin.py:188} INFO - [2024-05-24T07:36:31.978+0000] {dag.py:3096} INFO - Sync 1 DAGs
[2024-05-24T07:36:31.983+0000] {logging_mixin.py:188} INFO - [2024-05-24T07:36:31.982+0000] {dag.py:3954} INFO - Setting next_dagrun for example_sensors to None, run_after=None
[2024-05-24T07:36:31.989+0000] {processor.py:183} INFO - Processing /home/airflow/.local/lib/python3.12/site-packages/airflow/example_dags/example_sensors.py took 0.028 seconds
[2024-05-24T07:37:02.318+0000] {processor.py:161} INFO - Started process (PID=14244) to work on /home/airflow/.local/lib/python3.12/site-packages/airflow/example_dags/example_sensors.py
[2024-05-24T07:37:02.319+0000] {processor.py:830} INFO - Processing file /home/airflow/.local/lib/python3.12/site-packages/airflow/example_dags/example_sensors.py for tasks to queue
[2024-05-24T07:37:02.319+0000] {logging_mixin.py:188} INFO - [2024-05-24T07:37:02.319+0000] {dagbag.py:545} INFO - Filling up the DagBag from /home/airflow/.local/lib/python3.12/site-packages/airflow/example_dags/example_sensors.py
[2024-05-24T07:37:02.323+0000] {processor.py:840} INFO - DAG(s) 'example_sensors' retrieved from /home/airflow/.local/lib/python3.12/site-packages/airflow/example_dags/example_sensors.py
[2024-05-24T07:37:02.333+0000] {logging_mixin.py:188} INFO - [2024-05-24T07:37:02.333+0000] {dag.py:3096} INFO - Sync 1 DAGs
[2024-05-24T07:37:02.338+0000] {logging_mixin.py:188} INFO - [2024-05-24T07:37:02.337+0000] {dag.py:3954} INFO - Setting next_dagrun for example_sensors to None, run_after=None
[2024-05-24T07:37:02.348+0000] {processor.py:183} INFO - Processing /home/airflow/.local/lib/python3.12/site-packages/airflow/example_dags/example_sensors.py took 0.032 seconds
[2024-05-24T07:37:32.792+0000] {processor.py:161} INFO - Started process (PID=14506) to work on /home/airflow/.local/lib/python3.12/site-packages/airflow/example_dags/example_sensors.py
[2024-05-24T07:37:32.792+0000] {processor.py:830} INFO - Processing file /home/airflow/.local/lib/python3.12/site-packages/airflow/example_dags/example_sensors.py for tasks to queue
[2024-05-24T07:37:32.793+0000] {logging_mixin.py:188} INFO - [2024-05-24T07:37:32.793+0000] {dagbag.py:545} INFO - Filling up the DagBag from /home/airflow/.local/lib/python3.12/site-packages/airflow/example_dags/example_sensors.py
[2024-05-24T07:37:32.797+0000] {processor.py:840} INFO - DAG(s) 'example_sensors' retrieved from /home/airflow/.local/lib/python3.12/site-packages/airflow/example_dags/example_sensors.py
[2024-05-24T07:37:32.806+0000] {logging_mixin.py:188} INFO - [2024-05-24T07:37:32.806+0000] {dag.py:3096} INFO - Sync 1 DAGs
[2024-05-24T07:37:32.811+0000] {logging_mixin.py:188} INFO - [2024-05-24T07:37:32.810+0000] {dag.py:3954} INFO - Setting next_dagrun for example_sensors to None, run_after=None
[2024-05-24T07:37:32.817+0000] {processor.py:183} INFO - Processing /home/airflow/.local/lib/python3.12/site-packages/airflow/example_dags/example_sensors.py took 0.027 seconds
[2024-05-24T07:38:03.209+0000] {processor.py:161} INFO - Started process (PID=14768) to work on /home/airflow/.local/lib/python3.12/site-packages/airflow/example_dags/example_sensors.py
[2024-05-24T07:38:03.209+0000] {processor.py:830} INFO - Processing file /home/airflow/.local/lib/python3.12/site-packages/airflow/example_dags/example_sensors.py for tasks to queue
[2024-05-24T07:38:03.210+0000] {logging_mixin.py:188} INFO - [2024-05-24T07:38:03.210+0000] {dagbag.py:545} INFO - Filling up the DagBag from /home/airflow/.local/lib/python3.12/site-packages/airflow/example_dags/example_sensors.py
[2024-05-24T07:38:03.214+0000] {processor.py:840} INFO - DAG(s) 'example_sensors' retrieved from /home/airflow/.local/lib/python3.12/site-packages/airflow/example_dags/example_sensors.py
[2024-05-24T07:38:03.224+0000] {logging_mixin.py:188} INFO - [2024-05-24T07:38:03.224+0000] {dag.py:3096} INFO - Sync 1 DAGs
[2024-05-24T07:38:03.229+0000] {logging_mixin.py:188} INFO - [2024-05-24T07:38:03.229+0000] {dag.py:3954} INFO - Setting next_dagrun for example_sensors to None, run_after=None
[2024-05-24T07:38:03.236+0000] {processor.py:183} INFO - Processing /home/airflow/.local/lib/python3.12/site-packages/airflow/example_dags/example_sensors.py took 0.029 seconds
[2024-05-24T07:38:33.545+0000] {processor.py:161} INFO - Started process (PID=15030) to work on /home/airflow/.local/lib/python3.12/site-packages/airflow/example_dags/example_sensors.py
[2024-05-24T07:38:33.546+0000] {processor.py:830} INFO - Processing file /home/airflow/.local/lib/python3.12/site-packages/airflow/example_dags/example_sensors.py for tasks to queue
[2024-05-24T07:38:33.546+0000] {logging_mixin.py:188} INFO - [2024-05-24T07:38:33.546+0000] {dagbag.py:545} INFO - Filling up the DagBag from /home/airflow/.local/lib/python3.12/site-packages/airflow/example_dags/example_sensors.py
[2024-05-24T07:38:33.550+0000] {processor.py:840} INFO - DAG(s) 'example_sensors' retrieved from /home/airflow/.local/lib/python3.12/site-packages/airflow/example_dags/example_sensors.py
[2024-05-24T07:38:33.560+0000] {logging_mixin.py:188} INFO - [2024-05-24T07:38:33.560+0000] {dag.py:3096} INFO - Sync 1 DAGs
[2024-05-24T07:38:33.565+0000] {logging_mixin.py:188} INFO - [2024-05-24T07:38:33.564+0000] {dag.py:3954} INFO - Setting next_dagrun for example_sensors to None, run_after=None
[2024-05-24T07:38:33.571+0000] {processor.py:183} INFO - Processing /home/airflow/.local/lib/python3.12/site-packages/airflow/example_dags/example_sensors.py took 0.028 seconds
[2024-05-24T07:39:03.890+0000] {processor.py:161} INFO - Started process (PID=15292) to work on /home/airflow/.local/lib/python3.12/site-packages/airflow/example_dags/example_sensors.py
[2024-05-24T07:39:03.890+0000] {processor.py:830} INFO - Processing file /home/airflow/.local/lib/python3.12/site-packages/airflow/example_dags/example_sensors.py for tasks to queue
[2024-05-24T07:39:03.891+0000] {logging_mixin.py:188} INFO - [2024-05-24T07:39:03.891+0000] {dagbag.py:545} INFO - Filling up the DagBag from /home/airflow/.local/lib/python3.12/site-packages/airflow/example_dags/example_sensors.py
[2024-05-24T07:39:03.896+0000] {processor.py:840} INFO - DAG(s) 'example_sensors' retrieved from /home/airflow/.local/lib/python3.12/site-packages/airflow/example_dags/example_sensors.py
[2024-05-24T07:39:03.907+0000] {logging_mixin.py:188} INFO - [2024-05-24T07:39:03.907+0000] {dag.py:3096} INFO - Sync 1 DAGs
[2024-05-24T07:39:03.913+0000] {logging_mixin.py:188} INFO - [2024-05-24T07:39:03.913+0000] {dag.py:3954} INFO - Setting next_dagrun for example_sensors to None, run_after=None
[2024-05-24T07:39:03.921+0000] {processor.py:183} INFO - Processing /home/airflow/.local/lib/python3.12/site-packages/airflow/example_dags/example_sensors.py took 0.034 seconds
[2024-05-24T07:39:34.225+0000] {processor.py:161} INFO - Started process (PID=15553) to work on /home/airflow/.local/lib/python3.12/site-packages/airflow/example_dags/example_sensors.py
[2024-05-24T07:39:34.226+0000] {processor.py:830} INFO - Processing file /home/airflow/.local/lib/python3.12/site-packages/airflow/example_dags/example_sensors.py for tasks to queue
[2024-05-24T07:39:34.227+0000] {logging_mixin.py:188} INFO - [2024-05-24T07:39:34.226+0000] {dagbag.py:545} INFO - Filling up the DagBag from /home/airflow/.local/lib/python3.12/site-packages/airflow/example_dags/example_sensors.py
[2024-05-24T07:39:34.230+0000] {processor.py:840} INFO - DAG(s) 'example_sensors' retrieved from /home/airflow/.local/lib/python3.12/site-packages/airflow/example_dags/example_sensors.py
[2024-05-24T07:39:34.240+0000] {logging_mixin.py:188} INFO - [2024-05-24T07:39:34.240+0000] {dag.py:3096} INFO - Sync 1 DAGs
[2024-05-24T07:39:34.245+0000] {logging_mixin.py:188} INFO - [2024-05-24T07:39:34.245+0000] {dag.py:3954} INFO - Setting next_dagrun for example_sensors to None, run_after=None
[2024-05-24T07:39:34.251+0000] {processor.py:183} INFO - Processing /home/airflow/.local/lib/python3.12/site-packages/airflow/example_dags/example_sensors.py took 0.028 seconds
[2024-05-24T07:40:04.713+0000] {processor.py:161} INFO - Started process (PID=15815) to work on /home/airflow/.local/lib/python3.12/site-packages/airflow/example_dags/example_sensors.py
[2024-05-24T07:40:04.713+0000] {processor.py:830} INFO - Processing file /home/airflow/.local/lib/python3.12/site-packages/airflow/example_dags/example_sensors.py for tasks to queue
[2024-05-24T07:40:04.714+0000] {logging_mixin.py:188} INFO - [2024-05-24T07:40:04.714+0000] {dagbag.py:545} INFO - Filling up the DagBag from /home/airflow/.local/lib/python3.12/site-packages/airflow/example_dags/example_sensors.py
[2024-05-24T07:40:04.718+0000] {processor.py:840} INFO - DAG(s) 'example_sensors' retrieved from /home/airflow/.local/lib/python3.12/site-packages/airflow/example_dags/example_sensors.py
[2024-05-24T07:40:04.727+0000] {logging_mixin.py:188} INFO - [2024-05-24T07:40:04.727+0000] {dag.py:3096} INFO - Sync 1 DAGs
[2024-05-24T07:40:04.732+0000] {logging_mixin.py:188} INFO - [2024-05-24T07:40:04.732+0000] {dag.py:3954} INFO - Setting next_dagrun for example_sensors to None, run_after=None
[2024-05-24T07:40:04.739+0000] {processor.py:183} INFO - Processing /home/airflow/.local/lib/python3.12/site-packages/airflow/example_dags/example_sensors.py took 0.028 seconds
[2024-05-24T07:40:35.171+0000] {processor.py:161} INFO - Started process (PID=16077) to work on /home/airflow/.local/lib/python3.12/site-packages/airflow/example_dags/example_sensors.py
[2024-05-24T07:40:35.172+0000] {processor.py:830} INFO - Processing file /home/airflow/.local/lib/python3.12/site-packages/airflow/example_dags/example_sensors.py for tasks to queue
[2024-05-24T07:40:35.172+0000] {logging_mixin.py:188} INFO - [2024-05-24T07:40:35.172+0000] {dagbag.py:545} INFO - Filling up the DagBag from /home/airflow/.local/lib/python3.12/site-packages/airflow/example_dags/example_sensors.py
[2024-05-24T07:40:35.176+0000] {processor.py:840} INFO - DAG(s) 'example_sensors' retrieved from /home/airflow/.local/lib/python3.12/site-packages/airflow/example_dags/example_sensors.py
[2024-05-24T07:40:35.186+0000] {logging_mixin.py:188} INFO - [2024-05-24T07:40:35.186+0000] {dag.py:3096} INFO - Sync 1 DAGs
[2024-05-24T07:40:35.191+0000] {logging_mixin.py:188} INFO - [2024-05-24T07:40:35.191+0000] {dag.py:3954} INFO - Setting next_dagrun for example_sensors to None, run_after=None
[2024-05-24T07:40:35.197+0000] {processor.py:183} INFO - Processing /home/airflow/.local/lib/python3.12/site-packages/airflow/example_dags/example_sensors.py took 0.029 seconds
[2024-05-24T07:41:05.535+0000] {processor.py:161} INFO - Started process (PID=16339) to work on /home/airflow/.local/lib/python3.12/site-packages/airflow/example_dags/example_sensors.py
[2024-05-24T07:41:05.535+0000] {processor.py:830} INFO - Processing file /home/airflow/.local/lib/python3.12/site-packages/airflow/example_dags/example_sensors.py for tasks to queue
[2024-05-24T07:41:05.536+0000] {logging_mixin.py:188} INFO - [2024-05-24T07:41:05.536+0000] {dagbag.py:545} INFO - Filling up the DagBag from /home/airflow/.local/lib/python3.12/site-packages/airflow/example_dags/example_sensors.py
[2024-05-24T07:41:05.539+0000] {processor.py:840} INFO - DAG(s) 'example_sensors' retrieved from /home/airflow/.local/lib/python3.12/site-packages/airflow/example_dags/example_sensors.py
[2024-05-24T07:41:05.549+0000] {logging_mixin.py:188} INFO - [2024-05-24T07:41:05.549+0000] {dag.py:3096} INFO - Sync 1 DAGs
[2024-05-24T07:41:05.554+0000] {logging_mixin.py:188} INFO - [2024-05-24T07:41:05.554+0000] {dag.py:3954} INFO - Setting next_dagrun for example_sensors to None, run_after=None
[2024-05-24T07:41:05.561+0000] {processor.py:183} INFO - Processing /home/airflow/.local/lib/python3.12/site-packages/airflow/example_dags/example_sensors.py took 0.028 seconds
[2024-05-24T07:41:35.866+0000] {processor.py:161} INFO - Started process (PID=16601) to work on /home/airflow/.local/lib/python3.12/site-packages/airflow/example_dags/example_sensors.py
[2024-05-24T07:41:35.866+0000] {processor.py:830} INFO - Processing file /home/airflow/.local/lib/python3.12/site-packages/airflow/example_dags/example_sensors.py for tasks to queue
[2024-05-24T07:41:35.867+0000] {logging_mixin.py:188} INFO - [2024-05-24T07:41:35.867+0000] {dagbag.py:545} INFO - Filling up the DagBag from /home/airflow/.local/lib/python3.12/site-packages/airflow/example_dags/example_sensors.py
[2024-05-24T07:41:35.871+0000] {processor.py:840} INFO - DAG(s) 'example_sensors' retrieved from /home/airflow/.local/lib/python3.12/site-packages/airflow/example_dags/example_sensors.py
[2024-05-24T07:41:35.880+0000] {logging_mixin.py:188} INFO - [2024-05-24T07:41:35.880+0000] {dag.py:3096} INFO - Sync 1 DAGs
[2024-05-24T07:41:35.885+0000] {logging_mixin.py:188} INFO - [2024-05-24T07:41:35.885+0000] {dag.py:3954} INFO - Setting next_dagrun for example_sensors to None, run_after=None
[2024-05-24T07:41:35.891+0000] {processor.py:183} INFO - Processing /home/airflow/.local/lib/python3.12/site-packages/airflow/example_dags/example_sensors.py took 0.028 seconds
[2024-05-24T07:42:06.232+0000] {processor.py:161} INFO - Started process (PID=16863) to work on /home/airflow/.local/lib/python3.12/site-packages/airflow/example_dags/example_sensors.py
[2024-05-24T07:42:06.232+0000] {processor.py:830} INFO - Processing file /home/airflow/.local/lib/python3.12/site-packages/airflow/example_dags/example_sensors.py for tasks to queue
[2024-05-24T07:42:06.233+0000] {logging_mixin.py:188} INFO - [2024-05-24T07:42:06.233+0000] {dagbag.py:545} INFO - Filling up the DagBag from /home/airflow/.local/lib/python3.12/site-packages/airflow/example_dags/example_sensors.py
[2024-05-24T07:42:06.236+0000] {processor.py:840} INFO - DAG(s) 'example_sensors' retrieved from /home/airflow/.local/lib/python3.12/site-packages/airflow/example_dags/example_sensors.py
[2024-05-24T07:42:06.246+0000] {logging_mixin.py:188} INFO - [2024-05-24T07:42:06.246+0000] {dag.py:3096} INFO - Sync 1 DAGs
[2024-05-24T07:42:06.251+0000] {logging_mixin.py:188} INFO - [2024-05-24T07:42:06.251+0000] {dag.py:3954} INFO - Setting next_dagrun for example_sensors to None, run_after=None
[2024-05-24T07:42:06.259+0000] {processor.py:183} INFO - Processing /home/airflow/.local/lib/python3.12/site-packages/airflow/example_dags/example_sensors.py took 0.030 seconds
[2024-05-24T07:42:36.677+0000] {processor.py:161} INFO - Started process (PID=17125) to work on /home/airflow/.local/lib/python3.12/site-packages/airflow/example_dags/example_sensors.py
[2024-05-24T07:42:36.678+0000] {processor.py:830} INFO - Processing file /home/airflow/.local/lib/python3.12/site-packages/airflow/example_dags/example_sensors.py for tasks to queue
[2024-05-24T07:42:36.678+0000] {logging_mixin.py:188} INFO - [2024-05-24T07:42:36.678+0000] {dagbag.py:545} INFO - Filling up the DagBag from /home/airflow/.local/lib/python3.12/site-packages/airflow/example_dags/example_sensors.py
[2024-05-24T07:42:36.682+0000] {processor.py:840} INFO - DAG(s) 'example_sensors' retrieved from /home/airflow/.local/lib/python3.12/site-packages/airflow/example_dags/example_sensors.py
[2024-05-24T07:42:36.691+0000] {logging_mixin.py:188} INFO - [2024-05-24T07:42:36.691+0000] {dag.py:3096} INFO - Sync 1 DAGs
[2024-05-24T07:42:36.696+0000] {logging_mixin.py:188} INFO - [2024-05-24T07:42:36.696+0000] {dag.py:3954} INFO - Setting next_dagrun for example_sensors to None, run_after=None
[2024-05-24T07:42:36.703+0000] {processor.py:183} INFO - Processing /home/airflow/.local/lib/python3.12/site-packages/airflow/example_dags/example_sensors.py took 0.027 seconds
[2024-05-24T07:43:07.070+0000] {processor.py:161} INFO - Started process (PID=17387) to work on /home/airflow/.local/lib/python3.12/site-packages/airflow/example_dags/example_sensors.py
[2024-05-24T07:43:07.071+0000] {processor.py:830} INFO - Processing file /home/airflow/.local/lib/python3.12/site-packages/airflow/example_dags/example_sensors.py for tasks to queue
[2024-05-24T07:43:07.072+0000] {logging_mixin.py:188} INFO - [2024-05-24T07:43:07.071+0000] {dagbag.py:545} INFO - Filling up the DagBag from /home/airflow/.local/lib/python3.12/site-packages/airflow/example_dags/example_sensors.py
[2024-05-24T07:43:07.075+0000] {processor.py:840} INFO - DAG(s) 'example_sensors' retrieved from /home/airflow/.local/lib/python3.12/site-packages/airflow/example_dags/example_sensors.py
[2024-05-24T07:43:07.085+0000] {logging_mixin.py:188} INFO - [2024-05-24T07:43:07.085+0000] {dag.py:3096} INFO - Sync 1 DAGs
[2024-05-24T07:43:07.090+0000] {logging_mixin.py:188} INFO - [2024-05-24T07:43:07.090+0000] {dag.py:3954} INFO - Setting next_dagrun for example_sensors to None, run_after=None
[2024-05-24T07:43:07.096+0000] {processor.py:183} INFO - Processing /home/airflow/.local/lib/python3.12/site-packages/airflow/example_dags/example_sensors.py took 0.028 seconds
[2024-05-24T07:43:37.422+0000] {processor.py:161} INFO - Started process (PID=17649) to work on /home/airflow/.local/lib/python3.12/site-packages/airflow/example_dags/example_sensors.py
[2024-05-24T07:43:37.422+0000] {processor.py:830} INFO - Processing file /home/airflow/.local/lib/python3.12/site-packages/airflow/example_dags/example_sensors.py for tasks to queue
[2024-05-24T07:43:37.423+0000] {logging_mixin.py:188} INFO - [2024-05-24T07:43:37.423+0000] {dagbag.py:545} INFO - Filling up the DagBag from /home/airflow/.local/lib/python3.12/site-packages/airflow/example_dags/example_sensors.py
[2024-05-24T07:43:37.426+0000] {processor.py:840} INFO - DAG(s) 'example_sensors' retrieved from /home/airflow/.local/lib/python3.12/site-packages/airflow/example_dags/example_sensors.py
[2024-05-24T07:43:37.436+0000] {logging_mixin.py:188} INFO - [2024-05-24T07:43:37.436+0000] {dag.py:3096} INFO - Sync 1 DAGs
[2024-05-24T07:43:37.441+0000] {logging_mixin.py:188} INFO - [2024-05-24T07:43:37.441+0000] {dag.py:3954} INFO - Setting next_dagrun for example_sensors to None, run_after=None
[2024-05-24T07:43:37.449+0000] {processor.py:183} INFO - Processing /home/airflow/.local/lib/python3.12/site-packages/airflow/example_dags/example_sensors.py took 0.030 seconds
[2024-05-24T07:44:07.768+0000] {processor.py:161} INFO - Started process (PID=17911) to work on /home/airflow/.local/lib/python3.12/site-packages/airflow/example_dags/example_sensors.py
[2024-05-24T07:44:07.769+0000] {processor.py:830} INFO - Processing file /home/airflow/.local/lib/python3.12/site-packages/airflow/example_dags/example_sensors.py for tasks to queue
[2024-05-24T07:44:07.770+0000] {logging_mixin.py:188} INFO - [2024-05-24T07:44:07.769+0000] {dagbag.py:545} INFO - Filling up the DagBag from /home/airflow/.local/lib/python3.12/site-packages/airflow/example_dags/example_sensors.py
[2024-05-24T07:44:07.773+0000] {processor.py:840} INFO - DAG(s) 'example_sensors' retrieved from /home/airflow/.local/lib/python3.12/site-packages/airflow/example_dags/example_sensors.py
[2024-05-24T07:44:07.783+0000] {logging_mixin.py:188} INFO - [2024-05-24T07:44:07.783+0000] {dag.py:3096} INFO - Sync 1 DAGs
[2024-05-24T07:44:07.788+0000] {logging_mixin.py:188} INFO - [2024-05-24T07:44:07.788+0000] {dag.py:3954} INFO - Setting next_dagrun for example_sensors to None, run_after=None
[2024-05-24T07:44:07.794+0000] {processor.py:183} INFO - Processing /home/airflow/.local/lib/python3.12/site-packages/airflow/example_dags/example_sensors.py took 0.028 seconds
[2024-05-24T07:44:38.083+0000] {processor.py:161} INFO - Started process (PID=18173) to work on /home/airflow/.local/lib/python3.12/site-packages/airflow/example_dags/example_sensors.py
[2024-05-24T07:44:38.084+0000] {processor.py:830} INFO - Processing file /home/airflow/.local/lib/python3.12/site-packages/airflow/example_dags/example_sensors.py for tasks to queue
[2024-05-24T07:44:38.084+0000] {logging_mixin.py:188} INFO - [2024-05-24T07:44:38.084+0000] {dagbag.py:545} INFO - Filling up the DagBag from /home/airflow/.local/lib/python3.12/site-packages/airflow/example_dags/example_sensors.py
[2024-05-24T07:44:38.088+0000] {processor.py:840} INFO - DAG(s) 'example_sensors' retrieved from /home/airflow/.local/lib/python3.12/site-packages/airflow/example_dags/example_sensors.py
[2024-05-24T07:44:38.097+0000] {logging_mixin.py:188} INFO - [2024-05-24T07:44:38.097+0000] {dag.py:3096} INFO - Sync 1 DAGs
[2024-05-24T07:44:38.101+0000] {logging_mixin.py:188} INFO - [2024-05-24T07:44:38.101+0000] {dag.py:3954} INFO - Setting next_dagrun for example_sensors to None, run_after=None
[2024-05-24T07:44:38.109+0000] {processor.py:183} INFO - Processing /home/airflow/.local/lib/python3.12/site-packages/airflow/example_dags/example_sensors.py took 0.028 seconds
