[2024-05-24T05:45:20.532+0000] {processor.py:161} INFO - Started process (PID=288) to work on /home/airflow/.local/lib/python3.12/site-packages/airflow/example_dags/example_branch_operator.py
[2024-05-24T05:45:20.532+0000] {processor.py:830} INFO - Processing file /home/airflow/.local/lib/python3.12/site-packages/airflow/example_dags/example_branch_operator.py for tasks to queue
[2024-05-24T05:45:20.533+0000] {logging_mixin.py:188} INFO - [2024-05-24T05:45:20.533+0000] {dagbag.py:545} INFO - Filling up the DagBag from /home/airflow/.local/lib/python3.12/site-packages/airflow/example_dags/example_branch_operator.py
[2024-05-24T05:45:20.542+0000] {processor.py:840} INFO - DAG(s) 'example_branch_operator' retrieved from /home/airflow/.local/lib/python3.12/site-packages/airflow/example_dags/example_branch_operator.py
[2024-05-24T05:45:20.547+0000] {logging_mixin.py:188} INFO - [2024-05-24T05:45:20.547+0000] {dag.py:3096} INFO - Sync 1 DAGs
[2024-05-24T05:45:20.555+0000] {logging_mixin.py:188} INFO - [2024-05-24T05:45:20.555+0000] {dag.py:3954} INFO - Setting next_dagrun for example_branch_operator to 2024-05-23 00:00:00+00:00, run_after=2024-05-24 00:00:00+00:00
[2024-05-24T05:45:20.562+0000] {processor.py:183} INFO - Processing /home/airflow/.local/lib/python3.12/site-packages/airflow/example_dags/example_branch_operator.py took 0.033 seconds
[2024-05-24T05:45:50.918+0000] {processor.py:161} INFO - Started process (PID=548) to work on /home/airflow/.local/lib/python3.12/site-packages/airflow/example_dags/example_branch_operator.py
[2024-05-24T05:45:50.918+0000] {processor.py:830} INFO - Processing file /home/airflow/.local/lib/python3.12/site-packages/airflow/example_dags/example_branch_operator.py for tasks to queue
[2024-05-24T05:45:50.919+0000] {logging_mixin.py:188} INFO - [2024-05-24T05:45:50.919+0000] {dagbag.py:545} INFO - Filling up the DagBag from /home/airflow/.local/lib/python3.12/site-packages/airflow/example_dags/example_branch_operator.py
[2024-05-24T05:45:50.925+0000] {processor.py:840} INFO - DAG(s) 'example_branch_operator' retrieved from /home/airflow/.local/lib/python3.12/site-packages/airflow/example_dags/example_branch_operator.py
[2024-05-24T05:45:50.964+0000] {logging_mixin.py:188} INFO - [2024-05-24T05:45:50.964+0000] {dag.py:3096} INFO - Sync 1 DAGs
[2024-05-24T05:45:50.972+0000] {logging_mixin.py:188} INFO - [2024-05-24T05:45:50.972+0000] {dag.py:3954} INFO - Setting next_dagrun for example_branch_operator to 2024-05-23 00:00:00+00:00, run_after=2024-05-24 00:00:00+00:00
[2024-05-24T05:45:50.978+0000] {processor.py:183} INFO - Processing /home/airflow/.local/lib/python3.12/site-packages/airflow/example_dags/example_branch_operator.py took 0.063 seconds
[2024-05-24T05:46:21.740+0000] {processor.py:161} INFO - Started process (PID=810) to work on /home/airflow/.local/lib/python3.12/site-packages/airflow/example_dags/example_branch_operator.py
[2024-05-24T05:46:21.741+0000] {processor.py:830} INFO - Processing file /home/airflow/.local/lib/python3.12/site-packages/airflow/example_dags/example_branch_operator.py for tasks to queue
[2024-05-24T05:46:21.741+0000] {logging_mixin.py:188} INFO - [2024-05-24T05:46:21.741+0000] {dagbag.py:545} INFO - Filling up the DagBag from /home/airflow/.local/lib/python3.12/site-packages/airflow/example_dags/example_branch_operator.py
[2024-05-24T05:46:21.747+0000] {processor.py:840} INFO - DAG(s) 'example_branch_operator' retrieved from /home/airflow/.local/lib/python3.12/site-packages/airflow/example_dags/example_branch_operator.py
[2024-05-24T05:46:21.758+0000] {logging_mixin.py:188} INFO - [2024-05-24T05:46:21.758+0000] {dag.py:3096} INFO - Sync 1 DAGs
[2024-05-24T05:46:21.766+0000] {logging_mixin.py:188} INFO - [2024-05-24T05:46:21.766+0000] {dag.py:3954} INFO - Setting next_dagrun for example_branch_operator to 2024-05-23 00:00:00+00:00, run_after=2024-05-24 00:00:00+00:00
[2024-05-24T05:46:21.773+0000] {processor.py:183} INFO - Processing /home/airflow/.local/lib/python3.12/site-packages/airflow/example_dags/example_branch_operator.py took 0.035 seconds
[2024-05-24T05:46:52.054+0000] {processor.py:161} INFO - Started process (PID=1072) to work on /home/airflow/.local/lib/python3.12/site-packages/airflow/example_dags/example_branch_operator.py
[2024-05-24T05:46:52.054+0000] {processor.py:830} INFO - Processing file /home/airflow/.local/lib/python3.12/site-packages/airflow/example_dags/example_branch_operator.py for tasks to queue
[2024-05-24T05:46:52.055+0000] {logging_mixin.py:188} INFO - [2024-05-24T05:46:52.055+0000] {dagbag.py:545} INFO - Filling up the DagBag from /home/airflow/.local/lib/python3.12/site-packages/airflow/example_dags/example_branch_operator.py
[2024-05-24T05:46:52.061+0000] {processor.py:840} INFO - DAG(s) 'example_branch_operator' retrieved from /home/airflow/.local/lib/python3.12/site-packages/airflow/example_dags/example_branch_operator.py
[2024-05-24T05:46:52.071+0000] {logging_mixin.py:188} INFO - [2024-05-24T05:46:52.071+0000] {dag.py:3096} INFO - Sync 1 DAGs
[2024-05-24T05:46:52.079+0000] {logging_mixin.py:188} INFO - [2024-05-24T05:46:52.079+0000] {dag.py:3954} INFO - Setting next_dagrun for example_branch_operator to 2024-05-23 00:00:00+00:00, run_after=2024-05-24 00:00:00+00:00
[2024-05-24T05:46:52.085+0000] {processor.py:183} INFO - Processing /home/airflow/.local/lib/python3.12/site-packages/airflow/example_dags/example_branch_operator.py took 0.034 seconds
[2024-05-24T05:47:22.379+0000] {processor.py:161} INFO - Started process (PID=1334) to work on /home/airflow/.local/lib/python3.12/site-packages/airflow/example_dags/example_branch_operator.py
[2024-05-24T05:47:22.380+0000] {processor.py:830} INFO - Processing file /home/airflow/.local/lib/python3.12/site-packages/airflow/example_dags/example_branch_operator.py for tasks to queue
[2024-05-24T05:47:22.380+0000] {logging_mixin.py:188} INFO - [2024-05-24T05:47:22.380+0000] {dagbag.py:545} INFO - Filling up the DagBag from /home/airflow/.local/lib/python3.12/site-packages/airflow/example_dags/example_branch_operator.py
[2024-05-24T05:47:22.387+0000] {processor.py:840} INFO - DAG(s) 'example_branch_operator' retrieved from /home/airflow/.local/lib/python3.12/site-packages/airflow/example_dags/example_branch_operator.py
[2024-05-24T05:47:22.397+0000] {logging_mixin.py:188} INFO - [2024-05-24T05:47:22.397+0000] {dag.py:3096} INFO - Sync 1 DAGs
[2024-05-24T05:47:22.406+0000] {logging_mixin.py:188} INFO - [2024-05-24T05:47:22.405+0000] {dag.py:3954} INFO - Setting next_dagrun for example_branch_operator to 2024-05-23 00:00:00+00:00, run_after=2024-05-24 00:00:00+00:00
[2024-05-24T05:47:22.412+0000] {processor.py:183} INFO - Processing /home/airflow/.local/lib/python3.12/site-packages/airflow/example_dags/example_branch_operator.py took 0.035 seconds
[2024-05-24T05:47:52.731+0000] {processor.py:161} INFO - Started process (PID=1596) to work on /home/airflow/.local/lib/python3.12/site-packages/airflow/example_dags/example_branch_operator.py
[2024-05-24T05:47:52.732+0000] {processor.py:830} INFO - Processing file /home/airflow/.local/lib/python3.12/site-packages/airflow/example_dags/example_branch_operator.py for tasks to queue
[2024-05-24T05:47:52.734+0000] {logging_mixin.py:188} INFO - [2024-05-24T05:47:52.733+0000] {dagbag.py:545} INFO - Filling up the DagBag from /home/airflow/.local/lib/python3.12/site-packages/airflow/example_dags/example_branch_operator.py
[2024-05-24T05:47:52.747+0000] {processor.py:840} INFO - DAG(s) 'example_branch_operator' retrieved from /home/airflow/.local/lib/python3.12/site-packages/airflow/example_dags/example_branch_operator.py
[2024-05-24T05:47:52.767+0000] {logging_mixin.py:188} INFO - [2024-05-24T05:47:52.767+0000] {dag.py:3096} INFO - Sync 1 DAGs
[2024-05-24T05:47:52.783+0000] {logging_mixin.py:188} INFO - [2024-05-24T05:47:52.783+0000] {dag.py:3954} INFO - Setting next_dagrun for example_branch_operator to 2024-05-23 00:00:00+00:00, run_after=2024-05-24 00:00:00+00:00
[2024-05-24T05:47:52.792+0000] {processor.py:183} INFO - Processing /home/airflow/.local/lib/python3.12/site-packages/airflow/example_dags/example_branch_operator.py took 0.065 seconds
[2024-05-24T05:48:23.092+0000] {processor.py:161} INFO - Started process (PID=1858) to work on /home/airflow/.local/lib/python3.12/site-packages/airflow/example_dags/example_branch_operator.py
[2024-05-24T05:48:23.093+0000] {processor.py:830} INFO - Processing file /home/airflow/.local/lib/python3.12/site-packages/airflow/example_dags/example_branch_operator.py for tasks to queue
[2024-05-24T05:48:23.094+0000] {logging_mixin.py:188} INFO - [2024-05-24T05:48:23.094+0000] {dagbag.py:545} INFO - Filling up the DagBag from /home/airflow/.local/lib/python3.12/site-packages/airflow/example_dags/example_branch_operator.py
[2024-05-24T05:48:23.100+0000] {processor.py:840} INFO - DAG(s) 'example_branch_operator' retrieved from /home/airflow/.local/lib/python3.12/site-packages/airflow/example_dags/example_branch_operator.py
[2024-05-24T05:48:23.111+0000] {logging_mixin.py:188} INFO - [2024-05-24T05:48:23.110+0000] {dag.py:3096} INFO - Sync 1 DAGs
[2024-05-24T05:48:23.118+0000] {logging_mixin.py:188} INFO - [2024-05-24T05:48:23.118+0000] {dag.py:3954} INFO - Setting next_dagrun for example_branch_operator to 2024-05-23 00:00:00+00:00, run_after=2024-05-24 00:00:00+00:00
[2024-05-24T05:48:23.124+0000] {processor.py:183} INFO - Processing /home/airflow/.local/lib/python3.12/site-packages/airflow/example_dags/example_branch_operator.py took 0.034 seconds
[2024-05-24T05:48:53.406+0000] {processor.py:161} INFO - Started process (PID=2120) to work on /home/airflow/.local/lib/python3.12/site-packages/airflow/example_dags/example_branch_operator.py
[2024-05-24T05:48:53.406+0000] {processor.py:830} INFO - Processing file /home/airflow/.local/lib/python3.12/site-packages/airflow/example_dags/example_branch_operator.py for tasks to queue
[2024-05-24T05:48:53.407+0000] {logging_mixin.py:188} INFO - [2024-05-24T05:48:53.407+0000] {dagbag.py:545} INFO - Filling up the DagBag from /home/airflow/.local/lib/python3.12/site-packages/airflow/example_dags/example_branch_operator.py
[2024-05-24T05:48:53.413+0000] {processor.py:840} INFO - DAG(s) 'example_branch_operator' retrieved from /home/airflow/.local/lib/python3.12/site-packages/airflow/example_dags/example_branch_operator.py
[2024-05-24T05:48:53.424+0000] {logging_mixin.py:188} INFO - [2024-05-24T05:48:53.424+0000] {dag.py:3096} INFO - Sync 1 DAGs
[2024-05-24T05:48:53.432+0000] {logging_mixin.py:188} INFO - [2024-05-24T05:48:53.432+0000] {dag.py:3954} INFO - Setting next_dagrun for example_branch_operator to 2024-05-23 00:00:00+00:00, run_after=2024-05-24 00:00:00+00:00
[2024-05-24T05:48:53.438+0000] {processor.py:183} INFO - Processing /home/airflow/.local/lib/python3.12/site-packages/airflow/example_dags/example_branch_operator.py took 0.035 seconds
[2024-05-24T05:49:23.734+0000] {processor.py:161} INFO - Started process (PID=2382) to work on /home/airflow/.local/lib/python3.12/site-packages/airflow/example_dags/example_branch_operator.py
[2024-05-24T05:49:23.734+0000] {processor.py:830} INFO - Processing file /home/airflow/.local/lib/python3.12/site-packages/airflow/example_dags/example_branch_operator.py for tasks to queue
[2024-05-24T05:49:23.735+0000] {logging_mixin.py:188} INFO - [2024-05-24T05:49:23.735+0000] {dagbag.py:545} INFO - Filling up the DagBag from /home/airflow/.local/lib/python3.12/site-packages/airflow/example_dags/example_branch_operator.py
[2024-05-24T05:49:23.741+0000] {processor.py:840} INFO - DAG(s) 'example_branch_operator' retrieved from /home/airflow/.local/lib/python3.12/site-packages/airflow/example_dags/example_branch_operator.py
[2024-05-24T05:49:23.752+0000] {logging_mixin.py:188} INFO - [2024-05-24T05:49:23.751+0000] {dag.py:3096} INFO - Sync 1 DAGs
[2024-05-24T05:49:23.760+0000] {logging_mixin.py:188} INFO - [2024-05-24T05:49:23.760+0000] {dag.py:3954} INFO - Setting next_dagrun for example_branch_operator to 2024-05-23 00:00:00+00:00, run_after=2024-05-24 00:00:00+00:00
[2024-05-24T05:49:23.768+0000] {processor.py:183} INFO - Processing /home/airflow/.local/lib/python3.12/site-packages/airflow/example_dags/example_branch_operator.py took 0.036 seconds
[2024-05-24T05:49:54.012+0000] {processor.py:161} INFO - Started process (PID=2644) to work on /home/airflow/.local/lib/python3.12/site-packages/airflow/example_dags/example_branch_operator.py
[2024-05-24T05:49:54.013+0000] {processor.py:830} INFO - Processing file /home/airflow/.local/lib/python3.12/site-packages/airflow/example_dags/example_branch_operator.py for tasks to queue
[2024-05-24T05:49:54.014+0000] {logging_mixin.py:188} INFO - [2024-05-24T05:49:54.013+0000] {dagbag.py:545} INFO - Filling up the DagBag from /home/airflow/.local/lib/python3.12/site-packages/airflow/example_dags/example_branch_operator.py
[2024-05-24T05:49:54.020+0000] {processor.py:840} INFO - DAG(s) 'example_branch_operator' retrieved from /home/airflow/.local/lib/python3.12/site-packages/airflow/example_dags/example_branch_operator.py
[2024-05-24T05:49:54.031+0000] {logging_mixin.py:188} INFO - [2024-05-24T05:49:54.031+0000] {dag.py:3096} INFO - Sync 1 DAGs
[2024-05-24T05:49:54.039+0000] {logging_mixin.py:188} INFO - [2024-05-24T05:49:54.039+0000] {dag.py:3954} INFO - Setting next_dagrun for example_branch_operator to 2024-05-23 00:00:00+00:00, run_after=2024-05-24 00:00:00+00:00
[2024-05-24T05:49:54.046+0000] {processor.py:183} INFO - Processing /home/airflow/.local/lib/python3.12/site-packages/airflow/example_dags/example_branch_operator.py took 0.036 seconds
[2024-05-24T05:50:24.435+0000] {processor.py:161} INFO - Started process (PID=2906) to work on /home/airflow/.local/lib/python3.12/site-packages/airflow/example_dags/example_branch_operator.py
[2024-05-24T05:50:24.436+0000] {processor.py:830} INFO - Processing file /home/airflow/.local/lib/python3.12/site-packages/airflow/example_dags/example_branch_operator.py for tasks to queue
[2024-05-24T05:50:24.437+0000] {logging_mixin.py:188} INFO - [2024-05-24T05:50:24.437+0000] {dagbag.py:545} INFO - Filling up the DagBag from /home/airflow/.local/lib/python3.12/site-packages/airflow/example_dags/example_branch_operator.py
[2024-05-24T05:50:24.443+0000] {processor.py:840} INFO - DAG(s) 'example_branch_operator' retrieved from /home/airflow/.local/lib/python3.12/site-packages/airflow/example_dags/example_branch_operator.py
[2024-05-24T05:50:24.454+0000] {logging_mixin.py:188} INFO - [2024-05-24T05:50:24.454+0000] {dag.py:3096} INFO - Sync 1 DAGs
[2024-05-24T05:50:24.463+0000] {logging_mixin.py:188} INFO - [2024-05-24T05:50:24.463+0000] {dag.py:3954} INFO - Setting next_dagrun for example_branch_operator to 2024-05-23 00:00:00+00:00, run_after=2024-05-24 00:00:00+00:00
[2024-05-24T05:50:24.469+0000] {processor.py:183} INFO - Processing /home/airflow/.local/lib/python3.12/site-packages/airflow/example_dags/example_branch_operator.py took 0.037 seconds
[2024-05-24T05:50:54.743+0000] {processor.py:161} INFO - Started process (PID=3168) to work on /home/airflow/.local/lib/python3.12/site-packages/airflow/example_dags/example_branch_operator.py
[2024-05-24T05:50:54.744+0000] {processor.py:830} INFO - Processing file /home/airflow/.local/lib/python3.12/site-packages/airflow/example_dags/example_branch_operator.py for tasks to queue
[2024-05-24T05:50:54.745+0000] {logging_mixin.py:188} INFO - [2024-05-24T05:50:54.744+0000] {dagbag.py:545} INFO - Filling up the DagBag from /home/airflow/.local/lib/python3.12/site-packages/airflow/example_dags/example_branch_operator.py
[2024-05-24T05:50:54.751+0000] {processor.py:840} INFO - DAG(s) 'example_branch_operator' retrieved from /home/airflow/.local/lib/python3.12/site-packages/airflow/example_dags/example_branch_operator.py
[2024-05-24T05:50:54.761+0000] {logging_mixin.py:188} INFO - [2024-05-24T05:50:54.761+0000] {dag.py:3096} INFO - Sync 1 DAGs
[2024-05-24T05:50:54.770+0000] {logging_mixin.py:188} INFO - [2024-05-24T05:50:54.770+0000] {dag.py:3954} INFO - Setting next_dagrun for example_branch_operator to 2024-05-23 00:00:00+00:00, run_after=2024-05-24 00:00:00+00:00
[2024-05-24T05:50:54.777+0000] {processor.py:183} INFO - Processing /home/airflow/.local/lib/python3.12/site-packages/airflow/example_dags/example_branch_operator.py took 0.036 seconds
[2024-05-24T05:51:25.086+0000] {processor.py:161} INFO - Started process (PID=3430) to work on /home/airflow/.local/lib/python3.12/site-packages/airflow/example_dags/example_branch_operator.py
[2024-05-24T05:51:25.086+0000] {processor.py:830} INFO - Processing file /home/airflow/.local/lib/python3.12/site-packages/airflow/example_dags/example_branch_operator.py for tasks to queue
[2024-05-24T05:51:25.087+0000] {logging_mixin.py:188} INFO - [2024-05-24T05:51:25.087+0000] {dagbag.py:545} INFO - Filling up the DagBag from /home/airflow/.local/lib/python3.12/site-packages/airflow/example_dags/example_branch_operator.py
[2024-05-24T05:51:25.093+0000] {processor.py:840} INFO - DAG(s) 'example_branch_operator' retrieved from /home/airflow/.local/lib/python3.12/site-packages/airflow/example_dags/example_branch_operator.py
[2024-05-24T05:51:25.103+0000] {logging_mixin.py:188} INFO - [2024-05-24T05:51:25.103+0000] {dag.py:3096} INFO - Sync 1 DAGs
[2024-05-24T05:51:25.111+0000] {logging_mixin.py:188} INFO - [2024-05-24T05:51:25.111+0000] {dag.py:3954} INFO - Setting next_dagrun for example_branch_operator to 2024-05-23 00:00:00+00:00, run_after=2024-05-24 00:00:00+00:00
[2024-05-24T05:51:25.119+0000] {processor.py:183} INFO - Processing /home/airflow/.local/lib/python3.12/site-packages/airflow/example_dags/example_branch_operator.py took 0.036 seconds
[2024-05-24T05:51:55.397+0000] {processor.py:161} INFO - Started process (PID=3692) to work on /home/airflow/.local/lib/python3.12/site-packages/airflow/example_dags/example_branch_operator.py
[2024-05-24T05:51:55.398+0000] {processor.py:830} INFO - Processing file /home/airflow/.local/lib/python3.12/site-packages/airflow/example_dags/example_branch_operator.py for tasks to queue
[2024-05-24T05:51:55.399+0000] {logging_mixin.py:188} INFO - [2024-05-24T05:51:55.398+0000] {dagbag.py:545} INFO - Filling up the DagBag from /home/airflow/.local/lib/python3.12/site-packages/airflow/example_dags/example_branch_operator.py
[2024-05-24T05:51:55.405+0000] {processor.py:840} INFO - DAG(s) 'example_branch_operator' retrieved from /home/airflow/.local/lib/python3.12/site-packages/airflow/example_dags/example_branch_operator.py
[2024-05-24T05:51:55.416+0000] {logging_mixin.py:188} INFO - [2024-05-24T05:51:55.416+0000] {dag.py:3096} INFO - Sync 1 DAGs
[2024-05-24T05:51:55.424+0000] {logging_mixin.py:188} INFO - [2024-05-24T05:51:55.424+0000] {dag.py:3954} INFO - Setting next_dagrun for example_branch_operator to 2024-05-23 00:00:00+00:00, run_after=2024-05-24 00:00:00+00:00
[2024-05-24T05:51:55.430+0000] {processor.py:183} INFO - Processing /home/airflow/.local/lib/python3.12/site-packages/airflow/example_dags/example_branch_operator.py took 0.035 seconds
[2024-05-24T05:52:25.692+0000] {processor.py:161} INFO - Started process (PID=3954) to work on /home/airflow/.local/lib/python3.12/site-packages/airflow/example_dags/example_branch_operator.py
[2024-05-24T05:52:25.692+0000] {processor.py:830} INFO - Processing file /home/airflow/.local/lib/python3.12/site-packages/airflow/example_dags/example_branch_operator.py for tasks to queue
[2024-05-24T05:52:25.693+0000] {logging_mixin.py:188} INFO - [2024-05-24T05:52:25.693+0000] {dagbag.py:545} INFO - Filling up the DagBag from /home/airflow/.local/lib/python3.12/site-packages/airflow/example_dags/example_branch_operator.py
[2024-05-24T05:52:25.699+0000] {processor.py:840} INFO - DAG(s) 'example_branch_operator' retrieved from /home/airflow/.local/lib/python3.12/site-packages/airflow/example_dags/example_branch_operator.py
[2024-05-24T05:52:25.709+0000] {logging_mixin.py:188} INFO - [2024-05-24T05:52:25.709+0000] {dag.py:3096} INFO - Sync 1 DAGs
[2024-05-24T05:52:25.717+0000] {logging_mixin.py:188} INFO - [2024-05-24T05:52:25.717+0000] {dag.py:3954} INFO - Setting next_dagrun for example_branch_operator to 2024-05-23 00:00:00+00:00, run_after=2024-05-24 00:00:00+00:00
[2024-05-24T05:52:25.723+0000] {processor.py:183} INFO - Processing /home/airflow/.local/lib/python3.12/site-packages/airflow/example_dags/example_branch_operator.py took 0.034 seconds
[2024-05-24T05:52:55.978+0000] {processor.py:161} INFO - Started process (PID=4218) to work on /home/airflow/.local/lib/python3.12/site-packages/airflow/example_dags/example_branch_operator.py
[2024-05-24T05:52:55.978+0000] {processor.py:830} INFO - Processing file /home/airflow/.local/lib/python3.12/site-packages/airflow/example_dags/example_branch_operator.py for tasks to queue
[2024-05-24T05:52:55.979+0000] {logging_mixin.py:188} INFO - [2024-05-24T05:52:55.979+0000] {dagbag.py:545} INFO - Filling up the DagBag from /home/airflow/.local/lib/python3.12/site-packages/airflow/example_dags/example_branch_operator.py
[2024-05-24T05:52:55.985+0000] {processor.py:840} INFO - DAG(s) 'example_branch_operator' retrieved from /home/airflow/.local/lib/python3.12/site-packages/airflow/example_dags/example_branch_operator.py
[2024-05-24T05:52:55.996+0000] {logging_mixin.py:188} INFO - [2024-05-24T05:52:55.996+0000] {dag.py:3096} INFO - Sync 1 DAGs
[2024-05-24T05:52:56.003+0000] {logging_mixin.py:188} INFO - [2024-05-24T05:52:56.003+0000] {dag.py:3954} INFO - Setting next_dagrun for example_branch_operator to 2024-05-23 00:00:00+00:00, run_after=2024-05-24 00:00:00+00:00
[2024-05-24T05:52:56.009+0000] {processor.py:183} INFO - Processing /home/airflow/.local/lib/python3.12/site-packages/airflow/example_dags/example_branch_operator.py took 0.033 seconds
[2024-05-24T05:53:26.422+0000] {processor.py:161} INFO - Started process (PID=4480) to work on /home/airflow/.local/lib/python3.12/site-packages/airflow/example_dags/example_branch_operator.py
[2024-05-24T05:53:26.422+0000] {processor.py:830} INFO - Processing file /home/airflow/.local/lib/python3.12/site-packages/airflow/example_dags/example_branch_operator.py for tasks to queue
[2024-05-24T05:53:26.423+0000] {logging_mixin.py:188} INFO - [2024-05-24T05:53:26.423+0000] {dagbag.py:545} INFO - Filling up the DagBag from /home/airflow/.local/lib/python3.12/site-packages/airflow/example_dags/example_branch_operator.py
[2024-05-24T05:53:26.429+0000] {processor.py:840} INFO - DAG(s) 'example_branch_operator' retrieved from /home/airflow/.local/lib/python3.12/site-packages/airflow/example_dags/example_branch_operator.py
[2024-05-24T05:53:26.439+0000] {logging_mixin.py:188} INFO - [2024-05-24T05:53:26.439+0000] {dag.py:3096} INFO - Sync 1 DAGs
[2024-05-24T05:53:26.447+0000] {logging_mixin.py:188} INFO - [2024-05-24T05:53:26.447+0000] {dag.py:3954} INFO - Setting next_dagrun for example_branch_operator to 2024-05-23 00:00:00+00:00, run_after=2024-05-24 00:00:00+00:00
[2024-05-24T05:53:26.454+0000] {processor.py:183} INFO - Processing /home/airflow/.local/lib/python3.12/site-packages/airflow/example_dags/example_branch_operator.py took 0.034 seconds
[2024-05-24T05:53:56.843+0000] {processor.py:161} INFO - Started process (PID=4765) to work on /home/airflow/.local/lib/python3.12/site-packages/airflow/example_dags/example_branch_operator.py
[2024-05-24T05:53:56.844+0000] {processor.py:830} INFO - Processing file /home/airflow/.local/lib/python3.12/site-packages/airflow/example_dags/example_branch_operator.py for tasks to queue
[2024-05-24T05:53:56.844+0000] {logging_mixin.py:188} INFO - [2024-05-24T05:53:56.844+0000] {dagbag.py:545} INFO - Filling up the DagBag from /home/airflow/.local/lib/python3.12/site-packages/airflow/example_dags/example_branch_operator.py
[2024-05-24T05:53:56.851+0000] {processor.py:840} INFO - DAG(s) 'example_branch_operator' retrieved from /home/airflow/.local/lib/python3.12/site-packages/airflow/example_dags/example_branch_operator.py
[2024-05-24T05:53:56.861+0000] {logging_mixin.py:188} INFO - [2024-05-24T05:53:56.861+0000] {dag.py:3096} INFO - Sync 1 DAGs
[2024-05-24T05:53:56.869+0000] {logging_mixin.py:188} INFO - [2024-05-24T05:53:56.869+0000] {dag.py:3954} INFO - Setting next_dagrun for example_branch_operator to 2024-05-23 00:00:00+00:00, run_after=2024-05-24 00:00:00+00:00
[2024-05-24T05:53:56.875+0000] {processor.py:183} INFO - Processing /home/airflow/.local/lib/python3.12/site-packages/airflow/example_dags/example_branch_operator.py took 0.035 seconds
[2024-05-24T05:54:27.173+0000] {processor.py:161} INFO - Started process (PID=5027) to work on /home/airflow/.local/lib/python3.12/site-packages/airflow/example_dags/example_branch_operator.py
[2024-05-24T05:54:27.174+0000] {processor.py:830} INFO - Processing file /home/airflow/.local/lib/python3.12/site-packages/airflow/example_dags/example_branch_operator.py for tasks to queue
[2024-05-24T05:54:27.175+0000] {logging_mixin.py:188} INFO - [2024-05-24T05:54:27.174+0000] {dagbag.py:545} INFO - Filling up the DagBag from /home/airflow/.local/lib/python3.12/site-packages/airflow/example_dags/example_branch_operator.py
[2024-05-24T05:54:27.181+0000] {processor.py:840} INFO - DAG(s) 'example_branch_operator' retrieved from /home/airflow/.local/lib/python3.12/site-packages/airflow/example_dags/example_branch_operator.py
[2024-05-24T05:54:27.192+0000] {logging_mixin.py:188} INFO - [2024-05-24T05:54:27.192+0000] {dag.py:3096} INFO - Sync 1 DAGs
[2024-05-24T05:54:27.200+0000] {logging_mixin.py:188} INFO - [2024-05-24T05:54:27.200+0000] {dag.py:3954} INFO - Setting next_dagrun for example_branch_operator to 2024-05-23 00:00:00+00:00, run_after=2024-05-24 00:00:00+00:00
[2024-05-24T05:54:27.206+0000] {processor.py:183} INFO - Processing /home/airflow/.local/lib/python3.12/site-packages/airflow/example_dags/example_branch_operator.py took 0.035 seconds
[2024-05-24T05:54:57.483+0000] {processor.py:161} INFO - Started process (PID=5289) to work on /home/airflow/.local/lib/python3.12/site-packages/airflow/example_dags/example_branch_operator.py
[2024-05-24T05:54:57.484+0000] {processor.py:830} INFO - Processing file /home/airflow/.local/lib/python3.12/site-packages/airflow/example_dags/example_branch_operator.py for tasks to queue
[2024-05-24T05:54:57.484+0000] {logging_mixin.py:188} INFO - [2024-05-24T05:54:57.484+0000] {dagbag.py:545} INFO - Filling up the DagBag from /home/airflow/.local/lib/python3.12/site-packages/airflow/example_dags/example_branch_operator.py
[2024-05-24T05:54:57.490+0000] {processor.py:840} INFO - DAG(s) 'example_branch_operator' retrieved from /home/airflow/.local/lib/python3.12/site-packages/airflow/example_dags/example_branch_operator.py
[2024-05-24T05:54:57.501+0000] {logging_mixin.py:188} INFO - [2024-05-24T05:54:57.501+0000] {dag.py:3096} INFO - Sync 1 DAGs
[2024-05-24T05:54:57.509+0000] {logging_mixin.py:188} INFO - [2024-05-24T05:54:57.509+0000] {dag.py:3954} INFO - Setting next_dagrun for example_branch_operator to 2024-05-23 00:00:00+00:00, run_after=2024-05-24 00:00:00+00:00
[2024-05-24T05:54:57.515+0000] {processor.py:183} INFO - Processing /home/airflow/.local/lib/python3.12/site-packages/airflow/example_dags/example_branch_operator.py took 0.034 seconds
[2024-05-24T05:55:27.858+0000] {processor.py:161} INFO - Started process (PID=5551) to work on /home/airflow/.local/lib/python3.12/site-packages/airflow/example_dags/example_branch_operator.py
[2024-05-24T05:55:27.859+0000] {processor.py:830} INFO - Processing file /home/airflow/.local/lib/python3.12/site-packages/airflow/example_dags/example_branch_operator.py for tasks to queue
[2024-05-24T05:55:27.859+0000] {logging_mixin.py:188} INFO - [2024-05-24T05:55:27.859+0000] {dagbag.py:545} INFO - Filling up the DagBag from /home/airflow/.local/lib/python3.12/site-packages/airflow/example_dags/example_branch_operator.py
[2024-05-24T05:55:27.865+0000] {processor.py:840} INFO - DAG(s) 'example_branch_operator' retrieved from /home/airflow/.local/lib/python3.12/site-packages/airflow/example_dags/example_branch_operator.py
[2024-05-24T05:55:27.875+0000] {logging_mixin.py:188} INFO - [2024-05-24T05:55:27.875+0000] {dag.py:3096} INFO - Sync 1 DAGs
[2024-05-24T05:55:27.884+0000] {logging_mixin.py:188} INFO - [2024-05-24T05:55:27.884+0000] {dag.py:3954} INFO - Setting next_dagrun for example_branch_operator to 2024-05-23 00:00:00+00:00, run_after=2024-05-24 00:00:00+00:00
[2024-05-24T05:55:27.890+0000] {processor.py:183} INFO - Processing /home/airflow/.local/lib/python3.12/site-packages/airflow/example_dags/example_branch_operator.py took 0.034 seconds
[2024-05-24T05:55:58.201+0000] {processor.py:161} INFO - Started process (PID=5813) to work on /home/airflow/.local/lib/python3.12/site-packages/airflow/example_dags/example_branch_operator.py
[2024-05-24T05:55:58.201+0000] {processor.py:830} INFO - Processing file /home/airflow/.local/lib/python3.12/site-packages/airflow/example_dags/example_branch_operator.py for tasks to queue
[2024-05-24T05:55:58.202+0000] {logging_mixin.py:188} INFO - [2024-05-24T05:55:58.202+0000] {dagbag.py:545} INFO - Filling up the DagBag from /home/airflow/.local/lib/python3.12/site-packages/airflow/example_dags/example_branch_operator.py
[2024-05-24T05:55:58.208+0000] {processor.py:840} INFO - DAG(s) 'example_branch_operator' retrieved from /home/airflow/.local/lib/python3.12/site-packages/airflow/example_dags/example_branch_operator.py
[2024-05-24T05:55:58.218+0000] {logging_mixin.py:188} INFO - [2024-05-24T05:55:58.218+0000] {dag.py:3096} INFO - Sync 1 DAGs
[2024-05-24T05:55:58.226+0000] {logging_mixin.py:188} INFO - [2024-05-24T05:55:58.226+0000] {dag.py:3954} INFO - Setting next_dagrun for example_branch_operator to 2024-05-23 00:00:00+00:00, run_after=2024-05-24 00:00:00+00:00
[2024-05-24T05:55:58.232+0000] {processor.py:183} INFO - Processing /home/airflow/.local/lib/python3.12/site-packages/airflow/example_dags/example_branch_operator.py took 0.034 seconds
[2024-05-24T05:56:28.535+0000] {processor.py:161} INFO - Started process (PID=6075) to work on /home/airflow/.local/lib/python3.12/site-packages/airflow/example_dags/example_branch_operator.py
[2024-05-24T05:56:28.535+0000] {processor.py:830} INFO - Processing file /home/airflow/.local/lib/python3.12/site-packages/airflow/example_dags/example_branch_operator.py for tasks to queue
[2024-05-24T05:56:28.536+0000] {logging_mixin.py:188} INFO - [2024-05-24T05:56:28.535+0000] {dagbag.py:545} INFO - Filling up the DagBag from /home/airflow/.local/lib/python3.12/site-packages/airflow/example_dags/example_branch_operator.py
[2024-05-24T05:56:28.542+0000] {processor.py:840} INFO - DAG(s) 'example_branch_operator' retrieved from /home/airflow/.local/lib/python3.12/site-packages/airflow/example_dags/example_branch_operator.py
[2024-05-24T05:56:28.552+0000] {logging_mixin.py:188} INFO - [2024-05-24T05:56:28.552+0000] {dag.py:3096} INFO - Sync 1 DAGs
[2024-05-24T05:56:28.560+0000] {logging_mixin.py:188} INFO - [2024-05-24T05:56:28.560+0000] {dag.py:3954} INFO - Setting next_dagrun for example_branch_operator to 2024-05-23 00:00:00+00:00, run_after=2024-05-24 00:00:00+00:00
[2024-05-24T05:56:28.567+0000] {processor.py:183} INFO - Processing /home/airflow/.local/lib/python3.12/site-packages/airflow/example_dags/example_branch_operator.py took 0.034 seconds
[2024-05-24T05:56:58.852+0000] {processor.py:161} INFO - Started process (PID=6337) to work on /home/airflow/.local/lib/python3.12/site-packages/airflow/example_dags/example_branch_operator.py
[2024-05-24T05:56:58.852+0000] {processor.py:830} INFO - Processing file /home/airflow/.local/lib/python3.12/site-packages/airflow/example_dags/example_branch_operator.py for tasks to queue
[2024-05-24T05:56:58.853+0000] {logging_mixin.py:188} INFO - [2024-05-24T05:56:58.853+0000] {dagbag.py:545} INFO - Filling up the DagBag from /home/airflow/.local/lib/python3.12/site-packages/airflow/example_dags/example_branch_operator.py
[2024-05-24T05:56:58.859+0000] {processor.py:840} INFO - DAG(s) 'example_branch_operator' retrieved from /home/airflow/.local/lib/python3.12/site-packages/airflow/example_dags/example_branch_operator.py
[2024-05-24T05:56:58.870+0000] {logging_mixin.py:188} INFO - [2024-05-24T05:56:58.870+0000] {dag.py:3096} INFO - Sync 1 DAGs
[2024-05-24T05:56:58.878+0000] {logging_mixin.py:188} INFO - [2024-05-24T05:56:58.878+0000] {dag.py:3954} INFO - Setting next_dagrun for example_branch_operator to 2024-05-23 00:00:00+00:00, run_after=2024-05-24 00:00:00+00:00
[2024-05-24T05:56:58.885+0000] {processor.py:183} INFO - Processing /home/airflow/.local/lib/python3.12/site-packages/airflow/example_dags/example_branch_operator.py took 0.036 seconds
[2024-05-24T05:57:29.175+0000] {processor.py:161} INFO - Started process (PID=6599) to work on /home/airflow/.local/lib/python3.12/site-packages/airflow/example_dags/example_branch_operator.py
[2024-05-24T05:57:29.176+0000] {processor.py:830} INFO - Processing file /home/airflow/.local/lib/python3.12/site-packages/airflow/example_dags/example_branch_operator.py for tasks to queue
[2024-05-24T05:57:29.176+0000] {logging_mixin.py:188} INFO - [2024-05-24T05:57:29.176+0000] {dagbag.py:545} INFO - Filling up the DagBag from /home/airflow/.local/lib/python3.12/site-packages/airflow/example_dags/example_branch_operator.py
[2024-05-24T05:57:29.182+0000] {processor.py:840} INFO - DAG(s) 'example_branch_operator' retrieved from /home/airflow/.local/lib/python3.12/site-packages/airflow/example_dags/example_branch_operator.py
[2024-05-24T05:57:29.193+0000] {logging_mixin.py:188} INFO - [2024-05-24T05:57:29.193+0000] {dag.py:3096} INFO - Sync 1 DAGs
[2024-05-24T05:57:29.201+0000] {logging_mixin.py:188} INFO - [2024-05-24T05:57:29.201+0000] {dag.py:3954} INFO - Setting next_dagrun for example_branch_operator to 2024-05-23 00:00:00+00:00, run_after=2024-05-24 00:00:00+00:00
[2024-05-24T05:57:29.207+0000] {processor.py:183} INFO - Processing /home/airflow/.local/lib/python3.12/site-packages/airflow/example_dags/example_branch_operator.py took 0.034 seconds
[2024-05-24T05:57:59.534+0000] {processor.py:161} INFO - Started process (PID=6861) to work on /home/airflow/.local/lib/python3.12/site-packages/airflow/example_dags/example_branch_operator.py
[2024-05-24T05:57:59.535+0000] {processor.py:830} INFO - Processing file /home/airflow/.local/lib/python3.12/site-packages/airflow/example_dags/example_branch_operator.py for tasks to queue
[2024-05-24T05:57:59.535+0000] {logging_mixin.py:188} INFO - [2024-05-24T05:57:59.535+0000] {dagbag.py:545} INFO - Filling up the DagBag from /home/airflow/.local/lib/python3.12/site-packages/airflow/example_dags/example_branch_operator.py
[2024-05-24T05:57:59.542+0000] {processor.py:840} INFO - DAG(s) 'example_branch_operator' retrieved from /home/airflow/.local/lib/python3.12/site-packages/airflow/example_dags/example_branch_operator.py
[2024-05-24T05:57:59.552+0000] {logging_mixin.py:188} INFO - [2024-05-24T05:57:59.552+0000] {dag.py:3096} INFO - Sync 1 DAGs
[2024-05-24T05:57:59.560+0000] {logging_mixin.py:188} INFO - [2024-05-24T05:57:59.560+0000] {dag.py:3954} INFO - Setting next_dagrun for example_branch_operator to 2024-05-23 00:00:00+00:00, run_after=2024-05-24 00:00:00+00:00
[2024-05-24T05:57:59.567+0000] {processor.py:183} INFO - Processing /home/airflow/.local/lib/python3.12/site-packages/airflow/example_dags/example_branch_operator.py took 0.035 seconds
[2024-05-24T05:58:29.884+0000] {processor.py:161} INFO - Started process (PID=7125) to work on /home/airflow/.local/lib/python3.12/site-packages/airflow/example_dags/example_branch_operator.py
[2024-05-24T05:58:29.885+0000] {processor.py:830} INFO - Processing file /home/airflow/.local/lib/python3.12/site-packages/airflow/example_dags/example_branch_operator.py for tasks to queue
[2024-05-24T05:58:29.885+0000] {logging_mixin.py:188} INFO - [2024-05-24T05:58:29.885+0000] {dagbag.py:545} INFO - Filling up the DagBag from /home/airflow/.local/lib/python3.12/site-packages/airflow/example_dags/example_branch_operator.py
[2024-05-24T05:58:29.891+0000] {processor.py:840} INFO - DAG(s) 'example_branch_operator' retrieved from /home/airflow/.local/lib/python3.12/site-packages/airflow/example_dags/example_branch_operator.py
[2024-05-24T05:58:29.901+0000] {logging_mixin.py:188} INFO - [2024-05-24T05:58:29.901+0000] {dag.py:3096} INFO - Sync 1 DAGs
[2024-05-24T05:58:29.908+0000] {logging_mixin.py:188} INFO - [2024-05-24T05:58:29.908+0000] {dag.py:3954} INFO - Setting next_dagrun for example_branch_operator to 2024-05-23 00:00:00+00:00, run_after=2024-05-24 00:00:00+00:00
[2024-05-24T05:58:29.914+0000] {processor.py:183} INFO - Processing /home/airflow/.local/lib/python3.12/site-packages/airflow/example_dags/example_branch_operator.py took 0.032 seconds
[2024-05-24T06:13:53.262+0000] {processor.py:161} INFO - Started process (PID=7387) to work on /home/airflow/.local/lib/python3.12/site-packages/airflow/example_dags/example_branch_operator.py
[2024-05-24T06:13:53.262+0000] {processor.py:830} INFO - Processing file /home/airflow/.local/lib/python3.12/site-packages/airflow/example_dags/example_branch_operator.py for tasks to queue
[2024-05-24T06:13:53.263+0000] {logging_mixin.py:188} INFO - [2024-05-24T06:13:53.263+0000] {dagbag.py:545} INFO - Filling up the DagBag from /home/airflow/.local/lib/python3.12/site-packages/airflow/example_dags/example_branch_operator.py
[2024-05-24T06:13:53.268+0000] {processor.py:840} INFO - DAG(s) 'example_branch_operator' retrieved from /home/airflow/.local/lib/python3.12/site-packages/airflow/example_dags/example_branch_operator.py
[2024-05-24T06:13:53.278+0000] {logging_mixin.py:188} INFO - [2024-05-24T06:13:53.278+0000] {dag.py:3096} INFO - Sync 1 DAGs
[2024-05-24T06:13:53.285+0000] {logging_mixin.py:188} INFO - [2024-05-24T06:13:53.285+0000] {dag.py:3954} INFO - Setting next_dagrun for example_branch_operator to 2024-05-23 00:00:00+00:00, run_after=2024-05-24 00:00:00+00:00
[2024-05-24T06:13:53.290+0000] {processor.py:183} INFO - Processing /home/airflow/.local/lib/python3.12/site-packages/airflow/example_dags/example_branch_operator.py took 0.031 seconds
[2024-05-24T06:26:10.128+0000] {processor.py:161} INFO - Started process (PID=7646) to work on /home/airflow/.local/lib/python3.12/site-packages/airflow/example_dags/example_branch_operator.py
[2024-05-24T06:26:10.129+0000] {processor.py:830} INFO - Processing file /home/airflow/.local/lib/python3.12/site-packages/airflow/example_dags/example_branch_operator.py for tasks to queue
[2024-05-24T06:26:10.129+0000] {logging_mixin.py:188} INFO - [2024-05-24T06:26:10.129+0000] {dagbag.py:545} INFO - Filling up the DagBag from /home/airflow/.local/lib/python3.12/site-packages/airflow/example_dags/example_branch_operator.py
[2024-05-24T06:26:10.136+0000] {processor.py:840} INFO - DAG(s) 'example_branch_operator' retrieved from /home/airflow/.local/lib/python3.12/site-packages/airflow/example_dags/example_branch_operator.py
[2024-05-24T06:26:10.146+0000] {logging_mixin.py:188} INFO - [2024-05-24T06:26:10.146+0000] {dag.py:3096} INFO - Sync 1 DAGs
[2024-05-24T06:26:10.154+0000] {logging_mixin.py:188} INFO - [2024-05-24T06:26:10.154+0000] {dag.py:3954} INFO - Setting next_dagrun for example_branch_operator to 2024-05-23 00:00:00+00:00, run_after=2024-05-24 00:00:00+00:00
[2024-05-24T06:26:10.161+0000] {processor.py:183} INFO - Processing /home/airflow/.local/lib/python3.12/site-packages/airflow/example_dags/example_branch_operator.py took 0.035 seconds
[2024-05-24T06:26:40.577+0000] {processor.py:161} INFO - Started process (PID=7907) to work on /home/airflow/.local/lib/python3.12/site-packages/airflow/example_dags/example_branch_operator.py
[2024-05-24T06:26:40.578+0000] {processor.py:830} INFO - Processing file /home/airflow/.local/lib/python3.12/site-packages/airflow/example_dags/example_branch_operator.py for tasks to queue
[2024-05-24T06:26:40.578+0000] {logging_mixin.py:188} INFO - [2024-05-24T06:26:40.578+0000] {dagbag.py:545} INFO - Filling up the DagBag from /home/airflow/.local/lib/python3.12/site-packages/airflow/example_dags/example_branch_operator.py
[2024-05-24T06:26:40.585+0000] {processor.py:840} INFO - DAG(s) 'example_branch_operator' retrieved from /home/airflow/.local/lib/python3.12/site-packages/airflow/example_dags/example_branch_operator.py
[2024-05-24T06:26:40.595+0000] {logging_mixin.py:188} INFO - [2024-05-24T06:26:40.595+0000] {dag.py:3096} INFO - Sync 1 DAGs
[2024-05-24T06:26:40.602+0000] {logging_mixin.py:188} INFO - [2024-05-24T06:26:40.602+0000] {dag.py:3954} INFO - Setting next_dagrun for example_branch_operator to 2024-05-23 00:00:00+00:00, run_after=2024-05-24 00:00:00+00:00
[2024-05-24T06:26:40.608+0000] {processor.py:183} INFO - Processing /home/airflow/.local/lib/python3.12/site-packages/airflow/example_dags/example_branch_operator.py took 0.033 seconds
[2024-05-24T06:27:10.987+0000] {processor.py:161} INFO - Started process (PID=8171) to work on /home/airflow/.local/lib/python3.12/site-packages/airflow/example_dags/example_branch_operator.py
[2024-05-24T06:27:10.988+0000] {processor.py:830} INFO - Processing file /home/airflow/.local/lib/python3.12/site-packages/airflow/example_dags/example_branch_operator.py for tasks to queue
[2024-05-24T06:27:10.988+0000] {logging_mixin.py:188} INFO - [2024-05-24T06:27:10.988+0000] {dagbag.py:545} INFO - Filling up the DagBag from /home/airflow/.local/lib/python3.12/site-packages/airflow/example_dags/example_branch_operator.py
[2024-05-24T06:27:10.994+0000] {processor.py:840} INFO - DAG(s) 'example_branch_operator' retrieved from /home/airflow/.local/lib/python3.12/site-packages/airflow/example_dags/example_branch_operator.py
[2024-05-24T06:27:11.004+0000] {logging_mixin.py:188} INFO - [2024-05-24T06:27:11.004+0000] {dag.py:3096} INFO - Sync 1 DAGs
[2024-05-24T06:27:11.011+0000] {logging_mixin.py:188} INFO - [2024-05-24T06:27:11.011+0000] {dag.py:3954} INFO - Setting next_dagrun for example_branch_operator to 2024-05-23 00:00:00+00:00, run_after=2024-05-24 00:00:00+00:00
[2024-05-24T06:27:11.017+0000] {processor.py:183} INFO - Processing /home/airflow/.local/lib/python3.12/site-packages/airflow/example_dags/example_branch_operator.py took 0.031 seconds
[2024-05-24T06:28:26.110+0000] {processor.py:161} INFO - Started process (PID=8431) to work on /home/airflow/.local/lib/python3.12/site-packages/airflow/example_dags/example_branch_operator.py
[2024-05-24T06:28:26.111+0000] {processor.py:830} INFO - Processing file /home/airflow/.local/lib/python3.12/site-packages/airflow/example_dags/example_branch_operator.py for tasks to queue
[2024-05-24T06:28:26.111+0000] {logging_mixin.py:188} INFO - [2024-05-24T06:28:26.111+0000] {dagbag.py:545} INFO - Filling up the DagBag from /home/airflow/.local/lib/python3.12/site-packages/airflow/example_dags/example_branch_operator.py
[2024-05-24T06:28:26.118+0000] {processor.py:840} INFO - DAG(s) 'example_branch_operator' retrieved from /home/airflow/.local/lib/python3.12/site-packages/airflow/example_dags/example_branch_operator.py
[2024-05-24T06:28:26.129+0000] {logging_mixin.py:188} INFO - [2024-05-24T06:28:26.129+0000] {dag.py:3096} INFO - Sync 1 DAGs
[2024-05-24T06:28:26.137+0000] {logging_mixin.py:188} INFO - [2024-05-24T06:28:26.137+0000] {dag.py:3954} INFO - Setting next_dagrun for example_branch_operator to 2024-05-23 00:00:00+00:00, run_after=2024-05-24 00:00:00+00:00
[2024-05-24T06:28:26.143+0000] {processor.py:183} INFO - Processing /home/airflow/.local/lib/python3.12/site-packages/airflow/example_dags/example_branch_operator.py took 0.035 seconds
[2024-05-24T06:28:56.496+0000] {processor.py:161} INFO - Started process (PID=8693) to work on /home/airflow/.local/lib/python3.12/site-packages/airflow/example_dags/example_branch_operator.py
[2024-05-24T06:28:56.497+0000] {processor.py:830} INFO - Processing file /home/airflow/.local/lib/python3.12/site-packages/airflow/example_dags/example_branch_operator.py for tasks to queue
[2024-05-24T06:28:56.498+0000] {logging_mixin.py:188} INFO - [2024-05-24T06:28:56.498+0000] {dagbag.py:545} INFO - Filling up the DagBag from /home/airflow/.local/lib/python3.12/site-packages/airflow/example_dags/example_branch_operator.py
[2024-05-24T06:28:56.504+0000] {processor.py:840} INFO - DAG(s) 'example_branch_operator' retrieved from /home/airflow/.local/lib/python3.12/site-packages/airflow/example_dags/example_branch_operator.py
[2024-05-24T06:28:56.515+0000] {logging_mixin.py:188} INFO - [2024-05-24T06:28:56.515+0000] {dag.py:3096} INFO - Sync 1 DAGs
[2024-05-24T06:28:56.524+0000] {logging_mixin.py:188} INFO - [2024-05-24T06:28:56.524+0000] {dag.py:3954} INFO - Setting next_dagrun for example_branch_operator to 2024-05-23 00:00:00+00:00, run_after=2024-05-24 00:00:00+00:00
[2024-05-24T06:28:56.530+0000] {processor.py:183} INFO - Processing /home/airflow/.local/lib/python3.12/site-packages/airflow/example_dags/example_branch_operator.py took 0.036 seconds
[2024-05-24T06:29:26.993+0000] {processor.py:161} INFO - Started process (PID=8955) to work on /home/airflow/.local/lib/python3.12/site-packages/airflow/example_dags/example_branch_operator.py
[2024-05-24T06:29:26.993+0000] {processor.py:830} INFO - Processing file /home/airflow/.local/lib/python3.12/site-packages/airflow/example_dags/example_branch_operator.py for tasks to queue
[2024-05-24T06:29:26.994+0000] {logging_mixin.py:188} INFO - [2024-05-24T06:29:26.994+0000] {dagbag.py:545} INFO - Filling up the DagBag from /home/airflow/.local/lib/python3.12/site-packages/airflow/example_dags/example_branch_operator.py
[2024-05-24T06:29:27.001+0000] {processor.py:840} INFO - DAG(s) 'example_branch_operator' retrieved from /home/airflow/.local/lib/python3.12/site-packages/airflow/example_dags/example_branch_operator.py
[2024-05-24T06:29:27.011+0000] {logging_mixin.py:188} INFO - [2024-05-24T06:29:27.011+0000] {dag.py:3096} INFO - Sync 1 DAGs
[2024-05-24T06:29:27.020+0000] {logging_mixin.py:188} INFO - [2024-05-24T06:29:27.019+0000] {dag.py:3954} INFO - Setting next_dagrun for example_branch_operator to 2024-05-23 00:00:00+00:00, run_after=2024-05-24 00:00:00+00:00
[2024-05-24T06:29:27.026+0000] {processor.py:183} INFO - Processing /home/airflow/.local/lib/python3.12/site-packages/airflow/example_dags/example_branch_operator.py took 0.036 seconds
[2024-05-24T06:29:57.363+0000] {processor.py:161} INFO - Started process (PID=9217) to work on /home/airflow/.local/lib/python3.12/site-packages/airflow/example_dags/example_branch_operator.py
[2024-05-24T06:29:57.364+0000] {processor.py:830} INFO - Processing file /home/airflow/.local/lib/python3.12/site-packages/airflow/example_dags/example_branch_operator.py for tasks to queue
[2024-05-24T06:29:57.365+0000] {logging_mixin.py:188} INFO - [2024-05-24T06:29:57.364+0000] {dagbag.py:545} INFO - Filling up the DagBag from /home/airflow/.local/lib/python3.12/site-packages/airflow/example_dags/example_branch_operator.py
[2024-05-24T06:29:57.371+0000] {processor.py:840} INFO - DAG(s) 'example_branch_operator' retrieved from /home/airflow/.local/lib/python3.12/site-packages/airflow/example_dags/example_branch_operator.py
[2024-05-24T06:29:57.381+0000] {logging_mixin.py:188} INFO - [2024-05-24T06:29:57.381+0000] {dag.py:3096} INFO - Sync 1 DAGs
[2024-05-24T06:29:57.389+0000] {logging_mixin.py:188} INFO - [2024-05-24T06:29:57.389+0000] {dag.py:3954} INFO - Setting next_dagrun for example_branch_operator to 2024-05-23 00:00:00+00:00, run_after=2024-05-24 00:00:00+00:00
[2024-05-24T06:29:57.395+0000] {processor.py:183} INFO - Processing /home/airflow/.local/lib/python3.12/site-packages/airflow/example_dags/example_branch_operator.py took 0.034 seconds
[2024-05-24T06:32:51.007+0000] {processor.py:161} INFO - Started process (PID=9479) to work on /home/airflow/.local/lib/python3.12/site-packages/airflow/example_dags/example_branch_operator.py
[2024-05-24T06:32:51.008+0000] {processor.py:830} INFO - Processing file /home/airflow/.local/lib/python3.12/site-packages/airflow/example_dags/example_branch_operator.py for tasks to queue
[2024-05-24T06:32:51.009+0000] {logging_mixin.py:188} INFO - [2024-05-24T06:32:51.008+0000] {dagbag.py:545} INFO - Filling up the DagBag from /home/airflow/.local/lib/python3.12/site-packages/airflow/example_dags/example_branch_operator.py
[2024-05-24T06:32:51.015+0000] {processor.py:840} INFO - DAG(s) 'example_branch_operator' retrieved from /home/airflow/.local/lib/python3.12/site-packages/airflow/example_dags/example_branch_operator.py
[2024-05-24T06:32:51.025+0000] {logging_mixin.py:188} INFO - [2024-05-24T06:32:51.025+0000] {dag.py:3096} INFO - Sync 1 DAGs
[2024-05-24T06:32:51.033+0000] {logging_mixin.py:188} INFO - [2024-05-24T06:32:51.033+0000] {dag.py:3954} INFO - Setting next_dagrun for example_branch_operator to 2024-05-23 00:00:00+00:00, run_after=2024-05-24 00:00:00+00:00
[2024-05-24T06:32:51.040+0000] {processor.py:183} INFO - Processing /home/airflow/.local/lib/python3.12/site-packages/airflow/example_dags/example_branch_operator.py took 0.035 seconds
[2024-05-24T06:34:34.132+0000] {processor.py:161} INFO - Started process (PID=9741) to work on /home/airflow/.local/lib/python3.12/site-packages/airflow/example_dags/example_branch_operator.py
[2024-05-24T06:34:34.133+0000] {processor.py:830} INFO - Processing file /home/airflow/.local/lib/python3.12/site-packages/airflow/example_dags/example_branch_operator.py for tasks to queue
[2024-05-24T06:34:34.134+0000] {logging_mixin.py:188} INFO - [2024-05-24T06:34:34.133+0000] {dagbag.py:545} INFO - Filling up the DagBag from /home/airflow/.local/lib/python3.12/site-packages/airflow/example_dags/example_branch_operator.py
[2024-05-24T06:34:34.141+0000] {processor.py:840} INFO - DAG(s) 'example_branch_operator' retrieved from /home/airflow/.local/lib/python3.12/site-packages/airflow/example_dags/example_branch_operator.py
[2024-05-24T06:34:34.152+0000] {logging_mixin.py:188} INFO - [2024-05-24T06:34:34.152+0000] {dag.py:3096} INFO - Sync 1 DAGs
[2024-05-24T06:34:34.160+0000] {logging_mixin.py:188} INFO - [2024-05-24T06:34:34.160+0000] {dag.py:3954} INFO - Setting next_dagrun for example_branch_operator to 2024-05-23 00:00:00+00:00, run_after=2024-05-24 00:00:00+00:00
[2024-05-24T06:34:34.167+0000] {processor.py:183} INFO - Processing /home/airflow/.local/lib/python3.12/site-packages/airflow/example_dags/example_branch_operator.py took 0.037 seconds
[2024-05-24T06:35:04.697+0000] {processor.py:161} INFO - Started process (PID=10003) to work on /home/airflow/.local/lib/python3.12/site-packages/airflow/example_dags/example_branch_operator.py
[2024-05-24T06:35:04.698+0000] {processor.py:830} INFO - Processing file /home/airflow/.local/lib/python3.12/site-packages/airflow/example_dags/example_branch_operator.py for tasks to queue
[2024-05-24T06:35:04.698+0000] {logging_mixin.py:188} INFO - [2024-05-24T06:35:04.698+0000] {dagbag.py:545} INFO - Filling up the DagBag from /home/airflow/.local/lib/python3.12/site-packages/airflow/example_dags/example_branch_operator.py
[2024-05-24T06:35:04.706+0000] {processor.py:840} INFO - DAG(s) 'example_branch_operator' retrieved from /home/airflow/.local/lib/python3.12/site-packages/airflow/example_dags/example_branch_operator.py
[2024-05-24T06:35:04.716+0000] {logging_mixin.py:188} INFO - [2024-05-24T06:35:04.716+0000] {dag.py:3096} INFO - Sync 1 DAGs
[2024-05-24T06:35:04.724+0000] {logging_mixin.py:188} INFO - [2024-05-24T06:35:04.724+0000] {dag.py:3954} INFO - Setting next_dagrun for example_branch_operator to 2024-05-23 00:00:00+00:00, run_after=2024-05-24 00:00:00+00:00
[2024-05-24T06:35:04.730+0000] {processor.py:183} INFO - Processing /home/airflow/.local/lib/python3.12/site-packages/airflow/example_dags/example_branch_operator.py took 0.035 seconds
[2024-05-24T06:50:34.445+0000] {processor.py:161} INFO - Started process (PID=10265) to work on /home/airflow/.local/lib/python3.12/site-packages/airflow/example_dags/example_branch_operator.py
[2024-05-24T06:50:34.446+0000] {processor.py:830} INFO - Processing file /home/airflow/.local/lib/python3.12/site-packages/airflow/example_dags/example_branch_operator.py for tasks to queue
[2024-05-24T06:50:34.446+0000] {logging_mixin.py:188} INFO - [2024-05-24T06:50:34.446+0000] {dagbag.py:545} INFO - Filling up the DagBag from /home/airflow/.local/lib/python3.12/site-packages/airflow/example_dags/example_branch_operator.py
[2024-05-24T06:50:34.452+0000] {processor.py:840} INFO - DAG(s) 'example_branch_operator' retrieved from /home/airflow/.local/lib/python3.12/site-packages/airflow/example_dags/example_branch_operator.py
[2024-05-24T06:50:34.463+0000] {logging_mixin.py:188} INFO - [2024-05-24T06:50:34.463+0000] {dag.py:3096} INFO - Sync 1 DAGs
[2024-05-24T06:50:34.471+0000] {logging_mixin.py:188} INFO - [2024-05-24T06:50:34.471+0000] {dag.py:3954} INFO - Setting next_dagrun for example_branch_operator to 2024-05-23 00:00:00+00:00, run_after=2024-05-24 00:00:00+00:00
[2024-05-24T06:50:34.477+0000] {processor.py:183} INFO - Processing /home/airflow/.local/lib/python3.12/site-packages/airflow/example_dags/example_branch_operator.py took 0.034 seconds
[2024-05-24T07:06:11.051+0000] {processor.py:161} INFO - Started process (PID=10527) to work on /home/airflow/.local/lib/python3.12/site-packages/airflow/example_dags/example_branch_operator.py
[2024-05-24T07:06:11.051+0000] {processor.py:830} INFO - Processing file /home/airflow/.local/lib/python3.12/site-packages/airflow/example_dags/example_branch_operator.py for tasks to queue
[2024-05-24T07:06:11.052+0000] {logging_mixin.py:188} INFO - [2024-05-24T07:06:11.052+0000] {dagbag.py:545} INFO - Filling up the DagBag from /home/airflow/.local/lib/python3.12/site-packages/airflow/example_dags/example_branch_operator.py
[2024-05-24T07:06:11.058+0000] {processor.py:840} INFO - DAG(s) 'example_branch_operator' retrieved from /home/airflow/.local/lib/python3.12/site-packages/airflow/example_dags/example_branch_operator.py
[2024-05-24T07:06:11.068+0000] {logging_mixin.py:188} INFO - [2024-05-24T07:06:11.068+0000] {dag.py:3096} INFO - Sync 1 DAGs
[2024-05-24T07:06:11.076+0000] {logging_mixin.py:188} INFO - [2024-05-24T07:06:11.076+0000] {dag.py:3954} INFO - Setting next_dagrun for example_branch_operator to 2024-05-23 00:00:00+00:00, run_after=2024-05-24 00:00:00+00:00
[2024-05-24T07:06:11.082+0000] {processor.py:183} INFO - Processing /home/airflow/.local/lib/python3.12/site-packages/airflow/example_dags/example_branch_operator.py took 0.033 seconds
[2024-05-24T07:30:09.300+0000] {processor.py:161} INFO - Started process (PID=10789) to work on /home/airflow/.local/lib/python3.12/site-packages/airflow/example_dags/example_branch_operator.py
[2024-05-24T07:30:09.301+0000] {processor.py:830} INFO - Processing file /home/airflow/.local/lib/python3.12/site-packages/airflow/example_dags/example_branch_operator.py for tasks to queue
[2024-05-24T07:30:09.301+0000] {logging_mixin.py:188} INFO - [2024-05-24T07:30:09.301+0000] {dagbag.py:545} INFO - Filling up the DagBag from /home/airflow/.local/lib/python3.12/site-packages/airflow/example_dags/example_branch_operator.py
[2024-05-24T07:30:09.308+0000] {processor.py:840} INFO - DAG(s) 'example_branch_operator' retrieved from /home/airflow/.local/lib/python3.12/site-packages/airflow/example_dags/example_branch_operator.py
[2024-05-24T07:30:09.319+0000] {logging_mixin.py:188} INFO - [2024-05-24T07:30:09.319+0000] {dag.py:3096} INFO - Sync 1 DAGs
[2024-05-24T07:30:09.328+0000] {logging_mixin.py:188} INFO - [2024-05-24T07:30:09.327+0000] {dag.py:3954} INFO - Setting next_dagrun for example_branch_operator to 2024-05-23 00:00:00+00:00, run_after=2024-05-24 00:00:00+00:00
[2024-05-24T07:30:09.334+0000] {processor.py:183} INFO - Processing /home/airflow/.local/lib/python3.12/site-packages/airflow/example_dags/example_branch_operator.py took 0.037 seconds
[2024-05-24T07:30:40.388+0000] {processor.py:161} INFO - Started process (PID=11053) to work on /home/airflow/.local/lib/python3.12/site-packages/airflow/example_dags/example_branch_operator.py
[2024-05-24T07:30:40.388+0000] {processor.py:830} INFO - Processing file /home/airflow/.local/lib/python3.12/site-packages/airflow/example_dags/example_branch_operator.py for tasks to queue
[2024-05-24T07:30:40.389+0000] {logging_mixin.py:188} INFO - [2024-05-24T07:30:40.389+0000] {dagbag.py:545} INFO - Filling up the DagBag from /home/airflow/.local/lib/python3.12/site-packages/airflow/example_dags/example_branch_operator.py
[2024-05-24T07:30:40.461+0000] {processor.py:840} INFO - DAG(s) 'example_branch_operator' retrieved from /home/airflow/.local/lib/python3.12/site-packages/airflow/example_dags/example_branch_operator.py
[2024-05-24T07:30:40.470+0000] {logging_mixin.py:188} INFO - [2024-05-24T07:30:40.470+0000] {dag.py:3096} INFO - Sync 1 DAGs
[2024-05-24T07:30:40.477+0000] {logging_mixin.py:188} INFO - [2024-05-24T07:30:40.477+0000] {dag.py:3954} INFO - Setting next_dagrun for example_branch_operator to 2024-05-23 00:00:00+00:00, run_after=2024-05-24 00:00:00+00:00
[2024-05-24T07:30:40.483+0000] {processor.py:183} INFO - Processing /home/airflow/.local/lib/python3.12/site-packages/airflow/example_dags/example_branch_operator.py took 0.098 seconds
[2024-05-24T07:31:11.405+0000] {processor.py:161} INFO - Started process (PID=11315) to work on /home/airflow/.local/lib/python3.12/site-packages/airflow/example_dags/example_branch_operator.py
[2024-05-24T07:31:11.406+0000] {processor.py:830} INFO - Processing file /home/airflow/.local/lib/python3.12/site-packages/airflow/example_dags/example_branch_operator.py for tasks to queue
[2024-05-24T07:31:11.406+0000] {logging_mixin.py:188} INFO - [2024-05-24T07:31:11.406+0000] {dagbag.py:545} INFO - Filling up the DagBag from /home/airflow/.local/lib/python3.12/site-packages/airflow/example_dags/example_branch_operator.py
[2024-05-24T07:31:11.413+0000] {processor.py:840} INFO - DAG(s) 'example_branch_operator' retrieved from /home/airflow/.local/lib/python3.12/site-packages/airflow/example_dags/example_branch_operator.py
[2024-05-24T07:31:11.423+0000] {logging_mixin.py:188} INFO - [2024-05-24T07:31:11.423+0000] {dag.py:3096} INFO - Sync 1 DAGs
[2024-05-24T07:31:11.431+0000] {logging_mixin.py:188} INFO - [2024-05-24T07:31:11.430+0000] {dag.py:3954} INFO - Setting next_dagrun for example_branch_operator to 2024-05-23 00:00:00+00:00, run_after=2024-05-24 00:00:00+00:00
[2024-05-24T07:31:11.437+0000] {processor.py:183} INFO - Processing /home/airflow/.local/lib/python3.12/site-packages/airflow/example_dags/example_branch_operator.py took 0.034 seconds
[2024-05-24T07:31:41.803+0000] {processor.py:161} INFO - Started process (PID=11577) to work on /home/airflow/.local/lib/python3.12/site-packages/airflow/example_dags/example_branch_operator.py
[2024-05-24T07:31:41.803+0000] {processor.py:830} INFO - Processing file /home/airflow/.local/lib/python3.12/site-packages/airflow/example_dags/example_branch_operator.py for tasks to queue
[2024-05-24T07:31:41.804+0000] {logging_mixin.py:188} INFO - [2024-05-24T07:31:41.804+0000] {dagbag.py:545} INFO - Filling up the DagBag from /home/airflow/.local/lib/python3.12/site-packages/airflow/example_dags/example_branch_operator.py
[2024-05-24T07:31:41.810+0000] {processor.py:840} INFO - DAG(s) 'example_branch_operator' retrieved from /home/airflow/.local/lib/python3.12/site-packages/airflow/example_dags/example_branch_operator.py
[2024-05-24T07:31:41.820+0000] {logging_mixin.py:188} INFO - [2024-05-24T07:31:41.820+0000] {dag.py:3096} INFO - Sync 1 DAGs
[2024-05-24T07:31:41.827+0000] {logging_mixin.py:188} INFO - [2024-05-24T07:31:41.827+0000] {dag.py:3954} INFO - Setting next_dagrun for example_branch_operator to 2024-05-23 00:00:00+00:00, run_after=2024-05-24 00:00:00+00:00
[2024-05-24T07:31:41.833+0000] {processor.py:183} INFO - Processing /home/airflow/.local/lib/python3.12/site-packages/airflow/example_dags/example_branch_operator.py took 0.033 seconds
[2024-05-24T07:32:12.166+0000] {processor.py:161} INFO - Started process (PID=11839) to work on /home/airflow/.local/lib/python3.12/site-packages/airflow/example_dags/example_branch_operator.py
[2024-05-24T07:32:12.167+0000] {processor.py:830} INFO - Processing file /home/airflow/.local/lib/python3.12/site-packages/airflow/example_dags/example_branch_operator.py for tasks to queue
[2024-05-24T07:32:12.167+0000] {logging_mixin.py:188} INFO - [2024-05-24T07:32:12.167+0000] {dagbag.py:545} INFO - Filling up the DagBag from /home/airflow/.local/lib/python3.12/site-packages/airflow/example_dags/example_branch_operator.py
[2024-05-24T07:32:12.174+0000] {processor.py:840} INFO - DAG(s) 'example_branch_operator' retrieved from /home/airflow/.local/lib/python3.12/site-packages/airflow/example_dags/example_branch_operator.py
[2024-05-24T07:32:12.183+0000] {logging_mixin.py:188} INFO - [2024-05-24T07:32:12.183+0000] {dag.py:3096} INFO - Sync 1 DAGs
[2024-05-24T07:32:12.191+0000] {logging_mixin.py:188} INFO - [2024-05-24T07:32:12.191+0000] {dag.py:3954} INFO - Setting next_dagrun for example_branch_operator to 2024-05-23 00:00:00+00:00, run_after=2024-05-24 00:00:00+00:00
[2024-05-24T07:32:12.197+0000] {processor.py:183} INFO - Processing /home/airflow/.local/lib/python3.12/site-packages/airflow/example_dags/example_branch_operator.py took 0.033 seconds
[2024-05-24T07:32:58.954+0000] {processor.py:161} INFO - Started process (PID=12099) to work on /home/airflow/.local/lib/python3.12/site-packages/airflow/example_dags/example_branch_operator.py
[2024-05-24T07:32:58.954+0000] {processor.py:830} INFO - Processing file /home/airflow/.local/lib/python3.12/site-packages/airflow/example_dags/example_branch_operator.py for tasks to queue
[2024-05-24T07:32:58.955+0000] {logging_mixin.py:188} INFO - [2024-05-24T07:32:58.955+0000] {dagbag.py:545} INFO - Filling up the DagBag from /home/airflow/.local/lib/python3.12/site-packages/airflow/example_dags/example_branch_operator.py
[2024-05-24T07:32:58.961+0000] {processor.py:840} INFO - DAG(s) 'example_branch_operator' retrieved from /home/airflow/.local/lib/python3.12/site-packages/airflow/example_dags/example_branch_operator.py
[2024-05-24T07:32:58.972+0000] {logging_mixin.py:188} INFO - [2024-05-24T07:32:58.972+0000] {dag.py:3096} INFO - Sync 1 DAGs
[2024-05-24T07:32:58.981+0000] {logging_mixin.py:188} INFO - [2024-05-24T07:32:58.981+0000] {dag.py:3954} INFO - Setting next_dagrun for example_branch_operator to 2024-05-23 00:00:00+00:00, run_after=2024-05-24 00:00:00+00:00
[2024-05-24T07:32:58.988+0000] {processor.py:183} INFO - Processing /home/airflow/.local/lib/python3.12/site-packages/airflow/example_dags/example_branch_operator.py took 0.036 seconds
[2024-05-24T07:33:29.324+0000] {processor.py:161} INFO - Started process (PID=12361) to work on /home/airflow/.local/lib/python3.12/site-packages/airflow/example_dags/example_branch_operator.py
[2024-05-24T07:33:29.324+0000] {processor.py:830} INFO - Processing file /home/airflow/.local/lib/python3.12/site-packages/airflow/example_dags/example_branch_operator.py for tasks to queue
[2024-05-24T07:33:29.325+0000] {logging_mixin.py:188} INFO - [2024-05-24T07:33:29.325+0000] {dagbag.py:545} INFO - Filling up the DagBag from /home/airflow/.local/lib/python3.12/site-packages/airflow/example_dags/example_branch_operator.py
[2024-05-24T07:33:29.332+0000] {processor.py:840} INFO - DAG(s) 'example_branch_operator' retrieved from /home/airflow/.local/lib/python3.12/site-packages/airflow/example_dags/example_branch_operator.py
[2024-05-24T07:33:29.342+0000] {logging_mixin.py:188} INFO - [2024-05-24T07:33:29.342+0000] {dag.py:3096} INFO - Sync 1 DAGs
[2024-05-24T07:33:29.351+0000] {logging_mixin.py:188} INFO - [2024-05-24T07:33:29.351+0000] {dag.py:3954} INFO - Setting next_dagrun for example_branch_operator to 2024-05-23 00:00:00+00:00, run_after=2024-05-24 00:00:00+00:00
[2024-05-24T07:33:29.358+0000] {processor.py:183} INFO - Processing /home/airflow/.local/lib/python3.12/site-packages/airflow/example_dags/example_branch_operator.py took 0.036 seconds
[2024-05-24T07:33:59.648+0000] {processor.py:161} INFO - Started process (PID=12623) to work on /home/airflow/.local/lib/python3.12/site-packages/airflow/example_dags/example_branch_operator.py
[2024-05-24T07:33:59.648+0000] {processor.py:830} INFO - Processing file /home/airflow/.local/lib/python3.12/site-packages/airflow/example_dags/example_branch_operator.py for tasks to queue
[2024-05-24T07:33:59.649+0000] {logging_mixin.py:188} INFO - [2024-05-24T07:33:59.649+0000] {dagbag.py:545} INFO - Filling up the DagBag from /home/airflow/.local/lib/python3.12/site-packages/airflow/example_dags/example_branch_operator.py
[2024-05-24T07:33:59.655+0000] {processor.py:840} INFO - DAG(s) 'example_branch_operator' retrieved from /home/airflow/.local/lib/python3.12/site-packages/airflow/example_dags/example_branch_operator.py
[2024-05-24T07:33:59.666+0000] {logging_mixin.py:188} INFO - [2024-05-24T07:33:59.666+0000] {dag.py:3096} INFO - Sync 1 DAGs
[2024-05-24T07:33:59.675+0000] {logging_mixin.py:188} INFO - [2024-05-24T07:33:59.674+0000] {dag.py:3954} INFO - Setting next_dagrun for example_branch_operator to 2024-05-23 00:00:00+00:00, run_after=2024-05-24 00:00:00+00:00
[2024-05-24T07:33:59.682+0000] {processor.py:183} INFO - Processing /home/airflow/.local/lib/python3.12/site-packages/airflow/example_dags/example_branch_operator.py took 0.037 seconds
[2024-05-24T07:34:30.096+0000] {processor.py:161} INFO - Started process (PID=12886) to work on /home/airflow/.local/lib/python3.12/site-packages/airflow/example_dags/example_branch_operator.py
[2024-05-24T07:34:30.096+0000] {processor.py:830} INFO - Processing file /home/airflow/.local/lib/python3.12/site-packages/airflow/example_dags/example_branch_operator.py for tasks to queue
[2024-05-24T07:34:30.097+0000] {logging_mixin.py:188} INFO - [2024-05-24T07:34:30.097+0000] {dagbag.py:545} INFO - Filling up the DagBag from /home/airflow/.local/lib/python3.12/site-packages/airflow/example_dags/example_branch_operator.py
[2024-05-24T07:34:30.103+0000] {processor.py:840} INFO - DAG(s) 'example_branch_operator' retrieved from /home/airflow/.local/lib/python3.12/site-packages/airflow/example_dags/example_branch_operator.py
[2024-05-24T07:34:30.113+0000] {logging_mixin.py:188} INFO - [2024-05-24T07:34:30.113+0000] {dag.py:3096} INFO - Sync 1 DAGs
[2024-05-24T07:34:30.120+0000] {logging_mixin.py:188} INFO - [2024-05-24T07:34:30.120+0000] {dag.py:3954} INFO - Setting next_dagrun for example_branch_operator to 2024-05-23 00:00:00+00:00, run_after=2024-05-24 00:00:00+00:00
[2024-05-24T07:34:30.126+0000] {processor.py:183} INFO - Processing /home/airflow/.local/lib/python3.12/site-packages/airflow/example_dags/example_branch_operator.py took 0.033 seconds
[2024-05-24T07:35:00.578+0000] {processor.py:161} INFO - Started process (PID=13146) to work on /home/airflow/.local/lib/python3.12/site-packages/airflow/example_dags/example_branch_operator.py
[2024-05-24T07:35:00.579+0000] {processor.py:830} INFO - Processing file /home/airflow/.local/lib/python3.12/site-packages/airflow/example_dags/example_branch_operator.py for tasks to queue
[2024-05-24T07:35:00.579+0000] {logging_mixin.py:188} INFO - [2024-05-24T07:35:00.579+0000] {dagbag.py:545} INFO - Filling up the DagBag from /home/airflow/.local/lib/python3.12/site-packages/airflow/example_dags/example_branch_operator.py
[2024-05-24T07:35:00.586+0000] {processor.py:840} INFO - DAG(s) 'example_branch_operator' retrieved from /home/airflow/.local/lib/python3.12/site-packages/airflow/example_dags/example_branch_operator.py
[2024-05-24T07:35:00.596+0000] {logging_mixin.py:188} INFO - [2024-05-24T07:35:00.596+0000] {dag.py:3096} INFO - Sync 1 DAGs
[2024-05-24T07:35:00.605+0000] {logging_mixin.py:188} INFO - [2024-05-24T07:35:00.604+0000] {dag.py:3954} INFO - Setting next_dagrun for example_branch_operator to 2024-05-23 00:00:00+00:00, run_after=2024-05-24 00:00:00+00:00
[2024-05-24T07:35:00.611+0000] {processor.py:183} INFO - Processing /home/airflow/.local/lib/python3.12/site-packages/airflow/example_dags/example_branch_operator.py took 0.035 seconds
[2024-05-24T07:35:30.937+0000] {processor.py:161} INFO - Started process (PID=13408) to work on /home/airflow/.local/lib/python3.12/site-packages/airflow/example_dags/example_branch_operator.py
[2024-05-24T07:35:30.937+0000] {processor.py:830} INFO - Processing file /home/airflow/.local/lib/python3.12/site-packages/airflow/example_dags/example_branch_operator.py for tasks to queue
[2024-05-24T07:35:30.938+0000] {logging_mixin.py:188} INFO - [2024-05-24T07:35:30.938+0000] {dagbag.py:545} INFO - Filling up the DagBag from /home/airflow/.local/lib/python3.12/site-packages/airflow/example_dags/example_branch_operator.py
[2024-05-24T07:35:30.945+0000] {processor.py:840} INFO - DAG(s) 'example_branch_operator' retrieved from /home/airflow/.local/lib/python3.12/site-packages/airflow/example_dags/example_branch_operator.py
[2024-05-24T07:35:30.957+0000] {logging_mixin.py:188} INFO - [2024-05-24T07:35:30.956+0000] {dag.py:3096} INFO - Sync 1 DAGs
[2024-05-24T07:35:30.965+0000] {logging_mixin.py:188} INFO - [2024-05-24T07:35:30.965+0000] {dag.py:3954} INFO - Setting next_dagrun for example_branch_operator to 2024-05-23 00:00:00+00:00, run_after=2024-05-24 00:00:00+00:00
[2024-05-24T07:35:30.972+0000] {processor.py:183} INFO - Processing /home/airflow/.local/lib/python3.12/site-packages/airflow/example_dags/example_branch_operator.py took 0.037 seconds
[2024-05-24T07:36:01.282+0000] {processor.py:161} INFO - Started process (PID=13670) to work on /home/airflow/.local/lib/python3.12/site-packages/airflow/example_dags/example_branch_operator.py
[2024-05-24T07:36:01.283+0000] {processor.py:830} INFO - Processing file /home/airflow/.local/lib/python3.12/site-packages/airflow/example_dags/example_branch_operator.py for tasks to queue
[2024-05-24T07:36:01.284+0000] {logging_mixin.py:188} INFO - [2024-05-24T07:36:01.283+0000] {dagbag.py:545} INFO - Filling up the DagBag from /home/airflow/.local/lib/python3.12/site-packages/airflow/example_dags/example_branch_operator.py
[2024-05-24T07:36:01.290+0000] {processor.py:840} INFO - DAG(s) 'example_branch_operator' retrieved from /home/airflow/.local/lib/python3.12/site-packages/airflow/example_dags/example_branch_operator.py
[2024-05-24T07:36:01.301+0000] {logging_mixin.py:188} INFO - [2024-05-24T07:36:01.301+0000] {dag.py:3096} INFO - Sync 1 DAGs
[2024-05-24T07:36:01.309+0000] {logging_mixin.py:188} INFO - [2024-05-24T07:36:01.309+0000] {dag.py:3954} INFO - Setting next_dagrun for example_branch_operator to 2024-05-23 00:00:00+00:00, run_after=2024-05-24 00:00:00+00:00
[2024-05-24T07:36:01.316+0000] {processor.py:183} INFO - Processing /home/airflow/.local/lib/python3.12/site-packages/airflow/example_dags/example_branch_operator.py took 0.037 seconds
[2024-05-24T07:36:31.769+0000] {processor.py:161} INFO - Started process (PID=13932) to work on /home/airflow/.local/lib/python3.12/site-packages/airflow/example_dags/example_branch_operator.py
[2024-05-24T07:36:31.770+0000] {processor.py:830} INFO - Processing file /home/airflow/.local/lib/python3.12/site-packages/airflow/example_dags/example_branch_operator.py for tasks to queue
[2024-05-24T07:36:31.771+0000] {logging_mixin.py:188} INFO - [2024-05-24T07:36:31.770+0000] {dagbag.py:545} INFO - Filling up the DagBag from /home/airflow/.local/lib/python3.12/site-packages/airflow/example_dags/example_branch_operator.py
[2024-05-24T07:36:31.777+0000] {processor.py:840} INFO - DAG(s) 'example_branch_operator' retrieved from /home/airflow/.local/lib/python3.12/site-packages/airflow/example_dags/example_branch_operator.py
[2024-05-24T07:36:31.788+0000] {logging_mixin.py:188} INFO - [2024-05-24T07:36:31.787+0000] {dag.py:3096} INFO - Sync 1 DAGs
[2024-05-24T07:36:31.796+0000] {logging_mixin.py:188} INFO - [2024-05-24T07:36:31.796+0000] {dag.py:3954} INFO - Setting next_dagrun for example_branch_operator to 2024-05-23 00:00:00+00:00, run_after=2024-05-24 00:00:00+00:00
[2024-05-24T07:36:31.802+0000] {processor.py:183} INFO - Processing /home/airflow/.local/lib/python3.12/site-packages/airflow/example_dags/example_branch_operator.py took 0.035 seconds
[2024-05-24T07:37:02.124+0000] {processor.py:161} INFO - Started process (PID=14194) to work on /home/airflow/.local/lib/python3.12/site-packages/airflow/example_dags/example_branch_operator.py
[2024-05-24T07:37:02.125+0000] {processor.py:830} INFO - Processing file /home/airflow/.local/lib/python3.12/site-packages/airflow/example_dags/example_branch_operator.py for tasks to queue
[2024-05-24T07:37:02.125+0000] {logging_mixin.py:188} INFO - [2024-05-24T07:37:02.125+0000] {dagbag.py:545} INFO - Filling up the DagBag from /home/airflow/.local/lib/python3.12/site-packages/airflow/example_dags/example_branch_operator.py
[2024-05-24T07:37:02.132+0000] {processor.py:840} INFO - DAG(s) 'example_branch_operator' retrieved from /home/airflow/.local/lib/python3.12/site-packages/airflow/example_dags/example_branch_operator.py
[2024-05-24T07:37:02.143+0000] {logging_mixin.py:188} INFO - [2024-05-24T07:37:02.143+0000] {dag.py:3096} INFO - Sync 1 DAGs
[2024-05-24T07:37:02.151+0000] {logging_mixin.py:188} INFO - [2024-05-24T07:37:02.151+0000] {dag.py:3954} INFO - Setting next_dagrun for example_branch_operator to 2024-05-23 00:00:00+00:00, run_after=2024-05-24 00:00:00+00:00
[2024-05-24T07:37:02.157+0000] {processor.py:183} INFO - Processing /home/airflow/.local/lib/python3.12/site-packages/airflow/example_dags/example_branch_operator.py took 0.036 seconds
[2024-05-24T07:37:32.581+0000] {processor.py:161} INFO - Started process (PID=14458) to work on /home/airflow/.local/lib/python3.12/site-packages/airflow/example_dags/example_branch_operator.py
[2024-05-24T07:37:32.581+0000] {processor.py:830} INFO - Processing file /home/airflow/.local/lib/python3.12/site-packages/airflow/example_dags/example_branch_operator.py for tasks to queue
[2024-05-24T07:37:32.582+0000] {logging_mixin.py:188} INFO - [2024-05-24T07:37:32.582+0000] {dagbag.py:545} INFO - Filling up the DagBag from /home/airflow/.local/lib/python3.12/site-packages/airflow/example_dags/example_branch_operator.py
[2024-05-24T07:37:32.589+0000] {processor.py:840} INFO - DAG(s) 'example_branch_operator' retrieved from /home/airflow/.local/lib/python3.12/site-packages/airflow/example_dags/example_branch_operator.py
[2024-05-24T07:37:32.598+0000] {logging_mixin.py:188} INFO - [2024-05-24T07:37:32.598+0000] {dag.py:3096} INFO - Sync 1 DAGs
[2024-05-24T07:37:32.606+0000] {logging_mixin.py:188} INFO - [2024-05-24T07:37:32.606+0000] {dag.py:3954} INFO - Setting next_dagrun for example_branch_operator to 2024-05-23 00:00:00+00:00, run_after=2024-05-24 00:00:00+00:00
[2024-05-24T07:37:32.612+0000] {processor.py:183} INFO - Processing /home/airflow/.local/lib/python3.12/site-packages/airflow/example_dags/example_branch_operator.py took 0.033 seconds
[2024-05-24T07:38:03.013+0000] {processor.py:161} INFO - Started process (PID=14718) to work on /home/airflow/.local/lib/python3.12/site-packages/airflow/example_dags/example_branch_operator.py
[2024-05-24T07:38:03.013+0000] {processor.py:830} INFO - Processing file /home/airflow/.local/lib/python3.12/site-packages/airflow/example_dags/example_branch_operator.py for tasks to queue
[2024-05-24T07:38:03.014+0000] {logging_mixin.py:188} INFO - [2024-05-24T07:38:03.014+0000] {dagbag.py:545} INFO - Filling up the DagBag from /home/airflow/.local/lib/python3.12/site-packages/airflow/example_dags/example_branch_operator.py
[2024-05-24T07:38:03.021+0000] {processor.py:840} INFO - DAG(s) 'example_branch_operator' retrieved from /home/airflow/.local/lib/python3.12/site-packages/airflow/example_dags/example_branch_operator.py
[2024-05-24T07:38:03.032+0000] {logging_mixin.py:188} INFO - [2024-05-24T07:38:03.032+0000] {dag.py:3096} INFO - Sync 1 DAGs
[2024-05-24T07:38:03.041+0000] {logging_mixin.py:188} INFO - [2024-05-24T07:38:03.041+0000] {dag.py:3954} INFO - Setting next_dagrun for example_branch_operator to 2024-05-23 00:00:00+00:00, run_after=2024-05-24 00:00:00+00:00
[2024-05-24T07:38:03.048+0000] {processor.py:183} INFO - Processing /home/airflow/.local/lib/python3.12/site-packages/airflow/example_dags/example_branch_operator.py took 0.037 seconds
[2024-05-24T07:38:33.351+0000] {processor.py:161} INFO - Started process (PID=14980) to work on /home/airflow/.local/lib/python3.12/site-packages/airflow/example_dags/example_branch_operator.py
[2024-05-24T07:38:33.352+0000] {processor.py:830} INFO - Processing file /home/airflow/.local/lib/python3.12/site-packages/airflow/example_dags/example_branch_operator.py for tasks to queue
[2024-05-24T07:38:33.352+0000] {logging_mixin.py:188} INFO - [2024-05-24T07:38:33.352+0000] {dagbag.py:545} INFO - Filling up the DagBag from /home/airflow/.local/lib/python3.12/site-packages/airflow/example_dags/example_branch_operator.py
[2024-05-24T07:38:33.359+0000] {processor.py:840} INFO - DAG(s) 'example_branch_operator' retrieved from /home/airflow/.local/lib/python3.12/site-packages/airflow/example_dags/example_branch_operator.py
[2024-05-24T07:38:33.369+0000] {logging_mixin.py:188} INFO - [2024-05-24T07:38:33.369+0000] {dag.py:3096} INFO - Sync 1 DAGs
[2024-05-24T07:38:33.379+0000] {logging_mixin.py:188} INFO - [2024-05-24T07:38:33.379+0000] {dag.py:3954} INFO - Setting next_dagrun for example_branch_operator to 2024-05-23 00:00:00+00:00, run_after=2024-05-24 00:00:00+00:00
[2024-05-24T07:38:33.385+0000] {processor.py:183} INFO - Processing /home/airflow/.local/lib/python3.12/site-packages/airflow/example_dags/example_branch_operator.py took 0.036 seconds
[2024-05-24T07:39:03.681+0000] {processor.py:161} INFO - Started process (PID=15242) to work on /home/airflow/.local/lib/python3.12/site-packages/airflow/example_dags/example_branch_operator.py
[2024-05-24T07:39:03.681+0000] {processor.py:830} INFO - Processing file /home/airflow/.local/lib/python3.12/site-packages/airflow/example_dags/example_branch_operator.py for tasks to queue
[2024-05-24T07:39:03.682+0000] {logging_mixin.py:188} INFO - [2024-05-24T07:39:03.682+0000] {dagbag.py:545} INFO - Filling up the DagBag from /home/airflow/.local/lib/python3.12/site-packages/airflow/example_dags/example_branch_operator.py
[2024-05-24T07:39:03.688+0000] {processor.py:840} INFO - DAG(s) 'example_branch_operator' retrieved from /home/airflow/.local/lib/python3.12/site-packages/airflow/example_dags/example_branch_operator.py
[2024-05-24T07:39:03.699+0000] {logging_mixin.py:188} INFO - [2024-05-24T07:39:03.699+0000] {dag.py:3096} INFO - Sync 1 DAGs
[2024-05-24T07:39:03.708+0000] {logging_mixin.py:188} INFO - [2024-05-24T07:39:03.708+0000] {dag.py:3954} INFO - Setting next_dagrun for example_branch_operator to 2024-05-23 00:00:00+00:00, run_after=2024-05-24 00:00:00+00:00
[2024-05-24T07:39:03.715+0000] {processor.py:183} INFO - Processing /home/airflow/.local/lib/python3.12/site-packages/airflow/example_dags/example_branch_operator.py took 0.036 seconds
[2024-05-24T07:39:34.035+0000] {processor.py:161} INFO - Started process (PID=15503) to work on /home/airflow/.local/lib/python3.12/site-packages/airflow/example_dags/example_branch_operator.py
[2024-05-24T07:39:34.035+0000] {processor.py:830} INFO - Processing file /home/airflow/.local/lib/python3.12/site-packages/airflow/example_dags/example_branch_operator.py for tasks to queue
[2024-05-24T07:39:34.036+0000] {logging_mixin.py:188} INFO - [2024-05-24T07:39:34.036+0000] {dagbag.py:545} INFO - Filling up the DagBag from /home/airflow/.local/lib/python3.12/site-packages/airflow/example_dags/example_branch_operator.py
[2024-05-24T07:39:34.042+0000] {processor.py:840} INFO - DAG(s) 'example_branch_operator' retrieved from /home/airflow/.local/lib/python3.12/site-packages/airflow/example_dags/example_branch_operator.py
[2024-05-24T07:39:34.052+0000] {logging_mixin.py:188} INFO - [2024-05-24T07:39:34.052+0000] {dag.py:3096} INFO - Sync 1 DAGs
[2024-05-24T07:39:34.061+0000] {logging_mixin.py:188} INFO - [2024-05-24T07:39:34.061+0000] {dag.py:3954} INFO - Setting next_dagrun for example_branch_operator to 2024-05-23 00:00:00+00:00, run_after=2024-05-24 00:00:00+00:00
[2024-05-24T07:39:34.067+0000] {processor.py:183} INFO - Processing /home/airflow/.local/lib/python3.12/site-packages/airflow/example_dags/example_branch_operator.py took 0.035 seconds
[2024-05-24T07:40:04.521+0000] {processor.py:161} INFO - Started process (PID=15765) to work on /home/airflow/.local/lib/python3.12/site-packages/airflow/example_dags/example_branch_operator.py
[2024-05-24T07:40:04.521+0000] {processor.py:830} INFO - Processing file /home/airflow/.local/lib/python3.12/site-packages/airflow/example_dags/example_branch_operator.py for tasks to queue
[2024-05-24T07:40:04.522+0000] {logging_mixin.py:188} INFO - [2024-05-24T07:40:04.522+0000] {dagbag.py:545} INFO - Filling up the DagBag from /home/airflow/.local/lib/python3.12/site-packages/airflow/example_dags/example_branch_operator.py
[2024-05-24T07:40:04.528+0000] {processor.py:840} INFO - DAG(s) 'example_branch_operator' retrieved from /home/airflow/.local/lib/python3.12/site-packages/airflow/example_dags/example_branch_operator.py
[2024-05-24T07:40:04.539+0000] {logging_mixin.py:188} INFO - [2024-05-24T07:40:04.538+0000] {dag.py:3096} INFO - Sync 1 DAGs
[2024-05-24T07:40:04.547+0000] {logging_mixin.py:188} INFO - [2024-05-24T07:40:04.547+0000] {dag.py:3954} INFO - Setting next_dagrun for example_branch_operator to 2024-05-23 00:00:00+00:00, run_after=2024-05-24 00:00:00+00:00
[2024-05-24T07:40:04.553+0000] {processor.py:183} INFO - Processing /home/airflow/.local/lib/python3.12/site-packages/airflow/example_dags/example_branch_operator.py took 0.035 seconds
[2024-05-24T07:40:34.976+0000] {processor.py:161} INFO - Started process (PID=16027) to work on /home/airflow/.local/lib/python3.12/site-packages/airflow/example_dags/example_branch_operator.py
[2024-05-24T07:40:34.977+0000] {processor.py:830} INFO - Processing file /home/airflow/.local/lib/python3.12/site-packages/airflow/example_dags/example_branch_operator.py for tasks to queue
[2024-05-24T07:40:34.977+0000] {logging_mixin.py:188} INFO - [2024-05-24T07:40:34.977+0000] {dagbag.py:545} INFO - Filling up the DagBag from /home/airflow/.local/lib/python3.12/site-packages/airflow/example_dags/example_branch_operator.py
[2024-05-24T07:40:34.984+0000] {processor.py:840} INFO - DAG(s) 'example_branch_operator' retrieved from /home/airflow/.local/lib/python3.12/site-packages/airflow/example_dags/example_branch_operator.py
[2024-05-24T07:40:34.995+0000] {logging_mixin.py:188} INFO - [2024-05-24T07:40:34.995+0000] {dag.py:3096} INFO - Sync 1 DAGs
[2024-05-24T07:40:35.003+0000] {logging_mixin.py:188} INFO - [2024-05-24T07:40:35.003+0000] {dag.py:3954} INFO - Setting next_dagrun for example_branch_operator to 2024-05-23 00:00:00+00:00, run_after=2024-05-24 00:00:00+00:00
[2024-05-24T07:40:35.009+0000] {processor.py:183} INFO - Processing /home/airflow/.local/lib/python3.12/site-packages/airflow/example_dags/example_branch_operator.py took 0.036 seconds
[2024-05-24T07:41:05.341+0000] {processor.py:161} INFO - Started process (PID=16289) to work on /home/airflow/.local/lib/python3.12/site-packages/airflow/example_dags/example_branch_operator.py
[2024-05-24T07:41:05.341+0000] {processor.py:830} INFO - Processing file /home/airflow/.local/lib/python3.12/site-packages/airflow/example_dags/example_branch_operator.py for tasks to queue
[2024-05-24T07:41:05.342+0000] {logging_mixin.py:188} INFO - [2024-05-24T07:41:05.342+0000] {dagbag.py:545} INFO - Filling up the DagBag from /home/airflow/.local/lib/python3.12/site-packages/airflow/example_dags/example_branch_operator.py
[2024-05-24T07:41:05.348+0000] {processor.py:840} INFO - DAG(s) 'example_branch_operator' retrieved from /home/airflow/.local/lib/python3.12/site-packages/airflow/example_dags/example_branch_operator.py
[2024-05-24T07:41:05.358+0000] {logging_mixin.py:188} INFO - [2024-05-24T07:41:05.358+0000] {dag.py:3096} INFO - Sync 1 DAGs
[2024-05-24T07:41:05.367+0000] {logging_mixin.py:188} INFO - [2024-05-24T07:41:05.367+0000] {dag.py:3954} INFO - Setting next_dagrun for example_branch_operator to 2024-05-23 00:00:00+00:00, run_after=2024-05-24 00:00:00+00:00
[2024-05-24T07:41:05.373+0000] {processor.py:183} INFO - Processing /home/airflow/.local/lib/python3.12/site-packages/airflow/example_dags/example_branch_operator.py took 0.035 seconds
[2024-05-24T07:41:35.671+0000] {processor.py:161} INFO - Started process (PID=16551) to work on /home/airflow/.local/lib/python3.12/site-packages/airflow/example_dags/example_branch_operator.py
[2024-05-24T07:41:35.671+0000] {processor.py:830} INFO - Processing file /home/airflow/.local/lib/python3.12/site-packages/airflow/example_dags/example_branch_operator.py for tasks to queue
[2024-05-24T07:41:35.672+0000] {logging_mixin.py:188} INFO - [2024-05-24T07:41:35.672+0000] {dagbag.py:545} INFO - Filling up the DagBag from /home/airflow/.local/lib/python3.12/site-packages/airflow/example_dags/example_branch_operator.py
[2024-05-24T07:41:35.678+0000] {processor.py:840} INFO - DAG(s) 'example_branch_operator' retrieved from /home/airflow/.local/lib/python3.12/site-packages/airflow/example_dags/example_branch_operator.py
[2024-05-24T07:41:35.688+0000] {logging_mixin.py:188} INFO - [2024-05-24T07:41:35.688+0000] {dag.py:3096} INFO - Sync 1 DAGs
[2024-05-24T07:41:35.697+0000] {logging_mixin.py:188} INFO - [2024-05-24T07:41:35.696+0000] {dag.py:3954} INFO - Setting next_dagrun for example_branch_operator to 2024-05-23 00:00:00+00:00, run_after=2024-05-24 00:00:00+00:00
[2024-05-24T07:41:35.703+0000] {processor.py:183} INFO - Processing /home/airflow/.local/lib/python3.12/site-packages/airflow/example_dags/example_branch_operator.py took 0.034 seconds
[2024-05-24T07:42:06.035+0000] {processor.py:161} INFO - Started process (PID=16813) to work on /home/airflow/.local/lib/python3.12/site-packages/airflow/example_dags/example_branch_operator.py
[2024-05-24T07:42:06.035+0000] {processor.py:830} INFO - Processing file /home/airflow/.local/lib/python3.12/site-packages/airflow/example_dags/example_branch_operator.py for tasks to queue
[2024-05-24T07:42:06.036+0000] {logging_mixin.py:188} INFO - [2024-05-24T07:42:06.036+0000] {dagbag.py:545} INFO - Filling up the DagBag from /home/airflow/.local/lib/python3.12/site-packages/airflow/example_dags/example_branch_operator.py
[2024-05-24T07:42:06.043+0000] {processor.py:840} INFO - DAG(s) 'example_branch_operator' retrieved from /home/airflow/.local/lib/python3.12/site-packages/airflow/example_dags/example_branch_operator.py
[2024-05-24T07:42:06.053+0000] {logging_mixin.py:188} INFO - [2024-05-24T07:42:06.053+0000] {dag.py:3096} INFO - Sync 1 DAGs
[2024-05-24T07:42:06.061+0000] {logging_mixin.py:188} INFO - [2024-05-24T07:42:06.061+0000] {dag.py:3954} INFO - Setting next_dagrun for example_branch_operator to 2024-05-23 00:00:00+00:00, run_after=2024-05-24 00:00:00+00:00
[2024-05-24T07:42:06.067+0000] {processor.py:183} INFO - Processing /home/airflow/.local/lib/python3.12/site-packages/airflow/example_dags/example_branch_operator.py took 0.034 seconds
[2024-05-24T07:42:36.465+0000] {processor.py:161} INFO - Started process (PID=17077) to work on /home/airflow/.local/lib/python3.12/site-packages/airflow/example_dags/example_branch_operator.py
[2024-05-24T07:42:36.465+0000] {processor.py:830} INFO - Processing file /home/airflow/.local/lib/python3.12/site-packages/airflow/example_dags/example_branch_operator.py for tasks to queue
[2024-05-24T07:42:36.466+0000] {logging_mixin.py:188} INFO - [2024-05-24T07:42:36.466+0000] {dagbag.py:545} INFO - Filling up the DagBag from /home/airflow/.local/lib/python3.12/site-packages/airflow/example_dags/example_branch_operator.py
[2024-05-24T07:42:36.472+0000] {processor.py:840} INFO - DAG(s) 'example_branch_operator' retrieved from /home/airflow/.local/lib/python3.12/site-packages/airflow/example_dags/example_branch_operator.py
[2024-05-24T07:42:36.482+0000] {logging_mixin.py:188} INFO - [2024-05-24T07:42:36.482+0000] {dag.py:3096} INFO - Sync 1 DAGs
[2024-05-24T07:42:36.489+0000] {logging_mixin.py:188} INFO - [2024-05-24T07:42:36.489+0000] {dag.py:3954} INFO - Setting next_dagrun for example_branch_operator to 2024-05-23 00:00:00+00:00, run_after=2024-05-24 00:00:00+00:00
[2024-05-24T07:42:36.495+0000] {processor.py:183} INFO - Processing /home/airflow/.local/lib/python3.12/site-packages/airflow/example_dags/example_branch_operator.py took 0.032 seconds
[2024-05-24T07:43:06.876+0000] {processor.py:161} INFO - Started process (PID=17337) to work on /home/airflow/.local/lib/python3.12/site-packages/airflow/example_dags/example_branch_operator.py
[2024-05-24T07:43:06.876+0000] {processor.py:830} INFO - Processing file /home/airflow/.local/lib/python3.12/site-packages/airflow/example_dags/example_branch_operator.py for tasks to queue
[2024-05-24T07:43:06.877+0000] {logging_mixin.py:188} INFO - [2024-05-24T07:43:06.877+0000] {dagbag.py:545} INFO - Filling up the DagBag from /home/airflow/.local/lib/python3.12/site-packages/airflow/example_dags/example_branch_operator.py
[2024-05-24T07:43:06.883+0000] {processor.py:840} INFO - DAG(s) 'example_branch_operator' retrieved from /home/airflow/.local/lib/python3.12/site-packages/airflow/example_dags/example_branch_operator.py
[2024-05-24T07:43:06.894+0000] {logging_mixin.py:188} INFO - [2024-05-24T07:43:06.894+0000] {dag.py:3096} INFO - Sync 1 DAGs
[2024-05-24T07:43:06.903+0000] {logging_mixin.py:188} INFO - [2024-05-24T07:43:06.903+0000] {dag.py:3954} INFO - Setting next_dagrun for example_branch_operator to 2024-05-23 00:00:00+00:00, run_after=2024-05-24 00:00:00+00:00
[2024-05-24T07:43:06.909+0000] {processor.py:183} INFO - Processing /home/airflow/.local/lib/python3.12/site-packages/airflow/example_dags/example_branch_operator.py took 0.035 seconds
[2024-05-24T07:43:37.224+0000] {processor.py:161} INFO - Started process (PID=17599) to work on /home/airflow/.local/lib/python3.12/site-packages/airflow/example_dags/example_branch_operator.py
[2024-05-24T07:43:37.225+0000] {processor.py:830} INFO - Processing file /home/airflow/.local/lib/python3.12/site-packages/airflow/example_dags/example_branch_operator.py for tasks to queue
[2024-05-24T07:43:37.225+0000] {logging_mixin.py:188} INFO - [2024-05-24T07:43:37.225+0000] {dagbag.py:545} INFO - Filling up the DagBag from /home/airflow/.local/lib/python3.12/site-packages/airflow/example_dags/example_branch_operator.py
[2024-05-24T07:43:37.232+0000] {processor.py:840} INFO - DAG(s) 'example_branch_operator' retrieved from /home/airflow/.local/lib/python3.12/site-packages/airflow/example_dags/example_branch_operator.py
[2024-05-24T07:43:37.243+0000] {logging_mixin.py:188} INFO - [2024-05-24T07:43:37.243+0000] {dag.py:3096} INFO - Sync 1 DAGs
[2024-05-24T07:43:37.252+0000] {logging_mixin.py:188} INFO - [2024-05-24T07:43:37.252+0000] {dag.py:3954} INFO - Setting next_dagrun for example_branch_operator to 2024-05-23 00:00:00+00:00, run_after=2024-05-24 00:00:00+00:00
[2024-05-24T07:43:37.259+0000] {processor.py:183} INFO - Processing /home/airflow/.local/lib/python3.12/site-packages/airflow/example_dags/example_branch_operator.py took 0.037 seconds
[2024-05-24T07:44:07.572+0000] {processor.py:161} INFO - Started process (PID=17861) to work on /home/airflow/.local/lib/python3.12/site-packages/airflow/example_dags/example_branch_operator.py
[2024-05-24T07:44:07.572+0000] {processor.py:830} INFO - Processing file /home/airflow/.local/lib/python3.12/site-packages/airflow/example_dags/example_branch_operator.py for tasks to queue
[2024-05-24T07:44:07.573+0000] {logging_mixin.py:188} INFO - [2024-05-24T07:44:07.573+0000] {dagbag.py:545} INFO - Filling up the DagBag from /home/airflow/.local/lib/python3.12/site-packages/airflow/example_dags/example_branch_operator.py
[2024-05-24T07:44:07.579+0000] {processor.py:840} INFO - DAG(s) 'example_branch_operator' retrieved from /home/airflow/.local/lib/python3.12/site-packages/airflow/example_dags/example_branch_operator.py
[2024-05-24T07:44:07.590+0000] {logging_mixin.py:188} INFO - [2024-05-24T07:44:07.590+0000] {dag.py:3096} INFO - Sync 1 DAGs
[2024-05-24T07:44:07.599+0000] {logging_mixin.py:188} INFO - [2024-05-24T07:44:07.599+0000] {dag.py:3954} INFO - Setting next_dagrun for example_branch_operator to 2024-05-23 00:00:00+00:00, run_after=2024-05-24 00:00:00+00:00
[2024-05-24T07:44:07.606+0000] {processor.py:183} INFO - Processing /home/airflow/.local/lib/python3.12/site-packages/airflow/example_dags/example_branch_operator.py took 0.037 seconds
[2024-05-24T07:44:37.898+0000] {processor.py:161} INFO - Started process (PID=18123) to work on /home/airflow/.local/lib/python3.12/site-packages/airflow/example_dags/example_branch_operator.py
[2024-05-24T07:44:37.898+0000] {processor.py:830} INFO - Processing file /home/airflow/.local/lib/python3.12/site-packages/airflow/example_dags/example_branch_operator.py for tasks to queue
[2024-05-24T07:44:37.899+0000] {logging_mixin.py:188} INFO - [2024-05-24T07:44:37.898+0000] {dagbag.py:545} INFO - Filling up the DagBag from /home/airflow/.local/lib/python3.12/site-packages/airflow/example_dags/example_branch_operator.py
[2024-05-24T07:44:37.905+0000] {processor.py:840} INFO - DAG(s) 'example_branch_operator' retrieved from /home/airflow/.local/lib/python3.12/site-packages/airflow/example_dags/example_branch_operator.py
[2024-05-24T07:44:37.915+0000] {logging_mixin.py:188} INFO - [2024-05-24T07:44:37.915+0000] {dag.py:3096} INFO - Sync 1 DAGs
[2024-05-24T07:44:37.923+0000] {logging_mixin.py:188} INFO - [2024-05-24T07:44:37.923+0000] {dag.py:3954} INFO - Setting next_dagrun for example_branch_operator to 2024-05-23 00:00:00+00:00, run_after=2024-05-24 00:00:00+00:00
[2024-05-24T07:44:37.929+0000] {processor.py:183} INFO - Processing /home/airflow/.local/lib/python3.12/site-packages/airflow/example_dags/example_branch_operator.py took 0.034 seconds
