[2024-05-24T05:45:20.184+0000] {processor.py:161} INFO - Started process (PID=216) to work on /home/airflow/.local/lib/python3.12/site-packages/airflow/example_dags/tutorial.py
[2024-05-24T05:45:20.186+0000] {processor.py:830} INFO - Processing file /home/airflow/.local/lib/python3.12/site-packages/airflow/example_dags/tutorial.py for tasks to queue
[2024-05-24T05:45:20.186+0000] {logging_mixin.py:188} INFO - [2024-05-24T05:45:20.186+0000] {dagbag.py:545} INFO - Filling up the DagBag from /home/airflow/.local/lib/python3.12/site-packages/airflow/example_dags/tutorial.py
[2024-05-24T05:45:20.190+0000] {processor.py:840} INFO - DAG(s) 'tutorial' retrieved from /home/airflow/.local/lib/python3.12/site-packages/airflow/example_dags/tutorial.py
[2024-05-24T05:45:20.195+0000] {logging_mixin.py:188} INFO - [2024-05-24T05:45:20.195+0000] {dag.py:3096} INFO - Sync 1 DAGs
[2024-05-24T05:45:20.207+0000] {logging_mixin.py:188} INFO - [2024-05-24T05:45:20.207+0000] {dag.py:3954} INFO - Setting next_dagrun for tutorial to 2024-05-23 00:00:00+00:00, run_after=2024-05-24 00:00:00+00:00
[2024-05-24T05:45:20.214+0000] {processor.py:183} INFO - Processing /home/airflow/.local/lib/python3.12/site-packages/airflow/example_dags/tutorial.py took 0.032 seconds
[2024-05-24T05:45:50.420+0000] {processor.py:161} INFO - Started process (PID=480) to work on /home/airflow/.local/lib/python3.12/site-packages/airflow/example_dags/tutorial.py
[2024-05-24T05:45:50.421+0000] {processor.py:830} INFO - Processing file /home/airflow/.local/lib/python3.12/site-packages/airflow/example_dags/tutorial.py for tasks to queue
[2024-05-24T05:45:50.421+0000] {logging_mixin.py:188} INFO - [2024-05-24T05:45:50.421+0000] {dagbag.py:545} INFO - Filling up the DagBag from /home/airflow/.local/lib/python3.12/site-packages/airflow/example_dags/tutorial.py
[2024-05-24T05:45:50.424+0000] {processor.py:840} INFO - DAG(s) 'tutorial' retrieved from /home/airflow/.local/lib/python3.12/site-packages/airflow/example_dags/tutorial.py
[2024-05-24T05:45:50.460+0000] {logging_mixin.py:188} INFO - [2024-05-24T05:45:50.460+0000] {dag.py:3096} INFO - Sync 1 DAGs
[2024-05-24T05:45:50.467+0000] {logging_mixin.py:188} INFO - [2024-05-24T05:45:50.467+0000] {dag.py:3954} INFO - Setting next_dagrun for tutorial to 2024-05-23 00:00:00+00:00, run_after=2024-05-24 00:00:00+00:00
[2024-05-24T05:45:50.474+0000] {processor.py:183} INFO - Processing /home/airflow/.local/lib/python3.12/site-packages/airflow/example_dags/tutorial.py took 0.056 seconds
[2024-05-24T05:46:21.450+0000] {processor.py:161} INFO - Started process (PID=742) to work on /home/airflow/.local/lib/python3.12/site-packages/airflow/example_dags/tutorial.py
[2024-05-24T05:46:21.450+0000] {processor.py:830} INFO - Processing file /home/airflow/.local/lib/python3.12/site-packages/airflow/example_dags/tutorial.py for tasks to queue
[2024-05-24T05:46:21.451+0000] {logging_mixin.py:188} INFO - [2024-05-24T05:46:21.451+0000] {dagbag.py:545} INFO - Filling up the DagBag from /home/airflow/.local/lib/python3.12/site-packages/airflow/example_dags/tutorial.py
[2024-05-24T05:46:21.453+0000] {processor.py:840} INFO - DAG(s) 'tutorial' retrieved from /home/airflow/.local/lib/python3.12/site-packages/airflow/example_dags/tutorial.py
[2024-05-24T05:46:21.462+0000] {logging_mixin.py:188} INFO - [2024-05-24T05:46:21.462+0000] {dag.py:3096} INFO - Sync 1 DAGs
[2024-05-24T05:46:21.470+0000] {logging_mixin.py:188} INFO - [2024-05-24T05:46:21.470+0000] {dag.py:3954} INFO - Setting next_dagrun for tutorial to 2024-05-23 00:00:00+00:00, run_after=2024-05-24 00:00:00+00:00
[2024-05-24T05:46:21.477+0000] {processor.py:183} INFO - Processing /home/airflow/.local/lib/python3.12/site-packages/airflow/example_dags/tutorial.py took 0.030 seconds
[2024-05-24T05:46:51.757+0000] {processor.py:161} INFO - Started process (PID=1004) to work on /home/airflow/.local/lib/python3.12/site-packages/airflow/example_dags/tutorial.py
[2024-05-24T05:46:51.758+0000] {processor.py:830} INFO - Processing file /home/airflow/.local/lib/python3.12/site-packages/airflow/example_dags/tutorial.py for tasks to queue
[2024-05-24T05:46:51.759+0000] {logging_mixin.py:188} INFO - [2024-05-24T05:46:51.758+0000] {dagbag.py:545} INFO - Filling up the DagBag from /home/airflow/.local/lib/python3.12/site-packages/airflow/example_dags/tutorial.py
[2024-05-24T05:46:51.761+0000] {processor.py:840} INFO - DAG(s) 'tutorial' retrieved from /home/airflow/.local/lib/python3.12/site-packages/airflow/example_dags/tutorial.py
[2024-05-24T05:46:51.768+0000] {logging_mixin.py:188} INFO - [2024-05-24T05:46:51.768+0000] {dag.py:3096} INFO - Sync 1 DAGs
[2024-05-24T05:46:51.775+0000] {logging_mixin.py:188} INFO - [2024-05-24T05:46:51.775+0000] {dag.py:3954} INFO - Setting next_dagrun for tutorial to 2024-05-23 00:00:00+00:00, run_after=2024-05-24 00:00:00+00:00
[2024-05-24T05:46:51.781+0000] {processor.py:183} INFO - Processing /home/airflow/.local/lib/python3.12/site-packages/airflow/example_dags/tutorial.py took 0.026 seconds
[2024-05-24T05:47:22.065+0000] {processor.py:161} INFO - Started process (PID=1266) to work on /home/airflow/.local/lib/python3.12/site-packages/airflow/example_dags/tutorial.py
[2024-05-24T05:47:22.066+0000] {processor.py:830} INFO - Processing file /home/airflow/.local/lib/python3.12/site-packages/airflow/example_dags/tutorial.py for tasks to queue
[2024-05-24T05:47:22.067+0000] {logging_mixin.py:188} INFO - [2024-05-24T05:47:22.066+0000] {dagbag.py:545} INFO - Filling up the DagBag from /home/airflow/.local/lib/python3.12/site-packages/airflow/example_dags/tutorial.py
[2024-05-24T05:47:22.069+0000] {processor.py:840} INFO - DAG(s) 'tutorial' retrieved from /home/airflow/.local/lib/python3.12/site-packages/airflow/example_dags/tutorial.py
[2024-05-24T05:47:22.077+0000] {logging_mixin.py:188} INFO - [2024-05-24T05:47:22.077+0000] {dag.py:3096} INFO - Sync 1 DAGs
[2024-05-24T05:47:22.086+0000] {logging_mixin.py:188} INFO - [2024-05-24T05:47:22.086+0000] {dag.py:3954} INFO - Setting next_dagrun for tutorial to 2024-05-23 00:00:00+00:00, run_after=2024-05-24 00:00:00+00:00
[2024-05-24T05:47:22.092+0000] {processor.py:183} INFO - Processing /home/airflow/.local/lib/python3.12/site-packages/airflow/example_dags/tutorial.py took 0.030 seconds
[2024-05-24T05:47:52.397+0000] {processor.py:161} INFO - Started process (PID=1528) to work on /home/airflow/.local/lib/python3.12/site-packages/airflow/example_dags/tutorial.py
[2024-05-24T05:47:52.398+0000] {processor.py:830} INFO - Processing file /home/airflow/.local/lib/python3.12/site-packages/airflow/example_dags/tutorial.py for tasks to queue
[2024-05-24T05:47:52.399+0000] {logging_mixin.py:188} INFO - [2024-05-24T05:47:52.398+0000] {dagbag.py:545} INFO - Filling up the DagBag from /home/airflow/.local/lib/python3.12/site-packages/airflow/example_dags/tutorial.py
[2024-05-24T05:47:52.401+0000] {processor.py:840} INFO - DAG(s) 'tutorial' retrieved from /home/airflow/.local/lib/python3.12/site-packages/airflow/example_dags/tutorial.py
[2024-05-24T05:47:52.408+0000] {logging_mixin.py:188} INFO - [2024-05-24T05:47:52.408+0000] {dag.py:3096} INFO - Sync 1 DAGs
[2024-05-24T05:47:52.415+0000] {logging_mixin.py:188} INFO - [2024-05-24T05:47:52.415+0000] {dag.py:3954} INFO - Setting next_dagrun for tutorial to 2024-05-23 00:00:00+00:00, run_after=2024-05-24 00:00:00+00:00
[2024-05-24T05:47:52.421+0000] {processor.py:183} INFO - Processing /home/airflow/.local/lib/python3.12/site-packages/airflow/example_dags/tutorial.py took 0.026 seconds
[2024-05-24T05:48:22.790+0000] {processor.py:161} INFO - Started process (PID=1790) to work on /home/airflow/.local/lib/python3.12/site-packages/airflow/example_dags/tutorial.py
[2024-05-24T05:48:22.790+0000] {processor.py:830} INFO - Processing file /home/airflow/.local/lib/python3.12/site-packages/airflow/example_dags/tutorial.py for tasks to queue
[2024-05-24T05:48:22.791+0000] {logging_mixin.py:188} INFO - [2024-05-24T05:48:22.791+0000] {dagbag.py:545} INFO - Filling up the DagBag from /home/airflow/.local/lib/python3.12/site-packages/airflow/example_dags/tutorial.py
[2024-05-24T05:48:22.793+0000] {processor.py:840} INFO - DAG(s) 'tutorial' retrieved from /home/airflow/.local/lib/python3.12/site-packages/airflow/example_dags/tutorial.py
[2024-05-24T05:48:22.802+0000] {logging_mixin.py:188} INFO - [2024-05-24T05:48:22.802+0000] {dag.py:3096} INFO - Sync 1 DAGs
[2024-05-24T05:48:22.811+0000] {logging_mixin.py:188} INFO - [2024-05-24T05:48:22.810+0000] {dag.py:3954} INFO - Setting next_dagrun for tutorial to 2024-05-23 00:00:00+00:00, run_after=2024-05-24 00:00:00+00:00
[2024-05-24T05:48:22.817+0000] {processor.py:183} INFO - Processing /home/airflow/.local/lib/python3.12/site-packages/airflow/example_dags/tutorial.py took 0.030 seconds
[2024-05-24T05:48:53.094+0000] {processor.py:161} INFO - Started process (PID=2052) to work on /home/airflow/.local/lib/python3.12/site-packages/airflow/example_dags/tutorial.py
[2024-05-24T05:48:53.094+0000] {processor.py:830} INFO - Processing file /home/airflow/.local/lib/python3.12/site-packages/airflow/example_dags/tutorial.py for tasks to queue
[2024-05-24T05:48:53.095+0000] {logging_mixin.py:188} INFO - [2024-05-24T05:48:53.095+0000] {dagbag.py:545} INFO - Filling up the DagBag from /home/airflow/.local/lib/python3.12/site-packages/airflow/example_dags/tutorial.py
[2024-05-24T05:48:53.098+0000] {processor.py:840} INFO - DAG(s) 'tutorial' retrieved from /home/airflow/.local/lib/python3.12/site-packages/airflow/example_dags/tutorial.py
[2024-05-24T05:48:53.106+0000] {logging_mixin.py:188} INFO - [2024-05-24T05:48:53.106+0000] {dag.py:3096} INFO - Sync 1 DAGs
[2024-05-24T05:48:53.115+0000] {logging_mixin.py:188} INFO - [2024-05-24T05:48:53.115+0000] {dag.py:3954} INFO - Setting next_dagrun for tutorial to 2024-05-23 00:00:00+00:00, run_after=2024-05-24 00:00:00+00:00
[2024-05-24T05:48:53.123+0000] {processor.py:183} INFO - Processing /home/airflow/.local/lib/python3.12/site-packages/airflow/example_dags/tutorial.py took 0.031 seconds
[2024-05-24T05:49:23.430+0000] {processor.py:161} INFO - Started process (PID=2314) to work on /home/airflow/.local/lib/python3.12/site-packages/airflow/example_dags/tutorial.py
[2024-05-24T05:49:23.431+0000] {processor.py:830} INFO - Processing file /home/airflow/.local/lib/python3.12/site-packages/airflow/example_dags/tutorial.py for tasks to queue
[2024-05-24T05:49:23.431+0000] {logging_mixin.py:188} INFO - [2024-05-24T05:49:23.431+0000] {dagbag.py:545} INFO - Filling up the DagBag from /home/airflow/.local/lib/python3.12/site-packages/airflow/example_dags/tutorial.py
[2024-05-24T05:49:23.434+0000] {processor.py:840} INFO - DAG(s) 'tutorial' retrieved from /home/airflow/.local/lib/python3.12/site-packages/airflow/example_dags/tutorial.py
[2024-05-24T05:49:23.441+0000] {logging_mixin.py:188} INFO - [2024-05-24T05:49:23.441+0000] {dag.py:3096} INFO - Sync 1 DAGs
[2024-05-24T05:49:23.448+0000] {logging_mixin.py:188} INFO - [2024-05-24T05:49:23.448+0000] {dag.py:3954} INFO - Setting next_dagrun for tutorial to 2024-05-23 00:00:00+00:00, run_after=2024-05-24 00:00:00+00:00
[2024-05-24T05:49:23.454+0000] {processor.py:183} INFO - Processing /home/airflow/.local/lib/python3.12/site-packages/airflow/example_dags/tutorial.py took 0.026 seconds
[2024-05-24T05:49:53.691+0000] {processor.py:161} INFO - Started process (PID=2576) to work on /home/airflow/.local/lib/python3.12/site-packages/airflow/example_dags/tutorial.py
[2024-05-24T05:49:53.691+0000] {processor.py:830} INFO - Processing file /home/airflow/.local/lib/python3.12/site-packages/airflow/example_dags/tutorial.py for tasks to queue
[2024-05-24T05:49:53.692+0000] {logging_mixin.py:188} INFO - [2024-05-24T05:49:53.692+0000] {dagbag.py:545} INFO - Filling up the DagBag from /home/airflow/.local/lib/python3.12/site-packages/airflow/example_dags/tutorial.py
[2024-05-24T05:49:53.694+0000] {processor.py:840} INFO - DAG(s) 'tutorial' retrieved from /home/airflow/.local/lib/python3.12/site-packages/airflow/example_dags/tutorial.py
[2024-05-24T05:49:53.702+0000] {logging_mixin.py:188} INFO - [2024-05-24T05:49:53.702+0000] {dag.py:3096} INFO - Sync 1 DAGs
[2024-05-24T05:49:53.710+0000] {logging_mixin.py:188} INFO - [2024-05-24T05:49:53.710+0000] {dag.py:3954} INFO - Setting next_dagrun for tutorial to 2024-05-23 00:00:00+00:00, run_after=2024-05-24 00:00:00+00:00
[2024-05-24T05:49:53.717+0000] {processor.py:183} INFO - Processing /home/airflow/.local/lib/python3.12/site-packages/airflow/example_dags/tutorial.py took 0.028 seconds
[2024-05-24T05:50:24.108+0000] {processor.py:161} INFO - Started process (PID=2838) to work on /home/airflow/.local/lib/python3.12/site-packages/airflow/example_dags/tutorial.py
[2024-05-24T05:50:24.109+0000] {processor.py:830} INFO - Processing file /home/airflow/.local/lib/python3.12/site-packages/airflow/example_dags/tutorial.py for tasks to queue
[2024-05-24T05:50:24.110+0000] {logging_mixin.py:188} INFO - [2024-05-24T05:50:24.110+0000] {dagbag.py:545} INFO - Filling up the DagBag from /home/airflow/.local/lib/python3.12/site-packages/airflow/example_dags/tutorial.py
[2024-05-24T05:50:24.114+0000] {processor.py:840} INFO - DAG(s) 'tutorial' retrieved from /home/airflow/.local/lib/python3.12/site-packages/airflow/example_dags/tutorial.py
[2024-05-24T05:50:24.124+0000] {logging_mixin.py:188} INFO - [2024-05-24T05:50:24.124+0000] {dag.py:3096} INFO - Sync 1 DAGs
[2024-05-24T05:50:24.133+0000] {logging_mixin.py:188} INFO - [2024-05-24T05:50:24.133+0000] {dag.py:3954} INFO - Setting next_dagrun for tutorial to 2024-05-23 00:00:00+00:00, run_after=2024-05-24 00:00:00+00:00
[2024-05-24T05:50:24.141+0000] {processor.py:183} INFO - Processing /home/airflow/.local/lib/python3.12/site-packages/airflow/example_dags/tutorial.py took 0.036 seconds
[2024-05-24T05:50:54.460+0000] {processor.py:161} INFO - Started process (PID=3100) to work on /home/airflow/.local/lib/python3.12/site-packages/airflow/example_dags/tutorial.py
[2024-05-24T05:50:54.460+0000] {processor.py:830} INFO - Processing file /home/airflow/.local/lib/python3.12/site-packages/airflow/example_dags/tutorial.py for tasks to queue
[2024-05-24T05:50:54.461+0000] {logging_mixin.py:188} INFO - [2024-05-24T05:50:54.461+0000] {dagbag.py:545} INFO - Filling up the DagBag from /home/airflow/.local/lib/python3.12/site-packages/airflow/example_dags/tutorial.py
[2024-05-24T05:50:54.463+0000] {processor.py:840} INFO - DAG(s) 'tutorial' retrieved from /home/airflow/.local/lib/python3.12/site-packages/airflow/example_dags/tutorial.py
[2024-05-24T05:50:54.471+0000] {logging_mixin.py:188} INFO - [2024-05-24T05:50:54.471+0000] {dag.py:3096} INFO - Sync 1 DAGs
[2024-05-24T05:50:54.479+0000] {logging_mixin.py:188} INFO - [2024-05-24T05:50:54.478+0000] {dag.py:3954} INFO - Setting next_dagrun for tutorial to 2024-05-23 00:00:00+00:00, run_after=2024-05-24 00:00:00+00:00
[2024-05-24T05:50:54.485+0000] {processor.py:183} INFO - Processing /home/airflow/.local/lib/python3.12/site-packages/airflow/example_dags/tutorial.py took 0.027 seconds
[2024-05-24T05:51:24.782+0000] {processor.py:161} INFO - Started process (PID=3362) to work on /home/airflow/.local/lib/python3.12/site-packages/airflow/example_dags/tutorial.py
[2024-05-24T05:51:24.783+0000] {processor.py:830} INFO - Processing file /home/airflow/.local/lib/python3.12/site-packages/airflow/example_dags/tutorial.py for tasks to queue
[2024-05-24T05:51:24.783+0000] {logging_mixin.py:188} INFO - [2024-05-24T05:51:24.783+0000] {dagbag.py:545} INFO - Filling up the DagBag from /home/airflow/.local/lib/python3.12/site-packages/airflow/example_dags/tutorial.py
[2024-05-24T05:51:24.786+0000] {processor.py:840} INFO - DAG(s) 'tutorial' retrieved from /home/airflow/.local/lib/python3.12/site-packages/airflow/example_dags/tutorial.py
[2024-05-24T05:51:24.794+0000] {logging_mixin.py:188} INFO - [2024-05-24T05:51:24.794+0000] {dag.py:3096} INFO - Sync 1 DAGs
[2024-05-24T05:51:24.801+0000] {logging_mixin.py:188} INFO - [2024-05-24T05:51:24.801+0000] {dag.py:3954} INFO - Setting next_dagrun for tutorial to 2024-05-23 00:00:00+00:00, run_after=2024-05-24 00:00:00+00:00
[2024-05-24T05:51:24.808+0000] {processor.py:183} INFO - Processing /home/airflow/.local/lib/python3.12/site-packages/airflow/example_dags/tutorial.py took 0.028 seconds
[2024-05-24T05:51:55.081+0000] {processor.py:161} INFO - Started process (PID=3624) to work on /home/airflow/.local/lib/python3.12/site-packages/airflow/example_dags/tutorial.py
[2024-05-24T05:51:55.082+0000] {processor.py:830} INFO - Processing file /home/airflow/.local/lib/python3.12/site-packages/airflow/example_dags/tutorial.py for tasks to queue
[2024-05-24T05:51:55.082+0000] {logging_mixin.py:188} INFO - [2024-05-24T05:51:55.082+0000] {dagbag.py:545} INFO - Filling up the DagBag from /home/airflow/.local/lib/python3.12/site-packages/airflow/example_dags/tutorial.py
[2024-05-24T05:51:55.085+0000] {processor.py:840} INFO - DAG(s) 'tutorial' retrieved from /home/airflow/.local/lib/python3.12/site-packages/airflow/example_dags/tutorial.py
[2024-05-24T05:51:55.093+0000] {logging_mixin.py:188} INFO - [2024-05-24T05:51:55.093+0000] {dag.py:3096} INFO - Sync 1 DAGs
[2024-05-24T05:51:55.100+0000] {logging_mixin.py:188} INFO - [2024-05-24T05:51:55.100+0000] {dag.py:3954} INFO - Setting next_dagrun for tutorial to 2024-05-23 00:00:00+00:00, run_after=2024-05-24 00:00:00+00:00
[2024-05-24T05:51:55.107+0000] {processor.py:183} INFO - Processing /home/airflow/.local/lib/python3.12/site-packages/airflow/example_dags/tutorial.py took 0.028 seconds
[2024-05-24T05:52:25.393+0000] {processor.py:161} INFO - Started process (PID=3886) to work on /home/airflow/.local/lib/python3.12/site-packages/airflow/example_dags/tutorial.py
[2024-05-24T05:52:25.393+0000] {processor.py:830} INFO - Processing file /home/airflow/.local/lib/python3.12/site-packages/airflow/example_dags/tutorial.py for tasks to queue
[2024-05-24T05:52:25.394+0000] {logging_mixin.py:188} INFO - [2024-05-24T05:52:25.394+0000] {dagbag.py:545} INFO - Filling up the DagBag from /home/airflow/.local/lib/python3.12/site-packages/airflow/example_dags/tutorial.py
[2024-05-24T05:52:25.396+0000] {processor.py:840} INFO - DAG(s) 'tutorial' retrieved from /home/airflow/.local/lib/python3.12/site-packages/airflow/example_dags/tutorial.py
[2024-05-24T05:52:25.403+0000] {logging_mixin.py:188} INFO - [2024-05-24T05:52:25.403+0000] {dag.py:3096} INFO - Sync 1 DAGs
[2024-05-24T05:52:25.410+0000] {logging_mixin.py:188} INFO - [2024-05-24T05:52:25.410+0000] {dag.py:3954} INFO - Setting next_dagrun for tutorial to 2024-05-23 00:00:00+00:00, run_after=2024-05-24 00:00:00+00:00
[2024-05-24T05:52:25.416+0000] {processor.py:183} INFO - Processing /home/airflow/.local/lib/python3.12/site-packages/airflow/example_dags/tutorial.py took 0.025 seconds
[2024-05-24T05:52:55.639+0000] {processor.py:161} INFO - Started process (PID=4148) to work on /home/airflow/.local/lib/python3.12/site-packages/airflow/example_dags/tutorial.py
[2024-05-24T05:52:55.640+0000] {processor.py:830} INFO - Processing file /home/airflow/.local/lib/python3.12/site-packages/airflow/example_dags/tutorial.py for tasks to queue
[2024-05-24T05:52:55.640+0000] {logging_mixin.py:188} INFO - [2024-05-24T05:52:55.640+0000] {dagbag.py:545} INFO - Filling up the DagBag from /home/airflow/.local/lib/python3.12/site-packages/airflow/example_dags/tutorial.py
[2024-05-24T05:52:55.643+0000] {processor.py:840} INFO - DAG(s) 'tutorial' retrieved from /home/airflow/.local/lib/python3.12/site-packages/airflow/example_dags/tutorial.py
[2024-05-24T05:52:55.650+0000] {logging_mixin.py:188} INFO - [2024-05-24T05:52:55.650+0000] {dag.py:3096} INFO - Sync 1 DAGs
[2024-05-24T05:52:55.657+0000] {logging_mixin.py:188} INFO - [2024-05-24T05:52:55.657+0000] {dag.py:3954} INFO - Setting next_dagrun for tutorial to 2024-05-23 00:00:00+00:00, run_after=2024-05-24 00:00:00+00:00
[2024-05-24T05:52:55.663+0000] {processor.py:183} INFO - Processing /home/airflow/.local/lib/python3.12/site-packages/airflow/example_dags/tutorial.py took 0.026 seconds
[2024-05-24T05:53:26.040+0000] {processor.py:161} INFO - Started process (PID=4410) to work on /home/airflow/.local/lib/python3.12/site-packages/airflow/example_dags/tutorial.py
[2024-05-24T05:53:26.041+0000] {processor.py:830} INFO - Processing file /home/airflow/.local/lib/python3.12/site-packages/airflow/example_dags/tutorial.py for tasks to queue
[2024-05-24T05:53:26.043+0000] {logging_mixin.py:188} INFO - [2024-05-24T05:53:26.042+0000] {dagbag.py:545} INFO - Filling up the DagBag from /home/airflow/.local/lib/python3.12/site-packages/airflow/example_dags/tutorial.py
[2024-05-24T05:53:26.047+0000] {processor.py:840} INFO - DAG(s) 'tutorial' retrieved from /home/airflow/.local/lib/python3.12/site-packages/airflow/example_dags/tutorial.py
[2024-05-24T05:53:26.058+0000] {logging_mixin.py:188} INFO - [2024-05-24T05:53:26.058+0000] {dag.py:3096} INFO - Sync 1 DAGs
[2024-05-24T05:53:26.069+0000] {logging_mixin.py:188} INFO - [2024-05-24T05:53:26.069+0000] {dag.py:3954} INFO - Setting next_dagrun for tutorial to 2024-05-23 00:00:00+00:00, run_after=2024-05-24 00:00:00+00:00
[2024-05-24T05:53:26.077+0000] {processor.py:183} INFO - Processing /home/airflow/.local/lib/python3.12/site-packages/airflow/example_dags/tutorial.py took 0.040 seconds
[2024-05-24T05:53:56.515+0000] {processor.py:161} INFO - Started process (PID=4697) to work on /home/airflow/.local/lib/python3.12/site-packages/airflow/example_dags/tutorial.py
[2024-05-24T05:53:56.516+0000] {processor.py:830} INFO - Processing file /home/airflow/.local/lib/python3.12/site-packages/airflow/example_dags/tutorial.py for tasks to queue
[2024-05-24T05:53:56.517+0000] {logging_mixin.py:188} INFO - [2024-05-24T05:53:56.517+0000] {dagbag.py:545} INFO - Filling up the DagBag from /home/airflow/.local/lib/python3.12/site-packages/airflow/example_dags/tutorial.py
[2024-05-24T05:53:56.521+0000] {processor.py:840} INFO - DAG(s) 'tutorial' retrieved from /home/airflow/.local/lib/python3.12/site-packages/airflow/example_dags/tutorial.py
[2024-05-24T05:53:56.532+0000] {logging_mixin.py:188} INFO - [2024-05-24T05:53:56.532+0000] {dag.py:3096} INFO - Sync 1 DAGs
[2024-05-24T05:53:56.542+0000] {logging_mixin.py:188} INFO - [2024-05-24T05:53:56.542+0000] {dag.py:3954} INFO - Setting next_dagrun for tutorial to 2024-05-23 00:00:00+00:00, run_after=2024-05-24 00:00:00+00:00
[2024-05-24T05:53:56.551+0000] {processor.py:183} INFO - Processing /home/airflow/.local/lib/python3.12/site-packages/airflow/example_dags/tutorial.py took 0.039 seconds
[2024-05-24T05:54:26.840+0000] {processor.py:161} INFO - Started process (PID=4959) to work on /home/airflow/.local/lib/python3.12/site-packages/airflow/example_dags/tutorial.py
[2024-05-24T05:54:26.840+0000] {processor.py:830} INFO - Processing file /home/airflow/.local/lib/python3.12/site-packages/airflow/example_dags/tutorial.py for tasks to queue
[2024-05-24T05:54:26.841+0000] {logging_mixin.py:188} INFO - [2024-05-24T05:54:26.841+0000] {dagbag.py:545} INFO - Filling up the DagBag from /home/airflow/.local/lib/python3.12/site-packages/airflow/example_dags/tutorial.py
[2024-05-24T05:54:26.845+0000] {processor.py:840} INFO - DAG(s) 'tutorial' retrieved from /home/airflow/.local/lib/python3.12/site-packages/airflow/example_dags/tutorial.py
[2024-05-24T05:54:26.857+0000] {logging_mixin.py:188} INFO - [2024-05-24T05:54:26.856+0000] {dag.py:3096} INFO - Sync 1 DAGs
[2024-05-24T05:54:26.867+0000] {logging_mixin.py:188} INFO - [2024-05-24T05:54:26.867+0000] {dag.py:3954} INFO - Setting next_dagrun for tutorial to 2024-05-23 00:00:00+00:00, run_after=2024-05-24 00:00:00+00:00
[2024-05-24T05:54:26.875+0000] {processor.py:183} INFO - Processing /home/airflow/.local/lib/python3.12/site-packages/airflow/example_dags/tutorial.py took 0.038 seconds
[2024-05-24T05:54:57.192+0000] {processor.py:161} INFO - Started process (PID=5221) to work on /home/airflow/.local/lib/python3.12/site-packages/airflow/example_dags/tutorial.py
[2024-05-24T05:54:57.192+0000] {processor.py:830} INFO - Processing file /home/airflow/.local/lib/python3.12/site-packages/airflow/example_dags/tutorial.py for tasks to queue
[2024-05-24T05:54:57.193+0000] {logging_mixin.py:188} INFO - [2024-05-24T05:54:57.193+0000] {dagbag.py:545} INFO - Filling up the DagBag from /home/airflow/.local/lib/python3.12/site-packages/airflow/example_dags/tutorial.py
[2024-05-24T05:54:57.195+0000] {processor.py:840} INFO - DAG(s) 'tutorial' retrieved from /home/airflow/.local/lib/python3.12/site-packages/airflow/example_dags/tutorial.py
[2024-05-24T05:54:57.202+0000] {logging_mixin.py:188} INFO - [2024-05-24T05:54:57.202+0000] {dag.py:3096} INFO - Sync 1 DAGs
[2024-05-24T05:54:57.209+0000] {logging_mixin.py:188} INFO - [2024-05-24T05:54:57.209+0000] {dag.py:3954} INFO - Setting next_dagrun for tutorial to 2024-05-23 00:00:00+00:00, run_after=2024-05-24 00:00:00+00:00
[2024-05-24T05:54:57.215+0000] {processor.py:183} INFO - Processing /home/airflow/.local/lib/python3.12/site-packages/airflow/example_dags/tutorial.py took 0.025 seconds
[2024-05-24T05:55:27.563+0000] {processor.py:161} INFO - Started process (PID=5483) to work on /home/airflow/.local/lib/python3.12/site-packages/airflow/example_dags/tutorial.py
[2024-05-24T05:55:27.563+0000] {processor.py:830} INFO - Processing file /home/airflow/.local/lib/python3.12/site-packages/airflow/example_dags/tutorial.py for tasks to queue
[2024-05-24T05:55:27.564+0000] {logging_mixin.py:188} INFO - [2024-05-24T05:55:27.564+0000] {dagbag.py:545} INFO - Filling up the DagBag from /home/airflow/.local/lib/python3.12/site-packages/airflow/example_dags/tutorial.py
[2024-05-24T05:55:27.566+0000] {processor.py:840} INFO - DAG(s) 'tutorial' retrieved from /home/airflow/.local/lib/python3.12/site-packages/airflow/example_dags/tutorial.py
[2024-05-24T05:55:27.574+0000] {logging_mixin.py:188} INFO - [2024-05-24T05:55:27.574+0000] {dag.py:3096} INFO - Sync 1 DAGs
[2024-05-24T05:55:27.581+0000] {logging_mixin.py:188} INFO - [2024-05-24T05:55:27.581+0000] {dag.py:3954} INFO - Setting next_dagrun for tutorial to 2024-05-23 00:00:00+00:00, run_after=2024-05-24 00:00:00+00:00
[2024-05-24T05:55:27.586+0000] {processor.py:183} INFO - Processing /home/airflow/.local/lib/python3.12/site-packages/airflow/example_dags/tutorial.py took 0.026 seconds
[2024-05-24T05:55:57.910+0000] {processor.py:161} INFO - Started process (PID=5745) to work on /home/airflow/.local/lib/python3.12/site-packages/airflow/example_dags/tutorial.py
[2024-05-24T05:55:57.910+0000] {processor.py:830} INFO - Processing file /home/airflow/.local/lib/python3.12/site-packages/airflow/example_dags/tutorial.py for tasks to queue
[2024-05-24T05:55:57.911+0000] {logging_mixin.py:188} INFO - [2024-05-24T05:55:57.911+0000] {dagbag.py:545} INFO - Filling up the DagBag from /home/airflow/.local/lib/python3.12/site-packages/airflow/example_dags/tutorial.py
[2024-05-24T05:55:57.913+0000] {processor.py:840} INFO - DAG(s) 'tutorial' retrieved from /home/airflow/.local/lib/python3.12/site-packages/airflow/example_dags/tutorial.py
[2024-05-24T05:55:57.921+0000] {logging_mixin.py:188} INFO - [2024-05-24T05:55:57.921+0000] {dag.py:3096} INFO - Sync 1 DAGs
[2024-05-24T05:55:57.927+0000] {logging_mixin.py:188} INFO - [2024-05-24T05:55:57.927+0000] {dag.py:3954} INFO - Setting next_dagrun for tutorial to 2024-05-23 00:00:00+00:00, run_after=2024-05-24 00:00:00+00:00
[2024-05-24T05:55:57.933+0000] {processor.py:183} INFO - Processing /home/airflow/.local/lib/python3.12/site-packages/airflow/example_dags/tutorial.py took 0.025 seconds
[2024-05-24T05:56:28.240+0000] {processor.py:161} INFO - Started process (PID=6007) to work on /home/airflow/.local/lib/python3.12/site-packages/airflow/example_dags/tutorial.py
[2024-05-24T05:56:28.240+0000] {processor.py:830} INFO - Processing file /home/airflow/.local/lib/python3.12/site-packages/airflow/example_dags/tutorial.py for tasks to queue
[2024-05-24T05:56:28.241+0000] {logging_mixin.py:188} INFO - [2024-05-24T05:56:28.241+0000] {dagbag.py:545} INFO - Filling up the DagBag from /home/airflow/.local/lib/python3.12/site-packages/airflow/example_dags/tutorial.py
[2024-05-24T05:56:28.243+0000] {processor.py:840} INFO - DAG(s) 'tutorial' retrieved from /home/airflow/.local/lib/python3.12/site-packages/airflow/example_dags/tutorial.py
[2024-05-24T05:56:28.251+0000] {logging_mixin.py:188} INFO - [2024-05-24T05:56:28.251+0000] {dag.py:3096} INFO - Sync 1 DAGs
[2024-05-24T05:56:28.258+0000] {logging_mixin.py:188} INFO - [2024-05-24T05:56:28.258+0000] {dag.py:3954} INFO - Setting next_dagrun for tutorial to 2024-05-23 00:00:00+00:00, run_after=2024-05-24 00:00:00+00:00
[2024-05-24T05:56:28.263+0000] {processor.py:183} INFO - Processing /home/airflow/.local/lib/python3.12/site-packages/airflow/example_dags/tutorial.py took 0.026 seconds
[2024-05-24T05:56:58.559+0000] {processor.py:161} INFO - Started process (PID=6269) to work on /home/airflow/.local/lib/python3.12/site-packages/airflow/example_dags/tutorial.py
[2024-05-24T05:56:58.560+0000] {processor.py:830} INFO - Processing file /home/airflow/.local/lib/python3.12/site-packages/airflow/example_dags/tutorial.py for tasks to queue
[2024-05-24T05:56:58.560+0000] {logging_mixin.py:188} INFO - [2024-05-24T05:56:58.560+0000] {dagbag.py:545} INFO - Filling up the DagBag from /home/airflow/.local/lib/python3.12/site-packages/airflow/example_dags/tutorial.py
[2024-05-24T05:56:58.562+0000] {processor.py:840} INFO - DAG(s) 'tutorial' retrieved from /home/airflow/.local/lib/python3.12/site-packages/airflow/example_dags/tutorial.py
[2024-05-24T05:56:58.570+0000] {logging_mixin.py:188} INFO - [2024-05-24T05:56:58.570+0000] {dag.py:3096} INFO - Sync 1 DAGs
[2024-05-24T05:56:58.577+0000] {logging_mixin.py:188} INFO - [2024-05-24T05:56:58.577+0000] {dag.py:3954} INFO - Setting next_dagrun for tutorial to 2024-05-23 00:00:00+00:00, run_after=2024-05-24 00:00:00+00:00
[2024-05-24T05:56:58.583+0000] {processor.py:183} INFO - Processing /home/airflow/.local/lib/python3.12/site-packages/airflow/example_dags/tutorial.py took 0.025 seconds
[2024-05-24T05:57:28.851+0000] {processor.py:161} INFO - Started process (PID=6531) to work on /home/airflow/.local/lib/python3.12/site-packages/airflow/example_dags/tutorial.py
[2024-05-24T05:57:28.852+0000] {processor.py:830} INFO - Processing file /home/airflow/.local/lib/python3.12/site-packages/airflow/example_dags/tutorial.py for tasks to queue
[2024-05-24T05:57:28.852+0000] {logging_mixin.py:188} INFO - [2024-05-24T05:57:28.852+0000] {dagbag.py:545} INFO - Filling up the DagBag from /home/airflow/.local/lib/python3.12/site-packages/airflow/example_dags/tutorial.py
[2024-05-24T05:57:28.854+0000] {processor.py:840} INFO - DAG(s) 'tutorial' retrieved from /home/airflow/.local/lib/python3.12/site-packages/airflow/example_dags/tutorial.py
[2024-05-24T05:57:28.862+0000] {logging_mixin.py:188} INFO - [2024-05-24T05:57:28.862+0000] {dag.py:3096} INFO - Sync 1 DAGs
[2024-05-24T05:57:28.869+0000] {logging_mixin.py:188} INFO - [2024-05-24T05:57:28.869+0000] {dag.py:3954} INFO - Setting next_dagrun for tutorial to 2024-05-23 00:00:00+00:00, run_after=2024-05-24 00:00:00+00:00
[2024-05-24T05:57:28.875+0000] {processor.py:183} INFO - Processing /home/airflow/.local/lib/python3.12/site-packages/airflow/example_dags/tutorial.py took 0.026 seconds
[2024-05-24T05:57:59.207+0000] {processor.py:161} INFO - Started process (PID=6793) to work on /home/airflow/.local/lib/python3.12/site-packages/airflow/example_dags/tutorial.py
[2024-05-24T05:57:59.207+0000] {processor.py:830} INFO - Processing file /home/airflow/.local/lib/python3.12/site-packages/airflow/example_dags/tutorial.py for tasks to queue
[2024-05-24T05:57:59.208+0000] {logging_mixin.py:188} INFO - [2024-05-24T05:57:59.208+0000] {dagbag.py:545} INFO - Filling up the DagBag from /home/airflow/.local/lib/python3.12/site-packages/airflow/example_dags/tutorial.py
[2024-05-24T05:57:59.210+0000] {processor.py:840} INFO - DAG(s) 'tutorial' retrieved from /home/airflow/.local/lib/python3.12/site-packages/airflow/example_dags/tutorial.py
[2024-05-24T05:57:59.218+0000] {logging_mixin.py:188} INFO - [2024-05-24T05:57:59.218+0000] {dag.py:3096} INFO - Sync 1 DAGs
[2024-05-24T05:57:59.225+0000] {logging_mixin.py:188} INFO - [2024-05-24T05:57:59.225+0000] {dag.py:3954} INFO - Setting next_dagrun for tutorial to 2024-05-23 00:00:00+00:00, run_after=2024-05-24 00:00:00+00:00
[2024-05-24T05:57:59.230+0000] {processor.py:183} INFO - Processing /home/airflow/.local/lib/python3.12/site-packages/airflow/example_dags/tutorial.py took 0.025 seconds
[2024-05-24T05:58:29.537+0000] {processor.py:161} INFO - Started process (PID=7055) to work on /home/airflow/.local/lib/python3.12/site-packages/airflow/example_dags/tutorial.py
[2024-05-24T05:58:29.538+0000] {processor.py:830} INFO - Processing file /home/airflow/.local/lib/python3.12/site-packages/airflow/example_dags/tutorial.py for tasks to queue
[2024-05-24T05:58:29.539+0000] {logging_mixin.py:188} INFO - [2024-05-24T05:58:29.538+0000] {dagbag.py:545} INFO - Filling up the DagBag from /home/airflow/.local/lib/python3.12/site-packages/airflow/example_dags/tutorial.py
[2024-05-24T05:58:29.541+0000] {processor.py:840} INFO - DAG(s) 'tutorial' retrieved from /home/airflow/.local/lib/python3.12/site-packages/airflow/example_dags/tutorial.py
[2024-05-24T05:58:29.548+0000] {logging_mixin.py:188} INFO - [2024-05-24T05:58:29.548+0000] {dag.py:3096} INFO - Sync 1 DAGs
[2024-05-24T05:58:29.555+0000] {logging_mixin.py:188} INFO - [2024-05-24T05:58:29.555+0000] {dag.py:3954} INFO - Setting next_dagrun for tutorial to 2024-05-23 00:00:00+00:00, run_after=2024-05-24 00:00:00+00:00
[2024-05-24T05:58:29.561+0000] {processor.py:183} INFO - Processing /home/airflow/.local/lib/python3.12/site-packages/airflow/example_dags/tutorial.py took 0.026 seconds
[2024-05-24T06:13:52.914+0000] {processor.py:161} INFO - Started process (PID=7315) to work on /home/airflow/.local/lib/python3.12/site-packages/airflow/example_dags/tutorial.py
[2024-05-24T06:13:52.915+0000] {processor.py:830} INFO - Processing file /home/airflow/.local/lib/python3.12/site-packages/airflow/example_dags/tutorial.py for tasks to queue
[2024-05-24T06:13:52.915+0000] {logging_mixin.py:188} INFO - [2024-05-24T06:13:52.915+0000] {dagbag.py:545} INFO - Filling up the DagBag from /home/airflow/.local/lib/python3.12/site-packages/airflow/example_dags/tutorial.py
[2024-05-24T06:13:52.918+0000] {processor.py:840} INFO - DAG(s) 'tutorial' retrieved from /home/airflow/.local/lib/python3.12/site-packages/airflow/example_dags/tutorial.py
[2024-05-24T06:13:52.925+0000] {logging_mixin.py:188} INFO - [2024-05-24T06:13:52.925+0000] {dag.py:3096} INFO - Sync 1 DAGs
[2024-05-24T06:13:52.933+0000] {logging_mixin.py:188} INFO - [2024-05-24T06:13:52.933+0000] {dag.py:3954} INFO - Setting next_dagrun for tutorial to 2024-05-23 00:00:00+00:00, run_after=2024-05-24 00:00:00+00:00
[2024-05-24T06:13:52.939+0000] {processor.py:183} INFO - Processing /home/airflow/.local/lib/python3.12/site-packages/airflow/example_dags/tutorial.py took 0.028 seconds
[2024-05-24T06:26:09.795+0000] {processor.py:161} INFO - Started process (PID=7578) to work on /home/airflow/.local/lib/python3.12/site-packages/airflow/example_dags/tutorial.py
[2024-05-24T06:26:09.796+0000] {processor.py:830} INFO - Processing file /home/airflow/.local/lib/python3.12/site-packages/airflow/example_dags/tutorial.py for tasks to queue
[2024-05-24T06:26:09.796+0000] {logging_mixin.py:188} INFO - [2024-05-24T06:26:09.796+0000] {dagbag.py:545} INFO - Filling up the DagBag from /home/airflow/.local/lib/python3.12/site-packages/airflow/example_dags/tutorial.py
[2024-05-24T06:26:09.799+0000] {processor.py:840} INFO - DAG(s) 'tutorial' retrieved from /home/airflow/.local/lib/python3.12/site-packages/airflow/example_dags/tutorial.py
[2024-05-24T06:26:09.807+0000] {logging_mixin.py:188} INFO - [2024-05-24T06:26:09.807+0000] {dag.py:3096} INFO - Sync 1 DAGs
[2024-05-24T06:26:09.814+0000] {logging_mixin.py:188} INFO - [2024-05-24T06:26:09.814+0000] {dag.py:3954} INFO - Setting next_dagrun for tutorial to 2024-05-23 00:00:00+00:00, run_after=2024-05-24 00:00:00+00:00
[2024-05-24T06:26:09.821+0000] {processor.py:183} INFO - Processing /home/airflow/.local/lib/python3.12/site-packages/airflow/example_dags/tutorial.py took 0.028 seconds
[2024-05-24T06:26:40.209+0000] {processor.py:161} INFO - Started process (PID=7837) to work on /home/airflow/.local/lib/python3.12/site-packages/airflow/example_dags/tutorial.py
[2024-05-24T06:26:40.209+0000] {processor.py:830} INFO - Processing file /home/airflow/.local/lib/python3.12/site-packages/airflow/example_dags/tutorial.py for tasks to queue
[2024-05-24T06:26:40.210+0000] {logging_mixin.py:188} INFO - [2024-05-24T06:26:40.210+0000] {dagbag.py:545} INFO - Filling up the DagBag from /home/airflow/.local/lib/python3.12/site-packages/airflow/example_dags/tutorial.py
[2024-05-24T06:26:40.212+0000] {processor.py:840} INFO - DAG(s) 'tutorial' retrieved from /home/airflow/.local/lib/python3.12/site-packages/airflow/example_dags/tutorial.py
[2024-05-24T06:26:40.219+0000] {logging_mixin.py:188} INFO - [2024-05-24T06:26:40.219+0000] {dag.py:3096} INFO - Sync 1 DAGs
[2024-05-24T06:26:40.227+0000] {logging_mixin.py:188} INFO - [2024-05-24T06:26:40.226+0000] {dag.py:3954} INFO - Setting next_dagrun for tutorial to 2024-05-23 00:00:00+00:00, run_after=2024-05-24 00:00:00+00:00
[2024-05-24T06:26:40.233+0000] {processor.py:183} INFO - Processing /home/airflow/.local/lib/python3.12/site-packages/airflow/example_dags/tutorial.py took 0.026 seconds
[2024-05-24T06:27:10.617+0000] {processor.py:161} INFO - Started process (PID=8099) to work on /home/airflow/.local/lib/python3.12/site-packages/airflow/example_dags/tutorial.py
[2024-05-24T06:27:10.617+0000] {processor.py:830} INFO - Processing file /home/airflow/.local/lib/python3.12/site-packages/airflow/example_dags/tutorial.py for tasks to queue
[2024-05-24T06:27:10.617+0000] {logging_mixin.py:188} INFO - [2024-05-24T06:27:10.617+0000] {dagbag.py:545} INFO - Filling up the DagBag from /home/airflow/.local/lib/python3.12/site-packages/airflow/example_dags/tutorial.py
[2024-05-24T06:27:10.620+0000] {processor.py:840} INFO - DAG(s) 'tutorial' retrieved from /home/airflow/.local/lib/python3.12/site-packages/airflow/example_dags/tutorial.py
[2024-05-24T06:27:10.627+0000] {logging_mixin.py:188} INFO - [2024-05-24T06:27:10.627+0000] {dag.py:3096} INFO - Sync 1 DAGs
[2024-05-24T06:27:10.634+0000] {logging_mixin.py:188} INFO - [2024-05-24T06:27:10.634+0000] {dag.py:3954} INFO - Setting next_dagrun for tutorial to 2024-05-23 00:00:00+00:00, run_after=2024-05-24 00:00:00+00:00
[2024-05-24T06:27:10.641+0000] {processor.py:183} INFO - Processing /home/airflow/.local/lib/python3.12/site-packages/airflow/example_dags/tutorial.py took 0.026 seconds
[2024-05-24T06:28:25.739+0000] {processor.py:161} INFO - Started process (PID=8361) to work on /home/airflow/.local/lib/python3.12/site-packages/airflow/example_dags/tutorial.py
[2024-05-24T06:28:25.739+0000] {processor.py:830} INFO - Processing file /home/airflow/.local/lib/python3.12/site-packages/airflow/example_dags/tutorial.py for tasks to queue
[2024-05-24T06:28:25.740+0000] {logging_mixin.py:188} INFO - [2024-05-24T06:28:25.740+0000] {dagbag.py:545} INFO - Filling up the DagBag from /home/airflow/.local/lib/python3.12/site-packages/airflow/example_dags/tutorial.py
[2024-05-24T06:28:25.743+0000] {processor.py:840} INFO - DAG(s) 'tutorial' retrieved from /home/airflow/.local/lib/python3.12/site-packages/airflow/example_dags/tutorial.py
[2024-05-24T06:28:25.750+0000] {logging_mixin.py:188} INFO - [2024-05-24T06:28:25.750+0000] {dag.py:3096} INFO - Sync 1 DAGs
[2024-05-24T06:28:25.758+0000] {logging_mixin.py:188} INFO - [2024-05-24T06:28:25.758+0000] {dag.py:3954} INFO - Setting next_dagrun for tutorial to 2024-05-23 00:00:00+00:00, run_after=2024-05-24 00:00:00+00:00
[2024-05-24T06:28:25.765+0000] {processor.py:183} INFO - Processing /home/airflow/.local/lib/python3.12/site-packages/airflow/example_dags/tutorial.py took 0.029 seconds
[2024-05-24T06:28:56.138+0000] {processor.py:161} INFO - Started process (PID=8625) to work on /home/airflow/.local/lib/python3.12/site-packages/airflow/example_dags/tutorial.py
[2024-05-24T06:28:56.139+0000] {processor.py:830} INFO - Processing file /home/airflow/.local/lib/python3.12/site-packages/airflow/example_dags/tutorial.py for tasks to queue
[2024-05-24T06:28:56.139+0000] {logging_mixin.py:188} INFO - [2024-05-24T06:28:56.139+0000] {dagbag.py:545} INFO - Filling up the DagBag from /home/airflow/.local/lib/python3.12/site-packages/airflow/example_dags/tutorial.py
[2024-05-24T06:28:56.142+0000] {processor.py:840} INFO - DAG(s) 'tutorial' retrieved from /home/airflow/.local/lib/python3.12/site-packages/airflow/example_dags/tutorial.py
[2024-05-24T06:28:56.149+0000] {logging_mixin.py:188} INFO - [2024-05-24T06:28:56.149+0000] {dag.py:3096} INFO - Sync 1 DAGs
[2024-05-24T06:28:56.156+0000] {logging_mixin.py:188} INFO - [2024-05-24T06:28:56.156+0000] {dag.py:3954} INFO - Setting next_dagrun for tutorial to 2024-05-23 00:00:00+00:00, run_after=2024-05-24 00:00:00+00:00
[2024-05-24T06:28:56.162+0000] {processor.py:183} INFO - Processing /home/airflow/.local/lib/python3.12/site-packages/airflow/example_dags/tutorial.py took 0.026 seconds
[2024-05-24T06:29:26.648+0000] {processor.py:161} INFO - Started process (PID=8885) to work on /home/airflow/.local/lib/python3.12/site-packages/airflow/example_dags/tutorial.py
[2024-05-24T06:29:26.648+0000] {processor.py:830} INFO - Processing file /home/airflow/.local/lib/python3.12/site-packages/airflow/example_dags/tutorial.py for tasks to queue
[2024-05-24T06:29:26.649+0000] {logging_mixin.py:188} INFO - [2024-05-24T06:29:26.649+0000] {dagbag.py:545} INFO - Filling up the DagBag from /home/airflow/.local/lib/python3.12/site-packages/airflow/example_dags/tutorial.py
[2024-05-24T06:29:26.651+0000] {processor.py:840} INFO - DAG(s) 'tutorial' retrieved from /home/airflow/.local/lib/python3.12/site-packages/airflow/example_dags/tutorial.py
[2024-05-24T06:29:26.658+0000] {logging_mixin.py:188} INFO - [2024-05-24T06:29:26.658+0000] {dag.py:3096} INFO - Sync 1 DAGs
[2024-05-24T06:29:26.666+0000] {logging_mixin.py:188} INFO - [2024-05-24T06:29:26.666+0000] {dag.py:3954} INFO - Setting next_dagrun for tutorial to 2024-05-23 00:00:00+00:00, run_after=2024-05-24 00:00:00+00:00
[2024-05-24T06:29:26.672+0000] {processor.py:183} INFO - Processing /home/airflow/.local/lib/python3.12/site-packages/airflow/example_dags/tutorial.py took 0.025 seconds
[2024-05-24T06:29:57.001+0000] {processor.py:161} INFO - Started process (PID=9149) to work on /home/airflow/.local/lib/python3.12/site-packages/airflow/example_dags/tutorial.py
[2024-05-24T06:29:57.002+0000] {processor.py:830} INFO - Processing file /home/airflow/.local/lib/python3.12/site-packages/airflow/example_dags/tutorial.py for tasks to queue
[2024-05-24T06:29:57.002+0000] {logging_mixin.py:188} INFO - [2024-05-24T06:29:57.002+0000] {dagbag.py:545} INFO - Filling up the DagBag from /home/airflow/.local/lib/python3.12/site-packages/airflow/example_dags/tutorial.py
[2024-05-24T06:29:57.004+0000] {processor.py:840} INFO - DAG(s) 'tutorial' retrieved from /home/airflow/.local/lib/python3.12/site-packages/airflow/example_dags/tutorial.py
[2024-05-24T06:29:57.012+0000] {logging_mixin.py:188} INFO - [2024-05-24T06:29:57.012+0000] {dag.py:3096} INFO - Sync 1 DAGs
[2024-05-24T06:29:57.018+0000] {logging_mixin.py:188} INFO - [2024-05-24T06:29:57.018+0000] {dag.py:3954} INFO - Setting next_dagrun for tutorial to 2024-05-23 00:00:00+00:00, run_after=2024-05-24 00:00:00+00:00
[2024-05-24T06:29:57.024+0000] {processor.py:183} INFO - Processing /home/airflow/.local/lib/python3.12/site-packages/airflow/example_dags/tutorial.py took 0.025 seconds
[2024-05-24T06:32:50.640+0000] {processor.py:161} INFO - Started process (PID=9411) to work on /home/airflow/.local/lib/python3.12/site-packages/airflow/example_dags/tutorial.py
[2024-05-24T06:32:50.641+0000] {processor.py:830} INFO - Processing file /home/airflow/.local/lib/python3.12/site-packages/airflow/example_dags/tutorial.py for tasks to queue
[2024-05-24T06:32:50.641+0000] {logging_mixin.py:188} INFO - [2024-05-24T06:32:50.641+0000] {dagbag.py:545} INFO - Filling up the DagBag from /home/airflow/.local/lib/python3.12/site-packages/airflow/example_dags/tutorial.py
[2024-05-24T06:32:50.643+0000] {processor.py:840} INFO - DAG(s) 'tutorial' retrieved from /home/airflow/.local/lib/python3.12/site-packages/airflow/example_dags/tutorial.py
[2024-05-24T06:32:50.651+0000] {logging_mixin.py:188} INFO - [2024-05-24T06:32:50.651+0000] {dag.py:3096} INFO - Sync 1 DAGs
[2024-05-24T06:32:50.658+0000] {logging_mixin.py:188} INFO - [2024-05-24T06:32:50.658+0000] {dag.py:3954} INFO - Setting next_dagrun for tutorial to 2024-05-23 00:00:00+00:00, run_after=2024-05-24 00:00:00+00:00
[2024-05-24T06:32:50.664+0000] {processor.py:183} INFO - Processing /home/airflow/.local/lib/python3.12/site-packages/airflow/example_dags/tutorial.py took 0.026 seconds
[2024-05-24T06:34:33.735+0000] {processor.py:161} INFO - Started process (PID=9671) to work on /home/airflow/.local/lib/python3.12/site-packages/airflow/example_dags/tutorial.py
[2024-05-24T06:34:33.735+0000] {processor.py:830} INFO - Processing file /home/airflow/.local/lib/python3.12/site-packages/airflow/example_dags/tutorial.py for tasks to queue
[2024-05-24T06:34:33.736+0000] {logging_mixin.py:188} INFO - [2024-05-24T06:34:33.736+0000] {dagbag.py:545} INFO - Filling up the DagBag from /home/airflow/.local/lib/python3.12/site-packages/airflow/example_dags/tutorial.py
[2024-05-24T06:34:33.738+0000] {processor.py:840} INFO - DAG(s) 'tutorial' retrieved from /home/airflow/.local/lib/python3.12/site-packages/airflow/example_dags/tutorial.py
[2024-05-24T06:34:33.746+0000] {logging_mixin.py:188} INFO - [2024-05-24T06:34:33.746+0000] {dag.py:3096} INFO - Sync 1 DAGs
[2024-05-24T06:34:33.754+0000] {logging_mixin.py:188} INFO - [2024-05-24T06:34:33.754+0000] {dag.py:3954} INFO - Setting next_dagrun for tutorial to 2024-05-23 00:00:00+00:00, run_after=2024-05-24 00:00:00+00:00
[2024-05-24T06:34:33.761+0000] {processor.py:183} INFO - Processing /home/airflow/.local/lib/python3.12/site-packages/airflow/example_dags/tutorial.py took 0.028 seconds
[2024-05-24T06:35:04.349+0000] {processor.py:161} INFO - Started process (PID=9932) to work on /home/airflow/.local/lib/python3.12/site-packages/airflow/example_dags/tutorial.py
[2024-05-24T06:35:04.349+0000] {processor.py:830} INFO - Processing file /home/airflow/.local/lib/python3.12/site-packages/airflow/example_dags/tutorial.py for tasks to queue
[2024-05-24T06:35:04.350+0000] {logging_mixin.py:188} INFO - [2024-05-24T06:35:04.350+0000] {dagbag.py:545} INFO - Filling up the DagBag from /home/airflow/.local/lib/python3.12/site-packages/airflow/example_dags/tutorial.py
[2024-05-24T06:35:04.352+0000] {processor.py:840} INFO - DAG(s) 'tutorial' retrieved from /home/airflow/.local/lib/python3.12/site-packages/airflow/example_dags/tutorial.py
[2024-05-24T06:35:04.361+0000] {logging_mixin.py:188} INFO - [2024-05-24T06:35:04.361+0000] {dag.py:3096} INFO - Sync 1 DAGs
[2024-05-24T06:35:04.368+0000] {logging_mixin.py:188} INFO - [2024-05-24T06:35:04.368+0000] {dag.py:3954} INFO - Setting next_dagrun for tutorial to 2024-05-23 00:00:00+00:00, run_after=2024-05-24 00:00:00+00:00
[2024-05-24T06:35:04.375+0000] {processor.py:183} INFO - Processing /home/airflow/.local/lib/python3.12/site-packages/airflow/example_dags/tutorial.py took 0.029 seconds
[2024-05-24T06:50:34.128+0000] {processor.py:161} INFO - Started process (PID=10195) to work on /home/airflow/.local/lib/python3.12/site-packages/airflow/example_dags/tutorial.py
[2024-05-24T06:50:34.129+0000] {processor.py:830} INFO - Processing file /home/airflow/.local/lib/python3.12/site-packages/airflow/example_dags/tutorial.py for tasks to queue
[2024-05-24T06:50:34.129+0000] {logging_mixin.py:188} INFO - [2024-05-24T06:50:34.129+0000] {dagbag.py:545} INFO - Filling up the DagBag from /home/airflow/.local/lib/python3.12/site-packages/airflow/example_dags/tutorial.py
[2024-05-24T06:50:34.132+0000] {processor.py:840} INFO - DAG(s) 'tutorial' retrieved from /home/airflow/.local/lib/python3.12/site-packages/airflow/example_dags/tutorial.py
[2024-05-24T06:50:34.140+0000] {logging_mixin.py:188} INFO - [2024-05-24T06:50:34.140+0000] {dag.py:3096} INFO - Sync 1 DAGs
[2024-05-24T06:50:34.148+0000] {logging_mixin.py:188} INFO - [2024-05-24T06:50:34.148+0000] {dag.py:3954} INFO - Setting next_dagrun for tutorial to 2024-05-23 00:00:00+00:00, run_after=2024-05-24 00:00:00+00:00
[2024-05-24T06:50:34.154+0000] {processor.py:183} INFO - Processing /home/airflow/.local/lib/python3.12/site-packages/airflow/example_dags/tutorial.py took 0.028 seconds
[2024-05-24T07:06:10.633+0000] {processor.py:161} INFO - Started process (PID=10457) to work on /home/airflow/.local/lib/python3.12/site-packages/airflow/example_dags/tutorial.py
[2024-05-24T07:06:10.634+0000] {processor.py:830} INFO - Processing file /home/airflow/.local/lib/python3.12/site-packages/airflow/example_dags/tutorial.py for tasks to queue
[2024-05-24T07:06:10.635+0000] {logging_mixin.py:188} INFO - [2024-05-24T07:06:10.635+0000] {dagbag.py:545} INFO - Filling up the DagBag from /home/airflow/.local/lib/python3.12/site-packages/airflow/example_dags/tutorial.py
[2024-05-24T07:06:10.638+0000] {processor.py:840} INFO - DAG(s) 'tutorial' retrieved from /home/airflow/.local/lib/python3.12/site-packages/airflow/example_dags/tutorial.py
[2024-05-24T07:06:10.649+0000] {logging_mixin.py:188} INFO - [2024-05-24T07:06:10.649+0000] {dag.py:3096} INFO - Sync 1 DAGs
[2024-05-24T07:06:10.724+0000] {logging_mixin.py:188} INFO - [2024-05-24T07:06:10.724+0000] {dag.py:3954} INFO - Setting next_dagrun for tutorial to 2024-05-23 00:00:00+00:00, run_after=2024-05-24 00:00:00+00:00
[2024-05-24T07:06:10.731+0000] {processor.py:183} INFO - Processing /home/airflow/.local/lib/python3.12/site-packages/airflow/example_dags/tutorial.py took 0.100 seconds
[2024-05-24T07:30:08.730+0000] {processor.py:161} INFO - Started process (PID=10719) to work on /home/airflow/.local/lib/python3.12/site-packages/airflow/example_dags/tutorial.py
[2024-05-24T07:30:08.731+0000] {processor.py:830} INFO - Processing file /home/airflow/.local/lib/python3.12/site-packages/airflow/example_dags/tutorial.py for tasks to queue
[2024-05-24T07:30:08.732+0000] {logging_mixin.py:188} INFO - [2024-05-24T07:30:08.731+0000] {dagbag.py:545} INFO - Filling up the DagBag from /home/airflow/.local/lib/python3.12/site-packages/airflow/example_dags/tutorial.py
[2024-05-24T07:30:08.734+0000] {processor.py:840} INFO - DAG(s) 'tutorial' retrieved from /home/airflow/.local/lib/python3.12/site-packages/airflow/example_dags/tutorial.py
[2024-05-24T07:30:08.743+0000] {logging_mixin.py:188} INFO - [2024-05-24T07:30:08.743+0000] {dag.py:3096} INFO - Sync 1 DAGs
[2024-05-24T07:30:08.819+0000] {logging_mixin.py:188} INFO - [2024-05-24T07:30:08.819+0000] {dag.py:3954} INFO - Setting next_dagrun for tutorial to 2024-05-23 00:00:00+00:00, run_after=2024-05-24 00:00:00+00:00
[2024-05-24T07:30:08.826+0000] {processor.py:183} INFO - Processing /home/airflow/.local/lib/python3.12/site-packages/airflow/example_dags/tutorial.py took 0.098 seconds
[2024-05-24T07:30:39.436+0000] {processor.py:161} INFO - Started process (PID=10983) to work on /home/airflow/.local/lib/python3.12/site-packages/airflow/example_dags/tutorial.py
[2024-05-24T07:30:39.436+0000] {processor.py:830} INFO - Processing file /home/airflow/.local/lib/python3.12/site-packages/airflow/example_dags/tutorial.py for tasks to queue
[2024-05-24T07:30:39.437+0000] {logging_mixin.py:188} INFO - [2024-05-24T07:30:39.437+0000] {dagbag.py:545} INFO - Filling up the DagBag from /home/airflow/.local/lib/python3.12/site-packages/airflow/example_dags/tutorial.py
[2024-05-24T07:30:39.439+0000] {processor.py:840} INFO - DAG(s) 'tutorial' retrieved from /home/airflow/.local/lib/python3.12/site-packages/airflow/example_dags/tutorial.py
[2024-05-24T07:30:39.447+0000] {logging_mixin.py:188} INFO - [2024-05-24T07:30:39.447+0000] {dag.py:3096} INFO - Sync 1 DAGs
[2024-05-24T07:30:39.454+0000] {logging_mixin.py:188} INFO - [2024-05-24T07:30:39.454+0000] {dag.py:3954} INFO - Setting next_dagrun for tutorial to 2024-05-23 00:00:00+00:00, run_after=2024-05-24 00:00:00+00:00
[2024-05-24T07:30:39.518+0000] {processor.py:183} INFO - Processing /home/airflow/.local/lib/python3.12/site-packages/airflow/example_dags/tutorial.py took 0.085 seconds
[2024-05-24T07:31:10.075+0000] {processor.py:161} INFO - Started process (PID=11245) to work on /home/airflow/.local/lib/python3.12/site-packages/airflow/example_dags/tutorial.py
[2024-05-24T07:31:10.075+0000] {processor.py:830} INFO - Processing file /home/airflow/.local/lib/python3.12/site-packages/airflow/example_dags/tutorial.py for tasks to queue
[2024-05-24T07:31:10.076+0000] {logging_mixin.py:188} INFO - [2024-05-24T07:31:10.076+0000] {dagbag.py:545} INFO - Filling up the DagBag from /home/airflow/.local/lib/python3.12/site-packages/airflow/example_dags/tutorial.py
[2024-05-24T07:31:10.079+0000] {processor.py:840} INFO - DAG(s) 'tutorial' retrieved from /home/airflow/.local/lib/python3.12/site-packages/airflow/example_dags/tutorial.py
[2024-05-24T07:31:10.086+0000] {logging_mixin.py:188} INFO - [2024-05-24T07:31:10.086+0000] {dag.py:3096} INFO - Sync 1 DAGs
[2024-05-24T07:31:10.093+0000] {logging_mixin.py:188} INFO - [2024-05-24T07:31:10.093+0000] {dag.py:3954} INFO - Setting next_dagrun for tutorial to 2024-05-23 00:00:00+00:00, run_after=2024-05-24 00:00:00+00:00
[2024-05-24T07:31:10.100+0000] {processor.py:183} INFO - Processing /home/airflow/.local/lib/python3.12/site-packages/airflow/example_dags/tutorial.py took 0.028 seconds
[2024-05-24T07:31:40.459+0000] {processor.py:161} INFO - Started process (PID=11505) to work on /home/airflow/.local/lib/python3.12/site-packages/airflow/example_dags/tutorial.py
[2024-05-24T07:31:40.459+0000] {processor.py:830} INFO - Processing file /home/airflow/.local/lib/python3.12/site-packages/airflow/example_dags/tutorial.py for tasks to queue
[2024-05-24T07:31:40.459+0000] {logging_mixin.py:188} INFO - [2024-05-24T07:31:40.459+0000] {dagbag.py:545} INFO - Filling up the DagBag from /home/airflow/.local/lib/python3.12/site-packages/airflow/example_dags/tutorial.py
[2024-05-24T07:31:40.461+0000] {processor.py:840} INFO - DAG(s) 'tutorial' retrieved from /home/airflow/.local/lib/python3.12/site-packages/airflow/example_dags/tutorial.py
[2024-05-24T07:31:40.469+0000] {logging_mixin.py:188} INFO - [2024-05-24T07:31:40.469+0000] {dag.py:3096} INFO - Sync 1 DAGs
[2024-05-24T07:31:40.476+0000] {logging_mixin.py:188} INFO - [2024-05-24T07:31:40.476+0000] {dag.py:3954} INFO - Setting next_dagrun for tutorial to 2024-05-23 00:00:00+00:00, run_after=2024-05-24 00:00:00+00:00
[2024-05-24T07:31:40.483+0000] {processor.py:183} INFO - Processing /home/airflow/.local/lib/python3.12/site-packages/airflow/example_dags/tutorial.py took 0.027 seconds
[2024-05-24T07:32:10.795+0000] {processor.py:161} INFO - Started process (PID=11767) to work on /home/airflow/.local/lib/python3.12/site-packages/airflow/example_dags/tutorial.py
[2024-05-24T07:32:10.796+0000] {processor.py:830} INFO - Processing file /home/airflow/.local/lib/python3.12/site-packages/airflow/example_dags/tutorial.py for tasks to queue
[2024-05-24T07:32:10.796+0000] {logging_mixin.py:188} INFO - [2024-05-24T07:32:10.796+0000] {dagbag.py:545} INFO - Filling up the DagBag from /home/airflow/.local/lib/python3.12/site-packages/airflow/example_dags/tutorial.py
[2024-05-24T07:32:10.798+0000] {processor.py:840} INFO - DAG(s) 'tutorial' retrieved from /home/airflow/.local/lib/python3.12/site-packages/airflow/example_dags/tutorial.py
[2024-05-24T07:32:10.806+0000] {logging_mixin.py:188} INFO - [2024-05-24T07:32:10.806+0000] {dag.py:3096} INFO - Sync 1 DAGs
[2024-05-24T07:32:10.813+0000] {logging_mixin.py:188} INFO - [2024-05-24T07:32:10.813+0000] {dag.py:3954} INFO - Setting next_dagrun for tutorial to 2024-05-23 00:00:00+00:00, run_after=2024-05-24 00:00:00+00:00
[2024-05-24T07:32:10.819+0000] {processor.py:183} INFO - Processing /home/airflow/.local/lib/python3.12/site-packages/airflow/example_dags/tutorial.py took 0.026 seconds
[2024-05-24T07:32:58.639+0000] {processor.py:161} INFO - Started process (PID=12031) to work on /home/airflow/.local/lib/python3.12/site-packages/airflow/example_dags/tutorial.py
[2024-05-24T07:32:58.640+0000] {processor.py:830} INFO - Processing file /home/airflow/.local/lib/python3.12/site-packages/airflow/example_dags/tutorial.py for tasks to queue
[2024-05-24T07:32:58.640+0000] {logging_mixin.py:188} INFO - [2024-05-24T07:32:58.640+0000] {dagbag.py:545} INFO - Filling up the DagBag from /home/airflow/.local/lib/python3.12/site-packages/airflow/example_dags/tutorial.py
[2024-05-24T07:32:58.643+0000] {processor.py:840} INFO - DAG(s) 'tutorial' retrieved from /home/airflow/.local/lib/python3.12/site-packages/airflow/example_dags/tutorial.py
[2024-05-24T07:32:58.650+0000] {logging_mixin.py:188} INFO - [2024-05-24T07:32:58.650+0000] {dag.py:3096} INFO - Sync 1 DAGs
[2024-05-24T07:32:58.657+0000] {logging_mixin.py:188} INFO - [2024-05-24T07:32:58.657+0000] {dag.py:3954} INFO - Setting next_dagrun for tutorial to 2024-05-23 00:00:00+00:00, run_after=2024-05-24 00:00:00+00:00
[2024-05-24T07:32:58.663+0000] {processor.py:183} INFO - Processing /home/airflow/.local/lib/python3.12/site-packages/airflow/example_dags/tutorial.py took 0.026 seconds
[2024-05-24T07:33:29.017+0000] {processor.py:161} INFO - Started process (PID=12291) to work on /home/airflow/.local/lib/python3.12/site-packages/airflow/example_dags/tutorial.py
[2024-05-24T07:33:29.017+0000] {processor.py:830} INFO - Processing file /home/airflow/.local/lib/python3.12/site-packages/airflow/example_dags/tutorial.py for tasks to queue
[2024-05-24T07:33:29.018+0000] {logging_mixin.py:188} INFO - [2024-05-24T07:33:29.018+0000] {dagbag.py:545} INFO - Filling up the DagBag from /home/airflow/.local/lib/python3.12/site-packages/airflow/example_dags/tutorial.py
[2024-05-24T07:33:29.020+0000] {processor.py:840} INFO - DAG(s) 'tutorial' retrieved from /home/airflow/.local/lib/python3.12/site-packages/airflow/example_dags/tutorial.py
[2024-05-24T07:33:29.027+0000] {logging_mixin.py:188} INFO - [2024-05-24T07:33:29.027+0000] {dag.py:3096} INFO - Sync 1 DAGs
[2024-05-24T07:33:29.035+0000] {logging_mixin.py:188} INFO - [2024-05-24T07:33:29.035+0000] {dag.py:3954} INFO - Setting next_dagrun for tutorial to 2024-05-23 00:00:00+00:00, run_after=2024-05-24 00:00:00+00:00
[2024-05-24T07:33:29.041+0000] {processor.py:183} INFO - Processing /home/airflow/.local/lib/python3.12/site-packages/airflow/example_dags/tutorial.py took 0.027 seconds
[2024-05-24T07:33:59.359+0000] {processor.py:161} INFO - Started process (PID=12555) to work on /home/airflow/.local/lib/python3.12/site-packages/airflow/example_dags/tutorial.py
[2024-05-24T07:33:59.360+0000] {processor.py:830} INFO - Processing file /home/airflow/.local/lib/python3.12/site-packages/airflow/example_dags/tutorial.py for tasks to queue
[2024-05-24T07:33:59.360+0000] {logging_mixin.py:188} INFO - [2024-05-24T07:33:59.360+0000] {dagbag.py:545} INFO - Filling up the DagBag from /home/airflow/.local/lib/python3.12/site-packages/airflow/example_dags/tutorial.py
[2024-05-24T07:33:59.363+0000] {processor.py:840} INFO - DAG(s) 'tutorial' retrieved from /home/airflow/.local/lib/python3.12/site-packages/airflow/example_dags/tutorial.py
[2024-05-24T07:33:59.370+0000] {logging_mixin.py:188} INFO - [2024-05-24T07:33:59.370+0000] {dag.py:3096} INFO - Sync 1 DAGs
[2024-05-24T07:33:59.378+0000] {logging_mixin.py:188} INFO - [2024-05-24T07:33:59.378+0000] {dag.py:3954} INFO - Setting next_dagrun for tutorial to 2024-05-23 00:00:00+00:00, run_after=2024-05-24 00:00:00+00:00
[2024-05-24T07:33:59.384+0000] {processor.py:183} INFO - Processing /home/airflow/.local/lib/python3.12/site-packages/airflow/example_dags/tutorial.py took 0.027 seconds
[2024-05-24T07:34:29.756+0000] {processor.py:161} INFO - Started process (PID=12816) to work on /home/airflow/.local/lib/python3.12/site-packages/airflow/example_dags/tutorial.py
[2024-05-24T07:34:29.756+0000] {processor.py:830} INFO - Processing file /home/airflow/.local/lib/python3.12/site-packages/airflow/example_dags/tutorial.py for tasks to queue
[2024-05-24T07:34:29.757+0000] {logging_mixin.py:188} INFO - [2024-05-24T07:34:29.757+0000] {dagbag.py:545} INFO - Filling up the DagBag from /home/airflow/.local/lib/python3.12/site-packages/airflow/example_dags/tutorial.py
[2024-05-24T07:34:29.760+0000] {processor.py:840} INFO - DAG(s) 'tutorial' retrieved from /home/airflow/.local/lib/python3.12/site-packages/airflow/example_dags/tutorial.py
[2024-05-24T07:34:29.768+0000] {logging_mixin.py:188} INFO - [2024-05-24T07:34:29.768+0000] {dag.py:3096} INFO - Sync 1 DAGs
[2024-05-24T07:34:29.775+0000] {logging_mixin.py:188} INFO - [2024-05-24T07:34:29.775+0000] {dag.py:3954} INFO - Setting next_dagrun for tutorial to 2024-05-23 00:00:00+00:00, run_after=2024-05-24 00:00:00+00:00
[2024-05-24T07:34:29.782+0000] {processor.py:183} INFO - Processing /home/airflow/.local/lib/python3.12/site-packages/airflow/example_dags/tutorial.py took 0.028 seconds
[2024-05-24T07:35:00.271+0000] {processor.py:161} INFO - Started process (PID=13078) to work on /home/airflow/.local/lib/python3.12/site-packages/airflow/example_dags/tutorial.py
[2024-05-24T07:35:00.271+0000] {processor.py:830} INFO - Processing file /home/airflow/.local/lib/python3.12/site-packages/airflow/example_dags/tutorial.py for tasks to queue
[2024-05-24T07:35:00.272+0000] {logging_mixin.py:188} INFO - [2024-05-24T07:35:00.272+0000] {dagbag.py:545} INFO - Filling up the DagBag from /home/airflow/.local/lib/python3.12/site-packages/airflow/example_dags/tutorial.py
[2024-05-24T07:35:00.274+0000] {processor.py:840} INFO - DAG(s) 'tutorial' retrieved from /home/airflow/.local/lib/python3.12/site-packages/airflow/example_dags/tutorial.py
[2024-05-24T07:35:00.282+0000] {logging_mixin.py:188} INFO - [2024-05-24T07:35:00.282+0000] {dag.py:3096} INFO - Sync 1 DAGs
[2024-05-24T07:35:00.289+0000] {logging_mixin.py:188} INFO - [2024-05-24T07:35:00.289+0000] {dag.py:3954} INFO - Setting next_dagrun for tutorial to 2024-05-23 00:00:00+00:00, run_after=2024-05-24 00:00:00+00:00
[2024-05-24T07:35:00.296+0000] {processor.py:183} INFO - Processing /home/airflow/.local/lib/python3.12/site-packages/airflow/example_dags/tutorial.py took 0.027 seconds
[2024-05-24T07:35:30.609+0000] {processor.py:161} INFO - Started process (PID=13338) to work on /home/airflow/.local/lib/python3.12/site-packages/airflow/example_dags/tutorial.py
[2024-05-24T07:35:30.610+0000] {processor.py:830} INFO - Processing file /home/airflow/.local/lib/python3.12/site-packages/airflow/example_dags/tutorial.py for tasks to queue
[2024-05-24T07:35:30.610+0000] {logging_mixin.py:188} INFO - [2024-05-24T07:35:30.610+0000] {dagbag.py:545} INFO - Filling up the DagBag from /home/airflow/.local/lib/python3.12/site-packages/airflow/example_dags/tutorial.py
[2024-05-24T07:35:30.612+0000] {processor.py:840} INFO - DAG(s) 'tutorial' retrieved from /home/airflow/.local/lib/python3.12/site-packages/airflow/example_dags/tutorial.py
[2024-05-24T07:35:30.621+0000] {logging_mixin.py:188} INFO - [2024-05-24T07:35:30.620+0000] {dag.py:3096} INFO - Sync 1 DAGs
[2024-05-24T07:35:30.629+0000] {logging_mixin.py:188} INFO - [2024-05-24T07:35:30.628+0000] {dag.py:3954} INFO - Setting next_dagrun for tutorial to 2024-05-23 00:00:00+00:00, run_after=2024-05-24 00:00:00+00:00
[2024-05-24T07:35:30.635+0000] {processor.py:183} INFO - Processing /home/airflow/.local/lib/python3.12/site-packages/airflow/example_dags/tutorial.py took 0.028 seconds
[2024-05-24T07:36:00.985+0000] {processor.py:161} INFO - Started process (PID=13602) to work on /home/airflow/.local/lib/python3.12/site-packages/airflow/example_dags/tutorial.py
[2024-05-24T07:36:00.985+0000] {processor.py:830} INFO - Processing file /home/airflow/.local/lib/python3.12/site-packages/airflow/example_dags/tutorial.py for tasks to queue
[2024-05-24T07:36:00.986+0000] {logging_mixin.py:188} INFO - [2024-05-24T07:36:00.986+0000] {dagbag.py:545} INFO - Filling up the DagBag from /home/airflow/.local/lib/python3.12/site-packages/airflow/example_dags/tutorial.py
[2024-05-24T07:36:00.988+0000] {processor.py:840} INFO - DAG(s) 'tutorial' retrieved from /home/airflow/.local/lib/python3.12/site-packages/airflow/example_dags/tutorial.py
[2024-05-24T07:36:00.996+0000] {logging_mixin.py:188} INFO - [2024-05-24T07:36:00.996+0000] {dag.py:3096} INFO - Sync 1 DAGs
[2024-05-24T07:36:01.004+0000] {logging_mixin.py:188} INFO - [2024-05-24T07:36:01.004+0000] {dag.py:3954} INFO - Setting next_dagrun for tutorial to 2024-05-23 00:00:00+00:00, run_after=2024-05-24 00:00:00+00:00
[2024-05-24T07:36:01.010+0000] {processor.py:183} INFO - Processing /home/airflow/.local/lib/python3.12/site-packages/airflow/example_dags/tutorial.py took 0.028 seconds
[2024-05-24T07:36:31.446+0000] {processor.py:161} INFO - Started process (PID=13862) to work on /home/airflow/.local/lib/python3.12/site-packages/airflow/example_dags/tutorial.py
[2024-05-24T07:36:31.447+0000] {processor.py:830} INFO - Processing file /home/airflow/.local/lib/python3.12/site-packages/airflow/example_dags/tutorial.py for tasks to queue
[2024-05-24T07:36:31.447+0000] {logging_mixin.py:188} INFO - [2024-05-24T07:36:31.447+0000] {dagbag.py:545} INFO - Filling up the DagBag from /home/airflow/.local/lib/python3.12/site-packages/airflow/example_dags/tutorial.py
[2024-05-24T07:36:31.450+0000] {processor.py:840} INFO - DAG(s) 'tutorial' retrieved from /home/airflow/.local/lib/python3.12/site-packages/airflow/example_dags/tutorial.py
[2024-05-24T07:36:31.457+0000] {logging_mixin.py:188} INFO - [2024-05-24T07:36:31.457+0000] {dag.py:3096} INFO - Sync 1 DAGs
[2024-05-24T07:36:31.465+0000] {logging_mixin.py:188} INFO - [2024-05-24T07:36:31.465+0000] {dag.py:3954} INFO - Setting next_dagrun for tutorial to 2024-05-23 00:00:00+00:00, run_after=2024-05-24 00:00:00+00:00
[2024-05-24T07:36:31.472+0000] {processor.py:183} INFO - Processing /home/airflow/.local/lib/python3.12/site-packages/airflow/example_dags/tutorial.py took 0.028 seconds
[2024-05-24T07:37:01.795+0000] {processor.py:161} INFO - Started process (PID=14126) to work on /home/airflow/.local/lib/python3.12/site-packages/airflow/example_dags/tutorial.py
[2024-05-24T07:37:01.795+0000] {processor.py:830} INFO - Processing file /home/airflow/.local/lib/python3.12/site-packages/airflow/example_dags/tutorial.py for tasks to queue
[2024-05-24T07:37:01.796+0000] {logging_mixin.py:188} INFO - [2024-05-24T07:37:01.796+0000] {dagbag.py:545} INFO - Filling up the DagBag from /home/airflow/.local/lib/python3.12/site-packages/airflow/example_dags/tutorial.py
[2024-05-24T07:37:01.798+0000] {processor.py:840} INFO - DAG(s) 'tutorial' retrieved from /home/airflow/.local/lib/python3.12/site-packages/airflow/example_dags/tutorial.py
[2024-05-24T07:37:01.806+0000] {logging_mixin.py:188} INFO - [2024-05-24T07:37:01.806+0000] {dag.py:3096} INFO - Sync 1 DAGs
[2024-05-24T07:37:01.814+0000] {logging_mixin.py:188} INFO - [2024-05-24T07:37:01.814+0000] {dag.py:3954} INFO - Setting next_dagrun for tutorial to 2024-05-23 00:00:00+00:00, run_after=2024-05-24 00:00:00+00:00
[2024-05-24T07:37:01.820+0000] {processor.py:183} INFO - Processing /home/airflow/.local/lib/python3.12/site-packages/airflow/example_dags/tutorial.py took 0.028 seconds
[2024-05-24T07:37:32.213+0000] {processor.py:161} INFO - Started process (PID=14388) to work on /home/airflow/.local/lib/python3.12/site-packages/airflow/example_dags/tutorial.py
[2024-05-24T07:37:32.214+0000] {processor.py:830} INFO - Processing file /home/airflow/.local/lib/python3.12/site-packages/airflow/example_dags/tutorial.py for tasks to queue
[2024-05-24T07:37:32.215+0000] {logging_mixin.py:188} INFO - [2024-05-24T07:37:32.214+0000] {dagbag.py:545} INFO - Filling up the DagBag from /home/airflow/.local/lib/python3.12/site-packages/airflow/example_dags/tutorial.py
[2024-05-24T07:37:32.217+0000] {processor.py:840} INFO - DAG(s) 'tutorial' retrieved from /home/airflow/.local/lib/python3.12/site-packages/airflow/example_dags/tutorial.py
[2024-05-24T07:37:32.225+0000] {logging_mixin.py:188} INFO - [2024-05-24T07:37:32.224+0000] {dag.py:3096} INFO - Sync 1 DAGs
[2024-05-24T07:37:32.232+0000] {logging_mixin.py:188} INFO - [2024-05-24T07:37:32.232+0000] {dag.py:3954} INFO - Setting next_dagrun for tutorial to 2024-05-23 00:00:00+00:00, run_after=2024-05-24 00:00:00+00:00
[2024-05-24T07:37:32.238+0000] {processor.py:183} INFO - Processing /home/airflow/.local/lib/python3.12/site-packages/airflow/example_dags/tutorial.py took 0.028 seconds
[2024-05-24T07:38:02.663+0000] {processor.py:161} INFO - Started process (PID=14648) to work on /home/airflow/.local/lib/python3.12/site-packages/airflow/example_dags/tutorial.py
[2024-05-24T07:38:02.663+0000] {processor.py:830} INFO - Processing file /home/airflow/.local/lib/python3.12/site-packages/airflow/example_dags/tutorial.py for tasks to queue
[2024-05-24T07:38:02.664+0000] {logging_mixin.py:188} INFO - [2024-05-24T07:38:02.663+0000] {dagbag.py:545} INFO - Filling up the DagBag from /home/airflow/.local/lib/python3.12/site-packages/airflow/example_dags/tutorial.py
[2024-05-24T07:38:02.666+0000] {processor.py:840} INFO - DAG(s) 'tutorial' retrieved from /home/airflow/.local/lib/python3.12/site-packages/airflow/example_dags/tutorial.py
[2024-05-24T07:38:02.674+0000] {logging_mixin.py:188} INFO - [2024-05-24T07:38:02.674+0000] {dag.py:3096} INFO - Sync 1 DAGs
[2024-05-24T07:38:02.681+0000] {logging_mixin.py:188} INFO - [2024-05-24T07:38:02.681+0000] {dag.py:3954} INFO - Setting next_dagrun for tutorial to 2024-05-23 00:00:00+00:00, run_after=2024-05-24 00:00:00+00:00
[2024-05-24T07:38:02.688+0000] {processor.py:183} INFO - Processing /home/airflow/.local/lib/python3.12/site-packages/airflow/example_dags/tutorial.py took 0.027 seconds
[2024-05-24T07:38:33.061+0000] {processor.py:161} INFO - Started process (PID=14912) to work on /home/airflow/.local/lib/python3.12/site-packages/airflow/example_dags/tutorial.py
[2024-05-24T07:38:33.062+0000] {processor.py:830} INFO - Processing file /home/airflow/.local/lib/python3.12/site-packages/airflow/example_dags/tutorial.py for tasks to queue
[2024-05-24T07:38:33.063+0000] {logging_mixin.py:188} INFO - [2024-05-24T07:38:33.062+0000] {dagbag.py:545} INFO - Filling up the DagBag from /home/airflow/.local/lib/python3.12/site-packages/airflow/example_dags/tutorial.py
[2024-05-24T07:38:33.065+0000] {processor.py:840} INFO - DAG(s) 'tutorial' retrieved from /home/airflow/.local/lib/python3.12/site-packages/airflow/example_dags/tutorial.py
[2024-05-24T07:38:33.072+0000] {logging_mixin.py:188} INFO - [2024-05-24T07:38:33.072+0000] {dag.py:3096} INFO - Sync 1 DAGs
[2024-05-24T07:38:33.080+0000] {logging_mixin.py:188} INFO - [2024-05-24T07:38:33.080+0000] {dag.py:3954} INFO - Setting next_dagrun for tutorial to 2024-05-23 00:00:00+00:00, run_after=2024-05-24 00:00:00+00:00
[2024-05-24T07:38:33.086+0000] {processor.py:183} INFO - Processing /home/airflow/.local/lib/python3.12/site-packages/airflow/example_dags/tutorial.py took 0.027 seconds
[2024-05-24T07:39:03.342+0000] {processor.py:161} INFO - Started process (PID=15172) to work on /home/airflow/.local/lib/python3.12/site-packages/airflow/example_dags/tutorial.py
[2024-05-24T07:39:03.342+0000] {processor.py:830} INFO - Processing file /home/airflow/.local/lib/python3.12/site-packages/airflow/example_dags/tutorial.py for tasks to queue
[2024-05-24T07:39:03.343+0000] {logging_mixin.py:188} INFO - [2024-05-24T07:39:03.343+0000] {dagbag.py:545} INFO - Filling up the DagBag from /home/airflow/.local/lib/python3.12/site-packages/airflow/example_dags/tutorial.py
[2024-05-24T07:39:03.345+0000] {processor.py:840} INFO - DAG(s) 'tutorial' retrieved from /home/airflow/.local/lib/python3.12/site-packages/airflow/example_dags/tutorial.py
[2024-05-24T07:39:03.353+0000] {logging_mixin.py:188} INFO - [2024-05-24T07:39:03.353+0000] {dag.py:3096} INFO - Sync 1 DAGs
[2024-05-24T07:39:03.361+0000] {logging_mixin.py:188} INFO - [2024-05-24T07:39:03.361+0000] {dag.py:3954} INFO - Setting next_dagrun for tutorial to 2024-05-23 00:00:00+00:00, run_after=2024-05-24 00:00:00+00:00
[2024-05-24T07:39:03.367+0000] {processor.py:183} INFO - Processing /home/airflow/.local/lib/python3.12/site-packages/airflow/example_dags/tutorial.py took 0.027 seconds
[2024-05-24T07:39:33.747+0000] {processor.py:161} INFO - Started process (PID=15435) to work on /home/airflow/.local/lib/python3.12/site-packages/airflow/example_dags/tutorial.py
[2024-05-24T07:39:33.748+0000] {processor.py:830} INFO - Processing file /home/airflow/.local/lib/python3.12/site-packages/airflow/example_dags/tutorial.py for tasks to queue
[2024-05-24T07:39:33.748+0000] {logging_mixin.py:188} INFO - [2024-05-24T07:39:33.748+0000] {dagbag.py:545} INFO - Filling up the DagBag from /home/airflow/.local/lib/python3.12/site-packages/airflow/example_dags/tutorial.py
[2024-05-24T07:39:33.751+0000] {processor.py:840} INFO - DAG(s) 'tutorial' retrieved from /home/airflow/.local/lib/python3.12/site-packages/airflow/example_dags/tutorial.py
[2024-05-24T07:39:33.759+0000] {logging_mixin.py:188} INFO - [2024-05-24T07:39:33.759+0000] {dag.py:3096} INFO - Sync 1 DAGs
[2024-05-24T07:39:33.766+0000] {logging_mixin.py:188} INFO - [2024-05-24T07:39:33.766+0000] {dag.py:3954} INFO - Setting next_dagrun for tutorial to 2024-05-23 00:00:00+00:00, run_after=2024-05-24 00:00:00+00:00
[2024-05-24T07:39:33.772+0000] {processor.py:183} INFO - Processing /home/airflow/.local/lib/python3.12/site-packages/airflow/example_dags/tutorial.py took 0.027 seconds
[2024-05-24T07:40:04.215+0000] {processor.py:161} INFO - Started process (PID=15697) to work on /home/airflow/.local/lib/python3.12/site-packages/airflow/example_dags/tutorial.py
[2024-05-24T07:40:04.216+0000] {processor.py:830} INFO - Processing file /home/airflow/.local/lib/python3.12/site-packages/airflow/example_dags/tutorial.py for tasks to queue
[2024-05-24T07:40:04.216+0000] {logging_mixin.py:188} INFO - [2024-05-24T07:40:04.216+0000] {dagbag.py:545} INFO - Filling up the DagBag from /home/airflow/.local/lib/python3.12/site-packages/airflow/example_dags/tutorial.py
[2024-05-24T07:40:04.219+0000] {processor.py:840} INFO - DAG(s) 'tutorial' retrieved from /home/airflow/.local/lib/python3.12/site-packages/airflow/example_dags/tutorial.py
[2024-05-24T07:40:04.227+0000] {logging_mixin.py:188} INFO - [2024-05-24T07:40:04.227+0000] {dag.py:3096} INFO - Sync 1 DAGs
[2024-05-24T07:40:04.234+0000] {logging_mixin.py:188} INFO - [2024-05-24T07:40:04.234+0000] {dag.py:3954} INFO - Setting next_dagrun for tutorial to 2024-05-23 00:00:00+00:00, run_after=2024-05-24 00:00:00+00:00
[2024-05-24T07:40:04.240+0000] {processor.py:183} INFO - Processing /home/airflow/.local/lib/python3.12/site-packages/airflow/example_dags/tutorial.py took 0.028 seconds
[2024-05-24T07:40:34.629+0000] {processor.py:161} INFO - Started process (PID=15959) to work on /home/airflow/.local/lib/python3.12/site-packages/airflow/example_dags/tutorial.py
[2024-05-24T07:40:34.629+0000] {processor.py:830} INFO - Processing file /home/airflow/.local/lib/python3.12/site-packages/airflow/example_dags/tutorial.py for tasks to queue
[2024-05-24T07:40:34.630+0000] {logging_mixin.py:188} INFO - [2024-05-24T07:40:34.630+0000] {dagbag.py:545} INFO - Filling up the DagBag from /home/airflow/.local/lib/python3.12/site-packages/airflow/example_dags/tutorial.py
[2024-05-24T07:40:34.632+0000] {processor.py:840} INFO - DAG(s) 'tutorial' retrieved from /home/airflow/.local/lib/python3.12/site-packages/airflow/example_dags/tutorial.py
[2024-05-24T07:40:34.640+0000] {logging_mixin.py:188} INFO - [2024-05-24T07:40:34.640+0000] {dag.py:3096} INFO - Sync 1 DAGs
[2024-05-24T07:40:34.648+0000] {logging_mixin.py:188} INFO - [2024-05-24T07:40:34.648+0000] {dag.py:3954} INFO - Setting next_dagrun for tutorial to 2024-05-23 00:00:00+00:00, run_after=2024-05-24 00:00:00+00:00
[2024-05-24T07:40:34.654+0000] {processor.py:183} INFO - Processing /home/airflow/.local/lib/python3.12/site-packages/airflow/example_dags/tutorial.py took 0.028 seconds
[2024-05-24T07:41:05.036+0000] {processor.py:161} INFO - Started process (PID=16221) to work on /home/airflow/.local/lib/python3.12/site-packages/airflow/example_dags/tutorial.py
[2024-05-24T07:41:05.036+0000] {processor.py:830} INFO - Processing file /home/airflow/.local/lib/python3.12/site-packages/airflow/example_dags/tutorial.py for tasks to queue
[2024-05-24T07:41:05.037+0000] {logging_mixin.py:188} INFO - [2024-05-24T07:41:05.037+0000] {dagbag.py:545} INFO - Filling up the DagBag from /home/airflow/.local/lib/python3.12/site-packages/airflow/example_dags/tutorial.py
[2024-05-24T07:41:05.039+0000] {processor.py:840} INFO - DAG(s) 'tutorial' retrieved from /home/airflow/.local/lib/python3.12/site-packages/airflow/example_dags/tutorial.py
[2024-05-24T07:41:05.046+0000] {logging_mixin.py:188} INFO - [2024-05-24T07:41:05.046+0000] {dag.py:3096} INFO - Sync 1 DAGs
[2024-05-24T07:41:05.054+0000] {logging_mixin.py:188} INFO - [2024-05-24T07:41:05.054+0000] {dag.py:3954} INFO - Setting next_dagrun for tutorial to 2024-05-23 00:00:00+00:00, run_after=2024-05-24 00:00:00+00:00
[2024-05-24T07:41:05.059+0000] {processor.py:183} INFO - Processing /home/airflow/.local/lib/python3.12/site-packages/airflow/example_dags/tutorial.py took 0.026 seconds
[2024-05-24T07:41:35.380+0000] {processor.py:161} INFO - Started process (PID=16483) to work on /home/airflow/.local/lib/python3.12/site-packages/airflow/example_dags/tutorial.py
[2024-05-24T07:41:35.381+0000] {processor.py:830} INFO - Processing file /home/airflow/.local/lib/python3.12/site-packages/airflow/example_dags/tutorial.py for tasks to queue
[2024-05-24T07:41:35.382+0000] {logging_mixin.py:188} INFO - [2024-05-24T07:41:35.381+0000] {dagbag.py:545} INFO - Filling up the DagBag from /home/airflow/.local/lib/python3.12/site-packages/airflow/example_dags/tutorial.py
[2024-05-24T07:41:35.384+0000] {processor.py:840} INFO - DAG(s) 'tutorial' retrieved from /home/airflow/.local/lib/python3.12/site-packages/airflow/example_dags/tutorial.py
[2024-05-24T07:41:35.392+0000] {logging_mixin.py:188} INFO - [2024-05-24T07:41:35.392+0000] {dag.py:3096} INFO - Sync 1 DAGs
[2024-05-24T07:41:35.400+0000] {logging_mixin.py:188} INFO - [2024-05-24T07:41:35.400+0000] {dag.py:3954} INFO - Setting next_dagrun for tutorial to 2024-05-23 00:00:00+00:00, run_after=2024-05-24 00:00:00+00:00
[2024-05-24T07:41:35.406+0000] {processor.py:183} INFO - Processing /home/airflow/.local/lib/python3.12/site-packages/airflow/example_dags/tutorial.py took 0.028 seconds
[2024-05-24T07:42:05.716+0000] {processor.py:161} INFO - Started process (PID=16745) to work on /home/airflow/.local/lib/python3.12/site-packages/airflow/example_dags/tutorial.py
[2024-05-24T07:42:05.716+0000] {processor.py:830} INFO - Processing file /home/airflow/.local/lib/python3.12/site-packages/airflow/example_dags/tutorial.py for tasks to queue
[2024-05-24T07:42:05.717+0000] {logging_mixin.py:188} INFO - [2024-05-24T07:42:05.717+0000] {dagbag.py:545} INFO - Filling up the DagBag from /home/airflow/.local/lib/python3.12/site-packages/airflow/example_dags/tutorial.py
[2024-05-24T07:42:05.719+0000] {processor.py:840} INFO - DAG(s) 'tutorial' retrieved from /home/airflow/.local/lib/python3.12/site-packages/airflow/example_dags/tutorial.py
[2024-05-24T07:42:05.726+0000] {logging_mixin.py:188} INFO - [2024-05-24T07:42:05.726+0000] {dag.py:3096} INFO - Sync 1 DAGs
[2024-05-24T07:42:05.734+0000] {logging_mixin.py:188} INFO - [2024-05-24T07:42:05.734+0000] {dag.py:3954} INFO - Setting next_dagrun for tutorial to 2024-05-23 00:00:00+00:00, run_after=2024-05-24 00:00:00+00:00
[2024-05-24T07:42:05.739+0000] {processor.py:183} INFO - Processing /home/airflow/.local/lib/python3.12/site-packages/airflow/example_dags/tutorial.py took 0.026 seconds
[2024-05-24T07:42:36.102+0000] {processor.py:161} INFO - Started process (PID=17007) to work on /home/airflow/.local/lib/python3.12/site-packages/airflow/example_dags/tutorial.py
[2024-05-24T07:42:36.102+0000] {processor.py:830} INFO - Processing file /home/airflow/.local/lib/python3.12/site-packages/airflow/example_dags/tutorial.py for tasks to queue
[2024-05-24T07:42:36.103+0000] {logging_mixin.py:188} INFO - [2024-05-24T07:42:36.103+0000] {dagbag.py:545} INFO - Filling up the DagBag from /home/airflow/.local/lib/python3.12/site-packages/airflow/example_dags/tutorial.py
[2024-05-24T07:42:36.105+0000] {processor.py:840} INFO - DAG(s) 'tutorial' retrieved from /home/airflow/.local/lib/python3.12/site-packages/airflow/example_dags/tutorial.py
[2024-05-24T07:42:36.113+0000] {logging_mixin.py:188} INFO - [2024-05-24T07:42:36.113+0000] {dag.py:3096} INFO - Sync 1 DAGs
[2024-05-24T07:42:36.121+0000] {logging_mixin.py:188} INFO - [2024-05-24T07:42:36.121+0000] {dag.py:3954} INFO - Setting next_dagrun for tutorial to 2024-05-23 00:00:00+00:00, run_after=2024-05-24 00:00:00+00:00
[2024-05-24T07:42:36.128+0000] {processor.py:183} INFO - Processing /home/airflow/.local/lib/python3.12/site-packages/airflow/example_dags/tutorial.py took 0.028 seconds
[2024-05-24T07:43:06.550+0000] {processor.py:161} INFO - Started process (PID=17267) to work on /home/airflow/.local/lib/python3.12/site-packages/airflow/example_dags/tutorial.py
[2024-05-24T07:43:06.550+0000] {processor.py:830} INFO - Processing file /home/airflow/.local/lib/python3.12/site-packages/airflow/example_dags/tutorial.py for tasks to queue
[2024-05-24T07:43:06.551+0000] {logging_mixin.py:188} INFO - [2024-05-24T07:43:06.551+0000] {dagbag.py:545} INFO - Filling up the DagBag from /home/airflow/.local/lib/python3.12/site-packages/airflow/example_dags/tutorial.py
[2024-05-24T07:43:06.553+0000] {processor.py:840} INFO - DAG(s) 'tutorial' retrieved from /home/airflow/.local/lib/python3.12/site-packages/airflow/example_dags/tutorial.py
[2024-05-24T07:43:06.561+0000] {logging_mixin.py:188} INFO - [2024-05-24T07:43:06.561+0000] {dag.py:3096} INFO - Sync 1 DAGs
[2024-05-24T07:43:06.569+0000] {logging_mixin.py:188} INFO - [2024-05-24T07:43:06.569+0000] {dag.py:3954} INFO - Setting next_dagrun for tutorial to 2024-05-23 00:00:00+00:00, run_after=2024-05-24 00:00:00+00:00
[2024-05-24T07:43:06.576+0000] {processor.py:183} INFO - Processing /home/airflow/.local/lib/python3.12/site-packages/airflow/example_dags/tutorial.py took 0.028 seconds
[2024-05-24T07:43:36.888+0000] {processor.py:161} INFO - Started process (PID=17529) to work on /home/airflow/.local/lib/python3.12/site-packages/airflow/example_dags/tutorial.py
[2024-05-24T07:43:36.888+0000] {processor.py:830} INFO - Processing file /home/airflow/.local/lib/python3.12/site-packages/airflow/example_dags/tutorial.py for tasks to queue
[2024-05-24T07:43:36.889+0000] {logging_mixin.py:188} INFO - [2024-05-24T07:43:36.889+0000] {dagbag.py:545} INFO - Filling up the DagBag from /home/airflow/.local/lib/python3.12/site-packages/airflow/example_dags/tutorial.py
[2024-05-24T07:43:36.891+0000] {processor.py:840} INFO - DAG(s) 'tutorial' retrieved from /home/airflow/.local/lib/python3.12/site-packages/airflow/example_dags/tutorial.py
[2024-05-24T07:43:36.900+0000] {logging_mixin.py:188} INFO - [2024-05-24T07:43:36.900+0000] {dag.py:3096} INFO - Sync 1 DAGs
[2024-05-24T07:43:36.908+0000] {logging_mixin.py:188} INFO - [2024-05-24T07:43:36.908+0000] {dag.py:3954} INFO - Setting next_dagrun for tutorial to 2024-05-23 00:00:00+00:00, run_after=2024-05-24 00:00:00+00:00
[2024-05-24T07:43:36.914+0000] {processor.py:183} INFO - Processing /home/airflow/.local/lib/python3.12/site-packages/airflow/example_dags/tutorial.py took 0.029 seconds
[2024-05-24T07:44:07.274+0000] {processor.py:161} INFO - Started process (PID=17793) to work on /home/airflow/.local/lib/python3.12/site-packages/airflow/example_dags/tutorial.py
[2024-05-24T07:44:07.274+0000] {processor.py:830} INFO - Processing file /home/airflow/.local/lib/python3.12/site-packages/airflow/example_dags/tutorial.py for tasks to queue
[2024-05-24T07:44:07.275+0000] {logging_mixin.py:188} INFO - [2024-05-24T07:44:07.275+0000] {dagbag.py:545} INFO - Filling up the DagBag from /home/airflow/.local/lib/python3.12/site-packages/airflow/example_dags/tutorial.py
[2024-05-24T07:44:07.277+0000] {processor.py:840} INFO - DAG(s) 'tutorial' retrieved from /home/airflow/.local/lib/python3.12/site-packages/airflow/example_dags/tutorial.py
[2024-05-24T07:44:07.285+0000] {logging_mixin.py:188} INFO - [2024-05-24T07:44:07.284+0000] {dag.py:3096} INFO - Sync 1 DAGs
[2024-05-24T07:44:07.292+0000] {logging_mixin.py:188} INFO - [2024-05-24T07:44:07.292+0000] {dag.py:3954} INFO - Setting next_dagrun for tutorial to 2024-05-23 00:00:00+00:00, run_after=2024-05-24 00:00:00+00:00
[2024-05-24T07:44:07.299+0000] {processor.py:183} INFO - Processing /home/airflow/.local/lib/python3.12/site-packages/airflow/example_dags/tutorial.py took 0.028 seconds
[2024-05-24T07:44:37.568+0000] {processor.py:161} INFO - Started process (PID=18053) to work on /home/airflow/.local/lib/python3.12/site-packages/airflow/example_dags/tutorial.py
[2024-05-24T07:44:37.569+0000] {processor.py:830} INFO - Processing file /home/airflow/.local/lib/python3.12/site-packages/airflow/example_dags/tutorial.py for tasks to queue
[2024-05-24T07:44:37.569+0000] {logging_mixin.py:188} INFO - [2024-05-24T07:44:37.569+0000] {dagbag.py:545} INFO - Filling up the DagBag from /home/airflow/.local/lib/python3.12/site-packages/airflow/example_dags/tutorial.py
[2024-05-24T07:44:37.571+0000] {processor.py:840} INFO - DAG(s) 'tutorial' retrieved from /home/airflow/.local/lib/python3.12/site-packages/airflow/example_dags/tutorial.py
[2024-05-24T07:44:37.579+0000] {logging_mixin.py:188} INFO - [2024-05-24T07:44:37.579+0000] {dag.py:3096} INFO - Sync 1 DAGs
[2024-05-24T07:44:37.587+0000] {logging_mixin.py:188} INFO - [2024-05-24T07:44:37.587+0000] {dag.py:3954} INFO - Setting next_dagrun for tutorial to 2024-05-23 00:00:00+00:00, run_after=2024-05-24 00:00:00+00:00
[2024-05-24T07:44:37.593+0000] {processor.py:183} INFO - Processing /home/airflow/.local/lib/python3.12/site-packages/airflow/example_dags/tutorial.py took 0.027 seconds
