[2024-05-24T05:45:19.966+0000] {processor.py:161} INFO - Started process (PID=176) to work on /home/airflow/.local/lib/python3.12/site-packages/airflow/example_dags/tutorial_dag.py
[2024-05-24T05:45:19.966+0000] {processor.py:830} INFO - Processing file /home/airflow/.local/lib/python3.12/site-packages/airflow/example_dags/tutorial_dag.py for tasks to queue
[2024-05-24T05:45:19.967+0000] {logging_mixin.py:188} INFO - [2024-05-24T05:45:19.967+0000] {dagbag.py:545} INFO - Filling up the DagBag from /home/airflow/.local/lib/python3.12/site-packages/airflow/example_dags/tutorial_dag.py
[2024-05-24T05:45:19.971+0000] {processor.py:840} INFO - DAG(s) 'tutorial_dag' retrieved from /home/airflow/.local/lib/python3.12/site-packages/airflow/example_dags/tutorial_dag.py
[2024-05-24T05:45:19.975+0000] {logging_mixin.py:188} INFO - [2024-05-24T05:45:19.975+0000] {dag.py:3096} INFO - Sync 1 DAGs
[2024-05-24T05:45:19.982+0000] {logging_mixin.py:188} INFO - [2024-05-24T05:45:19.982+0000] {dag.py:3954} INFO - Setting next_dagrun for tutorial_dag to None, run_after=None
[2024-05-24T05:45:19.989+0000] {processor.py:183} INFO - Processing /home/airflow/.local/lib/python3.12/site-packages/airflow/example_dags/tutorial_dag.py took 0.026 seconds
[2024-05-24T05:45:50.093+0000] {processor.py:161} INFO - Started process (PID=438) to work on /home/airflow/.local/lib/python3.12/site-packages/airflow/example_dags/tutorial_dag.py
[2024-05-24T05:45:50.093+0000] {processor.py:830} INFO - Processing file /home/airflow/.local/lib/python3.12/site-packages/airflow/example_dags/tutorial_dag.py for tasks to queue
[2024-05-24T05:45:50.094+0000] {logging_mixin.py:188} INFO - [2024-05-24T05:45:50.094+0000] {dagbag.py:545} INFO - Filling up the DagBag from /home/airflow/.local/lib/python3.12/site-packages/airflow/example_dags/tutorial_dag.py
[2024-05-24T05:45:50.097+0000] {processor.py:840} INFO - DAG(s) 'tutorial_dag' retrieved from /home/airflow/.local/lib/python3.12/site-packages/airflow/example_dags/tutorial_dag.py
[2024-05-24T05:45:50.135+0000] {logging_mixin.py:188} INFO - [2024-05-24T05:45:50.134+0000] {dag.py:3096} INFO - Sync 1 DAGs
[2024-05-24T05:45:50.138+0000] {logging_mixin.py:188} INFO - [2024-05-24T05:45:50.138+0000] {dag.py:3954} INFO - Setting next_dagrun for tutorial_dag to None, run_after=None
[2024-05-24T05:45:50.144+0000] {processor.py:183} INFO - Processing /home/airflow/.local/lib/python3.12/site-packages/airflow/example_dags/tutorial_dag.py took 0.053 seconds
[2024-05-24T05:46:20.237+0000] {processor.py:161} INFO - Started process (PID=700) to work on /home/airflow/.local/lib/python3.12/site-packages/airflow/example_dags/tutorial_dag.py
[2024-05-24T05:46:20.237+0000] {processor.py:830} INFO - Processing file /home/airflow/.local/lib/python3.12/site-packages/airflow/example_dags/tutorial_dag.py for tasks to queue
[2024-05-24T05:46:20.238+0000] {logging_mixin.py:188} INFO - [2024-05-24T05:46:20.238+0000] {dagbag.py:545} INFO - Filling up the DagBag from /home/airflow/.local/lib/python3.12/site-packages/airflow/example_dags/tutorial_dag.py
[2024-05-24T05:46:20.241+0000] {processor.py:840} INFO - DAG(s) 'tutorial_dag' retrieved from /home/airflow/.local/lib/python3.12/site-packages/airflow/example_dags/tutorial_dag.py
[2024-05-24T05:46:20.250+0000] {logging_mixin.py:188} INFO - [2024-05-24T05:46:20.250+0000] {dag.py:3096} INFO - Sync 1 DAGs
[2024-05-24T05:46:20.256+0000] {logging_mixin.py:188} INFO - [2024-05-24T05:46:20.256+0000] {dag.py:3954} INFO - Setting next_dagrun for tutorial_dag to None, run_after=None
[2024-05-24T05:46:20.263+0000] {processor.py:183} INFO - Processing /home/airflow/.local/lib/python3.12/site-packages/airflow/example_dags/tutorial_dag.py took 0.029 seconds
[2024-05-24T05:46:50.567+0000] {processor.py:161} INFO - Started process (PID=962) to work on /home/airflow/.local/lib/python3.12/site-packages/airflow/example_dags/tutorial_dag.py
[2024-05-24T05:46:50.567+0000] {processor.py:830} INFO - Processing file /home/airflow/.local/lib/python3.12/site-packages/airflow/example_dags/tutorial_dag.py for tasks to queue
[2024-05-24T05:46:50.568+0000] {logging_mixin.py:188} INFO - [2024-05-24T05:46:50.568+0000] {dagbag.py:545} INFO - Filling up the DagBag from /home/airflow/.local/lib/python3.12/site-packages/airflow/example_dags/tutorial_dag.py
[2024-05-24T05:46:50.570+0000] {processor.py:840} INFO - DAG(s) 'tutorial_dag' retrieved from /home/airflow/.local/lib/python3.12/site-packages/airflow/example_dags/tutorial_dag.py
[2024-05-24T05:46:50.578+0000] {logging_mixin.py:188} INFO - [2024-05-24T05:46:50.578+0000] {dag.py:3096} INFO - Sync 1 DAGs
[2024-05-24T05:46:50.583+0000] {logging_mixin.py:188} INFO - [2024-05-24T05:46:50.583+0000] {dag.py:3954} INFO - Setting next_dagrun for tutorial_dag to None, run_after=None
[2024-05-24T05:46:50.590+0000] {processor.py:183} INFO - Processing /home/airflow/.local/lib/python3.12/site-packages/airflow/example_dags/tutorial_dag.py took 0.026 seconds
[2024-05-24T05:47:20.868+0000] {processor.py:161} INFO - Started process (PID=1226) to work on /home/airflow/.local/lib/python3.12/site-packages/airflow/example_dags/tutorial_dag.py
[2024-05-24T05:47:20.869+0000] {processor.py:830} INFO - Processing file /home/airflow/.local/lib/python3.12/site-packages/airflow/example_dags/tutorial_dag.py for tasks to queue
[2024-05-24T05:47:20.869+0000] {logging_mixin.py:188} INFO - [2024-05-24T05:47:20.869+0000] {dagbag.py:545} INFO - Filling up the DagBag from /home/airflow/.local/lib/python3.12/site-packages/airflow/example_dags/tutorial_dag.py
[2024-05-24T05:47:20.871+0000] {processor.py:840} INFO - DAG(s) 'tutorial_dag' retrieved from /home/airflow/.local/lib/python3.12/site-packages/airflow/example_dags/tutorial_dag.py
[2024-05-24T05:47:20.880+0000] {logging_mixin.py:188} INFO - [2024-05-24T05:47:20.880+0000] {dag.py:3096} INFO - Sync 1 DAGs
[2024-05-24T05:47:20.886+0000] {logging_mixin.py:188} INFO - [2024-05-24T05:47:20.886+0000] {dag.py:3954} INFO - Setting next_dagrun for tutorial_dag to None, run_after=None
[2024-05-24T05:47:20.893+0000] {processor.py:183} INFO - Processing /home/airflow/.local/lib/python3.12/site-packages/airflow/example_dags/tutorial_dag.py took 0.027 seconds
[2024-05-24T05:47:51.205+0000] {processor.py:161} INFO - Started process (PID=1486) to work on /home/airflow/.local/lib/python3.12/site-packages/airflow/example_dags/tutorial_dag.py
[2024-05-24T05:47:51.205+0000] {processor.py:830} INFO - Processing file /home/airflow/.local/lib/python3.12/site-packages/airflow/example_dags/tutorial_dag.py for tasks to queue
[2024-05-24T05:47:51.206+0000] {logging_mixin.py:188} INFO - [2024-05-24T05:47:51.206+0000] {dagbag.py:545} INFO - Filling up the DagBag from /home/airflow/.local/lib/python3.12/site-packages/airflow/example_dags/tutorial_dag.py
[2024-05-24T05:47:51.208+0000] {processor.py:840} INFO - DAG(s) 'tutorial_dag' retrieved from /home/airflow/.local/lib/python3.12/site-packages/airflow/example_dags/tutorial_dag.py
[2024-05-24T05:47:51.216+0000] {logging_mixin.py:188} INFO - [2024-05-24T05:47:51.216+0000] {dag.py:3096} INFO - Sync 1 DAGs
[2024-05-24T05:47:51.222+0000] {logging_mixin.py:188} INFO - [2024-05-24T05:47:51.221+0000] {dag.py:3954} INFO - Setting next_dagrun for tutorial_dag to None, run_after=None
[2024-05-24T05:47:51.229+0000] {processor.py:183} INFO - Processing /home/airflow/.local/lib/python3.12/site-packages/airflow/example_dags/tutorial_dag.py took 0.027 seconds
[2024-05-24T05:48:21.559+0000] {processor.py:161} INFO - Started process (PID=1748) to work on /home/airflow/.local/lib/python3.12/site-packages/airflow/example_dags/tutorial_dag.py
[2024-05-24T05:48:21.559+0000] {processor.py:830} INFO - Processing file /home/airflow/.local/lib/python3.12/site-packages/airflow/example_dags/tutorial_dag.py for tasks to queue
[2024-05-24T05:48:21.560+0000] {logging_mixin.py:188} INFO - [2024-05-24T05:48:21.560+0000] {dagbag.py:545} INFO - Filling up the DagBag from /home/airflow/.local/lib/python3.12/site-packages/airflow/example_dags/tutorial_dag.py
[2024-05-24T05:48:21.563+0000] {processor.py:840} INFO - DAG(s) 'tutorial_dag' retrieved from /home/airflow/.local/lib/python3.12/site-packages/airflow/example_dags/tutorial_dag.py
[2024-05-24T05:48:21.574+0000] {logging_mixin.py:188} INFO - [2024-05-24T05:48:21.574+0000] {dag.py:3096} INFO - Sync 1 DAGs
[2024-05-24T05:48:21.580+0000] {logging_mixin.py:188} INFO - [2024-05-24T05:48:21.580+0000] {dag.py:3954} INFO - Setting next_dagrun for tutorial_dag to None, run_after=None
[2024-05-24T05:48:21.589+0000] {processor.py:183} INFO - Processing /home/airflow/.local/lib/python3.12/site-packages/airflow/example_dags/tutorial_dag.py took 0.033 seconds
[2024-05-24T05:48:51.877+0000] {processor.py:161} INFO - Started process (PID=2010) to work on /home/airflow/.local/lib/python3.12/site-packages/airflow/example_dags/tutorial_dag.py
[2024-05-24T05:48:51.877+0000] {processor.py:830} INFO - Processing file /home/airflow/.local/lib/python3.12/site-packages/airflow/example_dags/tutorial_dag.py for tasks to queue
[2024-05-24T05:48:51.878+0000] {logging_mixin.py:188} INFO - [2024-05-24T05:48:51.878+0000] {dagbag.py:545} INFO - Filling up the DagBag from /home/airflow/.local/lib/python3.12/site-packages/airflow/example_dags/tutorial_dag.py
[2024-05-24T05:48:51.880+0000] {processor.py:840} INFO - DAG(s) 'tutorial_dag' retrieved from /home/airflow/.local/lib/python3.12/site-packages/airflow/example_dags/tutorial_dag.py
[2024-05-24T05:48:51.890+0000] {logging_mixin.py:188} INFO - [2024-05-24T05:48:51.890+0000] {dag.py:3096} INFO - Sync 1 DAGs
[2024-05-24T05:48:51.896+0000] {logging_mixin.py:188} INFO - [2024-05-24T05:48:51.896+0000] {dag.py:3954} INFO - Setting next_dagrun for tutorial_dag to None, run_after=None
[2024-05-24T05:48:51.904+0000] {processor.py:183} INFO - Processing /home/airflow/.local/lib/python3.12/site-packages/airflow/example_dags/tutorial_dag.py took 0.029 seconds
[2024-05-24T05:49:22.237+0000] {processor.py:161} INFO - Started process (PID=2274) to work on /home/airflow/.local/lib/python3.12/site-packages/airflow/example_dags/tutorial_dag.py
[2024-05-24T05:49:22.238+0000] {processor.py:830} INFO - Processing file /home/airflow/.local/lib/python3.12/site-packages/airflow/example_dags/tutorial_dag.py for tasks to queue
[2024-05-24T05:49:22.238+0000] {logging_mixin.py:188} INFO - [2024-05-24T05:49:22.238+0000] {dagbag.py:545} INFO - Filling up the DagBag from /home/airflow/.local/lib/python3.12/site-packages/airflow/example_dags/tutorial_dag.py
[2024-05-24T05:49:22.241+0000] {processor.py:840} INFO - DAG(s) 'tutorial_dag' retrieved from /home/airflow/.local/lib/python3.12/site-packages/airflow/example_dags/tutorial_dag.py
[2024-05-24T05:49:22.248+0000] {logging_mixin.py:188} INFO - [2024-05-24T05:49:22.248+0000] {dag.py:3096} INFO - Sync 1 DAGs
[2024-05-24T05:49:22.253+0000] {logging_mixin.py:188} INFO - [2024-05-24T05:49:22.253+0000] {dag.py:3954} INFO - Setting next_dagrun for tutorial_dag to None, run_after=None
[2024-05-24T05:49:22.260+0000] {processor.py:183} INFO - Processing /home/airflow/.local/lib/python3.12/site-packages/airflow/example_dags/tutorial_dag.py took 0.025 seconds
[2024-05-24T05:49:52.567+0000] {processor.py:161} INFO - Started process (PID=2536) to work on /home/airflow/.local/lib/python3.12/site-packages/airflow/example_dags/tutorial_dag.py
[2024-05-24T05:49:52.568+0000] {processor.py:830} INFO - Processing file /home/airflow/.local/lib/python3.12/site-packages/airflow/example_dags/tutorial_dag.py for tasks to queue
[2024-05-24T05:49:52.569+0000] {logging_mixin.py:188} INFO - [2024-05-24T05:49:52.569+0000] {dagbag.py:545} INFO - Filling up the DagBag from /home/airflow/.local/lib/python3.12/site-packages/airflow/example_dags/tutorial_dag.py
[2024-05-24T05:49:52.571+0000] {processor.py:840} INFO - DAG(s) 'tutorial_dag' retrieved from /home/airflow/.local/lib/python3.12/site-packages/airflow/example_dags/tutorial_dag.py
[2024-05-24T05:49:52.579+0000] {logging_mixin.py:188} INFO - [2024-05-24T05:49:52.579+0000] {dag.py:3096} INFO - Sync 1 DAGs
[2024-05-24T05:49:52.584+0000] {logging_mixin.py:188} INFO - [2024-05-24T05:49:52.584+0000] {dag.py:3954} INFO - Setting next_dagrun for tutorial_dag to None, run_after=None
[2024-05-24T05:49:52.590+0000] {processor.py:183} INFO - Processing /home/airflow/.local/lib/python3.12/site-packages/airflow/example_dags/tutorial_dag.py took 0.026 seconds
[2024-05-24T05:50:22.901+0000] {processor.py:161} INFO - Started process (PID=2797) to work on /home/airflow/.local/lib/python3.12/site-packages/airflow/example_dags/tutorial_dag.py
[2024-05-24T05:50:22.902+0000] {processor.py:830} INFO - Processing file /home/airflow/.local/lib/python3.12/site-packages/airflow/example_dags/tutorial_dag.py for tasks to queue
[2024-05-24T05:50:22.902+0000] {logging_mixin.py:188} INFO - [2024-05-24T05:50:22.902+0000] {dagbag.py:545} INFO - Filling up the DagBag from /home/airflow/.local/lib/python3.12/site-packages/airflow/example_dags/tutorial_dag.py
[2024-05-24T05:50:22.905+0000] {processor.py:840} INFO - DAG(s) 'tutorial_dag' retrieved from /home/airflow/.local/lib/python3.12/site-packages/airflow/example_dags/tutorial_dag.py
[2024-05-24T05:50:22.912+0000] {logging_mixin.py:188} INFO - [2024-05-24T05:50:22.912+0000] {dag.py:3096} INFO - Sync 1 DAGs
[2024-05-24T05:50:22.918+0000] {logging_mixin.py:188} INFO - [2024-05-24T05:50:22.918+0000] {dag.py:3954} INFO - Setting next_dagrun for tutorial_dag to None, run_after=None
[2024-05-24T05:50:22.927+0000] {processor.py:183} INFO - Processing /home/airflow/.local/lib/python3.12/site-packages/airflow/example_dags/tutorial_dag.py took 0.028 seconds
[2024-05-24T05:50:53.270+0000] {processor.py:161} INFO - Started process (PID=3058) to work on /home/airflow/.local/lib/python3.12/site-packages/airflow/example_dags/tutorial_dag.py
[2024-05-24T05:50:53.272+0000] {processor.py:830} INFO - Processing file /home/airflow/.local/lib/python3.12/site-packages/airflow/example_dags/tutorial_dag.py for tasks to queue
[2024-05-24T05:50:53.273+0000] {logging_mixin.py:188} INFO - [2024-05-24T05:50:53.272+0000] {dagbag.py:545} INFO - Filling up the DagBag from /home/airflow/.local/lib/python3.12/site-packages/airflow/example_dags/tutorial_dag.py
[2024-05-24T05:50:53.275+0000] {processor.py:840} INFO - DAG(s) 'tutorial_dag' retrieved from /home/airflow/.local/lib/python3.12/site-packages/airflow/example_dags/tutorial_dag.py
[2024-05-24T05:50:53.283+0000] {logging_mixin.py:188} INFO - [2024-05-24T05:50:53.283+0000] {dag.py:3096} INFO - Sync 1 DAGs
[2024-05-24T05:50:53.288+0000] {logging_mixin.py:188} INFO - [2024-05-24T05:50:53.288+0000] {dag.py:3954} INFO - Setting next_dagrun for tutorial_dag to None, run_after=None
[2024-05-24T05:50:53.294+0000] {processor.py:183} INFO - Processing /home/airflow/.local/lib/python3.12/site-packages/airflow/example_dags/tutorial_dag.py took 0.026 seconds
[2024-05-24T05:51:23.585+0000] {processor.py:161} INFO - Started process (PID=3320) to work on /home/airflow/.local/lib/python3.12/site-packages/airflow/example_dags/tutorial_dag.py
[2024-05-24T05:51:23.587+0000] {processor.py:830} INFO - Processing file /home/airflow/.local/lib/python3.12/site-packages/airflow/example_dags/tutorial_dag.py for tasks to queue
[2024-05-24T05:51:23.588+0000] {logging_mixin.py:188} INFO - [2024-05-24T05:51:23.588+0000] {dagbag.py:545} INFO - Filling up the DagBag from /home/airflow/.local/lib/python3.12/site-packages/airflow/example_dags/tutorial_dag.py
[2024-05-24T05:51:23.590+0000] {processor.py:840} INFO - DAG(s) 'tutorial_dag' retrieved from /home/airflow/.local/lib/python3.12/site-packages/airflow/example_dags/tutorial_dag.py
[2024-05-24T05:51:23.598+0000] {logging_mixin.py:188} INFO - [2024-05-24T05:51:23.598+0000] {dag.py:3096} INFO - Sync 1 DAGs
[2024-05-24T05:51:23.603+0000] {logging_mixin.py:188} INFO - [2024-05-24T05:51:23.603+0000] {dag.py:3954} INFO - Setting next_dagrun for tutorial_dag to None, run_after=None
[2024-05-24T05:51:23.610+0000] {processor.py:183} INFO - Processing /home/airflow/.local/lib/python3.12/site-packages/airflow/example_dags/tutorial_dag.py took 0.027 seconds
[2024-05-24T05:51:53.905+0000] {processor.py:161} INFO - Started process (PID=3582) to work on /home/airflow/.local/lib/python3.12/site-packages/airflow/example_dags/tutorial_dag.py
[2024-05-24T05:51:53.907+0000] {processor.py:830} INFO - Processing file /home/airflow/.local/lib/python3.12/site-packages/airflow/example_dags/tutorial_dag.py for tasks to queue
[2024-05-24T05:51:53.907+0000] {logging_mixin.py:188} INFO - [2024-05-24T05:51:53.907+0000] {dagbag.py:545} INFO - Filling up the DagBag from /home/airflow/.local/lib/python3.12/site-packages/airflow/example_dags/tutorial_dag.py
[2024-05-24T05:51:53.910+0000] {processor.py:840} INFO - DAG(s) 'tutorial_dag' retrieved from /home/airflow/.local/lib/python3.12/site-packages/airflow/example_dags/tutorial_dag.py
[2024-05-24T05:51:53.918+0000] {logging_mixin.py:188} INFO - [2024-05-24T05:51:53.918+0000] {dag.py:3096} INFO - Sync 1 DAGs
[2024-05-24T05:51:53.924+0000] {logging_mixin.py:188} INFO - [2024-05-24T05:51:53.924+0000] {dag.py:3954} INFO - Setting next_dagrun for tutorial_dag to None, run_after=None
[2024-05-24T05:51:53.930+0000] {processor.py:183} INFO - Processing /home/airflow/.local/lib/python3.12/site-packages/airflow/example_dags/tutorial_dag.py took 0.028 seconds
[2024-05-24T05:52:24.195+0000] {processor.py:161} INFO - Started process (PID=3844) to work on /home/airflow/.local/lib/python3.12/site-packages/airflow/example_dags/tutorial_dag.py
[2024-05-24T05:52:24.195+0000] {processor.py:830} INFO - Processing file /home/airflow/.local/lib/python3.12/site-packages/airflow/example_dags/tutorial_dag.py for tasks to queue
[2024-05-24T05:52:24.196+0000] {logging_mixin.py:188} INFO - [2024-05-24T05:52:24.196+0000] {dagbag.py:545} INFO - Filling up the DagBag from /home/airflow/.local/lib/python3.12/site-packages/airflow/example_dags/tutorial_dag.py
[2024-05-24T05:52:24.198+0000] {processor.py:840} INFO - DAG(s) 'tutorial_dag' retrieved from /home/airflow/.local/lib/python3.12/site-packages/airflow/example_dags/tutorial_dag.py
[2024-05-24T05:52:24.206+0000] {logging_mixin.py:188} INFO - [2024-05-24T05:52:24.206+0000] {dag.py:3096} INFO - Sync 1 DAGs
[2024-05-24T05:52:24.212+0000] {logging_mixin.py:188} INFO - [2024-05-24T05:52:24.212+0000] {dag.py:3954} INFO - Setting next_dagrun for tutorial_dag to None, run_after=None
[2024-05-24T05:52:24.218+0000] {processor.py:183} INFO - Processing /home/airflow/.local/lib/python3.12/site-packages/airflow/example_dags/tutorial_dag.py took 0.026 seconds
[2024-05-24T05:52:54.473+0000] {processor.py:161} INFO - Started process (PID=4108) to work on /home/airflow/.local/lib/python3.12/site-packages/airflow/example_dags/tutorial_dag.py
[2024-05-24T05:52:54.474+0000] {processor.py:830} INFO - Processing file /home/airflow/.local/lib/python3.12/site-packages/airflow/example_dags/tutorial_dag.py for tasks to queue
[2024-05-24T05:52:54.474+0000] {logging_mixin.py:188} INFO - [2024-05-24T05:52:54.474+0000] {dagbag.py:545} INFO - Filling up the DagBag from /home/airflow/.local/lib/python3.12/site-packages/airflow/example_dags/tutorial_dag.py
[2024-05-24T05:52:54.476+0000] {processor.py:840} INFO - DAG(s) 'tutorial_dag' retrieved from /home/airflow/.local/lib/python3.12/site-packages/airflow/example_dags/tutorial_dag.py
[2024-05-24T05:52:54.484+0000] {logging_mixin.py:188} INFO - [2024-05-24T05:52:54.484+0000] {dag.py:3096} INFO - Sync 1 DAGs
[2024-05-24T05:52:54.490+0000] {logging_mixin.py:188} INFO - [2024-05-24T05:52:54.490+0000] {dag.py:3954} INFO - Setting next_dagrun for tutorial_dag to None, run_after=None
[2024-05-24T05:52:54.496+0000] {processor.py:183} INFO - Processing /home/airflow/.local/lib/python3.12/site-packages/airflow/example_dags/tutorial_dag.py took 0.025 seconds
[2024-05-24T05:53:24.827+0000] {processor.py:161} INFO - Started process (PID=4368) to work on /home/airflow/.local/lib/python3.12/site-packages/airflow/example_dags/tutorial_dag.py
[2024-05-24T05:53:24.827+0000] {processor.py:830} INFO - Processing file /home/airflow/.local/lib/python3.12/site-packages/airflow/example_dags/tutorial_dag.py for tasks to queue
[2024-05-24T05:53:24.828+0000] {logging_mixin.py:188} INFO - [2024-05-24T05:53:24.828+0000] {dagbag.py:545} INFO - Filling up the DagBag from /home/airflow/.local/lib/python3.12/site-packages/airflow/example_dags/tutorial_dag.py
[2024-05-24T05:53:24.830+0000] {processor.py:840} INFO - DAG(s) 'tutorial_dag' retrieved from /home/airflow/.local/lib/python3.12/site-packages/airflow/example_dags/tutorial_dag.py
[2024-05-24T05:53:24.838+0000] {logging_mixin.py:188} INFO - [2024-05-24T05:53:24.838+0000] {dag.py:3096} INFO - Sync 1 DAGs
[2024-05-24T05:53:24.844+0000] {logging_mixin.py:188} INFO - [2024-05-24T05:53:24.844+0000] {dag.py:3954} INFO - Setting next_dagrun for tutorial_dag to None, run_after=None
[2024-05-24T05:53:24.851+0000] {processor.py:183} INFO - Processing /home/airflow/.local/lib/python3.12/site-packages/airflow/example_dags/tutorial_dag.py took 0.027 seconds
[2024-05-24T05:53:55.307+0000] {processor.py:161} INFO - Started process (PID=4655) to work on /home/airflow/.local/lib/python3.12/site-packages/airflow/example_dags/tutorial_dag.py
[2024-05-24T05:53:55.307+0000] {processor.py:830} INFO - Processing file /home/airflow/.local/lib/python3.12/site-packages/airflow/example_dags/tutorial_dag.py for tasks to queue
[2024-05-24T05:53:55.308+0000] {logging_mixin.py:188} INFO - [2024-05-24T05:53:55.308+0000] {dagbag.py:545} INFO - Filling up the DagBag from /home/airflow/.local/lib/python3.12/site-packages/airflow/example_dags/tutorial_dag.py
[2024-05-24T05:53:55.310+0000] {processor.py:840} INFO - DAG(s) 'tutorial_dag' retrieved from /home/airflow/.local/lib/python3.12/site-packages/airflow/example_dags/tutorial_dag.py
[2024-05-24T05:53:55.318+0000] {logging_mixin.py:188} INFO - [2024-05-24T05:53:55.318+0000] {dag.py:3096} INFO - Sync 1 DAGs
[2024-05-24T05:53:55.323+0000] {logging_mixin.py:188} INFO - [2024-05-24T05:53:55.323+0000] {dag.py:3954} INFO - Setting next_dagrun for tutorial_dag to None, run_after=None
[2024-05-24T05:53:55.330+0000] {processor.py:183} INFO - Processing /home/airflow/.local/lib/python3.12/site-packages/airflow/example_dags/tutorial_dag.py took 0.025 seconds
[2024-05-24T05:54:25.628+0000] {processor.py:161} INFO - Started process (PID=4918) to work on /home/airflow/.local/lib/python3.12/site-packages/airflow/example_dags/tutorial_dag.py
[2024-05-24T05:54:25.629+0000] {processor.py:830} INFO - Processing file /home/airflow/.local/lib/python3.12/site-packages/airflow/example_dags/tutorial_dag.py for tasks to queue
[2024-05-24T05:54:25.630+0000] {logging_mixin.py:188} INFO - [2024-05-24T05:54:25.629+0000] {dagbag.py:545} INFO - Filling up the DagBag from /home/airflow/.local/lib/python3.12/site-packages/airflow/example_dags/tutorial_dag.py
[2024-05-24T05:54:25.632+0000] {processor.py:840} INFO - DAG(s) 'tutorial_dag' retrieved from /home/airflow/.local/lib/python3.12/site-packages/airflow/example_dags/tutorial_dag.py
[2024-05-24T05:54:25.640+0000] {logging_mixin.py:188} INFO - [2024-05-24T05:54:25.640+0000] {dag.py:3096} INFO - Sync 1 DAGs
[2024-05-24T05:54:25.646+0000] {logging_mixin.py:188} INFO - [2024-05-24T05:54:25.646+0000] {dag.py:3954} INFO - Setting next_dagrun for tutorial_dag to None, run_after=None
[2024-05-24T05:54:25.653+0000] {processor.py:183} INFO - Processing /home/airflow/.local/lib/python3.12/site-packages/airflow/example_dags/tutorial_dag.py took 0.027 seconds
[2024-05-24T05:54:56.027+0000] {processor.py:161} INFO - Started process (PID=5181) to work on /home/airflow/.local/lib/python3.12/site-packages/airflow/example_dags/tutorial_dag.py
[2024-05-24T05:54:56.028+0000] {processor.py:830} INFO - Processing file /home/airflow/.local/lib/python3.12/site-packages/airflow/example_dags/tutorial_dag.py for tasks to queue
[2024-05-24T05:54:56.028+0000] {logging_mixin.py:188} INFO - [2024-05-24T05:54:56.028+0000] {dagbag.py:545} INFO - Filling up the DagBag from /home/airflow/.local/lib/python3.12/site-packages/airflow/example_dags/tutorial_dag.py
[2024-05-24T05:54:56.031+0000] {processor.py:840} INFO - DAG(s) 'tutorial_dag' retrieved from /home/airflow/.local/lib/python3.12/site-packages/airflow/example_dags/tutorial_dag.py
[2024-05-24T05:54:56.038+0000] {logging_mixin.py:188} INFO - [2024-05-24T05:54:56.038+0000] {dag.py:3096} INFO - Sync 1 DAGs
[2024-05-24T05:54:56.043+0000] {logging_mixin.py:188} INFO - [2024-05-24T05:54:56.043+0000] {dag.py:3954} INFO - Setting next_dagrun for tutorial_dag to None, run_after=None
[2024-05-24T05:54:56.049+0000] {processor.py:183} INFO - Processing /home/airflow/.local/lib/python3.12/site-packages/airflow/example_dags/tutorial_dag.py took 0.024 seconds
[2024-05-24T05:55:26.359+0000] {processor.py:161} INFO - Started process (PID=5442) to work on /home/airflow/.local/lib/python3.12/site-packages/airflow/example_dags/tutorial_dag.py
[2024-05-24T05:55:26.359+0000] {processor.py:830} INFO - Processing file /home/airflow/.local/lib/python3.12/site-packages/airflow/example_dags/tutorial_dag.py for tasks to queue
[2024-05-24T05:55:26.360+0000] {logging_mixin.py:188} INFO - [2024-05-24T05:55:26.360+0000] {dagbag.py:545} INFO - Filling up the DagBag from /home/airflow/.local/lib/python3.12/site-packages/airflow/example_dags/tutorial_dag.py
[2024-05-24T05:55:26.362+0000] {processor.py:840} INFO - DAG(s) 'tutorial_dag' retrieved from /home/airflow/.local/lib/python3.12/site-packages/airflow/example_dags/tutorial_dag.py
[2024-05-24T05:55:26.370+0000] {logging_mixin.py:188} INFO - [2024-05-24T05:55:26.370+0000] {dag.py:3096} INFO - Sync 1 DAGs
[2024-05-24T05:55:26.374+0000] {logging_mixin.py:188} INFO - [2024-05-24T05:55:26.374+0000] {dag.py:3954} INFO - Setting next_dagrun for tutorial_dag to None, run_after=None
[2024-05-24T05:55:26.381+0000] {processor.py:183} INFO - Processing /home/airflow/.local/lib/python3.12/site-packages/airflow/example_dags/tutorial_dag.py took 0.024 seconds
[2024-05-24T05:55:56.716+0000] {processor.py:161} INFO - Started process (PID=5703) to work on /home/airflow/.local/lib/python3.12/site-packages/airflow/example_dags/tutorial_dag.py
[2024-05-24T05:55:56.717+0000] {processor.py:830} INFO - Processing file /home/airflow/.local/lib/python3.12/site-packages/airflow/example_dags/tutorial_dag.py for tasks to queue
[2024-05-24T05:55:56.717+0000] {logging_mixin.py:188} INFO - [2024-05-24T05:55:56.717+0000] {dagbag.py:545} INFO - Filling up the DagBag from /home/airflow/.local/lib/python3.12/site-packages/airflow/example_dags/tutorial_dag.py
[2024-05-24T05:55:56.720+0000] {processor.py:840} INFO - DAG(s) 'tutorial_dag' retrieved from /home/airflow/.local/lib/python3.12/site-packages/airflow/example_dags/tutorial_dag.py
[2024-05-24T05:55:56.727+0000] {logging_mixin.py:188} INFO - [2024-05-24T05:55:56.727+0000] {dag.py:3096} INFO - Sync 1 DAGs
[2024-05-24T05:55:56.732+0000] {logging_mixin.py:188} INFO - [2024-05-24T05:55:56.732+0000] {dag.py:3954} INFO - Setting next_dagrun for tutorial_dag to None, run_after=None
[2024-05-24T05:55:56.739+0000] {processor.py:183} INFO - Processing /home/airflow/.local/lib/python3.12/site-packages/airflow/example_dags/tutorial_dag.py took 0.025 seconds
[2024-05-24T05:56:27.047+0000] {processor.py:161} INFO - Started process (PID=5965) to work on /home/airflow/.local/lib/python3.12/site-packages/airflow/example_dags/tutorial_dag.py
[2024-05-24T05:56:27.047+0000] {processor.py:830} INFO - Processing file /home/airflow/.local/lib/python3.12/site-packages/airflow/example_dags/tutorial_dag.py for tasks to queue
[2024-05-24T05:56:27.048+0000] {logging_mixin.py:188} INFO - [2024-05-24T05:56:27.048+0000] {dagbag.py:545} INFO - Filling up the DagBag from /home/airflow/.local/lib/python3.12/site-packages/airflow/example_dags/tutorial_dag.py
[2024-05-24T05:56:27.050+0000] {processor.py:840} INFO - DAG(s) 'tutorial_dag' retrieved from /home/airflow/.local/lib/python3.12/site-packages/airflow/example_dags/tutorial_dag.py
[2024-05-24T05:56:27.058+0000] {logging_mixin.py:188} INFO - [2024-05-24T05:56:27.058+0000] {dag.py:3096} INFO - Sync 1 DAGs
[2024-05-24T05:56:27.063+0000] {logging_mixin.py:188} INFO - [2024-05-24T05:56:27.063+0000] {dag.py:3954} INFO - Setting next_dagrun for tutorial_dag to None, run_after=None
[2024-05-24T05:56:27.069+0000] {processor.py:183} INFO - Processing /home/airflow/.local/lib/python3.12/site-packages/airflow/example_dags/tutorial_dag.py took 0.025 seconds
[2024-05-24T05:56:57.365+0000] {processor.py:161} INFO - Started process (PID=6228) to work on /home/airflow/.local/lib/python3.12/site-packages/airflow/example_dags/tutorial_dag.py
[2024-05-24T05:56:57.365+0000] {processor.py:830} INFO - Processing file /home/airflow/.local/lib/python3.12/site-packages/airflow/example_dags/tutorial_dag.py for tasks to queue
[2024-05-24T05:56:57.366+0000] {logging_mixin.py:188} INFO - [2024-05-24T05:56:57.366+0000] {dagbag.py:545} INFO - Filling up the DagBag from /home/airflow/.local/lib/python3.12/site-packages/airflow/example_dags/tutorial_dag.py
[2024-05-24T05:56:57.368+0000] {processor.py:840} INFO - DAG(s) 'tutorial_dag' retrieved from /home/airflow/.local/lib/python3.12/site-packages/airflow/example_dags/tutorial_dag.py
[2024-05-24T05:56:57.376+0000] {logging_mixin.py:188} INFO - [2024-05-24T05:56:57.376+0000] {dag.py:3096} INFO - Sync 1 DAGs
[2024-05-24T05:56:57.381+0000] {logging_mixin.py:188} INFO - [2024-05-24T05:56:57.381+0000] {dag.py:3954} INFO - Setting next_dagrun for tutorial_dag to None, run_after=None
[2024-05-24T05:56:57.387+0000] {processor.py:183} INFO - Processing /home/airflow/.local/lib/python3.12/site-packages/airflow/example_dags/tutorial_dag.py took 0.025 seconds
[2024-05-24T05:57:27.655+0000] {processor.py:161} INFO - Started process (PID=6490) to work on /home/airflow/.local/lib/python3.12/site-packages/airflow/example_dags/tutorial_dag.py
[2024-05-24T05:57:27.656+0000] {processor.py:830} INFO - Processing file /home/airflow/.local/lib/python3.12/site-packages/airflow/example_dags/tutorial_dag.py for tasks to queue
[2024-05-24T05:57:27.656+0000] {logging_mixin.py:188} INFO - [2024-05-24T05:57:27.656+0000] {dagbag.py:545} INFO - Filling up the DagBag from /home/airflow/.local/lib/python3.12/site-packages/airflow/example_dags/tutorial_dag.py
[2024-05-24T05:57:27.659+0000] {processor.py:840} INFO - DAG(s) 'tutorial_dag' retrieved from /home/airflow/.local/lib/python3.12/site-packages/airflow/example_dags/tutorial_dag.py
[2024-05-24T05:57:27.666+0000] {logging_mixin.py:188} INFO - [2024-05-24T05:57:27.666+0000] {dag.py:3096} INFO - Sync 1 DAGs
[2024-05-24T05:57:27.671+0000] {logging_mixin.py:188} INFO - [2024-05-24T05:57:27.671+0000] {dag.py:3954} INFO - Setting next_dagrun for tutorial_dag to None, run_after=None
[2024-05-24T05:57:27.677+0000] {processor.py:183} INFO - Processing /home/airflow/.local/lib/python3.12/site-packages/airflow/example_dags/tutorial_dag.py took 0.025 seconds
[2024-05-24T05:57:58.013+0000] {processor.py:161} INFO - Started process (PID=6751) to work on /home/airflow/.local/lib/python3.12/site-packages/airflow/example_dags/tutorial_dag.py
[2024-05-24T05:57:58.013+0000] {processor.py:830} INFO - Processing file /home/airflow/.local/lib/python3.12/site-packages/airflow/example_dags/tutorial_dag.py for tasks to queue
[2024-05-24T05:57:58.014+0000] {logging_mixin.py:188} INFO - [2024-05-24T05:57:58.014+0000] {dagbag.py:545} INFO - Filling up the DagBag from /home/airflow/.local/lib/python3.12/site-packages/airflow/example_dags/tutorial_dag.py
[2024-05-24T05:57:58.016+0000] {processor.py:840} INFO - DAG(s) 'tutorial_dag' retrieved from /home/airflow/.local/lib/python3.12/site-packages/airflow/example_dags/tutorial_dag.py
[2024-05-24T05:57:58.024+0000] {logging_mixin.py:188} INFO - [2024-05-24T05:57:58.024+0000] {dag.py:3096} INFO - Sync 1 DAGs
[2024-05-24T05:57:58.029+0000] {logging_mixin.py:188} INFO - [2024-05-24T05:57:58.029+0000] {dag.py:3954} INFO - Setting next_dagrun for tutorial_dag to None, run_after=None
[2024-05-24T05:57:58.035+0000] {processor.py:183} INFO - Processing /home/airflow/.local/lib/python3.12/site-packages/airflow/example_dags/tutorial_dag.py took 0.025 seconds
[2024-05-24T05:58:28.343+0000] {processor.py:161} INFO - Started process (PID=7013) to work on /home/airflow/.local/lib/python3.12/site-packages/airflow/example_dags/tutorial_dag.py
[2024-05-24T05:58:28.344+0000] {processor.py:830} INFO - Processing file /home/airflow/.local/lib/python3.12/site-packages/airflow/example_dags/tutorial_dag.py for tasks to queue
[2024-05-24T05:58:28.344+0000] {logging_mixin.py:188} INFO - [2024-05-24T05:58:28.344+0000] {dagbag.py:545} INFO - Filling up the DagBag from /home/airflow/.local/lib/python3.12/site-packages/airflow/example_dags/tutorial_dag.py
[2024-05-24T05:58:28.347+0000] {processor.py:840} INFO - DAG(s) 'tutorial_dag' retrieved from /home/airflow/.local/lib/python3.12/site-packages/airflow/example_dags/tutorial_dag.py
[2024-05-24T05:58:28.354+0000] {logging_mixin.py:188} INFO - [2024-05-24T05:58:28.354+0000] {dag.py:3096} INFO - Sync 1 DAGs
[2024-05-24T05:58:28.359+0000] {logging_mixin.py:188} INFO - [2024-05-24T05:58:28.359+0000] {dag.py:3954} INFO - Setting next_dagrun for tutorial_dag to None, run_after=None
[2024-05-24T05:58:28.365+0000] {processor.py:183} INFO - Processing /home/airflow/.local/lib/python3.12/site-packages/airflow/example_dags/tutorial_dag.py took 0.025 seconds
[2024-05-24T06:13:52.764+0000] {processor.py:161} INFO - Started process (PID=7277) to work on /home/airflow/.local/lib/python3.12/site-packages/airflow/example_dags/tutorial_dag.py
[2024-05-24T06:13:52.764+0000] {processor.py:830} INFO - Processing file /home/airflow/.local/lib/python3.12/site-packages/airflow/example_dags/tutorial_dag.py for tasks to queue
[2024-05-24T06:13:52.765+0000] {logging_mixin.py:188} INFO - [2024-05-24T06:13:52.765+0000] {dagbag.py:545} INFO - Filling up the DagBag from /home/airflow/.local/lib/python3.12/site-packages/airflow/example_dags/tutorial_dag.py
[2024-05-24T06:13:52.767+0000] {processor.py:840} INFO - DAG(s) 'tutorial_dag' retrieved from /home/airflow/.local/lib/python3.12/site-packages/airflow/example_dags/tutorial_dag.py
[2024-05-24T06:13:52.774+0000] {logging_mixin.py:188} INFO - [2024-05-24T06:13:52.774+0000] {dag.py:3096} INFO - Sync 1 DAGs
[2024-05-24T06:13:52.779+0000] {logging_mixin.py:188} INFO - [2024-05-24T06:13:52.779+0000] {dag.py:3954} INFO - Setting next_dagrun for tutorial_dag to None, run_after=None
[2024-05-24T06:13:52.786+0000] {processor.py:183} INFO - Processing /home/airflow/.local/lib/python3.12/site-packages/airflow/example_dags/tutorial_dag.py took 0.024 seconds
[2024-05-24T06:26:09.639+0000] {processor.py:161} INFO - Started process (PID=7537) to work on /home/airflow/.local/lib/python3.12/site-packages/airflow/example_dags/tutorial_dag.py
[2024-05-24T06:26:09.640+0000] {processor.py:830} INFO - Processing file /home/airflow/.local/lib/python3.12/site-packages/airflow/example_dags/tutorial_dag.py for tasks to queue
[2024-05-24T06:26:09.641+0000] {logging_mixin.py:188} INFO - [2024-05-24T06:26:09.641+0000] {dagbag.py:545} INFO - Filling up the DagBag from /home/airflow/.local/lib/python3.12/site-packages/airflow/example_dags/tutorial_dag.py
[2024-05-24T06:26:09.643+0000] {processor.py:840} INFO - DAG(s) 'tutorial_dag' retrieved from /home/airflow/.local/lib/python3.12/site-packages/airflow/example_dags/tutorial_dag.py
[2024-05-24T06:26:09.651+0000] {logging_mixin.py:188} INFO - [2024-05-24T06:26:09.651+0000] {dag.py:3096} INFO - Sync 1 DAGs
[2024-05-24T06:26:09.656+0000] {logging_mixin.py:188} INFO - [2024-05-24T06:26:09.656+0000] {dag.py:3954} INFO - Setting next_dagrun for tutorial_dag to None, run_after=None
[2024-05-24T06:26:09.663+0000] {processor.py:183} INFO - Processing /home/airflow/.local/lib/python3.12/site-packages/airflow/example_dags/tutorial_dag.py took 0.026 seconds
[2024-05-24T06:26:40.064+0000] {processor.py:161} INFO - Started process (PID=7799) to work on /home/airflow/.local/lib/python3.12/site-packages/airflow/example_dags/tutorial_dag.py
[2024-05-24T06:26:40.064+0000] {processor.py:830} INFO - Processing file /home/airflow/.local/lib/python3.12/site-packages/airflow/example_dags/tutorial_dag.py for tasks to queue
[2024-05-24T06:26:40.065+0000] {logging_mixin.py:188} INFO - [2024-05-24T06:26:40.065+0000] {dagbag.py:545} INFO - Filling up the DagBag from /home/airflow/.local/lib/python3.12/site-packages/airflow/example_dags/tutorial_dag.py
[2024-05-24T06:26:40.067+0000] {processor.py:840} INFO - DAG(s) 'tutorial_dag' retrieved from /home/airflow/.local/lib/python3.12/site-packages/airflow/example_dags/tutorial_dag.py
[2024-05-24T06:26:40.075+0000] {logging_mixin.py:188} INFO - [2024-05-24T06:26:40.075+0000] {dag.py:3096} INFO - Sync 1 DAGs
[2024-05-24T06:26:40.080+0000] {logging_mixin.py:188} INFO - [2024-05-24T06:26:40.080+0000] {dag.py:3954} INFO - Setting next_dagrun for tutorial_dag to None, run_after=None
[2024-05-24T06:26:40.086+0000] {processor.py:183} INFO - Processing /home/airflow/.local/lib/python3.12/site-packages/airflow/example_dags/tutorial_dag.py took 0.025 seconds
[2024-05-24T06:27:10.472+0000] {processor.py:161} INFO - Started process (PID=8061) to work on /home/airflow/.local/lib/python3.12/site-packages/airflow/example_dags/tutorial_dag.py
[2024-05-24T06:27:10.472+0000] {processor.py:830} INFO - Processing file /home/airflow/.local/lib/python3.12/site-packages/airflow/example_dags/tutorial_dag.py for tasks to queue
[2024-05-24T06:27:10.473+0000] {logging_mixin.py:188} INFO - [2024-05-24T06:27:10.473+0000] {dagbag.py:545} INFO - Filling up the DagBag from /home/airflow/.local/lib/python3.12/site-packages/airflow/example_dags/tutorial_dag.py
[2024-05-24T06:27:10.475+0000] {processor.py:840} INFO - DAG(s) 'tutorial_dag' retrieved from /home/airflow/.local/lib/python3.12/site-packages/airflow/example_dags/tutorial_dag.py
[2024-05-24T06:27:10.482+0000] {logging_mixin.py:188} INFO - [2024-05-24T06:27:10.482+0000] {dag.py:3096} INFO - Sync 1 DAGs
[2024-05-24T06:27:10.487+0000] {logging_mixin.py:188} INFO - [2024-05-24T06:27:10.487+0000] {dag.py:3954} INFO - Setting next_dagrun for tutorial_dag to None, run_after=None
[2024-05-24T06:27:10.493+0000] {processor.py:183} INFO - Processing /home/airflow/.local/lib/python3.12/site-packages/airflow/example_dags/tutorial_dag.py took 0.024 seconds
[2024-05-24T06:28:25.566+0000] {processor.py:161} INFO - Started process (PID=8321) to work on /home/airflow/.local/lib/python3.12/site-packages/airflow/example_dags/tutorial_dag.py
[2024-05-24T06:28:25.569+0000] {processor.py:830} INFO - Processing file /home/airflow/.local/lib/python3.12/site-packages/airflow/example_dags/tutorial_dag.py for tasks to queue
[2024-05-24T06:28:25.569+0000] {logging_mixin.py:188} INFO - [2024-05-24T06:28:25.569+0000] {dagbag.py:545} INFO - Filling up the DagBag from /home/airflow/.local/lib/python3.12/site-packages/airflow/example_dags/tutorial_dag.py
[2024-05-24T06:28:25.572+0000] {processor.py:840} INFO - DAG(s) 'tutorial_dag' retrieved from /home/airflow/.local/lib/python3.12/site-packages/airflow/example_dags/tutorial_dag.py
[2024-05-24T06:28:25.582+0000] {logging_mixin.py:188} INFO - [2024-05-24T06:28:25.582+0000] {dag.py:3096} INFO - Sync 1 DAGs
[2024-05-24T06:28:25.588+0000] {logging_mixin.py:188} INFO - [2024-05-24T06:28:25.588+0000] {dag.py:3954} INFO - Setting next_dagrun for tutorial_dag to None, run_after=None
[2024-05-24T06:28:25.596+0000] {processor.py:183} INFO - Processing /home/airflow/.local/lib/python3.12/site-packages/airflow/example_dags/tutorial_dag.py took 0.033 seconds
[2024-05-24T06:28:55.983+0000] {processor.py:161} INFO - Started process (PID=8583) to work on /home/airflow/.local/lib/python3.12/site-packages/airflow/example_dags/tutorial_dag.py
[2024-05-24T06:28:55.983+0000] {processor.py:830} INFO - Processing file /home/airflow/.local/lib/python3.12/site-packages/airflow/example_dags/tutorial_dag.py for tasks to queue
[2024-05-24T06:28:55.984+0000] {logging_mixin.py:188} INFO - [2024-05-24T06:28:55.984+0000] {dagbag.py:545} INFO - Filling up the DagBag from /home/airflow/.local/lib/python3.12/site-packages/airflow/example_dags/tutorial_dag.py
[2024-05-24T06:28:55.987+0000] {processor.py:840} INFO - DAG(s) 'tutorial_dag' retrieved from /home/airflow/.local/lib/python3.12/site-packages/airflow/example_dags/tutorial_dag.py
[2024-05-24T06:28:55.995+0000] {logging_mixin.py:188} INFO - [2024-05-24T06:28:55.995+0000] {dag.py:3096} INFO - Sync 1 DAGs
[2024-05-24T06:28:56.000+0000] {logging_mixin.py:188} INFO - [2024-05-24T06:28:56.000+0000] {dag.py:3954} INFO - Setting next_dagrun for tutorial_dag to None, run_after=None
[2024-05-24T06:28:56.007+0000] {processor.py:183} INFO - Processing /home/airflow/.local/lib/python3.12/site-packages/airflow/example_dags/tutorial_dag.py took 0.027 seconds
[2024-05-24T06:29:26.500+0000] {processor.py:161} INFO - Started process (PID=8845) to work on /home/airflow/.local/lib/python3.12/site-packages/airflow/example_dags/tutorial_dag.py
[2024-05-24T06:29:26.502+0000] {processor.py:830} INFO - Processing file /home/airflow/.local/lib/python3.12/site-packages/airflow/example_dags/tutorial_dag.py for tasks to queue
[2024-05-24T06:29:26.502+0000] {logging_mixin.py:188} INFO - [2024-05-24T06:29:26.502+0000] {dagbag.py:545} INFO - Filling up the DagBag from /home/airflow/.local/lib/python3.12/site-packages/airflow/example_dags/tutorial_dag.py
[2024-05-24T06:29:26.505+0000] {processor.py:840} INFO - DAG(s) 'tutorial_dag' retrieved from /home/airflow/.local/lib/python3.12/site-packages/airflow/example_dags/tutorial_dag.py
[2024-05-24T06:29:26.512+0000] {logging_mixin.py:188} INFO - [2024-05-24T06:29:26.512+0000] {dag.py:3096} INFO - Sync 1 DAGs
[2024-05-24T06:29:26.517+0000] {logging_mixin.py:188} INFO - [2024-05-24T06:29:26.517+0000] {dag.py:3954} INFO - Setting next_dagrun for tutorial_dag to None, run_after=None
[2024-05-24T06:29:26.523+0000] {processor.py:183} INFO - Processing /home/airflow/.local/lib/python3.12/site-packages/airflow/example_dags/tutorial_dag.py took 0.026 seconds
[2024-05-24T06:29:56.851+0000] {processor.py:161} INFO - Started process (PID=9107) to work on /home/airflow/.local/lib/python3.12/site-packages/airflow/example_dags/tutorial_dag.py
[2024-05-24T06:29:56.853+0000] {processor.py:830} INFO - Processing file /home/airflow/.local/lib/python3.12/site-packages/airflow/example_dags/tutorial_dag.py for tasks to queue
[2024-05-24T06:29:56.854+0000] {logging_mixin.py:188} INFO - [2024-05-24T06:29:56.854+0000] {dagbag.py:545} INFO - Filling up the DagBag from /home/airflow/.local/lib/python3.12/site-packages/airflow/example_dags/tutorial_dag.py
[2024-05-24T06:29:56.856+0000] {processor.py:840} INFO - DAG(s) 'tutorial_dag' retrieved from /home/airflow/.local/lib/python3.12/site-packages/airflow/example_dags/tutorial_dag.py
[2024-05-24T06:29:56.863+0000] {logging_mixin.py:188} INFO - [2024-05-24T06:29:56.863+0000] {dag.py:3096} INFO - Sync 1 DAGs
[2024-05-24T06:29:56.868+0000] {logging_mixin.py:188} INFO - [2024-05-24T06:29:56.868+0000] {dag.py:3954} INFO - Setting next_dagrun for tutorial_dag to None, run_after=None
[2024-05-24T06:29:56.875+0000] {processor.py:183} INFO - Processing /home/airflow/.local/lib/python3.12/site-packages/airflow/example_dags/tutorial_dag.py took 0.026 seconds
[2024-05-24T06:32:50.488+0000] {processor.py:161} INFO - Started process (PID=9371) to work on /home/airflow/.local/lib/python3.12/site-packages/airflow/example_dags/tutorial_dag.py
[2024-05-24T06:32:50.488+0000] {processor.py:830} INFO - Processing file /home/airflow/.local/lib/python3.12/site-packages/airflow/example_dags/tutorial_dag.py for tasks to queue
[2024-05-24T06:32:50.489+0000] {logging_mixin.py:188} INFO - [2024-05-24T06:32:50.489+0000] {dagbag.py:545} INFO - Filling up the DagBag from /home/airflow/.local/lib/python3.12/site-packages/airflow/example_dags/tutorial_dag.py
[2024-05-24T06:32:50.491+0000] {processor.py:840} INFO - DAG(s) 'tutorial_dag' retrieved from /home/airflow/.local/lib/python3.12/site-packages/airflow/example_dags/tutorial_dag.py
[2024-05-24T06:32:50.499+0000] {logging_mixin.py:188} INFO - [2024-05-24T06:32:50.498+0000] {dag.py:3096} INFO - Sync 1 DAGs
[2024-05-24T06:32:50.503+0000] {logging_mixin.py:188} INFO - [2024-05-24T06:32:50.503+0000] {dag.py:3954} INFO - Setting next_dagrun for tutorial_dag to None, run_after=None
[2024-05-24T06:32:50.509+0000] {processor.py:183} INFO - Processing /home/airflow/.local/lib/python3.12/site-packages/airflow/example_dags/tutorial_dag.py took 0.024 seconds
[2024-05-24T06:34:33.577+0000] {processor.py:161} INFO - Started process (PID=9633) to work on /home/airflow/.local/lib/python3.12/site-packages/airflow/example_dags/tutorial_dag.py
[2024-05-24T06:34:33.578+0000] {processor.py:830} INFO - Processing file /home/airflow/.local/lib/python3.12/site-packages/airflow/example_dags/tutorial_dag.py for tasks to queue
[2024-05-24T06:34:33.579+0000] {logging_mixin.py:188} INFO - [2024-05-24T06:34:33.578+0000] {dagbag.py:545} INFO - Filling up the DagBag from /home/airflow/.local/lib/python3.12/site-packages/airflow/example_dags/tutorial_dag.py
[2024-05-24T06:34:33.583+0000] {processor.py:840} INFO - DAG(s) 'tutorial_dag' retrieved from /home/airflow/.local/lib/python3.12/site-packages/airflow/example_dags/tutorial_dag.py
[2024-05-24T06:34:33.593+0000] {logging_mixin.py:188} INFO - [2024-05-24T06:34:33.593+0000] {dag.py:3096} INFO - Sync 1 DAGs
[2024-05-24T06:34:33.598+0000] {logging_mixin.py:188} INFO - [2024-05-24T06:34:33.598+0000] {dag.py:3954} INFO - Setting next_dagrun for tutorial_dag to None, run_after=None
[2024-05-24T06:34:33.605+0000] {processor.py:183} INFO - Processing /home/airflow/.local/lib/python3.12/site-packages/airflow/example_dags/tutorial_dag.py took 0.030 seconds
[2024-05-24T06:35:04.197+0000] {processor.py:161} INFO - Started process (PID=9893) to work on /home/airflow/.local/lib/python3.12/site-packages/airflow/example_dags/tutorial_dag.py
[2024-05-24T06:35:04.197+0000] {processor.py:830} INFO - Processing file /home/airflow/.local/lib/python3.12/site-packages/airflow/example_dags/tutorial_dag.py for tasks to queue
[2024-05-24T06:35:04.198+0000] {logging_mixin.py:188} INFO - [2024-05-24T06:35:04.198+0000] {dagbag.py:545} INFO - Filling up the DagBag from /home/airflow/.local/lib/python3.12/site-packages/airflow/example_dags/tutorial_dag.py
[2024-05-24T06:35:04.200+0000] {processor.py:840} INFO - DAG(s) 'tutorial_dag' retrieved from /home/airflow/.local/lib/python3.12/site-packages/airflow/example_dags/tutorial_dag.py
[2024-05-24T06:35:04.207+0000] {logging_mixin.py:188} INFO - [2024-05-24T06:35:04.207+0000] {dag.py:3096} INFO - Sync 1 DAGs
[2024-05-24T06:35:04.212+0000] {logging_mixin.py:188} INFO - [2024-05-24T06:35:04.212+0000] {dag.py:3954} INFO - Setting next_dagrun for tutorial_dag to None, run_after=None
[2024-05-24T06:35:04.219+0000] {processor.py:183} INFO - Processing /home/airflow/.local/lib/python3.12/site-packages/airflow/example_dags/tutorial_dag.py took 0.025 seconds
[2024-05-24T06:50:33.820+0000] {processor.py:161} INFO - Started process (PID=10155) to work on /home/airflow/.local/lib/python3.12/site-packages/airflow/example_dags/tutorial_dag.py
[2024-05-24T06:50:33.820+0000] {processor.py:830} INFO - Processing file /home/airflow/.local/lib/python3.12/site-packages/airflow/example_dags/tutorial_dag.py for tasks to queue
[2024-05-24T06:50:33.821+0000] {logging_mixin.py:188} INFO - [2024-05-24T06:50:33.821+0000] {dagbag.py:545} INFO - Filling up the DagBag from /home/airflow/.local/lib/python3.12/site-packages/airflow/example_dags/tutorial_dag.py
[2024-05-24T06:50:33.823+0000] {processor.py:840} INFO - DAG(s) 'tutorial_dag' retrieved from /home/airflow/.local/lib/python3.12/site-packages/airflow/example_dags/tutorial_dag.py
[2024-05-24T06:50:33.831+0000] {logging_mixin.py:188} INFO - [2024-05-24T06:50:33.831+0000] {dag.py:3096} INFO - Sync 1 DAGs
[2024-05-24T06:50:33.836+0000] {logging_mixin.py:188} INFO - [2024-05-24T06:50:33.836+0000] {dag.py:3954} INFO - Setting next_dagrun for tutorial_dag to None, run_after=None
[2024-05-24T06:50:33.843+0000] {processor.py:183} INFO - Processing /home/airflow/.local/lib/python3.12/site-packages/airflow/example_dags/tutorial_dag.py took 0.026 seconds
[2024-05-24T07:06:10.229+0000] {processor.py:161} INFO - Started process (PID=10417) to work on /home/airflow/.local/lib/python3.12/site-packages/airflow/example_dags/tutorial_dag.py
[2024-05-24T07:06:10.229+0000] {processor.py:830} INFO - Processing file /home/airflow/.local/lib/python3.12/site-packages/airflow/example_dags/tutorial_dag.py for tasks to queue
[2024-05-24T07:06:10.230+0000] {logging_mixin.py:188} INFO - [2024-05-24T07:06:10.230+0000] {dagbag.py:545} INFO - Filling up the DagBag from /home/airflow/.local/lib/python3.12/site-packages/airflow/example_dags/tutorial_dag.py
[2024-05-24T07:06:10.233+0000] {processor.py:840} INFO - DAG(s) 'tutorial_dag' retrieved from /home/airflow/.local/lib/python3.12/site-packages/airflow/example_dags/tutorial_dag.py
[2024-05-24T07:06:10.242+0000] {logging_mixin.py:188} INFO - [2024-05-24T07:06:10.242+0000] {dag.py:3096} INFO - Sync 1 DAGs
[2024-05-24T07:06:10.248+0000] {logging_mixin.py:188} INFO - [2024-05-24T07:06:10.248+0000] {dag.py:3954} INFO - Setting next_dagrun for tutorial_dag to None, run_after=None
[2024-05-24T07:06:10.256+0000] {processor.py:183} INFO - Processing /home/airflow/.local/lib/python3.12/site-packages/airflow/example_dags/tutorial_dag.py took 0.031 seconds
[2024-05-24T07:30:08.315+0000] {processor.py:161} INFO - Started process (PID=10679) to work on /home/airflow/.local/lib/python3.12/site-packages/airflow/example_dags/tutorial_dag.py
[2024-05-24T07:30:08.316+0000] {processor.py:830} INFO - Processing file /home/airflow/.local/lib/python3.12/site-packages/airflow/example_dags/tutorial_dag.py for tasks to queue
[2024-05-24T07:30:08.317+0000] {logging_mixin.py:188} INFO - [2024-05-24T07:30:08.317+0000] {dagbag.py:545} INFO - Filling up the DagBag from /home/airflow/.local/lib/python3.12/site-packages/airflow/example_dags/tutorial_dag.py
[2024-05-24T07:30:08.319+0000] {processor.py:840} INFO - DAG(s) 'tutorial_dag' retrieved from /home/airflow/.local/lib/python3.12/site-packages/airflow/example_dags/tutorial_dag.py
[2024-05-24T07:30:08.330+0000] {logging_mixin.py:188} INFO - [2024-05-24T07:30:08.330+0000] {dag.py:3096} INFO - Sync 1 DAGs
[2024-05-24T07:30:08.336+0000] {logging_mixin.py:188} INFO - [2024-05-24T07:30:08.336+0000] {dag.py:3954} INFO - Setting next_dagrun for tutorial_dag to None, run_after=None
[2024-05-24T07:30:08.344+0000] {processor.py:183} INFO - Processing /home/airflow/.local/lib/python3.12/site-packages/airflow/example_dags/tutorial_dag.py took 0.031 seconds
[2024-05-24T07:30:39.133+0000] {processor.py:161} INFO - Started process (PID=10941) to work on /home/airflow/.local/lib/python3.12/site-packages/airflow/example_dags/tutorial_dag.py
[2024-05-24T07:30:39.135+0000] {processor.py:830} INFO - Processing file /home/airflow/.local/lib/python3.12/site-packages/airflow/example_dags/tutorial_dag.py for tasks to queue
[2024-05-24T07:30:39.136+0000] {logging_mixin.py:188} INFO - [2024-05-24T07:30:39.135+0000] {dagbag.py:545} INFO - Filling up the DagBag from /home/airflow/.local/lib/python3.12/site-packages/airflow/example_dags/tutorial_dag.py
[2024-05-24T07:30:39.138+0000] {processor.py:840} INFO - DAG(s) 'tutorial_dag' retrieved from /home/airflow/.local/lib/python3.12/site-packages/airflow/example_dags/tutorial_dag.py
[2024-05-24T07:30:39.146+0000] {logging_mixin.py:188} INFO - [2024-05-24T07:30:39.146+0000] {dag.py:3096} INFO - Sync 1 DAGs
[2024-05-24T07:30:39.152+0000] {logging_mixin.py:188} INFO - [2024-05-24T07:30:39.151+0000] {dag.py:3954} INFO - Setting next_dagrun for tutorial_dag to None, run_after=None
[2024-05-24T07:30:39.158+0000] {processor.py:183} INFO - Processing /home/airflow/.local/lib/python3.12/site-packages/airflow/example_dags/tutorial_dag.py took 0.028 seconds
[2024-05-24T07:31:09.919+0000] {processor.py:161} INFO - Started process (PID=11203) to work on /home/airflow/.local/lib/python3.12/site-packages/airflow/example_dags/tutorial_dag.py
[2024-05-24T07:31:09.919+0000] {processor.py:830} INFO - Processing file /home/airflow/.local/lib/python3.12/site-packages/airflow/example_dags/tutorial_dag.py for tasks to queue
[2024-05-24T07:31:09.920+0000] {logging_mixin.py:188} INFO - [2024-05-24T07:31:09.920+0000] {dagbag.py:545} INFO - Filling up the DagBag from /home/airflow/.local/lib/python3.12/site-packages/airflow/example_dags/tutorial_dag.py
[2024-05-24T07:31:09.922+0000] {processor.py:840} INFO - DAG(s) 'tutorial_dag' retrieved from /home/airflow/.local/lib/python3.12/site-packages/airflow/example_dags/tutorial_dag.py
[2024-05-24T07:31:09.930+0000] {logging_mixin.py:188} INFO - [2024-05-24T07:31:09.930+0000] {dag.py:3096} INFO - Sync 1 DAGs
[2024-05-24T07:31:09.935+0000] {logging_mixin.py:188} INFO - [2024-05-24T07:31:09.935+0000] {dag.py:3954} INFO - Setting next_dagrun for tutorial_dag to None, run_after=None
[2024-05-24T07:31:09.943+0000] {processor.py:183} INFO - Processing /home/airflow/.local/lib/python3.12/site-packages/airflow/example_dags/tutorial_dag.py took 0.028 seconds
[2024-05-24T07:31:40.308+0000] {processor.py:161} INFO - Started process (PID=11465) to work on /home/airflow/.local/lib/python3.12/site-packages/airflow/example_dags/tutorial_dag.py
[2024-05-24T07:31:40.310+0000] {processor.py:830} INFO - Processing file /home/airflow/.local/lib/python3.12/site-packages/airflow/example_dags/tutorial_dag.py for tasks to queue
[2024-05-24T07:31:40.311+0000] {logging_mixin.py:188} INFO - [2024-05-24T07:31:40.311+0000] {dagbag.py:545} INFO - Filling up the DagBag from /home/airflow/.local/lib/python3.12/site-packages/airflow/example_dags/tutorial_dag.py
[2024-05-24T07:31:40.313+0000] {processor.py:840} INFO - DAG(s) 'tutorial_dag' retrieved from /home/airflow/.local/lib/python3.12/site-packages/airflow/example_dags/tutorial_dag.py
[2024-05-24T07:31:40.320+0000] {logging_mixin.py:188} INFO - [2024-05-24T07:31:40.320+0000] {dag.py:3096} INFO - Sync 1 DAGs
[2024-05-24T07:31:40.325+0000] {logging_mixin.py:188} INFO - [2024-05-24T07:31:40.325+0000] {dag.py:3954} INFO - Setting next_dagrun for tutorial_dag to None, run_after=None
[2024-05-24T07:31:40.332+0000] {processor.py:183} INFO - Processing /home/airflow/.local/lib/python3.12/site-packages/airflow/example_dags/tutorial_dag.py took 0.026 seconds
[2024-05-24T07:32:10.648+0000] {processor.py:161} INFO - Started process (PID=11727) to work on /home/airflow/.local/lib/python3.12/site-packages/airflow/example_dags/tutorial_dag.py
[2024-05-24T07:32:10.649+0000] {processor.py:830} INFO - Processing file /home/airflow/.local/lib/python3.12/site-packages/airflow/example_dags/tutorial_dag.py for tasks to queue
[2024-05-24T07:32:10.650+0000] {logging_mixin.py:188} INFO - [2024-05-24T07:32:10.650+0000] {dagbag.py:545} INFO - Filling up the DagBag from /home/airflow/.local/lib/python3.12/site-packages/airflow/example_dags/tutorial_dag.py
[2024-05-24T07:32:10.652+0000] {processor.py:840} INFO - DAG(s) 'tutorial_dag' retrieved from /home/airflow/.local/lib/python3.12/site-packages/airflow/example_dags/tutorial_dag.py
[2024-05-24T07:32:10.660+0000] {logging_mixin.py:188} INFO - [2024-05-24T07:32:10.659+0000] {dag.py:3096} INFO - Sync 1 DAGs
[2024-05-24T07:32:10.664+0000] {logging_mixin.py:188} INFO - [2024-05-24T07:32:10.664+0000] {dag.py:3954} INFO - Setting next_dagrun for tutorial_dag to None, run_after=None
[2024-05-24T07:32:10.671+0000] {processor.py:183} INFO - Processing /home/airflow/.local/lib/python3.12/site-packages/airflow/example_dags/tutorial_dag.py took 0.025 seconds
[2024-05-24T07:32:58.469+0000] {processor.py:161} INFO - Started process (PID=11991) to work on /home/airflow/.local/lib/python3.12/site-packages/airflow/example_dags/tutorial_dag.py
[2024-05-24T07:32:58.470+0000] {processor.py:830} INFO - Processing file /home/airflow/.local/lib/python3.12/site-packages/airflow/example_dags/tutorial_dag.py for tasks to queue
[2024-05-24T07:32:58.471+0000] {logging_mixin.py:188} INFO - [2024-05-24T07:32:58.471+0000] {dagbag.py:545} INFO - Filling up the DagBag from /home/airflow/.local/lib/python3.12/site-packages/airflow/example_dags/tutorial_dag.py
[2024-05-24T07:32:58.473+0000] {processor.py:840} INFO - DAG(s) 'tutorial_dag' retrieved from /home/airflow/.local/lib/python3.12/site-packages/airflow/example_dags/tutorial_dag.py
[2024-05-24T07:32:58.482+0000] {logging_mixin.py:188} INFO - [2024-05-24T07:32:58.482+0000] {dag.py:3096} INFO - Sync 1 DAGs
[2024-05-24T07:32:58.488+0000] {logging_mixin.py:188} INFO - [2024-05-24T07:32:58.488+0000] {dag.py:3954} INFO - Setting next_dagrun for tutorial_dag to None, run_after=None
[2024-05-24T07:32:58.495+0000] {processor.py:183} INFO - Processing /home/airflow/.local/lib/python3.12/site-packages/airflow/example_dags/tutorial_dag.py took 0.029 seconds
[2024-05-24T07:33:28.863+0000] {processor.py:161} INFO - Started process (PID=12253) to work on /home/airflow/.local/lib/python3.12/site-packages/airflow/example_dags/tutorial_dag.py
[2024-05-24T07:33:28.863+0000] {processor.py:830} INFO - Processing file /home/airflow/.local/lib/python3.12/site-packages/airflow/example_dags/tutorial_dag.py for tasks to queue
[2024-05-24T07:33:28.864+0000] {logging_mixin.py:188} INFO - [2024-05-24T07:33:28.864+0000] {dagbag.py:545} INFO - Filling up the DagBag from /home/airflow/.local/lib/python3.12/site-packages/airflow/example_dags/tutorial_dag.py
[2024-05-24T07:33:28.866+0000] {processor.py:840} INFO - DAG(s) 'tutorial_dag' retrieved from /home/airflow/.local/lib/python3.12/site-packages/airflow/example_dags/tutorial_dag.py
[2024-05-24T07:33:28.875+0000] {logging_mixin.py:188} INFO - [2024-05-24T07:33:28.875+0000] {dag.py:3096} INFO - Sync 1 DAGs
[2024-05-24T07:33:28.880+0000] {logging_mixin.py:188} INFO - [2024-05-24T07:33:28.880+0000] {dag.py:3954} INFO - Setting next_dagrun for tutorial_dag to None, run_after=None
[2024-05-24T07:33:28.887+0000] {processor.py:183} INFO - Processing /home/airflow/.local/lib/python3.12/site-packages/airflow/example_dags/tutorial_dag.py took 0.027 seconds
[2024-05-24T07:33:59.206+0000] {processor.py:161} INFO - Started process (PID=12513) to work on /home/airflow/.local/lib/python3.12/site-packages/airflow/example_dags/tutorial_dag.py
[2024-05-24T07:33:59.206+0000] {processor.py:830} INFO - Processing file /home/airflow/.local/lib/python3.12/site-packages/airflow/example_dags/tutorial_dag.py for tasks to queue
[2024-05-24T07:33:59.207+0000] {logging_mixin.py:188} INFO - [2024-05-24T07:33:59.207+0000] {dagbag.py:545} INFO - Filling up the DagBag from /home/airflow/.local/lib/python3.12/site-packages/airflow/example_dags/tutorial_dag.py
[2024-05-24T07:33:59.209+0000] {processor.py:840} INFO - DAG(s) 'tutorial_dag' retrieved from /home/airflow/.local/lib/python3.12/site-packages/airflow/example_dags/tutorial_dag.py
[2024-05-24T07:33:59.217+0000] {logging_mixin.py:188} INFO - [2024-05-24T07:33:59.217+0000] {dag.py:3096} INFO - Sync 1 DAGs
[2024-05-24T07:33:59.222+0000] {logging_mixin.py:188} INFO - [2024-05-24T07:33:59.222+0000] {dag.py:3954} INFO - Setting next_dagrun for tutorial_dag to None, run_after=None
[2024-05-24T07:33:59.229+0000] {processor.py:183} INFO - Processing /home/airflow/.local/lib/python3.12/site-packages/airflow/example_dags/tutorial_dag.py took 0.026 seconds
[2024-05-24T07:34:29.597+0000] {processor.py:161} INFO - Started process (PID=12774) to work on /home/airflow/.local/lib/python3.12/site-packages/airflow/example_dags/tutorial_dag.py
[2024-05-24T07:34:29.597+0000] {processor.py:830} INFO - Processing file /home/airflow/.local/lib/python3.12/site-packages/airflow/example_dags/tutorial_dag.py for tasks to queue
[2024-05-24T07:34:29.598+0000] {logging_mixin.py:188} INFO - [2024-05-24T07:34:29.598+0000] {dagbag.py:545} INFO - Filling up the DagBag from /home/airflow/.local/lib/python3.12/site-packages/airflow/example_dags/tutorial_dag.py
[2024-05-24T07:34:29.600+0000] {processor.py:840} INFO - DAG(s) 'tutorial_dag' retrieved from /home/airflow/.local/lib/python3.12/site-packages/airflow/example_dags/tutorial_dag.py
[2024-05-24T07:34:29.609+0000] {logging_mixin.py:188} INFO - [2024-05-24T07:34:29.609+0000] {dag.py:3096} INFO - Sync 1 DAGs
[2024-05-24T07:34:29.614+0000] {logging_mixin.py:188} INFO - [2024-05-24T07:34:29.614+0000] {dag.py:3954} INFO - Setting next_dagrun for tutorial_dag to None, run_after=None
[2024-05-24T07:34:29.621+0000] {processor.py:183} INFO - Processing /home/airflow/.local/lib/python3.12/site-packages/airflow/example_dags/tutorial_dag.py took 0.027 seconds
[2024-05-24T07:35:00.115+0000] {processor.py:161} INFO - Started process (PID=13036) to work on /home/airflow/.local/lib/python3.12/site-packages/airflow/example_dags/tutorial_dag.py
[2024-05-24T07:35:00.116+0000] {processor.py:830} INFO - Processing file /home/airflow/.local/lib/python3.12/site-packages/airflow/example_dags/tutorial_dag.py for tasks to queue
[2024-05-24T07:35:00.116+0000] {logging_mixin.py:188} INFO - [2024-05-24T07:35:00.116+0000] {dagbag.py:545} INFO - Filling up the DagBag from /home/airflow/.local/lib/python3.12/site-packages/airflow/example_dags/tutorial_dag.py
[2024-05-24T07:35:00.119+0000] {processor.py:840} INFO - DAG(s) 'tutorial_dag' retrieved from /home/airflow/.local/lib/python3.12/site-packages/airflow/example_dags/tutorial_dag.py
[2024-05-24T07:35:00.127+0000] {logging_mixin.py:188} INFO - [2024-05-24T07:35:00.127+0000] {dag.py:3096} INFO - Sync 1 DAGs
[2024-05-24T07:35:00.133+0000] {logging_mixin.py:188} INFO - [2024-05-24T07:35:00.133+0000] {dag.py:3954} INFO - Setting next_dagrun for tutorial_dag to None, run_after=None
[2024-05-24T07:35:00.140+0000] {processor.py:183} INFO - Processing /home/airflow/.local/lib/python3.12/site-packages/airflow/example_dags/tutorial_dag.py took 0.027 seconds
[2024-05-24T07:35:30.453+0000] {processor.py:161} INFO - Started process (PID=13298) to work on /home/airflow/.local/lib/python3.12/site-packages/airflow/example_dags/tutorial_dag.py
[2024-05-24T07:35:30.454+0000] {processor.py:830} INFO - Processing file /home/airflow/.local/lib/python3.12/site-packages/airflow/example_dags/tutorial_dag.py for tasks to queue
[2024-05-24T07:35:30.454+0000] {logging_mixin.py:188} INFO - [2024-05-24T07:35:30.454+0000] {dagbag.py:545} INFO - Filling up the DagBag from /home/airflow/.local/lib/python3.12/site-packages/airflow/example_dags/tutorial_dag.py
[2024-05-24T07:35:30.457+0000] {processor.py:840} INFO - DAG(s) 'tutorial_dag' retrieved from /home/airflow/.local/lib/python3.12/site-packages/airflow/example_dags/tutorial_dag.py
[2024-05-24T07:35:30.465+0000] {logging_mixin.py:188} INFO - [2024-05-24T07:35:30.465+0000] {dag.py:3096} INFO - Sync 1 DAGs
[2024-05-24T07:35:30.471+0000] {logging_mixin.py:188} INFO - [2024-05-24T07:35:30.470+0000] {dag.py:3954} INFO - Setting next_dagrun for tutorial_dag to None, run_after=None
[2024-05-24T07:35:30.477+0000] {processor.py:183} INFO - Processing /home/airflow/.local/lib/python3.12/site-packages/airflow/example_dags/tutorial_dag.py took 0.027 seconds
[2024-05-24T07:36:00.831+0000] {processor.py:161} INFO - Started process (PID=13560) to work on /home/airflow/.local/lib/python3.12/site-packages/airflow/example_dags/tutorial_dag.py
[2024-05-24T07:36:00.831+0000] {processor.py:830} INFO - Processing file /home/airflow/.local/lib/python3.12/site-packages/airflow/example_dags/tutorial_dag.py for tasks to queue
[2024-05-24T07:36:00.832+0000] {logging_mixin.py:188} INFO - [2024-05-24T07:36:00.832+0000] {dagbag.py:545} INFO - Filling up the DagBag from /home/airflow/.local/lib/python3.12/site-packages/airflow/example_dags/tutorial_dag.py
[2024-05-24T07:36:00.835+0000] {processor.py:840} INFO - DAG(s) 'tutorial_dag' retrieved from /home/airflow/.local/lib/python3.12/site-packages/airflow/example_dags/tutorial_dag.py
[2024-05-24T07:36:00.842+0000] {logging_mixin.py:188} INFO - [2024-05-24T07:36:00.842+0000] {dag.py:3096} INFO - Sync 1 DAGs
[2024-05-24T07:36:00.847+0000] {logging_mixin.py:188} INFO - [2024-05-24T07:36:00.847+0000] {dag.py:3954} INFO - Setting next_dagrun for tutorial_dag to None, run_after=None
[2024-05-24T07:36:00.854+0000] {processor.py:183} INFO - Processing /home/airflow/.local/lib/python3.12/site-packages/airflow/example_dags/tutorial_dag.py took 0.026 seconds
[2024-05-24T07:36:31.294+0000] {processor.py:161} INFO - Started process (PID=13822) to work on /home/airflow/.local/lib/python3.12/site-packages/airflow/example_dags/tutorial_dag.py
[2024-05-24T07:36:31.294+0000] {processor.py:830} INFO - Processing file /home/airflow/.local/lib/python3.12/site-packages/airflow/example_dags/tutorial_dag.py for tasks to queue
[2024-05-24T07:36:31.295+0000] {logging_mixin.py:188} INFO - [2024-05-24T07:36:31.295+0000] {dagbag.py:545} INFO - Filling up the DagBag from /home/airflow/.local/lib/python3.12/site-packages/airflow/example_dags/tutorial_dag.py
[2024-05-24T07:36:31.297+0000] {processor.py:840} INFO - DAG(s) 'tutorial_dag' retrieved from /home/airflow/.local/lib/python3.12/site-packages/airflow/example_dags/tutorial_dag.py
[2024-05-24T07:36:31.305+0000] {logging_mixin.py:188} INFO - [2024-05-24T07:36:31.305+0000] {dag.py:3096} INFO - Sync 1 DAGs
[2024-05-24T07:36:31.310+0000] {logging_mixin.py:188} INFO - [2024-05-24T07:36:31.310+0000] {dag.py:3954} INFO - Setting next_dagrun for tutorial_dag to None, run_after=None
[2024-05-24T07:36:31.316+0000] {processor.py:183} INFO - Processing /home/airflow/.local/lib/python3.12/site-packages/airflow/example_dags/tutorial_dag.py took 0.025 seconds
[2024-05-24T07:37:01.637+0000] {processor.py:161} INFO - Started process (PID=14084) to work on /home/airflow/.local/lib/python3.12/site-packages/airflow/example_dags/tutorial_dag.py
[2024-05-24T07:37:01.638+0000] {processor.py:830} INFO - Processing file /home/airflow/.local/lib/python3.12/site-packages/airflow/example_dags/tutorial_dag.py for tasks to queue
[2024-05-24T07:37:01.639+0000] {logging_mixin.py:188} INFO - [2024-05-24T07:37:01.638+0000] {dagbag.py:545} INFO - Filling up the DagBag from /home/airflow/.local/lib/python3.12/site-packages/airflow/example_dags/tutorial_dag.py
[2024-05-24T07:37:01.641+0000] {processor.py:840} INFO - DAG(s) 'tutorial_dag' retrieved from /home/airflow/.local/lib/python3.12/site-packages/airflow/example_dags/tutorial_dag.py
[2024-05-24T07:37:01.649+0000] {logging_mixin.py:188} INFO - [2024-05-24T07:37:01.648+0000] {dag.py:3096} INFO - Sync 1 DAGs
[2024-05-24T07:37:01.654+0000] {logging_mixin.py:188} INFO - [2024-05-24T07:37:01.654+0000] {dag.py:3954} INFO - Setting next_dagrun for tutorial_dag to None, run_after=None
[2024-05-24T07:37:01.661+0000] {processor.py:183} INFO - Processing /home/airflow/.local/lib/python3.12/site-packages/airflow/example_dags/tutorial_dag.py took 0.026 seconds
[2024-05-24T07:37:32.059+0000] {processor.py:161} INFO - Started process (PID=14346) to work on /home/airflow/.local/lib/python3.12/site-packages/airflow/example_dags/tutorial_dag.py
[2024-05-24T07:37:32.059+0000] {processor.py:830} INFO - Processing file /home/airflow/.local/lib/python3.12/site-packages/airflow/example_dags/tutorial_dag.py for tasks to queue
[2024-05-24T07:37:32.060+0000] {logging_mixin.py:188} INFO - [2024-05-24T07:37:32.060+0000] {dagbag.py:545} INFO - Filling up the DagBag from /home/airflow/.local/lib/python3.12/site-packages/airflow/example_dags/tutorial_dag.py
[2024-05-24T07:37:32.063+0000] {processor.py:840} INFO - DAG(s) 'tutorial_dag' retrieved from /home/airflow/.local/lib/python3.12/site-packages/airflow/example_dags/tutorial_dag.py
[2024-05-24T07:37:32.070+0000] {logging_mixin.py:188} INFO - [2024-05-24T07:37:32.070+0000] {dag.py:3096} INFO - Sync 1 DAGs
[2024-05-24T07:37:32.075+0000] {logging_mixin.py:188} INFO - [2024-05-24T07:37:32.075+0000] {dag.py:3954} INFO - Setting next_dagrun for tutorial_dag to None, run_after=None
[2024-05-24T07:37:32.082+0000] {processor.py:183} INFO - Processing /home/airflow/.local/lib/python3.12/site-packages/airflow/example_dags/tutorial_dag.py took 0.026 seconds
[2024-05-24T07:38:02.502+0000] {processor.py:161} INFO - Started process (PID=14608) to work on /home/airflow/.local/lib/python3.12/site-packages/airflow/example_dags/tutorial_dag.py
[2024-05-24T07:38:02.503+0000] {processor.py:830} INFO - Processing file /home/airflow/.local/lib/python3.12/site-packages/airflow/example_dags/tutorial_dag.py for tasks to queue
[2024-05-24T07:38:02.504+0000] {logging_mixin.py:188} INFO - [2024-05-24T07:38:02.504+0000] {dagbag.py:545} INFO - Filling up the DagBag from /home/airflow/.local/lib/python3.12/site-packages/airflow/example_dags/tutorial_dag.py
[2024-05-24T07:38:02.506+0000] {processor.py:840} INFO - DAG(s) 'tutorial_dag' retrieved from /home/airflow/.local/lib/python3.12/site-packages/airflow/example_dags/tutorial_dag.py
[2024-05-24T07:38:02.514+0000] {logging_mixin.py:188} INFO - [2024-05-24T07:38:02.514+0000] {dag.py:3096} INFO - Sync 1 DAGs
[2024-05-24T07:38:02.523+0000] {logging_mixin.py:188} INFO - [2024-05-24T07:38:02.522+0000] {dag.py:3954} INFO - Setting next_dagrun for tutorial_dag to None, run_after=None
[2024-05-24T07:38:02.529+0000] {processor.py:183} INFO - Processing /home/airflow/.local/lib/python3.12/site-packages/airflow/example_dags/tutorial_dag.py took 0.030 seconds
[2024-05-24T07:38:32.908+0000] {processor.py:161} INFO - Started process (PID=14870) to work on /home/airflow/.local/lib/python3.12/site-packages/airflow/example_dags/tutorial_dag.py
[2024-05-24T07:38:32.908+0000] {processor.py:830} INFO - Processing file /home/airflow/.local/lib/python3.12/site-packages/airflow/example_dags/tutorial_dag.py for tasks to queue
[2024-05-24T07:38:32.909+0000] {logging_mixin.py:188} INFO - [2024-05-24T07:38:32.909+0000] {dagbag.py:545} INFO - Filling up the DagBag from /home/airflow/.local/lib/python3.12/site-packages/airflow/example_dags/tutorial_dag.py
[2024-05-24T07:38:32.911+0000] {processor.py:840} INFO - DAG(s) 'tutorial_dag' retrieved from /home/airflow/.local/lib/python3.12/site-packages/airflow/example_dags/tutorial_dag.py
[2024-05-24T07:38:32.919+0000] {logging_mixin.py:188} INFO - [2024-05-24T07:38:32.919+0000] {dag.py:3096} INFO - Sync 1 DAGs
[2024-05-24T07:38:32.924+0000] {logging_mixin.py:188} INFO - [2024-05-24T07:38:32.924+0000] {dag.py:3954} INFO - Setting next_dagrun for tutorial_dag to None, run_after=None
[2024-05-24T07:38:32.931+0000] {processor.py:183} INFO - Processing /home/airflow/.local/lib/python3.12/site-packages/airflow/example_dags/tutorial_dag.py took 0.026 seconds
[2024-05-24T07:39:03.188+0000] {processor.py:161} INFO - Started process (PID=15134) to work on /home/airflow/.local/lib/python3.12/site-packages/airflow/example_dags/tutorial_dag.py
[2024-05-24T07:39:03.188+0000] {processor.py:830} INFO - Processing file /home/airflow/.local/lib/python3.12/site-packages/airflow/example_dags/tutorial_dag.py for tasks to queue
[2024-05-24T07:39:03.189+0000] {logging_mixin.py:188} INFO - [2024-05-24T07:39:03.189+0000] {dagbag.py:545} INFO - Filling up the DagBag from /home/airflow/.local/lib/python3.12/site-packages/airflow/example_dags/tutorial_dag.py
[2024-05-24T07:39:03.192+0000] {processor.py:840} INFO - DAG(s) 'tutorial_dag' retrieved from /home/airflow/.local/lib/python3.12/site-packages/airflow/example_dags/tutorial_dag.py
[2024-05-24T07:39:03.200+0000] {logging_mixin.py:188} INFO - [2024-05-24T07:39:03.200+0000] {dag.py:3096} INFO - Sync 1 DAGs
[2024-05-24T07:39:03.205+0000] {logging_mixin.py:188} INFO - [2024-05-24T07:39:03.205+0000] {dag.py:3954} INFO - Setting next_dagrun for tutorial_dag to None, run_after=None
[2024-05-24T07:39:03.212+0000] {processor.py:183} INFO - Processing /home/airflow/.local/lib/python3.12/site-packages/airflow/example_dags/tutorial_dag.py took 0.027 seconds
[2024-05-24T07:39:33.592+0000] {processor.py:161} INFO - Started process (PID=15393) to work on /home/airflow/.local/lib/python3.12/site-packages/airflow/example_dags/tutorial_dag.py
[2024-05-24T07:39:33.592+0000] {processor.py:830} INFO - Processing file /home/airflow/.local/lib/python3.12/site-packages/airflow/example_dags/tutorial_dag.py for tasks to queue
[2024-05-24T07:39:33.593+0000] {logging_mixin.py:188} INFO - [2024-05-24T07:39:33.593+0000] {dagbag.py:545} INFO - Filling up the DagBag from /home/airflow/.local/lib/python3.12/site-packages/airflow/example_dags/tutorial_dag.py
[2024-05-24T07:39:33.596+0000] {processor.py:840} INFO - DAG(s) 'tutorial_dag' retrieved from /home/airflow/.local/lib/python3.12/site-packages/airflow/example_dags/tutorial_dag.py
[2024-05-24T07:39:33.604+0000] {logging_mixin.py:188} INFO - [2024-05-24T07:39:33.603+0000] {dag.py:3096} INFO - Sync 1 DAGs
[2024-05-24T07:39:33.609+0000] {logging_mixin.py:188} INFO - [2024-05-24T07:39:33.609+0000] {dag.py:3954} INFO - Setting next_dagrun for tutorial_dag to None, run_after=None
[2024-05-24T07:39:33.616+0000] {processor.py:183} INFO - Processing /home/airflow/.local/lib/python3.12/site-packages/airflow/example_dags/tutorial_dag.py took 0.026 seconds
[2024-05-24T07:40:04.059+0000] {processor.py:161} INFO - Started process (PID=15655) to work on /home/airflow/.local/lib/python3.12/site-packages/airflow/example_dags/tutorial_dag.py
[2024-05-24T07:40:04.060+0000] {processor.py:830} INFO - Processing file /home/airflow/.local/lib/python3.12/site-packages/airflow/example_dags/tutorial_dag.py for tasks to queue
[2024-05-24T07:40:04.060+0000] {logging_mixin.py:188} INFO - [2024-05-24T07:40:04.060+0000] {dagbag.py:545} INFO - Filling up the DagBag from /home/airflow/.local/lib/python3.12/site-packages/airflow/example_dags/tutorial_dag.py
[2024-05-24T07:40:04.063+0000] {processor.py:840} INFO - DAG(s) 'tutorial_dag' retrieved from /home/airflow/.local/lib/python3.12/site-packages/airflow/example_dags/tutorial_dag.py
[2024-05-24T07:40:04.071+0000] {logging_mixin.py:188} INFO - [2024-05-24T07:40:04.071+0000] {dag.py:3096} INFO - Sync 1 DAGs
[2024-05-24T07:40:04.076+0000] {logging_mixin.py:188} INFO - [2024-05-24T07:40:04.076+0000] {dag.py:3954} INFO - Setting next_dagrun for tutorial_dag to None, run_after=None
[2024-05-24T07:40:04.083+0000] {processor.py:183} INFO - Processing /home/airflow/.local/lib/python3.12/site-packages/airflow/example_dags/tutorial_dag.py took 0.027 seconds
[2024-05-24T07:40:34.473+0000] {processor.py:161} INFO - Started process (PID=15917) to work on /home/airflow/.local/lib/python3.12/site-packages/airflow/example_dags/tutorial_dag.py
[2024-05-24T07:40:34.473+0000] {processor.py:830} INFO - Processing file /home/airflow/.local/lib/python3.12/site-packages/airflow/example_dags/tutorial_dag.py for tasks to queue
[2024-05-24T07:40:34.474+0000] {logging_mixin.py:188} INFO - [2024-05-24T07:40:34.474+0000] {dagbag.py:545} INFO - Filling up the DagBag from /home/airflow/.local/lib/python3.12/site-packages/airflow/example_dags/tutorial_dag.py
[2024-05-24T07:40:34.476+0000] {processor.py:840} INFO - DAG(s) 'tutorial_dag' retrieved from /home/airflow/.local/lib/python3.12/site-packages/airflow/example_dags/tutorial_dag.py
[2024-05-24T07:40:34.484+0000] {logging_mixin.py:188} INFO - [2024-05-24T07:40:34.484+0000] {dag.py:3096} INFO - Sync 1 DAGs
[2024-05-24T07:40:34.489+0000] {logging_mixin.py:188} INFO - [2024-05-24T07:40:34.489+0000] {dag.py:3954} INFO - Setting next_dagrun for tutorial_dag to None, run_after=None
[2024-05-24T07:40:34.495+0000] {processor.py:183} INFO - Processing /home/airflow/.local/lib/python3.12/site-packages/airflow/example_dags/tutorial_dag.py took 0.025 seconds
[2024-05-24T07:41:04.880+0000] {processor.py:161} INFO - Started process (PID=16179) to work on /home/airflow/.local/lib/python3.12/site-packages/airflow/example_dags/tutorial_dag.py
[2024-05-24T07:41:04.881+0000] {processor.py:830} INFO - Processing file /home/airflow/.local/lib/python3.12/site-packages/airflow/example_dags/tutorial_dag.py for tasks to queue
[2024-05-24T07:41:04.882+0000] {logging_mixin.py:188} INFO - [2024-05-24T07:41:04.882+0000] {dagbag.py:545} INFO - Filling up the DagBag from /home/airflow/.local/lib/python3.12/site-packages/airflow/example_dags/tutorial_dag.py
[2024-05-24T07:41:04.884+0000] {processor.py:840} INFO - DAG(s) 'tutorial_dag' retrieved from /home/airflow/.local/lib/python3.12/site-packages/airflow/example_dags/tutorial_dag.py
[2024-05-24T07:41:04.892+0000] {logging_mixin.py:188} INFO - [2024-05-24T07:41:04.892+0000] {dag.py:3096} INFO - Sync 1 DAGs
[2024-05-24T07:41:04.897+0000] {logging_mixin.py:188} INFO - [2024-05-24T07:41:04.897+0000] {dag.py:3954} INFO - Setting next_dagrun for tutorial_dag to None, run_after=None
[2024-05-24T07:41:04.904+0000] {processor.py:183} INFO - Processing /home/airflow/.local/lib/python3.12/site-packages/airflow/example_dags/tutorial_dag.py took 0.026 seconds
[2024-05-24T07:41:35.222+0000] {processor.py:161} INFO - Started process (PID=16442) to work on /home/airflow/.local/lib/python3.12/site-packages/airflow/example_dags/tutorial_dag.py
[2024-05-24T07:41:35.223+0000] {processor.py:830} INFO - Processing file /home/airflow/.local/lib/python3.12/site-packages/airflow/example_dags/tutorial_dag.py for tasks to queue
[2024-05-24T07:41:35.223+0000] {logging_mixin.py:188} INFO - [2024-05-24T07:41:35.223+0000] {dagbag.py:545} INFO - Filling up the DagBag from /home/airflow/.local/lib/python3.12/site-packages/airflow/example_dags/tutorial_dag.py
[2024-05-24T07:41:35.225+0000] {processor.py:840} INFO - DAG(s) 'tutorial_dag' retrieved from /home/airflow/.local/lib/python3.12/site-packages/airflow/example_dags/tutorial_dag.py
[2024-05-24T07:41:35.233+0000] {logging_mixin.py:188} INFO - [2024-05-24T07:41:35.233+0000] {dag.py:3096} INFO - Sync 1 DAGs
[2024-05-24T07:41:35.238+0000] {logging_mixin.py:188} INFO - [2024-05-24T07:41:35.238+0000] {dag.py:3954} INFO - Setting next_dagrun for tutorial_dag to None, run_after=None
[2024-05-24T07:41:35.245+0000] {processor.py:183} INFO - Processing /home/airflow/.local/lib/python3.12/site-packages/airflow/example_dags/tutorial_dag.py took 0.025 seconds
[2024-05-24T07:42:05.562+0000] {processor.py:161} INFO - Started process (PID=16703) to work on /home/airflow/.local/lib/python3.12/site-packages/airflow/example_dags/tutorial_dag.py
[2024-05-24T07:42:05.564+0000] {processor.py:830} INFO - Processing file /home/airflow/.local/lib/python3.12/site-packages/airflow/example_dags/tutorial_dag.py for tasks to queue
[2024-05-24T07:42:05.565+0000] {logging_mixin.py:188} INFO - [2024-05-24T07:42:05.564+0000] {dagbag.py:545} INFO - Filling up the DagBag from /home/airflow/.local/lib/python3.12/site-packages/airflow/example_dags/tutorial_dag.py
[2024-05-24T07:42:05.567+0000] {processor.py:840} INFO - DAG(s) 'tutorial_dag' retrieved from /home/airflow/.local/lib/python3.12/site-packages/airflow/example_dags/tutorial_dag.py
[2024-05-24T07:42:05.575+0000] {logging_mixin.py:188} INFO - [2024-05-24T07:42:05.575+0000] {dag.py:3096} INFO - Sync 1 DAGs
[2024-05-24T07:42:05.580+0000] {logging_mixin.py:188} INFO - [2024-05-24T07:42:05.580+0000] {dag.py:3954} INFO - Setting next_dagrun for tutorial_dag to None, run_after=None
[2024-05-24T07:42:05.588+0000] {processor.py:183} INFO - Processing /home/airflow/.local/lib/python3.12/site-packages/airflow/example_dags/tutorial_dag.py took 0.029 seconds
[2024-05-24T07:42:35.948+0000] {processor.py:161} INFO - Started process (PID=16965) to work on /home/airflow/.local/lib/python3.12/site-packages/airflow/example_dags/tutorial_dag.py
[2024-05-24T07:42:35.948+0000] {processor.py:830} INFO - Processing file /home/airflow/.local/lib/python3.12/site-packages/airflow/example_dags/tutorial_dag.py for tasks to queue
[2024-05-24T07:42:35.949+0000] {logging_mixin.py:188} INFO - [2024-05-24T07:42:35.949+0000] {dagbag.py:545} INFO - Filling up the DagBag from /home/airflow/.local/lib/python3.12/site-packages/airflow/example_dags/tutorial_dag.py
[2024-05-24T07:42:35.952+0000] {processor.py:840} INFO - DAG(s) 'tutorial_dag' retrieved from /home/airflow/.local/lib/python3.12/site-packages/airflow/example_dags/tutorial_dag.py
[2024-05-24T07:42:35.959+0000] {logging_mixin.py:188} INFO - [2024-05-24T07:42:35.959+0000] {dag.py:3096} INFO - Sync 1 DAGs
[2024-05-24T07:42:35.964+0000] {logging_mixin.py:188} INFO - [2024-05-24T07:42:35.964+0000] {dag.py:3954} INFO - Setting next_dagrun for tutorial_dag to None, run_after=None
[2024-05-24T07:42:35.970+0000] {processor.py:183} INFO - Processing /home/airflow/.local/lib/python3.12/site-packages/airflow/example_dags/tutorial_dag.py took 0.025 seconds
[2024-05-24T07:43:06.394+0000] {processor.py:161} INFO - Started process (PID=17227) to work on /home/airflow/.local/lib/python3.12/site-packages/airflow/example_dags/tutorial_dag.py
[2024-05-24T07:43:06.396+0000] {processor.py:830} INFO - Processing file /home/airflow/.local/lib/python3.12/site-packages/airflow/example_dags/tutorial_dag.py for tasks to queue
[2024-05-24T07:43:06.397+0000] {logging_mixin.py:188} INFO - [2024-05-24T07:43:06.397+0000] {dagbag.py:545} INFO - Filling up the DagBag from /home/airflow/.local/lib/python3.12/site-packages/airflow/example_dags/tutorial_dag.py
[2024-05-24T07:43:06.399+0000] {processor.py:840} INFO - DAG(s) 'tutorial_dag' retrieved from /home/airflow/.local/lib/python3.12/site-packages/airflow/example_dags/tutorial_dag.py
[2024-05-24T07:43:06.407+0000] {logging_mixin.py:188} INFO - [2024-05-24T07:43:06.407+0000] {dag.py:3096} INFO - Sync 1 DAGs
[2024-05-24T07:43:06.412+0000] {logging_mixin.py:188} INFO - [2024-05-24T07:43:06.412+0000] {dag.py:3954} INFO - Setting next_dagrun for tutorial_dag to None, run_after=None
[2024-05-24T07:43:06.419+0000] {processor.py:183} INFO - Processing /home/airflow/.local/lib/python3.12/site-packages/airflow/example_dags/tutorial_dag.py took 0.028 seconds
[2024-05-24T07:43:36.726+0000] {processor.py:161} INFO - Started process (PID=17489) to work on /home/airflow/.local/lib/python3.12/site-packages/airflow/example_dags/tutorial_dag.py
[2024-05-24T07:43:36.727+0000] {processor.py:830} INFO - Processing file /home/airflow/.local/lib/python3.12/site-packages/airflow/example_dags/tutorial_dag.py for tasks to queue
[2024-05-24T07:43:36.728+0000] {logging_mixin.py:188} INFO - [2024-05-24T07:43:36.728+0000] {dagbag.py:545} INFO - Filling up the DagBag from /home/airflow/.local/lib/python3.12/site-packages/airflow/example_dags/tutorial_dag.py
[2024-05-24T07:43:36.730+0000] {processor.py:840} INFO - DAG(s) 'tutorial_dag' retrieved from /home/airflow/.local/lib/python3.12/site-packages/airflow/example_dags/tutorial_dag.py
[2024-05-24T07:43:36.739+0000] {logging_mixin.py:188} INFO - [2024-05-24T07:43:36.739+0000] {dag.py:3096} INFO - Sync 1 DAGs
[2024-05-24T07:43:36.744+0000] {logging_mixin.py:188} INFO - [2024-05-24T07:43:36.744+0000] {dag.py:3954} INFO - Setting next_dagrun for tutorial_dag to None, run_after=None
[2024-05-24T07:43:36.753+0000] {processor.py:183} INFO - Processing /home/airflow/.local/lib/python3.12/site-packages/airflow/example_dags/tutorial_dag.py took 0.029 seconds
[2024-05-24T07:44:07.116+0000] {processor.py:161} INFO - Started process (PID=17751) to work on /home/airflow/.local/lib/python3.12/site-packages/airflow/example_dags/tutorial_dag.py
[2024-05-24T07:44:07.116+0000] {processor.py:830} INFO - Processing file /home/airflow/.local/lib/python3.12/site-packages/airflow/example_dags/tutorial_dag.py for tasks to queue
[2024-05-24T07:44:07.117+0000] {logging_mixin.py:188} INFO - [2024-05-24T07:44:07.117+0000] {dagbag.py:545} INFO - Filling up the DagBag from /home/airflow/.local/lib/python3.12/site-packages/airflow/example_dags/tutorial_dag.py
[2024-05-24T07:44:07.120+0000] {processor.py:840} INFO - DAG(s) 'tutorial_dag' retrieved from /home/airflow/.local/lib/python3.12/site-packages/airflow/example_dags/tutorial_dag.py
[2024-05-24T07:44:07.128+0000] {logging_mixin.py:188} INFO - [2024-05-24T07:44:07.128+0000] {dag.py:3096} INFO - Sync 1 DAGs
[2024-05-24T07:44:07.133+0000] {logging_mixin.py:188} INFO - [2024-05-24T07:44:07.133+0000] {dag.py:3954} INFO - Setting next_dagrun for tutorial_dag to None, run_after=None
[2024-05-24T07:44:07.140+0000] {processor.py:183} INFO - Processing /home/airflow/.local/lib/python3.12/site-packages/airflow/example_dags/tutorial_dag.py took 0.027 seconds
[2024-05-24T07:44:37.417+0000] {processor.py:161} INFO - Started process (PID=18013) to work on /home/airflow/.local/lib/python3.12/site-packages/airflow/example_dags/tutorial_dag.py
[2024-05-24T07:44:37.417+0000] {processor.py:830} INFO - Processing file /home/airflow/.local/lib/python3.12/site-packages/airflow/example_dags/tutorial_dag.py for tasks to queue
[2024-05-24T07:44:37.418+0000] {logging_mixin.py:188} INFO - [2024-05-24T07:44:37.418+0000] {dagbag.py:545} INFO - Filling up the DagBag from /home/airflow/.local/lib/python3.12/site-packages/airflow/example_dags/tutorial_dag.py
[2024-05-24T07:44:37.420+0000] {processor.py:840} INFO - DAG(s) 'tutorial_dag' retrieved from /home/airflow/.local/lib/python3.12/site-packages/airflow/example_dags/tutorial_dag.py
[2024-05-24T07:44:37.428+0000] {logging_mixin.py:188} INFO - [2024-05-24T07:44:37.428+0000] {dag.py:3096} INFO - Sync 1 DAGs
[2024-05-24T07:44:37.434+0000] {logging_mixin.py:188} INFO - [2024-05-24T07:44:37.434+0000] {dag.py:3954} INFO - Setting next_dagrun for tutorial_dag to None, run_after=None
[2024-05-24T07:44:37.442+0000] {processor.py:183} INFO - Processing /home/airflow/.local/lib/python3.12/site-packages/airflow/example_dags/tutorial_dag.py took 0.028 seconds
