[2024-05-24T05:45:20.717+0000] {processor.py:161} INFO - Started process (PID=328) to work on /home/airflow/.local/lib/python3.12/site-packages/airflow/example_dags/tutorial_taskflow_api.py
[2024-05-24T05:45:20.718+0000] {processor.py:830} INFO - Processing file /home/airflow/.local/lib/python3.12/site-packages/airflow/example_dags/tutorial_taskflow_api.py for tasks to queue
[2024-05-24T05:45:20.718+0000] {logging_mixin.py:188} INFO - [2024-05-24T05:45:20.718+0000] {dagbag.py:545} INFO - Filling up the DagBag from /home/airflow/.local/lib/python3.12/site-packages/airflow/example_dags/tutorial_taskflow_api.py
[2024-05-24T05:45:20.723+0000] {processor.py:840} INFO - DAG(s) 'tutorial_taskflow_api' retrieved from /home/airflow/.local/lib/python3.12/site-packages/airflow/example_dags/tutorial_taskflow_api.py
[2024-05-24T05:45:20.728+0000] {logging_mixin.py:188} INFO - [2024-05-24T05:45:20.728+0000] {dag.py:3096} INFO - Sync 1 DAGs
[2024-05-24T05:45:20.733+0000] {logging_mixin.py:188} INFO - [2024-05-24T05:45:20.733+0000] {dag.py:3954} INFO - Setting next_dagrun for tutorial_taskflow_api to None, run_after=None
[2024-05-24T05:45:20.740+0000] {processor.py:183} INFO - Processing /home/airflow/.local/lib/python3.12/site-packages/airflow/example_dags/tutorial_taskflow_api.py took 0.025 seconds
[2024-05-24T05:45:51.187+0000] {processor.py:161} INFO - Started process (PID=588) to work on /home/airflow/.local/lib/python3.12/site-packages/airflow/example_dags/tutorial_taskflow_api.py
[2024-05-24T05:45:51.188+0000] {processor.py:830} INFO - Processing file /home/airflow/.local/lib/python3.12/site-packages/airflow/example_dags/tutorial_taskflow_api.py for tasks to queue
[2024-05-24T05:45:51.189+0000] {logging_mixin.py:188} INFO - [2024-05-24T05:45:51.188+0000] {dagbag.py:545} INFO - Filling up the DagBag from /home/airflow/.local/lib/python3.12/site-packages/airflow/example_dags/tutorial_taskflow_api.py
[2024-05-24T05:45:51.191+0000] {processor.py:840} INFO - DAG(s) 'tutorial_taskflow_api' retrieved from /home/airflow/.local/lib/python3.12/site-packages/airflow/example_dags/tutorial_taskflow_api.py
[2024-05-24T05:45:51.227+0000] {logging_mixin.py:188} INFO - [2024-05-24T05:45:51.227+0000] {dag.py:3096} INFO - Sync 1 DAGs
[2024-05-24T05:45:51.231+0000] {logging_mixin.py:188} INFO - [2024-05-24T05:45:51.231+0000] {dag.py:3954} INFO - Setting next_dagrun for tutorial_taskflow_api to None, run_after=None
[2024-05-24T05:45:51.237+0000] {processor.py:183} INFO - Processing /home/airflow/.local/lib/python3.12/site-packages/airflow/example_dags/tutorial_taskflow_api.py took 0.052 seconds
[2024-05-24T05:46:21.895+0000] {processor.py:161} INFO - Started process (PID=850) to work on /home/airflow/.local/lib/python3.12/site-packages/airflow/example_dags/tutorial_taskflow_api.py
[2024-05-24T05:46:21.896+0000] {processor.py:830} INFO - Processing file /home/airflow/.local/lib/python3.12/site-packages/airflow/example_dags/tutorial_taskflow_api.py for tasks to queue
[2024-05-24T05:46:21.896+0000] {logging_mixin.py:188} INFO - [2024-05-24T05:46:21.896+0000] {dagbag.py:545} INFO - Filling up the DagBag from /home/airflow/.local/lib/python3.12/site-packages/airflow/example_dags/tutorial_taskflow_api.py
[2024-05-24T05:46:21.899+0000] {processor.py:840} INFO - DAG(s) 'tutorial_taskflow_api' retrieved from /home/airflow/.local/lib/python3.12/site-packages/airflow/example_dags/tutorial_taskflow_api.py
[2024-05-24T05:46:21.907+0000] {logging_mixin.py:188} INFO - [2024-05-24T05:46:21.906+0000] {dag.py:3096} INFO - Sync 1 DAGs
[2024-05-24T05:46:21.911+0000] {logging_mixin.py:188} INFO - [2024-05-24T05:46:21.911+0000] {dag.py:3954} INFO - Setting next_dagrun for tutorial_taskflow_api to None, run_after=None
[2024-05-24T05:46:21.918+0000] {processor.py:183} INFO - Processing /home/airflow/.local/lib/python3.12/site-packages/airflow/example_dags/tutorial_taskflow_api.py took 0.025 seconds
[2024-05-24T05:46:52.208+0000] {processor.py:161} INFO - Started process (PID=1112) to work on /home/airflow/.local/lib/python3.12/site-packages/airflow/example_dags/tutorial_taskflow_api.py
[2024-05-24T05:46:52.208+0000] {processor.py:830} INFO - Processing file /home/airflow/.local/lib/python3.12/site-packages/airflow/example_dags/tutorial_taskflow_api.py for tasks to queue
[2024-05-24T05:46:52.209+0000] {logging_mixin.py:188} INFO - [2024-05-24T05:46:52.209+0000] {dagbag.py:545} INFO - Filling up the DagBag from /home/airflow/.local/lib/python3.12/site-packages/airflow/example_dags/tutorial_taskflow_api.py
[2024-05-24T05:46:52.211+0000] {processor.py:840} INFO - DAG(s) 'tutorial_taskflow_api' retrieved from /home/airflow/.local/lib/python3.12/site-packages/airflow/example_dags/tutorial_taskflow_api.py
[2024-05-24T05:46:52.219+0000] {logging_mixin.py:188} INFO - [2024-05-24T05:46:52.219+0000] {dag.py:3096} INFO - Sync 1 DAGs
[2024-05-24T05:46:52.223+0000] {logging_mixin.py:188} INFO - [2024-05-24T05:46:52.223+0000] {dag.py:3954} INFO - Setting next_dagrun for tutorial_taskflow_api to None, run_after=None
[2024-05-24T05:46:52.230+0000] {processor.py:183} INFO - Processing /home/airflow/.local/lib/python3.12/site-packages/airflow/example_dags/tutorial_taskflow_api.py took 0.024 seconds
[2024-05-24T05:47:22.536+0000] {processor.py:161} INFO - Started process (PID=1374) to work on /home/airflow/.local/lib/python3.12/site-packages/airflow/example_dags/tutorial_taskflow_api.py
[2024-05-24T05:47:22.536+0000] {processor.py:830} INFO - Processing file /home/airflow/.local/lib/python3.12/site-packages/airflow/example_dags/tutorial_taskflow_api.py for tasks to queue
[2024-05-24T05:47:22.537+0000] {logging_mixin.py:188} INFO - [2024-05-24T05:47:22.537+0000] {dagbag.py:545} INFO - Filling up the DagBag from /home/airflow/.local/lib/python3.12/site-packages/airflow/example_dags/tutorial_taskflow_api.py
[2024-05-24T05:47:22.540+0000] {processor.py:840} INFO - DAG(s) 'tutorial_taskflow_api' retrieved from /home/airflow/.local/lib/python3.12/site-packages/airflow/example_dags/tutorial_taskflow_api.py
[2024-05-24T05:47:22.548+0000] {logging_mixin.py:188} INFO - [2024-05-24T05:47:22.547+0000] {dag.py:3096} INFO - Sync 1 DAGs
[2024-05-24T05:47:22.552+0000] {logging_mixin.py:188} INFO - [2024-05-24T05:47:22.552+0000] {dag.py:3954} INFO - Setting next_dagrun for tutorial_taskflow_api to None, run_after=None
[2024-05-24T05:47:22.559+0000] {processor.py:183} INFO - Processing /home/airflow/.local/lib/python3.12/site-packages/airflow/example_dags/tutorial_taskflow_api.py took 0.026 seconds
[2024-05-24T05:47:52.916+0000] {processor.py:161} INFO - Started process (PID=1636) to work on /home/airflow/.local/lib/python3.12/site-packages/airflow/example_dags/tutorial_taskflow_api.py
[2024-05-24T05:47:52.916+0000] {processor.py:830} INFO - Processing file /home/airflow/.local/lib/python3.12/site-packages/airflow/example_dags/tutorial_taskflow_api.py for tasks to queue
[2024-05-24T05:47:52.917+0000] {logging_mixin.py:188} INFO - [2024-05-24T05:47:52.917+0000] {dagbag.py:545} INFO - Filling up the DagBag from /home/airflow/.local/lib/python3.12/site-packages/airflow/example_dags/tutorial_taskflow_api.py
[2024-05-24T05:47:52.919+0000] {processor.py:840} INFO - DAG(s) 'tutorial_taskflow_api' retrieved from /home/airflow/.local/lib/python3.12/site-packages/airflow/example_dags/tutorial_taskflow_api.py
[2024-05-24T05:47:52.927+0000] {logging_mixin.py:188} INFO - [2024-05-24T05:47:52.927+0000] {dag.py:3096} INFO - Sync 1 DAGs
[2024-05-24T05:47:52.931+0000] {logging_mixin.py:188} INFO - [2024-05-24T05:47:52.931+0000] {dag.py:3954} INFO - Setting next_dagrun for tutorial_taskflow_api to None, run_after=None
[2024-05-24T05:47:52.938+0000] {processor.py:183} INFO - Processing /home/airflow/.local/lib/python3.12/site-packages/airflow/example_dags/tutorial_taskflow_api.py took 0.024 seconds
[2024-05-24T05:48:23.269+0000] {processor.py:161} INFO - Started process (PID=1900) to work on /home/airflow/.local/lib/python3.12/site-packages/airflow/example_dags/tutorial_taskflow_api.py
[2024-05-24T05:48:23.270+0000] {processor.py:830} INFO - Processing file /home/airflow/.local/lib/python3.12/site-packages/airflow/example_dags/tutorial_taskflow_api.py for tasks to queue
[2024-05-24T05:48:23.271+0000] {logging_mixin.py:188} INFO - [2024-05-24T05:48:23.270+0000] {dagbag.py:545} INFO - Filling up the DagBag from /home/airflow/.local/lib/python3.12/site-packages/airflow/example_dags/tutorial_taskflow_api.py
[2024-05-24T05:48:23.273+0000] {processor.py:840} INFO - DAG(s) 'tutorial_taskflow_api' retrieved from /home/airflow/.local/lib/python3.12/site-packages/airflow/example_dags/tutorial_taskflow_api.py
[2024-05-24T05:48:23.280+0000] {logging_mixin.py:188} INFO - [2024-05-24T05:48:23.280+0000] {dag.py:3096} INFO - Sync 1 DAGs
[2024-05-24T05:48:23.284+0000] {logging_mixin.py:188} INFO - [2024-05-24T05:48:23.284+0000] {dag.py:3954} INFO - Setting next_dagrun for tutorial_taskflow_api to None, run_after=None
[2024-05-24T05:48:23.290+0000] {processor.py:183} INFO - Processing /home/airflow/.local/lib/python3.12/site-packages/airflow/example_dags/tutorial_taskflow_api.py took 0.023 seconds
[2024-05-24T05:48:53.561+0000] {processor.py:161} INFO - Started process (PID=2160) to work on /home/airflow/.local/lib/python3.12/site-packages/airflow/example_dags/tutorial_taskflow_api.py
[2024-05-24T05:48:53.561+0000] {processor.py:830} INFO - Processing file /home/airflow/.local/lib/python3.12/site-packages/airflow/example_dags/tutorial_taskflow_api.py for tasks to queue
[2024-05-24T05:48:53.562+0000] {logging_mixin.py:188} INFO - [2024-05-24T05:48:53.562+0000] {dagbag.py:545} INFO - Filling up the DagBag from /home/airflow/.local/lib/python3.12/site-packages/airflow/example_dags/tutorial_taskflow_api.py
[2024-05-24T05:48:53.565+0000] {processor.py:840} INFO - DAG(s) 'tutorial_taskflow_api' retrieved from /home/airflow/.local/lib/python3.12/site-packages/airflow/example_dags/tutorial_taskflow_api.py
[2024-05-24T05:48:53.572+0000] {logging_mixin.py:188} INFO - [2024-05-24T05:48:53.572+0000] {dag.py:3096} INFO - Sync 1 DAGs
[2024-05-24T05:48:53.577+0000] {logging_mixin.py:188} INFO - [2024-05-24T05:48:53.577+0000] {dag.py:3954} INFO - Setting next_dagrun for tutorial_taskflow_api to None, run_after=None
[2024-05-24T05:48:53.583+0000] {processor.py:183} INFO - Processing /home/airflow/.local/lib/python3.12/site-packages/airflow/example_dags/tutorial_taskflow_api.py took 0.025 seconds
[2024-05-24T05:49:23.891+0000] {processor.py:161} INFO - Started process (PID=2422) to work on /home/airflow/.local/lib/python3.12/site-packages/airflow/example_dags/tutorial_taskflow_api.py
[2024-05-24T05:49:23.891+0000] {processor.py:830} INFO - Processing file /home/airflow/.local/lib/python3.12/site-packages/airflow/example_dags/tutorial_taskflow_api.py for tasks to queue
[2024-05-24T05:49:23.892+0000] {logging_mixin.py:188} INFO - [2024-05-24T05:49:23.892+0000] {dagbag.py:545} INFO - Filling up the DagBag from /home/airflow/.local/lib/python3.12/site-packages/airflow/example_dags/tutorial_taskflow_api.py
[2024-05-24T05:49:23.895+0000] {processor.py:840} INFO - DAG(s) 'tutorial_taskflow_api' retrieved from /home/airflow/.local/lib/python3.12/site-packages/airflow/example_dags/tutorial_taskflow_api.py
[2024-05-24T05:49:23.902+0000] {logging_mixin.py:188} INFO - [2024-05-24T05:49:23.902+0000] {dag.py:3096} INFO - Sync 1 DAGs
[2024-05-24T05:49:23.907+0000] {logging_mixin.py:188} INFO - [2024-05-24T05:49:23.907+0000] {dag.py:3954} INFO - Setting next_dagrun for tutorial_taskflow_api to None, run_after=None
[2024-05-24T05:49:23.914+0000] {processor.py:183} INFO - Processing /home/airflow/.local/lib/python3.12/site-packages/airflow/example_dags/tutorial_taskflow_api.py took 0.025 seconds
[2024-05-24T05:49:54.174+0000] {processor.py:161} INFO - Started process (PID=2684) to work on /home/airflow/.local/lib/python3.12/site-packages/airflow/example_dags/tutorial_taskflow_api.py
[2024-05-24T05:49:54.175+0000] {processor.py:830} INFO - Processing file /home/airflow/.local/lib/python3.12/site-packages/airflow/example_dags/tutorial_taskflow_api.py for tasks to queue
[2024-05-24T05:49:54.175+0000] {logging_mixin.py:188} INFO - [2024-05-24T05:49:54.175+0000] {dagbag.py:545} INFO - Filling up the DagBag from /home/airflow/.local/lib/python3.12/site-packages/airflow/example_dags/tutorial_taskflow_api.py
[2024-05-24T05:49:54.178+0000] {processor.py:840} INFO - DAG(s) 'tutorial_taskflow_api' retrieved from /home/airflow/.local/lib/python3.12/site-packages/airflow/example_dags/tutorial_taskflow_api.py
[2024-05-24T05:49:54.186+0000] {logging_mixin.py:188} INFO - [2024-05-24T05:49:54.186+0000] {dag.py:3096} INFO - Sync 1 DAGs
[2024-05-24T05:49:54.191+0000] {logging_mixin.py:188} INFO - [2024-05-24T05:49:54.191+0000] {dag.py:3954} INFO - Setting next_dagrun for tutorial_taskflow_api to None, run_after=None
[2024-05-24T05:49:54.198+0000] {processor.py:183} INFO - Processing /home/airflow/.local/lib/python3.12/site-packages/airflow/example_dags/tutorial_taskflow_api.py took 0.026 seconds
[2024-05-24T05:50:24.600+0000] {processor.py:161} INFO - Started process (PID=2946) to work on /home/airflow/.local/lib/python3.12/site-packages/airflow/example_dags/tutorial_taskflow_api.py
[2024-05-24T05:50:24.600+0000] {processor.py:830} INFO - Processing file /home/airflow/.local/lib/python3.12/site-packages/airflow/example_dags/tutorial_taskflow_api.py for tasks to queue
[2024-05-24T05:50:24.601+0000] {logging_mixin.py:188} INFO - [2024-05-24T05:50:24.601+0000] {dagbag.py:545} INFO - Filling up the DagBag from /home/airflow/.local/lib/python3.12/site-packages/airflow/example_dags/tutorial_taskflow_api.py
[2024-05-24T05:50:24.603+0000] {processor.py:840} INFO - DAG(s) 'tutorial_taskflow_api' retrieved from /home/airflow/.local/lib/python3.12/site-packages/airflow/example_dags/tutorial_taskflow_api.py
[2024-05-24T05:50:24.612+0000] {logging_mixin.py:188} INFO - [2024-05-24T05:50:24.612+0000] {dag.py:3096} INFO - Sync 1 DAGs
[2024-05-24T05:50:24.617+0000] {logging_mixin.py:188} INFO - [2024-05-24T05:50:24.617+0000] {dag.py:3954} INFO - Setting next_dagrun for tutorial_taskflow_api to None, run_after=None
[2024-05-24T05:50:24.623+0000] {processor.py:183} INFO - Processing /home/airflow/.local/lib/python3.12/site-packages/airflow/example_dags/tutorial_taskflow_api.py took 0.026 seconds
[2024-05-24T05:50:54.901+0000] {processor.py:161} INFO - Started process (PID=3208) to work on /home/airflow/.local/lib/python3.12/site-packages/airflow/example_dags/tutorial_taskflow_api.py
[2024-05-24T05:50:54.902+0000] {processor.py:830} INFO - Processing file /home/airflow/.local/lib/python3.12/site-packages/airflow/example_dags/tutorial_taskflow_api.py for tasks to queue
[2024-05-24T05:50:54.903+0000] {logging_mixin.py:188} INFO - [2024-05-24T05:50:54.902+0000] {dagbag.py:545} INFO - Filling up the DagBag from /home/airflow/.local/lib/python3.12/site-packages/airflow/example_dags/tutorial_taskflow_api.py
[2024-05-24T05:50:54.907+0000] {processor.py:840} INFO - DAG(s) 'tutorial_taskflow_api' retrieved from /home/airflow/.local/lib/python3.12/site-packages/airflow/example_dags/tutorial_taskflow_api.py
[2024-05-24T05:50:54.917+0000] {logging_mixin.py:188} INFO - [2024-05-24T05:50:54.917+0000] {dag.py:3096} INFO - Sync 1 DAGs
[2024-05-24T05:50:54.923+0000] {logging_mixin.py:188} INFO - [2024-05-24T05:50:54.922+0000] {dag.py:3954} INFO - Setting next_dagrun for tutorial_taskflow_api to None, run_after=None
[2024-05-24T05:50:54.930+0000] {processor.py:183} INFO - Processing /home/airflow/.local/lib/python3.12/site-packages/airflow/example_dags/tutorial_taskflow_api.py took 0.031 seconds
[2024-05-24T05:51:25.244+0000] {processor.py:161} INFO - Started process (PID=3470) to work on /home/airflow/.local/lib/python3.12/site-packages/airflow/example_dags/tutorial_taskflow_api.py
[2024-05-24T05:51:25.245+0000] {processor.py:830} INFO - Processing file /home/airflow/.local/lib/python3.12/site-packages/airflow/example_dags/tutorial_taskflow_api.py for tasks to queue
[2024-05-24T05:51:25.245+0000] {logging_mixin.py:188} INFO - [2024-05-24T05:51:25.245+0000] {dagbag.py:545} INFO - Filling up the DagBag from /home/airflow/.local/lib/python3.12/site-packages/airflow/example_dags/tutorial_taskflow_api.py
[2024-05-24T05:51:25.248+0000] {processor.py:840} INFO - DAG(s) 'tutorial_taskflow_api' retrieved from /home/airflow/.local/lib/python3.12/site-packages/airflow/example_dags/tutorial_taskflow_api.py
[2024-05-24T05:51:25.256+0000] {logging_mixin.py:188} INFO - [2024-05-24T05:51:25.256+0000] {dag.py:3096} INFO - Sync 1 DAGs
[2024-05-24T05:51:25.260+0000] {logging_mixin.py:188} INFO - [2024-05-24T05:51:25.260+0000] {dag.py:3954} INFO - Setting next_dagrun for tutorial_taskflow_api to None, run_after=None
[2024-05-24T05:51:25.269+0000] {processor.py:183} INFO - Processing /home/airflow/.local/lib/python3.12/site-packages/airflow/example_dags/tutorial_taskflow_api.py took 0.027 seconds
[2024-05-24T05:51:55.552+0000] {processor.py:161} INFO - Started process (PID=3734) to work on /home/airflow/.local/lib/python3.12/site-packages/airflow/example_dags/tutorial_taskflow_api.py
[2024-05-24T05:51:55.553+0000] {processor.py:830} INFO - Processing file /home/airflow/.local/lib/python3.12/site-packages/airflow/example_dags/tutorial_taskflow_api.py for tasks to queue
[2024-05-24T05:51:55.553+0000] {logging_mixin.py:188} INFO - [2024-05-24T05:51:55.553+0000] {dagbag.py:545} INFO - Filling up the DagBag from /home/airflow/.local/lib/python3.12/site-packages/airflow/example_dags/tutorial_taskflow_api.py
[2024-05-24T05:51:55.556+0000] {processor.py:840} INFO - DAG(s) 'tutorial_taskflow_api' retrieved from /home/airflow/.local/lib/python3.12/site-packages/airflow/example_dags/tutorial_taskflow_api.py
[2024-05-24T05:51:55.563+0000] {logging_mixin.py:188} INFO - [2024-05-24T05:51:55.563+0000] {dag.py:3096} INFO - Sync 1 DAGs
[2024-05-24T05:51:55.568+0000] {logging_mixin.py:188} INFO - [2024-05-24T05:51:55.568+0000] {dag.py:3954} INFO - Setting next_dagrun for tutorial_taskflow_api to None, run_after=None
[2024-05-24T05:51:55.574+0000] {processor.py:183} INFO - Processing /home/airflow/.local/lib/python3.12/site-packages/airflow/example_dags/tutorial_taskflow_api.py took 0.024 seconds
[2024-05-24T05:52:25.844+0000] {processor.py:161} INFO - Started process (PID=3994) to work on /home/airflow/.local/lib/python3.12/site-packages/airflow/example_dags/tutorial_taskflow_api.py
[2024-05-24T05:52:25.845+0000] {processor.py:830} INFO - Processing file /home/airflow/.local/lib/python3.12/site-packages/airflow/example_dags/tutorial_taskflow_api.py for tasks to queue
[2024-05-24T05:52:25.845+0000] {logging_mixin.py:188} INFO - [2024-05-24T05:52:25.845+0000] {dagbag.py:545} INFO - Filling up the DagBag from /home/airflow/.local/lib/python3.12/site-packages/airflow/example_dags/tutorial_taskflow_api.py
[2024-05-24T05:52:25.848+0000] {processor.py:840} INFO - DAG(s) 'tutorial_taskflow_api' retrieved from /home/airflow/.local/lib/python3.12/site-packages/airflow/example_dags/tutorial_taskflow_api.py
[2024-05-24T05:52:25.856+0000] {logging_mixin.py:188} INFO - [2024-05-24T05:52:25.855+0000] {dag.py:3096} INFO - Sync 1 DAGs
[2024-05-24T05:52:25.860+0000] {logging_mixin.py:188} INFO - [2024-05-24T05:52:25.860+0000] {dag.py:3954} INFO - Setting next_dagrun for tutorial_taskflow_api to None, run_after=None
[2024-05-24T05:52:25.867+0000] {processor.py:183} INFO - Processing /home/airflow/.local/lib/python3.12/site-packages/airflow/example_dags/tutorial_taskflow_api.py took 0.025 seconds
[2024-05-24T05:52:56.153+0000] {processor.py:161} INFO - Started process (PID=4258) to work on /home/airflow/.local/lib/python3.12/site-packages/airflow/example_dags/tutorial_taskflow_api.py
[2024-05-24T05:52:56.154+0000] {processor.py:830} INFO - Processing file /home/airflow/.local/lib/python3.12/site-packages/airflow/example_dags/tutorial_taskflow_api.py for tasks to queue
[2024-05-24T05:52:56.154+0000] {logging_mixin.py:188} INFO - [2024-05-24T05:52:56.154+0000] {dagbag.py:545} INFO - Filling up the DagBag from /home/airflow/.local/lib/python3.12/site-packages/airflow/example_dags/tutorial_taskflow_api.py
[2024-05-24T05:52:56.157+0000] {processor.py:840} INFO - DAG(s) 'tutorial_taskflow_api' retrieved from /home/airflow/.local/lib/python3.12/site-packages/airflow/example_dags/tutorial_taskflow_api.py
[2024-05-24T05:52:56.164+0000] {logging_mixin.py:188} INFO - [2024-05-24T05:52:56.164+0000] {dag.py:3096} INFO - Sync 1 DAGs
[2024-05-24T05:52:56.168+0000] {logging_mixin.py:188} INFO - [2024-05-24T05:52:56.168+0000] {dag.py:3954} INFO - Setting next_dagrun for tutorial_taskflow_api to None, run_after=None
[2024-05-24T05:52:56.174+0000] {processor.py:183} INFO - Processing /home/airflow/.local/lib/python3.12/site-packages/airflow/example_dags/tutorial_taskflow_api.py took 0.023 seconds
[2024-05-24T05:53:26.601+0000] {processor.py:161} INFO - Started process (PID=4520) to work on /home/airflow/.local/lib/python3.12/site-packages/airflow/example_dags/tutorial_taskflow_api.py
[2024-05-24T05:53:26.601+0000] {processor.py:830} INFO - Processing file /home/airflow/.local/lib/python3.12/site-packages/airflow/example_dags/tutorial_taskflow_api.py for tasks to queue
[2024-05-24T05:53:26.602+0000] {logging_mixin.py:188} INFO - [2024-05-24T05:53:26.602+0000] {dagbag.py:545} INFO - Filling up the DagBag from /home/airflow/.local/lib/python3.12/site-packages/airflow/example_dags/tutorial_taskflow_api.py
[2024-05-24T05:53:26.604+0000] {processor.py:840} INFO - DAG(s) 'tutorial_taskflow_api' retrieved from /home/airflow/.local/lib/python3.12/site-packages/airflow/example_dags/tutorial_taskflow_api.py
[2024-05-24T05:53:26.612+0000] {logging_mixin.py:188} INFO - [2024-05-24T05:53:26.612+0000] {dag.py:3096} INFO - Sync 1 DAGs
[2024-05-24T05:53:26.617+0000] {logging_mixin.py:188} INFO - [2024-05-24T05:53:26.616+0000] {dag.py:3954} INFO - Setting next_dagrun for tutorial_taskflow_api to None, run_after=None
[2024-05-24T05:53:26.622+0000] {processor.py:183} INFO - Processing /home/airflow/.local/lib/python3.12/site-packages/airflow/example_dags/tutorial_taskflow_api.py took 0.024 seconds
[2024-05-24T05:53:56.998+0000] {processor.py:161} INFO - Started process (PID=4805) to work on /home/airflow/.local/lib/python3.12/site-packages/airflow/example_dags/tutorial_taskflow_api.py
[2024-05-24T05:53:56.998+0000] {processor.py:830} INFO - Processing file /home/airflow/.local/lib/python3.12/site-packages/airflow/example_dags/tutorial_taskflow_api.py for tasks to queue
[2024-05-24T05:53:56.999+0000] {logging_mixin.py:188} INFO - [2024-05-24T05:53:56.999+0000] {dagbag.py:545} INFO - Filling up the DagBag from /home/airflow/.local/lib/python3.12/site-packages/airflow/example_dags/tutorial_taskflow_api.py
[2024-05-24T05:53:57.001+0000] {processor.py:840} INFO - DAG(s) 'tutorial_taskflow_api' retrieved from /home/airflow/.local/lib/python3.12/site-packages/airflow/example_dags/tutorial_taskflow_api.py
[2024-05-24T05:53:57.009+0000] {logging_mixin.py:188} INFO - [2024-05-24T05:53:57.009+0000] {dag.py:3096} INFO - Sync 1 DAGs
[2024-05-24T05:53:57.014+0000] {logging_mixin.py:188} INFO - [2024-05-24T05:53:57.014+0000] {dag.py:3954} INFO - Setting next_dagrun for tutorial_taskflow_api to None, run_after=None
[2024-05-24T05:53:57.020+0000] {processor.py:183} INFO - Processing /home/airflow/.local/lib/python3.12/site-packages/airflow/example_dags/tutorial_taskflow_api.py took 0.025 seconds
[2024-05-24T05:54:27.332+0000] {processor.py:161} INFO - Started process (PID=5067) to work on /home/airflow/.local/lib/python3.12/site-packages/airflow/example_dags/tutorial_taskflow_api.py
[2024-05-24T05:54:27.332+0000] {processor.py:830} INFO - Processing file /home/airflow/.local/lib/python3.12/site-packages/airflow/example_dags/tutorial_taskflow_api.py for tasks to queue
[2024-05-24T05:54:27.333+0000] {logging_mixin.py:188} INFO - [2024-05-24T05:54:27.333+0000] {dagbag.py:545} INFO - Filling up the DagBag from /home/airflow/.local/lib/python3.12/site-packages/airflow/example_dags/tutorial_taskflow_api.py
[2024-05-24T05:54:27.336+0000] {processor.py:840} INFO - DAG(s) 'tutorial_taskflow_api' retrieved from /home/airflow/.local/lib/python3.12/site-packages/airflow/example_dags/tutorial_taskflow_api.py
[2024-05-24T05:54:27.344+0000] {logging_mixin.py:188} INFO - [2024-05-24T05:54:27.343+0000] {dag.py:3096} INFO - Sync 1 DAGs
[2024-05-24T05:54:27.349+0000] {logging_mixin.py:188} INFO - [2024-05-24T05:54:27.349+0000] {dag.py:3954} INFO - Setting next_dagrun for tutorial_taskflow_api to None, run_after=None
[2024-05-24T05:54:27.355+0000] {processor.py:183} INFO - Processing /home/airflow/.local/lib/python3.12/site-packages/airflow/example_dags/tutorial_taskflow_api.py took 0.025 seconds
[2024-05-24T05:54:57.635+0000] {processor.py:161} INFO - Started process (PID=5329) to work on /home/airflow/.local/lib/python3.12/site-packages/airflow/example_dags/tutorial_taskflow_api.py
[2024-05-24T05:54:57.636+0000] {processor.py:830} INFO - Processing file /home/airflow/.local/lib/python3.12/site-packages/airflow/example_dags/tutorial_taskflow_api.py for tasks to queue
[2024-05-24T05:54:57.636+0000] {logging_mixin.py:188} INFO - [2024-05-24T05:54:57.636+0000] {dagbag.py:545} INFO - Filling up the DagBag from /home/airflow/.local/lib/python3.12/site-packages/airflow/example_dags/tutorial_taskflow_api.py
[2024-05-24T05:54:57.639+0000] {processor.py:840} INFO - DAG(s) 'tutorial_taskflow_api' retrieved from /home/airflow/.local/lib/python3.12/site-packages/airflow/example_dags/tutorial_taskflow_api.py
[2024-05-24T05:54:57.646+0000] {logging_mixin.py:188} INFO - [2024-05-24T05:54:57.646+0000] {dag.py:3096} INFO - Sync 1 DAGs
[2024-05-24T05:54:57.651+0000] {logging_mixin.py:188} INFO - [2024-05-24T05:54:57.651+0000] {dag.py:3954} INFO - Setting next_dagrun for tutorial_taskflow_api to None, run_after=None
[2024-05-24T05:54:57.658+0000] {processor.py:183} INFO - Processing /home/airflow/.local/lib/python3.12/site-packages/airflow/example_dags/tutorial_taskflow_api.py took 0.025 seconds
[2024-05-24T05:55:28.011+0000] {processor.py:161} INFO - Started process (PID=5591) to work on /home/airflow/.local/lib/python3.12/site-packages/airflow/example_dags/tutorial_taskflow_api.py
[2024-05-24T05:55:28.012+0000] {processor.py:830} INFO - Processing file /home/airflow/.local/lib/python3.12/site-packages/airflow/example_dags/tutorial_taskflow_api.py for tasks to queue
[2024-05-24T05:55:28.013+0000] {logging_mixin.py:188} INFO - [2024-05-24T05:55:28.013+0000] {dagbag.py:545} INFO - Filling up the DagBag from /home/airflow/.local/lib/python3.12/site-packages/airflow/example_dags/tutorial_taskflow_api.py
[2024-05-24T05:55:28.015+0000] {processor.py:840} INFO - DAG(s) 'tutorial_taskflow_api' retrieved from /home/airflow/.local/lib/python3.12/site-packages/airflow/example_dags/tutorial_taskflow_api.py
[2024-05-24T05:55:28.023+0000] {logging_mixin.py:188} INFO - [2024-05-24T05:55:28.023+0000] {dag.py:3096} INFO - Sync 1 DAGs
[2024-05-24T05:55:28.028+0000] {logging_mixin.py:188} INFO - [2024-05-24T05:55:28.028+0000] {dag.py:3954} INFO - Setting next_dagrun for tutorial_taskflow_api to None, run_after=None
[2024-05-24T05:55:28.034+0000] {processor.py:183} INFO - Processing /home/airflow/.local/lib/python3.12/site-packages/airflow/example_dags/tutorial_taskflow_api.py took 0.025 seconds
[2024-05-24T05:55:58.353+0000] {processor.py:161} INFO - Started process (PID=5853) to work on /home/airflow/.local/lib/python3.12/site-packages/airflow/example_dags/tutorial_taskflow_api.py
[2024-05-24T05:55:58.354+0000] {processor.py:830} INFO - Processing file /home/airflow/.local/lib/python3.12/site-packages/airflow/example_dags/tutorial_taskflow_api.py for tasks to queue
[2024-05-24T05:55:58.354+0000] {logging_mixin.py:188} INFO - [2024-05-24T05:55:58.354+0000] {dagbag.py:545} INFO - Filling up the DagBag from /home/airflow/.local/lib/python3.12/site-packages/airflow/example_dags/tutorial_taskflow_api.py
[2024-05-24T05:55:58.357+0000] {processor.py:840} INFO - DAG(s) 'tutorial_taskflow_api' retrieved from /home/airflow/.local/lib/python3.12/site-packages/airflow/example_dags/tutorial_taskflow_api.py
[2024-05-24T05:55:58.364+0000] {logging_mixin.py:188} INFO - [2024-05-24T05:55:58.364+0000] {dag.py:3096} INFO - Sync 1 DAGs
[2024-05-24T05:55:58.369+0000] {logging_mixin.py:188} INFO - [2024-05-24T05:55:58.369+0000] {dag.py:3954} INFO - Setting next_dagrun for tutorial_taskflow_api to None, run_after=None
[2024-05-24T05:55:58.375+0000] {processor.py:183} INFO - Processing /home/airflow/.local/lib/python3.12/site-packages/airflow/example_dags/tutorial_taskflow_api.py took 0.024 seconds
[2024-05-24T05:56:28.690+0000] {processor.py:161} INFO - Started process (PID=6115) to work on /home/airflow/.local/lib/python3.12/site-packages/airflow/example_dags/tutorial_taskflow_api.py
[2024-05-24T05:56:28.690+0000] {processor.py:830} INFO - Processing file /home/airflow/.local/lib/python3.12/site-packages/airflow/example_dags/tutorial_taskflow_api.py for tasks to queue
[2024-05-24T05:56:28.691+0000] {logging_mixin.py:188} INFO - [2024-05-24T05:56:28.691+0000] {dagbag.py:545} INFO - Filling up the DagBag from /home/airflow/.local/lib/python3.12/site-packages/airflow/example_dags/tutorial_taskflow_api.py
[2024-05-24T05:56:28.693+0000] {processor.py:840} INFO - DAG(s) 'tutorial_taskflow_api' retrieved from /home/airflow/.local/lib/python3.12/site-packages/airflow/example_dags/tutorial_taskflow_api.py
[2024-05-24T05:56:28.701+0000] {logging_mixin.py:188} INFO - [2024-05-24T05:56:28.701+0000] {dag.py:3096} INFO - Sync 1 DAGs
[2024-05-24T05:56:28.706+0000] {logging_mixin.py:188} INFO - [2024-05-24T05:56:28.705+0000] {dag.py:3954} INFO - Setting next_dagrun for tutorial_taskflow_api to None, run_after=None
[2024-05-24T05:56:28.712+0000] {processor.py:183} INFO - Processing /home/airflow/.local/lib/python3.12/site-packages/airflow/example_dags/tutorial_taskflow_api.py took 0.025 seconds
[2024-05-24T05:56:59.005+0000] {processor.py:161} INFO - Started process (PID=6377) to work on /home/airflow/.local/lib/python3.12/site-packages/airflow/example_dags/tutorial_taskflow_api.py
[2024-05-24T05:56:59.006+0000] {processor.py:830} INFO - Processing file /home/airflow/.local/lib/python3.12/site-packages/airflow/example_dags/tutorial_taskflow_api.py for tasks to queue
[2024-05-24T05:56:59.006+0000] {logging_mixin.py:188} INFO - [2024-05-24T05:56:59.006+0000] {dagbag.py:545} INFO - Filling up the DagBag from /home/airflow/.local/lib/python3.12/site-packages/airflow/example_dags/tutorial_taskflow_api.py
[2024-05-24T05:56:59.009+0000] {processor.py:840} INFO - DAG(s) 'tutorial_taskflow_api' retrieved from /home/airflow/.local/lib/python3.12/site-packages/airflow/example_dags/tutorial_taskflow_api.py
[2024-05-24T05:56:59.017+0000] {logging_mixin.py:188} INFO - [2024-05-24T05:56:59.017+0000] {dag.py:3096} INFO - Sync 1 DAGs
[2024-05-24T05:56:59.021+0000] {logging_mixin.py:188} INFO - [2024-05-24T05:56:59.021+0000] {dag.py:3954} INFO - Setting next_dagrun for tutorial_taskflow_api to None, run_after=None
[2024-05-24T05:56:59.028+0000] {processor.py:183} INFO - Processing /home/airflow/.local/lib/python3.12/site-packages/airflow/example_dags/tutorial_taskflow_api.py took 0.025 seconds
[2024-05-24T05:57:29.329+0000] {processor.py:161} INFO - Started process (PID=6639) to work on /home/airflow/.local/lib/python3.12/site-packages/airflow/example_dags/tutorial_taskflow_api.py
[2024-05-24T05:57:29.329+0000] {processor.py:830} INFO - Processing file /home/airflow/.local/lib/python3.12/site-packages/airflow/example_dags/tutorial_taskflow_api.py for tasks to queue
[2024-05-24T05:57:29.330+0000] {logging_mixin.py:188} INFO - [2024-05-24T05:57:29.330+0000] {dagbag.py:545} INFO - Filling up the DagBag from /home/airflow/.local/lib/python3.12/site-packages/airflow/example_dags/tutorial_taskflow_api.py
[2024-05-24T05:57:29.333+0000] {processor.py:840} INFO - DAG(s) 'tutorial_taskflow_api' retrieved from /home/airflow/.local/lib/python3.12/site-packages/airflow/example_dags/tutorial_taskflow_api.py
[2024-05-24T05:57:29.340+0000] {logging_mixin.py:188} INFO - [2024-05-24T05:57:29.340+0000] {dag.py:3096} INFO - Sync 1 DAGs
[2024-05-24T05:57:29.345+0000] {logging_mixin.py:188} INFO - [2024-05-24T05:57:29.345+0000] {dag.py:3954} INFO - Setting next_dagrun for tutorial_taskflow_api to None, run_after=None
[2024-05-24T05:57:29.351+0000] {processor.py:183} INFO - Processing /home/airflow/.local/lib/python3.12/site-packages/airflow/example_dags/tutorial_taskflow_api.py took 0.025 seconds
[2024-05-24T05:57:59.687+0000] {processor.py:161} INFO - Started process (PID=6901) to work on /home/airflow/.local/lib/python3.12/site-packages/airflow/example_dags/tutorial_taskflow_api.py
[2024-05-24T05:57:59.688+0000] {processor.py:830} INFO - Processing file /home/airflow/.local/lib/python3.12/site-packages/airflow/example_dags/tutorial_taskflow_api.py for tasks to queue
[2024-05-24T05:57:59.688+0000] {logging_mixin.py:188} INFO - [2024-05-24T05:57:59.688+0000] {dagbag.py:545} INFO - Filling up the DagBag from /home/airflow/.local/lib/python3.12/site-packages/airflow/example_dags/tutorial_taskflow_api.py
[2024-05-24T05:57:59.691+0000] {processor.py:840} INFO - DAG(s) 'tutorial_taskflow_api' retrieved from /home/airflow/.local/lib/python3.12/site-packages/airflow/example_dags/tutorial_taskflow_api.py
[2024-05-24T05:57:59.698+0000] {logging_mixin.py:188} INFO - [2024-05-24T05:57:59.698+0000] {dag.py:3096} INFO - Sync 1 DAGs
[2024-05-24T05:57:59.703+0000] {logging_mixin.py:188} INFO - [2024-05-24T05:57:59.703+0000] {dag.py:3954} INFO - Setting next_dagrun for tutorial_taskflow_api to None, run_after=None
[2024-05-24T05:57:59.709+0000] {processor.py:183} INFO - Processing /home/airflow/.local/lib/python3.12/site-packages/airflow/example_dags/tutorial_taskflow_api.py took 0.024 seconds
[2024-05-24T05:58:30.060+0000] {processor.py:161} INFO - Started process (PID=7163) to work on /home/airflow/.local/lib/python3.12/site-packages/airflow/example_dags/tutorial_taskflow_api.py
[2024-05-24T05:58:30.060+0000] {processor.py:830} INFO - Processing file /home/airflow/.local/lib/python3.12/site-packages/airflow/example_dags/tutorial_taskflow_api.py for tasks to queue
[2024-05-24T05:58:30.061+0000] {logging_mixin.py:188} INFO - [2024-05-24T05:58:30.061+0000] {dagbag.py:545} INFO - Filling up the DagBag from /home/airflow/.local/lib/python3.12/site-packages/airflow/example_dags/tutorial_taskflow_api.py
[2024-05-24T05:58:30.063+0000] {processor.py:840} INFO - DAG(s) 'tutorial_taskflow_api' retrieved from /home/airflow/.local/lib/python3.12/site-packages/airflow/example_dags/tutorial_taskflow_api.py
[2024-05-24T05:58:30.070+0000] {logging_mixin.py:188} INFO - [2024-05-24T05:58:30.070+0000] {dag.py:3096} INFO - Sync 1 DAGs
[2024-05-24T05:58:30.075+0000] {logging_mixin.py:188} INFO - [2024-05-24T05:58:30.074+0000] {dag.py:3954} INFO - Setting next_dagrun for tutorial_taskflow_api to None, run_after=None
[2024-05-24T05:58:30.081+0000] {processor.py:183} INFO - Processing /home/airflow/.local/lib/python3.12/site-packages/airflow/example_dags/tutorial_taskflow_api.py took 0.023 seconds
[2024-05-24T06:13:53.434+0000] {processor.py:161} INFO - Started process (PID=7427) to work on /home/airflow/.local/lib/python3.12/site-packages/airflow/example_dags/tutorial_taskflow_api.py
[2024-05-24T06:13:53.435+0000] {processor.py:830} INFO - Processing file /home/airflow/.local/lib/python3.12/site-packages/airflow/example_dags/tutorial_taskflow_api.py for tasks to queue
[2024-05-24T06:13:53.435+0000] {logging_mixin.py:188} INFO - [2024-05-24T06:13:53.435+0000] {dagbag.py:545} INFO - Filling up the DagBag from /home/airflow/.local/lib/python3.12/site-packages/airflow/example_dags/tutorial_taskflow_api.py
[2024-05-24T06:13:53.438+0000] {processor.py:840} INFO - DAG(s) 'tutorial_taskflow_api' retrieved from /home/airflow/.local/lib/python3.12/site-packages/airflow/example_dags/tutorial_taskflow_api.py
[2024-05-24T06:13:53.445+0000] {logging_mixin.py:188} INFO - [2024-05-24T06:13:53.445+0000] {dag.py:3096} INFO - Sync 1 DAGs
[2024-05-24T06:13:53.450+0000] {logging_mixin.py:188} INFO - [2024-05-24T06:13:53.449+0000] {dag.py:3954} INFO - Setting next_dagrun for tutorial_taskflow_api to None, run_after=None
[2024-05-24T06:13:53.456+0000] {processor.py:183} INFO - Processing /home/airflow/.local/lib/python3.12/site-packages/airflow/example_dags/tutorial_taskflow_api.py took 0.024 seconds
[2024-05-24T06:26:10.288+0000] {processor.py:161} INFO - Started process (PID=7686) to work on /home/airflow/.local/lib/python3.12/site-packages/airflow/example_dags/tutorial_taskflow_api.py
[2024-05-24T06:26:10.288+0000] {processor.py:830} INFO - Processing file /home/airflow/.local/lib/python3.12/site-packages/airflow/example_dags/tutorial_taskflow_api.py for tasks to queue
[2024-05-24T06:26:10.290+0000] {logging_mixin.py:188} INFO - [2024-05-24T06:26:10.289+0000] {dagbag.py:545} INFO - Filling up the DagBag from /home/airflow/.local/lib/python3.12/site-packages/airflow/example_dags/tutorial_taskflow_api.py
[2024-05-24T06:26:10.292+0000] {processor.py:840} INFO - DAG(s) 'tutorial_taskflow_api' retrieved from /home/airflow/.local/lib/python3.12/site-packages/airflow/example_dags/tutorial_taskflow_api.py
[2024-05-24T06:26:10.300+0000] {logging_mixin.py:188} INFO - [2024-05-24T06:26:10.300+0000] {dag.py:3096} INFO - Sync 1 DAGs
[2024-05-24T06:26:10.305+0000] {logging_mixin.py:188} INFO - [2024-05-24T06:26:10.305+0000] {dag.py:3954} INFO - Setting next_dagrun for tutorial_taskflow_api to None, run_after=None
[2024-05-24T06:26:10.311+0000] {processor.py:183} INFO - Processing /home/airflow/.local/lib/python3.12/site-packages/airflow/example_dags/tutorial_taskflow_api.py took 0.025 seconds
[2024-05-24T06:26:40.722+0000] {processor.py:161} INFO - Started process (PID=7947) to work on /home/airflow/.local/lib/python3.12/site-packages/airflow/example_dags/tutorial_taskflow_api.py
[2024-05-24T06:26:40.722+0000] {processor.py:830} INFO - Processing file /home/airflow/.local/lib/python3.12/site-packages/airflow/example_dags/tutorial_taskflow_api.py for tasks to queue
[2024-05-24T06:26:40.723+0000] {logging_mixin.py:188} INFO - [2024-05-24T06:26:40.722+0000] {dagbag.py:545} INFO - Filling up the DagBag from /home/airflow/.local/lib/python3.12/site-packages/airflow/example_dags/tutorial_taskflow_api.py
[2024-05-24T06:26:40.725+0000] {processor.py:840} INFO - DAG(s) 'tutorial_taskflow_api' retrieved from /home/airflow/.local/lib/python3.12/site-packages/airflow/example_dags/tutorial_taskflow_api.py
[2024-05-24T06:26:40.732+0000] {logging_mixin.py:188} INFO - [2024-05-24T06:26:40.731+0000] {dag.py:3096} INFO - Sync 1 DAGs
[2024-05-24T06:26:40.736+0000] {logging_mixin.py:188} INFO - [2024-05-24T06:26:40.736+0000] {dag.py:3954} INFO - Setting next_dagrun for tutorial_taskflow_api to None, run_after=None
[2024-05-24T06:26:40.742+0000] {processor.py:183} INFO - Processing /home/airflow/.local/lib/python3.12/site-packages/airflow/example_dags/tutorial_taskflow_api.py took 0.022 seconds
[2024-05-24T06:27:11.163+0000] {processor.py:161} INFO - Started process (PID=8211) to work on /home/airflow/.local/lib/python3.12/site-packages/airflow/example_dags/tutorial_taskflow_api.py
[2024-05-24T06:27:11.163+0000] {processor.py:830} INFO - Processing file /home/airflow/.local/lib/python3.12/site-packages/airflow/example_dags/tutorial_taskflow_api.py for tasks to queue
[2024-05-24T06:27:11.164+0000] {logging_mixin.py:188} INFO - [2024-05-24T06:27:11.164+0000] {dagbag.py:545} INFO - Filling up the DagBag from /home/airflow/.local/lib/python3.12/site-packages/airflow/example_dags/tutorial_taskflow_api.py
[2024-05-24T06:27:11.167+0000] {processor.py:840} INFO - DAG(s) 'tutorial_taskflow_api' retrieved from /home/airflow/.local/lib/python3.12/site-packages/airflow/example_dags/tutorial_taskflow_api.py
[2024-05-24T06:27:11.174+0000] {logging_mixin.py:188} INFO - [2024-05-24T06:27:11.174+0000] {dag.py:3096} INFO - Sync 1 DAGs
[2024-05-24T06:27:11.179+0000] {logging_mixin.py:188} INFO - [2024-05-24T06:27:11.179+0000] {dag.py:3954} INFO - Setting next_dagrun for tutorial_taskflow_api to None, run_after=None
[2024-05-24T06:27:11.185+0000] {processor.py:183} INFO - Processing /home/airflow/.local/lib/python3.12/site-packages/airflow/example_dags/tutorial_taskflow_api.py took 0.024 seconds
[2024-05-24T06:28:26.297+0000] {processor.py:161} INFO - Started process (PID=8473) to work on /home/airflow/.local/lib/python3.12/site-packages/airflow/example_dags/tutorial_taskflow_api.py
[2024-05-24T06:28:26.298+0000] {processor.py:830} INFO - Processing file /home/airflow/.local/lib/python3.12/site-packages/airflow/example_dags/tutorial_taskflow_api.py for tasks to queue
[2024-05-24T06:28:26.299+0000] {logging_mixin.py:188} INFO - [2024-05-24T06:28:26.299+0000] {dagbag.py:545} INFO - Filling up the DagBag from /home/airflow/.local/lib/python3.12/site-packages/airflow/example_dags/tutorial_taskflow_api.py
[2024-05-24T06:28:26.305+0000] {processor.py:840} INFO - DAG(s) 'tutorial_taskflow_api' retrieved from /home/airflow/.local/lib/python3.12/site-packages/airflow/example_dags/tutorial_taskflow_api.py
[2024-05-24T06:28:26.313+0000] {logging_mixin.py:188} INFO - [2024-05-24T06:28:26.313+0000] {dag.py:3096} INFO - Sync 1 DAGs
[2024-05-24T06:28:26.318+0000] {logging_mixin.py:188} INFO - [2024-05-24T06:28:26.318+0000] {dag.py:3954} INFO - Setting next_dagrun for tutorial_taskflow_api to None, run_after=None
[2024-05-24T06:28:26.324+0000] {processor.py:183} INFO - Processing /home/airflow/.local/lib/python3.12/site-packages/airflow/example_dags/tutorial_taskflow_api.py took 0.029 seconds
[2024-05-24T06:28:56.658+0000] {processor.py:161} INFO - Started process (PID=8733) to work on /home/airflow/.local/lib/python3.12/site-packages/airflow/example_dags/tutorial_taskflow_api.py
[2024-05-24T06:28:56.658+0000] {processor.py:830} INFO - Processing file /home/airflow/.local/lib/python3.12/site-packages/airflow/example_dags/tutorial_taskflow_api.py for tasks to queue
[2024-05-24T06:28:56.659+0000] {logging_mixin.py:188} INFO - [2024-05-24T06:28:56.659+0000] {dagbag.py:545} INFO - Filling up the DagBag from /home/airflow/.local/lib/python3.12/site-packages/airflow/example_dags/tutorial_taskflow_api.py
[2024-05-24T06:28:56.661+0000] {processor.py:840} INFO - DAG(s) 'tutorial_taskflow_api' retrieved from /home/airflow/.local/lib/python3.12/site-packages/airflow/example_dags/tutorial_taskflow_api.py
[2024-05-24T06:28:56.669+0000] {logging_mixin.py:188} INFO - [2024-05-24T06:28:56.669+0000] {dag.py:3096} INFO - Sync 1 DAGs
[2024-05-24T06:28:56.674+0000] {logging_mixin.py:188} INFO - [2024-05-24T06:28:56.674+0000] {dag.py:3954} INFO - Setting next_dagrun for tutorial_taskflow_api to None, run_after=None
[2024-05-24T06:28:56.681+0000] {processor.py:183} INFO - Processing /home/airflow/.local/lib/python3.12/site-packages/airflow/example_dags/tutorial_taskflow_api.py took 0.026 seconds
[2024-05-24T06:29:27.148+0000] {processor.py:161} INFO - Started process (PID=8995) to work on /home/airflow/.local/lib/python3.12/site-packages/airflow/example_dags/tutorial_taskflow_api.py
[2024-05-24T06:29:27.148+0000] {processor.py:830} INFO - Processing file /home/airflow/.local/lib/python3.12/site-packages/airflow/example_dags/tutorial_taskflow_api.py for tasks to queue
[2024-05-24T06:29:27.149+0000] {logging_mixin.py:188} INFO - [2024-05-24T06:29:27.149+0000] {dagbag.py:545} INFO - Filling up the DagBag from /home/airflow/.local/lib/python3.12/site-packages/airflow/example_dags/tutorial_taskflow_api.py
[2024-05-24T06:29:27.151+0000] {processor.py:840} INFO - DAG(s) 'tutorial_taskflow_api' retrieved from /home/airflow/.local/lib/python3.12/site-packages/airflow/example_dags/tutorial_taskflow_api.py
[2024-05-24T06:29:27.159+0000] {logging_mixin.py:188} INFO - [2024-05-24T06:29:27.159+0000] {dag.py:3096} INFO - Sync 1 DAGs
[2024-05-24T06:29:27.163+0000] {logging_mixin.py:188} INFO - [2024-05-24T06:29:27.163+0000] {dag.py:3954} INFO - Setting next_dagrun for tutorial_taskflow_api to None, run_after=None
[2024-05-24T06:29:27.169+0000] {processor.py:183} INFO - Processing /home/airflow/.local/lib/python3.12/site-packages/airflow/example_dags/tutorial_taskflow_api.py took 0.024 seconds
[2024-05-24T06:29:57.518+0000] {processor.py:161} INFO - Started process (PID=9257) to work on /home/airflow/.local/lib/python3.12/site-packages/airflow/example_dags/tutorial_taskflow_api.py
[2024-05-24T06:29:57.519+0000] {processor.py:830} INFO - Processing file /home/airflow/.local/lib/python3.12/site-packages/airflow/example_dags/tutorial_taskflow_api.py for tasks to queue
[2024-05-24T06:29:57.519+0000] {logging_mixin.py:188} INFO - [2024-05-24T06:29:57.519+0000] {dagbag.py:545} INFO - Filling up the DagBag from /home/airflow/.local/lib/python3.12/site-packages/airflow/example_dags/tutorial_taskflow_api.py
[2024-05-24T06:29:57.522+0000] {processor.py:840} INFO - DAG(s) 'tutorial_taskflow_api' retrieved from /home/airflow/.local/lib/python3.12/site-packages/airflow/example_dags/tutorial_taskflow_api.py
[2024-05-24T06:29:57.530+0000] {logging_mixin.py:188} INFO - [2024-05-24T06:29:57.530+0000] {dag.py:3096} INFO - Sync 1 DAGs
[2024-05-24T06:29:57.534+0000] {logging_mixin.py:188} INFO - [2024-05-24T06:29:57.534+0000] {dag.py:3954} INFO - Setting next_dagrun for tutorial_taskflow_api to None, run_after=None
[2024-05-24T06:29:57.540+0000] {processor.py:183} INFO - Processing /home/airflow/.local/lib/python3.12/site-packages/airflow/example_dags/tutorial_taskflow_api.py took 0.024 seconds
[2024-05-24T06:32:51.159+0000] {processor.py:161} INFO - Started process (PID=9519) to work on /home/airflow/.local/lib/python3.12/site-packages/airflow/example_dags/tutorial_taskflow_api.py
[2024-05-24T06:32:51.160+0000] {processor.py:830} INFO - Processing file /home/airflow/.local/lib/python3.12/site-packages/airflow/example_dags/tutorial_taskflow_api.py for tasks to queue
[2024-05-24T06:32:51.161+0000] {logging_mixin.py:188} INFO - [2024-05-24T06:32:51.161+0000] {dagbag.py:545} INFO - Filling up the DagBag from /home/airflow/.local/lib/python3.12/site-packages/airflow/example_dags/tutorial_taskflow_api.py
[2024-05-24T06:32:51.164+0000] {processor.py:840} INFO - DAG(s) 'tutorial_taskflow_api' retrieved from /home/airflow/.local/lib/python3.12/site-packages/airflow/example_dags/tutorial_taskflow_api.py
[2024-05-24T06:32:51.171+0000] {logging_mixin.py:188} INFO - [2024-05-24T06:32:51.171+0000] {dag.py:3096} INFO - Sync 1 DAGs
[2024-05-24T06:32:51.175+0000] {logging_mixin.py:188} INFO - [2024-05-24T06:32:51.175+0000] {dag.py:3954} INFO - Setting next_dagrun for tutorial_taskflow_api to None, run_after=None
[2024-05-24T06:32:51.182+0000] {processor.py:183} INFO - Processing /home/airflow/.local/lib/python3.12/site-packages/airflow/example_dags/tutorial_taskflow_api.py took 0.025 seconds
[2024-05-24T06:34:34.332+0000] {processor.py:161} INFO - Started process (PID=9783) to work on /home/airflow/.local/lib/python3.12/site-packages/airflow/example_dags/tutorial_taskflow_api.py
[2024-05-24T06:34:34.332+0000] {processor.py:830} INFO - Processing file /home/airflow/.local/lib/python3.12/site-packages/airflow/example_dags/tutorial_taskflow_api.py for tasks to queue
[2024-05-24T06:34:34.333+0000] {logging_mixin.py:188} INFO - [2024-05-24T06:34:34.333+0000] {dagbag.py:545} INFO - Filling up the DagBag from /home/airflow/.local/lib/python3.12/site-packages/airflow/example_dags/tutorial_taskflow_api.py
[2024-05-24T06:34:34.335+0000] {processor.py:840} INFO - DAG(s) 'tutorial_taskflow_api' retrieved from /home/airflow/.local/lib/python3.12/site-packages/airflow/example_dags/tutorial_taskflow_api.py
[2024-05-24T06:34:34.343+0000] {logging_mixin.py:188} INFO - [2024-05-24T06:34:34.343+0000] {dag.py:3096} INFO - Sync 1 DAGs
[2024-05-24T06:34:34.347+0000] {logging_mixin.py:188} INFO - [2024-05-24T06:34:34.347+0000] {dag.py:3954} INFO - Setting next_dagrun for tutorial_taskflow_api to None, run_after=None
[2024-05-24T06:34:34.354+0000] {processor.py:183} INFO - Processing /home/airflow/.local/lib/python3.12/site-packages/airflow/example_dags/tutorial_taskflow_api.py took 0.025 seconds
[2024-05-24T06:35:04.880+0000] {processor.py:161} INFO - Started process (PID=10045) to work on /home/airflow/.local/lib/python3.12/site-packages/airflow/example_dags/tutorial_taskflow_api.py
[2024-05-24T06:35:04.880+0000] {processor.py:830} INFO - Processing file /home/airflow/.local/lib/python3.12/site-packages/airflow/example_dags/tutorial_taskflow_api.py for tasks to queue
[2024-05-24T06:35:04.881+0000] {logging_mixin.py:188} INFO - [2024-05-24T06:35:04.881+0000] {dagbag.py:545} INFO - Filling up the DagBag from /home/airflow/.local/lib/python3.12/site-packages/airflow/example_dags/tutorial_taskflow_api.py
[2024-05-24T06:35:04.884+0000] {processor.py:840} INFO - DAG(s) 'tutorial_taskflow_api' retrieved from /home/airflow/.local/lib/python3.12/site-packages/airflow/example_dags/tutorial_taskflow_api.py
[2024-05-24T06:35:04.892+0000] {logging_mixin.py:188} INFO - [2024-05-24T06:35:04.892+0000] {dag.py:3096} INFO - Sync 1 DAGs
[2024-05-24T06:35:04.896+0000] {logging_mixin.py:188} INFO - [2024-05-24T06:35:04.896+0000] {dag.py:3954} INFO - Setting next_dagrun for tutorial_taskflow_api to None, run_after=None
[2024-05-24T06:35:04.903+0000] {processor.py:183} INFO - Processing /home/airflow/.local/lib/python3.12/site-packages/airflow/example_dags/tutorial_taskflow_api.py took 0.025 seconds
[2024-05-24T06:50:34.596+0000] {processor.py:161} INFO - Started process (PID=10305) to work on /home/airflow/.local/lib/python3.12/site-packages/airflow/example_dags/tutorial_taskflow_api.py
[2024-05-24T06:50:34.597+0000] {processor.py:830} INFO - Processing file /home/airflow/.local/lib/python3.12/site-packages/airflow/example_dags/tutorial_taskflow_api.py for tasks to queue
[2024-05-24T06:50:34.597+0000] {logging_mixin.py:188} INFO - [2024-05-24T06:50:34.597+0000] {dagbag.py:545} INFO - Filling up the DagBag from /home/airflow/.local/lib/python3.12/site-packages/airflow/example_dags/tutorial_taskflow_api.py
[2024-05-24T06:50:34.600+0000] {processor.py:840} INFO - DAG(s) 'tutorial_taskflow_api' retrieved from /home/airflow/.local/lib/python3.12/site-packages/airflow/example_dags/tutorial_taskflow_api.py
[2024-05-24T06:50:34.608+0000] {logging_mixin.py:188} INFO - [2024-05-24T06:50:34.608+0000] {dag.py:3096} INFO - Sync 1 DAGs
[2024-05-24T06:50:34.612+0000] {logging_mixin.py:188} INFO - [2024-05-24T06:50:34.612+0000] {dag.py:3954} INFO - Setting next_dagrun for tutorial_taskflow_api to None, run_after=None
[2024-05-24T06:50:34.619+0000] {processor.py:183} INFO - Processing /home/airflow/.local/lib/python3.12/site-packages/airflow/example_dags/tutorial_taskflow_api.py took 0.025 seconds
[2024-05-24T07:06:11.200+0000] {processor.py:161} INFO - Started process (PID=10567) to work on /home/airflow/.local/lib/python3.12/site-packages/airflow/example_dags/tutorial_taskflow_api.py
[2024-05-24T07:06:11.201+0000] {processor.py:830} INFO - Processing file /home/airflow/.local/lib/python3.12/site-packages/airflow/example_dags/tutorial_taskflow_api.py for tasks to queue
[2024-05-24T07:06:11.201+0000] {logging_mixin.py:188} INFO - [2024-05-24T07:06:11.201+0000] {dagbag.py:545} INFO - Filling up the DagBag from /home/airflow/.local/lib/python3.12/site-packages/airflow/example_dags/tutorial_taskflow_api.py
[2024-05-24T07:06:11.204+0000] {processor.py:840} INFO - DAG(s) 'tutorial_taskflow_api' retrieved from /home/airflow/.local/lib/python3.12/site-packages/airflow/example_dags/tutorial_taskflow_api.py
[2024-05-24T07:06:11.211+0000] {logging_mixin.py:188} INFO - [2024-05-24T07:06:11.211+0000] {dag.py:3096} INFO - Sync 1 DAGs
[2024-05-24T07:06:11.215+0000] {logging_mixin.py:188} INFO - [2024-05-24T07:06:11.215+0000] {dag.py:3954} INFO - Setting next_dagrun for tutorial_taskflow_api to None, run_after=None
[2024-05-24T07:06:11.221+0000] {processor.py:183} INFO - Processing /home/airflow/.local/lib/python3.12/site-packages/airflow/example_dags/tutorial_taskflow_api.py took 0.023 seconds
[2024-05-24T07:30:09.460+0000] {processor.py:161} INFO - Started process (PID=10829) to work on /home/airflow/.local/lib/python3.12/site-packages/airflow/example_dags/tutorial_taskflow_api.py
[2024-05-24T07:30:09.461+0000] {processor.py:830} INFO - Processing file /home/airflow/.local/lib/python3.12/site-packages/airflow/example_dags/tutorial_taskflow_api.py for tasks to queue
[2024-05-24T07:30:09.462+0000] {logging_mixin.py:188} INFO - [2024-05-24T07:30:09.461+0000] {dagbag.py:545} INFO - Filling up the DagBag from /home/airflow/.local/lib/python3.12/site-packages/airflow/example_dags/tutorial_taskflow_api.py
[2024-05-24T07:30:09.464+0000] {processor.py:840} INFO - DAG(s) 'tutorial_taskflow_api' retrieved from /home/airflow/.local/lib/python3.12/site-packages/airflow/example_dags/tutorial_taskflow_api.py
[2024-05-24T07:30:09.472+0000] {logging_mixin.py:188} INFO - [2024-05-24T07:30:09.472+0000] {dag.py:3096} INFO - Sync 1 DAGs
[2024-05-24T07:30:09.477+0000] {logging_mixin.py:188} INFO - [2024-05-24T07:30:09.477+0000] {dag.py:3954} INFO - Setting next_dagrun for tutorial_taskflow_api to None, run_after=None
[2024-05-24T07:30:09.484+0000] {processor.py:183} INFO - Processing /home/airflow/.local/lib/python3.12/site-packages/airflow/example_dags/tutorial_taskflow_api.py took 0.026 seconds
[2024-05-24T07:30:40.795+0000] {processor.py:161} INFO - Started process (PID=11091) to work on /home/airflow/.local/lib/python3.12/site-packages/airflow/example_dags/tutorial_taskflow_api.py
[2024-05-24T07:30:40.796+0000] {processor.py:830} INFO - Processing file /home/airflow/.local/lib/python3.12/site-packages/airflow/example_dags/tutorial_taskflow_api.py for tasks to queue
[2024-05-24T07:30:40.796+0000] {logging_mixin.py:188} INFO - [2024-05-24T07:30:40.796+0000] {dagbag.py:545} INFO - Filling up the DagBag from /home/airflow/.local/lib/python3.12/site-packages/airflow/example_dags/tutorial_taskflow_api.py
[2024-05-24T07:30:40.867+0000] {processor.py:840} INFO - DAG(s) 'tutorial_taskflow_api' retrieved from /home/airflow/.local/lib/python3.12/site-packages/airflow/example_dags/tutorial_taskflow_api.py
[2024-05-24T07:30:40.873+0000] {logging_mixin.py:188} INFO - [2024-05-24T07:30:40.873+0000] {dag.py:3096} INFO - Sync 1 DAGs
[2024-05-24T07:30:40.877+0000] {logging_mixin.py:188} INFO - [2024-05-24T07:30:40.877+0000] {dag.py:3954} INFO - Setting next_dagrun for tutorial_taskflow_api to None, run_after=None
[2024-05-24T07:30:40.883+0000] {processor.py:183} INFO - Processing /home/airflow/.local/lib/python3.12/site-packages/airflow/example_dags/tutorial_taskflow_api.py took 0.090 seconds
[2024-05-24T07:31:11.552+0000] {processor.py:161} INFO - Started process (PID=11353) to work on /home/airflow/.local/lib/python3.12/site-packages/airflow/example_dags/tutorial_taskflow_api.py
[2024-05-24T07:31:11.553+0000] {processor.py:830} INFO - Processing file /home/airflow/.local/lib/python3.12/site-packages/airflow/example_dags/tutorial_taskflow_api.py for tasks to queue
[2024-05-24T07:31:11.554+0000] {logging_mixin.py:188} INFO - [2024-05-24T07:31:11.554+0000] {dagbag.py:545} INFO - Filling up the DagBag from /home/airflow/.local/lib/python3.12/site-packages/airflow/example_dags/tutorial_taskflow_api.py
[2024-05-24T07:31:11.557+0000] {processor.py:840} INFO - DAG(s) 'tutorial_taskflow_api' retrieved from /home/airflow/.local/lib/python3.12/site-packages/airflow/example_dags/tutorial_taskflow_api.py
[2024-05-24T07:31:11.566+0000] {logging_mixin.py:188} INFO - [2024-05-24T07:31:11.566+0000] {dag.py:3096} INFO - Sync 1 DAGs
[2024-05-24T07:31:11.571+0000] {logging_mixin.py:188} INFO - [2024-05-24T07:31:11.571+0000] {dag.py:3954} INFO - Setting next_dagrun for tutorial_taskflow_api to None, run_after=None
[2024-05-24T07:31:11.579+0000] {processor.py:183} INFO - Processing /home/airflow/.local/lib/python3.12/site-packages/airflow/example_dags/tutorial_taskflow_api.py took 0.029 seconds
[2024-05-24T07:31:41.976+0000] {processor.py:161} INFO - Started process (PID=11617) to work on /home/airflow/.local/lib/python3.12/site-packages/airflow/example_dags/tutorial_taskflow_api.py
[2024-05-24T07:31:41.976+0000] {processor.py:830} INFO - Processing file /home/airflow/.local/lib/python3.12/site-packages/airflow/example_dags/tutorial_taskflow_api.py for tasks to queue
[2024-05-24T07:31:41.977+0000] {logging_mixin.py:188} INFO - [2024-05-24T07:31:41.977+0000] {dagbag.py:545} INFO - Filling up the DagBag from /home/airflow/.local/lib/python3.12/site-packages/airflow/example_dags/tutorial_taskflow_api.py
[2024-05-24T07:31:41.980+0000] {processor.py:840} INFO - DAG(s) 'tutorial_taskflow_api' retrieved from /home/airflow/.local/lib/python3.12/site-packages/airflow/example_dags/tutorial_taskflow_api.py
[2024-05-24T07:31:41.987+0000] {logging_mixin.py:188} INFO - [2024-05-24T07:31:41.987+0000] {dag.py:3096} INFO - Sync 1 DAGs
[2024-05-24T07:31:41.992+0000] {logging_mixin.py:188} INFO - [2024-05-24T07:31:41.991+0000] {dag.py:3954} INFO - Setting next_dagrun for tutorial_taskflow_api to None, run_after=None
[2024-05-24T07:31:41.997+0000] {processor.py:183} INFO - Processing /home/airflow/.local/lib/python3.12/site-packages/airflow/example_dags/tutorial_taskflow_api.py took 0.024 seconds
[2024-05-24T07:32:12.339+0000] {processor.py:161} INFO - Started process (PID=11879) to work on /home/airflow/.local/lib/python3.12/site-packages/airflow/example_dags/tutorial_taskflow_api.py
[2024-05-24T07:32:12.339+0000] {processor.py:830} INFO - Processing file /home/airflow/.local/lib/python3.12/site-packages/airflow/example_dags/tutorial_taskflow_api.py for tasks to queue
[2024-05-24T07:32:12.340+0000] {logging_mixin.py:188} INFO - [2024-05-24T07:32:12.340+0000] {dagbag.py:545} INFO - Filling up the DagBag from /home/airflow/.local/lib/python3.12/site-packages/airflow/example_dags/tutorial_taskflow_api.py
[2024-05-24T07:32:12.342+0000] {processor.py:840} INFO - DAG(s) 'tutorial_taskflow_api' retrieved from /home/airflow/.local/lib/python3.12/site-packages/airflow/example_dags/tutorial_taskflow_api.py
[2024-05-24T07:32:12.349+0000] {logging_mixin.py:188} INFO - [2024-05-24T07:32:12.349+0000] {dag.py:3096} INFO - Sync 1 DAGs
[2024-05-24T07:32:12.354+0000] {logging_mixin.py:188} INFO - [2024-05-24T07:32:12.354+0000] {dag.py:3954} INFO - Setting next_dagrun for tutorial_taskflow_api to None, run_after=None
[2024-05-24T07:32:12.359+0000] {processor.py:183} INFO - Processing /home/airflow/.local/lib/python3.12/site-packages/airflow/example_dags/tutorial_taskflow_api.py took 0.023 seconds
[2024-05-24T07:32:59.116+0000] {processor.py:161} INFO - Started process (PID=12139) to work on /home/airflow/.local/lib/python3.12/site-packages/airflow/example_dags/tutorial_taskflow_api.py
[2024-05-24T07:32:59.117+0000] {processor.py:830} INFO - Processing file /home/airflow/.local/lib/python3.12/site-packages/airflow/example_dags/tutorial_taskflow_api.py for tasks to queue
[2024-05-24T07:32:59.117+0000] {logging_mixin.py:188} INFO - [2024-05-24T07:32:59.117+0000] {dagbag.py:545} INFO - Filling up the DagBag from /home/airflow/.local/lib/python3.12/site-packages/airflow/example_dags/tutorial_taskflow_api.py
[2024-05-24T07:32:59.120+0000] {processor.py:840} INFO - DAG(s) 'tutorial_taskflow_api' retrieved from /home/airflow/.local/lib/python3.12/site-packages/airflow/example_dags/tutorial_taskflow_api.py
[2024-05-24T07:32:59.128+0000] {logging_mixin.py:188} INFO - [2024-05-24T07:32:59.128+0000] {dag.py:3096} INFO - Sync 1 DAGs
[2024-05-24T07:32:59.133+0000] {logging_mixin.py:188} INFO - [2024-05-24T07:32:59.133+0000] {dag.py:3954} INFO - Setting next_dagrun for tutorial_taskflow_api to None, run_after=None
[2024-05-24T07:32:59.140+0000] {processor.py:183} INFO - Processing /home/airflow/.local/lib/python3.12/site-packages/airflow/example_dags/tutorial_taskflow_api.py took 0.026 seconds
[2024-05-24T07:33:29.485+0000] {processor.py:161} INFO - Started process (PID=12401) to work on /home/airflow/.local/lib/python3.12/site-packages/airflow/example_dags/tutorial_taskflow_api.py
[2024-05-24T07:33:29.486+0000] {processor.py:830} INFO - Processing file /home/airflow/.local/lib/python3.12/site-packages/airflow/example_dags/tutorial_taskflow_api.py for tasks to queue
[2024-05-24T07:33:29.486+0000] {logging_mixin.py:188} INFO - [2024-05-24T07:33:29.486+0000] {dagbag.py:545} INFO - Filling up the DagBag from /home/airflow/.local/lib/python3.12/site-packages/airflow/example_dags/tutorial_taskflow_api.py
[2024-05-24T07:33:29.489+0000] {processor.py:840} INFO - DAG(s) 'tutorial_taskflow_api' retrieved from /home/airflow/.local/lib/python3.12/site-packages/airflow/example_dags/tutorial_taskflow_api.py
[2024-05-24T07:33:29.497+0000] {logging_mixin.py:188} INFO - [2024-05-24T07:33:29.497+0000] {dag.py:3096} INFO - Sync 1 DAGs
[2024-05-24T07:33:29.502+0000] {logging_mixin.py:188} INFO - [2024-05-24T07:33:29.502+0000] {dag.py:3954} INFO - Setting next_dagrun for tutorial_taskflow_api to None, run_after=None
[2024-05-24T07:33:29.509+0000] {processor.py:183} INFO - Processing /home/airflow/.local/lib/python3.12/site-packages/airflow/example_dags/tutorial_taskflow_api.py took 0.026 seconds
[2024-05-24T07:33:59.810+0000] {processor.py:161} INFO - Started process (PID=12663) to work on /home/airflow/.local/lib/python3.12/site-packages/airflow/example_dags/tutorial_taskflow_api.py
[2024-05-24T07:33:59.811+0000] {processor.py:830} INFO - Processing file /home/airflow/.local/lib/python3.12/site-packages/airflow/example_dags/tutorial_taskflow_api.py for tasks to queue
[2024-05-24T07:33:59.812+0000] {logging_mixin.py:188} INFO - [2024-05-24T07:33:59.811+0000] {dagbag.py:545} INFO - Filling up the DagBag from /home/airflow/.local/lib/python3.12/site-packages/airflow/example_dags/tutorial_taskflow_api.py
[2024-05-24T07:33:59.814+0000] {processor.py:840} INFO - DAG(s) 'tutorial_taskflow_api' retrieved from /home/airflow/.local/lib/python3.12/site-packages/airflow/example_dags/tutorial_taskflow_api.py
[2024-05-24T07:33:59.822+0000] {logging_mixin.py:188} INFO - [2024-05-24T07:33:59.822+0000] {dag.py:3096} INFO - Sync 1 DAGs
[2024-05-24T07:33:59.827+0000] {logging_mixin.py:188} INFO - [2024-05-24T07:33:59.827+0000] {dag.py:3954} INFO - Setting next_dagrun for tutorial_taskflow_api to None, run_after=None
[2024-05-24T07:33:59.834+0000] {processor.py:183} INFO - Processing /home/airflow/.local/lib/python3.12/site-packages/airflow/example_dags/tutorial_taskflow_api.py took 0.026 seconds
[2024-05-24T07:34:30.276+0000] {processor.py:161} INFO - Started process (PID=12926) to work on /home/airflow/.local/lib/python3.12/site-packages/airflow/example_dags/tutorial_taskflow_api.py
[2024-05-24T07:34:30.277+0000] {processor.py:830} INFO - Processing file /home/airflow/.local/lib/python3.12/site-packages/airflow/example_dags/tutorial_taskflow_api.py for tasks to queue
[2024-05-24T07:34:30.278+0000] {logging_mixin.py:188} INFO - [2024-05-24T07:34:30.277+0000] {dagbag.py:545} INFO - Filling up the DagBag from /home/airflow/.local/lib/python3.12/site-packages/airflow/example_dags/tutorial_taskflow_api.py
[2024-05-24T07:34:30.280+0000] {processor.py:840} INFO - DAG(s) 'tutorial_taskflow_api' retrieved from /home/airflow/.local/lib/python3.12/site-packages/airflow/example_dags/tutorial_taskflow_api.py
[2024-05-24T07:34:30.288+0000] {logging_mixin.py:188} INFO - [2024-05-24T07:34:30.287+0000] {dag.py:3096} INFO - Sync 1 DAGs
[2024-05-24T07:34:30.292+0000] {logging_mixin.py:188} INFO - [2024-05-24T07:34:30.292+0000] {dag.py:3954} INFO - Setting next_dagrun for tutorial_taskflow_api to None, run_after=None
[2024-05-24T07:34:30.298+0000] {processor.py:183} INFO - Processing /home/airflow/.local/lib/python3.12/site-packages/airflow/example_dags/tutorial_taskflow_api.py took 0.024 seconds
[2024-05-24T07:35:00.739+0000] {processor.py:161} INFO - Started process (PID=13186) to work on /home/airflow/.local/lib/python3.12/site-packages/airflow/example_dags/tutorial_taskflow_api.py
[2024-05-24T07:35:00.740+0000] {processor.py:830} INFO - Processing file /home/airflow/.local/lib/python3.12/site-packages/airflow/example_dags/tutorial_taskflow_api.py for tasks to queue
[2024-05-24T07:35:00.741+0000] {logging_mixin.py:188} INFO - [2024-05-24T07:35:00.740+0000] {dagbag.py:545} INFO - Filling up the DagBag from /home/airflow/.local/lib/python3.12/site-packages/airflow/example_dags/tutorial_taskflow_api.py
[2024-05-24T07:35:00.743+0000] {processor.py:840} INFO - DAG(s) 'tutorial_taskflow_api' retrieved from /home/airflow/.local/lib/python3.12/site-packages/airflow/example_dags/tutorial_taskflow_api.py
[2024-05-24T07:35:00.751+0000] {logging_mixin.py:188} INFO - [2024-05-24T07:35:00.751+0000] {dag.py:3096} INFO - Sync 1 DAGs
[2024-05-24T07:35:00.756+0000] {logging_mixin.py:188} INFO - [2024-05-24T07:35:00.756+0000] {dag.py:3954} INFO - Setting next_dagrun for tutorial_taskflow_api to None, run_after=None
[2024-05-24T07:35:00.763+0000] {processor.py:183} INFO - Processing /home/airflow/.local/lib/python3.12/site-packages/airflow/example_dags/tutorial_taskflow_api.py took 0.026 seconds
[2024-05-24T07:35:31.098+0000] {processor.py:161} INFO - Started process (PID=13448) to work on /home/airflow/.local/lib/python3.12/site-packages/airflow/example_dags/tutorial_taskflow_api.py
[2024-05-24T07:35:31.098+0000] {processor.py:830} INFO - Processing file /home/airflow/.local/lib/python3.12/site-packages/airflow/example_dags/tutorial_taskflow_api.py for tasks to queue
[2024-05-24T07:35:31.099+0000] {logging_mixin.py:188} INFO - [2024-05-24T07:35:31.099+0000] {dagbag.py:545} INFO - Filling up the DagBag from /home/airflow/.local/lib/python3.12/site-packages/airflow/example_dags/tutorial_taskflow_api.py
[2024-05-24T07:35:31.102+0000] {processor.py:840} INFO - DAG(s) 'tutorial_taskflow_api' retrieved from /home/airflow/.local/lib/python3.12/site-packages/airflow/example_dags/tutorial_taskflow_api.py
[2024-05-24T07:35:31.109+0000] {logging_mixin.py:188} INFO - [2024-05-24T07:35:31.109+0000] {dag.py:3096} INFO - Sync 1 DAGs
[2024-05-24T07:35:31.114+0000] {logging_mixin.py:188} INFO - [2024-05-24T07:35:31.114+0000] {dag.py:3954} INFO - Setting next_dagrun for tutorial_taskflow_api to None, run_after=None
[2024-05-24T07:35:31.120+0000] {processor.py:183} INFO - Processing /home/airflow/.local/lib/python3.12/site-packages/airflow/example_dags/tutorial_taskflow_api.py took 0.025 seconds
[2024-05-24T07:36:01.444+0000] {processor.py:161} INFO - Started process (PID=13711) to work on /home/airflow/.local/lib/python3.12/site-packages/airflow/example_dags/tutorial_taskflow_api.py
[2024-05-24T07:36:01.445+0000] {processor.py:830} INFO - Processing file /home/airflow/.local/lib/python3.12/site-packages/airflow/example_dags/tutorial_taskflow_api.py for tasks to queue
[2024-05-24T07:36:01.446+0000] {logging_mixin.py:188} INFO - [2024-05-24T07:36:01.446+0000] {dagbag.py:545} INFO - Filling up the DagBag from /home/airflow/.local/lib/python3.12/site-packages/airflow/example_dags/tutorial_taskflow_api.py
[2024-05-24T07:36:01.448+0000] {processor.py:840} INFO - DAG(s) 'tutorial_taskflow_api' retrieved from /home/airflow/.local/lib/python3.12/site-packages/airflow/example_dags/tutorial_taskflow_api.py
[2024-05-24T07:36:01.456+0000] {logging_mixin.py:188} INFO - [2024-05-24T07:36:01.456+0000] {dag.py:3096} INFO - Sync 1 DAGs
[2024-05-24T07:36:01.461+0000] {logging_mixin.py:188} INFO - [2024-05-24T07:36:01.461+0000] {dag.py:3954} INFO - Setting next_dagrun for tutorial_taskflow_api to None, run_after=None
[2024-05-24T07:36:01.467+0000] {processor.py:183} INFO - Processing /home/airflow/.local/lib/python3.12/site-packages/airflow/example_dags/tutorial_taskflow_api.py took 0.025 seconds
[2024-05-24T07:36:31.928+0000] {processor.py:161} INFO - Started process (PID=13972) to work on /home/airflow/.local/lib/python3.12/site-packages/airflow/example_dags/tutorial_taskflow_api.py
[2024-05-24T07:36:31.929+0000] {processor.py:830} INFO - Processing file /home/airflow/.local/lib/python3.12/site-packages/airflow/example_dags/tutorial_taskflow_api.py for tasks to queue
[2024-05-24T07:36:31.930+0000] {logging_mixin.py:188} INFO - [2024-05-24T07:36:31.930+0000] {dagbag.py:545} INFO - Filling up the DagBag from /home/airflow/.local/lib/python3.12/site-packages/airflow/example_dags/tutorial_taskflow_api.py
[2024-05-24T07:36:31.933+0000] {processor.py:840} INFO - DAG(s) 'tutorial_taskflow_api' retrieved from /home/airflow/.local/lib/python3.12/site-packages/airflow/example_dags/tutorial_taskflow_api.py
[2024-05-24T07:36:31.940+0000] {logging_mixin.py:188} INFO - [2024-05-24T07:36:31.940+0000] {dag.py:3096} INFO - Sync 1 DAGs
[2024-05-24T07:36:31.945+0000] {logging_mixin.py:188} INFO - [2024-05-24T07:36:31.945+0000] {dag.py:3954} INFO - Setting next_dagrun for tutorial_taskflow_api to None, run_after=None
[2024-05-24T07:36:31.952+0000] {processor.py:183} INFO - Processing /home/airflow/.local/lib/python3.12/site-packages/airflow/example_dags/tutorial_taskflow_api.py took 0.026 seconds
[2024-05-24T07:37:02.284+0000] {processor.py:161} INFO - Started process (PID=14234) to work on /home/airflow/.local/lib/python3.12/site-packages/airflow/example_dags/tutorial_taskflow_api.py
[2024-05-24T07:37:02.284+0000] {processor.py:830} INFO - Processing file /home/airflow/.local/lib/python3.12/site-packages/airflow/example_dags/tutorial_taskflow_api.py for tasks to queue
[2024-05-24T07:37:02.285+0000] {logging_mixin.py:188} INFO - [2024-05-24T07:37:02.285+0000] {dagbag.py:545} INFO - Filling up the DagBag from /home/airflow/.local/lib/python3.12/site-packages/airflow/example_dags/tutorial_taskflow_api.py
[2024-05-24T07:37:02.288+0000] {processor.py:840} INFO - DAG(s) 'tutorial_taskflow_api' retrieved from /home/airflow/.local/lib/python3.12/site-packages/airflow/example_dags/tutorial_taskflow_api.py
[2024-05-24T07:37:02.296+0000] {logging_mixin.py:188} INFO - [2024-05-24T07:37:02.296+0000] {dag.py:3096} INFO - Sync 1 DAGs
[2024-05-24T07:37:02.301+0000] {logging_mixin.py:188} INFO - [2024-05-24T07:37:02.301+0000] {dag.py:3954} INFO - Setting next_dagrun for tutorial_taskflow_api to None, run_after=None
[2024-05-24T07:37:02.307+0000] {processor.py:183} INFO - Processing /home/airflow/.local/lib/python3.12/site-packages/airflow/example_dags/tutorial_taskflow_api.py took 0.026 seconds
[2024-05-24T07:37:32.759+0000] {processor.py:161} INFO - Started process (PID=14498) to work on /home/airflow/.local/lib/python3.12/site-packages/airflow/example_dags/tutorial_taskflow_api.py
[2024-05-24T07:37:32.760+0000] {processor.py:830} INFO - Processing file /home/airflow/.local/lib/python3.12/site-packages/airflow/example_dags/tutorial_taskflow_api.py for tasks to queue
[2024-05-24T07:37:32.761+0000] {logging_mixin.py:188} INFO - [2024-05-24T07:37:32.760+0000] {dagbag.py:545} INFO - Filling up the DagBag from /home/airflow/.local/lib/python3.12/site-packages/airflow/example_dags/tutorial_taskflow_api.py
[2024-05-24T07:37:32.763+0000] {processor.py:840} INFO - DAG(s) 'tutorial_taskflow_api' retrieved from /home/airflow/.local/lib/python3.12/site-packages/airflow/example_dags/tutorial_taskflow_api.py
[2024-05-24T07:37:32.770+0000] {logging_mixin.py:188} INFO - [2024-05-24T07:37:32.770+0000] {dag.py:3096} INFO - Sync 1 DAGs
[2024-05-24T07:37:32.775+0000] {logging_mixin.py:188} INFO - [2024-05-24T07:37:32.775+0000] {dag.py:3954} INFO - Setting next_dagrun for tutorial_taskflow_api to None, run_after=None
[2024-05-24T07:37:32.781+0000] {processor.py:183} INFO - Processing /home/airflow/.local/lib/python3.12/site-packages/airflow/example_dags/tutorial_taskflow_api.py took 0.024 seconds
[2024-05-24T07:38:03.175+0000] {processor.py:161} INFO - Started process (PID=14758) to work on /home/airflow/.local/lib/python3.12/site-packages/airflow/example_dags/tutorial_taskflow_api.py
[2024-05-24T07:38:03.175+0000] {processor.py:830} INFO - Processing file /home/airflow/.local/lib/python3.12/site-packages/airflow/example_dags/tutorial_taskflow_api.py for tasks to queue
[2024-05-24T07:38:03.176+0000] {logging_mixin.py:188} INFO - [2024-05-24T07:38:03.176+0000] {dagbag.py:545} INFO - Filling up the DagBag from /home/airflow/.local/lib/python3.12/site-packages/airflow/example_dags/tutorial_taskflow_api.py
[2024-05-24T07:38:03.179+0000] {processor.py:840} INFO - DAG(s) 'tutorial_taskflow_api' retrieved from /home/airflow/.local/lib/python3.12/site-packages/airflow/example_dags/tutorial_taskflow_api.py
[2024-05-24T07:38:03.186+0000] {logging_mixin.py:188} INFO - [2024-05-24T07:38:03.186+0000] {dag.py:3096} INFO - Sync 1 DAGs
[2024-05-24T07:38:03.191+0000] {logging_mixin.py:188} INFO - [2024-05-24T07:38:03.191+0000] {dag.py:3954} INFO - Setting next_dagrun for tutorial_taskflow_api to None, run_after=None
[2024-05-24T07:38:03.198+0000] {processor.py:183} INFO - Processing /home/airflow/.local/lib/python3.12/site-packages/airflow/example_dags/tutorial_taskflow_api.py took 0.026 seconds
[2024-05-24T07:38:33.512+0000] {processor.py:161} INFO - Started process (PID=15020) to work on /home/airflow/.local/lib/python3.12/site-packages/airflow/example_dags/tutorial_taskflow_api.py
[2024-05-24T07:38:33.512+0000] {processor.py:830} INFO - Processing file /home/airflow/.local/lib/python3.12/site-packages/airflow/example_dags/tutorial_taskflow_api.py for tasks to queue
[2024-05-24T07:38:33.513+0000] {logging_mixin.py:188} INFO - [2024-05-24T07:38:33.512+0000] {dagbag.py:545} INFO - Filling up the DagBag from /home/airflow/.local/lib/python3.12/site-packages/airflow/example_dags/tutorial_taskflow_api.py
[2024-05-24T07:38:33.515+0000] {processor.py:840} INFO - DAG(s) 'tutorial_taskflow_api' retrieved from /home/airflow/.local/lib/python3.12/site-packages/airflow/example_dags/tutorial_taskflow_api.py
[2024-05-24T07:38:33.523+0000] {logging_mixin.py:188} INFO - [2024-05-24T07:38:33.523+0000] {dag.py:3096} INFO - Sync 1 DAGs
[2024-05-24T07:38:33.528+0000] {logging_mixin.py:188} INFO - [2024-05-24T07:38:33.528+0000] {dag.py:3954} INFO - Setting next_dagrun for tutorial_taskflow_api to None, run_after=None
[2024-05-24T07:38:33.534+0000] {processor.py:183} INFO - Processing /home/airflow/.local/lib/python3.12/site-packages/airflow/example_dags/tutorial_taskflow_api.py took 0.025 seconds
[2024-05-24T07:39:03.849+0000] {processor.py:161} INFO - Started process (PID=15282) to work on /home/airflow/.local/lib/python3.12/site-packages/airflow/example_dags/tutorial_taskflow_api.py
[2024-05-24T07:39:03.850+0000] {processor.py:830} INFO - Processing file /home/airflow/.local/lib/python3.12/site-packages/airflow/example_dags/tutorial_taskflow_api.py for tasks to queue
[2024-05-24T07:39:03.851+0000] {logging_mixin.py:188} INFO - [2024-05-24T07:39:03.851+0000] {dagbag.py:545} INFO - Filling up the DagBag from /home/airflow/.local/lib/python3.12/site-packages/airflow/example_dags/tutorial_taskflow_api.py
[2024-05-24T07:39:03.854+0000] {processor.py:840} INFO - DAG(s) 'tutorial_taskflow_api' retrieved from /home/airflow/.local/lib/python3.12/site-packages/airflow/example_dags/tutorial_taskflow_api.py
[2024-05-24T07:39:03.863+0000] {logging_mixin.py:188} INFO - [2024-05-24T07:39:03.863+0000] {dag.py:3096} INFO - Sync 1 DAGs
[2024-05-24T07:39:03.869+0000] {logging_mixin.py:188} INFO - [2024-05-24T07:39:03.869+0000] {dag.py:3954} INFO - Setting next_dagrun for tutorial_taskflow_api to None, run_after=None
[2024-05-24T07:39:03.877+0000] {processor.py:183} INFO - Processing /home/airflow/.local/lib/python3.12/site-packages/airflow/example_dags/tutorial_taskflow_api.py took 0.031 seconds
[2024-05-24T07:39:34.192+0000] {processor.py:161} INFO - Started process (PID=15543) to work on /home/airflow/.local/lib/python3.12/site-packages/airflow/example_dags/tutorial_taskflow_api.py
[2024-05-24T07:39:34.192+0000] {processor.py:830} INFO - Processing file /home/airflow/.local/lib/python3.12/site-packages/airflow/example_dags/tutorial_taskflow_api.py for tasks to queue
[2024-05-24T07:39:34.193+0000] {logging_mixin.py:188} INFO - [2024-05-24T07:39:34.193+0000] {dagbag.py:545} INFO - Filling up the DagBag from /home/airflow/.local/lib/python3.12/site-packages/airflow/example_dags/tutorial_taskflow_api.py
[2024-05-24T07:39:34.196+0000] {processor.py:840} INFO - DAG(s) 'tutorial_taskflow_api' retrieved from /home/airflow/.local/lib/python3.12/site-packages/airflow/example_dags/tutorial_taskflow_api.py
[2024-05-24T07:39:34.204+0000] {logging_mixin.py:188} INFO - [2024-05-24T07:39:34.204+0000] {dag.py:3096} INFO - Sync 1 DAGs
[2024-05-24T07:39:34.208+0000] {logging_mixin.py:188} INFO - [2024-05-24T07:39:34.208+0000] {dag.py:3954} INFO - Setting next_dagrun for tutorial_taskflow_api to None, run_after=None
[2024-05-24T07:39:34.215+0000] {processor.py:183} INFO - Processing /home/airflow/.local/lib/python3.12/site-packages/airflow/example_dags/tutorial_taskflow_api.py took 0.025 seconds
[2024-05-24T07:40:04.679+0000] {processor.py:161} INFO - Started process (PID=15805) to work on /home/airflow/.local/lib/python3.12/site-packages/airflow/example_dags/tutorial_taskflow_api.py
[2024-05-24T07:40:04.679+0000] {processor.py:830} INFO - Processing file /home/airflow/.local/lib/python3.12/site-packages/airflow/example_dags/tutorial_taskflow_api.py for tasks to queue
[2024-05-24T07:40:04.680+0000] {logging_mixin.py:188} INFO - [2024-05-24T07:40:04.680+0000] {dagbag.py:545} INFO - Filling up the DagBag from /home/airflow/.local/lib/python3.12/site-packages/airflow/example_dags/tutorial_taskflow_api.py
[2024-05-24T07:40:04.683+0000] {processor.py:840} INFO - DAG(s) 'tutorial_taskflow_api' retrieved from /home/airflow/.local/lib/python3.12/site-packages/airflow/example_dags/tutorial_taskflow_api.py
[2024-05-24T07:40:04.691+0000] {logging_mixin.py:188} INFO - [2024-05-24T07:40:04.690+0000] {dag.py:3096} INFO - Sync 1 DAGs
[2024-05-24T07:40:04.695+0000] {logging_mixin.py:188} INFO - [2024-05-24T07:40:04.695+0000] {dag.py:3954} INFO - Setting next_dagrun for tutorial_taskflow_api to None, run_after=None
[2024-05-24T07:40:04.702+0000] {processor.py:183} INFO - Processing /home/airflow/.local/lib/python3.12/site-packages/airflow/example_dags/tutorial_taskflow_api.py took 0.026 seconds
[2024-05-24T07:40:35.136+0000] {processor.py:161} INFO - Started process (PID=16067) to work on /home/airflow/.local/lib/python3.12/site-packages/airflow/example_dags/tutorial_taskflow_api.py
[2024-05-24T07:40:35.137+0000] {processor.py:830} INFO - Processing file /home/airflow/.local/lib/python3.12/site-packages/airflow/example_dags/tutorial_taskflow_api.py for tasks to queue
[2024-05-24T07:40:35.138+0000] {logging_mixin.py:188} INFO - [2024-05-24T07:40:35.138+0000] {dagbag.py:545} INFO - Filling up the DagBag from /home/airflow/.local/lib/python3.12/site-packages/airflow/example_dags/tutorial_taskflow_api.py
[2024-05-24T07:40:35.141+0000] {processor.py:840} INFO - DAG(s) 'tutorial_taskflow_api' retrieved from /home/airflow/.local/lib/python3.12/site-packages/airflow/example_dags/tutorial_taskflow_api.py
[2024-05-24T07:40:35.149+0000] {logging_mixin.py:188} INFO - [2024-05-24T07:40:35.148+0000] {dag.py:3096} INFO - Sync 1 DAGs
[2024-05-24T07:40:35.153+0000] {logging_mixin.py:188} INFO - [2024-05-24T07:40:35.153+0000] {dag.py:3954} INFO - Setting next_dagrun for tutorial_taskflow_api to None, run_after=None
[2024-05-24T07:40:35.160+0000] {processor.py:183} INFO - Processing /home/airflow/.local/lib/python3.12/site-packages/airflow/example_dags/tutorial_taskflow_api.py took 0.026 seconds
[2024-05-24T07:41:05.500+0000] {processor.py:161} INFO - Started process (PID=16329) to work on /home/airflow/.local/lib/python3.12/site-packages/airflow/example_dags/tutorial_taskflow_api.py
[2024-05-24T07:41:05.501+0000] {processor.py:830} INFO - Processing file /home/airflow/.local/lib/python3.12/site-packages/airflow/example_dags/tutorial_taskflow_api.py for tasks to queue
[2024-05-24T07:41:05.501+0000] {logging_mixin.py:188} INFO - [2024-05-24T07:41:05.501+0000] {dagbag.py:545} INFO - Filling up the DagBag from /home/airflow/.local/lib/python3.12/site-packages/airflow/example_dags/tutorial_taskflow_api.py
[2024-05-24T07:41:05.504+0000] {processor.py:840} INFO - DAG(s) 'tutorial_taskflow_api' retrieved from /home/airflow/.local/lib/python3.12/site-packages/airflow/example_dags/tutorial_taskflow_api.py
[2024-05-24T07:41:05.512+0000] {logging_mixin.py:188} INFO - [2024-05-24T07:41:05.512+0000] {dag.py:3096} INFO - Sync 1 DAGs
[2024-05-24T07:41:05.517+0000] {logging_mixin.py:188} INFO - [2024-05-24T07:41:05.517+0000] {dag.py:3954} INFO - Setting next_dagrun for tutorial_taskflow_api to None, run_after=None
[2024-05-24T07:41:05.524+0000] {processor.py:183} INFO - Processing /home/airflow/.local/lib/python3.12/site-packages/airflow/example_dags/tutorial_taskflow_api.py took 0.026 seconds
[2024-05-24T07:41:35.830+0000] {processor.py:161} INFO - Started process (PID=16591) to work on /home/airflow/.local/lib/python3.12/site-packages/airflow/example_dags/tutorial_taskflow_api.py
[2024-05-24T07:41:35.831+0000] {processor.py:830} INFO - Processing file /home/airflow/.local/lib/python3.12/site-packages/airflow/example_dags/tutorial_taskflow_api.py for tasks to queue
[2024-05-24T07:41:35.832+0000] {logging_mixin.py:188} INFO - [2024-05-24T07:41:35.831+0000] {dagbag.py:545} INFO - Filling up the DagBag from /home/airflow/.local/lib/python3.12/site-packages/airflow/example_dags/tutorial_taskflow_api.py
[2024-05-24T07:41:35.834+0000] {processor.py:840} INFO - DAG(s) 'tutorial_taskflow_api' retrieved from /home/airflow/.local/lib/python3.12/site-packages/airflow/example_dags/tutorial_taskflow_api.py
[2024-05-24T07:41:35.842+0000] {logging_mixin.py:188} INFO - [2024-05-24T07:41:35.842+0000] {dag.py:3096} INFO - Sync 1 DAGs
[2024-05-24T07:41:35.847+0000] {logging_mixin.py:188} INFO - [2024-05-24T07:41:35.847+0000] {dag.py:3954} INFO - Setting next_dagrun for tutorial_taskflow_api to None, run_after=None
[2024-05-24T07:41:35.853+0000] {processor.py:183} INFO - Processing /home/airflow/.local/lib/python3.12/site-packages/airflow/example_dags/tutorial_taskflow_api.py took 0.026 seconds
[2024-05-24T07:42:06.197+0000] {processor.py:161} INFO - Started process (PID=16853) to work on /home/airflow/.local/lib/python3.12/site-packages/airflow/example_dags/tutorial_taskflow_api.py
[2024-05-24T07:42:06.198+0000] {processor.py:830} INFO - Processing file /home/airflow/.local/lib/python3.12/site-packages/airflow/example_dags/tutorial_taskflow_api.py for tasks to queue
[2024-05-24T07:42:06.198+0000] {logging_mixin.py:188} INFO - [2024-05-24T07:42:06.198+0000] {dagbag.py:545} INFO - Filling up the DagBag from /home/airflow/.local/lib/python3.12/site-packages/airflow/example_dags/tutorial_taskflow_api.py
[2024-05-24T07:42:06.201+0000] {processor.py:840} INFO - DAG(s) 'tutorial_taskflow_api' retrieved from /home/airflow/.local/lib/python3.12/site-packages/airflow/example_dags/tutorial_taskflow_api.py
[2024-05-24T07:42:06.209+0000] {logging_mixin.py:188} INFO - [2024-05-24T07:42:06.209+0000] {dag.py:3096} INFO - Sync 1 DAGs
[2024-05-24T07:42:06.214+0000] {logging_mixin.py:188} INFO - [2024-05-24T07:42:06.214+0000] {dag.py:3954} INFO - Setting next_dagrun for tutorial_taskflow_api to None, run_after=None
[2024-05-24T07:42:06.220+0000] {processor.py:183} INFO - Processing /home/airflow/.local/lib/python3.12/site-packages/airflow/example_dags/tutorial_taskflow_api.py took 0.026 seconds
[2024-05-24T07:42:36.645+0000] {processor.py:161} INFO - Started process (PID=17117) to work on /home/airflow/.local/lib/python3.12/site-packages/airflow/example_dags/tutorial_taskflow_api.py
[2024-05-24T07:42:36.645+0000] {processor.py:830} INFO - Processing file /home/airflow/.local/lib/python3.12/site-packages/airflow/example_dags/tutorial_taskflow_api.py for tasks to queue
[2024-05-24T07:42:36.646+0000] {logging_mixin.py:188} INFO - [2024-05-24T07:42:36.645+0000] {dagbag.py:545} INFO - Filling up the DagBag from /home/airflow/.local/lib/python3.12/site-packages/airflow/example_dags/tutorial_taskflow_api.py
[2024-05-24T07:42:36.648+0000] {processor.py:840} INFO - DAG(s) 'tutorial_taskflow_api' retrieved from /home/airflow/.local/lib/python3.12/site-packages/airflow/example_dags/tutorial_taskflow_api.py
[2024-05-24T07:42:36.655+0000] {logging_mixin.py:188} INFO - [2024-05-24T07:42:36.655+0000] {dag.py:3096} INFO - Sync 1 DAGs
[2024-05-24T07:42:36.660+0000] {logging_mixin.py:188} INFO - [2024-05-24T07:42:36.660+0000] {dag.py:3954} INFO - Setting next_dagrun for tutorial_taskflow_api to None, run_after=None
[2024-05-24T07:42:36.665+0000] {processor.py:183} INFO - Processing /home/airflow/.local/lib/python3.12/site-packages/airflow/example_dags/tutorial_taskflow_api.py took 0.023 seconds
[2024-05-24T07:43:07.036+0000] {processor.py:161} INFO - Started process (PID=17377) to work on /home/airflow/.local/lib/python3.12/site-packages/airflow/example_dags/tutorial_taskflow_api.py
[2024-05-24T07:43:07.036+0000] {processor.py:830} INFO - Processing file /home/airflow/.local/lib/python3.12/site-packages/airflow/example_dags/tutorial_taskflow_api.py for tasks to queue
[2024-05-24T07:43:07.037+0000] {logging_mixin.py:188} INFO - [2024-05-24T07:43:07.037+0000] {dagbag.py:545} INFO - Filling up the DagBag from /home/airflow/.local/lib/python3.12/site-packages/airflow/example_dags/tutorial_taskflow_api.py
[2024-05-24T07:43:07.040+0000] {processor.py:840} INFO - DAG(s) 'tutorial_taskflow_api' retrieved from /home/airflow/.local/lib/python3.12/site-packages/airflow/example_dags/tutorial_taskflow_api.py
[2024-05-24T07:43:07.047+0000] {logging_mixin.py:188} INFO - [2024-05-24T07:43:07.047+0000] {dag.py:3096} INFO - Sync 1 DAGs
[2024-05-24T07:43:07.053+0000] {logging_mixin.py:188} INFO - [2024-05-24T07:43:07.053+0000] {dag.py:3954} INFO - Setting next_dagrun for tutorial_taskflow_api to None, run_after=None
[2024-05-24T07:43:07.059+0000] {processor.py:183} INFO - Processing /home/airflow/.local/lib/python3.12/site-packages/airflow/example_dags/tutorial_taskflow_api.py took 0.026 seconds
[2024-05-24T07:43:37.387+0000] {processor.py:161} INFO - Started process (PID=17639) to work on /home/airflow/.local/lib/python3.12/site-packages/airflow/example_dags/tutorial_taskflow_api.py
[2024-05-24T07:43:37.387+0000] {processor.py:830} INFO - Processing file /home/airflow/.local/lib/python3.12/site-packages/airflow/example_dags/tutorial_taskflow_api.py for tasks to queue
[2024-05-24T07:43:37.388+0000] {logging_mixin.py:188} INFO - [2024-05-24T07:43:37.388+0000] {dagbag.py:545} INFO - Filling up the DagBag from /home/airflow/.local/lib/python3.12/site-packages/airflow/example_dags/tutorial_taskflow_api.py
[2024-05-24T07:43:37.391+0000] {processor.py:840} INFO - DAG(s) 'tutorial_taskflow_api' retrieved from /home/airflow/.local/lib/python3.12/site-packages/airflow/example_dags/tutorial_taskflow_api.py
[2024-05-24T07:43:37.399+0000] {logging_mixin.py:188} INFO - [2024-05-24T07:43:37.398+0000] {dag.py:3096} INFO - Sync 1 DAGs
[2024-05-24T07:43:37.403+0000] {logging_mixin.py:188} INFO - [2024-05-24T07:43:37.403+0000] {dag.py:3954} INFO - Setting next_dagrun for tutorial_taskflow_api to None, run_after=None
[2024-05-24T07:43:37.410+0000] {processor.py:183} INFO - Processing /home/airflow/.local/lib/python3.12/site-packages/airflow/example_dags/tutorial_taskflow_api.py took 0.026 seconds
[2024-05-24T07:44:07.734+0000] {processor.py:161} INFO - Started process (PID=17901) to work on /home/airflow/.local/lib/python3.12/site-packages/airflow/example_dags/tutorial_taskflow_api.py
[2024-05-24T07:44:07.735+0000] {processor.py:830} INFO - Processing file /home/airflow/.local/lib/python3.12/site-packages/airflow/example_dags/tutorial_taskflow_api.py for tasks to queue
[2024-05-24T07:44:07.736+0000] {logging_mixin.py:188} INFO - [2024-05-24T07:44:07.736+0000] {dagbag.py:545} INFO - Filling up the DagBag from /home/airflow/.local/lib/python3.12/site-packages/airflow/example_dags/tutorial_taskflow_api.py
[2024-05-24T07:44:07.739+0000] {processor.py:840} INFO - DAG(s) 'tutorial_taskflow_api' retrieved from /home/airflow/.local/lib/python3.12/site-packages/airflow/example_dags/tutorial_taskflow_api.py
[2024-05-24T07:44:07.746+0000] {logging_mixin.py:188} INFO - [2024-05-24T07:44:07.746+0000] {dag.py:3096} INFO - Sync 1 DAGs
[2024-05-24T07:44:07.751+0000] {logging_mixin.py:188} INFO - [2024-05-24T07:44:07.751+0000] {dag.py:3954} INFO - Setting next_dagrun for tutorial_taskflow_api to None, run_after=None
[2024-05-24T07:44:07.757+0000] {processor.py:183} INFO - Processing /home/airflow/.local/lib/python3.12/site-packages/airflow/example_dags/tutorial_taskflow_api.py took 0.025 seconds
[2024-05-24T07:44:38.050+0000] {processor.py:161} INFO - Started process (PID=18163) to work on /home/airflow/.local/lib/python3.12/site-packages/airflow/example_dags/tutorial_taskflow_api.py
[2024-05-24T07:44:38.050+0000] {processor.py:830} INFO - Processing file /home/airflow/.local/lib/python3.12/site-packages/airflow/example_dags/tutorial_taskflow_api.py for tasks to queue
[2024-05-24T07:44:38.051+0000] {logging_mixin.py:188} INFO - [2024-05-24T07:44:38.051+0000] {dagbag.py:545} INFO - Filling up the DagBag from /home/airflow/.local/lib/python3.12/site-packages/airflow/example_dags/tutorial_taskflow_api.py
[2024-05-24T07:44:38.054+0000] {processor.py:840} INFO - DAG(s) 'tutorial_taskflow_api' retrieved from /home/airflow/.local/lib/python3.12/site-packages/airflow/example_dags/tutorial_taskflow_api.py
[2024-05-24T07:44:38.061+0000] {logging_mixin.py:188} INFO - [2024-05-24T07:44:38.061+0000] {dag.py:3096} INFO - Sync 1 DAGs
[2024-05-24T07:44:38.066+0000] {logging_mixin.py:188} INFO - [2024-05-24T07:44:38.066+0000] {dag.py:3954} INFO - Setting next_dagrun for tutorial_taskflow_api to None, run_after=None
[2024-05-24T07:44:38.072+0000] {processor.py:183} INFO - Processing /home/airflow/.local/lib/python3.12/site-packages/airflow/example_dags/tutorial_taskflow_api.py took 0.025 seconds
