[2024-05-24T08:54:17.134+0000] {local_task_job_runner.py:120} INFO - ::group::Pre task execution logs
[2024-05-24T08:54:17.151+0000] {taskinstance.py:2076} INFO - Dependencies all met for dep_context=non-requeueable deps ti=<TaskInstance: our_first_dag_v4.first_task scheduled__2024-05-16T00:00:00+00:00 [queued]>
[2024-05-24T08:54:17.156+0000] {taskinstance.py:2076} INFO - Dependencies all met for dep_context=requeueable deps ti=<TaskInstance: our_first_dag_v4.first_task scheduled__2024-05-16T00:00:00+00:00 [queued]>
[2024-05-24T08:54:17.156+0000] {taskinstance.py:2306} INFO - Starting attempt 1 of 6
[2024-05-24T08:54:17.164+0000] {taskinstance.py:2330} INFO - Executing <Task(BashOperator): first_task> on 2024-05-16 00:00:00+00:00
[2024-05-24T08:54:17.167+0000] {logging_mixin.py:188} WARNING - /home/***/.local/lib/python3.12/site-packages/***/task/task_runner/standard_task_runner.py:61 DeprecationWarning: This process (pid=2099) is multi-threaded, use of fork() may lead to deadlocks in the child.
[2024-05-24T08:54:17.168+0000] {standard_task_runner.py:63} INFO - Started process 2106 to run task
[2024-05-24T08:54:17.168+0000] {standard_task_runner.py:90} INFO - Running: ['***', 'tasks', 'run', 'our_first_dag_v4', 'first_task', 'scheduled__2024-05-16T00:00:00+00:00', '--job-id', '94', '--raw', '--subdir', 'DAGS_FOLDER/our_first_dag.py', '--cfg-path', '/tmp/tmpfqwofo5g']
[2024-05-24T08:54:17.169+0000] {standard_task_runner.py:91} INFO - Job 94: Subtask first_task
[2024-05-24T08:54:17.195+0000] {task_command.py:426} INFO - Running <TaskInstance: our_first_dag_v4.first_task scheduled__2024-05-16T00:00:00+00:00 [running]> on host 6bbd6353fbe6
[2024-05-24T08:54:17.245+0000] {taskinstance.py:2648} INFO - Exporting env vars: AIRFLOW_CTX_DAG_OWNER='gauti' AIRFLOW_CTX_DAG_ID='our_first_dag_v4' AIRFLOW_CTX_TASK_ID='first_task' AIRFLOW_CTX_EXECUTION_DATE='2024-05-16T00:00:00+00:00' AIRFLOW_CTX_TRY_NUMBER='1' AIRFLOW_CTX_DAG_RUN_ID='scheduled__2024-05-16T00:00:00+00:00'
[2024-05-24T08:54:17.249+0000] {taskinstance.py:430} INFO - ::endgroup::
[2024-05-24T08:54:17.256+0000] {subprocess.py:63} INFO - Tmp dir root location: /tmp
[2024-05-24T08:54:17.257+0000] {subprocess.py:75} INFO - Running command: ['/usr/bin/bash', '-c', 'echo hello everyone, this is our first task!!!']
[2024-05-24T08:54:17.263+0000] {subprocess.py:86} INFO - Output:
[2024-05-24T08:54:17.266+0000] {subprocess.py:93} INFO - hello everyone, this is our first task!!!
[2024-05-24T08:54:17.267+0000] {subprocess.py:97} INFO - Command exited with return code 0
[2024-05-24T08:54:17.268+0000] {taskinstance.py:441} INFO - ::group::Post task execution logs
[2024-05-24T08:54:17.292+0000] {taskinstance.py:1206} INFO - Marking task as SUCCESS. dag_id=our_first_dag_v4, task_id=first_task, run_id=scheduled__2024-05-16T00:00:00+00:00, execution_date=20240516T000000, start_date=20240524T085417, end_date=20240524T085417
[2024-05-24T08:54:17.309+0000] {local_task_job_runner.py:240} INFO - Task exited with return code 0
[2024-05-24T08:54:17.325+0000] {taskinstance.py:3498} INFO - 2 downstream tasks scheduled from follow-on schedule check
[2024-05-24T08:54:17.328+0000] {local_task_job_runner.py:222} INFO - ::endgroup::
